11.8142 	WARNING 	Font Manager failed to load file /System/Library/PrivateFrameworks/FontServices.framework/Resources/Reserved/PingFangUI.ttc
14.5363 	DEBUG 	Fullscreen settings ignored as running in pilot mode.
14.5369 	INFO 	Loaded monitor calibration from ['2022_04_19 09:31']
14.5371 	WARNING 	This monitor has not been color-calibrated. Using default DKL conversion matrix.
14.6253 	WARNING 	This monitor has not been color-calibrated. Using default DKL conversion matrix.
14.6254 	WARNING 	This monitor has not been color-calibrated. Using default DKL conversion matrix.
14.6864 	EXP 	Created window1 = Window(allowGUI=False, allowStencil=False, autoLog=True, backendConf=UNKNOWN, backgroundFit=<method-wrapper '__getattribute__' of attributeSetter object at 0x17ce76890>, backgroundImage=<method-wrapper '__getattribute__' of attributeSetter object at 0x17ce76a40>, bitsMode=UNKNOWN, blendMode='avg', bpc=(8, 8, 8), color=array([0, 0, 0]), colorSpace='dkl', depthBits=8, fullscr=False, gamma=None, gammaErrorPolicy='raise', infoMsg=UNKNOWN, lms=UNKNOWN, monitor=<psychopy.monitors.calibTools.Monitor object at 0x17cf109d0>, multiSample=False, name='window1', numSamples=2, pos=[560.0, 240.0], screen=0, size=array([1600, 1200]), stencilBits=0, stereo=False, title='PsychoPy', units='height', useFBO=True, useRetina=True, viewOri=0.0, viewPos=None, viewScale=None, waitBlanking=True, winType='pyglet')
14.6864 	EXP 	window1: backgroundImage = ''
14.6864 	EXP 	window1: backgroundFit = 'none'
14.6941 	DEBUG 	TextBox2 loaded 1 chars with 0 blanks and 1 valid
14.6946 	DEBUG 	TextBox2 loaded 1 chars with 0 blanks and 1 valid
14.6950 	DEBUG 	TextBox2 loaded 1 chars with 0 blanks and 1 valid
14.6956 	DEBUG 	TextBox2 loaded 1 chars with 0 blanks and 1 valid
14.6961 	DEBUG 	TextBox2 loaded 1 chars with 0 blanks and 1 valid
14.6963 	DEBUG 	TextBox2 loaded 1 chars with 0 blanks and 1 valid
14.6967 	DEBUG 	TextBox2 loaded 1 chars with 0 blanks and 1 valid
14.6973 	DEBUG 	TextBox2 loaded 1 chars with 0 blanks and 1 valid
14.6974 	DEBUG 	TextBox2 loaded 1 chars with 0 blanks and 1 valid
14.6976 	DEBUG 	TextBox2 loaded 1 chars with 0 blanks and 1 valid
14.6980 	DEBUG 	TextBox2 loaded 1 chars with 0 blanks and 1 valid
14.6984 	DEBUG 	TextBox2 loaded 1 chars with 0 blanks and 1 valid
14.6988 	DEBUG 	TextBox2 loaded 1 chars with 0 blanks and 1 valid
14.6992 	DEBUG 	TextBox2 loaded 1 chars with 0 blanks and 1 valid
14.6995 	DEBUG 	TextBox2 loaded 1 chars with 0 blanks and 1 valid
14.6999 	DEBUG 	TextBox2 loaded 1 chars with 0 blanks and 1 valid
14.7004 	DEBUG 	TextBox2 loaded 1 chars with 0 blanks and 1 valid
14.7006 	DEBUG 	TextBox2 loaded 1 chars with 0 blanks and 1 valid
14.7008 	DEBUG 	TextBox2 loaded 1 chars with 0 blanks and 1 valid
14.7014 	DEBUG 	TextBox2 loaded 1 chars with 0 blanks and 1 valid
14.7016 	DEBUG 	TextBox2 loaded 1 chars with 0 blanks and 1 valid
14.7019 	DEBUG 	Uploading Texture Font fontname to graphics card
14.7052 	DEBUG 	Upload of Texture Font fontname complete
14.7097 	DEBUG 	TextBox2 loaded 1 chars with 0 blanks and 1 valid
14.7103 	DEBUG 	TextBox2 loaded 1 chars with 0 blanks and 1 valid
14.7109 	DEBUG 	TextBox2 loaded 1 chars with 0 blanks and 1 valid
14.7110 	DEBUG 	Uploading Texture Font fontname to graphics card
14.7128 	DEBUG 	Upload of Texture Font fontname complete
14.7142 	EXP 	window1: Attempting to measure frame rate of screen (0) ...
14.7142 	EXP 	window1: recordFrameIntervals = False
14.8305 	EXP 	window1: recordFrameIntervals = True
15.6640 	WARNING 	Couldn't measure a consistent frame rate!
  - Is your graphics card set to sync to vertical blank?
  - Are you running other processes on your computer?

15.6680 	DEBUG 	TextBox2 loaded 1 chars with 0 blanks and 1 valid
15.6683 	DEBUG 	TextBox2 loaded 1 chars with 0 blanks and 1 valid
15.6688 	DEBUG 	TextBox2 loaded 1 chars with 0 blanks and 1 valid
15.6694 	DEBUG 	TextBox2 loaded 1 chars with 0 blanks and 1 valid
15.6699 	DEBUG 	TextBox2 loaded 1 chars with 0 blanks and 1 valid
15.6705 	DEBUG 	TextBox2 loaded 1 chars with 0 blanks and 1 valid
15.6708 	DEBUG 	TextBox2 loaded 1 chars with 0 blanks and 1 valid
15.6713 	DEBUG 	TextBox2 loaded 1 chars with 0 blanks and 1 valid
15.6719 	DEBUG 	TextBox2 loaded 1 chars with 0 blanks and 1 valid
15.6724 	DEBUG 	TextBox2 loaded 1 chars with 0 blanks and 1 valid
15.6727 	DEBUG 	Uploading Texture Font fontname to graphics card
15.6744 	DEBUG 	Upload of Texture Font fontname complete
15.6862 	WARNING 	launchHubServer: If using the iohub mouse or eyetracker devices, fullScr should be True.
22.3911 	INFO 	keyboard.Keyboard is using iohub backend.
22.3911 	INFO 	keyboard.Keyboard is using iohub backend.
22.3911 	INFO 	keyboard.Keyboard is using iohub backend.
22.3911 	INFO 	keyboard.Keyboard is using iohub backend.
22.3912 	INFO 	keyboard.Keyboard is using iohub backend.
22.3912 	EXP 	resting_state_demo: status = STARTED
22.4392 	EXP 	Created text_welcome = TextStim(__class__=<class 'psychopy.visual.text.TextStim'>, alignHoriz=method-wrapper(...), alignText='center', alignVert=method-wrapper(...), anchorHoriz='center', anchorVert='center', antialias=True, autoDraw=False, autoLog=True, bold=False, color=array([1., 1., 1.]), colorSpace='rgb', contrast=1.0, depth=0.0, draggable=False, flipHoriz=False, flipVert=False, font='Heiti SC', fontFiles=[], height=0.05, italic=False, languageStyle='LTR', name='text_welcome', opacity=1, ori=0.0, pos=array([0., 0.]), rgb=UNKNOWN, text=str(...), units='height', win=Window(...), wrapWidth=50.0)
22.4418 	EXP 	Created text_refresh = TextStim(__class__=<class 'psychopy.visual.text.TextStim'>, alignHoriz=method-wrapper(...), alignText='center', alignVert=method-wrapper(...), anchorHoriz='center', anchorVert='center', antialias=True, autoDraw=False, autoLog=True, bold=False, color=array([1., 1., 1.]), colorSpace='rgb', contrast=1.0, depth=0.0, draggable=False, flipHoriz=False, flipVert=False, font='Arial', fontFiles=[], height=0.05, italic=False, languageStyle='LTR', name='text_refresh', opacity=1, ori=0.0, pos=array([0., 0.]), rgb=UNKNOWN, text='', units='height', win=Window(...), wrapWidth=1)
22.4505 	EXP 	Created rate_emotion_prompt = TextStim(__class__=<class 'psychopy.visual.text.TextStim'>, alignHoriz=method-wrapper(...), alignText='center', alignVert=method-wrapper(...), anchorHoriz='center', anchorVert='center', antialias=True, autoDraw=False, autoLog=True, bold=False, color=array([1., 1., 1.]), colorSpace='rgb', contrast=1.0, depth=0.0, draggable=False, flipHoriz=False, flipVert=False, font='Arial', fontFiles=[], height=0.05, italic=False, languageStyle='LTR', name='rate_emotion_prompt', opacity=1, ori=0.0, pos=array([0. , 0.2]), rgb=UNKNOWN, text=str(...), units='height', win=Window(...), wrapWidth=1)
22.4685 	DEBUG 	TextBox2 loaded 1 chars with 0 blanks and 1 valid
22.4689 	DEBUG 	TextBox2 loaded 1 chars with 0 blanks and 1 valid
22.4693 	DEBUG 	TextBox2 loaded 1 chars with 0 blanks and 1 valid
22.4697 	DEBUG 	TextBox2 loaded 1 chars with 0 blanks and 1 valid
22.4700 	DEBUG 	TextBox2 loaded 1 chars with 0 blanks and 1 valid
22.4702 	DEBUG 	TextBox2 loaded 1 chars with 0 blanks and 1 valid
22.4705 	DEBUG 	TextBox2 loaded 1 chars with 0 blanks and 1 valid
22.4709 	DEBUG 	TextBox2 loaded 1 chars with 0 blanks and 1 valid
22.4711 	DEBUG 	TextBox2 loaded 1 chars with 0 blanks and 1 valid
22.4715 	DEBUG 	TextBox2 loaded 1 chars with 0 blanks and 1 valid
22.4719 	DEBUG 	TextBox2 loaded 1 chars with 0 blanks and 1 valid
22.4723 	DEBUG 	TextBox2 loaded 1 chars with 0 blanks and 1 valid
22.4726 	DEBUG 	Uploading Texture Font fontname to graphics card
22.4753 	DEBUG 	Upload of Texture Font fontname complete
22.4792 	DEBUG 	TextBox2 loaded 1 chars with 0 blanks and 1 valid
22.4796 	DEBUG 	TextBox2 loaded 1 chars with 0 blanks and 1 valid
22.4797 	DEBUG 	Uploading Texture Font fontname to graphics card
22.4814 	DEBUG 	Upload of Texture Font fontname complete
22.5022 	DEBUG 	TextBox2 loaded 1 chars with 0 blanks and 1 valid
22.5026 	DEBUG 	TextBox2 loaded 1 chars with 0 blanks and 1 valid
22.5027 	DEBUG 	Uploading Texture Font fontname to graphics card
22.5045 	DEBUG 	Upload of Texture Font fontname complete
22.5516 	EXP 	Created slider_emotion = Slider(__class__=<class 'psychopy.visual.slider.Slider'>, autoDraw=False, autoLog=True, borderColor=None, color=None, colorSpace='rgb', depth=-1, fillColor=None, flip=False, font='Arial', granularity=1.0, labelColor=None, labelHeight=0.035, labelWrapWidth=None, labels=list(...), lineColor=None, markerColor=None, name='slider_emotion', opacity=None, ori=0.0, pos=array([ 0. , -0.1]), readOnly=False, self=UNKNOWN, size=array([1. , 0.1]), startValue=5, style='rating', styleTweaks=[], ticks=array([1, 2, 3, 4, 5, 6, 7, 8, 9]), units='height', win=Window(...))
22.5524 	EXP 	Created text_refresh = TextStim(__class__=<class 'psychopy.visual.text.TextStim'>, alignHoriz=method-wrapper(...), alignText='center', alignVert=method-wrapper(...), anchorHoriz='center', anchorVert='center', antialias=True, autoDraw=False, autoLog=True, bold=False, color=array([1., 1., 1.]), colorSpace='rgb', contrast=1.0, depth=0.0, draggable=False, flipHoriz=False, flipVert=False, font='Arial', fontFiles=[], height=0.05, italic=False, languageStyle='LTR', name='text_refresh', opacity=1, ori=0.0, pos=array([0., 0.]), rgb=UNKNOWN, text='', units='height', win=Window(...), wrapWidth=1)
22.5555 	EXP 	Created wait4trigger_text = TextStim(__class__=<class 'psychopy.visual.text.TextStim'>, alignHoriz=method-wrapper(...), alignText='center', alignVert=method-wrapper(...), anchorHoriz='center', anchorVert='center', antialias=True, autoDraw=False, autoLog=True, bold=False, color=array([1., 1., 1.]), colorSpace='rgb', contrast=1.0, depth=0.0, draggable=False, flipHoriz=False, flipVert=False, font='Arial', fontFiles=[], height=0.05, italic=False, languageStyle='LTR', name='wait4trigger_text', opacity=1, ori=0.0, pos=array([0., 0.]), rgb=UNKNOWN, text='Please wait for the scan to start.', units='height', win=Window(...), wrapWidth=1)
22.5571 	EXP 	Created fake_stimulus_text = TextStim(__class__=<class 'psychopy.visual.text.TextStim'>, alignHoriz=method-wrapper(...), alignText='center', alignVert=method-wrapper(...), anchorHoriz='center', anchorVert='center', antialias=True, autoDraw=False, autoLog=True, bold=False, color=array([1., 1., 1.]), colorSpace='rgb', contrast=1.0, depth=0.0, draggable=False, flipHoriz=False, flipVert=False, font='Arial', fontFiles=[], height=0.05, italic=False, languageStyle='LTR', name='fake_stimulus_text', opacity=1, ori=0.0, pos=array([0., 0.]), rgb=UNKNOWN, text='Please wait for the scan to start.', units='height', win=Window(...), wrapWidth=1)
22.5598 	EXP 	Created fixation = TextStim(__class__=<class 'psychopy.visual.text.TextStim'>, alignHoriz=method-wrapper(...), alignText='center', alignVert=method-wrapper(...), anchorHoriz='center', anchorVert='center', antialias=True, autoDraw=False, autoLog=True, bold=False, color=array([1., 1., 1.]), colorSpace='rgb', contrast=1.0, depth=0.0, draggable=False, flipHoriz=False, flipVert=False, font='Arial', fontFiles=[], height=0.4, italic=False, languageStyle='LTR', name='fixation', opacity=1, ori=0.0, pos=array([0., 0.]), rgb=UNKNOWN, text='+', units='height', win=Window(...), wrapWidth=1)
22.5604 	EXP 	Created text_refresh = TextStim(__class__=<class 'psychopy.visual.text.TextStim'>, alignHoriz=method-wrapper(...), alignText='center', alignVert=method-wrapper(...), anchorHoriz='center', anchorVert='center', antialias=True, autoDraw=False, autoLog=True, bold=False, color=array([1., 1., 1.]), colorSpace='rgb', contrast=1.0, depth=0.0, draggable=False, flipHoriz=False, flipVert=False, font='Arial', fontFiles=[], height=0.05, italic=False, languageStyle='LTR', name='text_refresh', opacity=1, ori=0.0, pos=array([0., 0.]), rgb=UNKNOWN, text='', units='height', win=Window(...), wrapWidth=1)
22.5648 	EXP 	Created rate_emotion_prompt = TextStim(__class__=<class 'psychopy.visual.text.TextStim'>, alignHoriz=method-wrapper(...), alignText='center', alignVert=method-wrapper(...), anchorHoriz='center', anchorVert='center', antialias=True, autoDraw=False, autoLog=True, bold=False, color=array([1., 1., 1.]), colorSpace='rgb', contrast=1.0, depth=0.0, draggable=False, flipHoriz=False, flipVert=False, font='Arial', fontFiles=[], height=0.05, italic=False, languageStyle='LTR', name='rate_emotion_prompt', opacity=1, ori=0.0, pos=array([0. , 0.2]), rgb=UNKNOWN, text=str(...), units='height', win=Window(...), wrapWidth=1)
22.6380 	EXP 	Created slider_emotion = Slider(__class__=<class 'psychopy.visual.slider.Slider'>, autoDraw=False, autoLog=True, borderColor=None, color=None, colorSpace='rgb', depth=-1, fillColor=None, flip=False, font='Arial', granularity=1.0, labelColor=None, labelHeight=0.035, labelWrapWidth=None, labels=list(...), lineColor=None, markerColor=None, name='slider_emotion', opacity=None, ori=0.0, pos=array([ 0. , -0.1]), readOnly=False, self=UNKNOWN, size=array([1. , 0.1]), startValue=5, style='rating', styleTweaks=[], ticks=array([1, 2, 3, 4, 5, 6, 7, 8, 9]), units='height', win=Window(...))
22.6389 	EXP 	Created text_refresh = TextStim(__class__=<class 'psychopy.visual.text.TextStim'>, alignHoriz=method-wrapper(...), alignText='center', alignVert=method-wrapper(...), anchorHoriz='center', anchorVert='center', antialias=True, autoDraw=False, autoLog=True, bold=False, color=array([1., 1., 1.]), colorSpace='rgb', contrast=1.0, depth=0.0, draggable=False, flipHoriz=False, flipVert=False, font='Arial', fontFiles=[], height=0.05, italic=False, languageStyle='LTR', name='text_refresh', opacity=1, ori=0.0, pos=array([0., 0.]), rgb=UNKNOWN, text='', units='height', win=Window(...), wrapWidth=1)
22.6427 	EXP 	Created main_body_questionnaire = TextStim(__class__=<class 'psychopy.visual.text.TextStim'>, alignHoriz=method-wrapper(...), alignText='center', alignVert=method-wrapper(...), anchorHoriz='center', anchorVert='center', antialias=True, autoDraw=False, autoLog=True, bold=False, color=array([1., 1., 1.]), colorSpace='rgb', contrast=1.0, depth=0.0, draggable=False, flipHoriz=False, flipVert=False, font='Arial', fontFiles=[], height=0.05, italic=False, languageStyle='LTR', name='main_body_questionnaire', opacity=1, ori=0.0, pos=array([0. , 0.3]), rgb=UNKNOWN, text='During the MRI my thoughts:', units='height', win=Window(...), wrapWidth=1)
22.6431 	EXP 	Created item_text = TextStim(__class__=<class 'psychopy.visual.text.TextStim'>, alignHoriz=method-wrapper(...), alignText='center', alignVert=method-wrapper(...), anchorHoriz='center', anchorVert='center', antialias=True, autoDraw=False, autoLog=True, bold=False, color=array([1., 1., 1.]), colorSpace='rgb', contrast=1.0, depth=-1.0, draggable=False, flipHoriz=False, flipVert=False, font='Arial', fontFiles=[], height=0.05, italic=False, languageStyle='LTR', name='item_text', opacity=1, ori=0.0, pos=array([0. , 0.1]), rgb=UNKNOWN, text='', units='height', win=Window(...), wrapWidth=1)
22.6716 	DEBUG 	TextBox2 loaded 1 chars with 0 blanks and 1 valid
22.6721 	DEBUG 	TextBox2 loaded 1 chars with 0 blanks and 1 valid
22.6725 	DEBUG 	TextBox2 loaded 1 chars with 0 blanks and 1 valid
22.6729 	DEBUG 	TextBox2 loaded 1 chars with 0 blanks and 1 valid
22.6730 	DEBUG 	Uploading Texture Font fontname to graphics card
22.6748 	DEBUG 	Upload of Texture Font fontname complete
22.6982 	DEBUG 	TextBox2 loaded 1 chars with 0 blanks and 1 valid
22.6983 	DEBUG 	Uploading Texture Font fontname to graphics card
22.7001 	DEBUG 	Upload of Texture Font fontname complete
22.7211 	EXP 	Created slider_thinking_content = Slider(__class__=<class 'psychopy.visual.slider.Slider'>, autoDraw=False, autoLog=True, borderColor=None, color=None, colorSpace='rgb', depth=-2, fillColor=None, flip=False, font='Arial', granularity=1.0, labelColor=None, labelHeight=0.035, labelWrapWidth=None, labels=list(...), lineColor=None, markerColor=None, name='slider_thinking_content', opacity=None, ori=0.0, pos=array([ 0. , -0.1]), readOnly=False, self=UNKNOWN, size=array([1. , 0.1]), startValue=5, style='rating', styleTweaks=[], ticks=array([1, 2, 3, 4, 5, 6, 7, 8, 9]), units='height', win=Window(...))
22.7219 	EXP 	Created text_refresh = TextStim(__class__=<class 'psychopy.visual.text.TextStim'>, alignHoriz=method-wrapper(...), alignText='center', alignVert=method-wrapper(...), anchorHoriz='center', anchorVert='center', antialias=True, autoDraw=False, autoLog=True, bold=False, color=array([1., 1., 1.]), colorSpace='rgb', contrast=1.0, depth=0.0, draggable=False, flipHoriz=False, flipVert=False, font='Arial', fontFiles=[], height=0.05, italic=False, languageStyle='LTR', name='text_refresh', opacity=1, ori=0.0, pos=array([0., 0.]), rgb=UNKNOWN, text='', units='height', win=Window(...), wrapWidth=1)
22.7278 	EXP 	Created goodbye_text = TextStim(__class__=<class 'psychopy.visual.text.TextStim'>, alignHoriz=method-wrapper(...), alignText='center', alignVert=method-wrapper(...), anchorHoriz='center', anchorVert='center', antialias=True, autoDraw=False, autoLog=True, bold=False, color=array([1., 1., 1.]), colorSpace='rgb', contrast=1.0, depth=0.0, draggable=False, flipHoriz=False, flipVert=False, font='Arial', fontFiles=[], height=0.05, italic=False, languageStyle='LTR', name='goodbye_text', opacity=1, ori=0.0, pos=array([0., 0.]), rgb=UNKNOWN, text=str(...), units='height', win=Window(...), wrapWidth=1)
0.0073 	EXP 	slider_emotion: autoLog = True
0.0073 	EXP 	slider_emotion: styleTweaks = []
0.0073 	EXP 	slider_emotion: styleTweaks = []
0.0073 	EXP 	slider_emotion: styleTweaks = []
0.0073 	EXP 	slider_emotion: styleTweaks = []
0.0073 	EXP 	slider_emotion: contrast = 1.0
0.0073 	EXP 	slider_emotion: markerPos = 5
0.0073 	EXP 	slider_emotion: autoLog = True
0.0073 	EXP 	slider_emotion: autoLog = True
0.0073 	EXP 	slider_emotion: styleTweaks = []
0.0073 	EXP 	slider_emotion: styleTweaks = []
0.0073 	EXP 	slider_emotion: styleTweaks = []
0.0073 	EXP 	slider_emotion: styleTweaks = []
0.0073 	EXP 	slider_emotion: contrast = 1.0
0.0073 	EXP 	slider_emotion: markerPos = 5
0.0073 	EXP 	slider_emotion: autoLog = True
0.0073 	EXP 	slider_thinking_content: autoLog = True
0.0073 	EXP 	slider_thinking_content: styleTweaks = []
0.0073 	EXP 	slider_thinking_content: styleTweaks = []
0.0073 	EXP 	slider_thinking_content: styleTweaks = []
0.0073 	EXP 	slider_thinking_content: styleTweaks = []
0.0073 	EXP 	slider_thinking_content: contrast = 1.0
0.0073 	EXP 	slider_thinking_content: markerPos = 5
0.0073 	EXP 	slider_thinking_content: autoLog = True
0.0198 	INFO 	Keyboard events cleared
0.0194 	EXP 	text_welcome: autoDraw = True
0.5952 	WARNING 	t of last frame was 22.43ms (=1/44)
7.5499 	DATA 	Keypress: escape
7.5522 	WARNING 	t of last frame was 31.85ms (=1/31)
7.6058 	EXP 	resting_state_demo: status = STOPPED
7.6079 	EXP 	text_welcome: autoDraw = False
7.6090 	EXP 	resting_state_demo: status = STOPPED
7.6106 	INFO 	saved data to '/Users/Chenxiao/Documents/project_codes/RST_Chinese_beta/data/999_resting_state_demo_2025-06-10_17h10.54.554.csv'
7.6108 	INFO 	saved data to /Users/Chenxiao/Documents/project_codes/RST_Chinese_beta/data/999_resting_state_demo_2025-06-10_17h10.54.554.psydat
8.1485 	DEBUG 	Saving data for resting_state_demo ExperimentHandler
