11.4573 	WARNING 	Font Manager failed to load file /System/Library/PrivateFrameworks/FontServices.framework/Resources/Reserved/PingFangUI.ttc
15.5954 	DEBUG 	Fullscreen settings ignored as running in pilot mode.
15.5965 	INFO 	Loaded monitor calibration from ['2022_04_19 09:31']
15.5968 	WARNING 	This monitor has not been color-calibrated. Using default DKL conversion matrix.
15.6892 	WARNING 	This monitor has not been color-calibrated. Using default DKL conversion matrix.
15.6894 	WARNING 	This monitor has not been color-calibrated. Using default DKL conversion matrix.
15.7408 	EXP 	Created window1 = Window(allowGUI=False, allowStencil=False, autoLog=True, backendConf=UNKNOWN, backgroundFit=<method-wrapper '__getattribute__' of attributeSetter object at 0x17ec9ada0>, backgroundImage=<method-wrapper '__getattribute__' of attributeSetter object at 0x17ec9ae00>, bitsMode=UNKNOWN, blendMode='avg', bpc=(8, 8, 8), color=array([0, 0, 0]), colorSpace='dkl', depthBits=8, fullscr=False, gamma=None, gammaErrorPolicy='raise', infoMsg=UNKNOWN, lms=UNKNOWN, monitor=<psychopy.monitors.calibTools.Monitor object at 0x17e1dc430>, multiSample=False, name='window1', numSamples=2, pos=[560.0, 240.0], screen=0, size=array([1600, 1200]), stencilBits=0, stereo=False, title='PsychoPy', units='height', useFBO=True, useRetina=True, viewOri=0.0, viewPos=None, viewScale=None, waitBlanking=True, winType='pyglet')
15.7409 	EXP 	window1: backgroundImage = ''
15.7409 	EXP 	window1: backgroundFit = 'none'
15.7486 	DEBUG 	TextBox2 loaded 1 chars with 0 blanks and 1 valid
15.7491 	DEBUG 	TextBox2 loaded 1 chars with 0 blanks and 1 valid
15.7495 	DEBUG 	TextBox2 loaded 1 chars with 0 blanks and 1 valid
15.7500 	DEBUG 	TextBox2 loaded 1 chars with 0 blanks and 1 valid
15.7505 	DEBUG 	TextBox2 loaded 1 chars with 0 blanks and 1 valid
15.7507 	DEBUG 	TextBox2 loaded 1 chars with 0 blanks and 1 valid
15.7511 	DEBUG 	TextBox2 loaded 1 chars with 0 blanks and 1 valid
15.7516 	DEBUG 	TextBox2 loaded 1 chars with 0 blanks and 1 valid
15.7517 	DEBUG 	TextBox2 loaded 1 chars with 0 blanks and 1 valid
15.7519 	DEBUG 	TextBox2 loaded 1 chars with 0 blanks and 1 valid
15.7523 	DEBUG 	TextBox2 loaded 1 chars with 0 blanks and 1 valid
15.7526 	DEBUG 	TextBox2 loaded 1 chars with 0 blanks and 1 valid
15.7530 	DEBUG 	TextBox2 loaded 1 chars with 0 blanks and 1 valid
15.7534 	DEBUG 	TextBox2 loaded 1 chars with 0 blanks and 1 valid
15.7537 	DEBUG 	TextBox2 loaded 1 chars with 0 blanks and 1 valid
15.7542 	DEBUG 	TextBox2 loaded 1 chars with 0 blanks and 1 valid
15.7546 	DEBUG 	TextBox2 loaded 1 chars with 0 blanks and 1 valid
15.7548 	DEBUG 	TextBox2 loaded 1 chars with 0 blanks and 1 valid
15.7550 	DEBUG 	TextBox2 loaded 1 chars with 0 blanks and 1 valid
15.7556 	DEBUG 	TextBox2 loaded 1 chars with 0 blanks and 1 valid
15.7558 	DEBUG 	TextBox2 loaded 1 chars with 0 blanks and 1 valid
15.7560 	DEBUG 	Uploading Texture Font fontname to graphics card
15.7592 	DEBUG 	Upload of Texture Font fontname complete
15.7633 	DEBUG 	TextBox2 loaded 1 chars with 0 blanks and 1 valid
15.7640 	DEBUG 	TextBox2 loaded 1 chars with 0 blanks and 1 valid
15.7647 	DEBUG 	TextBox2 loaded 1 chars with 0 blanks and 1 valid
15.7648 	DEBUG 	Uploading Texture Font fontname to graphics card
15.7665 	DEBUG 	Upload of Texture Font fontname complete
15.7677 	EXP 	window1: Attempting to measure frame rate of screen (0) ...
15.7677 	EXP 	window1: recordFrameIntervals = False
15.8978 	EXP 	window1: recordFrameIntervals = True
16.7480 	WARNING 	Couldn't measure a consistent frame rate!
  - Is your graphics card set to sync to vertical blank?
  - Are you running other processes on your computer?

16.7548 	DEBUG 	TextBox2 loaded 1 chars with 0 blanks and 1 valid
16.7553 	DEBUG 	TextBox2 loaded 1 chars with 0 blanks and 1 valid
16.7561 	DEBUG 	TextBox2 loaded 1 chars with 0 blanks and 1 valid
16.7572 	DEBUG 	TextBox2 loaded 1 chars with 0 blanks and 1 valid
16.7582 	DEBUG 	TextBox2 loaded 1 chars with 0 blanks and 1 valid
16.7592 	DEBUG 	TextBox2 loaded 1 chars with 0 blanks and 1 valid
16.7596 	DEBUG 	TextBox2 loaded 1 chars with 0 blanks and 1 valid
16.7604 	DEBUG 	TextBox2 loaded 1 chars with 0 blanks and 1 valid
16.7613 	DEBUG 	TextBox2 loaded 1 chars with 0 blanks and 1 valid
16.7621 	DEBUG 	TextBox2 loaded 1 chars with 0 blanks and 1 valid
16.7623 	DEBUG 	Uploading Texture Font fontname to graphics card
16.7648 	DEBUG 	Upload of Texture Font fontname complete
16.7803 	WARNING 	launchHubServer: If using the iohub mouse or eyetracker devices, fullScr should be True.
19.1932 	INFO 	keyboard.Keyboard is using iohub backend.
19.1933 	INFO 	keyboard.Keyboard is using iohub backend.
19.1933 	INFO 	keyboard.Keyboard is using iohub backend.
19.1933 	INFO 	keyboard.Keyboard is using iohub backend.
19.1933 	INFO 	keyboard.Keyboard is using iohub backend.
19.1933 	EXP 	distraction_demo: status = STARTED
19.2656 	EXP 	Created image_dis_instruct = ImageStim(__class__=<class 'psychopy.visual.image.ImageStim'>, anchor=('center', 'center'), autoLog=True, color=array([1., 1., 1.]), colorSpace='rgb', contrast=1.0, depth=0.0, draggable=False, flipHoriz=False, flipVert=False, image='stimuli/dis_instruct.png', interpolate=True, mask=None, maskParams=None, name='image_dis_instruct', opacity=1, ori=0.0, pos=array([0., 0.]), size=array([1.1  , 0.825]), texRes=128.0, units='height', win=Window(...))
19.2799 	EXP 	Created text_refresh = TextStim(__class__=<class 'psychopy.visual.text.TextStim'>, alignHoriz=method-wrapper(...), alignText='center', alignVert=method-wrapper(...), anchorHoriz='center', anchorVert='center', antialias=True, autoDraw=False, autoLog=True, bold=False, color=array([1., 1., 1.]), colorSpace='rgb', contrast=1.0, depth=0.0, draggable=False, flipHoriz=False, flipVert=False, font='Arial', fontFiles=[], height=0.05, italic=False, languageStyle='LTR', name='text_refresh', opacity=1, ori=0.0, pos=array([0., 0.]), rgb=UNKNOWN, text='', units='height', win=Window(...), wrapWidth=1)
19.2946 	EXP 	Created wait4trigger_text = TextStim(__class__=<class 'psychopy.visual.text.TextStim'>, alignHoriz=method-wrapper(...), alignText='center', alignVert=method-wrapper(...), anchorHoriz='center', anchorVert='center', antialias=True, autoDraw=False, autoLog=True, bold=False, color=array([1., 1., 1.]), colorSpace='rgb', contrast=1.0, depth=0.0, draggable=False, flipHoriz=False, flipVert=False, font='Noto Sans SC', fontFiles=[], height=0.05, italic=False, languageStyle='LTR', name='wait4trigger_text', opacity=1, ori=0.0, pos=array([0., 0.]), rgb=UNKNOWN, text='即将开始，请等待。', units='height', win=Window(...), wrapWidth=1)
19.2956 	EXP 	Created fake_stimulus_text = TextStim(__class__=<class 'psychopy.visual.text.TextStim'>, alignHoriz=method-wrapper(...), alignText='center', alignVert=method-wrapper(...), anchorHoriz='center', anchorVert='center', antialias=True, autoDraw=False, autoLog=True, bold=False, color=array([1., 1., 1.]), colorSpace='rgb', contrast=1.0, depth=0.0, draggable=False, flipHoriz=False, flipVert=False, font='Noto Sans SC', fontFiles=[], height=0.05, italic=False, languageStyle='LTR', name='fake_stimulus_text', opacity=1, ori=0.0, pos=array([0., 0.]), rgb=UNKNOWN, text='即将开始，请等待。', units='height', win=Window(...), wrapWidth=1)
19.2991 	EXP 	Created image_dis = ImageStim(__class__=<class 'psychopy.visual.image.ImageStim'>, anchor=('center', 'center'), autoLog=True, color=array([1., 1., 1.]), colorSpace='rgb', contrast=1.0, depth=0.0, draggable=False, flipHoriz=False, flipVert=False, image='default.png', interpolate=True, mask=None, maskParams=None, name='image_dis', opacity=1, ori=0.0, pos=array([0., 0.]), size=array([1.1  , 0.825]), texRes=128.0, units='height', win=Window(...))
19.2996 	EXP 	Created text_refresh = TextStim(__class__=<class 'psychopy.visual.text.TextStim'>, alignHoriz=method-wrapper(...), alignText='center', alignVert=method-wrapper(...), anchorHoriz='center', anchorVert='center', antialias=True, autoDraw=False, autoLog=True, bold=False, color=array([1., 1., 1.]), colorSpace='rgb', contrast=1.0, depth=0.0, draggable=False, flipHoriz=False, flipVert=False, font='Arial', fontFiles=[], height=0.05, italic=False, languageStyle='LTR', name='text_refresh', opacity=1, ori=0.0, pos=array([0., 0.]), rgb=UNKNOWN, text='', units='height', win=Window(...), wrapWidth=1)
19.3045 	EXP 	Created rate_emotion_prompt = TextStim(__class__=<class 'psychopy.visual.text.TextStim'>, alignHoriz=method-wrapper(...), alignText='center', alignVert=method-wrapper(...), anchorHoriz='center', anchorVert='center', antialias=True, autoDraw=False, autoLog=True, bold=False, color=array([1., 1., 1.]), colorSpace='rgb', contrast=1.0, depth=0.0, draggable=False, flipHoriz=False, flipVert=False, font='Noto Sans SC', fontFiles=[], height=0.05, italic=False, languageStyle='LTR', name='rate_emotion_prompt', opacity=1, ori=0.0, pos=array([0. , 0.2]), rgb=UNKNOWN, text='请使用数字描述您目前的情绪状态：', units='height', win=Window(...), wrapWidth=1)
19.3258 	DEBUG 	TextBox2 loaded 1 chars with 0 blanks and 1 valid
19.3269 	DEBUG 	TextBox2 loaded 1 chars with 0 blanks and 1 valid
19.3279 	DEBUG 	TextBox2 loaded 1 chars with 0 blanks and 1 valid
19.3283 	DEBUG 	TextBox2 loaded 1 chars with 0 blanks and 1 valid
19.3296 	DEBUG 	TextBox2 loaded 1 chars with 0 blanks and 1 valid
19.3307 	DEBUG 	TextBox2 loaded 1 chars with 0 blanks and 1 valid
19.3308 	DEBUG 	Uploading Texture Font fontname to graphics card
19.3330 	DEBUG 	Upload of Texture Font fontname complete
19.3362 	DEBUG 	TextBox2 loaded 1 chars with 0 blanks and 1 valid
19.3369 	DEBUG 	TextBox2 loaded 1 chars with 0 blanks and 1 valid
19.3376 	DEBUG 	TextBox2 loaded 1 chars with 0 blanks and 1 valid
19.3382 	DEBUG 	TextBox2 loaded 1 chars with 0 blanks and 1 valid
19.3385 	DEBUG 	TextBox2 loaded 1 chars with 0 blanks and 1 valid
19.3393 	DEBUG 	TextBox2 loaded 1 chars with 0 blanks and 1 valid
19.3399 	DEBUG 	TextBox2 loaded 1 chars with 0 blanks and 1 valid
19.3404 	DEBUG 	TextBox2 loaded 1 chars with 0 blanks and 1 valid
19.3408 	DEBUG 	TextBox2 loaded 1 chars with 0 blanks and 1 valid
19.3410 	DEBUG 	Uploading Texture Font fontname to graphics card
19.3425 	DEBUG 	Upload of Texture Font fontname complete
19.3601 	DEBUG 	TextBox2 loaded 1 chars with 0 blanks and 1 valid
19.3612 	DEBUG 	TextBox2 loaded 1 chars with 0 blanks and 1 valid
19.3613 	DEBUG 	Uploading Texture Font fontname to graphics card
19.3629 	DEBUG 	Upload of Texture Font fontname complete
19.4012 	EXP 	Created slider_emotion = Slider(__class__=<class 'psychopy.visual.slider.Slider'>, autoDraw=False, autoLog=True, borderColor=None, color=None, colorSpace='rgb', depth=-1, fillColor=None, flip=False, font='Noto Sans SC', granularity=1.0, labelColor=None, labelHeight=0.04, labelWrapWidth=None, labels=['非常不高兴', '', '', '', '平静', '', '', '', '非常高兴'], lineColor=None, markerColor=None, name='slider_emotion', opacity=None, ori=0.0, pos=array([ 0. , -0.1]), readOnly=False, self=UNKNOWN, size=array([1. , 0.1]), startValue=5, style='rating', styleTweaks=[], ticks=array([1, 2, 3, 4, 5, 6, 7, 8, 9]), units='height', win=Window(...))
19.4018 	EXP 	Created text_refresh = TextStim(__class__=<class 'psychopy.visual.text.TextStim'>, alignHoriz=method-wrapper(...), alignText='center', alignVert=method-wrapper(...), anchorHoriz='center', anchorVert='center', antialias=True, autoDraw=False, autoLog=True, bold=False, color=array([1., 1., 1.]), colorSpace='rgb', contrast=1.0, depth=0.0, draggable=False, flipHoriz=False, flipVert=False, font='Arial', fontFiles=[], height=0.05, italic=False, languageStyle='LTR', name='text_refresh', opacity=1, ori=0.0, pos=array([0., 0.]), rgb=UNKNOWN, text='', units='height', win=Window(...), wrapWidth=1)
19.4082 	EXP 	Created main_body_questionnaire = TextStim(__class__=<class 'psychopy.visual.text.TextStim'>, alignHoriz=method-wrapper(...), alignText='center', alignVert=method-wrapper(...), anchorHoriz='center', anchorVert='center', antialias=True, autoDraw=False, autoLog=True, bold=False, color=array([1., 1., 1.]), colorSpace='rgb', contrast=1.0, depth=0.0, draggable=False, flipHoriz=False, flipVert=False, font='Arial', fontFiles=[], height=0.05, italic=False, languageStyle='LTR', name='main_body_questionnaire', opacity=1, ori=0.0, pos=array([0. , 0.3]), rgb=UNKNOWN, text='During the MRI my thoughts:', units='height', win=Window(...), wrapWidth=1)
19.4086 	EXP 	Created item_text = TextStim(__class__=<class 'psychopy.visual.text.TextStim'>, alignHoriz=method-wrapper(...), alignText='center', alignVert=method-wrapper(...), anchorHoriz='center', anchorVert='center', antialias=True, autoDraw=False, autoLog=True, bold=False, color=array([1., 1., 1.]), colorSpace='rgb', contrast=1.0, depth=-1.0, draggable=False, flipHoriz=False, flipVert=False, font='Arial', fontFiles=[], height=0.05, italic=False, languageStyle='LTR', name='item_text', opacity=1, ori=0.0, pos=array([0. , 0.1]), rgb=UNKNOWN, text='', units='height', win=Window(...), wrapWidth=1)
19.4142 	DEBUG 	TextBox2 loaded 1 chars with 0 blanks and 1 valid
19.4146 	DEBUG 	TextBox2 loaded 1 chars with 0 blanks and 1 valid
19.4150 	DEBUG 	TextBox2 loaded 1 chars with 0 blanks and 1 valid
19.4153 	DEBUG 	TextBox2 loaded 1 chars with 0 blanks and 1 valid
19.4154 	DEBUG 	Uploading Texture Font fontname to graphics card
19.4176 	DEBUG 	Upload of Texture Font fontname complete
19.4205 	DEBUG 	TextBox2 loaded 1 chars with 0 blanks and 1 valid
19.4209 	DEBUG 	TextBox2 loaded 1 chars with 0 blanks and 1 valid
19.4213 	DEBUG 	TextBox2 loaded 1 chars with 0 blanks and 1 valid
19.4215 	DEBUG 	TextBox2 loaded 1 chars with 0 blanks and 1 valid
19.4217 	DEBUG 	TextBox2 loaded 1 chars with 0 blanks and 1 valid
19.4220 	DEBUG 	TextBox2 loaded 1 chars with 0 blanks and 1 valid
19.4223 	DEBUG 	TextBox2 loaded 1 chars with 0 blanks and 1 valid
19.4225 	DEBUG 	TextBox2 loaded 1 chars with 0 blanks and 1 valid
19.4226 	DEBUG 	Uploading Texture Font fontname to graphics card
19.4241 	DEBUG 	Upload of Texture Font fontname complete
19.4414 	DEBUG 	TextBox2 loaded 1 chars with 0 blanks and 1 valid
19.4418 	DEBUG 	TextBox2 loaded 1 chars with 0 blanks and 1 valid
19.4422 	DEBUG 	TextBox2 loaded 1 chars with 0 blanks and 1 valid
19.4425 	DEBUG 	TextBox2 loaded 1 chars with 0 blanks and 1 valid
19.4428 	DEBUG 	TextBox2 loaded 1 chars with 0 blanks and 1 valid
19.4429 	DEBUG 	Uploading Texture Font fontname to graphics card
19.4444 	DEBUG 	Upload of Texture Font fontname complete
19.4634 	DEBUG 	TextBox2 loaded 1 chars with 0 blanks and 1 valid
19.4637 	DEBUG 	TextBox2 loaded 1 chars with 0 blanks and 1 valid
19.4641 	DEBUG 	TextBox2 loaded 1 chars with 0 blanks and 1 valid
19.4642 	DEBUG 	Uploading Texture Font fontname to graphics card
19.4657 	DEBUG 	Upload of Texture Font fontname complete
19.4844 	EXP 	Created slider_thinking_content = Slider(__class__=<class 'psychopy.visual.slider.Slider'>, autoDraw=False, autoLog=True, borderColor=None, color=None, colorSpace='rgb', depth=-2, fillColor=None, flip=False, font='Arial', granularity=1.0, labelColor=None, labelHeight=0.035, labelWrapWidth=None, labels=list(...), lineColor=None, markerColor=None, name='slider_thinking_content', opacity=None, ori=0.0, pos=array([ 0. , -0.1]), readOnly=False, self=UNKNOWN, size=array([1. , 0.1]), startValue=5, style='rating', styleTweaks=[], ticks=array([1, 2, 3, 4, 5, 6, 7, 8, 9]), units='height', win=Window(...))
19.4850 	EXP 	Created text_refresh = TextStim(__class__=<class 'psychopy.visual.text.TextStim'>, alignHoriz=method-wrapper(...), alignText='center', alignVert=method-wrapper(...), anchorHoriz='center', anchorVert='center', antialias=True, autoDraw=False, autoLog=True, bold=False, color=array([1., 1., 1.]), colorSpace='rgb', contrast=1.0, depth=0.0, draggable=False, flipHoriz=False, flipVert=False, font='Arial', fontFiles=[], height=0.05, italic=False, languageStyle='LTR', name='text_refresh', opacity=1, ori=0.0, pos=array([0., 0.]), rgb=UNKNOWN, text='', units='height', win=Window(...), wrapWidth=1)
19.4885 	EXP 	Created goodbye_text = TextStim(__class__=<class 'psychopy.visual.text.TextStim'>, alignHoriz=method-wrapper(...), alignText='center', alignVert=method-wrapper(...), anchorHoriz='center', anchorVert='center', antialias=True, autoDraw=False, autoLog=True, bold=False, color=array([1., 1., 1.]), colorSpace='rgb', contrast=1.0, depth=0.0, draggable=False, flipHoriz=False, flipVert=False, font='Noto Sans SC', fontFiles=[], height=0.05, italic=False, languageStyle='LTR', name='goodbye_text', opacity=1, ori=0.0, pos=array([0., 0.]), rgb=UNKNOWN, text='本阶段结束，请等待下一阶段的扫描。\n\n', units='height', win=Window(...), wrapWidth=1)
0.0047 	EXP 	slider_emotion: autoLog = True
0.0047 	EXP 	slider_emotion: styleTweaks = []
0.0047 	EXP 	slider_emotion: styleTweaks = []
0.0047 	EXP 	slider_emotion: styleTweaks = []
0.0047 	EXP 	slider_emotion: styleTweaks = []
0.0047 	EXP 	slider_emotion: contrast = 1.0
0.0047 	EXP 	slider_emotion: markerPos = 5
0.0047 	EXP 	slider_emotion: autoLog = True
0.0047 	EXP 	slider_thinking_content: autoLog = True
0.0047 	EXP 	slider_thinking_content: styleTweaks = []
0.0047 	EXP 	slider_thinking_content: styleTweaks = []
0.0047 	EXP 	slider_thinking_content: styleTweaks = []
0.0047 	EXP 	slider_thinking_content: styleTweaks = []
0.0047 	EXP 	slider_thinking_content: contrast = 1.0
0.0047 	EXP 	slider_thinking_content: markerPos = 5
0.0047 	EXP 	slider_thinking_content: autoLog = True
0.0154 	INFO 	Keyboard events cleared
0.0151 	EXP 	image_dis_instruct: autoDraw = True
2.4636 	WARNING 	t of last frame was 20.65ms (=1/48)
2.4636 	EXP 	image_dis_instruct: autoDraw = False
2.4636 	EXP 	text_refresh: autoDraw = True
2.4727 	DATA 	Keypress: k
2.7596 	EXP 	text_refresh: autoDraw = False
2.7596 	EXP 	text_refresh: autoDraw = False
2.7596 	EXP 	wait4trigger_text: autoDraw = True
3.7470 	EXP 	wait4trigger_text: autoDraw = False
3.7470 	EXP 	wait4trigger_text: autoDraw = False
3.7470 	EXP 	fake_stimulus_text: autoDraw = True
5.7349 	DEBUG 	Read excel file with openpyxl: dis_prompt_image.xlsx
5.7351 	EXP 	Imported dis_prompt_image.xlsx as conditions, 4 conditions, 2 params
5.7356 	EXP 	New trial (rep=0, index=0): <Trial 0 (0 in rep 0) data={'prompt_number': 1, 'prompt_image': 'stimuli/dis_prompt_1.png', 'thisN': 0, 'thisTrialN': 0, 'thisRepN': 0}>
5.7872 	WARNING 	t of last frame was 57.76ms (=1/17)
5.7872 	EXP 	fake_stimulus_text: autoDraw = False
5.7872 	EXP 	fake_stimulus_text: autoDraw = False
5.7872 	EXP 	image_dis: image = 'stimuli/dis_prompt_1.png'
5.7872 	EXP 	image_dis: autoDraw = True
10.7612 	EXP 	New trial (rep=0, index=1): <Trial 1 (1 in rep 0) data={'prompt_number': 3, 'prompt_image': 'stimuli/dis_prompt_3.png', 'thisN': 1, 'thisTrialN': 1, 'thisRepN': 0}>
10.8135 	WARNING 	t of last frame was 53.43ms (=1/18)
10.8135 	EXP 	image_dis: autoDraw = False
10.8135 	EXP 	image_dis: image = 'stimuli/dis_prompt_3.png'
10.8135 	EXP 	image_dis: autoDraw = True
15.7618 	EXP 	New trial (rep=0, index=2): <Trial 2 (2 in rep 0) data={'prompt_number': 4, 'prompt_image': 'stimuli/dis_prompt_4.png', 'thisN': 2, 'thisTrialN': 2, 'thisRepN': 0}>
15.8094 	WARNING 	t of last frame was 48.71ms (=1/20)
15.8094 	EXP 	image_dis: autoDraw = False
15.8094 	EXP 	image_dis: image = 'stimuli/dis_prompt_4.png'
15.8094 	EXP 	image_dis: autoDraw = True
20.7618 	EXP 	New trial (rep=0, index=3): <Trial 3 (3 in rep 0) data={'prompt_number': 2, 'prompt_image': 'stimuli/dis_prompt_2.png', 'thisN': 3, 'thisTrialN': 3, 'thisRepN': 0}>
20.8148 	WARNING 	Multiple dropped frames have occurred - I'll stop bothering you about them!
20.8148 	EXP 	image_dis: autoDraw = False
20.8148 	EXP 	image_dis: image = 'stimuli/dis_prompt_2.png'
20.8148 	EXP 	image_dis: autoDraw = True
25.7650 	EXP 	image_dis: autoDraw = False
25.7650 	EXP 	text_refresh: autoDraw = True
26.0659 	INFO 	Keyboard events cleared
26.0656 	EXP 	text_refresh: autoDraw = False
26.0656 	EXP 	text_refresh: autoDraw = False
26.0656 	EXP 	slider_emotion: markerPos = None
26.0656 	EXP 	slider_emotion: markerPos = 5
26.0656 	EXP 	slider_emotion: markerPos = 5
26.0656 	EXP 	rate_emotion_prompt: autoDraw = True
26.0656 	EXP 	slider_emotion: autoDraw = True
27.2847 	DATA 	Keypress: a
27.2943 	EXP 	slider_emotion: markerPos = 4.0
27.4544 	DATA 	Keypress: a
27.4645 	EXP 	slider_emotion: markerPos = 3.0
28.0946 	EXP 	rate_emotion_prompt: autoDraw = False
28.0946 	EXP 	slider_emotion: autoDraw = False
28.0946 	EXP 	text_refresh: autoDraw = True
28.0964 	DATA 	Keypress: l
28.3826 	DEBUG 	Read excel file with openpyxl: think_content_condition.xlsx
28.3829 	EXP 	Imported think_content_condition.xlsx as conditions, 10 conditions, 2 params
28.3831 	EXP 	New trial (rep=0, index=0): <Trial 0 (0 in rep 0) data={'item': '是关于过去的事情', 'number': 1, 'thisN': 0, 'thisTrialN': 0, 'thisRepN': 0}>
28.4010 	INFO 	Keyboard events cleared
28.4007 	EXP 	text_refresh: autoDraw = False
28.4007 	EXP 	text_refresh: autoDraw = False
28.4007 	EXP 	item_text: height = 0.05
28.4007 	EXP 	item_text: height = 0.05
28.4007 	EXP 	item_text: height = 0.05
28.4007 	EXP 	item_text: text = '是关于过去的事情'
28.4007 	EXP 	slider_thinking_content: markerPos = None
28.4007 	EXP 	slider_thinking_content: markerPos = 5
28.4007 	EXP 	slider_thinking_content: markerPos = 5
28.4007 	EXP 	main_body_questionnaire: autoDraw = True
28.4007 	EXP 	item_text: autoDraw = True
28.4007 	EXP 	slider_thinking_content: autoDraw = True
28.6145 	EXP 	main_body_questionnaire: autoDraw = False
28.6145 	EXP 	item_text: autoDraw = False
28.6145 	EXP 	slider_thinking_content: autoDraw = False
28.6145 	EXP 	text_refresh: autoDraw = True
28.6164 	DATA 	Keypress: s
28.8305 	DATA 	Keypress: s
28.8990 	EXP 	New trial (rep=0, index=1): <Trial 1 (1 in rep 0) data={'item': '是关于将来的事情', 'number': 2, 'thisN': 1, 'thisTrialN': 1, 'thisRepN': 0}>
28.9113 	INFO 	Keyboard events cleared
28.9111 	EXP 	text_refresh: autoDraw = False
28.9111 	EXP 	text_refresh: autoDraw = False
28.9111 	EXP 	item_text: height = 0.05
28.9111 	EXP 	item_text: height = 0.05
28.9111 	EXP 	item_text: height = 0.05
28.9111 	EXP 	item_text: text = '是关于将来的事情'
28.9111 	EXP 	slider_thinking_content: markerPos = None
28.9111 	EXP 	slider_thinking_content: markerPos = 5
28.9111 	EXP 	slider_thinking_content: markerPos = 5
28.9111 	EXP 	main_body_questionnaire: autoDraw = True
28.9111 	EXP 	item_text: autoDraw = True
28.9111 	EXP 	slider_thinking_content: autoDraw = True
30.7633 	DATA 	Keypress: a
30.7679 	EXP 	main_body_questionnaire: autoDraw = False
30.7679 	EXP 	item_text: autoDraw = False
30.7679 	EXP 	slider_thinking_content: autoDraw = False
30.7679 	EXP 	text_refresh: autoDraw = True
31.0628 	EXP 	New trial (rep=0, index=2): <Trial 2 (2 in rep 0) data={'item': '是关于我自己的', 'number': 3, 'thisN': 2, 'thisTrialN': 2, 'thisRepN': 0}>
31.0756 	INFO 	Keyboard events cleared
31.0754 	EXP 	text_refresh: autoDraw = False
31.0754 	EXP 	text_refresh: autoDraw = False
31.0754 	EXP 	item_text: height = 0.05
31.0754 	EXP 	item_text: height = 0.05
31.0754 	EXP 	item_text: height = 0.05
31.0754 	EXP 	item_text: text = '是关于我自己的'
31.0754 	EXP 	slider_thinking_content: markerPos = None
31.0754 	EXP 	slider_thinking_content: markerPos = 5
31.0754 	EXP 	slider_thinking_content: markerPos = 5
31.0754 	EXP 	main_body_questionnaire: autoDraw = True
31.0754 	EXP 	item_text: autoDraw = True
31.0754 	EXP 	slider_thinking_content: autoDraw = True
32.3448 	EXP 	main_body_questionnaire: autoDraw = False
32.3448 	EXP 	item_text: autoDraw = False
32.3448 	EXP 	slider_thinking_content: autoDraw = False
32.3448 	EXP 	text_refresh: autoDraw = True
32.3472 	DATA 	Keypress: a
32.6298 	EXP 	New trial (rep=0, index=3): <Trial 3 (3 in rep 0) data={'item': '是关于他人的', 'number': 4, 'thisN': 3, 'thisTrialN': 3, 'thisRepN': 0}>
32.6427 	INFO 	Keyboard events cleared
32.6425 	EXP 	text_refresh: autoDraw = False
32.6425 	EXP 	text_refresh: autoDraw = False
32.6425 	EXP 	item_text: height = 0.05
32.6425 	EXP 	item_text: height = 0.05
32.6425 	EXP 	item_text: height = 0.05
32.6425 	EXP 	item_text: text = '是关于他人的'
32.6425 	EXP 	slider_thinking_content: markerPos = None
32.6425 	EXP 	slider_thinking_content: markerPos = 5
32.6425 	EXP 	slider_thinking_content: markerPos = 5
32.6425 	EXP 	main_body_questionnaire: autoDraw = True
32.6425 	EXP 	item_text: autoDraw = True
32.6425 	EXP 	slider_thinking_content: autoDraw = True
32.9512 	DATA 	Keypress: s
32.9617 	EXP 	main_body_questionnaire: autoDraw = False
32.9617 	EXP 	item_text: autoDraw = False
32.9617 	EXP 	slider_thinking_content: autoDraw = False
32.9617 	EXP 	text_refresh: autoDraw = True
33.2466 	EXP 	New trial (rep=0, index=4): <Trial 4 (4 in rep 0) data={'item': '是正性的、积极的事件', 'number': 5, 'thisN': 4, 'thisTrialN': 4, 'thisRepN': 0}>
33.2608 	INFO 	Keyboard events cleared
33.2606 	EXP 	text_refresh: autoDraw = False
33.2606 	EXP 	text_refresh: autoDraw = False
33.2606 	EXP 	item_text: height = 0.05
33.2606 	EXP 	item_text: height = 0.05
33.2606 	EXP 	item_text: height = 0.05
33.2606 	EXP 	item_text: text = '是正性的、积极的事件'
33.2606 	EXP 	slider_thinking_content: markerPos = None
33.2606 	EXP 	slider_thinking_content: markerPos = 5
33.2606 	EXP 	slider_thinking_content: markerPos = 5
33.2606 	EXP 	main_body_questionnaire: autoDraw = True
33.2606 	EXP 	item_text: autoDraw = True
33.2606 	EXP 	slider_thinking_content: autoDraw = True
33.5366 	DATA 	Keypress: a
33.5451 	EXP 	main_body_questionnaire: autoDraw = False
33.5451 	EXP 	item_text: autoDraw = False
33.5451 	EXP 	slider_thinking_content: autoDraw = False
33.5451 	EXP 	text_refresh: autoDraw = True
33.8297 	EXP 	New trial (rep=0, index=5): <Trial 5 (5 in rep 0) data={'item': '是负性的、消极的事件', 'number': 6, 'thisN': 5, 'thisTrialN': 5, 'thisRepN': 0}>
33.8429 	INFO 	Keyboard events cleared
33.8427 	EXP 	text_refresh: autoDraw = False
33.8427 	EXP 	text_refresh: autoDraw = False
33.8427 	EXP 	item_text: height = 0.05
33.8427 	EXP 	item_text: height = 0.05
33.8427 	EXP 	item_text: height = 0.05
33.8427 	EXP 	item_text: text = '是负性的、消极的事件'
33.8427 	EXP 	slider_thinking_content: markerPos = None
33.8427 	EXP 	slider_thinking_content: markerPos = 5
33.8427 	EXP 	slider_thinking_content: markerPos = 5
33.8427 	EXP 	main_body_questionnaire: autoDraw = True
33.8427 	EXP 	item_text: autoDraw = True
33.8427 	EXP 	slider_thinking_content: autoDraw = True
34.0181 	DATA 	Keypress: a
34.0284 	EXP 	main_body_questionnaire: autoDraw = False
34.0284 	EXP 	item_text: autoDraw = False
34.0284 	EXP 	slider_thinking_content: autoDraw = False
34.0284 	EXP 	text_refresh: autoDraw = True
34.3132 	EXP 	New trial (rep=0, index=6): <Trial 6 (6 in rep 0) data={'item': '是以图像或意象的形式进行思维', 'number': 7, 'thisN': 6, 'thisTrialN': 6, 'thisRepN': 0}>
34.3291 	INFO 	Keyboard events cleared
34.3289 	EXP 	text_refresh: autoDraw = False
34.3289 	EXP 	text_refresh: autoDraw = False
34.3289 	EXP 	item_text: height = 0.05
34.3289 	EXP 	item_text: height = 0.05
34.3289 	EXP 	item_text: height = 0.05
34.3289 	EXP 	item_text: text = '是以图像或意象的形式进行思维'
34.3289 	EXP 	slider_thinking_content: markerPos = None
34.3289 	EXP 	slider_thinking_content: markerPos = 5
34.3289 	EXP 	slider_thinking_content: markerPos = 5
34.3289 	EXP 	main_body_questionnaire: autoDraw = True
34.3289 	EXP 	item_text: autoDraw = True
34.3289 	EXP 	slider_thinking_content: autoDraw = True
34.5416 	DATA 	Keypress: a
34.5484 	EXP 	main_body_questionnaire: autoDraw = False
34.5484 	EXP 	item_text: autoDraw = False
34.5484 	EXP 	slider_thinking_content: autoDraw = False
34.5484 	EXP 	text_refresh: autoDraw = True
34.8328 	EXP 	New trial (rep=0, index=7): <Trial 7 (7 in rep 0) data={'item': '是以内部言语的形式进行思维', 'number': 8, 'thisN': 7, 'thisTrialN': 7, 'thisRepN': 0}>
34.8483 	INFO 	Keyboard events cleared
34.8482 	EXP 	text_refresh: autoDraw = False
34.8482 	EXP 	text_refresh: autoDraw = False
34.8482 	EXP 	item_text: height = 0.05
34.8482 	EXP 	item_text: height = 0.05
34.8482 	EXP 	item_text: height = 0.05
34.8482 	EXP 	item_text: text = '是以内部言语的形式进行思维'
34.8482 	EXP 	slider_thinking_content: markerPos = None
34.8482 	EXP 	slider_thinking_content: markerPos = 5
34.8482 	EXP 	slider_thinking_content: markerPos = 5
34.8482 	EXP 	main_body_questionnaire: autoDraw = True
34.8482 	EXP 	item_text: autoDraw = True
34.8482 	EXP 	slider_thinking_content: autoDraw = True
34.9317 	EXP 	main_body_questionnaire: autoDraw = False
34.9317 	EXP 	item_text: autoDraw = False
34.9317 	EXP 	slider_thinking_content: autoDraw = False
34.9317 	EXP 	text_refresh: autoDraw = True
34.9337 	DATA 	Keypress: a
35.2165 	EXP 	New trial (rep=0, index=8): <Trial 8 (8 in rep 0) data={'item': '让我感到开心', 'number': 9, 'thisN': 8, 'thisTrialN': 8, 'thisRepN': 0}>
35.2320 	INFO 	Keyboard events cleared
35.2318 	EXP 	text_refresh: autoDraw = False
35.2318 	EXP 	text_refresh: autoDraw = False
35.2318 	EXP 	item_text: height = 0.05
35.2318 	EXP 	item_text: height = 0.05
35.2318 	EXP 	item_text: height = 0.05
35.2318 	EXP 	item_text: text = '让我感到开心'
35.2318 	EXP 	slider_thinking_content: markerPos = None
35.2318 	EXP 	slider_thinking_content: markerPos = 5
35.2318 	EXP 	slider_thinking_content: markerPos = 5
35.2318 	EXP 	main_body_questionnaire: autoDraw = True
35.2318 	EXP 	item_text: autoDraw = True
35.2318 	EXP 	slider_thinking_content: autoDraw = True
35.4557 	DATA 	Keypress: a
35.4618 	EXP 	main_body_questionnaire: autoDraw = False
35.4618 	EXP 	item_text: autoDraw = False
35.4618 	EXP 	slider_thinking_content: autoDraw = False
35.4618 	EXP 	text_refresh: autoDraw = True
35.7467 	EXP 	New trial (rep=0, index=9): <Trial 9 (9 in rep 0) data={'item': '让我感到悲伤', 'number': 10, 'thisN': 9, 'thisTrialN': 9, 'thisRepN': 0}>
35.7602 	INFO 	Keyboard events cleared
35.7599 	EXP 	text_refresh: autoDraw = False
35.7599 	EXP 	text_refresh: autoDraw = False
35.7599 	EXP 	item_text: height = 0.05
35.7599 	EXP 	item_text: height = 0.05
35.7599 	EXP 	item_text: height = 0.05
35.7599 	EXP 	item_text: text = '让我感到悲伤'
35.7599 	EXP 	slider_thinking_content: markerPos = None
35.7599 	EXP 	slider_thinking_content: markerPos = 5
35.7599 	EXP 	slider_thinking_content: markerPos = 5
35.7599 	EXP 	main_body_questionnaire: autoDraw = True
35.7599 	EXP 	item_text: autoDraw = True
35.7599 	EXP 	slider_thinking_content: autoDraw = True
35.9516 	DATA 	Keypress: a
35.9618 	EXP 	main_body_questionnaire: autoDraw = False
35.9618 	EXP 	item_text: autoDraw = False
35.9618 	EXP 	slider_thinking_content: autoDraw = False
35.9618 	EXP 	text_refresh: autoDraw = True
36.2490 	INFO 	Keyboard events cleared
36.2489 	EXP 	text_refresh: autoDraw = False
36.2489 	EXP 	text_refresh: autoDraw = False
36.2489 	EXP 	goodbye_text: autoDraw = True
36.4833 	DATA 	Keypress: a
36.4855 	EXP 	goodbye_text: autoDraw = False
36.4867 	EXP 	distraction_demo: status = STOPPED
36.4916 	INFO 	saved data to '/Users/Chenxiao/Documents/project_codes/RST_Chinese_beta/data/999_distraction_demo_2025-06-16_17h29.24.564.csv'
36.4922 	INFO 	saved data to /Users/Chenxiao/Documents/project_codes/RST_Chinese_beta/data/999_distraction_demo_2025-06-16_17h29.24.564.psydat
36.6655 	DEBUG 	Saving data for distraction_demo ExperimentHandler
