10.5724 	WARNING 	Font Manager failed to load file /System/Library/PrivateFrameworks/FontServices.framework/Resources/Reserved/PingFangUI.ttc
13.5017 	DEBUG 	Fullscreen settings ignored as running in pilot mode.
13.5027 	INFO 	Loaded monitor calibration from ['2022_04_19 09:31']
13.5030 	WARNING 	This monitor has not been color-calibrated. Using default DKL conversion matrix.
13.5904 	WARNING 	This monitor has not been color-calibrated. Using default DKL conversion matrix.
13.5906 	WARNING 	This monitor has not been color-calibrated. Using default DKL conversion matrix.
13.6489 	EXP 	Created window1 = Window(allowGUI=False, allowStencil=False, autoLog=True, backendConf=UNKNOWN, backgroundFit=<method-wrapper '__getattribute__' of attributeSetter object at 0x180d12f50>, backgroundImage=<method-wrapper '__getattribute__' of attributeSetter object at 0x180d12fb0>, bitsMode=UNKNOWN, blendMode='avg', bpc=(8, 8, 8), color=array([0, 0, 0]), colorSpace='dkl', depthBits=8, fullscr=False, gamma=None, gammaErrorPolicy='raise', infoMsg=UNKNOWN, lms=UNKNOWN, monitor=<psychopy.monitors.calibTools.Monitor object at 0x180da8280>, multiSample=False, name='window1', numSamples=2, pos=[560.0, 240.0], screen=0, size=array([1600, 1200]), stencilBits=0, stereo=False, title='PsychoPy', units='height', useFBO=True, useRetina=True, viewOri=0.0, viewPos=None, viewScale=None, waitBlanking=True, winType='pyglet')
13.6489 	EXP 	window1: backgroundImage = ''
13.6489 	EXP 	window1: backgroundFit = 'none'
13.6600 	DEBUG 	TextBox2 loaded 1 chars with 0 blanks and 1 valid
13.6605 	DEBUG 	TextBox2 loaded 1 chars with 0 blanks and 1 valid
13.6609 	DEBUG 	TextBox2 loaded 1 chars with 0 blanks and 1 valid
13.6615 	DEBUG 	TextBox2 loaded 1 chars with 0 blanks and 1 valid
13.6620 	DEBUG 	TextBox2 loaded 1 chars with 0 blanks and 1 valid
13.6622 	DEBUG 	TextBox2 loaded 1 chars with 0 blanks and 1 valid
13.6626 	DEBUG 	TextBox2 loaded 1 chars with 0 blanks and 1 valid
13.6632 	DEBUG 	TextBox2 loaded 1 chars with 0 blanks and 1 valid
13.6633 	DEBUG 	TextBox2 loaded 1 chars with 0 blanks and 1 valid
13.6635 	DEBUG 	TextBox2 loaded 1 chars with 0 blanks and 1 valid
13.6639 	DEBUG 	TextBox2 loaded 1 chars with 0 blanks and 1 valid
13.6644 	DEBUG 	TextBox2 loaded 1 chars with 0 blanks and 1 valid
13.6647 	DEBUG 	TextBox2 loaded 1 chars with 0 blanks and 1 valid
13.6651 	DEBUG 	TextBox2 loaded 1 chars with 0 blanks and 1 valid
13.6655 	DEBUG 	TextBox2 loaded 1 chars with 0 blanks and 1 valid
13.6659 	DEBUG 	TextBox2 loaded 1 chars with 0 blanks and 1 valid
13.6664 	DEBUG 	TextBox2 loaded 1 chars with 0 blanks and 1 valid
13.6666 	DEBUG 	TextBox2 loaded 1 chars with 0 blanks and 1 valid
13.6668 	DEBUG 	TextBox2 loaded 1 chars with 0 blanks and 1 valid
13.6674 	DEBUG 	TextBox2 loaded 1 chars with 0 blanks and 1 valid
13.6676 	DEBUG 	TextBox2 loaded 1 chars with 0 blanks and 1 valid
13.6678 	DEBUG 	Uploading Texture Font fontname to graphics card
13.6715 	DEBUG 	Upload of Texture Font fontname complete
13.6753 	DEBUG 	TextBox2 loaded 1 chars with 0 blanks and 1 valid
13.6760 	DEBUG 	TextBox2 loaded 1 chars with 0 blanks and 1 valid
13.6766 	DEBUG 	TextBox2 loaded 1 chars with 0 blanks and 1 valid
13.6767 	DEBUG 	Uploading Texture Font fontname to graphics card
13.6781 	DEBUG 	Upload of Texture Font fontname complete
13.6791 	EXP 	window1: Attempting to measure frame rate of screen (0) ...
13.6792 	EXP 	window1: recordFrameIntervals = False
13.8464 	EXP 	window1: recordFrameIntervals = True
14.6836 	WARNING 	Couldn't measure a consistent frame rate!
  - Is your graphics card set to sync to vertical blank?
  - Are you running other processes on your computer?

14.6920 	DEBUG 	TextBox2 loaded 1 chars with 0 blanks and 1 valid
14.6926 	DEBUG 	TextBox2 loaded 1 chars with 0 blanks and 1 valid
14.6935 	DEBUG 	TextBox2 loaded 1 chars with 0 blanks and 1 valid
14.6947 	DEBUG 	TextBox2 loaded 1 chars with 0 blanks and 1 valid
14.6958 	DEBUG 	TextBox2 loaded 1 chars with 0 blanks and 1 valid
14.6970 	DEBUG 	TextBox2 loaded 1 chars with 0 blanks and 1 valid
14.6975 	DEBUG 	TextBox2 loaded 1 chars with 0 blanks and 1 valid
14.6985 	DEBUG 	TextBox2 loaded 1 chars with 0 blanks and 1 valid
14.6994 	DEBUG 	TextBox2 loaded 1 chars with 0 blanks and 1 valid
14.7003 	DEBUG 	TextBox2 loaded 1 chars with 0 blanks and 1 valid
14.7006 	DEBUG 	Uploading Texture Font fontname to graphics card
14.7035 	DEBUG 	Upload of Texture Font fontname complete
14.7196 	WARNING 	launchHubServer: If using the iohub mouse or eyetracker devices, fullScr should be True.
16.9240 	INFO 	keyboard.Keyboard is using iohub backend.
16.9241 	INFO 	keyboard.Keyboard is using iohub backend.
16.9241 	INFO 	keyboard.Keyboard is using iohub backend.
16.9241 	INFO 	keyboard.Keyboard is using iohub backend.
16.9241 	INFO 	keyboard.Keyboard is using iohub backend.
16.9241 	EXP 	rumination_demo: status = STARTED
17.0072 	EXP 	Created image_rum_instruct = ImageStim(__class__=<class 'psychopy.visual.image.ImageStim'>, anchor=('center', 'center'), autoLog=True, color=array([1., 1., 1.]), colorSpace='rgb', contrast=1.0, depth=0.0, draggable=False, flipHoriz=False, flipVert=False, image='stimuli/rum_instruct.png', interpolate=True, mask=None, maskParams=None, name='image_rum_instruct', opacity=1, ori=0.0, pos=array([0., 0.]), size=array([1.1  , 0.825]), texRes=128.0, units='height', win=Window(...))
17.0217 	EXP 	Created text_refresh = TextStim(__class__=<class 'psychopy.visual.text.TextStim'>, alignHoriz=method-wrapper(...), alignText='center', alignVert=method-wrapper(...), anchorHoriz='center', anchorVert='center', antialias=True, autoDraw=False, autoLog=True, bold=False, color=array([1., 1., 1.]), colorSpace='rgb', contrast=1.0, depth=0.0, draggable=False, flipHoriz=False, flipVert=False, font='Arial', fontFiles=[], height=0.05, italic=False, languageStyle='LTR', name='text_refresh', opacity=1, ori=0.0, pos=array([0., 0.]), rgb=UNKNOWN, text='', units='height', win=Window(...), wrapWidth=1)
17.0451 	EXP 	Created wait4trigger_text = TextStim(__class__=<class 'psychopy.visual.text.TextStim'>, alignHoriz=method-wrapper(...), alignText='center', alignVert=method-wrapper(...), anchorHoriz='center', anchorVert='center', antialias=True, autoDraw=False, autoLog=True, bold=False, color=array([1., 1., 1.]), colorSpace='rgb', contrast=1.0, depth=0.0, draggable=False, flipHoriz=False, flipVert=False, font='Noto Sans SC', fontFiles=[], height=0.05, italic=False, languageStyle='LTR', name='wait4trigger_text', opacity=1, ori=0.0, pos=array([0., 0.]), rgb=UNKNOWN, text='即将开始，请等待。', units='height', win=Window(...), wrapWidth=1)
17.0462 	EXP 	Created fake_stimulus_text = TextStim(__class__=<class 'psychopy.visual.text.TextStim'>, alignHoriz=method-wrapper(...), alignText='center', alignVert=method-wrapper(...), anchorHoriz='center', anchorVert='center', antialias=True, autoDraw=False, autoLog=True, bold=False, color=array([1., 1., 1.]), colorSpace='rgb', contrast=1.0, depth=0.0, draggable=False, flipHoriz=False, flipVert=False, font='Noto Sans SC', fontFiles=[], height=0.05, italic=False, languageStyle='LTR', name='fake_stimulus_text', opacity=1, ori=0.0, pos=array([0., 0.]), rgb=UNKNOWN, text='即将开始，请等待。', units='height', win=Window(...), wrapWidth=1)
17.0546 	DEBUG 	Saving data for rumination_demo ExperimentHandler
17.0553 	INFO 	saved data to /Users/Chenxiao/Documents/project_codes/RST_Chinese_beta/data/999_rumination_demo_2025-06-16_15h59.08.502.psydat
17.0555 	INFO 	saved data to '/Users/Chenxiao/Documents/project_codes/RST_Chinese_beta/data/999_rumination_demo_2025-06-16_15h59.08.502.csv'
