10.5320 	WARNING 	Font Manager failed to load file /System/Library/PrivateFrameworks/FontServices.framework/Resources/Reserved/PingFangUI.ttc
13.2577 	DEBUG 	Fullscreen settings ignored as running in pilot mode.
13.2584 	INFO 	Loaded monitor calibration from ['2022_04_19 09:31']
13.2587 	WARNING 	This monitor has not been color-calibrated. Using default DKL conversion matrix.
13.3446 	WARNING 	This monitor has not been color-calibrated. Using default DKL conversion matrix.
13.3447 	WARNING 	This monitor has not been color-calibrated. Using default DKL conversion matrix.
13.3968 	EXP 	Created window1 = Window(allowGUI=False, allowStencil=False, autoLog=True, backendConf=UNKNOWN, backgroundFit=<method-wrapper '__getattribute__' of attributeSetter object at 0x180e29f00>, backgroundImage=<method-wrapper '__getattribute__' of attributeSetter object at 0x180e29ea0>, bitsMode=UNKNOWN, blendMode='avg', bpc=(8, 8, 8), color=array([0, 0, 0]), colorSpace='dkl', depthBits=8, fullscr=False, gamma=None, gammaErrorPolicy='raise', infoMsg=UNKNOWN, lms=UNKNOWN, monitor=<psychopy.monitors.calibTools.Monitor object at 0x180e9c0d0>, multiSample=False, name='window1', numSamples=2, pos=[560.0, 240.0], screen=0, size=array([1600, 1200]), stencilBits=0, stereo=False, title='PsychoPy', units='height', useFBO=True, useRetina=True, viewOri=0.0, viewPos=None, viewScale=None, waitBlanking=True, winType='pyglet')
13.3968 	EXP 	window1: backgroundImage = ''
13.3968 	EXP 	window1: backgroundFit = 'none'
13.4044 	DEBUG 	TextBox2 loaded 1 chars with 0 blanks and 1 valid
13.4051 	DEBUG 	TextBox2 loaded 1 chars with 0 blanks and 1 valid
13.4055 	DEBUG 	TextBox2 loaded 1 chars with 0 blanks and 1 valid
13.4061 	DEBUG 	TextBox2 loaded 1 chars with 0 blanks and 1 valid
13.4066 	DEBUG 	TextBox2 loaded 1 chars with 0 blanks and 1 valid
13.4068 	DEBUG 	TextBox2 loaded 1 chars with 0 blanks and 1 valid
13.4072 	DEBUG 	TextBox2 loaded 1 chars with 0 blanks and 1 valid
13.4078 	DEBUG 	TextBox2 loaded 1 chars with 0 blanks and 1 valid
13.4080 	DEBUG 	TextBox2 loaded 1 chars with 0 blanks and 1 valid
13.4081 	DEBUG 	TextBox2 loaded 1 chars with 0 blanks and 1 valid
13.4085 	DEBUG 	TextBox2 loaded 1 chars with 0 blanks and 1 valid
13.4089 	DEBUG 	TextBox2 loaded 1 chars with 0 blanks and 1 valid
13.4093 	DEBUG 	TextBox2 loaded 1 chars with 0 blanks and 1 valid
13.4097 	DEBUG 	TextBox2 loaded 1 chars with 0 blanks and 1 valid
13.4100 	DEBUG 	TextBox2 loaded 1 chars with 0 blanks and 1 valid
13.4104 	DEBUG 	TextBox2 loaded 1 chars with 0 blanks and 1 valid
13.4109 	DEBUG 	TextBox2 loaded 1 chars with 0 blanks and 1 valid
13.4111 	DEBUG 	TextBox2 loaded 1 chars with 0 blanks and 1 valid
13.4113 	DEBUG 	TextBox2 loaded 1 chars with 0 blanks and 1 valid
13.4119 	DEBUG 	TextBox2 loaded 1 chars with 0 blanks and 1 valid
13.4121 	DEBUG 	TextBox2 loaded 1 chars with 0 blanks and 1 valid
13.4124 	DEBUG 	Uploading Texture Font fontname to graphics card
13.4159 	DEBUG 	Upload of Texture Font fontname complete
13.4202 	DEBUG 	TextBox2 loaded 1 chars with 0 blanks and 1 valid
13.4207 	DEBUG 	TextBox2 loaded 1 chars with 0 blanks and 1 valid
13.4212 	DEBUG 	TextBox2 loaded 1 chars with 0 blanks and 1 valid
13.4214 	DEBUG 	Uploading Texture Font fontname to graphics card
13.4231 	DEBUG 	Upload of Texture Font fontname complete
13.4242 	EXP 	window1: Attempting to measure frame rate of screen (0) ...
13.4242 	EXP 	window1: recordFrameIntervals = False
13.5806 	EXP 	window1: recordFrameIntervals = True
14.4165 	WARNING 	Couldn't measure a consistent frame rate!
  - Is your graphics card set to sync to vertical blank?
  - Are you running other processes on your computer?

14.4238 	DEBUG 	TextBox2 loaded 1 chars with 0 blanks and 1 valid
14.4243 	DEBUG 	TextBox2 loaded 1 chars with 0 blanks and 1 valid
14.4251 	DEBUG 	TextBox2 loaded 1 chars with 0 blanks and 1 valid
14.4262 	DEBUG 	TextBox2 loaded 1 chars with 0 blanks and 1 valid
14.4272 	DEBUG 	TextBox2 loaded 1 chars with 0 blanks and 1 valid
14.4282 	DEBUG 	TextBox2 loaded 1 chars with 0 blanks and 1 valid
14.4287 	DEBUG 	TextBox2 loaded 1 chars with 0 blanks and 1 valid
14.4295 	DEBUG 	TextBox2 loaded 1 chars with 0 blanks and 1 valid
14.4304 	DEBUG 	TextBox2 loaded 1 chars with 0 blanks and 1 valid
14.4312 	DEBUG 	TextBox2 loaded 1 chars with 0 blanks and 1 valid
14.4315 	DEBUG 	Uploading Texture Font fontname to graphics card
14.4343 	DEBUG 	Upload of Texture Font fontname complete
14.4482 	WARNING 	launchHubServer: If using the iohub mouse or eyetracker devices, fullScr should be True.
14.9651 	INFO 	keyboard.Keyboard is using iohub backend.
14.9651 	INFO 	keyboard.Keyboard is using iohub backend.
14.9651 	INFO 	keyboard.Keyboard is using iohub backend.
14.9651 	INFO 	keyboard.Keyboard is using iohub backend.
14.9652 	INFO 	keyboard.Keyboard is using iohub backend.
14.9652 	EXP 	rumination_demo: status = STARTED
15.0465 	EXP 	Created image_rum_instruct = ImageStim(__class__=<class 'psychopy.visual.image.ImageStim'>, anchor=('center', 'center'), autoLog=True, color=array([1., 1., 1.]), colorSpace='rgb', contrast=1.0, depth=0.0, draggable=False, flipHoriz=False, flipVert=False, image='stimuli/rum_instruct.png', interpolate=True, mask=None, maskParams=None, name='image_rum_instruct', opacity=1, ori=0.0, pos=array([0., 0.]), size=array([1.1  , 0.825]), texRes=128.0, units='height', win=Window(...))
15.0580 	EXP 	Created text_refresh = TextStim(__class__=<class 'psychopy.visual.text.TextStim'>, alignHoriz=method-wrapper(...), alignText='center', alignVert=method-wrapper(...), anchorHoriz='center', anchorVert='center', antialias=True, autoDraw=False, autoLog=True, bold=False, color=array([1., 1., 1.]), colorSpace='rgb', contrast=1.0, depth=0.0, draggable=False, flipHoriz=False, flipVert=False, font='Arial', fontFiles=[], height=0.05, italic=False, languageStyle='LTR', name='text_refresh', opacity=1, ori=0.0, pos=array([0., 0.]), rgb=UNKNOWN, text='', units='height', win=Window(...), wrapWidth=1)
15.0726 	EXP 	Created wait4trigger_text = TextStim(__class__=<class 'psychopy.visual.text.TextStim'>, alignHoriz=method-wrapper(...), alignText='center', alignVert=method-wrapper(...), anchorHoriz='center', anchorVert='center', antialias=True, autoDraw=False, autoLog=True, bold=False, color=array([1., 1., 1.]), colorSpace='rgb', contrast=1.0, depth=0.0, draggable=False, flipHoriz=False, flipVert=False, font='Noto Sans SC', fontFiles=[], height=0.05, italic=False, languageStyle='LTR', name='wait4trigger_text', opacity=1, ori=0.0, pos=array([0., 0.]), rgb=UNKNOWN, text='即将开始，请等待。', units='height', win=Window(...), wrapWidth=1)
15.0738 	EXP 	Created fake_stimulus_text = TextStim(__class__=<class 'psychopy.visual.text.TextStim'>, alignHoriz=method-wrapper(...), alignText='center', alignVert=method-wrapper(...), anchorHoriz='center', anchorVert='center', antialias=True, autoDraw=False, autoLog=True, bold=False, color=array([1., 1., 1.]), colorSpace='rgb', contrast=1.0, depth=0.0, draggable=False, flipHoriz=False, flipVert=False, font='Noto Sans SC', fontFiles=[], height=0.05, italic=False, languageStyle='LTR', name='fake_stimulus_text', opacity=1, ori=0.0, pos=array([0., 0.]), rgb=UNKNOWN, text='即将开始，请等待。', units='height', win=Window(...), wrapWidth=1)
15.0823 	DEBUG 	Saving data for rumination_demo ExperimentHandler
15.0827 	INFO 	saved data to /Users/Chenxiao/Documents/project_codes/RST_Chinese_beta/data/999_rumination_demo_2025-06-16_15h43.26.906.psydat
15.0828 	INFO 	saved data to '/Users/Chenxiao/Documents/project_codes/RST_Chinese_beta/data/999_rumination_demo_2025-06-16_15h43.26.906.csv'
