11.9419 	WARNING 	Font Manager failed to load file /System/Library/PrivateFrameworks/FontServices.framework/Resources/Reserved/PingFangUI.ttc
13.4156 	DEBUG 	Fullscreen settings ignored as running in pilot mode.
13.4162 	INFO 	Loaded monitor calibration from ['2022_04_19 09:31']
13.4164 	WARNING 	This monitor has not been color-calibrated. Using default DKL conversion matrix.
13.5030 	WARNING 	This monitor has not been color-calibrated. Using default DKL conversion matrix.
13.5031 	WARNING 	This monitor has not been color-calibrated. Using default DKL conversion matrix.
13.5623 	EXP 	Created window1 = Window(allowGUI=False, allowStencil=False, autoLog=True, backendConf=UNKNOWN, backgroundFit=<method-wrapper '__getattribute__' of attributeSetter object at 0x180b43dc0>, backgroundImage=<method-wrapper '__getattribute__' of attributeSetter object at 0x180b43d60>, bitsMode=UNKNOWN, blendMode='avg', bpc=(8, 8, 8), color=array([0, 0, 0]), colorSpace='dkl', depthBits=8, fullscr=False, gamma=None, gammaErrorPolicy='raise', infoMsg=UNKNOWN, lms=UNKNOWN, monitor=<psychopy.monitors.calibTools.Monitor object at 0x180bfc6d0>, multiSample=False, name='window1', numSamples=2, pos=[560.0, 240.0], screen=0, size=array([1600, 1200]), stencilBits=0, stereo=False, title='PsychoPy', units='pix', useFBO=True, useRetina=True, viewOri=0.0, viewPos=None, viewScale=None, waitBlanking=True, winType='pyglet')
13.5624 	EXP 	window1: backgroundImage = ''
13.5624 	EXP 	window1: backgroundFit = 'none'
13.5699 	DEBUG 	TextBox2 loaded 1 chars with 0 blanks and 1 valid
13.5704 	DEBUG 	TextBox2 loaded 1 chars with 0 blanks and 1 valid
13.5708 	DEBUG 	TextBox2 loaded 1 chars with 0 blanks and 1 valid
13.5713 	DEBUG 	TextBox2 loaded 1 chars with 0 blanks and 1 valid
13.5719 	DEBUG 	TextBox2 loaded 1 chars with 0 blanks and 1 valid
13.5721 	DEBUG 	TextBox2 loaded 1 chars with 0 blanks and 1 valid
13.5725 	DEBUG 	TextBox2 loaded 1 chars with 0 blanks and 1 valid
13.5730 	DEBUG 	TextBox2 loaded 1 chars with 0 blanks and 1 valid
13.5732 	DEBUG 	TextBox2 loaded 1 chars with 0 blanks and 1 valid
13.5733 	DEBUG 	TextBox2 loaded 1 chars with 0 blanks and 1 valid
13.5737 	DEBUG 	TextBox2 loaded 1 chars with 0 blanks and 1 valid
13.5741 	DEBUG 	TextBox2 loaded 1 chars with 0 blanks and 1 valid
13.5745 	DEBUG 	TextBox2 loaded 1 chars with 0 blanks and 1 valid
13.5749 	DEBUG 	TextBox2 loaded 1 chars with 0 blanks and 1 valid
13.5752 	DEBUG 	TextBox2 loaded 1 chars with 0 blanks and 1 valid
13.5756 	DEBUG 	TextBox2 loaded 1 chars with 0 blanks and 1 valid
13.5760 	DEBUG 	TextBox2 loaded 1 chars with 0 blanks and 1 valid
13.5762 	DEBUG 	TextBox2 loaded 1 chars with 0 blanks and 1 valid
13.5765 	DEBUG 	TextBox2 loaded 1 chars with 0 blanks and 1 valid
13.5770 	DEBUG 	TextBox2 loaded 1 chars with 0 blanks and 1 valid
13.5772 	DEBUG 	TextBox2 loaded 1 chars with 0 blanks and 1 valid
13.5775 	DEBUG 	Uploading Texture Font fontname to graphics card
13.5810 	DEBUG 	Upload of Texture Font fontname complete
13.5855 	DEBUG 	TextBox2 loaded 1 chars with 0 blanks and 1 valid
13.5861 	DEBUG 	TextBox2 loaded 1 chars with 0 blanks and 1 valid
13.5866 	DEBUG 	TextBox2 loaded 1 chars with 0 blanks and 1 valid
13.5868 	DEBUG 	Uploading Texture Font fontname to graphics card
13.5886 	DEBUG 	Upload of Texture Font fontname complete
13.5899 	EXP 	window1: Attempting to measure frame rate of screen (0) ...
13.5899 	EXP 	window1: recordFrameIntervals = False
13.7117 	EXP 	window1: recordFrameIntervals = True
14.5454 	WARNING 	Couldn't measure a consistent frame rate!
  - Is your graphics card set to sync to vertical blank?
  - Are you running other processes on your computer?

14.5509 	DEBUG 	TextBox2 loaded 1 chars with 0 blanks and 1 valid
14.5512 	DEBUG 	TextBox2 loaded 1 chars with 0 blanks and 1 valid
14.5517 	DEBUG 	TextBox2 loaded 1 chars with 0 blanks and 1 valid
14.5524 	DEBUG 	TextBox2 loaded 1 chars with 0 blanks and 1 valid
14.5530 	DEBUG 	TextBox2 loaded 1 chars with 0 blanks and 1 valid
14.5536 	DEBUG 	TextBox2 loaded 1 chars with 0 blanks and 1 valid
14.5538 	DEBUG 	TextBox2 loaded 1 chars with 0 blanks and 1 valid
14.5543 	DEBUG 	TextBox2 loaded 1 chars with 0 blanks and 1 valid
14.5549 	DEBUG 	TextBox2 loaded 1 chars with 0 blanks and 1 valid
14.5555 	DEBUG 	TextBox2 loaded 1 chars with 0 blanks and 1 valid
14.5557 	DEBUG 	Uploading Texture Font fontname to graphics card
14.5583 	DEBUG 	Upload of Texture Font fontname complete
14.5698 	WARNING 	launchHubServer: If using the iohub mouse or eyetracker devices, fullScr should be True.
17.2362 	INFO 	keyboard.Keyboard is using iohub backend.
17.2363 	INFO 	keyboard.Keyboard is using iohub backend.
17.2363 	INFO 	keyboard.Keyboard is using iohub backend.
17.2363 	INFO 	keyboard.Keyboard is using iohub backend.
17.2363 	INFO 	keyboard.Keyboard is using iohub backend.
17.2364 	EXP 	resting_state_demo: status = STARTED
17.2844 	EXP 	Created text_welcome = TextStim(__class__=<class 'psychopy.visual.text.TextStim'>, alignHoriz=method-wrapper(...), alignText='center', alignVert=method-wrapper(...), anchorHoriz='center', anchorVert='center', antialias=True, autoDraw=False, autoLog=True, bold=False, color=array([1., 1., 1.]), colorSpace='rgb', contrast=1.0, depth=0.0, draggable=False, flipHoriz=False, flipVert=False, font='Heiti SC', fontFiles=[], height=30.0, italic=False, languageStyle='LTR', name='text_welcome', opacity=1, ori=0.0, pos=array([-300.,    0.]), rgb=UNKNOWN, text=str(...), units='pix', win=Window(...), wrapWidth=10.0)
17.2870 	EXP 	Created text_refresh = TextStim(__class__=<class 'psychopy.visual.text.TextStim'>, alignHoriz=method-wrapper(...), alignText='center', alignVert=method-wrapper(...), anchorHoriz='center', anchorVert='center', antialias=True, autoDraw=False, autoLog=True, bold=False, color=array([1., 1., 1.]), colorSpace='rgb', contrast=1.0, depth=0.0, draggable=False, flipHoriz=False, flipVert=False, font='Arial', fontFiles=[], height=0.05, italic=False, languageStyle='LTR', name='text_refresh', opacity=1, ori=0.0, pos=array([0., 0.]), rgb=UNKNOWN, text='', units='pix', win=Window(...), wrapWidth=500)
17.2951 	EXP 	Created rate_emotion_prompt = TextStim(__class__=<class 'psychopy.visual.text.TextStim'>, alignHoriz=method-wrapper(...), alignText='center', alignVert=method-wrapper(...), anchorHoriz='center', anchorVert='center', antialias=True, autoDraw=False, autoLog=True, bold=False, color=array([1., 1., 1.]), colorSpace='rgb', contrast=1.0, depth=0.0, draggable=False, flipHoriz=False, flipVert=False, font='Arial', fontFiles=[], height=0.05, italic=False, languageStyle='LTR', name='rate_emotion_prompt', opacity=1, ori=0.0, pos=array([0. , 0.2]), rgb=UNKNOWN, text=str(...), units='pix', win=Window(...), wrapWidth=500)
17.3122 	DEBUG 	TextBox2 loaded 1 chars with 0 blanks and 1 valid
17.3125 	DEBUG 	TextBox2 loaded 1 chars with 0 blanks and 1 valid
17.3128 	DEBUG 	TextBox2 loaded 1 chars with 0 blanks and 1 valid
17.3130 	DEBUG 	TextBox2 loaded 1 chars with 0 blanks and 1 valid
17.3132 	DEBUG 	TextBox2 loaded 1 chars with 0 blanks and 1 valid
17.3134 	DEBUG 	TextBox2 loaded 1 chars with 0 blanks and 1 valid
17.3136 	DEBUG 	TextBox2 loaded 1 chars with 0 blanks and 1 valid
17.3139 	DEBUG 	TextBox2 loaded 1 chars with 0 blanks and 1 valid
17.3141 	DEBUG 	TextBox2 loaded 1 chars with 0 blanks and 1 valid
17.3143 	DEBUG 	TextBox2 loaded 1 chars with 0 blanks and 1 valid
17.3145 	DEBUG 	TextBox2 loaded 1 chars with 0 blanks and 1 valid
17.3148 	DEBUG 	TextBox2 loaded 1 chars with 0 blanks and 1 valid
17.3151 	DEBUG 	Uploading Texture Font fontname to graphics card
17.3179 	DEBUG 	Upload of Texture Font fontname complete
17.3215 	DEBUG 	TextBox2 loaded 1 chars with 0 blanks and 1 valid
17.3218 	DEBUG 	TextBox2 loaded 1 chars with 0 blanks and 1 valid
17.3221 	DEBUG 	Uploading Texture Font fontname to graphics card
17.3239 	DEBUG 	Upload of Texture Font fontname complete
17.3431 	DEBUG 	TextBox2 loaded 1 chars with 0 blanks and 1 valid
17.3434 	DEBUG 	TextBox2 loaded 1 chars with 0 blanks and 1 valid
17.3436 	DEBUG 	Uploading Texture Font fontname to graphics card
17.3454 	DEBUG 	Upload of Texture Font fontname complete
17.3963 	EXP 	Created slider_emotion = Slider(__class__=<class 'psychopy.visual.slider.Slider'>, autoDraw=False, autoLog=True, borderColor=None, color=None, colorSpace='rgb', depth=-1, fillColor=None, flip=False, font='Arial', granularity=1.0, labelColor=None, labelHeight=0.035, labelWrapWidth=None, labels=list(...), lineColor=None, markerColor=None, name='slider_emotion', opacity=None, ori=0.0, pos=array([ 0. , -0.1]), readOnly=False, self=UNKNOWN, size=array([1. , 0.1]), startValue=5, style='rating', styleTweaks=[], ticks=array([1, 2, 3, 4, 5, 6, 7, 8, 9]), units='pix', win=Window(...))
17.3970 	EXP 	Created text_refresh = TextStim(__class__=<class 'psychopy.visual.text.TextStim'>, alignHoriz=method-wrapper(...), alignText='center', alignVert=method-wrapper(...), anchorHoriz='center', anchorVert='center', antialias=True, autoDraw=False, autoLog=True, bold=False, color=array([1., 1., 1.]), colorSpace='rgb', contrast=1.0, depth=0.0, draggable=False, flipHoriz=False, flipVert=False, font='Arial', fontFiles=[], height=0.05, italic=False, languageStyle='LTR', name='text_refresh', opacity=1, ori=0.0, pos=array([0., 0.]), rgb=UNKNOWN, text='', units='pix', win=Window(...), wrapWidth=500)
17.3999 	EXP 	Created wait4trigger_text = TextStim(__class__=<class 'psychopy.visual.text.TextStim'>, alignHoriz=method-wrapper(...), alignText='center', alignVert=method-wrapper(...), anchorHoriz='center', anchorVert='center', antialias=True, autoDraw=False, autoLog=True, bold=False, color=array([1., 1., 1.]), colorSpace='rgb', contrast=1.0, depth=0.0, draggable=False, flipHoriz=False, flipVert=False, font='Arial', fontFiles=[], height=0.05, italic=False, languageStyle='LTR', name='wait4trigger_text', opacity=1, ori=0.0, pos=array([0., 0.]), rgb=UNKNOWN, text='Please wait for the scan to start.', units='pix', win=Window(...), wrapWidth=500)
17.4014 	EXP 	Created fake_stimulus_text = TextStim(__class__=<class 'psychopy.visual.text.TextStim'>, alignHoriz=method-wrapper(...), alignText='center', alignVert=method-wrapper(...), anchorHoriz='center', anchorVert='center', antialias=True, autoDraw=False, autoLog=True, bold=False, color=array([1., 1., 1.]), colorSpace='rgb', contrast=1.0, depth=0.0, draggable=False, flipHoriz=False, flipVert=False, font='Arial', fontFiles=[], height=0.05, italic=False, languageStyle='LTR', name='fake_stimulus_text', opacity=1, ori=0.0, pos=array([0., 0.]), rgb=UNKNOWN, text='Please wait for the scan to start.', units='pix', win=Window(...), wrapWidth=500)
17.4027 	EXP 	Created fixation = TextStim(__class__=<class 'psychopy.visual.text.TextStim'>, alignHoriz=method-wrapper(...), alignText='center', alignVert=method-wrapper(...), anchorHoriz='center', anchorVert='center', antialias=True, autoDraw=False, autoLog=True, bold=False, color=array([1., 1., 1.]), colorSpace='rgb', contrast=1.0, depth=0.0, draggable=False, flipHoriz=False, flipVert=False, font='Arial', fontFiles=[], height=0.4, italic=False, languageStyle='LTR', name='fixation', opacity=1, ori=0.0, pos=array([0., 0.]), rgb=UNKNOWN, text='+', units='pix', win=Window(...), wrapWidth=500)
17.4031 	EXP 	Created text_refresh = TextStim(__class__=<class 'psychopy.visual.text.TextStim'>, alignHoriz=method-wrapper(...), alignText='center', alignVert=method-wrapper(...), anchorHoriz='center', anchorVert='center', antialias=True, autoDraw=False, autoLog=True, bold=False, color=array([1., 1., 1.]), colorSpace='rgb', contrast=1.0, depth=0.0, draggable=False, flipHoriz=False, flipVert=False, font='Arial', fontFiles=[], height=0.05, italic=False, languageStyle='LTR', name='text_refresh', opacity=1, ori=0.0, pos=array([0., 0.]), rgb=UNKNOWN, text='', units='pix', win=Window(...), wrapWidth=500)
17.4049 	EXP 	Created rate_emotion_prompt = TextStim(__class__=<class 'psychopy.visual.text.TextStim'>, alignHoriz=method-wrapper(...), alignText='center', alignVert=method-wrapper(...), anchorHoriz='center', anchorVert='center', antialias=True, autoDraw=False, autoLog=True, bold=False, color=array([1., 1., 1.]), colorSpace='rgb', contrast=1.0, depth=0.0, draggable=False, flipHoriz=False, flipVert=False, font='Arial', fontFiles=[], height=0.05, italic=False, languageStyle='LTR', name='rate_emotion_prompt', opacity=1, ori=0.0, pos=array([0. , 0.2]), rgb=UNKNOWN, text=str(...), units='pix', win=Window(...), wrapWidth=500)
17.4829 	EXP 	Created slider_emotion = Slider(__class__=<class 'psychopy.visual.slider.Slider'>, autoDraw=False, autoLog=True, borderColor=None, color=None, colorSpace='rgb', depth=-1, fillColor=None, flip=False, font='Arial', granularity=1.0, labelColor=None, labelHeight=0.035, labelWrapWidth=None, labels=list(...), lineColor=None, markerColor=None, name='slider_emotion', opacity=None, ori=0.0, pos=array([ 0. , -0.1]), readOnly=False, self=UNKNOWN, size=array([1. , 0.1]), startValue=5, style='rating', styleTweaks=[], ticks=array([1, 2, 3, 4, 5, 6, 7, 8, 9]), units='pix', win=Window(...))
17.4838 	EXP 	Created text_refresh = TextStim(__class__=<class 'psychopy.visual.text.TextStim'>, alignHoriz=method-wrapper(...), alignText='center', alignVert=method-wrapper(...), anchorHoriz='center', anchorVert='center', antialias=True, autoDraw=False, autoLog=True, bold=False, color=array([1., 1., 1.]), colorSpace='rgb', contrast=1.0, depth=0.0, draggable=False, flipHoriz=False, flipVert=False, font='Arial', fontFiles=[], height=0.05, italic=False, languageStyle='LTR', name='text_refresh', opacity=1, ori=0.0, pos=array([0., 0.]), rgb=UNKNOWN, text='', units='pix', win=Window(...), wrapWidth=500)
17.4870 	EXP 	Created main_body_questionnaire = TextStim(__class__=<class 'psychopy.visual.text.TextStim'>, alignHoriz=method-wrapper(...), alignText='center', alignVert=method-wrapper(...), anchorHoriz='center', anchorVert='center', antialias=True, autoDraw=False, autoLog=True, bold=False, color=array([1., 1., 1.]), colorSpace='rgb', contrast=1.0, depth=0.0, draggable=False, flipHoriz=False, flipVert=False, font='Arial', fontFiles=[], height=0.05, italic=False, languageStyle='LTR', name='main_body_questionnaire', opacity=1, ori=0.0, pos=array([0. , 0.3]), rgb=UNKNOWN, text='During the MRI my thoughts:', units='pix', win=Window(...), wrapWidth=500)
17.4874 	EXP 	Created item_text = TextStim(__class__=<class 'psychopy.visual.text.TextStim'>, alignHoriz=method-wrapper(...), alignText='center', alignVert=method-wrapper(...), anchorHoriz='center', anchorVert='center', antialias=True, autoDraw=False, autoLog=True, bold=False, color=array([1., 1., 1.]), colorSpace='rgb', contrast=1.0, depth=-1.0, draggable=False, flipHoriz=False, flipVert=False, font='Arial', fontFiles=[], height=0.05, italic=False, languageStyle='LTR', name='item_text', opacity=1, ori=0.0, pos=array([0. , 0.1]), rgb=UNKNOWN, text='', units='pix', win=Window(...), wrapWidth=500)
17.5154 	DEBUG 	TextBox2 loaded 1 chars with 0 blanks and 1 valid
17.5157 	DEBUG 	TextBox2 loaded 1 chars with 0 blanks and 1 valid
17.5160 	DEBUG 	TextBox2 loaded 1 chars with 0 blanks and 1 valid
17.5163 	DEBUG 	TextBox2 loaded 1 chars with 0 blanks and 1 valid
17.5165 	DEBUG 	Uploading Texture Font fontname to graphics card
17.5184 	DEBUG 	Upload of Texture Font fontname complete
17.5405 	DEBUG 	TextBox2 loaded 1 chars with 0 blanks and 1 valid
17.5407 	DEBUG 	Uploading Texture Font fontname to graphics card
17.5425 	DEBUG 	Upload of Texture Font fontname complete
17.5700 	EXP 	Created slider_thinking_content = Slider(__class__=<class 'psychopy.visual.slider.Slider'>, autoDraw=False, autoLog=True, borderColor=None, color=None, colorSpace='rgb', depth=-2, fillColor=None, flip=False, font='Arial', granularity=1.0, labelColor=None, labelHeight=0.035, labelWrapWidth=None, labels=list(...), lineColor=None, markerColor=None, name='slider_thinking_content', opacity=None, ori=0.0, pos=array([ 0. , -0.1]), readOnly=False, self=UNKNOWN, size=array([1. , 0.1]), startValue=5, style='rating', styleTweaks=[], ticks=array([1, 2, 3, 4, 5, 6, 7, 8, 9]), units='pix', win=Window(...))
17.5707 	EXP 	Created text_refresh = TextStim(__class__=<class 'psychopy.visual.text.TextStim'>, alignHoriz=method-wrapper(...), alignText='center', alignVert=method-wrapper(...), anchorHoriz='center', anchorVert='center', antialias=True, autoDraw=False, autoLog=True, bold=False, color=array([1., 1., 1.]), colorSpace='rgb', contrast=1.0, depth=0.0, draggable=False, flipHoriz=False, flipVert=False, font='Arial', fontFiles=[], height=0.05, italic=False, languageStyle='LTR', name='text_refresh', opacity=1, ori=0.0, pos=array([0., 0.]), rgb=UNKNOWN, text='', units='pix', win=Window(...), wrapWidth=500)
17.5760 	EXP 	Created goodbye_text = TextStim(__class__=<class 'psychopy.visual.text.TextStim'>, alignHoriz=method-wrapper(...), alignText='center', alignVert=method-wrapper(...), anchorHoriz='center', anchorVert='center', antialias=True, autoDraw=False, autoLog=True, bold=False, color=array([1., 1., 1.]), colorSpace='rgb', contrast=1.0, depth=0.0, draggable=False, flipHoriz=False, flipVert=False, font='Arial', fontFiles=[], height=0.05, italic=False, languageStyle='LTR', name='goodbye_text', opacity=1, ori=0.0, pos=array([0., 0.]), rgb=UNKNOWN, text=str(...), units='pix', win=Window(...), wrapWidth=500)
0.0078 	EXP 	slider_emotion: autoLog = True
0.0078 	EXP 	slider_emotion: styleTweaks = []
0.0078 	EXP 	slider_emotion: styleTweaks = []
0.0078 	EXP 	slider_emotion: styleTweaks = []
0.0078 	EXP 	slider_emotion: styleTweaks = []
0.0078 	EXP 	slider_emotion: contrast = 1.0
0.0078 	EXP 	slider_emotion: markerPos = 5
0.0078 	EXP 	slider_emotion: autoLog = True
0.0078 	EXP 	slider_emotion: autoLog = True
0.0078 	EXP 	slider_emotion: styleTweaks = []
0.0078 	EXP 	slider_emotion: styleTweaks = []
0.0078 	EXP 	slider_emotion: styleTweaks = []
0.0078 	EXP 	slider_emotion: styleTweaks = []
0.0078 	EXP 	slider_emotion: contrast = 1.0
0.0078 	EXP 	slider_emotion: markerPos = 5
0.0078 	EXP 	slider_emotion: autoLog = True
0.0078 	EXP 	slider_thinking_content: autoLog = True
0.0078 	EXP 	slider_thinking_content: styleTweaks = []
0.0078 	EXP 	slider_thinking_content: styleTweaks = []
0.0078 	EXP 	slider_thinking_content: styleTweaks = []
0.0078 	EXP 	slider_thinking_content: styleTweaks = []
0.0078 	EXP 	slider_thinking_content: contrast = 1.0
0.0078 	EXP 	slider_thinking_content: markerPos = 5
0.0078 	EXP 	slider_thinking_content: autoLog = True
0.0194 	INFO 	Keyboard events cleared
0.0191 	EXP 	text_welcome: autoDraw = True
2.7312 	DATA 	Keypress: escape
2.7409 	EXP 	resting_state_demo: status = STOPPED
2.7528 	EXP 	text_welcome: autoDraw = False
2.7541 	EXP 	resting_state_demo: status = STOPPED
2.7560 	INFO 	saved data to '/Users/Chenxiao/Documents/project_codes/RST_Chinese_beta/data/999_resting_state_demo_2025-06-10_17h25.08.312.csv'
2.7562 	INFO 	saved data to /Users/Chenxiao/Documents/project_codes/RST_Chinese_beta/data/999_resting_state_demo_2025-06-10_17h25.08.312.psydat
3.0742 	DEBUG 	Saving data for resting_state_demo ExperimentHandler
