10.5737 	WARNING 	Font Manager failed to load file /System/Library/PrivateFrameworks/FontServices.framework/Resources/Reserved/PingFangUI.ttc
12.5185 	DEBUG 	Fullscreen settings ignored as running in pilot mode.
12.5197 	INFO 	Loaded monitor calibration from ['2022_04_19 09:31']
12.5201 	WARNING 	This monitor has not been color-calibrated. Using default DKL conversion matrix.
12.6103 	WARNING 	This monitor has not been color-calibrated. Using default DKL conversion matrix.
12.6104 	WARNING 	This monitor has not been color-calibrated. Using default DKL conversion matrix.
12.6640 	EXP 	Created window1 = Window(allowGUI=False, allowStencil=False, autoLog=True, backendConf=UNKNOWN, backgroundFit=<method-wrapper '__getattribute__' of attributeSetter object at 0x1809168c0>, backgroundImage=<method-wrapper '__getattribute__' of attributeSetter object at 0x180916920>, bitsMode=UNKNOWN, blendMode='avg', bpc=(8, 8, 8), color=array([0, 0, 0]), colorSpace='dkl', depthBits=8, fullscr=False, gamma=None, gammaErrorPolicy='raise', infoMsg=UNKNOWN, lms=UNKNOWN, monitor=<psychopy.monitors.calibTools.Monitor object at 0x1809a0910>, multiSample=False, name='window1', numSamples=2, pos=[560.0, 240.0], screen=0, size=array([1600, 1200]), stencilBits=0, stereo=False, title='PsychoPy', units='height', useFBO=True, useRetina=True, viewOri=0.0, viewPos=None, viewScale=None, waitBlanking=True, winType='pyglet')
12.6641 	EXP 	window1: backgroundImage = ''
12.6641 	EXP 	window1: backgroundFit = 'none'
12.6723 	DEBUG 	TextBox2 loaded 1 chars with 0 blanks and 1 valid
12.6728 	DEBUG 	TextBox2 loaded 1 chars with 0 blanks and 1 valid
12.6732 	DEBUG 	TextBox2 loaded 1 chars with 0 blanks and 1 valid
12.6737 	DEBUG 	TextBox2 loaded 1 chars with 0 blanks and 1 valid
12.6743 	DEBUG 	TextBox2 loaded 1 chars with 0 blanks and 1 valid
12.6745 	DEBUG 	TextBox2 loaded 1 chars with 0 blanks and 1 valid
12.6749 	DEBUG 	TextBox2 loaded 1 chars with 0 blanks and 1 valid
12.6754 	DEBUG 	TextBox2 loaded 1 chars with 0 blanks and 1 valid
12.6756 	DEBUG 	TextBox2 loaded 1 chars with 0 blanks and 1 valid
12.6757 	DEBUG 	TextBox2 loaded 1 chars with 0 blanks and 1 valid
12.6762 	DEBUG 	TextBox2 loaded 1 chars with 0 blanks and 1 valid
12.6765 	DEBUG 	TextBox2 loaded 1 chars with 0 blanks and 1 valid
12.6769 	DEBUG 	TextBox2 loaded 1 chars with 0 blanks and 1 valid
12.6772 	DEBUG 	TextBox2 loaded 1 chars with 0 blanks and 1 valid
12.6775 	DEBUG 	TextBox2 loaded 1 chars with 0 blanks and 1 valid
12.6780 	DEBUG 	TextBox2 loaded 1 chars with 0 blanks and 1 valid
12.6783 	DEBUG 	TextBox2 loaded 1 chars with 0 blanks and 1 valid
12.6785 	DEBUG 	TextBox2 loaded 1 chars with 0 blanks and 1 valid
12.6788 	DEBUG 	TextBox2 loaded 1 chars with 0 blanks and 1 valid
12.6793 	DEBUG 	TextBox2 loaded 1 chars with 0 blanks and 1 valid
12.6795 	DEBUG 	TextBox2 loaded 1 chars with 0 blanks and 1 valid
12.6797 	DEBUG 	Uploading Texture Font fontname to graphics card
12.6830 	DEBUG 	Upload of Texture Font fontname complete
12.6870 	DEBUG 	TextBox2 loaded 1 chars with 0 blanks and 1 valid
12.6876 	DEBUG 	TextBox2 loaded 1 chars with 0 blanks and 1 valid
12.6881 	DEBUG 	TextBox2 loaded 1 chars with 0 blanks and 1 valid
12.6882 	DEBUG 	Uploading Texture Font fontname to graphics card
12.6898 	DEBUG 	Upload of Texture Font fontname complete
12.6909 	EXP 	window1: Attempting to measure frame rate of screen (0) ...
12.6909 	EXP 	window1: recordFrameIntervals = False
12.8064 	EXP 	window1: recordFrameIntervals = True
13.6481 	WARNING 	Couldn't measure a consistent frame rate!
  - Is your graphics card set to sync to vertical blank?
  - Are you running other processes on your computer?

13.6557 	DEBUG 	TextBox2 loaded 1 chars with 0 blanks and 1 valid
13.6562 	DEBUG 	TextBox2 loaded 1 chars with 0 blanks and 1 valid
13.6571 	DEBUG 	TextBox2 loaded 1 chars with 0 blanks and 1 valid
13.6582 	DEBUG 	TextBox2 loaded 1 chars with 0 blanks and 1 valid
13.6591 	DEBUG 	TextBox2 loaded 1 chars with 0 blanks and 1 valid
13.6601 	DEBUG 	TextBox2 loaded 1 chars with 0 blanks and 1 valid
13.6605 	DEBUG 	TextBox2 loaded 1 chars with 0 blanks and 1 valid
13.6614 	DEBUG 	TextBox2 loaded 1 chars with 0 blanks and 1 valid
13.6623 	DEBUG 	TextBox2 loaded 1 chars with 0 blanks and 1 valid
13.6632 	DEBUG 	TextBox2 loaded 1 chars with 0 blanks and 1 valid
13.6634 	DEBUG 	Uploading Texture Font fontname to graphics card
13.6663 	DEBUG 	Upload of Texture Font fontname complete
13.6822 	WARNING 	launchHubServer: If using the iohub mouse or eyetracker devices, fullScr should be True.
15.8370 	INFO 	keyboard.Keyboard is using iohub backend.
15.8370 	INFO 	keyboard.Keyboard is using iohub backend.
15.8371 	INFO 	keyboard.Keyboard is using iohub backend.
15.8371 	INFO 	keyboard.Keyboard is using iohub backend.
15.8371 	INFO 	keyboard.Keyboard is using iohub backend.
15.8371 	EXP 	resting_state_demo: status = STARTED
15.9022 	EXP 	Created image_welcome = ImageStim(__class__=<class 'psychopy.visual.image.ImageStim'>, anchor=('center', 'center'), autoLog=True, color=array([1., 1., 1.]), colorSpace='rgb', contrast=1.0, depth=0.0, draggable=False, flipHoriz=False, flipVert=False, image='stimuli/welcome.png', interpolate=True, mask=None, maskParams=None, name='image_welcome', opacity=1, ori=0.0, pos=array([0., 0.]), size=array([0.8, 0.6]), texRes=128.0, units='height', win=Window(...))
15.9145 	EXP 	Created text_refresh = TextStim(__class__=<class 'psychopy.visual.text.TextStim'>, alignHoriz=method-wrapper(...), alignText='center', alignVert=method-wrapper(...), anchorHoriz='center', anchorVert='center', antialias=True, autoDraw=False, autoLog=True, bold=False, color=array([1., 1., 1.]), colorSpace='rgb', contrast=1.0, depth=0.0, draggable=False, flipHoriz=False, flipVert=False, font='Arial', fontFiles=[], height=0.05, italic=False, languageStyle='LTR', name='text_refresh', opacity=1, ori=0.0, pos=array([0., 0.]), rgb=UNKNOWN, text='', units='height', win=Window(...), wrapWidth=1)
15.9273 	EXP 	Created rate_emotion_prompt = TextStim(__class__=<class 'psychopy.visual.text.TextStim'>, alignHoriz=method-wrapper(...), alignText='center', alignVert=method-wrapper(...), anchorHoriz='center', anchorVert='center', antialias=True, autoDraw=False, autoLog=True, bold=False, color=array([1., 1., 1.]), colorSpace='rgb', contrast=1.0, depth=0.0, draggable=False, flipHoriz=False, flipVert=False, font='Arial', fontFiles=[], height=0.05, italic=False, languageStyle='LTR', name='rate_emotion_prompt', opacity=1, ori=0.0, pos=array([0. , 0.2]), rgb=UNKNOWN, text=str(...), units='height', win=Window(...), wrapWidth=1)
15.9413 	DEBUG 	TextBox2 loaded 1 chars with 0 blanks and 1 valid
15.9417 	DEBUG 	TextBox2 loaded 1 chars with 0 blanks and 1 valid
15.9420 	DEBUG 	TextBox2 loaded 1 chars with 0 blanks and 1 valid
15.9423 	DEBUG 	TextBox2 loaded 1 chars with 0 blanks and 1 valid
15.9425 	DEBUG 	TextBox2 loaded 1 chars with 0 blanks and 1 valid
15.9428 	DEBUG 	TextBox2 loaded 1 chars with 0 blanks and 1 valid
15.9431 	DEBUG 	TextBox2 loaded 1 chars with 0 blanks and 1 valid
15.9434 	DEBUG 	TextBox2 loaded 1 chars with 0 blanks and 1 valid
15.9436 	DEBUG 	TextBox2 loaded 1 chars with 0 blanks and 1 valid
15.9439 	DEBUG 	TextBox2 loaded 1 chars with 0 blanks and 1 valid
15.9443 	DEBUG 	TextBox2 loaded 1 chars with 0 blanks and 1 valid
15.9446 	DEBUG 	TextBox2 loaded 1 chars with 0 blanks and 1 valid
15.9448 	DEBUG 	Uploading Texture Font fontname to graphics card
15.9469 	DEBUG 	Upload of Texture Font fontname complete
15.9496 	DEBUG 	TextBox2 loaded 1 chars with 0 blanks and 1 valid
15.9499 	DEBUG 	TextBox2 loaded 1 chars with 0 blanks and 1 valid
15.9500 	DEBUG 	Uploading Texture Font fontname to graphics card
15.9514 	DEBUG 	Upload of Texture Font fontname complete
15.9677 	DEBUG 	TextBox2 loaded 1 chars with 0 blanks and 1 valid
15.9680 	DEBUG 	TextBox2 loaded 1 chars with 0 blanks and 1 valid
15.9681 	DEBUG 	Uploading Texture Font fontname to graphics card
15.9695 	DEBUG 	Upload of Texture Font fontname complete
16.0081 	EXP 	Created slider_emotion = Slider(__class__=<class 'psychopy.visual.slider.Slider'>, autoDraw=False, autoLog=True, borderColor=None, color=None, colorSpace='rgb', depth=-1, fillColor=None, flip=False, font='Arial', granularity=1.0, labelColor=None, labelHeight=0.035, labelWrapWidth=None, labels=list(...), lineColor=None, markerColor=None, name='slider_emotion', opacity=None, ori=0.0, pos=array([ 0. , -0.1]), readOnly=False, self=UNKNOWN, size=array([1. , 0.1]), startValue=5, style='rating', styleTweaks=[], ticks=array([1, 2, 3, 4, 5, 6, 7, 8, 9]), units='height', win=Window(...))
16.0086 	EXP 	Created text_refresh = TextStim(__class__=<class 'psychopy.visual.text.TextStim'>, alignHoriz=method-wrapper(...), alignText='center', alignVert=method-wrapper(...), anchorHoriz='center', anchorVert='center', antialias=True, autoDraw=False, autoLog=True, bold=False, color=array([1., 1., 1.]), colorSpace='rgb', contrast=1.0, depth=0.0, draggable=False, flipHoriz=False, flipVert=False, font='Arial', fontFiles=[], height=0.05, italic=False, languageStyle='LTR', name='text_refresh', opacity=1, ori=0.0, pos=array([0., 0.]), rgb=UNKNOWN, text='', units='height', win=Window(...), wrapWidth=1)
16.0114 	EXP 	Created wait4trigger_text = TextStim(__class__=<class 'psychopy.visual.text.TextStim'>, alignHoriz=method-wrapper(...), alignText='center', alignVert=method-wrapper(...), anchorHoriz='center', anchorVert='center', antialias=True, autoDraw=False, autoLog=True, bold=False, color=array([1., 1., 1.]), colorSpace='rgb', contrast=1.0, depth=0.0, draggable=False, flipHoriz=False, flipVert=False, font='Arial', fontFiles=[], height=0.05, italic=False, languageStyle='LTR', name='wait4trigger_text', opacity=1, ori=0.0, pos=array([0., 0.]), rgb=UNKNOWN, text='Please wait for the scan to start.', units='height', win=Window(...), wrapWidth=1)
16.0127 	EXP 	Created fake_stimulus_text = TextStim(__class__=<class 'psychopy.visual.text.TextStim'>, alignHoriz=method-wrapper(...), alignText='center', alignVert=method-wrapper(...), anchorHoriz='center', anchorVert='center', antialias=True, autoDraw=False, autoLog=True, bold=False, color=array([1., 1., 1.]), colorSpace='rgb', contrast=1.0, depth=0.0, draggable=False, flipHoriz=False, flipVert=False, font='Arial', fontFiles=[], height=0.05, italic=False, languageStyle='LTR', name='fake_stimulus_text', opacity=1, ori=0.0, pos=array([0., 0.]), rgb=UNKNOWN, text='Please wait for the scan to start.', units='height', win=Window(...), wrapWidth=1)
16.0141 	EXP 	Created fixation = TextStim(__class__=<class 'psychopy.visual.text.TextStim'>, alignHoriz=method-wrapper(...), alignText='center', alignVert=method-wrapper(...), anchorHoriz='center', anchorVert='center', antialias=True, autoDraw=False, autoLog=True, bold=False, color=array([1., 1., 1.]), colorSpace='rgb', contrast=1.0, depth=0.0, draggable=False, flipHoriz=False, flipVert=False, font='Arial', fontFiles=[], height=0.4, italic=False, languageStyle='LTR', name='fixation', opacity=1, ori=0.0, pos=array([0., 0.]), rgb=UNKNOWN, text='+', units='height', win=Window(...), wrapWidth=1)
16.0146 	EXP 	Created text_refresh = TextStim(__class__=<class 'psychopy.visual.text.TextStim'>, alignHoriz=method-wrapper(...), alignText='center', alignVert=method-wrapper(...), anchorHoriz='center', anchorVert='center', antialias=True, autoDraw=False, autoLog=True, bold=False, color=array([1., 1., 1.]), colorSpace='rgb', contrast=1.0, depth=0.0, draggable=False, flipHoriz=False, flipVert=False, font='Arial', fontFiles=[], height=0.05, italic=False, languageStyle='LTR', name='text_refresh', opacity=1, ori=0.0, pos=array([0., 0.]), rgb=UNKNOWN, text='', units='height', win=Window(...), wrapWidth=1)
16.0162 	EXP 	Created rate_emotion_prompt = TextStim(__class__=<class 'psychopy.visual.text.TextStim'>, alignHoriz=method-wrapper(...), alignText='center', alignVert=method-wrapper(...), anchorHoriz='center', anchorVert='center', antialias=True, autoDraw=False, autoLog=True, bold=False, color=array([1., 1., 1.]), colorSpace='rgb', contrast=1.0, depth=0.0, draggable=False, flipHoriz=False, flipVert=False, font='Arial', fontFiles=[], height=0.05, italic=False, languageStyle='LTR', name='rate_emotion_prompt', opacity=1, ori=0.0, pos=array([0. , 0.2]), rgb=UNKNOWN, text=str(...), units='height', win=Window(...), wrapWidth=1)
16.0755 	EXP 	Created slider_emotion = Slider(__class__=<class 'psychopy.visual.slider.Slider'>, autoDraw=False, autoLog=True, borderColor=None, color=None, colorSpace='rgb', depth=-1, fillColor=None, flip=False, font='Arial', granularity=1.0, labelColor=None, labelHeight=0.035, labelWrapWidth=None, labels=list(...), lineColor=None, markerColor=None, name='slider_emotion', opacity=None, ori=0.0, pos=array([ 0. , -0.1]), readOnly=False, self=UNKNOWN, size=array([1. , 0.1]), startValue=5, style='rating', styleTweaks=[], ticks=array([1, 2, 3, 4, 5, 6, 7, 8, 9]), units='height', win=Window(...))
16.0761 	EXP 	Created text_refresh = TextStim(__class__=<class 'psychopy.visual.text.TextStim'>, alignHoriz=method-wrapper(...), alignText='center', alignVert=method-wrapper(...), anchorHoriz='center', anchorVert='center', antialias=True, autoDraw=False, autoLog=True, bold=False, color=array([1., 1., 1.]), colorSpace='rgb', contrast=1.0, depth=0.0, draggable=False, flipHoriz=False, flipVert=False, font='Arial', fontFiles=[], height=0.05, italic=False, languageStyle='LTR', name='text_refresh', opacity=1, ori=0.0, pos=array([0., 0.]), rgb=UNKNOWN, text='', units='height', win=Window(...), wrapWidth=1)
16.0785 	EXP 	Created main_body_questionnaire = TextStim(__class__=<class 'psychopy.visual.text.TextStim'>, alignHoriz=method-wrapper(...), alignText='center', alignVert=method-wrapper(...), anchorHoriz='center', anchorVert='center', antialias=True, autoDraw=False, autoLog=True, bold=False, color=array([1., 1., 1.]), colorSpace='rgb', contrast=1.0, depth=0.0, draggable=False, flipHoriz=False, flipVert=False, font='Arial', fontFiles=[], height=0.05, italic=False, languageStyle='LTR', name='main_body_questionnaire', opacity=1, ori=0.0, pos=array([0. , 0.3]), rgb=UNKNOWN, text='During the MRI my thoughts:', units='height', win=Window(...), wrapWidth=1)
16.0788 	EXP 	Created item_text = TextStim(__class__=<class 'psychopy.visual.text.TextStim'>, alignHoriz=method-wrapper(...), alignText='center', alignVert=method-wrapper(...), anchorHoriz='center', anchorVert='center', antialias=True, autoDraw=False, autoLog=True, bold=False, color=array([1., 1., 1.]), colorSpace='rgb', contrast=1.0, depth=-1.0, draggable=False, flipHoriz=False, flipVert=False, font='Arial', fontFiles=[], height=0.05, italic=False, languageStyle='LTR', name='item_text', opacity=1, ori=0.0, pos=array([0. , 0.1]), rgb=UNKNOWN, text='', units='height', win=Window(...), wrapWidth=1)
16.1016 	DEBUG 	TextBox2 loaded 1 chars with 0 blanks and 1 valid
16.1020 	DEBUG 	TextBox2 loaded 1 chars with 0 blanks and 1 valid
16.1024 	DEBUG 	TextBox2 loaded 1 chars with 0 blanks and 1 valid
16.1027 	DEBUG 	TextBox2 loaded 1 chars with 0 blanks and 1 valid
16.1028 	DEBUG 	Uploading Texture Font fontname to graphics card
16.1043 	DEBUG 	Upload of Texture Font fontname complete
16.1233 	DEBUG 	TextBox2 loaded 1 chars with 0 blanks and 1 valid
16.1234 	DEBUG 	Uploading Texture Font fontname to graphics card
16.1249 	DEBUG 	Upload of Texture Font fontname complete
16.1433 	EXP 	Created slider_thinking_content = Slider(__class__=<class 'psychopy.visual.slider.Slider'>, autoDraw=False, autoLog=True, borderColor=None, color=None, colorSpace='rgb', depth=-2, fillColor=None, flip=False, font='Arial', granularity=1.0, labelColor=None, labelHeight=0.035, labelWrapWidth=None, labels=list(...), lineColor=None, markerColor=None, name='slider_thinking_content', opacity=None, ori=0.0, pos=array([ 0. , -0.1]), readOnly=False, self=UNKNOWN, size=array([1. , 0.1]), startValue=5, style='rating', styleTweaks=[], ticks=array([1, 2, 3, 4, 5, 6, 7, 8, 9]), units='height', win=Window(...))
16.1439 	EXP 	Created text_refresh = TextStim(__class__=<class 'psychopy.visual.text.TextStim'>, alignHoriz=method-wrapper(...), alignText='center', alignVert=method-wrapper(...), anchorHoriz='center', anchorVert='center', antialias=True, autoDraw=False, autoLog=True, bold=False, color=array([1., 1., 1.]), colorSpace='rgb', contrast=1.0, depth=0.0, draggable=False, flipHoriz=False, flipVert=False, font='Arial', fontFiles=[], height=0.05, italic=False, languageStyle='LTR', name='text_refresh', opacity=1, ori=0.0, pos=array([0., 0.]), rgb=UNKNOWN, text='', units='height', win=Window(...), wrapWidth=1)
16.1483 	EXP 	Created goodbye_text = TextStim(__class__=<class 'psychopy.visual.text.TextStim'>, alignHoriz=method-wrapper(...), alignText='center', alignVert=method-wrapper(...), anchorHoriz='center', anchorVert='center', antialias=True, autoDraw=False, autoLog=True, bold=False, color=array([1., 1., 1.]), colorSpace='rgb', contrast=1.0, depth=0.0, draggable=False, flipHoriz=False, flipVert=False, font='Arial', fontFiles=[], height=0.05, italic=False, languageStyle='LTR', name='goodbye_text', opacity=1, ori=0.0, pos=array([0., 0.]), rgb=UNKNOWN, text=str(...), units='height', win=Window(...), wrapWidth=1)
0.0050 	EXP 	slider_emotion: autoLog = True
0.0050 	EXP 	slider_emotion: styleTweaks = []
0.0050 	EXP 	slider_emotion: styleTweaks = []
0.0050 	EXP 	slider_emotion: styleTweaks = []
0.0050 	EXP 	slider_emotion: styleTweaks = []
0.0050 	EXP 	slider_emotion: contrast = 1.0
0.0050 	EXP 	slider_emotion: markerPos = 5
0.0050 	EXP 	slider_emotion: autoLog = True
0.0050 	EXP 	slider_emotion: autoLog = True
0.0050 	EXP 	slider_emotion: styleTweaks = []
0.0050 	EXP 	slider_emotion: styleTweaks = []
0.0050 	EXP 	slider_emotion: styleTweaks = []
0.0050 	EXP 	slider_emotion: styleTweaks = []
0.0050 	EXP 	slider_emotion: contrast = 1.0
0.0050 	EXP 	slider_emotion: markerPos = 5
0.0050 	EXP 	slider_emotion: autoLog = True
0.0050 	EXP 	slider_thinking_content: autoLog = True
0.0050 	EXP 	slider_thinking_content: styleTweaks = []
0.0050 	EXP 	slider_thinking_content: styleTweaks = []
0.0050 	EXP 	slider_thinking_content: styleTweaks = []
0.0050 	EXP 	slider_thinking_content: styleTweaks = []
0.0050 	EXP 	slider_thinking_content: contrast = 1.0
0.0050 	EXP 	slider_thinking_content: markerPos = 5
0.0050 	EXP 	slider_thinking_content: autoLog = True
0.0141 	INFO 	Keyboard events cleared
0.0138 	EXP 	image_welcome: autoDraw = True
3.2525 	WARNING 	t of last frame was 23.33ms (=1/42)
3.2722 	DATA 	Keypress: escape
3.2758 	WARNING 	t of last frame was 23.25ms (=1/43)
3.3277 	EXP 	resting_state_demo: status = STOPPED
3.3303 	EXP 	image_welcome: autoDraw = False
3.3313 	EXP 	resting_state_demo: status = STOPPED
3.3335 	INFO 	saved data to '/Users/Chenxiao/Documents/project_codes/RST_Chinese_beta/data/999_resting_state_demo_2025-06-11_17h16.05.266.csv'
3.3337 	INFO 	saved data to /Users/Chenxiao/Documents/project_codes/RST_Chinese_beta/data/999_resting_state_demo_2025-06-11_17h16.05.266.psydat
3.7304 	DEBUG 	Saving data for resting_state_demo ExperimentHandler
