10.8852 	WARNING 	Font Manager failed to load file /System/Library/PrivateFrameworks/FontServices.framework/Resources/Reserved/PingFangUI.ttc
12.6933 	DEBUG 	Fullscreen settings ignored as running in pilot mode.
12.6944 	INFO 	Loaded monitor calibration from ['2022_04_19 09:31']
12.6948 	WARNING 	This monitor has not been color-calibrated. Using default DKL conversion matrix.
12.7860 	WARNING 	This monitor has not been color-calibrated. Using default DKL conversion matrix.
12.7862 	WARNING 	This monitor has not been color-calibrated. Using default DKL conversion matrix.
12.8420 	EXP 	Created window1 = Window(allowGUI=False, allowStencil=False, autoLog=True, backendConf=UNKNOWN, backgroundFit=<method-wrapper '__getattribute__' of attributeSetter object at 0x180d5bd60>, backgroundImage=<method-wrapper '__getattribute__' of attributeSetter object at 0x180d5bd00>, bitsMode=UNKNOWN, blendMode='avg', bpc=(8, 8, 8), color=array([0, 0, 0]), colorSpace='dkl', depthBits=8, fullscr=False, gamma=None, gammaErrorPolicy='raise', infoMsg=UNKNOWN, lms=UNKNOWN, monitor=<psychopy.monitors.calibTools.Monitor object at 0x180e00730>, multiSample=False, name='window1', numSamples=2, pos=[560.0, 240.0], screen=0, size=array([1600, 1200]), stencilBits=0, stereo=False, title='PsychoPy', units='height', useFBO=True, useRetina=True, viewOri=0.0, viewPos=None, viewScale=None, waitBlanking=True, winType='pyglet')
12.8420 	EXP 	window1: backgroundImage = ''
12.8420 	EXP 	window1: backgroundFit = 'none'
12.8492 	DEBUG 	TextBox2 loaded 1 chars with 0 blanks and 1 valid
12.8497 	DEBUG 	TextBox2 loaded 1 chars with 0 blanks and 1 valid
12.8501 	DEBUG 	TextBox2 loaded 1 chars with 0 blanks and 1 valid
12.8508 	DEBUG 	TextBox2 loaded 1 chars with 0 blanks and 1 valid
12.8513 	DEBUG 	TextBox2 loaded 1 chars with 0 blanks and 1 valid
12.8515 	DEBUG 	TextBox2 loaded 1 chars with 0 blanks and 1 valid
12.8519 	DEBUG 	TextBox2 loaded 1 chars with 0 blanks and 1 valid
12.8524 	DEBUG 	TextBox2 loaded 1 chars with 0 blanks and 1 valid
12.8526 	DEBUG 	TextBox2 loaded 1 chars with 0 blanks and 1 valid
12.8528 	DEBUG 	TextBox2 loaded 1 chars with 0 blanks and 1 valid
12.8532 	DEBUG 	TextBox2 loaded 1 chars with 0 blanks and 1 valid
12.8535 	DEBUG 	TextBox2 loaded 1 chars with 0 blanks and 1 valid
12.8539 	DEBUG 	TextBox2 loaded 1 chars with 0 blanks and 1 valid
12.8543 	DEBUG 	TextBox2 loaded 1 chars with 0 blanks and 1 valid
12.8547 	DEBUG 	TextBox2 loaded 1 chars with 0 blanks and 1 valid
12.8551 	DEBUG 	TextBox2 loaded 1 chars with 0 blanks and 1 valid
12.8555 	DEBUG 	TextBox2 loaded 1 chars with 0 blanks and 1 valid
12.8557 	DEBUG 	TextBox2 loaded 1 chars with 0 blanks and 1 valid
12.8560 	DEBUG 	TextBox2 loaded 1 chars with 0 blanks and 1 valid
12.8565 	DEBUG 	TextBox2 loaded 1 chars with 0 blanks and 1 valid
12.8568 	DEBUG 	TextBox2 loaded 1 chars with 0 blanks and 1 valid
12.8570 	DEBUG 	Uploading Texture Font fontname to graphics card
12.8603 	DEBUG 	Upload of Texture Font fontname complete
12.8645 	DEBUG 	TextBox2 loaded 1 chars with 0 blanks and 1 valid
12.8651 	DEBUG 	TextBox2 loaded 1 chars with 0 blanks and 1 valid
12.8656 	DEBUG 	TextBox2 loaded 1 chars with 0 blanks and 1 valid
12.8658 	DEBUG 	Uploading Texture Font fontname to graphics card
12.8674 	DEBUG 	Upload of Texture Font fontname complete
12.8686 	EXP 	window1: Attempting to measure frame rate of screen (0) ...
12.8686 	EXP 	window1: recordFrameIntervals = False
12.9902 	EXP 	window1: recordFrameIntervals = True
13.8239 	WARNING 	Couldn't measure a consistent frame rate!
  - Is your graphics card set to sync to vertical blank?
  - Are you running other processes on your computer?

13.8299 	DEBUG 	TextBox2 loaded 1 chars with 0 blanks and 1 valid
13.8303 	DEBUG 	TextBox2 loaded 1 chars with 0 blanks and 1 valid
13.8310 	DEBUG 	TextBox2 loaded 1 chars with 0 blanks and 1 valid
13.8319 	DEBUG 	TextBox2 loaded 1 chars with 0 blanks and 1 valid
13.8327 	DEBUG 	TextBox2 loaded 1 chars with 0 blanks and 1 valid
13.8335 	DEBUG 	TextBox2 loaded 1 chars with 0 blanks and 1 valid
13.8338 	DEBUG 	TextBox2 loaded 1 chars with 0 blanks and 1 valid
13.8345 	DEBUG 	TextBox2 loaded 1 chars with 0 blanks and 1 valid
13.8353 	DEBUG 	TextBox2 loaded 1 chars with 0 blanks and 1 valid
13.8360 	DEBUG 	TextBox2 loaded 1 chars with 0 blanks and 1 valid
13.8363 	DEBUG 	Uploading Texture Font fontname to graphics card
13.8386 	DEBUG 	Upload of Texture Font fontname complete
13.8520 	WARNING 	launchHubServer: If using the iohub mouse or eyetracker devices, fullScr should be True.
15.9844 	INFO 	keyboard.Keyboard is using iohub backend.
15.9844 	INFO 	keyboard.Keyboard is using iohub backend.
15.9844 	INFO 	keyboard.Keyboard is using iohub backend.
15.9845 	INFO 	keyboard.Keyboard is using iohub backend.
15.9845 	INFO 	keyboard.Keyboard is using iohub backend.
15.9845 	EXP 	resting_state_demo: status = STARTED
16.0224 	EXP 	Created text_welcome = TextStim(__class__=<class 'psychopy.visual.text.TextStim'>, alignHoriz=method-wrapper(...), alignText='center', alignVert=method-wrapper(...), anchorHoriz='center', anchorVert='center', antialias=True, autoDraw=False, autoLog=True, bold=False, color=array([1., 1., 1.]), colorSpace='rgb', contrast=1.0, depth=0.0, draggable=False, flipHoriz=False, flipVert=False, font='Heiti SC', fontFiles=[], height=0.05, italic=False, languageStyle='LTR', name='text_welcome', opacity=1, ori=0.0, pos=array([0., 0.]), rgb=UNKNOWN, text=str(...), units='height', win=Window(...), wrapWidth=1)
16.0243 	EXP 	Created text_refresh = TextStim(__class__=<class 'psychopy.visual.text.TextStim'>, alignHoriz=method-wrapper(...), alignText='center', alignVert=method-wrapper(...), anchorHoriz='center', anchorVert='center', antialias=True, autoDraw=False, autoLog=True, bold=False, color=array([1., 1., 1.]), colorSpace='rgb', contrast=1.0, depth=0.0, draggable=False, flipHoriz=False, flipVert=False, font='Arial', fontFiles=[], height=0.05, italic=False, languageStyle='LTR', name='text_refresh', opacity=1, ori=0.0, pos=array([0., 0.]), rgb=UNKNOWN, text='', units='height', win=Window(...), wrapWidth=1)
16.0307 	EXP 	Created rate_emotion_prompt = TextStim(__class__=<class 'psychopy.visual.text.TextStim'>, alignHoriz=method-wrapper(...), alignText='center', alignVert=method-wrapper(...), anchorHoriz='center', anchorVert='center', antialias=True, autoDraw=False, autoLog=True, bold=False, color=array([1., 1., 1.]), colorSpace='rgb', contrast=1.0, depth=0.0, draggable=False, flipHoriz=False, flipVert=False, font='Arial', fontFiles=[], height=0.05, italic=False, languageStyle='LTR', name='rate_emotion_prompt', opacity=1, ori=0.0, pos=array([0. , 0.2]), rgb=UNKNOWN, text=str(...), units='height', win=Window(...), wrapWidth=1)
16.0448 	DEBUG 	TextBox2 loaded 1 chars with 0 blanks and 1 valid
16.0452 	DEBUG 	TextBox2 loaded 1 chars with 0 blanks and 1 valid
16.0455 	DEBUG 	TextBox2 loaded 1 chars with 0 blanks and 1 valid
16.0459 	DEBUG 	TextBox2 loaded 1 chars with 0 blanks and 1 valid
16.0461 	DEBUG 	TextBox2 loaded 1 chars with 0 blanks and 1 valid
16.0463 	DEBUG 	TextBox2 loaded 1 chars with 0 blanks and 1 valid
16.0466 	DEBUG 	TextBox2 loaded 1 chars with 0 blanks and 1 valid
16.0469 	DEBUG 	TextBox2 loaded 1 chars with 0 blanks and 1 valid
16.0471 	DEBUG 	TextBox2 loaded 1 chars with 0 blanks and 1 valid
16.0475 	DEBUG 	TextBox2 loaded 1 chars with 0 blanks and 1 valid
16.0479 	DEBUG 	TextBox2 loaded 1 chars with 0 blanks and 1 valid
16.0483 	DEBUG 	TextBox2 loaded 1 chars with 0 blanks and 1 valid
16.0484 	DEBUG 	Uploading Texture Font fontname to graphics card
16.0506 	DEBUG 	Upload of Texture Font fontname complete
16.0535 	DEBUG 	TextBox2 loaded 1 chars with 0 blanks and 1 valid
16.0538 	DEBUG 	TextBox2 loaded 1 chars with 0 blanks and 1 valid
16.0539 	DEBUG 	Uploading Texture Font fontname to graphics card
16.0554 	DEBUG 	Upload of Texture Font fontname complete
16.0721 	DEBUG 	TextBox2 loaded 1 chars with 0 blanks and 1 valid
16.0724 	DEBUG 	TextBox2 loaded 1 chars with 0 blanks and 1 valid
16.0725 	DEBUG 	Uploading Texture Font fontname to graphics card
16.0739 	DEBUG 	Upload of Texture Font fontname complete
16.1127 	EXP 	Created slider_emotion = Slider(__class__=<class 'psychopy.visual.slider.Slider'>, autoDraw=False, autoLog=True, borderColor=None, color=None, colorSpace='rgb', depth=-1, fillColor=None, flip=False, font='Arial', granularity=1.0, labelColor=None, labelHeight=0.035, labelWrapWidth=None, labels=list(...), lineColor=None, markerColor=None, name='slider_emotion', opacity=None, ori=0.0, pos=array([ 0. , -0.1]), readOnly=False, self=UNKNOWN, size=array([1. , 0.1]), startValue=5, style='rating', styleTweaks=[], ticks=array([1, 2, 3, 4, 5, 6, 7, 8, 9]), units='height', win=Window(...))
16.1133 	EXP 	Created text_refresh = TextStim(__class__=<class 'psychopy.visual.text.TextStim'>, alignHoriz=method-wrapper(...), alignText='center', alignVert=method-wrapper(...), anchorHoriz='center', anchorVert='center', antialias=True, autoDraw=False, autoLog=True, bold=False, color=array([1., 1., 1.]), colorSpace='rgb', contrast=1.0, depth=0.0, draggable=False, flipHoriz=False, flipVert=False, font='Arial', fontFiles=[], height=0.05, italic=False, languageStyle='LTR', name='text_refresh', opacity=1, ori=0.0, pos=array([0., 0.]), rgb=UNKNOWN, text='', units='height', win=Window(...), wrapWidth=1)
16.1165 	EXP 	Created wait4trigger_text = TextStim(__class__=<class 'psychopy.visual.text.TextStim'>, alignHoriz=method-wrapper(...), alignText='center', alignVert=method-wrapper(...), anchorHoriz='center', anchorVert='center', antialias=True, autoDraw=False, autoLog=True, bold=False, color=array([1., 1., 1.]), colorSpace='rgb', contrast=1.0, depth=0.0, draggable=False, flipHoriz=False, flipVert=False, font='Arial', fontFiles=[], height=0.05, italic=False, languageStyle='LTR', name='wait4trigger_text', opacity=1, ori=0.0, pos=array([0., 0.]), rgb=UNKNOWN, text='Please wait for the scan to start.', units='height', win=Window(...), wrapWidth=1)
16.1178 	EXP 	Created fake_stimulus_text = TextStim(__class__=<class 'psychopy.visual.text.TextStim'>, alignHoriz=method-wrapper(...), alignText='center', alignVert=method-wrapper(...), anchorHoriz='center', anchorVert='center', antialias=True, autoDraw=False, autoLog=True, bold=False, color=array([1., 1., 1.]), colorSpace='rgb', contrast=1.0, depth=0.0, draggable=False, flipHoriz=False, flipVert=False, font='Arial', fontFiles=[], height=0.05, italic=False, languageStyle='LTR', name='fake_stimulus_text', opacity=1, ori=0.0, pos=array([0., 0.]), rgb=UNKNOWN, text='Please wait for the scan to start.', units='height', win=Window(...), wrapWidth=1)
16.1195 	EXP 	Created fixation = TextStim(__class__=<class 'psychopy.visual.text.TextStim'>, alignHoriz=method-wrapper(...), alignText='center', alignVert=method-wrapper(...), anchorHoriz='center', anchorVert='center', antialias=True, autoDraw=False, autoLog=True, bold=False, color=array([1., 1., 1.]), colorSpace='rgb', contrast=1.0, depth=0.0, draggable=False, flipHoriz=False, flipVert=False, font='Arial', fontFiles=[], height=0.4, italic=False, languageStyle='LTR', name='fixation', opacity=1, ori=0.0, pos=array([0., 0.]), rgb=UNKNOWN, text='+', units='height', win=Window(...), wrapWidth=1)
16.1200 	EXP 	Created text_refresh = TextStim(__class__=<class 'psychopy.visual.text.TextStim'>, alignHoriz=method-wrapper(...), alignText='center', alignVert=method-wrapper(...), anchorHoriz='center', anchorVert='center', antialias=True, autoDraw=False, autoLog=True, bold=False, color=array([1., 1., 1.]), colorSpace='rgb', contrast=1.0, depth=0.0, draggable=False, flipHoriz=False, flipVert=False, font='Arial', fontFiles=[], height=0.05, italic=False, languageStyle='LTR', name='text_refresh', opacity=1, ori=0.0, pos=array([0., 0.]), rgb=UNKNOWN, text='', units='height', win=Window(...), wrapWidth=1)
16.1229 	EXP 	Created rate_emotion_prompt = TextStim(__class__=<class 'psychopy.visual.text.TextStim'>, alignHoriz=method-wrapper(...), alignText='center', alignVert=method-wrapper(...), anchorHoriz='center', anchorVert='center', antialias=True, autoDraw=False, autoLog=True, bold=False, color=array([1., 1., 1.]), colorSpace='rgb', contrast=1.0, depth=0.0, draggable=False, flipHoriz=False, flipVert=False, font='Arial', fontFiles=[], height=0.05, italic=False, languageStyle='LTR', name='rate_emotion_prompt', opacity=1, ori=0.0, pos=array([0. , 0.2]), rgb=UNKNOWN, text=str(...), units='height', win=Window(...), wrapWidth=1)
16.1825 	EXP 	Created slider_emotion = Slider(__class__=<class 'psychopy.visual.slider.Slider'>, autoDraw=False, autoLog=True, borderColor=None, color=None, colorSpace='rgb', depth=-1, fillColor=None, flip=False, font='Arial', granularity=1.0, labelColor=None, labelHeight=0.035, labelWrapWidth=None, labels=list(...), lineColor=None, markerColor=None, name='slider_emotion', opacity=None, ori=0.0, pos=array([ 0. , -0.1]), readOnly=False, self=UNKNOWN, size=array([1. , 0.1]), startValue=5, style='rating', styleTweaks=[], ticks=array([1, 2, 3, 4, 5, 6, 7, 8, 9]), units='height', win=Window(...))
16.1832 	EXP 	Created text_refresh = TextStim(__class__=<class 'psychopy.visual.text.TextStim'>, alignHoriz=method-wrapper(...), alignText='center', alignVert=method-wrapper(...), anchorHoriz='center', anchorVert='center', antialias=True, autoDraw=False, autoLog=True, bold=False, color=array([1., 1., 1.]), colorSpace='rgb', contrast=1.0, depth=0.0, draggable=False, flipHoriz=False, flipVert=False, font='Arial', fontFiles=[], height=0.05, italic=False, languageStyle='LTR', name='text_refresh', opacity=1, ori=0.0, pos=array([0., 0.]), rgb=UNKNOWN, text='', units='height', win=Window(...), wrapWidth=1)
16.1859 	EXP 	Created main_body_questionnaire = TextStim(__class__=<class 'psychopy.visual.text.TextStim'>, alignHoriz=method-wrapper(...), alignText='center', alignVert=method-wrapper(...), anchorHoriz='center', anchorVert='center', antialias=True, autoDraw=False, autoLog=True, bold=False, color=array([1., 1., 1.]), colorSpace='rgb', contrast=1.0, depth=0.0, draggable=False, flipHoriz=False, flipVert=False, font='Arial', fontFiles=[], height=0.05, italic=False, languageStyle='LTR', name='main_body_questionnaire', opacity=1, ori=0.0, pos=array([0. , 0.3]), rgb=UNKNOWN, text='During the MRI my thoughts:', units='height', win=Window(...), wrapWidth=1)
16.1862 	EXP 	Created item_text = TextStim(__class__=<class 'psychopy.visual.text.TextStim'>, alignHoriz=method-wrapper(...), alignText='center', alignVert=method-wrapper(...), anchorHoriz='center', anchorVert='center', antialias=True, autoDraw=False, autoLog=True, bold=False, color=array([1., 1., 1.]), colorSpace='rgb', contrast=1.0, depth=-1.0, draggable=False, flipHoriz=False, flipVert=False, font='Arial', fontFiles=[], height=0.05, italic=False, languageStyle='LTR', name='item_text', opacity=1, ori=0.0, pos=array([0. , 0.1]), rgb=UNKNOWN, text='', units='height', win=Window(...), wrapWidth=1)
16.2091 	DEBUG 	TextBox2 loaded 1 chars with 0 blanks and 1 valid
16.2096 	DEBUG 	TextBox2 loaded 1 chars with 0 blanks and 1 valid
16.2100 	DEBUG 	TextBox2 loaded 1 chars with 0 blanks and 1 valid
16.2103 	DEBUG 	TextBox2 loaded 1 chars with 0 blanks and 1 valid
16.2104 	DEBUG 	Uploading Texture Font fontname to graphics card
16.2122 	DEBUG 	Upload of Texture Font fontname complete
16.2314 	DEBUG 	TextBox2 loaded 1 chars with 0 blanks and 1 valid
16.2315 	DEBUG 	Uploading Texture Font fontname to graphics card
16.2330 	DEBUG 	Upload of Texture Font fontname complete
16.2515 	EXP 	Created slider_thinking_content = Slider(__class__=<class 'psychopy.visual.slider.Slider'>, autoDraw=False, autoLog=True, borderColor=None, color=None, colorSpace='rgb', depth=-2, fillColor=None, flip=False, font='Arial', granularity=1.0, labelColor=None, labelHeight=0.035, labelWrapWidth=None, labels=list(...), lineColor=None, markerColor=None, name='slider_thinking_content', opacity=None, ori=0.0, pos=array([ 0. , -0.1]), readOnly=False, self=UNKNOWN, size=array([1. , 0.1]), startValue=5, style='rating', styleTweaks=[], ticks=array([1, 2, 3, 4, 5, 6, 7, 8, 9]), units='height', win=Window(...))
16.2521 	EXP 	Created text_refresh = TextStim(__class__=<class 'psychopy.visual.text.TextStim'>, alignHoriz=method-wrapper(...), alignText='center', alignVert=method-wrapper(...), anchorHoriz='center', anchorVert='center', antialias=True, autoDraw=False, autoLog=True, bold=False, color=array([1., 1., 1.]), colorSpace='rgb', contrast=1.0, depth=0.0, draggable=False, flipHoriz=False, flipVert=False, font='Arial', fontFiles=[], height=0.05, italic=False, languageStyle='LTR', name='text_refresh', opacity=1, ori=0.0, pos=array([0., 0.]), rgb=UNKNOWN, text='', units='height', win=Window(...), wrapWidth=1)
16.2560 	EXP 	Created goodbye_text = TextStim(__class__=<class 'psychopy.visual.text.TextStim'>, alignHoriz=method-wrapper(...), alignText='center', alignVert=method-wrapper(...), anchorHoriz='center', anchorVert='center', antialias=True, autoDraw=False, autoLog=True, bold=False, color=array([1., 1., 1.]), colorSpace='rgb', contrast=1.0, depth=0.0, draggable=False, flipHoriz=False, flipVert=False, font='Arial', fontFiles=[], height=0.05, italic=False, languageStyle='LTR', name='goodbye_text', opacity=1, ori=0.0, pos=array([0., 0.]), rgb=UNKNOWN, text=str(...), units='height', win=Window(...), wrapWidth=1)
0.0070 	EXP 	slider_emotion: autoLog = True
0.0070 	EXP 	slider_emotion: styleTweaks = []
0.0070 	EXP 	slider_emotion: styleTweaks = []
0.0070 	EXP 	slider_emotion: styleTweaks = []
0.0070 	EXP 	slider_emotion: styleTweaks = []
0.0070 	EXP 	slider_emotion: contrast = 1.0
0.0070 	EXP 	slider_emotion: markerPos = 5
0.0070 	EXP 	slider_emotion: autoLog = True
0.0070 	EXP 	slider_emotion: autoLog = True
0.0070 	EXP 	slider_emotion: styleTweaks = []
0.0070 	EXP 	slider_emotion: styleTweaks = []
0.0070 	EXP 	slider_emotion: styleTweaks = []
0.0070 	EXP 	slider_emotion: styleTweaks = []
0.0070 	EXP 	slider_emotion: contrast = 1.0
0.0070 	EXP 	slider_emotion: markerPos = 5
0.0070 	EXP 	slider_emotion: autoLog = True
0.0070 	EXP 	slider_thinking_content: autoLog = True
0.0070 	EXP 	slider_thinking_content: styleTweaks = []
0.0070 	EXP 	slider_thinking_content: styleTweaks = []
0.0070 	EXP 	slider_thinking_content: styleTweaks = []
0.0070 	EXP 	slider_thinking_content: styleTweaks = []
0.0070 	EXP 	slider_thinking_content: contrast = 1.0
0.0070 	EXP 	slider_thinking_content: markerPos = 5
0.0070 	EXP 	slider_thinking_content: autoLog = True
0.0473 	INFO 	Keyboard events cleared
0.0470 	WARNING 	t of last frame was 40.00ms (=1/24)
0.0470 	EXP 	text_welcome: autoDraw = True
6.8271 	WARNING 	t of last frame was 24.86ms (=1/40)
6.8482 	DATA 	Keypress: escape
6.8508 	WARNING 	t of last frame was 23.72ms (=1/42)
6.8866 	EXP 	resting_state_demo: status = STOPPED
6.8888 	EXP 	text_welcome: autoDraw = False
6.8897 	EXP 	resting_state_demo: status = STOPPED
6.8914 	INFO 	saved data to '/Users/Chenxiao/Documents/project_codes/RST_Chinese_beta/data/999_resting_state_demo_2025-06-10_16h41.30.902.csv'
6.8916 	INFO 	saved data to /Users/Chenxiao/Documents/project_codes/RST_Chinese_beta/data/999_resting_state_demo_2025-06-10_16h41.30.902.psydat
7.2670 	DEBUG 	Saving data for resting_state_demo ExperimentHandler
