11.7590 	WARNING 	Font Manager failed to load file /System/Library/PrivateFrameworks/FontServices.framework/Resources/Reserved/PingFangUI.ttc
15.1588 	DEBUG 	Fullscreen settings ignored as running in pilot mode.
15.1593 	INFO 	Loaded monitor calibration from ['2022_04_19 09:31']
15.1595 	WARNING 	This monitor has not been color-calibrated. Using default DKL conversion matrix.
15.2460 	WARNING 	This monitor has not been color-calibrated. Using default DKL conversion matrix.
15.2462 	WARNING 	This monitor has not been color-calibrated. Using default DKL conversion matrix.
15.3047 	EXP 	Created window1 = Window(allowGUI=False, allowStencil=False, autoLog=True, backendConf=UNKNOWN, backgroundFit=<method-wrapper '__getattribute__' of attributeSetter object at 0x17c9ffdf0>, backgroundImage=<method-wrapper '__getattribute__' of attributeSetter object at 0x17c9ffd90>, bitsMode=UNKNOWN, blendMode='avg', bpc=(8, 8, 8), color=array([0, 0, 0]), colorSpace='dkl', depthBits=8, fullscr=False, gamma=None, gammaErrorPolicy='raise', infoMsg=UNKNOWN, lms=UNKNOWN, monitor=<psychopy.monitors.calibTools.Monitor object at 0x17ca9c7c0>, multiSample=False, name='window1', numSamples=2, pos=[560.0, 240.0], screen=0, size=array([1600, 1200]), stencilBits=0, stereo=False, title='PsychoPy', units='pix', useFBO=True, useRetina=True, viewOri=0.0, viewPos=None, viewScale=None, waitBlanking=True, winType='pyglet')
15.3047 	EXP 	window1: backgroundImage = ''
15.3047 	EXP 	window1: backgroundFit = 'none'
15.3124 	DEBUG 	TextBox2 loaded 1 chars with 0 blanks and 1 valid
15.3128 	DEBUG 	TextBox2 loaded 1 chars with 0 blanks and 1 valid
15.3133 	DEBUG 	TextBox2 loaded 1 chars with 0 blanks and 1 valid
15.3138 	DEBUG 	TextBox2 loaded 1 chars with 0 blanks and 1 valid
15.3143 	DEBUG 	TextBox2 loaded 1 chars with 0 blanks and 1 valid
15.3145 	DEBUG 	TextBox2 loaded 1 chars with 0 blanks and 1 valid
15.3149 	DEBUG 	TextBox2 loaded 1 chars with 0 blanks and 1 valid
15.3155 	DEBUG 	TextBox2 loaded 1 chars with 0 blanks and 1 valid
15.3156 	DEBUG 	TextBox2 loaded 1 chars with 0 blanks and 1 valid
15.3158 	DEBUG 	TextBox2 loaded 1 chars with 0 blanks and 1 valid
15.3162 	DEBUG 	TextBox2 loaded 1 chars with 0 blanks and 1 valid
15.3166 	DEBUG 	TextBox2 loaded 1 chars with 0 blanks and 1 valid
15.3169 	DEBUG 	TextBox2 loaded 1 chars with 0 blanks and 1 valid
15.3173 	DEBUG 	TextBox2 loaded 1 chars with 0 blanks and 1 valid
15.3176 	DEBUG 	TextBox2 loaded 1 chars with 0 blanks and 1 valid
15.3181 	DEBUG 	TextBox2 loaded 1 chars with 0 blanks and 1 valid
15.3185 	DEBUG 	TextBox2 loaded 1 chars with 0 blanks and 1 valid
15.3187 	DEBUG 	TextBox2 loaded 1 chars with 0 blanks and 1 valid
15.3189 	DEBUG 	TextBox2 loaded 1 chars with 0 blanks and 1 valid
15.3194 	DEBUG 	TextBox2 loaded 1 chars with 0 blanks and 1 valid
15.3197 	DEBUG 	TextBox2 loaded 1 chars with 0 blanks and 1 valid
15.3199 	DEBUG 	Uploading Texture Font fontname to graphics card
15.3233 	DEBUG 	Upload of Texture Font fontname complete
15.3277 	DEBUG 	TextBox2 loaded 1 chars with 0 blanks and 1 valid
15.3283 	DEBUG 	TextBox2 loaded 1 chars with 0 blanks and 1 valid
15.3288 	DEBUG 	TextBox2 loaded 1 chars with 0 blanks and 1 valid
15.3290 	DEBUG 	Uploading Texture Font fontname to graphics card
15.3307 	DEBUG 	Upload of Texture Font fontname complete
15.3320 	EXP 	window1: Attempting to measure frame rate of screen (0) ...
15.3320 	EXP 	window1: recordFrameIntervals = False
15.4549 	EXP 	window1: recordFrameIntervals = True
16.2883 	WARNING 	Couldn't measure a consistent frame rate!
  - Is your graphics card set to sync to vertical blank?
  - Are you running other processes on your computer?

16.2922 	DEBUG 	TextBox2 loaded 1 chars with 0 blanks and 1 valid
16.2925 	DEBUG 	TextBox2 loaded 1 chars with 0 blanks and 1 valid
16.2930 	DEBUG 	TextBox2 loaded 1 chars with 0 blanks and 1 valid
16.2937 	DEBUG 	TextBox2 loaded 1 chars with 0 blanks and 1 valid
16.2942 	DEBUG 	TextBox2 loaded 1 chars with 0 blanks and 1 valid
16.2949 	DEBUG 	TextBox2 loaded 1 chars with 0 blanks and 1 valid
16.2951 	DEBUG 	TextBox2 loaded 1 chars with 0 blanks and 1 valid
16.2956 	DEBUG 	TextBox2 loaded 1 chars with 0 blanks and 1 valid
16.2962 	DEBUG 	TextBox2 loaded 1 chars with 0 blanks and 1 valid
16.2968 	DEBUG 	TextBox2 loaded 1 chars with 0 blanks and 1 valid
16.2970 	DEBUG 	Uploading Texture Font fontname to graphics card
16.2988 	DEBUG 	Upload of Texture Font fontname complete
16.3101 	WARNING 	launchHubServer: If using the iohub mouse or eyetracker devices, fullScr should be True.
18.9482 	INFO 	keyboard.Keyboard is using iohub backend.
18.9482 	INFO 	keyboard.Keyboard is using iohub backend.
18.9482 	INFO 	keyboard.Keyboard is using iohub backend.
18.9483 	INFO 	keyboard.Keyboard is using iohub backend.
18.9483 	INFO 	keyboard.Keyboard is using iohub backend.
18.9483 	EXP 	resting_state_demo: status = STARTED
18.9963 	EXP 	Created text_welcome = TextStim(__class__=<class 'psychopy.visual.text.TextStim'>, alignHoriz=method-wrapper(...), alignText='center', alignVert=method-wrapper(...), anchorHoriz='center', anchorVert='center', antialias=True, autoDraw=False, autoLog=True, bold=False, color=array([1., 1., 1.]), colorSpace='rgb', contrast=1.0, depth=0.0, draggable=False, flipHoriz=False, flipVert=False, font='Heiti SC', fontFiles=[], height=30.0, italic=False, languageStyle='LTR', name='text_welcome', opacity=1, ori=0.0, pos=array([0., 0.]), rgb=UNKNOWN, text=str(...), units='pix', win=Window(...), wrapWidth=600.0)
18.9987 	EXP 	Created text_refresh = TextStim(__class__=<class 'psychopy.visual.text.TextStim'>, alignHoriz=method-wrapper(...), alignText='center', alignVert=method-wrapper(...), anchorHoriz='center', anchorVert='center', antialias=True, autoDraw=False, autoLog=True, bold=False, color=array([1., 1., 1.]), colorSpace='rgb', contrast=1.0, depth=0.0, draggable=False, flipHoriz=False, flipVert=False, font='Arial', fontFiles=[], height=0.05, italic=False, languageStyle='LTR', name='text_refresh', opacity=1, ori=0.0, pos=array([0., 0.]), rgb=UNKNOWN, text='', units='pix', win=Window(...), wrapWidth=500)
19.0072 	EXP 	Created rate_emotion_prompt = TextStim(__class__=<class 'psychopy.visual.text.TextStim'>, alignHoriz=method-wrapper(...), alignText='center', alignVert=method-wrapper(...), anchorHoriz='center', anchorVert='center', antialias=True, autoDraw=False, autoLog=True, bold=False, color=array([1., 1., 1.]), colorSpace='rgb', contrast=1.0, depth=0.0, draggable=False, flipHoriz=False, flipVert=False, font='Arial', fontFiles=[], height=0.05, italic=False, languageStyle='LTR', name='rate_emotion_prompt', opacity=1, ori=0.0, pos=array([0. , 0.2]), rgb=UNKNOWN, text=str(...), units='pix', win=Window(...), wrapWidth=500)
19.0244 	DEBUG 	TextBox2 loaded 1 chars with 0 blanks and 1 valid
19.0247 	DEBUG 	TextBox2 loaded 1 chars with 0 blanks and 1 valid
19.0250 	DEBUG 	TextBox2 loaded 1 chars with 0 blanks and 1 valid
19.0252 	DEBUG 	TextBox2 loaded 1 chars with 0 blanks and 1 valid
19.0255 	DEBUG 	TextBox2 loaded 1 chars with 0 blanks and 1 valid
19.0257 	DEBUG 	TextBox2 loaded 1 chars with 0 blanks and 1 valid
19.0259 	DEBUG 	TextBox2 loaded 1 chars with 0 blanks and 1 valid
19.0261 	DEBUG 	TextBox2 loaded 1 chars with 0 blanks and 1 valid
19.0263 	DEBUG 	TextBox2 loaded 1 chars with 0 blanks and 1 valid
19.0266 	DEBUG 	TextBox2 loaded 1 chars with 0 blanks and 1 valid
19.0268 	DEBUG 	TextBox2 loaded 1 chars with 0 blanks and 1 valid
19.0270 	DEBUG 	TextBox2 loaded 1 chars with 0 blanks and 1 valid
19.0275 	DEBUG 	Uploading Texture Font fontname to graphics card
19.0302 	DEBUG 	Upload of Texture Font fontname complete
19.0337 	DEBUG 	TextBox2 loaded 1 chars with 0 blanks and 1 valid
19.0340 	DEBUG 	TextBox2 loaded 1 chars with 0 blanks and 1 valid
19.0343 	DEBUG 	Uploading Texture Font fontname to graphics card
19.0361 	DEBUG 	Upload of Texture Font fontname complete
19.0557 	DEBUG 	TextBox2 loaded 1 chars with 0 blanks and 1 valid
19.0560 	DEBUG 	TextBox2 loaded 1 chars with 0 blanks and 1 valid
19.0562 	DEBUG 	Uploading Texture Font fontname to graphics card
19.0579 	DEBUG 	Upload of Texture Font fontname complete
19.1111 	EXP 	Created slider_emotion = Slider(__class__=<class 'psychopy.visual.slider.Slider'>, autoDraw=False, autoLog=True, borderColor=None, color=None, colorSpace='rgb', depth=-1, fillColor=None, flip=False, font='Arial', granularity=1.0, labelColor=None, labelHeight=0.035, labelWrapWidth=None, labels=list(...), lineColor=None, markerColor=None, name='slider_emotion', opacity=None, ori=0.0, pos=array([ 0. , -0.1]), readOnly=False, self=UNKNOWN, size=array([1. , 0.1]), startValue=5, style='rating', styleTweaks=[], ticks=array([1, 2, 3, 4, 5, 6, 7, 8, 9]), units='pix', win=Window(...))
19.1118 	EXP 	Created text_refresh = TextStim(__class__=<class 'psychopy.visual.text.TextStim'>, alignHoriz=method-wrapper(...), alignText='center', alignVert=method-wrapper(...), anchorHoriz='center', anchorVert='center', antialias=True, autoDraw=False, autoLog=True, bold=False, color=array([1., 1., 1.]), colorSpace='rgb', contrast=1.0, depth=0.0, draggable=False, flipHoriz=False, flipVert=False, font='Arial', fontFiles=[], height=0.05, italic=False, languageStyle='LTR', name='text_refresh', opacity=1, ori=0.0, pos=array([0., 0.]), rgb=UNKNOWN, text='', units='pix', win=Window(...), wrapWidth=500)
19.1152 	EXP 	Created wait4trigger_text = TextStim(__class__=<class 'psychopy.visual.text.TextStim'>, alignHoriz=method-wrapper(...), alignText='center', alignVert=method-wrapper(...), anchorHoriz='center', anchorVert='center', antialias=True, autoDraw=False, autoLog=True, bold=False, color=array([1., 1., 1.]), colorSpace='rgb', contrast=1.0, depth=0.0, draggable=False, flipHoriz=False, flipVert=False, font='Arial', fontFiles=[], height=0.05, italic=False, languageStyle='LTR', name='wait4trigger_text', opacity=1, ori=0.0, pos=array([0., 0.]), rgb=UNKNOWN, text='Please wait for the scan to start.', units='pix', win=Window(...), wrapWidth=500)
19.1167 	EXP 	Created fake_stimulus_text = TextStim(__class__=<class 'psychopy.visual.text.TextStim'>, alignHoriz=method-wrapper(...), alignText='center', alignVert=method-wrapper(...), anchorHoriz='center', anchorVert='center', antialias=True, autoDraw=False, autoLog=True, bold=False, color=array([1., 1., 1.]), colorSpace='rgb', contrast=1.0, depth=0.0, draggable=False, flipHoriz=False, flipVert=False, font='Arial', fontFiles=[], height=0.05, italic=False, languageStyle='LTR', name='fake_stimulus_text', opacity=1, ori=0.0, pos=array([0., 0.]), rgb=UNKNOWN, text='Please wait for the scan to start.', units='pix', win=Window(...), wrapWidth=500)
19.1181 	EXP 	Created fixation = TextStim(__class__=<class 'psychopy.visual.text.TextStim'>, alignHoriz=method-wrapper(...), alignText='center', alignVert=method-wrapper(...), anchorHoriz='center', anchorVert='center', antialias=True, autoDraw=False, autoLog=True, bold=False, color=array([1., 1., 1.]), colorSpace='rgb', contrast=1.0, depth=0.0, draggable=False, flipHoriz=False, flipVert=False, font='Arial', fontFiles=[], height=0.4, italic=False, languageStyle='LTR', name='fixation', opacity=1, ori=0.0, pos=array([0., 0.]), rgb=UNKNOWN, text='+', units='pix', win=Window(...), wrapWidth=500)
19.1186 	EXP 	Created text_refresh = TextStim(__class__=<class 'psychopy.visual.text.TextStim'>, alignHoriz=method-wrapper(...), alignText='center', alignVert=method-wrapper(...), anchorHoriz='center', anchorVert='center', antialias=True, autoDraw=False, autoLog=True, bold=False, color=array([1., 1., 1.]), colorSpace='rgb', contrast=1.0, depth=0.0, draggable=False, flipHoriz=False, flipVert=False, font='Arial', fontFiles=[], height=0.05, italic=False, languageStyle='LTR', name='text_refresh', opacity=1, ori=0.0, pos=array([0., 0.]), rgb=UNKNOWN, text='', units='pix', win=Window(...), wrapWidth=500)
19.1203 	EXP 	Created rate_emotion_prompt = TextStim(__class__=<class 'psychopy.visual.text.TextStim'>, alignHoriz=method-wrapper(...), alignText='center', alignVert=method-wrapper(...), anchorHoriz='center', anchorVert='center', antialias=True, autoDraw=False, autoLog=True, bold=False, color=array([1., 1., 1.]), colorSpace='rgb', contrast=1.0, depth=0.0, draggable=False, flipHoriz=False, flipVert=False, font='Arial', fontFiles=[], height=0.05, italic=False, languageStyle='LTR', name='rate_emotion_prompt', opacity=1, ori=0.0, pos=array([0. , 0.2]), rgb=UNKNOWN, text=str(...), units='pix', win=Window(...), wrapWidth=500)
19.1978 	EXP 	Created slider_emotion = Slider(__class__=<class 'psychopy.visual.slider.Slider'>, autoDraw=False, autoLog=True, borderColor=None, color=None, colorSpace='rgb', depth=-1, fillColor=None, flip=False, font='Arial', granularity=1.0, labelColor=None, labelHeight=0.035, labelWrapWidth=None, labels=list(...), lineColor=None, markerColor=None, name='slider_emotion', opacity=None, ori=0.0, pos=array([ 0. , -0.1]), readOnly=False, self=UNKNOWN, size=array([1. , 0.1]), startValue=5, style='rating', styleTweaks=[], ticks=array([1, 2, 3, 4, 5, 6, 7, 8, 9]), units='pix', win=Window(...))
19.1987 	EXP 	Created text_refresh = TextStim(__class__=<class 'psychopy.visual.text.TextStim'>, alignHoriz=method-wrapper(...), alignText='center', alignVert=method-wrapper(...), anchorHoriz='center', anchorVert='center', antialias=True, autoDraw=False, autoLog=True, bold=False, color=array([1., 1., 1.]), colorSpace='rgb', contrast=1.0, depth=0.0, draggable=False, flipHoriz=False, flipVert=False, font='Arial', fontFiles=[], height=0.05, italic=False, languageStyle='LTR', name='text_refresh', opacity=1, ori=0.0, pos=array([0., 0.]), rgb=UNKNOWN, text='', units='pix', win=Window(...), wrapWidth=500)
19.2019 	EXP 	Created main_body_questionnaire = TextStim(__class__=<class 'psychopy.visual.text.TextStim'>, alignHoriz=method-wrapper(...), alignText='center', alignVert=method-wrapper(...), anchorHoriz='center', anchorVert='center', antialias=True, autoDraw=False, autoLog=True, bold=False, color=array([1., 1., 1.]), colorSpace='rgb', contrast=1.0, depth=0.0, draggable=False, flipHoriz=False, flipVert=False, font='Arial', fontFiles=[], height=0.05, italic=False, languageStyle='LTR', name='main_body_questionnaire', opacity=1, ori=0.0, pos=array([0. , 0.3]), rgb=UNKNOWN, text='During the MRI my thoughts:', units='pix', win=Window(...), wrapWidth=500)
19.2023 	EXP 	Created item_text = TextStim(__class__=<class 'psychopy.visual.text.TextStim'>, alignHoriz=method-wrapper(...), alignText='center', alignVert=method-wrapper(...), anchorHoriz='center', anchorVert='center', antialias=True, autoDraw=False, autoLog=True, bold=False, color=array([1., 1., 1.]), colorSpace='rgb', contrast=1.0, depth=-1.0, draggable=False, flipHoriz=False, flipVert=False, font='Arial', fontFiles=[], height=0.05, italic=False, languageStyle='LTR', name='item_text', opacity=1, ori=0.0, pos=array([0. , 0.1]), rgb=UNKNOWN, text='', units='pix', win=Window(...), wrapWidth=500)
19.2301 	DEBUG 	TextBox2 loaded 1 chars with 0 blanks and 1 valid
19.2304 	DEBUG 	TextBox2 loaded 1 chars with 0 blanks and 1 valid
19.2307 	DEBUG 	TextBox2 loaded 1 chars with 0 blanks and 1 valid
19.2309 	DEBUG 	TextBox2 loaded 1 chars with 0 blanks and 1 valid
19.2312 	DEBUG 	Uploading Texture Font fontname to graphics card
19.2338 	DEBUG 	Upload of Texture Font fontname complete
19.2559 	DEBUG 	TextBox2 loaded 1 chars with 0 blanks and 1 valid
19.2562 	DEBUG 	Uploading Texture Font fontname to graphics card
19.2579 	DEBUG 	Upload of Texture Font fontname complete
19.2853 	EXP 	Created slider_thinking_content = Slider(__class__=<class 'psychopy.visual.slider.Slider'>, autoDraw=False, autoLog=True, borderColor=None, color=None, colorSpace='rgb', depth=-2, fillColor=None, flip=False, font='Arial', granularity=1.0, labelColor=None, labelHeight=0.035, labelWrapWidth=None, labels=list(...), lineColor=None, markerColor=None, name='slider_thinking_content', opacity=None, ori=0.0, pos=array([ 0. , -0.1]), readOnly=False, self=UNKNOWN, size=array([1. , 0.1]), startValue=5, style='rating', styleTweaks=[], ticks=array([1, 2, 3, 4, 5, 6, 7, 8, 9]), units='pix', win=Window(...))
19.2860 	EXP 	Created text_refresh = TextStim(__class__=<class 'psychopy.visual.text.TextStim'>, alignHoriz=method-wrapper(...), alignText='center', alignVert=method-wrapper(...), anchorHoriz='center', anchorVert='center', antialias=True, autoDraw=False, autoLog=True, bold=False, color=array([1., 1., 1.]), colorSpace='rgb', contrast=1.0, depth=0.0, draggable=False, flipHoriz=False, flipVert=False, font='Arial', fontFiles=[], height=0.05, italic=False, languageStyle='LTR', name='text_refresh', opacity=1, ori=0.0, pos=array([0., 0.]), rgb=UNKNOWN, text='', units='pix', win=Window(...), wrapWidth=500)
19.2913 	EXP 	Created goodbye_text = TextStim(__class__=<class 'psychopy.visual.text.TextStim'>, alignHoriz=method-wrapper(...), alignText='center', alignVert=method-wrapper(...), anchorHoriz='center', anchorVert='center', antialias=True, autoDraw=False, autoLog=True, bold=False, color=array([1., 1., 1.]), colorSpace='rgb', contrast=1.0, depth=0.0, draggable=False, flipHoriz=False, flipVert=False, font='Arial', fontFiles=[], height=0.05, italic=False, languageStyle='LTR', name='goodbye_text', opacity=1, ori=0.0, pos=array([0., 0.]), rgb=UNKNOWN, text=str(...), units='pix', win=Window(...), wrapWidth=500)
0.0079 	EXP 	slider_emotion: autoLog = True
0.0079 	EXP 	slider_emotion: styleTweaks = []
0.0079 	EXP 	slider_emotion: styleTweaks = []
0.0079 	EXP 	slider_emotion: styleTweaks = []
0.0079 	EXP 	slider_emotion: styleTweaks = []
0.0079 	EXP 	slider_emotion: contrast = 1.0
0.0079 	EXP 	slider_emotion: markerPos = 5
0.0079 	EXP 	slider_emotion: autoLog = True
0.0079 	EXP 	slider_emotion: autoLog = True
0.0079 	EXP 	slider_emotion: styleTweaks = []
0.0079 	EXP 	slider_emotion: styleTweaks = []
0.0079 	EXP 	slider_emotion: styleTweaks = []
0.0079 	EXP 	slider_emotion: styleTweaks = []
0.0079 	EXP 	slider_emotion: contrast = 1.0
0.0079 	EXP 	slider_emotion: markerPos = 5
0.0079 	EXP 	slider_emotion: autoLog = True
0.0079 	EXP 	slider_thinking_content: autoLog = True
0.0079 	EXP 	slider_thinking_content: styleTweaks = []
0.0079 	EXP 	slider_thinking_content: styleTweaks = []
0.0079 	EXP 	slider_thinking_content: styleTweaks = []
0.0079 	EXP 	slider_thinking_content: styleTweaks = []
0.0079 	EXP 	slider_thinking_content: contrast = 1.0
0.0079 	EXP 	slider_thinking_content: markerPos = 5
0.0079 	EXP 	slider_thinking_content: autoLog = True
0.0213 	INFO 	Keyboard events cleared
0.0209 	EXP 	text_welcome: autoDraw = True
6.3688 	DATA 	Keypress: escape
6.3711 	WARNING 	t of last frame was 23.46ms (=1/42)
6.4330 	EXP 	resting_state_demo: status = STOPPED
6.4352 	EXP 	text_welcome: autoDraw = False
6.4364 	EXP 	resting_state_demo: status = STOPPED
6.4380 	INFO 	saved data to '/Users/Chenxiao/Documents/project_codes/RST_Chinese_beta/data/999_resting_state_demo_2025-06-10_17h19.27.104.csv'
6.4382 	INFO 	saved data to /Users/Chenxiao/Documents/project_codes/RST_Chinese_beta/data/999_resting_state_demo_2025-06-10_17h19.27.104.psydat
6.5996 	DEBUG 	Saving data for resting_state_demo ExperimentHandler
