10.3239 	WARNING 	Font Manager failed to load file /System/Library/PrivateFrameworks/FontServices.framework/Resources/Reserved/PingFangUI.ttc
11.8443 	DEBUG 	Fullscreen settings ignored as running in pilot mode.
11.8453 	INFO 	Loaded monitor calibration from ['2022_04_19 09:31']
11.8456 	WARNING 	This monitor has not been color-calibrated. Using default DKL conversion matrix.
11.9249 	WARNING 	This monitor has not been color-calibrated. Using default DKL conversion matrix.
11.9250 	WARNING 	This monitor has not been color-calibrated. Using default DKL conversion matrix.
11.9792 	EXP 	Created window1 = Window(allowGUI=False, allowStencil=False, autoLog=True, backendConf=UNKNOWN, backgroundFit=<method-wrapper '__getattribute__' of attributeSetter object at 0x1801329e0>, backgroundImage=<method-wrapper '__getattribute__' of attributeSetter object at 0x180133fd0>, bitsMode=UNKNOWN, blendMode='avg', bpc=(8, 8, 8), color=array([0, 0, 0]), colorSpace='dkl', depthBits=8, fullscr=False, gamma=None, gammaErrorPolicy='raise', infoMsg=UNKNOWN, lms=UNKNOWN, monitor=<psychopy.monitors.calibTools.Monitor object at 0x1801f0a30>, multiSample=False, name='window1', numSamples=2, pos=[560.0, 240.0], screen=0, size=array([1600, 1200]), stencilBits=0, stereo=False, title='PsychoPy', units='height', useFBO=True, useRetina=True, viewOri=0.0, viewPos=None, viewScale=None, waitBlanking=True, winType='pyglet')
11.9792 	EXP 	window1: backgroundImage = ''
11.9792 	EXP 	window1: backgroundFit = 'none'
11.9852 	DEBUG 	TextBox2 loaded 1 chars with 0 blanks and 1 valid
11.9856 	DEBUG 	TextBox2 loaded 1 chars with 0 blanks and 1 valid
11.9860 	DEBUG 	TextBox2 loaded 1 chars with 0 blanks and 1 valid
11.9865 	DEBUG 	TextBox2 loaded 1 chars with 0 blanks and 1 valid
11.9871 	DEBUG 	TextBox2 loaded 1 chars with 0 blanks and 1 valid
11.9873 	DEBUG 	TextBox2 loaded 1 chars with 0 blanks and 1 valid
11.9877 	DEBUG 	TextBox2 loaded 1 chars with 0 blanks and 1 valid
11.9882 	DEBUG 	TextBox2 loaded 1 chars with 0 blanks and 1 valid
11.9883 	DEBUG 	TextBox2 loaded 1 chars with 0 blanks and 1 valid
11.9885 	DEBUG 	TextBox2 loaded 1 chars with 0 blanks and 1 valid
11.9889 	DEBUG 	TextBox2 loaded 1 chars with 0 blanks and 1 valid
11.9893 	DEBUG 	TextBox2 loaded 1 chars with 0 blanks and 1 valid
11.9896 	DEBUG 	TextBox2 loaded 1 chars with 0 blanks and 1 valid
11.9900 	DEBUG 	TextBox2 loaded 1 chars with 0 blanks and 1 valid
11.9903 	DEBUG 	TextBox2 loaded 1 chars with 0 blanks and 1 valid
11.9907 	DEBUG 	TextBox2 loaded 1 chars with 0 blanks and 1 valid
11.9911 	DEBUG 	TextBox2 loaded 1 chars with 0 blanks and 1 valid
11.9913 	DEBUG 	TextBox2 loaded 1 chars with 0 blanks and 1 valid
11.9915 	DEBUG 	TextBox2 loaded 1 chars with 0 blanks and 1 valid
11.9920 	DEBUG 	TextBox2 loaded 1 chars with 0 blanks and 1 valid
11.9922 	DEBUG 	TextBox2 loaded 1 chars with 0 blanks and 1 valid
11.9924 	DEBUG 	Uploading Texture Font fontname to graphics card
11.9954 	DEBUG 	Upload of Texture Font fontname complete
11.9995 	DEBUG 	TextBox2 loaded 1 chars with 0 blanks and 1 valid
12.0004 	DEBUG 	TextBox2 loaded 1 chars with 0 blanks and 1 valid
12.0012 	DEBUG 	TextBox2 loaded 1 chars with 0 blanks and 1 valid
12.0013 	DEBUG 	Uploading Texture Font fontname to graphics card
12.0028 	DEBUG 	Upload of Texture Font fontname complete
12.0039 	EXP 	window1: Attempting to measure frame rate of screen (0) ...
12.0039 	EXP 	window1: recordFrameIntervals = False
12.1119 	EXP 	window1: recordFrameIntervals = True
12.9473 	WARNING 	Couldn't measure a consistent frame rate!
  - Is your graphics card set to sync to vertical blank?
  - Are you running other processes on your computer?

12.9545 	DEBUG 	TextBox2 loaded 1 chars with 0 blanks and 1 valid
12.9550 	DEBUG 	TextBox2 loaded 1 chars with 0 blanks and 1 valid
12.9557 	DEBUG 	TextBox2 loaded 1 chars with 0 blanks and 1 valid
12.9568 	DEBUG 	TextBox2 loaded 1 chars with 0 blanks and 1 valid
12.9577 	DEBUG 	TextBox2 loaded 1 chars with 0 blanks and 1 valid
12.9587 	DEBUG 	TextBox2 loaded 1 chars with 0 blanks and 1 valid
12.9591 	DEBUG 	TextBox2 loaded 1 chars with 0 blanks and 1 valid
12.9599 	DEBUG 	TextBox2 loaded 1 chars with 0 blanks and 1 valid
12.9608 	DEBUG 	TextBox2 loaded 1 chars with 0 blanks and 1 valid
12.9616 	DEBUG 	TextBox2 loaded 1 chars with 0 blanks and 1 valid
12.9619 	DEBUG 	Uploading Texture Font fontname to graphics card
12.9646 	DEBUG 	Upload of Texture Font fontname complete
12.9785 	WARNING 	launchHubServer: If using the iohub mouse or eyetracker devices, fullScr should be True.
14.8642 	INFO 	keyboard.Keyboard is using iohub backend.
14.8642 	INFO 	keyboard.Keyboard is using iohub backend.
14.8643 	INFO 	keyboard.Keyboard is using iohub backend.
14.8643 	INFO 	keyboard.Keyboard is using iohub backend.
14.8643 	INFO 	keyboard.Keyboard is using iohub backend.
14.8643 	EXP 	resting_state_demo: status = STARTED
28.4340 	DEBUG 	Saving data for resting_state_demo ExperimentHandler
28.4348 	INFO 	saved data to /Users/Chenxiao/Documents/project_codes/RST_Chinese_beta/data/999_resting_state_demo_2025-06-11_15h01.16.395.psydat
28.4349 	INFO 	saved data to '/Users/Chenxiao/Documents/project_codes/RST_Chinese_beta/data/999_resting_state_demo_2025-06-11_15h01.16.395.csv'
