10.5168 	WARNING 	Font Manager failed to load file /System/Library/PrivateFrameworks/FontServices.framework/Resources/Reserved/PingFangUI.ttc
11.8227 	DEBUG 	Fullscreen settings ignored as running in pilot mode.
11.8234 	INFO 	Loaded monitor calibration from ['2022_04_19 09:31']
11.8237 	WARNING 	This monitor has not been color-calibrated. Using default DKL conversion matrix.
11.9107 	WARNING 	This monitor has not been color-calibrated. Using default DKL conversion matrix.
11.9109 	WARNING 	This monitor has not been color-calibrated. Using default DKL conversion matrix.
11.9622 	EXP 	Created window1 = Window(allowGUI=False, allowStencil=False, autoLog=True, backendConf=UNKNOWN, backgroundFit=<method-wrapper '__getattribute__' of attributeSetter object at 0x17eca81c0>, backgroundImage=<method-wrapper '__getattribute__' of attributeSetter object at 0x17eca8220>, bitsMode=UNKNOWN, blendMode='avg', bpc=(8, 8, 8), color=array([0, 0, 0]), colorSpace='dkl', depthBits=8, fullscr=False, gamma=None, gammaErrorPolicy='raise', infoMsg=UNKNOWN, lms=UNKNOWN, monitor=<psychopy.monitors.calibTools.Monitor object at 0x17ea94640>, multiSample=False, name='window1', numSamples=2, pos=[560.0, 240.0], screen=0, size=array([1600, 1200]), stencilBits=0, stereo=False, title='PsychoPy', units='height', useFBO=True, useRetina=True, viewOri=0.0, viewPos=None, viewScale=None, waitBlanking=True, winType='pyglet')
11.9622 	EXP 	window1: backgroundImage = ''
11.9622 	EXP 	window1: backgroundFit = 'none'
11.9689 	DEBUG 	TextBox2 loaded 1 chars with 0 blanks and 1 valid
11.9693 	DEBUG 	TextBox2 loaded 1 chars with 0 blanks and 1 valid
11.9697 	DEBUG 	TextBox2 loaded 1 chars with 0 blanks and 1 valid
11.9703 	DEBUG 	TextBox2 loaded 1 chars with 0 blanks and 1 valid
11.9707 	DEBUG 	TextBox2 loaded 1 chars with 0 blanks and 1 valid
11.9710 	DEBUG 	TextBox2 loaded 1 chars with 0 blanks and 1 valid
11.9713 	DEBUG 	TextBox2 loaded 1 chars with 0 blanks and 1 valid
11.9718 	DEBUG 	TextBox2 loaded 1 chars with 0 blanks and 1 valid
11.9720 	DEBUG 	TextBox2 loaded 1 chars with 0 blanks and 1 valid
11.9721 	DEBUG 	TextBox2 loaded 1 chars with 0 blanks and 1 valid
11.9725 	DEBUG 	TextBox2 loaded 1 chars with 0 blanks and 1 valid
11.9729 	DEBUG 	TextBox2 loaded 1 chars with 0 blanks and 1 valid
11.9732 	DEBUG 	TextBox2 loaded 1 chars with 0 blanks and 1 valid
11.9736 	DEBUG 	TextBox2 loaded 1 chars with 0 blanks and 1 valid
11.9739 	DEBUG 	TextBox2 loaded 1 chars with 0 blanks and 1 valid
11.9744 	DEBUG 	TextBox2 loaded 1 chars with 0 blanks and 1 valid
11.9748 	DEBUG 	TextBox2 loaded 1 chars with 0 blanks and 1 valid
11.9750 	DEBUG 	TextBox2 loaded 1 chars with 0 blanks and 1 valid
11.9752 	DEBUG 	TextBox2 loaded 1 chars with 0 blanks and 1 valid
11.9757 	DEBUG 	TextBox2 loaded 1 chars with 0 blanks and 1 valid
11.9759 	DEBUG 	TextBox2 loaded 1 chars with 0 blanks and 1 valid
11.9761 	DEBUG 	Uploading Texture Font fontname to graphics card
11.9792 	DEBUG 	Upload of Texture Font fontname complete
11.9832 	DEBUG 	TextBox2 loaded 1 chars with 0 blanks and 1 valid
11.9841 	DEBUG 	TextBox2 loaded 1 chars with 0 blanks and 1 valid
11.9849 	DEBUG 	TextBox2 loaded 1 chars with 0 blanks and 1 valid
11.9850 	DEBUG 	Uploading Texture Font fontname to graphics card
11.9866 	DEBUG 	Upload of Texture Font fontname complete
11.9878 	EXP 	window1: Attempting to measure frame rate of screen (0) ...
11.9878 	EXP 	window1: recordFrameIntervals = False
12.1011 	EXP 	window1: recordFrameIntervals = True
12.9350 	WARNING 	Couldn't measure a consistent frame rate!
  - Is your graphics card set to sync to vertical blank?
  - Are you running other processes on your computer?

12.9426 	DEBUG 	TextBox2 loaded 1 chars with 0 blanks and 1 valid
12.9432 	DEBUG 	TextBox2 loaded 1 chars with 0 blanks and 1 valid
12.9440 	DEBUG 	TextBox2 loaded 1 chars with 0 blanks and 1 valid
12.9452 	DEBUG 	TextBox2 loaded 1 chars with 0 blanks and 1 valid
12.9463 	DEBUG 	TextBox2 loaded 1 chars with 0 blanks and 1 valid
12.9472 	DEBUG 	TextBox2 loaded 1 chars with 0 blanks and 1 valid
12.9476 	DEBUG 	TextBox2 loaded 1 chars with 0 blanks and 1 valid
12.9485 	DEBUG 	TextBox2 loaded 1 chars with 0 blanks and 1 valid
12.9494 	DEBUG 	TextBox2 loaded 1 chars with 0 blanks and 1 valid
12.9503 	DEBUG 	TextBox2 loaded 1 chars with 0 blanks and 1 valid
12.9505 	DEBUG 	Uploading Texture Font fontname to graphics card
12.9535 	DEBUG 	Upload of Texture Font fontname complete
12.9679 	WARNING 	launchHubServer: If using the iohub mouse or eyetracker devices, fullScr should be True.
14.8628 	INFO 	keyboard.Keyboard is using iohub backend.
14.8629 	INFO 	keyboard.Keyboard is using iohub backend.
14.8629 	INFO 	keyboard.Keyboard is using iohub backend.
14.8629 	INFO 	keyboard.Keyboard is using iohub backend.
14.8629 	INFO 	keyboard.Keyboard is using iohub backend.
14.8630 	EXP 	resting_state_demo: status = STARTED
14.9022 	EXP 	Created text_welcome = TextStim(__class__=<class 'psychopy.visual.text.TextStim'>, alignHoriz=method-wrapper(...), alignText='center', alignVert=method-wrapper(...), anchorHoriz='center', anchorVert='center', antialias=True, autoDraw=False, autoLog=True, bold=False, color=array([1., 1., 1.]), colorSpace='rgb', contrast=1.0, depth=0.0, draggable=False, flipHoriz=False, flipVert=False, font='Heiti SC', fontFiles=[], height=0.06, italic=False, languageStyle='LTR', name='text_welcome', opacity=1, ori=0.0, pos=array([-0.6,  0. ]), rgb=UNKNOWN, text=str(...), units='height', win=Window(...), wrapWidth=0.2)
14.9040 	EXP 	Created text_refresh = TextStim(__class__=<class 'psychopy.visual.text.TextStim'>, alignHoriz=method-wrapper(...), alignText='center', alignVert=method-wrapper(...), anchorHoriz='center', anchorVert='center', antialias=True, autoDraw=False, autoLog=True, bold=False, color=array([1., 1., 1.]), colorSpace='rgb', contrast=1.0, depth=0.0, draggable=False, flipHoriz=False, flipVert=False, font='Arial', fontFiles=[], height=0.05, italic=False, languageStyle='LTR', name='text_refresh', opacity=1, ori=0.0, pos=array([0., 0.]), rgb=UNKNOWN, text='', units='height', win=Window(...), wrapWidth=1)
14.9105 	EXP 	Created rate_emotion_prompt = TextStim(__class__=<class 'psychopy.visual.text.TextStim'>, alignHoriz=method-wrapper(...), alignText='center', alignVert=method-wrapper(...), anchorHoriz='center', anchorVert='center', antialias=True, autoDraw=False, autoLog=True, bold=False, color=array([1., 1., 1.]), colorSpace='rgb', contrast=1.0, depth=0.0, draggable=False, flipHoriz=False, flipVert=False, font='Arial', fontFiles=[], height=0.05, italic=False, languageStyle='LTR', name='rate_emotion_prompt', opacity=1, ori=0.0, pos=array([0. , 0.2]), rgb=UNKNOWN, text=str(...), units='height', win=Window(...), wrapWidth=1)
14.9237 	DEBUG 	TextBox2 loaded 1 chars with 0 blanks and 1 valid
14.9241 	DEBUG 	TextBox2 loaded 1 chars with 0 blanks and 1 valid
14.9244 	DEBUG 	TextBox2 loaded 1 chars with 0 blanks and 1 valid
14.9248 	DEBUG 	TextBox2 loaded 1 chars with 0 blanks and 1 valid
14.9250 	DEBUG 	TextBox2 loaded 1 chars with 0 blanks and 1 valid
14.9252 	DEBUG 	TextBox2 loaded 1 chars with 0 blanks and 1 valid
14.9255 	DEBUG 	TextBox2 loaded 1 chars with 0 blanks and 1 valid
14.9258 	DEBUG 	TextBox2 loaded 1 chars with 0 blanks and 1 valid
14.9260 	DEBUG 	TextBox2 loaded 1 chars with 0 blanks and 1 valid
14.9264 	DEBUG 	TextBox2 loaded 1 chars with 0 blanks and 1 valid
14.9267 	DEBUG 	TextBox2 loaded 1 chars with 0 blanks and 1 valid
14.9271 	DEBUG 	TextBox2 loaded 1 chars with 0 blanks and 1 valid
14.9272 	DEBUG 	Uploading Texture Font fontname to graphics card
14.9294 	DEBUG 	Upload of Texture Font fontname complete
14.9323 	DEBUG 	TextBox2 loaded 1 chars with 0 blanks and 1 valid
14.9326 	DEBUG 	TextBox2 loaded 1 chars with 0 blanks and 1 valid
14.9327 	DEBUG 	Uploading Texture Font fontname to graphics card
14.9342 	DEBUG 	Upload of Texture Font fontname complete
14.9520 	DEBUG 	TextBox2 loaded 1 chars with 0 blanks and 1 valid
14.9523 	DEBUG 	TextBox2 loaded 1 chars with 0 blanks and 1 valid
14.9524 	DEBUG 	Uploading Texture Font fontname to graphics card
14.9545 	DEBUG 	Upload of Texture Font fontname complete
14.9932 	EXP 	Created slider_emotion = Slider(__class__=<class 'psychopy.visual.slider.Slider'>, autoDraw=False, autoLog=True, borderColor=None, color=None, colorSpace='rgb', depth=-1, fillColor=None, flip=False, font='Arial', granularity=1.0, labelColor=None, labelHeight=0.035, labelWrapWidth=None, labels=list(...), lineColor=None, markerColor=None, name='slider_emotion', opacity=None, ori=0.0, pos=array([ 0. , -0.1]), readOnly=False, self=UNKNOWN, size=array([1. , 0.1]), startValue=5, style='rating', styleTweaks=[], ticks=array([1, 2, 3, 4, 5, 6, 7, 8, 9]), units='height', win=Window(...))
14.9942 	EXP 	Created text_refresh = TextStim(__class__=<class 'psychopy.visual.text.TextStim'>, alignHoriz=method-wrapper(...), alignText='center', alignVert=method-wrapper(...), anchorHoriz='center', anchorVert='center', antialias=True, autoDraw=False, autoLog=True, bold=False, color=array([1., 1., 1.]), colorSpace='rgb', contrast=1.0, depth=0.0, draggable=False, flipHoriz=False, flipVert=False, font='Arial', fontFiles=[], height=0.05, italic=False, languageStyle='LTR', name='text_refresh', opacity=1, ori=0.0, pos=array([0., 0.]), rgb=UNKNOWN, text='', units='height', win=Window(...), wrapWidth=1)
14.9963 	EXP 	Created wait4trigger_text = TextStim(__class__=<class 'psychopy.visual.text.TextStim'>, alignHoriz=method-wrapper(...), alignText='center', alignVert=method-wrapper(...), anchorHoriz='center', anchorVert='center', antialias=True, autoDraw=False, autoLog=True, bold=False, color=array([1., 1., 1.]), colorSpace='rgb', contrast=1.0, depth=0.0, draggable=False, flipHoriz=False, flipVert=False, font='Arial', fontFiles=[], height=0.05, italic=False, languageStyle='LTR', name='wait4trigger_text', opacity=1, ori=0.0, pos=array([0., 0.]), rgb=UNKNOWN, text='Please wait for the scan to start.', units='height', win=Window(...), wrapWidth=1)
14.9976 	EXP 	Created fake_stimulus_text = TextStim(__class__=<class 'psychopy.visual.text.TextStim'>, alignHoriz=method-wrapper(...), alignText='center', alignVert=method-wrapper(...), anchorHoriz='center', anchorVert='center', antialias=True, autoDraw=False, autoLog=True, bold=False, color=array([1., 1., 1.]), colorSpace='rgb', contrast=1.0, depth=0.0, draggable=False, flipHoriz=False, flipVert=False, font='Arial', fontFiles=[], height=0.05, italic=False, languageStyle='LTR', name='fake_stimulus_text', opacity=1, ori=0.0, pos=array([0., 0.]), rgb=UNKNOWN, text='Please wait for the scan to start.', units='height', win=Window(...), wrapWidth=1)
14.9993 	EXP 	Created fixation = TextStim(__class__=<class 'psychopy.visual.text.TextStim'>, alignHoriz=method-wrapper(...), alignText='center', alignVert=method-wrapper(...), anchorHoriz='center', anchorVert='center', antialias=True, autoDraw=False, autoLog=True, bold=False, color=array([1., 1., 1.]), colorSpace='rgb', contrast=1.0, depth=0.0, draggable=False, flipHoriz=False, flipVert=False, font='Arial', fontFiles=[], height=0.4, italic=False, languageStyle='LTR', name='fixation', opacity=1, ori=0.0, pos=array([0., 0.]), rgb=UNKNOWN, text='+', units='height', win=Window(...), wrapWidth=1)
14.9998 	EXP 	Created text_refresh = TextStim(__class__=<class 'psychopy.visual.text.TextStim'>, alignHoriz=method-wrapper(...), alignText='center', alignVert=method-wrapper(...), anchorHoriz='center', anchorVert='center', antialias=True, autoDraw=False, autoLog=True, bold=False, color=array([1., 1., 1.]), colorSpace='rgb', contrast=1.0, depth=0.0, draggable=False, flipHoriz=False, flipVert=False, font='Arial', fontFiles=[], height=0.05, italic=False, languageStyle='LTR', name='text_refresh', opacity=1, ori=0.0, pos=array([0., 0.]), rgb=UNKNOWN, text='', units='height', win=Window(...), wrapWidth=1)
15.0028 	EXP 	Created rate_emotion_prompt = TextStim(__class__=<class 'psychopy.visual.text.TextStim'>, alignHoriz=method-wrapper(...), alignText='center', alignVert=method-wrapper(...), anchorHoriz='center', anchorVert='center', antialias=True, autoDraw=False, autoLog=True, bold=False, color=array([1., 1., 1.]), colorSpace='rgb', contrast=1.0, depth=0.0, draggable=False, flipHoriz=False, flipVert=False, font='Arial', fontFiles=[], height=0.05, italic=False, languageStyle='LTR', name='rate_emotion_prompt', opacity=1, ori=0.0, pos=array([0. , 0.2]), rgb=UNKNOWN, text=str(...), units='height', win=Window(...), wrapWidth=1)
15.0627 	EXP 	Created slider_emotion = Slider(__class__=<class 'psychopy.visual.slider.Slider'>, autoDraw=False, autoLog=True, borderColor=None, color=None, colorSpace='rgb', depth=-1, fillColor=None, flip=False, font='Arial', granularity=1.0, labelColor=None, labelHeight=0.035, labelWrapWidth=None, labels=list(...), lineColor=None, markerColor=None, name='slider_emotion', opacity=None, ori=0.0, pos=array([ 0. , -0.1]), readOnly=False, self=UNKNOWN, size=array([1. , 0.1]), startValue=5, style='rating', styleTweaks=[], ticks=array([1, 2, 3, 4, 5, 6, 7, 8, 9]), units='height', win=Window(...))
15.0633 	EXP 	Created text_refresh = TextStim(__class__=<class 'psychopy.visual.text.TextStim'>, alignHoriz=method-wrapper(...), alignText='center', alignVert=method-wrapper(...), anchorHoriz='center', anchorVert='center', antialias=True, autoDraw=False, autoLog=True, bold=False, color=array([1., 1., 1.]), colorSpace='rgb', contrast=1.0, depth=0.0, draggable=False, flipHoriz=False, flipVert=False, font='Arial', fontFiles=[], height=0.05, italic=False, languageStyle='LTR', name='text_refresh', opacity=1, ori=0.0, pos=array([0., 0.]), rgb=UNKNOWN, text='', units='height', win=Window(...), wrapWidth=1)
15.0657 	EXP 	Created main_body_questionnaire = TextStim(__class__=<class 'psychopy.visual.text.TextStim'>, alignHoriz=method-wrapper(...), alignText='center', alignVert=method-wrapper(...), anchorHoriz='center', anchorVert='center', antialias=True, autoDraw=False, autoLog=True, bold=False, color=array([1., 1., 1.]), colorSpace='rgb', contrast=1.0, depth=0.0, draggable=False, flipHoriz=False, flipVert=False, font='Arial', fontFiles=[], height=0.05, italic=False, languageStyle='LTR', name='main_body_questionnaire', opacity=1, ori=0.0, pos=array([0. , 0.3]), rgb=UNKNOWN, text='During the MRI my thoughts:', units='height', win=Window(...), wrapWidth=1)
15.0660 	EXP 	Created item_text = TextStim(__class__=<class 'psychopy.visual.text.TextStim'>, alignHoriz=method-wrapper(...), alignText='center', alignVert=method-wrapper(...), anchorHoriz='center', anchorVert='center', antialias=True, autoDraw=False, autoLog=True, bold=False, color=array([1., 1., 1.]), colorSpace='rgb', contrast=1.0, depth=-1.0, draggable=False, flipHoriz=False, flipVert=False, font='Arial', fontFiles=[], height=0.05, italic=False, languageStyle='LTR', name='item_text', opacity=1, ori=0.0, pos=array([0. , 0.1]), rgb=UNKNOWN, text='', units='height', win=Window(...), wrapWidth=1)
15.0888 	DEBUG 	TextBox2 loaded 1 chars with 0 blanks and 1 valid
15.0892 	DEBUG 	TextBox2 loaded 1 chars with 0 blanks and 1 valid
15.0896 	DEBUG 	TextBox2 loaded 1 chars with 0 blanks and 1 valid
15.0899 	DEBUG 	TextBox2 loaded 1 chars with 0 blanks and 1 valid
15.0900 	DEBUG 	Uploading Texture Font fontname to graphics card
15.0916 	DEBUG 	Upload of Texture Font fontname complete
15.1111 	DEBUG 	TextBox2 loaded 1 chars with 0 blanks and 1 valid
15.1112 	DEBUG 	Uploading Texture Font fontname to graphics card
15.1127 	DEBUG 	Upload of Texture Font fontname complete
15.1314 	EXP 	Created slider_thinking_content = Slider(__class__=<class 'psychopy.visual.slider.Slider'>, autoDraw=False, autoLog=True, borderColor=None, color=None, colorSpace='rgb', depth=-2, fillColor=None, flip=False, font='Arial', granularity=1.0, labelColor=None, labelHeight=0.035, labelWrapWidth=None, labels=list(...), lineColor=None, markerColor=None, name='slider_thinking_content', opacity=None, ori=0.0, pos=array([ 0. , -0.1]), readOnly=False, self=UNKNOWN, size=array([1. , 0.1]), startValue=5, style='rating', styleTweaks=[], ticks=array([1, 2, 3, 4, 5, 6, 7, 8, 9]), units='height', win=Window(...))
15.1319 	EXP 	Created text_refresh = TextStim(__class__=<class 'psychopy.visual.text.TextStim'>, alignHoriz=method-wrapper(...), alignText='center', alignVert=method-wrapper(...), anchorHoriz='center', anchorVert='center', antialias=True, autoDraw=False, autoLog=True, bold=False, color=array([1., 1., 1.]), colorSpace='rgb', contrast=1.0, depth=0.0, draggable=False, flipHoriz=False, flipVert=False, font='Arial', fontFiles=[], height=0.05, italic=False, languageStyle='LTR', name='text_refresh', opacity=1, ori=0.0, pos=array([0., 0.]), rgb=UNKNOWN, text='', units='height', win=Window(...), wrapWidth=1)
15.1358 	EXP 	Created goodbye_text = TextStim(__class__=<class 'psychopy.visual.text.TextStim'>, alignHoriz=method-wrapper(...), alignText='center', alignVert=method-wrapper(...), anchorHoriz='center', anchorVert='center', antialias=True, autoDraw=False, autoLog=True, bold=False, color=array([1., 1., 1.]), colorSpace='rgb', contrast=1.0, depth=0.0, draggable=False, flipHoriz=False, flipVert=False, font='Arial', fontFiles=[], height=0.05, italic=False, languageStyle='LTR', name='goodbye_text', opacity=1, ori=0.0, pos=array([0., 0.]), rgb=UNKNOWN, text=str(...), units='height', win=Window(...), wrapWidth=1)
0.0052 	EXP 	slider_emotion: autoLog = True
0.0052 	EXP 	slider_emotion: styleTweaks = []
0.0052 	EXP 	slider_emotion: styleTweaks = []
0.0052 	EXP 	slider_emotion: styleTweaks = []
0.0052 	EXP 	slider_emotion: styleTweaks = []
0.0052 	EXP 	slider_emotion: contrast = 1.0
0.0052 	EXP 	slider_emotion: markerPos = 5
0.0052 	EXP 	slider_emotion: autoLog = True
0.0052 	EXP 	slider_emotion: autoLog = True
0.0052 	EXP 	slider_emotion: styleTweaks = []
0.0052 	EXP 	slider_emotion: styleTweaks = []
0.0052 	EXP 	slider_emotion: styleTweaks = []
0.0052 	EXP 	slider_emotion: styleTweaks = []
0.0052 	EXP 	slider_emotion: contrast = 1.0
0.0052 	EXP 	slider_emotion: markerPos = 5
0.0052 	EXP 	slider_emotion: autoLog = True
0.0052 	EXP 	slider_thinking_content: autoLog = True
0.0052 	EXP 	slider_thinking_content: styleTweaks = []
0.0052 	EXP 	slider_thinking_content: styleTweaks = []
0.0052 	EXP 	slider_thinking_content: styleTweaks = []
0.0052 	EXP 	slider_thinking_content: styleTweaks = []
0.0052 	EXP 	slider_thinking_content: contrast = 1.0
0.0052 	EXP 	slider_thinking_content: markerPos = 5
0.0052 	EXP 	slider_thinking_content: autoLog = True
0.0143 	INFO 	Keyboard events cleared
0.0140 	EXP 	text_welcome: autoDraw = True
2.6605 	WARNING 	t of last frame was 27.67ms (=1/36)
2.6797 	DATA 	Keypress: escape
2.6826 	WARNING 	t of last frame was 22.11ms (=1/45)
2.6849 	EXP 	resting_state_demo: status = STOPPED
2.6991 	EXP 	text_welcome: autoDraw = False
2.7002 	EXP 	resting_state_demo: status = STOPPED
2.7022 	INFO 	saved data to '/Users/Chenxiao/Documents/project_codes/RST_Chinese_beta/data/999_resting_state_demo_2025-06-11_15h28.14.571.csv'
2.7025 	INFO 	saved data to /Users/Chenxiao/Documents/project_codes/RST_Chinese_beta/data/999_resting_state_demo_2025-06-11_15h28.14.571.psydat
2.9408 	DEBUG 	Saving data for resting_state_demo ExperimentHandler
