10.5473 	WARNING 	Font Manager failed to load file /System/Library/PrivateFrameworks/FontServices.framework/Resources/Reserved/PingFangUI.ttc
11.9219 	DEBUG 	Fullscreen settings ignored as running in pilot mode.
11.9230 	INFO 	Loaded monitor calibration from ['2022_04_19 09:31']
11.9234 	WARNING 	This monitor has not been color-calibrated. Using default DKL conversion matrix.
12.0123 	WARNING 	This monitor has not been color-calibrated. Using default DKL conversion matrix.
12.0125 	WARNING 	This monitor has not been color-calibrated. Using default DKL conversion matrix.
12.0672 	EXP 	Created window1 = Window(allowGUI=False, allowStencil=False, autoLog=True, backendConf=UNKNOWN, backgroundFit=<method-wrapper '__getattribute__' of attributeSetter object at 0x17f033dc0>, backgroundImage=<method-wrapper '__getattribute__' of attributeSetter object at 0x17f033d60>, bitsMode=UNKNOWN, blendMode='avg', bpc=(8, 8, 8), color=array([0, 0, 0]), colorSpace='dkl', depthBits=8, fullscr=False, gamma=None, gammaErrorPolicy='raise', infoMsg=UNKNOWN, lms=UNKNOWN, monitor=<psychopy.monitors.calibTools.Monitor object at 0x17f0dc6d0>, multiSample=False, name='window1', numSamples=2, pos=[560.0, 240.0], screen=0, size=array([1600, 1200]), stencilBits=0, stereo=False, title='PsychoPy', units='height', useFBO=True, useRetina=True, viewOri=0.0, viewPos=None, viewScale=None, waitBlanking=True, winType='pyglet')
12.0673 	EXP 	window1: backgroundImage = ''
12.0673 	EXP 	window1: backgroundFit = 'none'
12.0740 	DEBUG 	TextBox2 loaded 1 chars with 0 blanks and 1 valid
12.0744 	DEBUG 	TextBox2 loaded 1 chars with 0 blanks and 1 valid
12.0748 	DEBUG 	TextBox2 loaded 1 chars with 0 blanks and 1 valid
12.0754 	DEBUG 	TextBox2 loaded 1 chars with 0 blanks and 1 valid
12.0759 	DEBUG 	TextBox2 loaded 1 chars with 0 blanks and 1 valid
12.0761 	DEBUG 	TextBox2 loaded 1 chars with 0 blanks and 1 valid
12.0765 	DEBUG 	TextBox2 loaded 1 chars with 0 blanks and 1 valid
12.0770 	DEBUG 	TextBox2 loaded 1 chars with 0 blanks and 1 valid
12.0771 	DEBUG 	TextBox2 loaded 1 chars with 0 blanks and 1 valid
12.0773 	DEBUG 	TextBox2 loaded 1 chars with 0 blanks and 1 valid
12.0777 	DEBUG 	TextBox2 loaded 1 chars with 0 blanks and 1 valid
12.0781 	DEBUG 	TextBox2 loaded 1 chars with 0 blanks and 1 valid
12.0784 	DEBUG 	TextBox2 loaded 1 chars with 0 blanks and 1 valid
12.0788 	DEBUG 	TextBox2 loaded 1 chars with 0 blanks and 1 valid
12.0791 	DEBUG 	TextBox2 loaded 1 chars with 0 blanks and 1 valid
12.0795 	DEBUG 	TextBox2 loaded 1 chars with 0 blanks and 1 valid
12.0799 	DEBUG 	TextBox2 loaded 1 chars with 0 blanks and 1 valid
12.0801 	DEBUG 	TextBox2 loaded 1 chars with 0 blanks and 1 valid
12.0803 	DEBUG 	TextBox2 loaded 1 chars with 0 blanks and 1 valid
12.0809 	DEBUG 	TextBox2 loaded 1 chars with 0 blanks and 1 valid
12.0811 	DEBUG 	TextBox2 loaded 1 chars with 0 blanks and 1 valid
12.0813 	DEBUG 	Uploading Texture Font fontname to graphics card
12.0844 	DEBUG 	Upload of Texture Font fontname complete
12.0886 	DEBUG 	TextBox2 loaded 1 chars with 0 blanks and 1 valid
12.0895 	DEBUG 	TextBox2 loaded 1 chars with 0 blanks and 1 valid
12.0903 	DEBUG 	TextBox2 loaded 1 chars with 0 blanks and 1 valid
12.0905 	DEBUG 	Uploading Texture Font fontname to graphics card
12.0922 	DEBUG 	Upload of Texture Font fontname complete
12.0932 	EXP 	window1: Attempting to measure frame rate of screen (0) ...
12.0933 	EXP 	window1: recordFrameIntervals = False
12.2117 	EXP 	window1: recordFrameIntervals = True
13.0456 	WARNING 	Couldn't measure a consistent frame rate!
  - Is your graphics card set to sync to vertical blank?
  - Are you running other processes on your computer?

13.0538 	DEBUG 	TextBox2 loaded 1 chars with 0 blanks and 1 valid
13.0543 	DEBUG 	TextBox2 loaded 1 chars with 0 blanks and 1 valid
13.0552 	DEBUG 	TextBox2 loaded 1 chars with 0 blanks and 1 valid
13.0564 	DEBUG 	TextBox2 loaded 1 chars with 0 blanks and 1 valid
13.0574 	DEBUG 	TextBox2 loaded 1 chars with 0 blanks and 1 valid
13.0584 	DEBUG 	TextBox2 loaded 1 chars with 0 blanks and 1 valid
13.0589 	DEBUG 	TextBox2 loaded 1 chars with 0 blanks and 1 valid
13.0597 	DEBUG 	TextBox2 loaded 1 chars with 0 blanks and 1 valid
13.0606 	DEBUG 	TextBox2 loaded 1 chars with 0 blanks and 1 valid
13.0615 	DEBUG 	TextBox2 loaded 1 chars with 0 blanks and 1 valid
13.0618 	DEBUG 	Uploading Texture Font fontname to graphics card
13.0651 	DEBUG 	Upload of Texture Font fontname complete
13.0793 	WARNING 	launchHubServer: If using the iohub mouse or eyetracker devices, fullScr should be True.
14.9766 	INFO 	keyboard.Keyboard is using iohub backend.
14.9766 	INFO 	keyboard.Keyboard is using iohub backend.
14.9766 	INFO 	keyboard.Keyboard is using iohub backend.
14.9767 	INFO 	keyboard.Keyboard is using iohub backend.
14.9767 	INFO 	keyboard.Keyboard is using iohub backend.
14.9767 	EXP 	resting_state_demo: status = STARTED
15.0160 	EXP 	Created text_welcome = TextStim(__class__=<class 'psychopy.visual.text.TextStim'>, alignHoriz=method-wrapper(...), alignText='center', alignVert=method-wrapper(...), anchorHoriz='center', anchorVert='center', antialias=True, autoDraw=False, autoLog=True, bold=False, color=array([1., 1., 1.]), colorSpace='rgb', contrast=1.0, depth=0.0, draggable=False, flipHoriz=False, flipVert=False, font='Heiti SC', fontFiles=[], height=0.06, italic=False, languageStyle='LTR', name='text_welcome', opacity=1, ori=0.0, pos=array([-0.45,  0.  ]), rgb=UNKNOWN, text=str(...), units='height', win=Window(...), wrapWidth=0.2)
15.0178 	EXP 	Created text_refresh = TextStim(__class__=<class 'psychopy.visual.text.TextStim'>, alignHoriz=method-wrapper(...), alignText='center', alignVert=method-wrapper(...), anchorHoriz='center', anchorVert='center', antialias=True, autoDraw=False, autoLog=True, bold=False, color=array([1., 1., 1.]), colorSpace='rgb', contrast=1.0, depth=0.0, draggable=False, flipHoriz=False, flipVert=False, font='Arial', fontFiles=[], height=0.05, italic=False, languageStyle='LTR', name='text_refresh', opacity=1, ori=0.0, pos=array([0., 0.]), rgb=UNKNOWN, text='', units='height', win=Window(...), wrapWidth=1)
15.0244 	EXP 	Created rate_emotion_prompt = TextStim(__class__=<class 'psychopy.visual.text.TextStim'>, alignHoriz=method-wrapper(...), alignText='center', alignVert=method-wrapper(...), anchorHoriz='center', anchorVert='center', antialias=True, autoDraw=False, autoLog=True, bold=False, color=array([1., 1., 1.]), colorSpace='rgb', contrast=1.0, depth=0.0, draggable=False, flipHoriz=False, flipVert=False, font='Arial', fontFiles=[], height=0.05, italic=False, languageStyle='LTR', name='rate_emotion_prompt', opacity=1, ori=0.0, pos=array([0. , 0.2]), rgb=UNKNOWN, text=str(...), units='height', win=Window(...), wrapWidth=1)
15.0380 	DEBUG 	TextBox2 loaded 1 chars with 0 blanks and 1 valid
15.0384 	DEBUG 	TextBox2 loaded 1 chars with 0 blanks and 1 valid
15.0387 	DEBUG 	TextBox2 loaded 1 chars with 0 blanks and 1 valid
15.0391 	DEBUG 	TextBox2 loaded 1 chars with 0 blanks and 1 valid
15.0393 	DEBUG 	TextBox2 loaded 1 chars with 0 blanks and 1 valid
15.0395 	DEBUG 	TextBox2 loaded 1 chars with 0 blanks and 1 valid
15.0398 	DEBUG 	TextBox2 loaded 1 chars with 0 blanks and 1 valid
15.0401 	DEBUG 	TextBox2 loaded 1 chars with 0 blanks and 1 valid
15.0404 	DEBUG 	TextBox2 loaded 1 chars with 0 blanks and 1 valid
15.0407 	DEBUG 	TextBox2 loaded 1 chars with 0 blanks and 1 valid
15.0411 	DEBUG 	TextBox2 loaded 1 chars with 0 blanks and 1 valid
15.0415 	DEBUG 	TextBox2 loaded 1 chars with 0 blanks and 1 valid
15.0416 	DEBUG 	Uploading Texture Font fontname to graphics card
15.0438 	DEBUG 	Upload of Texture Font fontname complete
15.0468 	DEBUG 	TextBox2 loaded 1 chars with 0 blanks and 1 valid
15.0471 	DEBUG 	TextBox2 loaded 1 chars with 0 blanks and 1 valid
15.0472 	DEBUG 	Uploading Texture Font fontname to graphics card
15.0487 	DEBUG 	Upload of Texture Font fontname complete
15.0655 	DEBUG 	TextBox2 loaded 1 chars with 0 blanks and 1 valid
15.0658 	DEBUG 	TextBox2 loaded 1 chars with 0 blanks and 1 valid
15.0659 	DEBUG 	Uploading Texture Font fontname to graphics card
15.0674 	DEBUG 	Upload of Texture Font fontname complete
15.1062 	EXP 	Created slider_emotion = Slider(__class__=<class 'psychopy.visual.slider.Slider'>, autoDraw=False, autoLog=True, borderColor=None, color=None, colorSpace='rgb', depth=-1, fillColor=None, flip=False, font='Arial', granularity=1.0, labelColor=None, labelHeight=0.035, labelWrapWidth=None, labels=list(...), lineColor=None, markerColor=None, name='slider_emotion', opacity=None, ori=0.0, pos=array([ 0. , -0.1]), readOnly=False, self=UNKNOWN, size=array([1. , 0.1]), startValue=5, style='rating', styleTweaks=[], ticks=array([1, 2, 3, 4, 5, 6, 7, 8, 9]), units='height', win=Window(...))
15.1073 	EXP 	Created text_refresh = TextStim(__class__=<class 'psychopy.visual.text.TextStim'>, alignHoriz=method-wrapper(...), alignText='center', alignVert=method-wrapper(...), anchorHoriz='center', anchorVert='center', antialias=True, autoDraw=False, autoLog=True, bold=False, color=array([1., 1., 1.]), colorSpace='rgb', contrast=1.0, depth=0.0, draggable=False, flipHoriz=False, flipVert=False, font='Arial', fontFiles=[], height=0.05, italic=False, languageStyle='LTR', name='text_refresh', opacity=1, ori=0.0, pos=array([0., 0.]), rgb=UNKNOWN, text='', units='height', win=Window(...), wrapWidth=1)
15.1092 	EXP 	Created wait4trigger_text = TextStim(__class__=<class 'psychopy.visual.text.TextStim'>, alignHoriz=method-wrapper(...), alignText='center', alignVert=method-wrapper(...), anchorHoriz='center', anchorVert='center', antialias=True, autoDraw=False, autoLog=True, bold=False, color=array([1., 1., 1.]), colorSpace='rgb', contrast=1.0, depth=0.0, draggable=False, flipHoriz=False, flipVert=False, font='Arial', fontFiles=[], height=0.05, italic=False, languageStyle='LTR', name='wait4trigger_text', opacity=1, ori=0.0, pos=array([0., 0.]), rgb=UNKNOWN, text='Please wait for the scan to start.', units='height', win=Window(...), wrapWidth=1)
15.1106 	EXP 	Created fake_stimulus_text = TextStim(__class__=<class 'psychopy.visual.text.TextStim'>, alignHoriz=method-wrapper(...), alignText='center', alignVert=method-wrapper(...), anchorHoriz='center', anchorVert='center', antialias=True, autoDraw=False, autoLog=True, bold=False, color=array([1., 1., 1.]), colorSpace='rgb', contrast=1.0, depth=0.0, draggable=False, flipHoriz=False, flipVert=False, font='Arial', fontFiles=[], height=0.05, italic=False, languageStyle='LTR', name='fake_stimulus_text', opacity=1, ori=0.0, pos=array([0., 0.]), rgb=UNKNOWN, text='Please wait for the scan to start.', units='height', win=Window(...), wrapWidth=1)
15.1122 	EXP 	Created fixation = TextStim(__class__=<class 'psychopy.visual.text.TextStim'>, alignHoriz=method-wrapper(...), alignText='center', alignVert=method-wrapper(...), anchorHoriz='center', anchorVert='center', antialias=True, autoDraw=False, autoLog=True, bold=False, color=array([1., 1., 1.]), colorSpace='rgb', contrast=1.0, depth=0.0, draggable=False, flipHoriz=False, flipVert=False, font='Arial', fontFiles=[], height=0.4, italic=False, languageStyle='LTR', name='fixation', opacity=1, ori=0.0, pos=array([0., 0.]), rgb=UNKNOWN, text='+', units='height', win=Window(...), wrapWidth=1)
15.1127 	EXP 	Created text_refresh = TextStim(__class__=<class 'psychopy.visual.text.TextStim'>, alignHoriz=method-wrapper(...), alignText='center', alignVert=method-wrapper(...), anchorHoriz='center', anchorVert='center', antialias=True, autoDraw=False, autoLog=True, bold=False, color=array([1., 1., 1.]), colorSpace='rgb', contrast=1.0, depth=0.0, draggable=False, flipHoriz=False, flipVert=False, font='Arial', fontFiles=[], height=0.05, italic=False, languageStyle='LTR', name='text_refresh', opacity=1, ori=0.0, pos=array([0., 0.]), rgb=UNKNOWN, text='', units='height', win=Window(...), wrapWidth=1)
15.1156 	EXP 	Created rate_emotion_prompt = TextStim(__class__=<class 'psychopy.visual.text.TextStim'>, alignHoriz=method-wrapper(...), alignText='center', alignVert=method-wrapper(...), anchorHoriz='center', anchorVert='center', antialias=True, autoDraw=False, autoLog=True, bold=False, color=array([1., 1., 1.]), colorSpace='rgb', contrast=1.0, depth=0.0, draggable=False, flipHoriz=False, flipVert=False, font='Arial', fontFiles=[], height=0.05, italic=False, languageStyle='LTR', name='rate_emotion_prompt', opacity=1, ori=0.0, pos=array([0. , 0.2]), rgb=UNKNOWN, text=str(...), units='height', win=Window(...), wrapWidth=1)
15.1754 	EXP 	Created slider_emotion = Slider(__class__=<class 'psychopy.visual.slider.Slider'>, autoDraw=False, autoLog=True, borderColor=None, color=None, colorSpace='rgb', depth=-1, fillColor=None, flip=False, font='Arial', granularity=1.0, labelColor=None, labelHeight=0.035, labelWrapWidth=None, labels=list(...), lineColor=None, markerColor=None, name='slider_emotion', opacity=None, ori=0.0, pos=array([ 0. , -0.1]), readOnly=False, self=UNKNOWN, size=array([1. , 0.1]), startValue=5, style='rating', styleTweaks=[], ticks=array([1, 2, 3, 4, 5, 6, 7, 8, 9]), units='height', win=Window(...))
15.1761 	EXP 	Created text_refresh = TextStim(__class__=<class 'psychopy.visual.text.TextStim'>, alignHoriz=method-wrapper(...), alignText='center', alignVert=method-wrapper(...), anchorHoriz='center', anchorVert='center', antialias=True, autoDraw=False, autoLog=True, bold=False, color=array([1., 1., 1.]), colorSpace='rgb', contrast=1.0, depth=0.0, draggable=False, flipHoriz=False, flipVert=False, font='Arial', fontFiles=[], height=0.05, italic=False, languageStyle='LTR', name='text_refresh', opacity=1, ori=0.0, pos=array([0., 0.]), rgb=UNKNOWN, text='', units='height', win=Window(...), wrapWidth=1)
15.1785 	EXP 	Created main_body_questionnaire = TextStim(__class__=<class 'psychopy.visual.text.TextStim'>, alignHoriz=method-wrapper(...), alignText='center', alignVert=method-wrapper(...), anchorHoriz='center', anchorVert='center', antialias=True, autoDraw=False, autoLog=True, bold=False, color=array([1., 1., 1.]), colorSpace='rgb', contrast=1.0, depth=0.0, draggable=False, flipHoriz=False, flipVert=False, font='Arial', fontFiles=[], height=0.05, italic=False, languageStyle='LTR', name='main_body_questionnaire', opacity=1, ori=0.0, pos=array([0. , 0.3]), rgb=UNKNOWN, text='During the MRI my thoughts:', units='height', win=Window(...), wrapWidth=1)
15.1789 	EXP 	Created item_text = TextStim(__class__=<class 'psychopy.visual.text.TextStim'>, alignHoriz=method-wrapper(...), alignText='center', alignVert=method-wrapper(...), anchorHoriz='center', anchorVert='center', antialias=True, autoDraw=False, autoLog=True, bold=False, color=array([1., 1., 1.]), colorSpace='rgb', contrast=1.0, depth=-1.0, draggable=False, flipHoriz=False, flipVert=False, font='Arial', fontFiles=[], height=0.05, italic=False, languageStyle='LTR', name='item_text', opacity=1, ori=0.0, pos=array([0. , 0.1]), rgb=UNKNOWN, text='', units='height', win=Window(...), wrapWidth=1)
15.2014 	DEBUG 	TextBox2 loaded 1 chars with 0 blanks and 1 valid
15.2018 	DEBUG 	TextBox2 loaded 1 chars with 0 blanks and 1 valid
15.2022 	DEBUG 	TextBox2 loaded 1 chars with 0 blanks and 1 valid
15.2025 	DEBUG 	TextBox2 loaded 1 chars with 0 blanks and 1 valid
15.2027 	DEBUG 	Uploading Texture Font fontname to graphics card
15.2043 	DEBUG 	Upload of Texture Font fontname complete
15.2233 	DEBUG 	TextBox2 loaded 1 chars with 0 blanks and 1 valid
15.2234 	DEBUG 	Uploading Texture Font fontname to graphics card
15.2249 	DEBUG 	Upload of Texture Font fontname complete
15.2435 	EXP 	Created slider_thinking_content = Slider(__class__=<class 'psychopy.visual.slider.Slider'>, autoDraw=False, autoLog=True, borderColor=None, color=None, colorSpace='rgb', depth=-2, fillColor=None, flip=False, font='Arial', granularity=1.0, labelColor=None, labelHeight=0.035, labelWrapWidth=None, labels=list(...), lineColor=None, markerColor=None, name='slider_thinking_content', opacity=None, ori=0.0, pos=array([ 0. , -0.1]), readOnly=False, self=UNKNOWN, size=array([1. , 0.1]), startValue=5, style='rating', styleTweaks=[], ticks=array([1, 2, 3, 4, 5, 6, 7, 8, 9]), units='height', win=Window(...))
15.2441 	EXP 	Created text_refresh = TextStim(__class__=<class 'psychopy.visual.text.TextStim'>, alignHoriz=method-wrapper(...), alignText='center', alignVert=method-wrapper(...), anchorHoriz='center', anchorVert='center', antialias=True, autoDraw=False, autoLog=True, bold=False, color=array([1., 1., 1.]), colorSpace='rgb', contrast=1.0, depth=0.0, draggable=False, flipHoriz=False, flipVert=False, font='Arial', fontFiles=[], height=0.05, italic=False, languageStyle='LTR', name='text_refresh', opacity=1, ori=0.0, pos=array([0., 0.]), rgb=UNKNOWN, text='', units='height', win=Window(...), wrapWidth=1)
15.2480 	EXP 	Created goodbye_text = TextStim(__class__=<class 'psychopy.visual.text.TextStim'>, alignHoriz=method-wrapper(...), alignText='center', alignVert=method-wrapper(...), anchorHoriz='center', anchorVert='center', antialias=True, autoDraw=False, autoLog=True, bold=False, color=array([1., 1., 1.]), colorSpace='rgb', contrast=1.0, depth=0.0, draggable=False, flipHoriz=False, flipVert=False, font='Arial', fontFiles=[], height=0.05, italic=False, languageStyle='LTR', name='goodbye_text', opacity=1, ori=0.0, pos=array([0., 0.]), rgb=UNKNOWN, text=str(...), units='height', win=Window(...), wrapWidth=1)
0.0061 	EXP 	slider_emotion: autoLog = True
0.0061 	EXP 	slider_emotion: styleTweaks = []
0.0061 	EXP 	slider_emotion: styleTweaks = []
0.0061 	EXP 	slider_emotion: styleTweaks = []
0.0061 	EXP 	slider_emotion: styleTweaks = []
0.0061 	EXP 	slider_emotion: contrast = 1.0
0.0061 	EXP 	slider_emotion: markerPos = 5
0.0061 	EXP 	slider_emotion: autoLog = True
0.0061 	EXP 	slider_emotion: autoLog = True
0.0061 	EXP 	slider_emotion: styleTweaks = []
0.0061 	EXP 	slider_emotion: styleTweaks = []
0.0061 	EXP 	slider_emotion: styleTweaks = []
0.0061 	EXP 	slider_emotion: styleTweaks = []
0.0061 	EXP 	slider_emotion: contrast = 1.0
0.0061 	EXP 	slider_emotion: markerPos = 5
0.0061 	EXP 	slider_emotion: autoLog = True
0.0061 	EXP 	slider_thinking_content: autoLog = True
0.0061 	EXP 	slider_thinking_content: styleTweaks = []
0.0061 	EXP 	slider_thinking_content: styleTweaks = []
0.0061 	EXP 	slider_thinking_content: styleTweaks = []
0.0061 	EXP 	slider_thinking_content: styleTweaks = []
0.0061 	EXP 	slider_thinking_content: contrast = 1.0
0.0061 	EXP 	slider_thinking_content: markerPos = 5
0.0061 	EXP 	slider_thinking_content: autoLog = True
0.0193 	INFO 	Keyboard events cleared
0.0190 	EXP 	text_welcome: autoDraw = True
3.1532 	WARNING 	t of last frame was 22.02ms (=1/45)
3.1752 	DATA 	Keypress: escape
3.1786 	WARNING 	t of last frame was 25.45ms (=1/39)
3.2166 	EXP 	resting_state_demo: status = STOPPED
3.2191 	EXP 	text_welcome: autoDraw = False
3.2201 	EXP 	resting_state_demo: status = STOPPED
3.2223 	INFO 	saved data to '/Users/Chenxiao/Documents/project_codes/RST_Chinese_beta/data/999_resting_state_demo_2025-06-11_15h28.50.304.csv'
3.2225 	INFO 	saved data to /Users/Chenxiao/Documents/project_codes/RST_Chinese_beta/data/999_resting_state_demo_2025-06-11_15h28.50.304.psydat
3.4288 	DEBUG 	Saving data for resting_state_demo ExperimentHandler
