10.4892 	WARNING 	Font Manager failed to load file /System/Library/PrivateFrameworks/FontServices.framework/Resources/Reserved/PingFangUI.ttc
12.7717 	DEBUG 	Fullscreen settings ignored as running in pilot mode.
12.7728 	INFO 	Loaded monitor calibration from ['2022_04_19 09:31']
12.7732 	WARNING 	This monitor has not been color-calibrated. Using default DKL conversion matrix.
12.8605 	WARNING 	This monitor has not been color-calibrated. Using default DKL conversion matrix.
12.8606 	WARNING 	This monitor has not been color-calibrated. Using default DKL conversion matrix.
12.9181 	EXP 	Created window1 = Window(allowGUI=False, allowStencil=False, autoLog=True, backendConf=UNKNOWN, backgroundFit=<method-wrapper '__getattribute__' of attributeSetter object at 0x17c5da890>, backgroundImage=<method-wrapper '__getattribute__' of attributeSetter object at 0x17c5da8f0>, bitsMode=UNKNOWN, blendMode='avg', bpc=(8, 8, 8), color=array([0, 0, 0]), colorSpace='dkl', depthBits=8, fullscr=False, gamma=None, gammaErrorPolicy='raise', infoMsg=UNKNOWN, lms=UNKNOWN, monitor=<psychopy.monitors.calibTools.Monitor object at 0x17c698940>, multiSample=False, name='window1', numSamples=2, pos=[560.0, 240.0], screen=0, size=array([1600, 1200]), stencilBits=0, stereo=False, title='PsychoPy', units='height', useFBO=True, useRetina=True, viewOri=0.0, viewPos=None, viewScale=None, waitBlanking=True, winType='pyglet')
12.9181 	EXP 	window1: backgroundImage = ''
12.9181 	EXP 	window1: backgroundFit = 'none'
12.9245 	DEBUG 	TextBox2 loaded 1 chars with 0 blanks and 1 valid
12.9249 	DEBUG 	TextBox2 loaded 1 chars with 0 blanks and 1 valid
12.9254 	DEBUG 	TextBox2 loaded 1 chars with 0 blanks and 1 valid
12.9259 	DEBUG 	TextBox2 loaded 1 chars with 0 blanks and 1 valid
12.9265 	DEBUG 	TextBox2 loaded 1 chars with 0 blanks and 1 valid
12.9266 	DEBUG 	TextBox2 loaded 1 chars with 0 blanks and 1 valid
12.9271 	DEBUG 	TextBox2 loaded 1 chars with 0 blanks and 1 valid
12.9276 	DEBUG 	TextBox2 loaded 1 chars with 0 blanks and 1 valid
12.9277 	DEBUG 	TextBox2 loaded 1 chars with 0 blanks and 1 valid
12.9279 	DEBUG 	TextBox2 loaded 1 chars with 0 blanks and 1 valid
12.9283 	DEBUG 	TextBox2 loaded 1 chars with 0 blanks and 1 valid
12.9287 	DEBUG 	TextBox2 loaded 1 chars with 0 blanks and 1 valid
12.9291 	DEBUG 	TextBox2 loaded 1 chars with 0 blanks and 1 valid
12.9295 	DEBUG 	TextBox2 loaded 1 chars with 0 blanks and 1 valid
12.9298 	DEBUG 	TextBox2 loaded 1 chars with 0 blanks and 1 valid
12.9302 	DEBUG 	TextBox2 loaded 1 chars with 0 blanks and 1 valid
12.9306 	DEBUG 	TextBox2 loaded 1 chars with 0 blanks and 1 valid
12.9308 	DEBUG 	TextBox2 loaded 1 chars with 0 blanks and 1 valid
12.9310 	DEBUG 	TextBox2 loaded 1 chars with 0 blanks and 1 valid
12.9316 	DEBUG 	TextBox2 loaded 1 chars with 0 blanks and 1 valid
12.9318 	DEBUG 	TextBox2 loaded 1 chars with 0 blanks and 1 valid
12.9320 	DEBUG 	Uploading Texture Font fontname to graphics card
12.9354 	DEBUG 	Upload of Texture Font fontname complete
12.9397 	DEBUG 	TextBox2 loaded 1 chars with 0 blanks and 1 valid
12.9406 	DEBUG 	TextBox2 loaded 1 chars with 0 blanks and 1 valid
12.9414 	DEBUG 	TextBox2 loaded 1 chars with 0 blanks and 1 valid
12.9416 	DEBUG 	Uploading Texture Font fontname to graphics card
12.9432 	DEBUG 	Upload of Texture Font fontname complete
12.9444 	EXP 	window1: Attempting to measure frame rate of screen (0) ...
12.9444 	EXP 	window1: recordFrameIntervals = False
13.0729 	EXP 	window1: recordFrameIntervals = True
13.9068 	WARNING 	Couldn't measure a consistent frame rate!
  - Is your graphics card set to sync to vertical blank?
  - Are you running other processes on your computer?

13.9146 	DEBUG 	TextBox2 loaded 1 chars with 0 blanks and 1 valid
13.9152 	DEBUG 	TextBox2 loaded 1 chars with 0 blanks and 1 valid
13.9161 	DEBUG 	TextBox2 loaded 1 chars with 0 blanks and 1 valid
13.9173 	DEBUG 	TextBox2 loaded 1 chars with 0 blanks and 1 valid
13.9183 	DEBUG 	TextBox2 loaded 1 chars with 0 blanks and 1 valid
13.9192 	DEBUG 	TextBox2 loaded 1 chars with 0 blanks and 1 valid
13.9197 	DEBUG 	TextBox2 loaded 1 chars with 0 blanks and 1 valid
13.9205 	DEBUG 	TextBox2 loaded 1 chars with 0 blanks and 1 valid
13.9215 	DEBUG 	TextBox2 loaded 1 chars with 0 blanks and 1 valid
13.9224 	DEBUG 	TextBox2 loaded 1 chars with 0 blanks and 1 valid
13.9227 	DEBUG 	Uploading Texture Font fontname to graphics card
13.9256 	DEBUG 	Upload of Texture Font fontname complete
13.9399 	WARNING 	launchHubServer: If using the iohub mouse or eyetracker devices, fullScr should be True.
15.8419 	INFO 	keyboard.Keyboard is using iohub backend.
15.8419 	INFO 	keyboard.Keyboard is using iohub backend.
15.8419 	INFO 	keyboard.Keyboard is using iohub backend.
15.8420 	INFO 	keyboard.Keyboard is using iohub backend.
15.8420 	INFO 	keyboard.Keyboard is using iohub backend.
15.8420 	EXP 	resting_state_demo: status = STARTED
15.8804 	EXP 	Created text_welcome = TextStim(__class__=<class 'psychopy.visual.text.TextStim'>, alignHoriz=method-wrapper(...), alignText='center', alignVert=method-wrapper(...), anchorHoriz='center', anchorVert='center', antialias=True, autoDraw=False, autoLog=True, bold=False, color=array([1., 1., 1.]), colorSpace='rgb', contrast=1.0, depth=0.0, draggable=False, flipHoriz=False, flipVert=False, font='Heiti SC', fontFiles=[], height=0.06, italic=False, languageStyle='LTR', name='text_welcome', opacity=1, ori=0.0, pos=array([0., 0.]), rgb=UNKNOWN, text=str(...), units='height', win=Window(...), wrapWidth=0.2)
15.8822 	EXP 	Created text_refresh = TextStim(__class__=<class 'psychopy.visual.text.TextStim'>, alignHoriz=method-wrapper(...), alignText='center', alignVert=method-wrapper(...), anchorHoriz='center', anchorVert='center', antialias=True, autoDraw=False, autoLog=True, bold=False, color=array([1., 1., 1.]), colorSpace='rgb', contrast=1.0, depth=0.0, draggable=False, flipHoriz=False, flipVert=False, font='Arial', fontFiles=[], height=0.05, italic=False, languageStyle='LTR', name='text_refresh', opacity=1, ori=0.0, pos=array([0., 0.]), rgb=UNKNOWN, text='', units='height', win=Window(...), wrapWidth=1)
15.8886 	EXP 	Created rate_emotion_prompt = TextStim(__class__=<class 'psychopy.visual.text.TextStim'>, alignHoriz=method-wrapper(...), alignText='center', alignVert=method-wrapper(...), anchorHoriz='center', anchorVert='center', antialias=True, autoDraw=False, autoLog=True, bold=False, color=array([1., 1., 1.]), colorSpace='rgb', contrast=1.0, depth=0.0, draggable=False, flipHoriz=False, flipVert=False, font='Arial', fontFiles=[], height=0.05, italic=False, languageStyle='LTR', name='rate_emotion_prompt', opacity=1, ori=0.0, pos=array([0. , 0.2]), rgb=UNKNOWN, text=str(...), units='height', win=Window(...), wrapWidth=1)
15.9014 	DEBUG 	TextBox2 loaded 1 chars with 0 blanks and 1 valid
15.9018 	DEBUG 	TextBox2 loaded 1 chars with 0 blanks and 1 valid
15.9021 	DEBUG 	TextBox2 loaded 1 chars with 0 blanks and 1 valid
15.9024 	DEBUG 	TextBox2 loaded 1 chars with 0 blanks and 1 valid
15.9026 	DEBUG 	TextBox2 loaded 1 chars with 0 blanks and 1 valid
15.9028 	DEBUG 	TextBox2 loaded 1 chars with 0 blanks and 1 valid
15.9031 	DEBUG 	TextBox2 loaded 1 chars with 0 blanks and 1 valid
15.9034 	DEBUG 	TextBox2 loaded 1 chars with 0 blanks and 1 valid
15.9037 	DEBUG 	TextBox2 loaded 1 chars with 0 blanks and 1 valid
15.9040 	DEBUG 	TextBox2 loaded 1 chars with 0 blanks and 1 valid
15.9043 	DEBUG 	TextBox2 loaded 1 chars with 0 blanks and 1 valid
15.9047 	DEBUG 	TextBox2 loaded 1 chars with 0 blanks and 1 valid
15.9049 	DEBUG 	Uploading Texture Font fontname to graphics card
15.9069 	DEBUG 	Upload of Texture Font fontname complete
15.9098 	DEBUG 	TextBox2 loaded 1 chars with 0 blanks and 1 valid
15.9101 	DEBUG 	TextBox2 loaded 1 chars with 0 blanks and 1 valid
15.9102 	DEBUG 	Uploading Texture Font fontname to graphics card
15.9116 	DEBUG 	Upload of Texture Font fontname complete
15.9281 	DEBUG 	TextBox2 loaded 1 chars with 0 blanks and 1 valid
15.9284 	DEBUG 	TextBox2 loaded 1 chars with 0 blanks and 1 valid
15.9284 	DEBUG 	Uploading Texture Font fontname to graphics card
15.9300 	DEBUG 	Upload of Texture Font fontname complete
15.9678 	EXP 	Created slider_emotion = Slider(__class__=<class 'psychopy.visual.slider.Slider'>, autoDraw=False, autoLog=True, borderColor=None, color=None, colorSpace='rgb', depth=-1, fillColor=None, flip=False, font='Arial', granularity=1.0, labelColor=None, labelHeight=0.035, labelWrapWidth=None, labels=list(...), lineColor=None, markerColor=None, name='slider_emotion', opacity=None, ori=0.0, pos=array([ 0. , -0.1]), readOnly=False, self=UNKNOWN, size=array([1. , 0.1]), startValue=5, style='rating', styleTweaks=[], ticks=array([1, 2, 3, 4, 5, 6, 7, 8, 9]), units='height', win=Window(...))
15.9688 	EXP 	Created text_refresh = TextStim(__class__=<class 'psychopy.visual.text.TextStim'>, alignHoriz=method-wrapper(...), alignText='center', alignVert=method-wrapper(...), anchorHoriz='center', anchorVert='center', antialias=True, autoDraw=False, autoLog=True, bold=False, color=array([1., 1., 1.]), colorSpace='rgb', contrast=1.0, depth=0.0, draggable=False, flipHoriz=False, flipVert=False, font='Arial', fontFiles=[], height=0.05, italic=False, languageStyle='LTR', name='text_refresh', opacity=1, ori=0.0, pos=array([0., 0.]), rgb=UNKNOWN, text='', units='height', win=Window(...), wrapWidth=1)
15.9708 	EXP 	Created wait4trigger_text = TextStim(__class__=<class 'psychopy.visual.text.TextStim'>, alignHoriz=method-wrapper(...), alignText='center', alignVert=method-wrapper(...), anchorHoriz='center', anchorVert='center', antialias=True, autoDraw=False, autoLog=True, bold=False, color=array([1., 1., 1.]), colorSpace='rgb', contrast=1.0, depth=0.0, draggable=False, flipHoriz=False, flipVert=False, font='Arial', fontFiles=[], height=0.05, italic=False, languageStyle='LTR', name='wait4trigger_text', opacity=1, ori=0.0, pos=array([0., 0.]), rgb=UNKNOWN, text='Please wait for the scan to start.', units='height', win=Window(...), wrapWidth=1)
15.9721 	EXP 	Created fake_stimulus_text = TextStim(__class__=<class 'psychopy.visual.text.TextStim'>, alignHoriz=method-wrapper(...), alignText='center', alignVert=method-wrapper(...), anchorHoriz='center', anchorVert='center', antialias=True, autoDraw=False, autoLog=True, bold=False, color=array([1., 1., 1.]), colorSpace='rgb', contrast=1.0, depth=0.0, draggable=False, flipHoriz=False, flipVert=False, font='Arial', fontFiles=[], height=0.05, italic=False, languageStyle='LTR', name='fake_stimulus_text', opacity=1, ori=0.0, pos=array([0., 0.]), rgb=UNKNOWN, text='Please wait for the scan to start.', units='height', win=Window(...), wrapWidth=1)
15.9738 	EXP 	Created fixation = TextStim(__class__=<class 'psychopy.visual.text.TextStim'>, alignHoriz=method-wrapper(...), alignText='center', alignVert=method-wrapper(...), anchorHoriz='center', anchorVert='center', antialias=True, autoDraw=False, autoLog=True, bold=False, color=array([1., 1., 1.]), colorSpace='rgb', contrast=1.0, depth=0.0, draggable=False, flipHoriz=False, flipVert=False, font='Arial', fontFiles=[], height=0.4, italic=False, languageStyle='LTR', name='fixation', opacity=1, ori=0.0, pos=array([0., 0.]), rgb=UNKNOWN, text='+', units='height', win=Window(...), wrapWidth=1)
15.9743 	EXP 	Created text_refresh = TextStim(__class__=<class 'psychopy.visual.text.TextStim'>, alignHoriz=method-wrapper(...), alignText='center', alignVert=method-wrapper(...), anchorHoriz='center', anchorVert='center', antialias=True, autoDraw=False, autoLog=True, bold=False, color=array([1., 1., 1.]), colorSpace='rgb', contrast=1.0, depth=0.0, draggable=False, flipHoriz=False, flipVert=False, font='Arial', fontFiles=[], height=0.05, italic=False, languageStyle='LTR', name='text_refresh', opacity=1, ori=0.0, pos=array([0., 0.]), rgb=UNKNOWN, text='', units='height', win=Window(...), wrapWidth=1)
15.9773 	EXP 	Created rate_emotion_prompt = TextStim(__class__=<class 'psychopy.visual.text.TextStim'>, alignHoriz=method-wrapper(...), alignText='center', alignVert=method-wrapper(...), anchorHoriz='center', anchorVert='center', antialias=True, autoDraw=False, autoLog=True, bold=False, color=array([1., 1., 1.]), colorSpace='rgb', contrast=1.0, depth=0.0, draggable=False, flipHoriz=False, flipVert=False, font='Arial', fontFiles=[], height=0.05, italic=False, languageStyle='LTR', name='rate_emotion_prompt', opacity=1, ori=0.0, pos=array([0. , 0.2]), rgb=UNKNOWN, text=str(...), units='height', win=Window(...), wrapWidth=1)
16.0363 	EXP 	Created slider_emotion = Slider(__class__=<class 'psychopy.visual.slider.Slider'>, autoDraw=False, autoLog=True, borderColor=None, color=None, colorSpace='rgb', depth=-1, fillColor=None, flip=False, font='Arial', granularity=1.0, labelColor=None, labelHeight=0.035, labelWrapWidth=None, labels=list(...), lineColor=None, markerColor=None, name='slider_emotion', opacity=None, ori=0.0, pos=array([ 0. , -0.1]), readOnly=False, self=UNKNOWN, size=array([1. , 0.1]), startValue=5, style='rating', styleTweaks=[], ticks=array([1, 2, 3, 4, 5, 6, 7, 8, 9]), units='height', win=Window(...))
16.0370 	EXP 	Created text_refresh = TextStim(__class__=<class 'psychopy.visual.text.TextStim'>, alignHoriz=method-wrapper(...), alignText='center', alignVert=method-wrapper(...), anchorHoriz='center', anchorVert='center', antialias=True, autoDraw=False, autoLog=True, bold=False, color=array([1., 1., 1.]), colorSpace='rgb', contrast=1.0, depth=0.0, draggable=False, flipHoriz=False, flipVert=False, font='Arial', fontFiles=[], height=0.05, italic=False, languageStyle='LTR', name='text_refresh', opacity=1, ori=0.0, pos=array([0., 0.]), rgb=UNKNOWN, text='', units='height', win=Window(...), wrapWidth=1)
16.0394 	EXP 	Created main_body_questionnaire = TextStim(__class__=<class 'psychopy.visual.text.TextStim'>, alignHoriz=method-wrapper(...), alignText='center', alignVert=method-wrapper(...), anchorHoriz='center', anchorVert='center', antialias=True, autoDraw=False, autoLog=True, bold=False, color=array([1., 1., 1.]), colorSpace='rgb', contrast=1.0, depth=0.0, draggable=False, flipHoriz=False, flipVert=False, font='Arial', fontFiles=[], height=0.05, italic=False, languageStyle='LTR', name='main_body_questionnaire', opacity=1, ori=0.0, pos=array([0. , 0.3]), rgb=UNKNOWN, text='During the MRI my thoughts:', units='height', win=Window(...), wrapWidth=1)
16.0397 	EXP 	Created item_text = TextStim(__class__=<class 'psychopy.visual.text.TextStim'>, alignHoriz=method-wrapper(...), alignText='center', alignVert=method-wrapper(...), anchorHoriz='center', anchorVert='center', antialias=True, autoDraw=False, autoLog=True, bold=False, color=array([1., 1., 1.]), colorSpace='rgb', contrast=1.0, depth=-1.0, draggable=False, flipHoriz=False, flipVert=False, font='Arial', fontFiles=[], height=0.05, italic=False, languageStyle='LTR', name='item_text', opacity=1, ori=0.0, pos=array([0. , 0.1]), rgb=UNKNOWN, text='', units='height', win=Window(...), wrapWidth=1)
16.0624 	DEBUG 	TextBox2 loaded 1 chars with 0 blanks and 1 valid
16.0628 	DEBUG 	TextBox2 loaded 1 chars with 0 blanks and 1 valid
16.0632 	DEBUG 	TextBox2 loaded 1 chars with 0 blanks and 1 valid
16.0635 	DEBUG 	TextBox2 loaded 1 chars with 0 blanks and 1 valid
16.0637 	DEBUG 	Uploading Texture Font fontname to graphics card
16.0653 	DEBUG 	Upload of Texture Font fontname complete
16.0844 	DEBUG 	TextBox2 loaded 1 chars with 0 blanks and 1 valid
16.0845 	DEBUG 	Uploading Texture Font fontname to graphics card
16.0860 	DEBUG 	Upload of Texture Font fontname complete
16.1043 	EXP 	Created slider_thinking_content = Slider(__class__=<class 'psychopy.visual.slider.Slider'>, autoDraw=False, autoLog=True, borderColor=None, color=None, colorSpace='rgb', depth=-2, fillColor=None, flip=False, font='Arial', granularity=1.0, labelColor=None, labelHeight=0.035, labelWrapWidth=None, labels=list(...), lineColor=None, markerColor=None, name='slider_thinking_content', opacity=None, ori=0.0, pos=array([ 0. , -0.1]), readOnly=False, self=UNKNOWN, size=array([1. , 0.1]), startValue=5, style='rating', styleTweaks=[], ticks=array([1, 2, 3, 4, 5, 6, 7, 8, 9]), units='height', win=Window(...))
16.1048 	EXP 	Created text_refresh = TextStim(__class__=<class 'psychopy.visual.text.TextStim'>, alignHoriz=method-wrapper(...), alignText='center', alignVert=method-wrapper(...), anchorHoriz='center', anchorVert='center', antialias=True, autoDraw=False, autoLog=True, bold=False, color=array([1., 1., 1.]), colorSpace='rgb', contrast=1.0, depth=0.0, draggable=False, flipHoriz=False, flipVert=False, font='Arial', fontFiles=[], height=0.05, italic=False, languageStyle='LTR', name='text_refresh', opacity=1, ori=0.0, pos=array([0., 0.]), rgb=UNKNOWN, text='', units='height', win=Window(...), wrapWidth=1)
16.1087 	EXP 	Created goodbye_text = TextStim(__class__=<class 'psychopy.visual.text.TextStim'>, alignHoriz=method-wrapper(...), alignText='center', alignVert=method-wrapper(...), anchorHoriz='center', anchorVert='center', antialias=True, autoDraw=False, autoLog=True, bold=False, color=array([1., 1., 1.]), colorSpace='rgb', contrast=1.0, depth=0.0, draggable=False, flipHoriz=False, flipVert=False, font='Arial', fontFiles=[], height=0.05, italic=False, languageStyle='LTR', name='goodbye_text', opacity=1, ori=0.0, pos=array([0., 0.]), rgb=UNKNOWN, text=str(...), units='height', win=Window(...), wrapWidth=1)
0.0068 	EXP 	slider_emotion: autoLog = True
0.0068 	EXP 	slider_emotion: styleTweaks = []
0.0068 	EXP 	slider_emotion: styleTweaks = []
0.0068 	EXP 	slider_emotion: styleTweaks = []
0.0068 	EXP 	slider_emotion: styleTweaks = []
0.0068 	EXP 	slider_emotion: contrast = 1.0
0.0068 	EXP 	slider_emotion: markerPos = 5
0.0068 	EXP 	slider_emotion: autoLog = True
0.0068 	EXP 	slider_emotion: autoLog = True
0.0068 	EXP 	slider_emotion: styleTweaks = []
0.0068 	EXP 	slider_emotion: styleTweaks = []
0.0068 	EXP 	slider_emotion: styleTweaks = []
0.0068 	EXP 	slider_emotion: styleTweaks = []
0.0068 	EXP 	slider_emotion: contrast = 1.0
0.0068 	EXP 	slider_emotion: markerPos = 5
0.0068 	EXP 	slider_emotion: autoLog = True
0.0068 	EXP 	slider_thinking_content: autoLog = True
0.0068 	EXP 	slider_thinking_content: styleTweaks = []
0.0068 	EXP 	slider_thinking_content: styleTweaks = []
0.0068 	EXP 	slider_thinking_content: styleTweaks = []
0.0068 	EXP 	slider_thinking_content: styleTweaks = []
0.0068 	EXP 	slider_thinking_content: contrast = 1.0
0.0068 	EXP 	slider_thinking_content: markerPos = 5
0.0068 	EXP 	slider_thinking_content: autoLog = True
0.0305 	INFO 	Keyboard events cleared
0.0303 	WARNING 	t of last frame was 23.51ms (=1/42)
0.0303 	EXP 	text_welcome: alignHoriz = 'left'
0.0303 	EXP 	text_welcome: wrapWidth = 0.5
0.0303 	EXP 	text_welcome: autoDraw = True
0.0303 	EXP 	text_welcome: height = 0.06
0.0303 	EXP 	text_welcome: height = 0.06
0.0303 	EXP 	text_welcome: height = 0.06
0.0303 	EXP 	text_welcome: text = '接下来您需要根据屏幕上的指导语\n以及主试的指导完成一些任务或休息。\n首先请您根据要求使用数字描述您目前的情绪状态，请使用左手边的按键控制光标移动，使用右手边的按键确认。\n如果您没有问题，请按右手边的按键继续。\n\n'
0.9992 	WARNING 	t of last frame was 79.78ms (=1/12)
6.7565 	WARNING 	t of last frame was 24.67ms (=1/40)
6.7770 	DATA 	Keypress: escape
6.7796 	WARNING 	t of last frame was 23.10ms (=1/43)
6.8166 	EXP 	resting_state_demo: status = STOPPED
6.8196 	EXP 	text_welcome: autoDraw = False
6.8207 	EXP 	resting_state_demo: status = STOPPED
6.8225 	INFO 	saved data to '/Users/Chenxiao/Documents/project_codes/RST_Chinese_beta/data/999_resting_state_demo_2025-06-11_15h37.19.316.csv'
6.8227 	INFO 	saved data to /Users/Chenxiao/Documents/project_codes/RST_Chinese_beta/data/999_resting_state_demo_2025-06-11_15h37.19.316.psydat
6.9312 	DEBUG 	Saving data for resting_state_demo ExperimentHandler
