10.4324 	WARNING 	Font Manager failed to load file /System/Library/PrivateFrameworks/FontServices.framework/Resources/Reserved/PingFangUI.ttc
12.0056 	DEBUG 	Fullscreen settings ignored as running in pilot mode.
12.0067 	INFO 	Loaded monitor calibration from ['2022_04_19 09:31']
12.0071 	WARNING 	This monitor has not been color-calibrated. Using default DKL conversion matrix.
12.0903 	WARNING 	This monitor has not been color-calibrated. Using default DKL conversion matrix.
12.0905 	WARNING 	This monitor has not been color-calibrated. Using default DKL conversion matrix.
12.1436 	EXP 	Created window1 = Window(allowGUI=False, allowStencil=False, autoLog=True, backendConf=UNKNOWN, backgroundFit=<method-wrapper '__getattribute__' of attributeSetter object at 0x17ef968c0>, backgroundImage=<method-wrapper '__getattribute__' of attributeSetter object at 0x17ef96920>, bitsMode=UNKNOWN, blendMode='avg', bpc=(8, 8, 8), color=array([0, 0, 0]), colorSpace='dkl', depthBits=8, fullscr=False, gamma=None, gammaErrorPolicy='raise', infoMsg=UNKNOWN, lms=UNKNOWN, monitor=<psychopy.monitors.calibTools.Monitor object at 0x17f048820>, multiSample=False, name='window1', numSamples=2, pos=[560.0, 240.0], screen=0, size=array([1600, 1200]), stencilBits=0, stereo=False, title='PsychoPy', units='height', useFBO=True, useRetina=True, viewOri=0.0, viewPos=None, viewScale=None, waitBlanking=True, winType='pyglet')
12.1436 	EXP 	window1: backgroundImage = ''
12.1436 	EXP 	window1: backgroundFit = 'none'
12.1499 	DEBUG 	TextBox2 loaded 1 chars with 0 blanks and 1 valid
12.1503 	DEBUG 	TextBox2 loaded 1 chars with 0 blanks and 1 valid
12.1507 	DEBUG 	TextBox2 loaded 1 chars with 0 blanks and 1 valid
12.1513 	DEBUG 	TextBox2 loaded 1 chars with 0 blanks and 1 valid
12.1518 	DEBUG 	TextBox2 loaded 1 chars with 0 blanks and 1 valid
12.1520 	DEBUG 	TextBox2 loaded 1 chars with 0 blanks and 1 valid
12.1523 	DEBUG 	TextBox2 loaded 1 chars with 0 blanks and 1 valid
12.1529 	DEBUG 	TextBox2 loaded 1 chars with 0 blanks and 1 valid
12.1530 	DEBUG 	TextBox2 loaded 1 chars with 0 blanks and 1 valid
12.1531 	DEBUG 	TextBox2 loaded 1 chars with 0 blanks and 1 valid
12.1535 	DEBUG 	TextBox2 loaded 1 chars with 0 blanks and 1 valid
12.1539 	DEBUG 	TextBox2 loaded 1 chars with 0 blanks and 1 valid
12.1542 	DEBUG 	TextBox2 loaded 1 chars with 0 blanks and 1 valid
12.1546 	DEBUG 	TextBox2 loaded 1 chars with 0 blanks and 1 valid
12.1549 	DEBUG 	TextBox2 loaded 1 chars with 0 blanks and 1 valid
12.1553 	DEBUG 	TextBox2 loaded 1 chars with 0 blanks and 1 valid
12.1557 	DEBUG 	TextBox2 loaded 1 chars with 0 blanks and 1 valid
12.1560 	DEBUG 	TextBox2 loaded 1 chars with 0 blanks and 1 valid
12.1561 	DEBUG 	TextBox2 loaded 1 chars with 0 blanks and 1 valid
12.1567 	DEBUG 	TextBox2 loaded 1 chars with 0 blanks and 1 valid
12.1569 	DEBUG 	TextBox2 loaded 1 chars with 0 blanks and 1 valid
12.1571 	DEBUG 	Uploading Texture Font fontname to graphics card
12.1603 	DEBUG 	Upload of Texture Font fontname complete
12.1640 	DEBUG 	TextBox2 loaded 1 chars with 0 blanks and 1 valid
12.1646 	DEBUG 	TextBox2 loaded 1 chars with 0 blanks and 1 valid
12.1651 	DEBUG 	TextBox2 loaded 1 chars with 0 blanks and 1 valid
12.1652 	DEBUG 	Uploading Texture Font fontname to graphics card
12.1667 	DEBUG 	Upload of Texture Font fontname complete
12.1678 	EXP 	window1: Attempting to measure frame rate of screen (0) ...
12.1679 	EXP 	window1: recordFrameIntervals = False
12.2797 	EXP 	window1: recordFrameIntervals = True
13.1143 	WARNING 	Couldn't measure a consistent frame rate!
  - Is your graphics card set to sync to vertical blank?
  - Are you running other processes on your computer?

13.1213 	DEBUG 	TextBox2 loaded 1 chars with 0 blanks and 1 valid
13.1217 	DEBUG 	TextBox2 loaded 1 chars with 0 blanks and 1 valid
13.1225 	DEBUG 	TextBox2 loaded 1 chars with 0 blanks and 1 valid
13.1235 	DEBUG 	TextBox2 loaded 1 chars with 0 blanks and 1 valid
13.1245 	DEBUG 	TextBox2 loaded 1 chars with 0 blanks and 1 valid
13.1254 	DEBUG 	TextBox2 loaded 1 chars with 0 blanks and 1 valid
13.1258 	DEBUG 	TextBox2 loaded 1 chars with 0 blanks and 1 valid
13.1265 	DEBUG 	TextBox2 loaded 1 chars with 0 blanks and 1 valid
13.1274 	DEBUG 	TextBox2 loaded 1 chars with 0 blanks and 1 valid
13.1282 	DEBUG 	TextBox2 loaded 1 chars with 0 blanks and 1 valid
13.1284 	DEBUG 	Uploading Texture Font fontname to graphics card
13.1311 	DEBUG 	Upload of Texture Font fontname complete
13.1449 	WARNING 	launchHubServer: If using the iohub mouse or eyetracker devices, fullScr should be True.
15.0430 	INFO 	keyboard.Keyboard is using iohub backend.
15.0430 	INFO 	keyboard.Keyboard is using iohub backend.
15.0430 	INFO 	keyboard.Keyboard is using iohub backend.
15.0430 	INFO 	keyboard.Keyboard is using iohub backend.
15.0430 	INFO 	keyboard.Keyboard is using iohub backend.
15.0431 	EXP 	resting_state_demo: status = STARTED
15.0918 	EXP 	Created image = ImageStim(__class__=<class 'psychopy.visual.image.ImageStim'>, anchor=('center', 'center'), autoLog=True, color=array([1., 1., 1.]), colorSpace='rgb', contrast=1.0, depth=0.0, draggable=False, flipHoriz=False, flipVert=False, image='structural_scan.png', interpolate=True, mask=None, maskParams=None, name='image', opacity=1, ori=0.0, pos=array([0., 0.]), size=array([0.5, 0.5]), texRes=128.0, units='height', win=Window(...))
15.1028 	EXP 	Created text_refresh = TextStim(__class__=<class 'psychopy.visual.text.TextStim'>, alignHoriz=method-wrapper(...), alignText='center', alignVert=method-wrapper(...), anchorHoriz='center', anchorVert='center', antialias=True, autoDraw=False, autoLog=True, bold=False, color=array([1., 1., 1.]), colorSpace='rgb', contrast=1.0, depth=0.0, draggable=False, flipHoriz=False, flipVert=False, font='Arial', fontFiles=[], height=0.05, italic=False, languageStyle='LTR', name='text_refresh', opacity=1, ori=0.0, pos=array([0., 0.]), rgb=UNKNOWN, text='', units='height', win=Window(...), wrapWidth=1)
15.1143 	EXP 	Created rate_emotion_prompt = TextStim(__class__=<class 'psychopy.visual.text.TextStim'>, alignHoriz=method-wrapper(...), alignText='center', alignVert=method-wrapper(...), anchorHoriz='center', anchorVert='center', antialias=True, autoDraw=False, autoLog=True, bold=False, color=array([1., 1., 1.]), colorSpace='rgb', contrast=1.0, depth=0.0, draggable=False, flipHoriz=False, flipVert=False, font='Arial', fontFiles=[], height=0.05, italic=False, languageStyle='LTR', name='rate_emotion_prompt', opacity=1, ori=0.0, pos=array([0. , 0.2]), rgb=UNKNOWN, text=str(...), units='height', win=Window(...), wrapWidth=1)
15.1273 	DEBUG 	TextBox2 loaded 1 chars with 0 blanks and 1 valid
15.1276 	DEBUG 	TextBox2 loaded 1 chars with 0 blanks and 1 valid
15.1279 	DEBUG 	TextBox2 loaded 1 chars with 0 blanks and 1 valid
15.1283 	DEBUG 	TextBox2 loaded 1 chars with 0 blanks and 1 valid
15.1285 	DEBUG 	TextBox2 loaded 1 chars with 0 blanks and 1 valid
15.1287 	DEBUG 	TextBox2 loaded 1 chars with 0 blanks and 1 valid
15.1290 	DEBUG 	TextBox2 loaded 1 chars with 0 blanks and 1 valid
15.1293 	DEBUG 	TextBox2 loaded 1 chars with 0 blanks and 1 valid
15.1295 	DEBUG 	TextBox2 loaded 1 chars with 0 blanks and 1 valid
15.1299 	DEBUG 	TextBox2 loaded 1 chars with 0 blanks and 1 valid
15.1302 	DEBUG 	TextBox2 loaded 1 chars with 0 blanks and 1 valid
15.1306 	DEBUG 	TextBox2 loaded 1 chars with 0 blanks and 1 valid
15.1307 	DEBUG 	Uploading Texture Font fontname to graphics card
15.1330 	DEBUG 	Upload of Texture Font fontname complete
15.1360 	DEBUG 	TextBox2 loaded 1 chars with 0 blanks and 1 valid
15.1363 	DEBUG 	TextBox2 loaded 1 chars with 0 blanks and 1 valid
15.1364 	DEBUG 	Uploading Texture Font fontname to graphics card
15.1378 	DEBUG 	Upload of Texture Font fontname complete
15.1543 	DEBUG 	TextBox2 loaded 1 chars with 0 blanks and 1 valid
15.1546 	DEBUG 	TextBox2 loaded 1 chars with 0 blanks and 1 valid
15.1547 	DEBUG 	Uploading Texture Font fontname to graphics card
15.1562 	DEBUG 	Upload of Texture Font fontname complete
15.1944 	EXP 	Created slider_emotion = Slider(__class__=<class 'psychopy.visual.slider.Slider'>, autoDraw=False, autoLog=True, borderColor=None, color=None, colorSpace='rgb', depth=-1, fillColor=None, flip=False, font='Arial', granularity=1.0, labelColor=None, labelHeight=0.035, labelWrapWidth=None, labels=list(...), lineColor=None, markerColor=None, name='slider_emotion', opacity=None, ori=0.0, pos=array([ 0. , -0.1]), readOnly=False, self=UNKNOWN, size=array([1. , 0.1]), startValue=5, style='rating', styleTweaks=[], ticks=array([1, 2, 3, 4, 5, 6, 7, 8, 9]), units='height', win=Window(...))
15.1950 	EXP 	Created text_refresh = TextStim(__class__=<class 'psychopy.visual.text.TextStim'>, alignHoriz=method-wrapper(...), alignText='center', alignVert=method-wrapper(...), anchorHoriz='center', anchorVert='center', antialias=True, autoDraw=False, autoLog=True, bold=False, color=array([1., 1., 1.]), colorSpace='rgb', contrast=1.0, depth=0.0, draggable=False, flipHoriz=False, flipVert=False, font='Arial', fontFiles=[], height=0.05, italic=False, languageStyle='LTR', name='text_refresh', opacity=1, ori=0.0, pos=array([0., 0.]), rgb=UNKNOWN, text='', units='height', win=Window(...), wrapWidth=1)
15.1975 	EXP 	Created wait4trigger_text = TextStim(__class__=<class 'psychopy.visual.text.TextStim'>, alignHoriz=method-wrapper(...), alignText='center', alignVert=method-wrapper(...), anchorHoriz='center', anchorVert='center', antialias=True, autoDraw=False, autoLog=True, bold=False, color=array([1., 1., 1.]), colorSpace='rgb', contrast=1.0, depth=0.0, draggable=False, flipHoriz=False, flipVert=False, font='Arial', fontFiles=[], height=0.05, italic=False, languageStyle='LTR', name='wait4trigger_text', opacity=1, ori=0.0, pos=array([0., 0.]), rgb=UNKNOWN, text='Please wait for the scan to start.', units='height', win=Window(...), wrapWidth=1)
15.1988 	EXP 	Created fake_stimulus_text = TextStim(__class__=<class 'psychopy.visual.text.TextStim'>, alignHoriz=method-wrapper(...), alignText='center', alignVert=method-wrapper(...), anchorHoriz='center', anchorVert='center', antialias=True, autoDraw=False, autoLog=True, bold=False, color=array([1., 1., 1.]), colorSpace='rgb', contrast=1.0, depth=0.0, draggable=False, flipHoriz=False, flipVert=False, font='Arial', fontFiles=[], height=0.05, italic=False, languageStyle='LTR', name='fake_stimulus_text', opacity=1, ori=0.0, pos=array([0., 0.]), rgb=UNKNOWN, text='Please wait for the scan to start.', units='height', win=Window(...), wrapWidth=1)
15.2003 	EXP 	Created fixation = TextStim(__class__=<class 'psychopy.visual.text.TextStim'>, alignHoriz=method-wrapper(...), alignText='center', alignVert=method-wrapper(...), anchorHoriz='center', anchorVert='center', antialias=True, autoDraw=False, autoLog=True, bold=False, color=array([1., 1., 1.]), colorSpace='rgb', contrast=1.0, depth=0.0, draggable=False, flipHoriz=False, flipVert=False, font='Arial', fontFiles=[], height=0.4, italic=False, languageStyle='LTR', name='fixation', opacity=1, ori=0.0, pos=array([0., 0.]), rgb=UNKNOWN, text='+', units='height', win=Window(...), wrapWidth=1)
15.2008 	EXP 	Created text_refresh = TextStim(__class__=<class 'psychopy.visual.text.TextStim'>, alignHoriz=method-wrapper(...), alignText='center', alignVert=method-wrapper(...), anchorHoriz='center', anchorVert='center', antialias=True, autoDraw=False, autoLog=True, bold=False, color=array([1., 1., 1.]), colorSpace='rgb', contrast=1.0, depth=0.0, draggable=False, flipHoriz=False, flipVert=False, font='Arial', fontFiles=[], height=0.05, italic=False, languageStyle='LTR', name='text_refresh', opacity=1, ori=0.0, pos=array([0., 0.]), rgb=UNKNOWN, text='', units='height', win=Window(...), wrapWidth=1)
15.2024 	EXP 	Created rate_emotion_prompt = TextStim(__class__=<class 'psychopy.visual.text.TextStim'>, alignHoriz=method-wrapper(...), alignText='center', alignVert=method-wrapper(...), anchorHoriz='center', anchorVert='center', antialias=True, autoDraw=False, autoLog=True, bold=False, color=array([1., 1., 1.]), colorSpace='rgb', contrast=1.0, depth=0.0, draggable=False, flipHoriz=False, flipVert=False, font='Arial', fontFiles=[], height=0.05, italic=False, languageStyle='LTR', name='rate_emotion_prompt', opacity=1, ori=0.0, pos=array([0. , 0.2]), rgb=UNKNOWN, text=str(...), units='height', win=Window(...), wrapWidth=1)
15.2620 	EXP 	Created slider_emotion = Slider(__class__=<class 'psychopy.visual.slider.Slider'>, autoDraw=False, autoLog=True, borderColor=None, color=None, colorSpace='rgb', depth=-1, fillColor=None, flip=False, font='Arial', granularity=1.0, labelColor=None, labelHeight=0.035, labelWrapWidth=None, labels=list(...), lineColor=None, markerColor=None, name='slider_emotion', opacity=None, ori=0.0, pos=array([ 0. , -0.1]), readOnly=False, self=UNKNOWN, size=array([1. , 0.1]), startValue=5, style='rating', styleTweaks=[], ticks=array([1, 2, 3, 4, 5, 6, 7, 8, 9]), units='height', win=Window(...))
15.2626 	EXP 	Created text_refresh = TextStim(__class__=<class 'psychopy.visual.text.TextStim'>, alignHoriz=method-wrapper(...), alignText='center', alignVert=method-wrapper(...), anchorHoriz='center', anchorVert='center', antialias=True, autoDraw=False, autoLog=True, bold=False, color=array([1., 1., 1.]), colorSpace='rgb', contrast=1.0, depth=0.0, draggable=False, flipHoriz=False, flipVert=False, font='Arial', fontFiles=[], height=0.05, italic=False, languageStyle='LTR', name='text_refresh', opacity=1, ori=0.0, pos=array([0., 0.]), rgb=UNKNOWN, text='', units='height', win=Window(...), wrapWidth=1)
15.2652 	EXP 	Created main_body_questionnaire = TextStim(__class__=<class 'psychopy.visual.text.TextStim'>, alignHoriz=method-wrapper(...), alignText='center', alignVert=method-wrapper(...), anchorHoriz='center', anchorVert='center', antialias=True, autoDraw=False, autoLog=True, bold=False, color=array([1., 1., 1.]), colorSpace='rgb', contrast=1.0, depth=0.0, draggable=False, flipHoriz=False, flipVert=False, font='Arial', fontFiles=[], height=0.05, italic=False, languageStyle='LTR', name='main_body_questionnaire', opacity=1, ori=0.0, pos=array([0. , 0.3]), rgb=UNKNOWN, text='During the MRI my thoughts:', units='height', win=Window(...), wrapWidth=1)
15.2655 	EXP 	Created item_text = TextStim(__class__=<class 'psychopy.visual.text.TextStim'>, alignHoriz=method-wrapper(...), alignText='center', alignVert=method-wrapper(...), anchorHoriz='center', anchorVert='center', antialias=True, autoDraw=False, autoLog=True, bold=False, color=array([1., 1., 1.]), colorSpace='rgb', contrast=1.0, depth=-1.0, draggable=False, flipHoriz=False, flipVert=False, font='Arial', fontFiles=[], height=0.05, italic=False, languageStyle='LTR', name='item_text', opacity=1, ori=0.0, pos=array([0. , 0.1]), rgb=UNKNOWN, text='', units='height', win=Window(...), wrapWidth=1)
15.2887 	DEBUG 	TextBox2 loaded 1 chars with 0 blanks and 1 valid
15.2891 	DEBUG 	TextBox2 loaded 1 chars with 0 blanks and 1 valid
15.2895 	DEBUG 	TextBox2 loaded 1 chars with 0 blanks and 1 valid
15.2898 	DEBUG 	TextBox2 loaded 1 chars with 0 blanks and 1 valid
15.2900 	DEBUG 	Uploading Texture Font fontname to graphics card
15.2916 	DEBUG 	Upload of Texture Font fontname complete
15.3106 	DEBUG 	TextBox2 loaded 1 chars with 0 blanks and 1 valid
15.3107 	DEBUG 	Uploading Texture Font fontname to graphics card
15.3122 	DEBUG 	Upload of Texture Font fontname complete
15.3306 	EXP 	Created slider_thinking_content = Slider(__class__=<class 'psychopy.visual.slider.Slider'>, autoDraw=False, autoLog=True, borderColor=None, color=None, colorSpace='rgb', depth=-2, fillColor=None, flip=False, font='Arial', granularity=1.0, labelColor=None, labelHeight=0.035, labelWrapWidth=None, labels=list(...), lineColor=None, markerColor=None, name='slider_thinking_content', opacity=None, ori=0.0, pos=array([ 0. , -0.1]), readOnly=False, self=UNKNOWN, size=array([1. , 0.1]), startValue=5, style='rating', styleTweaks=[], ticks=array([1, 2, 3, 4, 5, 6, 7, 8, 9]), units='height', win=Window(...))
15.3312 	EXP 	Created text_refresh = TextStim(__class__=<class 'psychopy.visual.text.TextStim'>, alignHoriz=method-wrapper(...), alignText='center', alignVert=method-wrapper(...), anchorHoriz='center', anchorVert='center', antialias=True, autoDraw=False, autoLog=True, bold=False, color=array([1., 1., 1.]), colorSpace='rgb', contrast=1.0, depth=0.0, draggable=False, flipHoriz=False, flipVert=False, font='Arial', fontFiles=[], height=0.05, italic=False, languageStyle='LTR', name='text_refresh', opacity=1, ori=0.0, pos=array([0., 0.]), rgb=UNKNOWN, text='', units='height', win=Window(...), wrapWidth=1)
15.3356 	EXP 	Created goodbye_text = TextStim(__class__=<class 'psychopy.visual.text.TextStim'>, alignHoriz=method-wrapper(...), alignText='center', alignVert=method-wrapper(...), anchorHoriz='center', anchorVert='center', antialias=True, autoDraw=False, autoLog=True, bold=False, color=array([1., 1., 1.]), colorSpace='rgb', contrast=1.0, depth=0.0, draggable=False, flipHoriz=False, flipVert=False, font='Arial', fontFiles=[], height=0.05, italic=False, languageStyle='LTR', name='goodbye_text', opacity=1, ori=0.0, pos=array([0., 0.]), rgb=UNKNOWN, text=str(...), units='height', win=Window(...), wrapWidth=1)
0.0048 	EXP 	slider_emotion: autoLog = True
0.0048 	EXP 	slider_emotion: styleTweaks = []
0.0048 	EXP 	slider_emotion: styleTweaks = []
0.0048 	EXP 	slider_emotion: styleTweaks = []
0.0048 	EXP 	slider_emotion: styleTweaks = []
0.0048 	EXP 	slider_emotion: contrast = 1.0
0.0048 	EXP 	slider_emotion: markerPos = 5
0.0048 	EXP 	slider_emotion: autoLog = True
0.0048 	EXP 	slider_emotion: autoLog = True
0.0048 	EXP 	slider_emotion: styleTweaks = []
0.0048 	EXP 	slider_emotion: styleTweaks = []
0.0048 	EXP 	slider_emotion: styleTweaks = []
0.0048 	EXP 	slider_emotion: styleTweaks = []
0.0048 	EXP 	slider_emotion: contrast = 1.0
0.0048 	EXP 	slider_emotion: markerPos = 5
0.0048 	EXP 	slider_emotion: autoLog = True
0.0048 	EXP 	slider_thinking_content: autoLog = True
0.0048 	EXP 	slider_thinking_content: styleTweaks = []
0.0048 	EXP 	slider_thinking_content: styleTweaks = []
0.0048 	EXP 	slider_thinking_content: styleTweaks = []
0.0048 	EXP 	slider_thinking_content: styleTweaks = []
0.0048 	EXP 	slider_thinking_content: contrast = 1.0
0.0048 	EXP 	slider_thinking_content: markerPos = 5
0.0048 	EXP 	slider_thinking_content: autoLog = True
0.0417 	INFO 	Keyboard events cleared
0.0415 	WARNING 	t of last frame was 36.69ms (=1/27)
0.0415 	EXP 	image: autoDraw = True
5.2388 	WARNING 	t of last frame was 29.40ms (=1/34)
5.2608 	DATA 	Keypress: escape
5.2634 	WARNING 	t of last frame was 24.55ms (=1/40)
5.2806 	EXP 	resting_state_demo: status = STOPPED
5.2924 	EXP 	image: autoDraw = False
5.2933 	EXP 	resting_state_demo: status = STOPPED
5.2952 	INFO 	saved data to '/Users/Chenxiao/Documents/project_codes/RST_Chinese_beta/data/999_resting_state_demo_2025-06-11_16h29.29.295.csv'
5.2954 	INFO 	saved data to /Users/Chenxiao/Documents/project_codes/RST_Chinese_beta/data/999_resting_state_demo_2025-06-11_16h29.29.295.psydat
5.3954 	DEBUG 	Saving data for resting_state_demo ExperimentHandler
