10.7733 	WARNING 	Font Manager failed to load file /System/Library/PrivateFrameworks/FontServices.framework/Resources/Reserved/PingFangUI.ttc
13.3118 	DEBUG 	Fullscreen settings ignored as running in pilot mode.
13.3126 	INFO 	Loaded monitor calibration from ['2022_04_19 09:31']
13.3129 	WARNING 	This monitor has not been color-calibrated. Using default DKL conversion matrix.
13.4044 	WARNING 	This monitor has not been color-calibrated. Using default DKL conversion matrix.
13.4045 	WARNING 	This monitor has not been color-calibrated. Using default DKL conversion matrix.
13.4585 	EXP 	Created window1 = Window(allowGUI=False, allowStencil=False, autoLog=True, backendConf=UNKNOWN, backgroundFit=<method-wrapper '__getattribute__' of attributeSetter object at 0x17c743700>, backgroundImage=<method-wrapper '__getattribute__' of attributeSetter object at 0x17c743760>, bitsMode=UNKNOWN, blendMode='avg', bpc=(8, 8, 8), color=array([0, 0, 0]), colorSpace='dkl', depthBits=8, fullscr=True, gamma=None, gammaErrorPolicy='raise', infoMsg=UNKNOWN, lms=UNKNOWN, monitor=<psychopy.monitors.calibTools.Monitor object at 0x17c7c4580>, multiSample=False, name='window1', numSamples=2, pos=[0.0, 0.0], screen=0, size=array([3840, 2160]), stencilBits=0, stereo=False, title='PsychoPy', units='height', useFBO=True, useRetina=True, viewOri=0.0, viewPos=None, viewScale=None, waitBlanking=True, winType='pyglet')
13.4586 	EXP 	window1: backgroundImage = ''
13.4586 	EXP 	window1: backgroundFit = 'none'
13.4658 	DEBUG 	TextBox2 loaded 1 chars with 0 blanks and 1 valid
13.4668 	DEBUG 	TextBox2 loaded 1 chars with 0 blanks and 1 valid
13.4678 	DEBUG 	TextBox2 loaded 1 chars with 0 blanks and 1 valid
13.4692 	DEBUG 	TextBox2 loaded 1 chars with 0 blanks and 1 valid
13.4705 	DEBUG 	TextBox2 loaded 1 chars with 0 blanks and 1 valid
13.4710 	DEBUG 	TextBox2 loaded 1 chars with 0 blanks and 1 valid
13.4719 	DEBUG 	TextBox2 loaded 1 chars with 0 blanks and 1 valid
13.4734 	DEBUG 	TextBox2 loaded 1 chars with 0 blanks and 1 valid
13.4735 	DEBUG 	TextBox2 loaded 1 chars with 0 blanks and 1 valid
13.4737 	DEBUG 	TextBox2 loaded 1 chars with 0 blanks and 1 valid
13.4747 	DEBUG 	TextBox2 loaded 1 chars with 0 blanks and 1 valid
13.4756 	DEBUG 	TextBox2 loaded 1 chars with 0 blanks and 1 valid
13.4765 	DEBUG 	TextBox2 loaded 1 chars with 0 blanks and 1 valid
13.4774 	DEBUG 	TextBox2 loaded 1 chars with 0 blanks and 1 valid
13.4781 	DEBUG 	TextBox2 loaded 1 chars with 0 blanks and 1 valid
13.4792 	DEBUG 	TextBox2 loaded 1 chars with 0 blanks and 1 valid
13.4801 	DEBUG 	TextBox2 loaded 1 chars with 0 blanks and 1 valid
13.4804 	DEBUG 	TextBox2 loaded 1 chars with 0 blanks and 1 valid
13.4808 	DEBUG 	TextBox2 loaded 1 chars with 0 blanks and 1 valid
13.4823 	DEBUG 	TextBox2 loaded 1 chars with 0 blanks and 1 valid
13.4824 	DEBUG 	TextBox2 loaded 1 chars with 0 blanks and 1 valid
13.4827 	DEBUG 	Uploading Texture Font fontname to graphics card
13.4860 	DEBUG 	Upload of Texture Font fontname complete
13.4913 	DEBUG 	TextBox2 loaded 1 chars with 0 blanks and 1 valid
13.4932 	DEBUG 	TextBox2 loaded 1 chars with 0 blanks and 1 valid
13.4949 	DEBUG 	TextBox2 loaded 1 chars with 0 blanks and 1 valid
13.4951 	DEBUG 	Uploading Texture Font fontname to graphics card
13.4967 	DEBUG 	Upload of Texture Font fontname complete
13.4978 	EXP 	window1: Attempting to measure frame rate of screen (0) ...
13.4979 	EXP 	window1: recordFrameIntervals = False
13.6243 	EXP 	window1: recordFrameIntervals = True
14.4755 	WARNING 	Couldn't measure a consistent frame rate!
  - Is your graphics card set to sync to vertical blank?
  - Are you running other processes on your computer?

14.4873 	DEBUG 	TextBox2 loaded 1 chars with 0 blanks and 1 valid
14.4884 	DEBUG 	TextBox2 loaded 1 chars with 0 blanks and 1 valid
14.4905 	DEBUG 	TextBox2 loaded 1 chars with 0 blanks and 1 valid
14.4940 	DEBUG 	TextBox2 loaded 1 chars with 0 blanks and 1 valid
14.4964 	DEBUG 	TextBox2 loaded 1 chars with 0 blanks and 1 valid
14.4992 	DEBUG 	TextBox2 loaded 1 chars with 0 blanks and 1 valid
14.4999 	DEBUG 	TextBox2 loaded 1 chars with 0 blanks and 1 valid
14.5018 	DEBUG 	TextBox2 loaded 1 chars with 0 blanks and 1 valid
14.5041 	DEBUG 	TextBox2 loaded 1 chars with 0 blanks and 1 valid
14.5062 	DEBUG 	TextBox2 loaded 1 chars with 0 blanks and 1 valid
14.5065 	DEBUG 	Uploading Texture Font fontname to graphics card
14.5098 	DEBUG 	Upload of Texture Font fontname complete
16.6830 	INFO 	keyboard.Keyboard is using iohub backend.
16.6830 	INFO 	keyboard.Keyboard is using iohub backend.
16.6830 	INFO 	keyboard.Keyboard is using iohub backend.
16.6830 	INFO 	keyboard.Keyboard is using iohub backend.
16.6830 	INFO 	keyboard.Keyboard is using iohub backend.
16.6831 	INFO 	keyboard.Keyboard is using iohub backend.
16.6831 	INFO 	keyboard.Keyboard is using iohub backend.
16.6831 	EXP 	resting_state: status = STARTED
16.7487 	EXP 	Created image_welcome = ImageStim(__class__=<class 'psychopy.visual.image.ImageStim'>, anchor=('center', 'center'), autoLog=True, color=array([1., 1., 1.]), colorSpace='rgb', contrast=1.0, depth=0.0, draggable=False, flipHoriz=False, flipVert=False, image='stimuli/welcome.png', interpolate=True, mask=None, maskParams=None, name='image_welcome', opacity=1, ori=0.0, pos=array([0., 0.]), size=array([1.1  , 0.825]), texRes=128.0, units='height', win=Window(...))
16.7596 	EXP 	Created text_refresh = TextStim(__class__=<class 'psychopy.visual.text.TextStim'>, alignHoriz=method-wrapper(...), alignText='center', alignVert=method-wrapper(...), anchorHoriz='center', anchorVert='center', antialias=True, autoDraw=False, autoLog=True, bold=False, color=array([1., 1., 1.]), colorSpace='rgb', contrast=1.0, depth=0.0, draggable=False, flipHoriz=False, flipVert=False, font='Arial', fontFiles=[], height=0.05, italic=False, languageStyle='LTR', name='text_refresh', opacity=1, ori=0.0, pos=array([0., 0.]), rgb=UNKNOWN, text='', units='height', win=Window(...), wrapWidth=1)
16.7757 	EXP 	Created rate_emotion_prompt = TextStim(__class__=<class 'psychopy.visual.text.TextStim'>, alignHoriz=method-wrapper(...), alignText='center', alignVert=method-wrapper(...), anchorHoriz='center', anchorVert='center', antialias=True, autoDraw=False, autoLog=True, bold=False, color=array([1., 1., 1.]), colorSpace='rgb', contrast=1.0, depth=0.0, draggable=False, flipHoriz=False, flipVert=False, font='Noto Sans SC', fontFiles=[], height=0.05, italic=False, languageStyle='LTR', name='rate_emotion_prompt', opacity=1, ori=0.0, pos=array([0. , 0.2]), rgb=UNKNOWN, text='请使用数字描述您目前的情绪状态：', units='height', win=Window(...), wrapWidth=1)
16.7911 	DEBUG 	TextBox2 loaded 1 chars with 0 blanks and 1 valid
16.7933 	DEBUG 	TextBox2 loaded 1 chars with 0 blanks and 1 valid
16.7954 	DEBUG 	TextBox2 loaded 1 chars with 0 blanks and 1 valid
16.7960 	DEBUG 	TextBox2 loaded 1 chars with 0 blanks and 1 valid
16.7982 	DEBUG 	TextBox2 loaded 1 chars with 0 blanks and 1 valid
16.8003 	DEBUG 	TextBox2 loaded 1 chars with 0 blanks and 1 valid
16.8005 	DEBUG 	Uploading Texture Font fontname to graphics card
16.8025 	DEBUG 	Upload of Texture Font fontname complete
16.8062 	DEBUG 	TextBox2 loaded 1 chars with 0 blanks and 1 valid
16.8075 	DEBUG 	TextBox2 loaded 1 chars with 0 blanks and 1 valid
16.8088 	DEBUG 	TextBox2 loaded 1 chars with 0 blanks and 1 valid
16.8098 	DEBUG 	TextBox2 loaded 1 chars with 0 blanks and 1 valid
16.8103 	DEBUG 	TextBox2 loaded 1 chars with 0 blanks and 1 valid
16.8109 	DEBUG 	TextBox2 loaded 1 chars with 0 blanks and 1 valid
16.8121 	DEBUG 	TextBox2 loaded 1 chars with 0 blanks and 1 valid
16.8130 	DEBUG 	TextBox2 loaded 1 chars with 0 blanks and 1 valid
16.8135 	DEBUG 	TextBox2 loaded 1 chars with 0 blanks and 1 valid
16.8136 	DEBUG 	Uploading Texture Font fontname to graphics card
16.8151 	DEBUG 	Upload of Texture Font fontname complete
16.8334 	DEBUG 	TextBox2 loaded 1 chars with 0 blanks and 1 valid
16.8358 	DEBUG 	TextBox2 loaded 1 chars with 0 blanks and 1 valid
16.8359 	DEBUG 	Uploading Texture Font fontname to graphics card
16.8374 	DEBUG 	Upload of Texture Font fontname complete
16.8748 	EXP 	Created slider_emotion = Slider(__class__=<class 'psychopy.visual.slider.Slider'>, autoDraw=False, autoLog=True, borderColor=None, color=None, colorSpace='rgb', depth=-1, fillColor=None, flip=False, font='Noto Sans SC', granularity=1.0, labelColor=None, labelHeight=0.04, labelWrapWidth=None, labels=['非常不高兴', '', '', '', '平静', '', '', '', '非常高兴'], lineColor=None, markerColor=None, name='slider_emotion', opacity=None, ori=0.0, pos=array([ 0. , -0.1]), readOnly=False, self=UNKNOWN, size=array([1. , 0.1]), startValue=5, style='rating', styleTweaks=[], ticks=array([1, 2, 3, 4, 5, 6, 7, 8, 9]), units='height', win=Window(...))
16.8753 	EXP 	Created text_refresh = TextStim(__class__=<class 'psychopy.visual.text.TextStim'>, alignHoriz=method-wrapper(...), alignText='center', alignVert=method-wrapper(...), anchorHoriz='center', anchorVert='center', antialias=True, autoDraw=False, autoLog=True, bold=False, color=array([1., 1., 1.]), colorSpace='rgb', contrast=1.0, depth=0.0, draggable=False, flipHoriz=False, flipVert=False, font='Arial', fontFiles=[], height=0.05, italic=False, languageStyle='LTR', name='text_refresh', opacity=1, ori=0.0, pos=array([0., 0.]), rgb=UNKNOWN, text='', units='height', win=Window(...), wrapWidth=1)
16.9211 	EXP 	Created image_rest_instruct = ImageStim(__class__=<class 'psychopy.visual.image.ImageStim'>, anchor=('center', 'center'), autoLog=True, color=array([1., 1., 1.]), colorSpace='rgb', contrast=1.0, depth=0.0, draggable=False, flipHoriz=False, flipVert=False, image='stimuli/rest_instruct.png', interpolate=True, mask=None, maskParams=None, name='image_rest_instruct', opacity=1, ori=0.0, pos=array([0., 0.]), size=array([1.1  , 0.825]), texRes=128.0, units='height', win=Window(...))
16.9217 	EXP 	Created text_refresh = TextStim(__class__=<class 'psychopy.visual.text.TextStim'>, alignHoriz=method-wrapper(...), alignText='center', alignVert=method-wrapper(...), anchorHoriz='center', anchorVert='center', antialias=True, autoDraw=False, autoLog=True, bold=False, color=array([1., 1., 1.]), colorSpace='rgb', contrast=1.0, depth=0.0, draggable=False, flipHoriz=False, flipVert=False, font='Arial', fontFiles=[], height=0.05, italic=False, languageStyle='LTR', name='text_refresh', opacity=1, ori=0.0, pos=array([0., 0.]), rgb=UNKNOWN, text='', units='height', win=Window(...), wrapWidth=1)
16.9268 	EXP 	Created wait4trigger_text = TextStim(__class__=<class 'psychopy.visual.text.TextStim'>, alignHoriz=method-wrapper(...), alignText='center', alignVert=method-wrapper(...), anchorHoriz='center', anchorVert='center', antialias=True, autoDraw=False, autoLog=True, bold=False, color=array([1., 1., 1.]), colorSpace='rgb', contrast=1.0, depth=0.0, draggable=False, flipHoriz=False, flipVert=False, font='Noto Sans SC', fontFiles=[], height=0.05, italic=False, languageStyle='LTR', name='wait4trigger_text', opacity=1, ori=0.0, pos=array([0., 0.]), rgb=UNKNOWN, text='即将开始，请等待。', units='height', win=Window(...), wrapWidth=1)
16.9279 	EXP 	Created fake_stimulus_text = TextStim(__class__=<class 'psychopy.visual.text.TextStim'>, alignHoriz=method-wrapper(...), alignText='center', alignVert=method-wrapper(...), anchorHoriz='center', anchorVert='center', antialias=True, autoDraw=False, autoLog=True, bold=False, color=array([1., 1., 1.]), colorSpace='rgb', contrast=1.0, depth=0.0, draggable=False, flipHoriz=False, flipVert=False, font='Noto Sans SC', fontFiles=[], height=0.05, italic=False, languageStyle='LTR', name='fake_stimulus_text', opacity=1, ori=0.0, pos=array([0., 0.]), rgb=UNKNOWN, text='即将开始，请等待。', units='height', win=Window(...), wrapWidth=1)
16.9296 	EXP 	Created fixation = TextStim(__class__=<class 'psychopy.visual.text.TextStim'>, alignHoriz=method-wrapper(...), alignText='center', alignVert=method-wrapper(...), anchorHoriz='center', anchorVert='center', antialias=True, autoDraw=False, autoLog=True, bold=False, color=array([1., 1., 1.]), colorSpace='rgb', contrast=1.0, depth=0.0, draggable=False, flipHoriz=False, flipVert=False, font='Noto Sans SC', fontFiles=[], height=0.3, italic=False, languageStyle='LTR', name='fixation', opacity=1, ori=0.0, pos=array([0., 0.]), rgb=UNKNOWN, text='+', units='height', win=Window(...), wrapWidth=1)
16.9300 	EXP 	Created text_refresh = TextStim(__class__=<class 'psychopy.visual.text.TextStim'>, alignHoriz=method-wrapper(...), alignText='center', alignVert=method-wrapper(...), anchorHoriz='center', anchorVert='center', antialias=True, autoDraw=False, autoLog=True, bold=False, color=array([1., 1., 1.]), colorSpace='rgb', contrast=1.0, depth=0.0, draggable=False, flipHoriz=False, flipVert=False, font='Arial', fontFiles=[], height=0.05, italic=False, languageStyle='LTR', name='text_refresh', opacity=1, ori=0.0, pos=array([0., 0.]), rgb=UNKNOWN, text='', units='height', win=Window(...), wrapWidth=1)
16.9311 	EXP 	Created rate_emotion_prompt = TextStim(__class__=<class 'psychopy.visual.text.TextStim'>, alignHoriz=method-wrapper(...), alignText='center', alignVert=method-wrapper(...), anchorHoriz='center', anchorVert='center', antialias=True, autoDraw=False, autoLog=True, bold=False, color=array([1., 1., 1.]), colorSpace='rgb', contrast=1.0, depth=0.0, draggable=False, flipHoriz=False, flipVert=False, font='Noto Sans SC', fontFiles=[], height=0.05, italic=False, languageStyle='LTR', name='rate_emotion_prompt', opacity=1, ori=0.0, pos=array([0. , 0.2]), rgb=UNKNOWN, text='请使用数字描述您目前的情绪状态：', units='height', win=Window(...), wrapWidth=1)
16.9902 	EXP 	Created slider_emotion = Slider(__class__=<class 'psychopy.visual.slider.Slider'>, autoDraw=False, autoLog=True, borderColor=None, color=None, colorSpace='rgb', depth=-1, fillColor=None, flip=False, font='Noto Sans SC', granularity=1.0, labelColor=None, labelHeight=0.04, labelWrapWidth=None, labels=['非常不高兴', '', '', '', '平静', '', '', '', '非常高兴'], lineColor=None, markerColor=None, name='slider_emotion', opacity=None, ori=0.0, pos=array([ 0. , -0.1]), readOnly=False, self=UNKNOWN, size=array([1. , 0.1]), startValue=5, style='rating', styleTweaks=[], ticks=array([1, 2, 3, 4, 5, 6, 7, 8, 9]), units='height', win=Window(...))
16.9908 	EXP 	Created text_refresh = TextStim(__class__=<class 'psychopy.visual.text.TextStim'>, alignHoriz=method-wrapper(...), alignText='center', alignVert=method-wrapper(...), anchorHoriz='center', anchorVert='center', antialias=True, autoDraw=False, autoLog=True, bold=False, color=array([1., 1., 1.]), colorSpace='rgb', contrast=1.0, depth=0.0, draggable=False, flipHoriz=False, flipVert=False, font='Arial', fontFiles=[], height=0.05, italic=False, languageStyle='LTR', name='text_refresh', opacity=1, ori=0.0, pos=array([0., 0.]), rgb=UNKNOWN, text='', units='height', win=Window(...), wrapWidth=1)
16.9970 	EXP 	Created main_body_questionnaire = TextStim(__class__=<class 'psychopy.visual.text.TextStim'>, alignHoriz=method-wrapper(...), alignText='center', alignVert=method-wrapper(...), anchorHoriz='center', anchorVert='center', antialias=True, autoDraw=False, autoLog=True, bold=False, color=array([1., 1., 1.]), colorSpace='rgb', contrast=1.0, depth=0.0, draggable=False, flipHoriz=False, flipVert=False, font='Arial', fontFiles=[], height=0.05, italic=False, languageStyle='LTR', name='main_body_questionnaire', opacity=1, ori=0.0, pos=array([0. , 0.3]), rgb=UNKNOWN, text='During the MRI my thoughts:', units='height', win=Window(...), wrapWidth=1)
16.9973 	EXP 	Created item_text = TextStim(__class__=<class 'psychopy.visual.text.TextStim'>, alignHoriz=method-wrapper(...), alignText='center', alignVert=method-wrapper(...), anchorHoriz='center', anchorVert='center', antialias=True, autoDraw=False, autoLog=True, bold=False, color=array([1., 1., 1.]), colorSpace='rgb', contrast=1.0, depth=-1.0, draggable=False, flipHoriz=False, flipVert=False, font='Arial', fontFiles=[], height=0.05, italic=False, languageStyle='LTR', name='item_text', opacity=1, ori=0.0, pos=array([0. , 0.1]), rgb=UNKNOWN, text='', units='height', win=Window(...), wrapWidth=1)
17.0025 	DEBUG 	TextBox2 loaded 1 chars with 0 blanks and 1 valid
17.0031 	DEBUG 	TextBox2 loaded 1 chars with 0 blanks and 1 valid
17.0037 	DEBUG 	TextBox2 loaded 1 chars with 0 blanks and 1 valid
17.0042 	DEBUG 	TextBox2 loaded 1 chars with 0 blanks and 1 valid
17.0043 	DEBUG 	Uploading Texture Font fontname to graphics card
17.0063 	DEBUG 	Upload of Texture Font fontname complete
17.0096 	DEBUG 	TextBox2 loaded 1 chars with 0 blanks and 1 valid
17.0103 	DEBUG 	TextBox2 loaded 1 chars with 0 blanks and 1 valid
17.0110 	DEBUG 	TextBox2 loaded 1 chars with 0 blanks and 1 valid
17.0112 	DEBUG 	TextBox2 loaded 1 chars with 0 blanks and 1 valid
17.0114 	DEBUG 	TextBox2 loaded 1 chars with 0 blanks and 1 valid
17.0121 	DEBUG 	TextBox2 loaded 1 chars with 0 blanks and 1 valid
17.0123 	DEBUG 	TextBox2 loaded 1 chars with 0 blanks and 1 valid
17.0126 	DEBUG 	TextBox2 loaded 1 chars with 0 blanks and 1 valid
17.0127 	DEBUG 	Uploading Texture Font fontname to graphics card
17.0142 	DEBUG 	Upload of Texture Font fontname complete
17.0309 	DEBUG 	TextBox2 loaded 1 chars with 0 blanks and 1 valid
17.0315 	DEBUG 	TextBox2 loaded 1 chars with 0 blanks and 1 valid
17.0323 	DEBUG 	TextBox2 loaded 1 chars with 0 blanks and 1 valid
17.0328 	DEBUG 	TextBox2 loaded 1 chars with 0 blanks and 1 valid
17.0331 	DEBUG 	TextBox2 loaded 1 chars with 0 blanks and 1 valid
17.0333 	DEBUG 	Uploading Texture Font fontname to graphics card
17.0348 	DEBUG 	Upload of Texture Font fontname complete
17.0537 	DEBUG 	TextBox2 loaded 1 chars with 0 blanks and 1 valid
17.0541 	DEBUG 	TextBox2 loaded 1 chars with 0 blanks and 1 valid
17.0549 	DEBUG 	TextBox2 loaded 1 chars with 0 blanks and 1 valid
17.0549 	DEBUG 	Uploading Texture Font fontname to graphics card
17.0564 	DEBUG 	Upload of Texture Font fontname complete
17.0748 	EXP 	Created slider_thinking_content = Slider(__class__=<class 'psychopy.visual.slider.Slider'>, autoDraw=False, autoLog=True, borderColor=None, color=None, colorSpace='rgb', depth=-2, fillColor=None, flip=False, font='Arial', granularity=1.0, labelColor=None, labelHeight=0.035, labelWrapWidth=None, labels=list(...), lineColor=None, markerColor=None, name='slider_thinking_content', opacity=None, ori=0.0, pos=array([ 0. , -0.1]), readOnly=False, self=UNKNOWN, size=array([1. , 0.1]), startValue=5, style='rating', styleTweaks=[], ticks=array([1, 2, 3, 4, 5, 6, 7, 8, 9]), units='height', win=Window(...))
17.0753 	EXP 	Created text_refresh = TextStim(__class__=<class 'psychopy.visual.text.TextStim'>, alignHoriz=method-wrapper(...), alignText='center', alignVert=method-wrapper(...), anchorHoriz='center', anchorVert='center', antialias=True, autoDraw=False, autoLog=True, bold=False, color=array([1., 1., 1.]), colorSpace='rgb', contrast=1.0, depth=0.0, draggable=False, flipHoriz=False, flipVert=False, font='Arial', fontFiles=[], height=0.05, italic=False, languageStyle='LTR', name='text_refresh', opacity=1, ori=0.0, pos=array([0., 0.]), rgb=UNKNOWN, text='', units='height', win=Window(...), wrapWidth=1)
17.0807 	EXP 	Created goodbye_text = TextStim(__class__=<class 'psychopy.visual.text.TextStim'>, alignHoriz=method-wrapper(...), alignText='center', alignVert=method-wrapper(...), anchorHoriz='center', anchorVert='center', antialias=True, autoDraw=False, autoLog=True, bold=False, color=array([1., 1., 1.]), colorSpace='rgb', contrast=1.0, depth=0.0, draggable=False, flipHoriz=False, flipVert=False, font='Noto Sans SC', fontFiles=[], height=0.05, italic=False, languageStyle='LTR', name='goodbye_text', opacity=1, ori=0.0, pos=array([0., 0.]), rgb=UNKNOWN, text='本阶段结束，请等待下一阶段的扫描。', units='height', win=Window(...), wrapWidth=1)
0.0096 	EXP 	slider_emotion: autoLog = True
0.0096 	EXP 	slider_emotion: styleTweaks = []
0.0096 	EXP 	slider_emotion: styleTweaks = []
0.0096 	EXP 	slider_emotion: styleTweaks = []
0.0096 	EXP 	slider_emotion: styleTweaks = []
0.0096 	EXP 	slider_emotion: contrast = 1.0
0.0096 	EXP 	slider_emotion: markerPos = 5
0.0096 	EXP 	slider_emotion: autoLog = True
0.0096 	EXP 	slider_emotion: autoLog = True
0.0096 	EXP 	slider_emotion: styleTweaks = []
0.0096 	EXP 	slider_emotion: styleTweaks = []
0.0096 	EXP 	slider_emotion: styleTweaks = []
0.0096 	EXP 	slider_emotion: styleTweaks = []
0.0096 	EXP 	slider_emotion: contrast = 1.0
0.0096 	EXP 	slider_emotion: markerPos = 5
0.0096 	EXP 	slider_emotion: autoLog = True
0.0096 	EXP 	slider_thinking_content: autoLog = True
0.0096 	EXP 	slider_thinking_content: styleTweaks = []
0.0096 	EXP 	slider_thinking_content: styleTweaks = []
0.0096 	EXP 	slider_thinking_content: styleTweaks = []
0.0096 	EXP 	slider_thinking_content: styleTweaks = []
0.0096 	EXP 	slider_thinking_content: contrast = 1.0
0.0096 	EXP 	slider_thinking_content: markerPos = 5
0.0096 	EXP 	slider_thinking_content: autoLog = True
0.0214 	INFO 	Keyboard events cleared
0.0211 	EXP 	image_welcome: autoDraw = True
1.8773 	WARNING 	t of last frame was 26.47ms (=1/37)
1.9726 	WARNING 	t of last frame was 29.04ms (=1/34)
1.9726 	EXP 	image_welcome: autoDraw = False
1.9726 	EXP 	text_refresh: autoDraw = True
1.9841 	DATA 	Keypress: 3
2.2838 	INFO 	Keyboard events cleared
2.2835 	WARNING 	t of last frame was 22.95ms (=1/43)
2.2835 	EXP 	text_refresh: autoDraw = False
2.2835 	EXP 	text_refresh: autoDraw = False
2.2835 	EXP 	slider_emotion: markerPos = None
2.2835 	EXP 	slider_emotion: markerPos = 5
2.2835 	EXP 	slider_emotion: markerPos = 5
2.2835 	EXP 	rate_emotion_prompt: autoDraw = True
2.2835 	EXP 	slider_emotion: autoDraw = True
2.5427 	WARNING 	t of last frame was 23.72ms (=1/42)
2.5927 	WARNING 	Multiple dropped frames have occurred - I'll stop bothering you about them!
3.5193 	DATA 	Keypress: 1
3.9998 	DATA 	Keypress: 2
5.1105 	DATA 	Keypress: a
5.5779 	DATA 	Keypress: s
6.5113 	DATA 	Keypress: j
6.8941 	DATA 	Keypress: k
7.7169 	DATA 	Keypress: j
7.9277 	DATA 	Keypress: k
8.0790 	DATA 	Keypress: a
8.3340 	DATA 	Keypress: s
8.5777 	DATA 	Keypress: a
8.9945 	DATA 	Keypress: k
9.4275 	DATA 	Keypress: j
9.9382 	DATA 	Keypress: j
10.9783 	DATA 	Keypress: c
10.9884 	EXP 	slider_emotion: markerPos = 4.0
11.3779 	DATA 	Keypress: c
11.3925 	EXP 	slider_emotion: markerPos = 3.0
12.0699 	DATA 	Keypress: s
12.3113 	DATA 	Keypress: s
13.1623 	DATA 	Keypress: d
13.1865 	EXP 	slider_emotion: markerPos = 4.0
13.4213 	DATA 	Keypress: d
13.4307 	EXP 	slider_emotion: markerPos = 5.0
13.6279 	DATA 	Keypress: d
13.6433 	EXP 	slider_emotion: markerPos = 6.0
13.8534 	DATA 	Keypress: d
13.8699 	EXP 	slider_emotion: markerPos = 7.0
17.9776 	DATA 	Keypress: 3
17.9934 	EXP 	rate_emotion_prompt: autoDraw = False
17.9934 	EXP 	slider_emotion: autoDraw = False
17.9934 	EXP 	text_refresh: autoDraw = True
18.2846 	INFO 	Keyboard events cleared
18.2844 	EXP 	text_refresh: autoDraw = False
18.2844 	EXP 	text_refresh: autoDraw = False
18.2844 	EXP 	image_rest_instruct: autoDraw = True
39.3850 	EXP 	image_rest_instruct: autoDraw = False
39.3850 	EXP 	text_refresh: autoDraw = True
39.3887 	DATA 	Keypress: 3
39.6778 	INFO 	Keyboard events cleared
39.6776 	EXP 	text_refresh: autoDraw = False
39.6776 	EXP 	text_refresh: autoDraw = False
39.6776 	EXP 	wait4trigger_text: autoDraw = True
48.3326 	DATA 	Keypress: s
50.6999 	DATA 	Keypress: s
50.9390 	DATA 	Keypress: s
51.1051 	DATA 	Keypress: s
56.5341 	DATA 	Keypress: k
59.1890 	DATA 	Keypress: w
59.2491 	DATA 	Keypress: q
59.4002 	DATA 	Keypress: e
59.6667 	DATA 	Keypress: w
60.0166 	DATA 	Keypress: a
60.1893 	DATA 	Keypress: s
60.4719 	DATA 	Keypress: d
60.8222 	DATA 	Keypress: s
61.4833 	DATA 	Keypress: j
61.6992 	DATA 	Keypress: z
61.7331 	DATA 	Keypress: x
61.9660 	DATA 	Keypress: b
61.9884 	DATA 	Keypress: c
62.2176 	DATA 	Keypress: z
62.2357 	DATA 	Keypress: x
62.3832 	DATA 	Keypress: v
62.4218 	DATA 	Keypress: c
62.4709 	DATA 	Keypress: n
62.5167 	DATA 	Keypress: m
62.5331 	DATA 	Keypress: z
62.5490 	DATA 	Keypress: x
62.6496 	DATA 	Keypress: b
62.6994 	DATA 	Keypress: v
62.9335 	DATA 	Keypress: q
62.9835 	DATA 	Keypress: i
62.9908 	DATA 	Keypress: w
63.0326 	DATA 	Keypress: h
63.0831 	DATA 	Keypress: r
63.1500 	DATA 	Keypress: i
63.1829 	DATA 	Keypress: u
63.2497 	DATA 	Keypress: q
63.3546 	DATA 	Keypress: y
63.4333 	DATA 	Keypress: t
63.4367 	EXP 	wait4trigger_text: autoDraw = False
63.4367 	EXP 	fake_stimulus_text: autoDraw = True
63.5662 	DATA 	Keypress: i
63.6159 	DATA 	Keypress: e
63.7995 	DATA 	Keypress: o
63.8062 	DATA 	Keypress: i
64.3008 	DATA 	Keypress: p
64.6873 	DATA 	Keypress: w
64.9725 	DATA 	Keypress: j
65.1724 	DATA 	Keypress: h
65.2725 	DATA 	Keypress: j
65.3051 	DATA 	Keypress: k
65.3211 	DATA 	Keypress: g
65.4363 	EXP 	fake_stimulus_text: autoDraw = False
65.4363 	EXP 	fake_stimulus_text: autoDraw = False
65.4363 	EXP 	fixation: autoDraw = True
65.4543 	DATA 	Keypress: h
65.6222 	DATA 	Keypress: j
65.6331 	DATA 	Keypress: k
67.4301 	EXP 	fixation: autoDraw = False
67.4301 	EXP 	fixation: autoDraw = False
67.4301 	EXP 	text_refresh: autoDraw = True
67.7204 	EXP 	text_refresh: autoDraw = False
67.7204 	EXP 	text_refresh: autoDraw = False
67.7204 	EXP 	slider_emotion: markerPos = None
67.7204 	EXP 	slider_emotion: markerPos = 5
67.7204 	EXP 	slider_emotion: markerPos = 5
67.7356 	INFO 	Keyboard events cleared
67.7354 	EXP 	rate_emotion_prompt: autoDraw = True
67.7354 	EXP 	slider_emotion: autoDraw = True
91.8552 	DATA 	Keypress: c
91.8680 	EXP 	slider_emotion: markerPos = 4.0
93.2652 	DATA 	Keypress: d
93.2809 	EXP 	slider_emotion: markerPos = 5.0
93.4159 	DATA 	Keypress: d
93.4254 	EXP 	slider_emotion: markerPos = 6.0
95.3378 	DATA 	Keypress: 3
95.3488 	EXP 	rate_emotion_prompt: autoDraw = False
95.3488 	EXP 	slider_emotion: autoDraw = False
95.3488 	EXP 	text_refresh: autoDraw = True
95.6408 	DEBUG 	Read excel file with openpyxl: think_content_condition.xlsx
95.6412 	EXP 	Imported think_content_condition.xlsx as conditions, 10 conditions, 2 params
95.6417 	EXP 	New trial (rep=0, index=0): <Trial 0 (0 in rep 0) data={'item': '是关于过去的事情', 'number': 1, 'thisN': 0, 'thisTrialN': 0, 'thisRepN': 0}>
95.6610 	INFO 	Keyboard events cleared
95.6608 	EXP 	text_refresh: autoDraw = False
95.6608 	EXP 	text_refresh: autoDraw = False
95.6608 	EXP 	item_text: height = 0.05
95.6608 	EXP 	item_text: height = 0.05
95.6608 	EXP 	item_text: height = 0.05
95.6608 	EXP 	item_text: text = '是关于过去的事情'
95.6608 	EXP 	slider_thinking_content: markerPos = None
95.6608 	EXP 	slider_thinking_content: markerPos = 5
95.6608 	EXP 	slider_thinking_content: markerPos = 5
95.6608 	EXP 	main_body_questionnaire: autoDraw = True
95.6608 	EXP 	item_text: autoDraw = True
95.6608 	EXP 	slider_thinking_content: autoDraw = True
112.4214 	DATA 	Keypress: j
114.1337 	DATA 	Keypress: a
114.1381 	EXP 	main_body_questionnaire: autoDraw = False
114.1381 	EXP 	item_text: autoDraw = False
114.1381 	EXP 	slider_thinking_content: autoDraw = False
114.1381 	EXP 	text_refresh: autoDraw = True
114.4341 	EXP 	New trial (rep=0, index=1): <Trial 1 (1 in rep 0) data={'item': '是关于将来的事情', 'number': 2, 'thisN': 1, 'thisTrialN': 1, 'thisRepN': 0}>
114.4501 	INFO 	Keyboard events cleared
114.4498 	EXP 	text_refresh: autoDraw = False
114.4498 	EXP 	text_refresh: autoDraw = False
114.4498 	EXP 	item_text: height = 0.05
114.4498 	EXP 	item_text: height = 0.05
114.4498 	EXP 	item_text: height = 0.05
114.4498 	EXP 	item_text: text = '是关于将来的事情'
114.4498 	EXP 	slider_thinking_content: markerPos = None
114.4498 	EXP 	slider_thinking_content: markerPos = 5
114.4498 	EXP 	slider_thinking_content: markerPos = 5
114.4498 	EXP 	main_body_questionnaire: autoDraw = True
114.4498 	EXP 	item_text: autoDraw = True
114.4498 	EXP 	slider_thinking_content: autoDraw = True
114.8676 	DATA 	Keypress: a
114.8727 	EXP 	main_body_questionnaire: autoDraw = False
114.8727 	EXP 	item_text: autoDraw = False
114.8727 	EXP 	slider_thinking_content: autoDraw = False
114.8727 	EXP 	text_refresh: autoDraw = True
115.1681 	EXP 	New trial (rep=0, index=2): <Trial 2 (2 in rep 0) data={'item': '是关于我自己的', 'number': 3, 'thisN': 2, 'thisTrialN': 2, 'thisRepN': 0}>
115.1843 	INFO 	Keyboard events cleared
115.1840 	EXP 	text_refresh: autoDraw = False
115.1840 	EXP 	text_refresh: autoDraw = False
115.1840 	EXP 	item_text: height = 0.05
115.1840 	EXP 	item_text: height = 0.05
115.1840 	EXP 	item_text: height = 0.05
115.1840 	EXP 	item_text: text = '是关于我自己的'
115.1840 	EXP 	slider_thinking_content: markerPos = None
115.1840 	EXP 	slider_thinking_content: markerPos = 5
115.1840 	EXP 	slider_thinking_content: markerPos = 5
115.1840 	EXP 	main_body_questionnaire: autoDraw = True
115.1840 	EXP 	item_text: autoDraw = True
115.1840 	EXP 	slider_thinking_content: autoDraw = True
115.4932 	DATA 	Keypress: a
115.4990 	EXP 	main_body_questionnaire: autoDraw = False
115.4990 	EXP 	item_text: autoDraw = False
115.4990 	EXP 	slider_thinking_content: autoDraw = False
115.4990 	EXP 	text_refresh: autoDraw = True
115.7842 	EXP 	New trial (rep=0, index=3): <Trial 3 (3 in rep 0) data={'item': '是关于他人的', 'number': 4, 'thisN': 3, 'thisTrialN': 3, 'thisRepN': 0}>
115.8010 	INFO 	Keyboard events cleared
115.8007 	EXP 	text_refresh: autoDraw = False
115.8007 	EXP 	text_refresh: autoDraw = False
115.8007 	EXP 	item_text: height = 0.05
115.8007 	EXP 	item_text: height = 0.05
115.8007 	EXP 	item_text: height = 0.05
115.8007 	EXP 	item_text: text = '是关于他人的'
115.8007 	EXP 	slider_thinking_content: markerPos = None
115.8007 	EXP 	slider_thinking_content: markerPos = 5
115.8007 	EXP 	slider_thinking_content: markerPos = 5
115.8007 	EXP 	main_body_questionnaire: autoDraw = True
115.8007 	EXP 	item_text: autoDraw = True
115.8007 	EXP 	slider_thinking_content: autoDraw = True
116.0633 	DATA 	Keypress: a
116.0667 	EXP 	main_body_questionnaire: autoDraw = False
116.0667 	EXP 	item_text: autoDraw = False
116.0667 	EXP 	slider_thinking_content: autoDraw = False
116.0667 	EXP 	text_refresh: autoDraw = True
116.3510 	EXP 	New trial (rep=0, index=4): <Trial 4 (4 in rep 0) data={'item': '是正性的、积极的事件', 'number': 5, 'thisN': 4, 'thisTrialN': 4, 'thisRepN': 0}>
116.3691 	INFO 	Keyboard events cleared
116.3688 	EXP 	text_refresh: autoDraw = False
116.3688 	EXP 	text_refresh: autoDraw = False
116.3688 	EXP 	item_text: height = 0.05
116.3688 	EXP 	item_text: height = 0.05
116.3688 	EXP 	item_text: height = 0.05
116.3688 	EXP 	item_text: text = '是正性的、积极的事件'
116.3688 	EXP 	slider_thinking_content: markerPos = None
116.3688 	EXP 	slider_thinking_content: markerPos = 5
116.3688 	EXP 	slider_thinking_content: markerPos = 5
116.3688 	EXP 	main_body_questionnaire: autoDraw = True
116.3688 	EXP 	item_text: autoDraw = True
116.3688 	EXP 	slider_thinking_content: autoDraw = True
116.6844 	DATA 	Keypress: a
116.6892 	EXP 	main_body_questionnaire: autoDraw = False
116.6892 	EXP 	item_text: autoDraw = False
116.6892 	EXP 	slider_thinking_content: autoDraw = False
116.6892 	EXP 	text_refresh: autoDraw = True
116.9842 	EXP 	New trial (rep=0, index=5): <Trial 5 (5 in rep 0) data={'item': '是负性的、消极的事件', 'number': 6, 'thisN': 5, 'thisTrialN': 5, 'thisRepN': 0}>
117.0011 	INFO 	Keyboard events cleared
117.0009 	EXP 	text_refresh: autoDraw = False
117.0009 	EXP 	text_refresh: autoDraw = False
117.0009 	EXP 	item_text: height = 0.05
117.0009 	EXP 	item_text: height = 0.05
117.0009 	EXP 	item_text: height = 0.05
117.0009 	EXP 	item_text: text = '是负性的、消极的事件'
117.0009 	EXP 	slider_thinking_content: markerPos = None
117.0009 	EXP 	slider_thinking_content: markerPos = 5
117.0009 	EXP 	slider_thinking_content: markerPos = 5
117.0009 	EXP 	main_body_questionnaire: autoDraw = True
117.0009 	EXP 	item_text: autoDraw = True
117.0009 	EXP 	slider_thinking_content: autoDraw = True
117.2333 	DATA 	Keypress: a
117.2500 	EXP 	main_body_questionnaire: autoDraw = False
117.2500 	EXP 	item_text: autoDraw = False
117.2500 	EXP 	slider_thinking_content: autoDraw = False
117.2500 	EXP 	text_refresh: autoDraw = True
117.5348 	EXP 	New trial (rep=0, index=6): <Trial 6 (6 in rep 0) data={'item': '是以图像或意象的形式进行思维', 'number': 7, 'thisN': 6, 'thisTrialN': 6, 'thisRepN': 0}>
117.5563 	INFO 	Keyboard events cleared
117.5562 	EXP 	text_refresh: autoDraw = False
117.5562 	EXP 	text_refresh: autoDraw = False
117.5562 	EXP 	item_text: height = 0.05
117.5562 	EXP 	item_text: height = 0.05
117.5562 	EXP 	item_text: height = 0.05
117.5562 	EXP 	item_text: text = '是以图像或意象的形式进行思维'
117.5562 	EXP 	slider_thinking_content: markerPos = None
117.5562 	EXP 	slider_thinking_content: markerPos = 5
117.5562 	EXP 	slider_thinking_content: markerPos = 5
117.5562 	EXP 	main_body_questionnaire: autoDraw = True
117.5562 	EXP 	item_text: autoDraw = True
117.5562 	EXP 	slider_thinking_content: autoDraw = True
117.8767 	DATA 	Keypress: a
117.8825 	EXP 	main_body_questionnaire: autoDraw = False
117.8825 	EXP 	item_text: autoDraw = False
117.8825 	EXP 	slider_thinking_content: autoDraw = False
117.8825 	EXP 	text_refresh: autoDraw = True
118.1675 	EXP 	New trial (rep=0, index=7): <Trial 7 (7 in rep 0) data={'item': '是以内部言语的形式进行思维', 'number': 8, 'thisN': 7, 'thisTrialN': 7, 'thisRepN': 0}>
118.1844 	INFO 	Keyboard events cleared
118.1841 	EXP 	text_refresh: autoDraw = False
118.1841 	EXP 	text_refresh: autoDraw = False
118.1841 	EXP 	item_text: height = 0.05
118.1841 	EXP 	item_text: height = 0.05
118.1841 	EXP 	item_text: height = 0.05
118.1841 	EXP 	item_text: text = '是以内部言语的形式进行思维'
118.1841 	EXP 	slider_thinking_content: markerPos = None
118.1841 	EXP 	slider_thinking_content: markerPos = 5
118.1841 	EXP 	slider_thinking_content: markerPos = 5
118.1841 	EXP 	main_body_questionnaire: autoDraw = True
118.1841 	EXP 	item_text: autoDraw = True
118.1841 	EXP 	slider_thinking_content: autoDraw = True
118.5164 	EXP 	main_body_questionnaire: autoDraw = False
118.5164 	EXP 	item_text: autoDraw = False
118.5164 	EXP 	slider_thinking_content: autoDraw = False
118.5164 	EXP 	text_refresh: autoDraw = True
118.5181 	DATA 	Keypress: a
118.8019 	EXP 	New trial (rep=0, index=8): <Trial 8 (8 in rep 0) data={'item': '让我感到开心', 'number': 9, 'thisN': 8, 'thisTrialN': 8, 'thisRepN': 0}>
118.8193 	INFO 	Keyboard events cleared
118.8191 	EXP 	text_refresh: autoDraw = False
118.8191 	EXP 	text_refresh: autoDraw = False
118.8191 	EXP 	item_text: height = 0.05
118.8191 	EXP 	item_text: height = 0.05
118.8191 	EXP 	item_text: height = 0.05
118.8191 	EXP 	item_text: text = '让我感到开心'
118.8191 	EXP 	slider_thinking_content: markerPos = None
118.8191 	EXP 	slider_thinking_content: markerPos = 5
118.8191 	EXP 	slider_thinking_content: markerPos = 5
118.8191 	EXP 	main_body_questionnaire: autoDraw = True
118.8191 	EXP 	item_text: autoDraw = True
118.8191 	EXP 	slider_thinking_content: autoDraw = True
119.1104 	DATA 	Keypress: a
119.1159 	EXP 	main_body_questionnaire: autoDraw = False
119.1159 	EXP 	item_text: autoDraw = False
119.1159 	EXP 	slider_thinking_content: autoDraw = False
119.1159 	EXP 	text_refresh: autoDraw = True
119.4016 	EXP 	New trial (rep=0, index=9): <Trial 9 (9 in rep 0) data={'item': '让我感到悲伤', 'number': 10, 'thisN': 9, 'thisTrialN': 9, 'thisRepN': 0}>
119.4179 	INFO 	Keyboard events cleared
119.4177 	EXP 	text_refresh: autoDraw = False
119.4177 	EXP 	text_refresh: autoDraw = False
119.4177 	EXP 	item_text: height = 0.05
119.4177 	EXP 	item_text: height = 0.05
119.4177 	EXP 	item_text: height = 0.05
119.4177 	EXP 	item_text: text = '让我感到悲伤'
119.4177 	EXP 	slider_thinking_content: markerPos = None
119.4177 	EXP 	slider_thinking_content: markerPos = 5
119.4177 	EXP 	slider_thinking_content: markerPos = 5
119.4177 	EXP 	main_body_questionnaire: autoDraw = True
119.4177 	EXP 	item_text: autoDraw = True
119.4177 	EXP 	slider_thinking_content: autoDraw = True
119.7331 	EXP 	main_body_questionnaire: autoDraw = False
119.7331 	EXP 	item_text: autoDraw = False
119.7331 	EXP 	slider_thinking_content: autoDraw = False
119.7331 	EXP 	text_refresh: autoDraw = True
119.7350 	DATA 	Keypress: a
120.0233 	INFO 	Keyboard events cleared
120.0231 	EXP 	text_refresh: autoDraw = False
120.0231 	EXP 	text_refresh: autoDraw = False
120.0231 	EXP 	goodbye_text: autoDraw = True
121.6774 	DATA 	Keypress: s
123.6103 	DATA 	Keypress: s
123.9440 	DATA 	Keypress: j
125.0183 	EXP 	goodbye_text: autoDraw = False
133.8274 	DATA 	Keypress: escape
133.8707 	EXP 	resting_state: status = STOPPED
133.8766 	EXP 	resting_state: status = STOPPED
133.8817 	INFO 	saved data to '/Users/Chenxiao/Documents/project_codes/RST_Chinese_beta/data/999_resting_state_2025-06-12_14h07.49.318.csv'
133.8823 	INFO 	saved data to /Users/Chenxiao/Documents/project_codes/RST_Chinese_beta/data/999_resting_state_2025-06-12_14h07.49.318.psydat
134.2042 	DEBUG 	Saving data for resting_state ExperimentHandler
