12.8514 	WARNING 	Font Manager failed to load file /System/Library/PrivateFrameworks/FontServices.framework/Resources/Reserved/PingFangUI.ttc
15.1712 	DEBUG 	Fullscreen settings ignored as running in pilot mode.
15.1718 	INFO 	Loaded monitor calibration from ['2022_04_19 09:31']
15.1720 	WARNING 	This monitor has not been color-calibrated. Using default DKL conversion matrix.
15.2585 	WARNING 	This monitor has not been color-calibrated. Using default DKL conversion matrix.
15.2587 	WARNING 	This monitor has not been color-calibrated. Using default DKL conversion matrix.
15.3177 	EXP 	Created window1 = Window(allowGUI=False, allowStencil=False, autoLog=True, backendConf=UNKNOWN, backgroundFit=<method-wrapper '__getattribute__' of attributeSetter object at 0x17ca0c190>, backgroundImage=<method-wrapper '__getattribute__' of attributeSetter object at 0x17ca0c1f0>, bitsMode=UNKNOWN, blendMode='avg', bpc=(8, 8, 8), color=array([0, 0, 0]), colorSpace='dkl', depthBits=8, fullscr=False, gamma=None, gammaErrorPolicy='raise', infoMsg=UNKNOWN, lms=UNKNOWN, monitor=<psychopy.monitors.calibTools.Monitor object at 0x17c428610>, multiSample=False, name='window1', numSamples=2, pos=[560.0, 240.0], screen=0, size=array([1600, 1200]), stencilBits=0, stereo=False, title='PsychoPy', units='pix', useFBO=True, useRetina=True, viewOri=0.0, viewPos=None, viewScale=None, waitBlanking=True, winType='pyglet')
15.3178 	EXP 	window1: backgroundImage = ''
15.3178 	EXP 	window1: backgroundFit = 'none'
15.3256 	DEBUG 	TextBox2 loaded 1 chars with 0 blanks and 1 valid
15.3261 	DEBUG 	TextBox2 loaded 1 chars with 0 blanks and 1 valid
15.3266 	DEBUG 	TextBox2 loaded 1 chars with 0 blanks and 1 valid
15.3272 	DEBUG 	TextBox2 loaded 1 chars with 0 blanks and 1 valid
15.3277 	DEBUG 	TextBox2 loaded 1 chars with 0 blanks and 1 valid
15.3280 	DEBUG 	TextBox2 loaded 1 chars with 0 blanks and 1 valid
15.3284 	DEBUG 	TextBox2 loaded 1 chars with 0 blanks and 1 valid
15.3290 	DEBUG 	TextBox2 loaded 1 chars with 0 blanks and 1 valid
15.3291 	DEBUG 	TextBox2 loaded 1 chars with 0 blanks and 1 valid
15.3293 	DEBUG 	TextBox2 loaded 1 chars with 0 blanks and 1 valid
15.3297 	DEBUG 	TextBox2 loaded 1 chars with 0 blanks and 1 valid
15.3301 	DEBUG 	TextBox2 loaded 1 chars with 0 blanks and 1 valid
15.3305 	DEBUG 	TextBox2 loaded 1 chars with 0 blanks and 1 valid
15.3309 	DEBUG 	TextBox2 loaded 1 chars with 0 blanks and 1 valid
15.3312 	DEBUG 	TextBox2 loaded 1 chars with 0 blanks and 1 valid
15.3316 	DEBUG 	TextBox2 loaded 1 chars with 0 blanks and 1 valid
15.3320 	DEBUG 	TextBox2 loaded 1 chars with 0 blanks and 1 valid
15.3323 	DEBUG 	TextBox2 loaded 1 chars with 0 blanks and 1 valid
15.3325 	DEBUG 	TextBox2 loaded 1 chars with 0 blanks and 1 valid
15.3331 	DEBUG 	TextBox2 loaded 1 chars with 0 blanks and 1 valid
15.3333 	DEBUG 	TextBox2 loaded 1 chars with 0 blanks and 1 valid
15.3335 	DEBUG 	Uploading Texture Font fontname to graphics card
15.3370 	DEBUG 	Upload of Texture Font fontname complete
15.3414 	DEBUG 	TextBox2 loaded 1 chars with 0 blanks and 1 valid
15.3421 	DEBUG 	TextBox2 loaded 1 chars with 0 blanks and 1 valid
15.3426 	DEBUG 	TextBox2 loaded 1 chars with 0 blanks and 1 valid
15.3428 	DEBUG 	Uploading Texture Font fontname to graphics card
15.3445 	DEBUG 	Upload of Texture Font fontname complete
15.3458 	EXP 	window1: Attempting to measure frame rate of screen (0) ...
15.3458 	EXP 	window1: recordFrameIntervals = False
15.4590 	EXP 	window1: recordFrameIntervals = True
16.2925 	WARNING 	Couldn't measure a consistent frame rate!
  - Is your graphics card set to sync to vertical blank?
  - Are you running other processes on your computer?

16.2965 	DEBUG 	TextBox2 loaded 1 chars with 0 blanks and 1 valid
16.2968 	DEBUG 	TextBox2 loaded 1 chars with 0 blanks and 1 valid
16.2973 	DEBUG 	TextBox2 loaded 1 chars with 0 blanks and 1 valid
16.2980 	DEBUG 	TextBox2 loaded 1 chars with 0 blanks and 1 valid
16.2986 	DEBUG 	TextBox2 loaded 1 chars with 0 blanks and 1 valid
16.2992 	DEBUG 	TextBox2 loaded 1 chars with 0 blanks and 1 valid
16.2995 	DEBUG 	TextBox2 loaded 1 chars with 0 blanks and 1 valid
16.3000 	DEBUG 	TextBox2 loaded 1 chars with 0 blanks and 1 valid
16.3006 	DEBUG 	TextBox2 loaded 1 chars with 0 blanks and 1 valid
16.3012 	DEBUG 	TextBox2 loaded 1 chars with 0 blanks and 1 valid
16.3014 	DEBUG 	Uploading Texture Font fontname to graphics card
16.3032 	DEBUG 	Upload of Texture Font fontname complete
16.3148 	WARNING 	launchHubServer: If using the iohub mouse or eyetracker devices, fullScr should be True.
18.7197 	INFO 	keyboard.Keyboard is using iohub backend.
18.7198 	INFO 	keyboard.Keyboard is using iohub backend.
18.7198 	INFO 	keyboard.Keyboard is using iohub backend.
18.7198 	INFO 	keyboard.Keyboard is using iohub backend.
18.7198 	INFO 	keyboard.Keyboard is using iohub backend.
18.7199 	EXP 	resting_state_demo: status = STARTED
18.7658 	EXP 	Created text_welcome = TextStim(__class__=<class 'psychopy.visual.text.TextStim'>, alignHoriz=method-wrapper(...), alignText='center', alignVert=method-wrapper(...), anchorHoriz='center', anchorVert='center', antialias=True, autoDraw=False, autoLog=True, bold=False, color=array([1., 1., 1.]), colorSpace='rgb', contrast=1.0, depth=0.0, draggable=False, flipHoriz=False, flipVert=False, font='Heiti SC', fontFiles=[], height=30.0, italic=False, languageStyle='LTR', name='text_welcome', opacity=1, ori=0.0, pos=array([-300.,    0.]), rgb=UNKNOWN, text=str(...), units='pix', win=Window(...), wrapWidth=100.0)
18.7682 	EXP 	Created text_refresh = TextStim(__class__=<class 'psychopy.visual.text.TextStim'>, alignHoriz=method-wrapper(...), alignText='center', alignVert=method-wrapper(...), anchorHoriz='center', anchorVert='center', antialias=True, autoDraw=False, autoLog=True, bold=False, color=array([1., 1., 1.]), colorSpace='rgb', contrast=1.0, depth=0.0, draggable=False, flipHoriz=False, flipVert=False, font='Arial', fontFiles=[], height=0.05, italic=False, languageStyle='LTR', name='text_refresh', opacity=1, ori=0.0, pos=array([0., 0.]), rgb=UNKNOWN, text='', units='pix', win=Window(...), wrapWidth=500)
18.7763 	EXP 	Created rate_emotion_prompt = TextStim(__class__=<class 'psychopy.visual.text.TextStim'>, alignHoriz=method-wrapper(...), alignText='center', alignVert=method-wrapper(...), anchorHoriz='center', anchorVert='center', antialias=True, autoDraw=False, autoLog=True, bold=False, color=array([1., 1., 1.]), colorSpace='rgb', contrast=1.0, depth=0.0, draggable=False, flipHoriz=False, flipVert=False, font='Arial', fontFiles=[], height=0.05, italic=False, languageStyle='LTR', name='rate_emotion_prompt', opacity=1, ori=0.0, pos=array([0. , 0.2]), rgb=UNKNOWN, text=str(...), units='pix', win=Window(...), wrapWidth=500)
18.7927 	DEBUG 	TextBox2 loaded 1 chars with 0 blanks and 1 valid
18.7930 	DEBUG 	TextBox2 loaded 1 chars with 0 blanks and 1 valid
18.7933 	DEBUG 	TextBox2 loaded 1 chars with 0 blanks and 1 valid
18.7935 	DEBUG 	TextBox2 loaded 1 chars with 0 blanks and 1 valid
18.7937 	DEBUG 	TextBox2 loaded 1 chars with 0 blanks and 1 valid
18.7940 	DEBUG 	TextBox2 loaded 1 chars with 0 blanks and 1 valid
18.7942 	DEBUG 	TextBox2 loaded 1 chars with 0 blanks and 1 valid
18.7944 	DEBUG 	TextBox2 loaded 1 chars with 0 blanks and 1 valid
18.7946 	DEBUG 	TextBox2 loaded 1 chars with 0 blanks and 1 valid
18.7949 	DEBUG 	TextBox2 loaded 1 chars with 0 blanks and 1 valid
18.7951 	DEBUG 	TextBox2 loaded 1 chars with 0 blanks and 1 valid
18.7953 	DEBUG 	TextBox2 loaded 1 chars with 0 blanks and 1 valid
18.7957 	DEBUG 	Uploading Texture Font fontname to graphics card
18.7984 	DEBUG 	Upload of Texture Font fontname complete
18.8020 	DEBUG 	TextBox2 loaded 1 chars with 0 blanks and 1 valid
18.8023 	DEBUG 	TextBox2 loaded 1 chars with 0 blanks and 1 valid
18.8026 	DEBUG 	Uploading Texture Font fontname to graphics card
18.8043 	DEBUG 	Upload of Texture Font fontname complete
18.8237 	DEBUG 	TextBox2 loaded 1 chars with 0 blanks and 1 valid
18.8240 	DEBUG 	TextBox2 loaded 1 chars with 0 blanks and 1 valid
18.8242 	DEBUG 	Uploading Texture Font fontname to graphics card
18.8261 	DEBUG 	Upload of Texture Font fontname complete
18.8769 	EXP 	Created slider_emotion = Slider(__class__=<class 'psychopy.visual.slider.Slider'>, autoDraw=False, autoLog=True, borderColor=None, color=None, colorSpace='rgb', depth=-1, fillColor=None, flip=False, font='Arial', granularity=1.0, labelColor=None, labelHeight=0.035, labelWrapWidth=None, labels=list(...), lineColor=None, markerColor=None, name='slider_emotion', opacity=None, ori=0.0, pos=array([ 0. , -0.1]), readOnly=False, self=UNKNOWN, size=array([1. , 0.1]), startValue=5, style='rating', styleTweaks=[], ticks=array([1, 2, 3, 4, 5, 6, 7, 8, 9]), units='pix', win=Window(...))
18.8776 	EXP 	Created text_refresh = TextStim(__class__=<class 'psychopy.visual.text.TextStim'>, alignHoriz=method-wrapper(...), alignText='center', alignVert=method-wrapper(...), anchorHoriz='center', anchorVert='center', antialias=True, autoDraw=False, autoLog=True, bold=False, color=array([1., 1., 1.]), colorSpace='rgb', contrast=1.0, depth=0.0, draggable=False, flipHoriz=False, flipVert=False, font='Arial', fontFiles=[], height=0.05, italic=False, languageStyle='LTR', name='text_refresh', opacity=1, ori=0.0, pos=array([0., 0.]), rgb=UNKNOWN, text='', units='pix', win=Window(...), wrapWidth=500)
18.8809 	EXP 	Created wait4trigger_text = TextStim(__class__=<class 'psychopy.visual.text.TextStim'>, alignHoriz=method-wrapper(...), alignText='center', alignVert=method-wrapper(...), anchorHoriz='center', anchorVert='center', antialias=True, autoDraw=False, autoLog=True, bold=False, color=array([1., 1., 1.]), colorSpace='rgb', contrast=1.0, depth=0.0, draggable=False, flipHoriz=False, flipVert=False, font='Arial', fontFiles=[], height=0.05, italic=False, languageStyle='LTR', name='wait4trigger_text', opacity=1, ori=0.0, pos=array([0., 0.]), rgb=UNKNOWN, text='Please wait for the scan to start.', units='pix', win=Window(...), wrapWidth=500)
18.8824 	EXP 	Created fake_stimulus_text = TextStim(__class__=<class 'psychopy.visual.text.TextStim'>, alignHoriz=method-wrapper(...), alignText='center', alignVert=method-wrapper(...), anchorHoriz='center', anchorVert='center', antialias=True, autoDraw=False, autoLog=True, bold=False, color=array([1., 1., 1.]), colorSpace='rgb', contrast=1.0, depth=0.0, draggable=False, flipHoriz=False, flipVert=False, font='Arial', fontFiles=[], height=0.05, italic=False, languageStyle='LTR', name='fake_stimulus_text', opacity=1, ori=0.0, pos=array([0., 0.]), rgb=UNKNOWN, text='Please wait for the scan to start.', units='pix', win=Window(...), wrapWidth=500)
18.8839 	EXP 	Created fixation = TextStim(__class__=<class 'psychopy.visual.text.TextStim'>, alignHoriz=method-wrapper(...), alignText='center', alignVert=method-wrapper(...), anchorHoriz='center', anchorVert='center', antialias=True, autoDraw=False, autoLog=True, bold=False, color=array([1., 1., 1.]), colorSpace='rgb', contrast=1.0, depth=0.0, draggable=False, flipHoriz=False, flipVert=False, font='Arial', fontFiles=[], height=0.4, italic=False, languageStyle='LTR', name='fixation', opacity=1, ori=0.0, pos=array([0., 0.]), rgb=UNKNOWN, text='+', units='pix', win=Window(...), wrapWidth=500)
18.8844 	EXP 	Created text_refresh = TextStim(__class__=<class 'psychopy.visual.text.TextStim'>, alignHoriz=method-wrapper(...), alignText='center', alignVert=method-wrapper(...), anchorHoriz='center', anchorVert='center', antialias=True, autoDraw=False, autoLog=True, bold=False, color=array([1., 1., 1.]), colorSpace='rgb', contrast=1.0, depth=0.0, draggable=False, flipHoriz=False, flipVert=False, font='Arial', fontFiles=[], height=0.05, italic=False, languageStyle='LTR', name='text_refresh', opacity=1, ori=0.0, pos=array([0., 0.]), rgb=UNKNOWN, text='', units='pix', win=Window(...), wrapWidth=500)
18.8862 	EXP 	Created rate_emotion_prompt = TextStim(__class__=<class 'psychopy.visual.text.TextStim'>, alignHoriz=method-wrapper(...), alignText='center', alignVert=method-wrapper(...), anchorHoriz='center', anchorVert='center', antialias=True, autoDraw=False, autoLog=True, bold=False, color=array([1., 1., 1.]), colorSpace='rgb', contrast=1.0, depth=0.0, draggable=False, flipHoriz=False, flipVert=False, font='Arial', fontFiles=[], height=0.05, italic=False, languageStyle='LTR', name='rate_emotion_prompt', opacity=1, ori=0.0, pos=array([0. , 0.2]), rgb=UNKNOWN, text=str(...), units='pix', win=Window(...), wrapWidth=500)
18.9619 	EXP 	Created slider_emotion = Slider(__class__=<class 'psychopy.visual.slider.Slider'>, autoDraw=False, autoLog=True, borderColor=None, color=None, colorSpace='rgb', depth=-1, fillColor=None, flip=False, font='Arial', granularity=1.0, labelColor=None, labelHeight=0.035, labelWrapWidth=None, labels=list(...), lineColor=None, markerColor=None, name='slider_emotion', opacity=None, ori=0.0, pos=array([ 0. , -0.1]), readOnly=False, self=UNKNOWN, size=array([1. , 0.1]), startValue=5, style='rating', styleTweaks=[], ticks=array([1, 2, 3, 4, 5, 6, 7, 8, 9]), units='pix', win=Window(...))
18.9628 	EXP 	Created text_refresh = TextStim(__class__=<class 'psychopy.visual.text.TextStim'>, alignHoriz=method-wrapper(...), alignText='center', alignVert=method-wrapper(...), anchorHoriz='center', anchorVert='center', antialias=True, autoDraw=False, autoLog=True, bold=False, color=array([1., 1., 1.]), colorSpace='rgb', contrast=1.0, depth=0.0, draggable=False, flipHoriz=False, flipVert=False, font='Arial', fontFiles=[], height=0.05, italic=False, languageStyle='LTR', name='text_refresh', opacity=1, ori=0.0, pos=array([0., 0.]), rgb=UNKNOWN, text='', units='pix', win=Window(...), wrapWidth=500)
18.9663 	EXP 	Created main_body_questionnaire = TextStim(__class__=<class 'psychopy.visual.text.TextStim'>, alignHoriz=method-wrapper(...), alignText='center', alignVert=method-wrapper(...), anchorHoriz='center', anchorVert='center', antialias=True, autoDraw=False, autoLog=True, bold=False, color=array([1., 1., 1.]), colorSpace='rgb', contrast=1.0, depth=0.0, draggable=False, flipHoriz=False, flipVert=False, font='Arial', fontFiles=[], height=0.05, italic=False, languageStyle='LTR', name='main_body_questionnaire', opacity=1, ori=0.0, pos=array([0. , 0.3]), rgb=UNKNOWN, text='During the MRI my thoughts:', units='pix', win=Window(...), wrapWidth=500)
18.9667 	EXP 	Created item_text = TextStim(__class__=<class 'psychopy.visual.text.TextStim'>, alignHoriz=method-wrapper(...), alignText='center', alignVert=method-wrapper(...), anchorHoriz='center', anchorVert='center', antialias=True, autoDraw=False, autoLog=True, bold=False, color=array([1., 1., 1.]), colorSpace='rgb', contrast=1.0, depth=-1.0, draggable=False, flipHoriz=False, flipVert=False, font='Arial', fontFiles=[], height=0.05, italic=False, languageStyle='LTR', name='item_text', opacity=1, ori=0.0, pos=array([0. , 0.1]), rgb=UNKNOWN, text='', units='pix', win=Window(...), wrapWidth=500)
18.9937 	DEBUG 	TextBox2 loaded 1 chars with 0 blanks and 1 valid
18.9940 	DEBUG 	TextBox2 loaded 1 chars with 0 blanks and 1 valid
18.9943 	DEBUG 	TextBox2 loaded 1 chars with 0 blanks and 1 valid
18.9946 	DEBUG 	TextBox2 loaded 1 chars with 0 blanks and 1 valid
18.9948 	DEBUG 	Uploading Texture Font fontname to graphics card
18.9966 	DEBUG 	Upload of Texture Font fontname complete
19.0186 	DEBUG 	TextBox2 loaded 1 chars with 0 blanks and 1 valid
19.0189 	DEBUG 	Uploading Texture Font fontname to graphics card
19.0207 	DEBUG 	Upload of Texture Font fontname complete
19.0479 	EXP 	Created slider_thinking_content = Slider(__class__=<class 'psychopy.visual.slider.Slider'>, autoDraw=False, autoLog=True, borderColor=None, color=None, colorSpace='rgb', depth=-2, fillColor=None, flip=False, font='Arial', granularity=1.0, labelColor=None, labelHeight=0.035, labelWrapWidth=None, labels=list(...), lineColor=None, markerColor=None, name='slider_thinking_content', opacity=None, ori=0.0, pos=array([ 0. , -0.1]), readOnly=False, self=UNKNOWN, size=array([1. , 0.1]), startValue=5, style='rating', styleTweaks=[], ticks=array([1, 2, 3, 4, 5, 6, 7, 8, 9]), units='pix', win=Window(...))
19.0486 	EXP 	Created text_refresh = TextStim(__class__=<class 'psychopy.visual.text.TextStim'>, alignHoriz=method-wrapper(...), alignText='center', alignVert=method-wrapper(...), anchorHoriz='center', anchorVert='center', antialias=True, autoDraw=False, autoLog=True, bold=False, color=array([1., 1., 1.]), colorSpace='rgb', contrast=1.0, depth=0.0, draggable=False, flipHoriz=False, flipVert=False, font='Arial', fontFiles=[], height=0.05, italic=False, languageStyle='LTR', name='text_refresh', opacity=1, ori=0.0, pos=array([0., 0.]), rgb=UNKNOWN, text='', units='pix', win=Window(...), wrapWidth=500)
19.0541 	EXP 	Created goodbye_text = TextStim(__class__=<class 'psychopy.visual.text.TextStim'>, alignHoriz=method-wrapper(...), alignText='center', alignVert=method-wrapper(...), anchorHoriz='center', anchorVert='center', antialias=True, autoDraw=False, autoLog=True, bold=False, color=array([1., 1., 1.]), colorSpace='rgb', contrast=1.0, depth=0.0, draggable=False, flipHoriz=False, flipVert=False, font='Arial', fontFiles=[], height=0.05, italic=False, languageStyle='LTR', name='goodbye_text', opacity=1, ori=0.0, pos=array([0., 0.]), rgb=UNKNOWN, text=str(...), units='pix', win=Window(...), wrapWidth=500)
0.0079 	EXP 	slider_emotion: autoLog = True
0.0079 	EXP 	slider_emotion: styleTweaks = []
0.0079 	EXP 	slider_emotion: styleTweaks = []
0.0079 	EXP 	slider_emotion: styleTweaks = []
0.0079 	EXP 	slider_emotion: styleTweaks = []
0.0079 	EXP 	slider_emotion: contrast = 1.0
0.0079 	EXP 	slider_emotion: markerPos = 5
0.0079 	EXP 	slider_emotion: autoLog = True
0.0079 	EXP 	slider_emotion: autoLog = True
0.0079 	EXP 	slider_emotion: styleTweaks = []
0.0079 	EXP 	slider_emotion: styleTweaks = []
0.0079 	EXP 	slider_emotion: styleTweaks = []
0.0079 	EXP 	slider_emotion: styleTweaks = []
0.0079 	EXP 	slider_emotion: contrast = 1.0
0.0079 	EXP 	slider_emotion: markerPos = 5
0.0079 	EXP 	slider_emotion: autoLog = True
0.0079 	EXP 	slider_thinking_content: autoLog = True
0.0079 	EXP 	slider_thinking_content: styleTweaks = []
0.0079 	EXP 	slider_thinking_content: styleTweaks = []
0.0079 	EXP 	slider_thinking_content: styleTweaks = []
0.0079 	EXP 	slider_thinking_content: styleTweaks = []
0.0079 	EXP 	slider_thinking_content: contrast = 1.0
0.0079 	EXP 	slider_thinking_content: markerPos = 5
0.0079 	EXP 	slider_thinking_content: autoLog = True
0.0204 	INFO 	Keyboard events cleared
0.0200 	EXP 	text_welcome: autoDraw = True
9.4633 	WARNING 	t of last frame was 54.81ms (=1/18)
13.3802 	EXP 	resting_state_demo: status = STOPPED
13.3820 	EXP 	text_welcome: autoDraw = False
13.3831 	EXP 	resting_state_demo: status = STOPPED
13.3846 	INFO 	saved data to '/Users/Chenxiao/Documents/project_codes/RST_Chinese_beta/data/999_resting_state_demo_2025-06-10_17h21.55.985.csv'
13.3848 	INFO 	saved data to /Users/Chenxiao/Documents/project_codes/RST_Chinese_beta/data/999_resting_state_demo_2025-06-10_17h21.55.985.psydat
13.4001 	DATA 	Keypress: escape
13.4023 	WARNING 	t of last frame was 20.29ms (=1/49)
13.7719 	DEBUG 	Saving data for resting_state_demo ExperimentHandler
