10.6703 	WARNING 	Font Manager failed to load file /System/Library/PrivateFrameworks/FontServices.framework/Resources/Reserved/PingFangUI.ttc
12.0289 	DEBUG 	Fullscreen settings ignored as running in pilot mode.
12.0300 	INFO 	Loaded monitor calibration from ['2022_04_19 09:31']
12.0304 	WARNING 	This monitor has not been color-calibrated. Using default DKL conversion matrix.
12.1242 	WARNING 	This monitor has not been color-calibrated. Using default DKL conversion matrix.
12.1244 	WARNING 	This monitor has not been color-calibrated. Using default DKL conversion matrix.
12.1763 	EXP 	Created window1 = Window(allowGUI=False, allowStencil=False, autoLog=True, backendConf=UNKNOWN, backgroundFit=<method-wrapper '__getattribute__' of attributeSetter object at 0x17cabaad0>, backgroundImage=<method-wrapper '__getattribute__' of attributeSetter object at 0x17cabab30>, bitsMode=UNKNOWN, blendMode='avg', bpc=(8, 8, 8), color=array([0, 0, 0]), colorSpace='dkl', depthBits=8, fullscr=False, gamma=None, gammaErrorPolicy='raise', infoMsg=UNKNOWN, lms=UNKNOWN, monitor=<psychopy.monitors.calibTools.Monitor object at 0x17cb70580>, multiSample=False, name='window1', numSamples=2, pos=[560.0, 240.0], screen=0, size=array([1600, 1200]), stencilBits=0, stereo=False, title='PsychoPy', units='height', useFBO=True, useRetina=True, viewOri=0.0, viewPos=None, viewScale=None, waitBlanking=True, winType='pyglet')
12.1764 	EXP 	window1: backgroundImage = ''
12.1764 	EXP 	window1: backgroundFit = 'none'
12.1834 	DEBUG 	TextBox2 loaded 1 chars with 0 blanks and 1 valid
12.1838 	DEBUG 	TextBox2 loaded 1 chars with 0 blanks and 1 valid
12.1842 	DEBUG 	TextBox2 loaded 1 chars with 0 blanks and 1 valid
12.1847 	DEBUG 	TextBox2 loaded 1 chars with 0 blanks and 1 valid
12.1852 	DEBUG 	TextBox2 loaded 1 chars with 0 blanks and 1 valid
12.1854 	DEBUG 	TextBox2 loaded 1 chars with 0 blanks and 1 valid
12.1857 	DEBUG 	TextBox2 loaded 1 chars with 0 blanks and 1 valid
12.1863 	DEBUG 	TextBox2 loaded 1 chars with 0 blanks and 1 valid
12.1864 	DEBUG 	TextBox2 loaded 1 chars with 0 blanks and 1 valid
12.1865 	DEBUG 	TextBox2 loaded 1 chars with 0 blanks and 1 valid
12.1869 	DEBUG 	TextBox2 loaded 1 chars with 0 blanks and 1 valid
12.1873 	DEBUG 	TextBox2 loaded 1 chars with 0 blanks and 1 valid
12.1876 	DEBUG 	TextBox2 loaded 1 chars with 0 blanks and 1 valid
12.1880 	DEBUG 	TextBox2 loaded 1 chars with 0 blanks and 1 valid
12.1883 	DEBUG 	TextBox2 loaded 1 chars with 0 blanks and 1 valid
12.1887 	DEBUG 	TextBox2 loaded 1 chars with 0 blanks and 1 valid
12.1891 	DEBUG 	TextBox2 loaded 1 chars with 0 blanks and 1 valid
12.1893 	DEBUG 	TextBox2 loaded 1 chars with 0 blanks and 1 valid
12.1895 	DEBUG 	TextBox2 loaded 1 chars with 0 blanks and 1 valid
12.1900 	DEBUG 	TextBox2 loaded 1 chars with 0 blanks and 1 valid
12.1902 	DEBUG 	TextBox2 loaded 1 chars with 0 blanks and 1 valid
12.1903 	DEBUG 	Uploading Texture Font fontname to graphics card
12.1932 	DEBUG 	Upload of Texture Font fontname complete
12.1968 	DEBUG 	TextBox2 loaded 1 chars with 0 blanks and 1 valid
12.1973 	DEBUG 	TextBox2 loaded 1 chars with 0 blanks and 1 valid
12.1978 	DEBUG 	TextBox2 loaded 1 chars with 0 blanks and 1 valid
12.1980 	DEBUG 	Uploading Texture Font fontname to graphics card
12.1995 	DEBUG 	Upload of Texture Font fontname complete
12.2005 	EXP 	window1: Attempting to measure frame rate of screen (0) ...
12.2005 	EXP 	window1: recordFrameIntervals = False
12.3235 	EXP 	window1: recordFrameIntervals = True
13.1571 	WARNING 	Couldn't measure a consistent frame rate!
  - Is your graphics card set to sync to vertical blank?
  - Are you running other processes on your computer?

13.1648 	DEBUG 	TextBox2 loaded 1 chars with 0 blanks and 1 valid
13.1653 	DEBUG 	TextBox2 loaded 1 chars with 0 blanks and 1 valid
13.1662 	DEBUG 	TextBox2 loaded 1 chars with 0 blanks and 1 valid
13.1674 	DEBUG 	TextBox2 loaded 1 chars with 0 blanks and 1 valid
13.1684 	DEBUG 	TextBox2 loaded 1 chars with 0 blanks and 1 valid
13.1694 	DEBUG 	TextBox2 loaded 1 chars with 0 blanks and 1 valid
13.1698 	DEBUG 	TextBox2 loaded 1 chars with 0 blanks and 1 valid
13.1706 	DEBUG 	TextBox2 loaded 1 chars with 0 blanks and 1 valid
13.1716 	DEBUG 	TextBox2 loaded 1 chars with 0 blanks and 1 valid
13.1724 	DEBUG 	TextBox2 loaded 1 chars with 0 blanks and 1 valid
13.1727 	DEBUG 	Uploading Texture Font fontname to graphics card
13.1757 	DEBUG 	Upload of Texture Font fontname complete
13.1897 	WARNING 	launchHubServer: If using the iohub mouse or eyetracker devices, fullScr should be True.
15.3087 	INFO 	keyboard.Keyboard is using iohub backend.
15.3087 	INFO 	keyboard.Keyboard is using iohub backend.
15.3087 	INFO 	keyboard.Keyboard is using iohub backend.
15.3087 	INFO 	keyboard.Keyboard is using iohub backend.
15.3087 	INFO 	keyboard.Keyboard is using iohub backend.
15.3088 	EXP 	resting_state_demo: status = STARTED
15.3752 	EXP 	Created image_welcome = ImageStim(__class__=<class 'psychopy.visual.image.ImageStim'>, anchor=('center', 'center'), autoLog=True, color=array([1., 1., 1.]), colorSpace='rgb', contrast=1.0, depth=0.0, draggable=False, flipHoriz=False, flipVert=False, image='stimuli/welcome.png', interpolate=True, mask=None, maskParams=None, name='image_welcome', opacity=1, ori=0.0, pos=array([0., 0.]), size=array([0.9  , 0.675]), texRes=128.0, units='height', win=Window(...))
15.3860 	EXP 	Created text_refresh = TextStim(__class__=<class 'psychopy.visual.text.TextStim'>, alignHoriz=method-wrapper(...), alignText='center', alignVert=method-wrapper(...), anchorHoriz='center', anchorVert='center', antialias=True, autoDraw=False, autoLog=True, bold=False, color=array([1., 1., 1.]), colorSpace='rgb', contrast=1.0, depth=0.0, draggable=False, flipHoriz=False, flipVert=False, font='Arial', fontFiles=[], height=0.05, italic=False, languageStyle='LTR', name='text_refresh', opacity=1, ori=0.0, pos=array([0., 0.]), rgb=UNKNOWN, text='', units='height', win=Window(...), wrapWidth=1)
15.3986 	EXP 	Created rate_emotion_prompt = TextStim(__class__=<class 'psychopy.visual.text.TextStim'>, alignHoriz=method-wrapper(...), alignText='center', alignVert=method-wrapper(...), anchorHoriz='center', anchorVert='center', antialias=True, autoDraw=False, autoLog=True, bold=False, color=array([1., 1., 1.]), colorSpace='rgb', contrast=1.0, depth=0.0, draggable=False, flipHoriz=False, flipVert=False, font='Arial', fontFiles=[], height=0.05, italic=False, languageStyle='LTR', name='rate_emotion_prompt', opacity=1, ori=0.0, pos=array([0. , 0.2]), rgb=UNKNOWN, text=str(...), units='height', win=Window(...), wrapWidth=1)
15.4117 	DEBUG 	TextBox2 loaded 1 chars with 0 blanks and 1 valid
15.4120 	DEBUG 	TextBox2 loaded 1 chars with 0 blanks and 1 valid
15.4123 	DEBUG 	TextBox2 loaded 1 chars with 0 blanks and 1 valid
15.4127 	DEBUG 	TextBox2 loaded 1 chars with 0 blanks and 1 valid
15.4129 	DEBUG 	TextBox2 loaded 1 chars with 0 blanks and 1 valid
15.4131 	DEBUG 	TextBox2 loaded 1 chars with 0 blanks and 1 valid
15.4133 	DEBUG 	TextBox2 loaded 1 chars with 0 blanks and 1 valid
15.4136 	DEBUG 	TextBox2 loaded 1 chars with 0 blanks and 1 valid
15.4139 	DEBUG 	TextBox2 loaded 1 chars with 0 blanks and 1 valid
15.4142 	DEBUG 	TextBox2 loaded 1 chars with 0 blanks and 1 valid
15.4145 	DEBUG 	TextBox2 loaded 1 chars with 0 blanks and 1 valid
15.4149 	DEBUG 	TextBox2 loaded 1 chars with 0 blanks and 1 valid
15.4150 	DEBUG 	Uploading Texture Font fontname to graphics card
15.4171 	DEBUG 	Upload of Texture Font fontname complete
15.4199 	DEBUG 	TextBox2 loaded 1 chars with 0 blanks and 1 valid
15.4201 	DEBUG 	TextBox2 loaded 1 chars with 0 blanks and 1 valid
15.4203 	DEBUG 	Uploading Texture Font fontname to graphics card
15.4217 	DEBUG 	Upload of Texture Font fontname complete
15.4378 	DEBUG 	TextBox2 loaded 1 chars with 0 blanks and 1 valid
15.4381 	DEBUG 	TextBox2 loaded 1 chars with 0 blanks and 1 valid
15.4382 	DEBUG 	Uploading Texture Font fontname to graphics card
15.4396 	DEBUG 	Upload of Texture Font fontname complete
15.4770 	EXP 	Created slider_emotion = Slider(__class__=<class 'psychopy.visual.slider.Slider'>, autoDraw=False, autoLog=True, borderColor=None, color=None, colorSpace='rgb', depth=-1, fillColor=None, flip=False, font='Arial', granularity=1.0, labelColor=None, labelHeight=0.035, labelWrapWidth=None, labels=list(...), lineColor=None, markerColor=None, name='slider_emotion', opacity=None, ori=0.0, pos=array([ 0. , -0.1]), readOnly=False, self=UNKNOWN, size=array([1. , 0.1]), startValue=5, style='rating', styleTweaks=[], ticks=array([1, 2, 3, 4, 5, 6, 7, 8, 9]), units='height', win=Window(...))
15.4776 	EXP 	Created text_refresh = TextStim(__class__=<class 'psychopy.visual.text.TextStim'>, alignHoriz=method-wrapper(...), alignText='center', alignVert=method-wrapper(...), anchorHoriz='center', anchorVert='center', antialias=True, autoDraw=False, autoLog=True, bold=False, color=array([1., 1., 1.]), colorSpace='rgb', contrast=1.0, depth=0.0, draggable=False, flipHoriz=False, flipVert=False, font='Arial', fontFiles=[], height=0.05, italic=False, languageStyle='LTR', name='text_refresh', opacity=1, ori=0.0, pos=array([0., 0.]), rgb=UNKNOWN, text='', units='height', win=Window(...), wrapWidth=1)
15.4803 	EXP 	Created wait4trigger_text = TextStim(__class__=<class 'psychopy.visual.text.TextStim'>, alignHoriz=method-wrapper(...), alignText='center', alignVert=method-wrapper(...), anchorHoriz='center', anchorVert='center', antialias=True, autoDraw=False, autoLog=True, bold=False, color=array([1., 1., 1.]), colorSpace='rgb', contrast=1.0, depth=0.0, draggable=False, flipHoriz=False, flipVert=False, font='Arial', fontFiles=[], height=0.05, italic=False, languageStyle='LTR', name='wait4trigger_text', opacity=1, ori=0.0, pos=array([0., 0.]), rgb=UNKNOWN, text='Please wait for the scan to start.', units='height', win=Window(...), wrapWidth=1)
15.4816 	EXP 	Created fake_stimulus_text = TextStim(__class__=<class 'psychopy.visual.text.TextStim'>, alignHoriz=method-wrapper(...), alignText='center', alignVert=method-wrapper(...), anchorHoriz='center', anchorVert='center', antialias=True, autoDraw=False, autoLog=True, bold=False, color=array([1., 1., 1.]), colorSpace='rgb', contrast=1.0, depth=0.0, draggable=False, flipHoriz=False, flipVert=False, font='Arial', fontFiles=[], height=0.05, italic=False, languageStyle='LTR', name='fake_stimulus_text', opacity=1, ori=0.0, pos=array([0., 0.]), rgb=UNKNOWN, text='Please wait for the scan to start.', units='height', win=Window(...), wrapWidth=1)
15.4831 	EXP 	Created fixation = TextStim(__class__=<class 'psychopy.visual.text.TextStim'>, alignHoriz=method-wrapper(...), alignText='center', alignVert=method-wrapper(...), anchorHoriz='center', anchorVert='center', antialias=True, autoDraw=False, autoLog=True, bold=False, color=array([1., 1., 1.]), colorSpace='rgb', contrast=1.0, depth=0.0, draggable=False, flipHoriz=False, flipVert=False, font='Arial', fontFiles=[], height=0.4, italic=False, languageStyle='LTR', name='fixation', opacity=1, ori=0.0, pos=array([0., 0.]), rgb=UNKNOWN, text='+', units='height', win=Window(...), wrapWidth=1)
15.4835 	EXP 	Created text_refresh = TextStim(__class__=<class 'psychopy.visual.text.TextStim'>, alignHoriz=method-wrapper(...), alignText='center', alignVert=method-wrapper(...), anchorHoriz='center', anchorVert='center', antialias=True, autoDraw=False, autoLog=True, bold=False, color=array([1., 1., 1.]), colorSpace='rgb', contrast=1.0, depth=0.0, draggable=False, flipHoriz=False, flipVert=False, font='Arial', fontFiles=[], height=0.05, italic=False, languageStyle='LTR', name='text_refresh', opacity=1, ori=0.0, pos=array([0., 0.]), rgb=UNKNOWN, text='', units='height', win=Window(...), wrapWidth=1)
15.4851 	EXP 	Created rate_emotion_prompt = TextStim(__class__=<class 'psychopy.visual.text.TextStim'>, alignHoriz=method-wrapper(...), alignText='center', alignVert=method-wrapper(...), anchorHoriz='center', anchorVert='center', antialias=True, autoDraw=False, autoLog=True, bold=False, color=array([1., 1., 1.]), colorSpace='rgb', contrast=1.0, depth=0.0, draggable=False, flipHoriz=False, flipVert=False, font='Arial', fontFiles=[], height=0.05, italic=False, languageStyle='LTR', name='rate_emotion_prompt', opacity=1, ori=0.0, pos=array([0. , 0.2]), rgb=UNKNOWN, text=str(...), units='height', win=Window(...), wrapWidth=1)
15.5433 	EXP 	Created slider_emotion = Slider(__class__=<class 'psychopy.visual.slider.Slider'>, autoDraw=False, autoLog=True, borderColor=None, color=None, colorSpace='rgb', depth=-1, fillColor=None, flip=False, font='Arial', granularity=1.0, labelColor=None, labelHeight=0.035, labelWrapWidth=None, labels=list(...), lineColor=None, markerColor=None, name='slider_emotion', opacity=None, ori=0.0, pos=array([ 0. , -0.1]), readOnly=False, self=UNKNOWN, size=array([1. , 0.1]), startValue=5, style='rating', styleTweaks=[], ticks=array([1, 2, 3, 4, 5, 6, 7, 8, 9]), units='height', win=Window(...))
15.5439 	EXP 	Created text_refresh = TextStim(__class__=<class 'psychopy.visual.text.TextStim'>, alignHoriz=method-wrapper(...), alignText='center', alignVert=method-wrapper(...), anchorHoriz='center', anchorVert='center', antialias=True, autoDraw=False, autoLog=True, bold=False, color=array([1., 1., 1.]), colorSpace='rgb', contrast=1.0, depth=0.0, draggable=False, flipHoriz=False, flipVert=False, font='Arial', fontFiles=[], height=0.05, italic=False, languageStyle='LTR', name='text_refresh', opacity=1, ori=0.0, pos=array([0., 0.]), rgb=UNKNOWN, text='', units='height', win=Window(...), wrapWidth=1)
15.5463 	EXP 	Created main_body_questionnaire = TextStim(__class__=<class 'psychopy.visual.text.TextStim'>, alignHoriz=method-wrapper(...), alignText='center', alignVert=method-wrapper(...), anchorHoriz='center', anchorVert='center', antialias=True, autoDraw=False, autoLog=True, bold=False, color=array([1., 1., 1.]), colorSpace='rgb', contrast=1.0, depth=0.0, draggable=False, flipHoriz=False, flipVert=False, font='Arial', fontFiles=[], height=0.05, italic=False, languageStyle='LTR', name='main_body_questionnaire', opacity=1, ori=0.0, pos=array([0. , 0.3]), rgb=UNKNOWN, text='During the MRI my thoughts:', units='height', win=Window(...), wrapWidth=1)
15.5466 	EXP 	Created item_text = TextStim(__class__=<class 'psychopy.visual.text.TextStim'>, alignHoriz=method-wrapper(...), alignText='center', alignVert=method-wrapper(...), anchorHoriz='center', anchorVert='center', antialias=True, autoDraw=False, autoLog=True, bold=False, color=array([1., 1., 1.]), colorSpace='rgb', contrast=1.0, depth=-1.0, draggable=False, flipHoriz=False, flipVert=False, font='Arial', fontFiles=[], height=0.05, italic=False, languageStyle='LTR', name='item_text', opacity=1, ori=0.0, pos=array([0. , 0.1]), rgb=UNKNOWN, text='', units='height', win=Window(...), wrapWidth=1)
15.5691 	DEBUG 	TextBox2 loaded 1 chars with 0 blanks and 1 valid
15.5695 	DEBUG 	TextBox2 loaded 1 chars with 0 blanks and 1 valid
15.5699 	DEBUG 	TextBox2 loaded 1 chars with 0 blanks and 1 valid
15.5702 	DEBUG 	TextBox2 loaded 1 chars with 0 blanks and 1 valid
15.5703 	DEBUG 	Uploading Texture Font fontname to graphics card
15.5718 	DEBUG 	Upload of Texture Font fontname complete
15.5904 	DEBUG 	TextBox2 loaded 1 chars with 0 blanks and 1 valid
15.5905 	DEBUG 	Uploading Texture Font fontname to graphics card
15.5920 	DEBUG 	Upload of Texture Font fontname complete
15.6101 	EXP 	Created slider_thinking_content = Slider(__class__=<class 'psychopy.visual.slider.Slider'>, autoDraw=False, autoLog=True, borderColor=None, color=None, colorSpace='rgb', depth=-2, fillColor=None, flip=False, font='Arial', granularity=1.0, labelColor=None, labelHeight=0.035, labelWrapWidth=None, labels=list(...), lineColor=None, markerColor=None, name='slider_thinking_content', opacity=None, ori=0.0, pos=array([ 0. , -0.1]), readOnly=False, self=UNKNOWN, size=array([1. , 0.1]), startValue=5, style='rating', styleTweaks=[], ticks=array([1, 2, 3, 4, 5, 6, 7, 8, 9]), units='height', win=Window(...))
15.6106 	EXP 	Created text_refresh = TextStim(__class__=<class 'psychopy.visual.text.TextStim'>, alignHoriz=method-wrapper(...), alignText='center', alignVert=method-wrapper(...), anchorHoriz='center', anchorVert='center', antialias=True, autoDraw=False, autoLog=True, bold=False, color=array([1., 1., 1.]), colorSpace='rgb', contrast=1.0, depth=0.0, draggable=False, flipHoriz=False, flipVert=False, font='Arial', fontFiles=[], height=0.05, italic=False, languageStyle='LTR', name='text_refresh', opacity=1, ori=0.0, pos=array([0., 0.]), rgb=UNKNOWN, text='', units='height', win=Window(...), wrapWidth=1)
15.6147 	EXP 	Created goodbye_text = TextStim(__class__=<class 'psychopy.visual.text.TextStim'>, alignHoriz=method-wrapper(...), alignText='center', alignVert=method-wrapper(...), anchorHoriz='center', anchorVert='center', antialias=True, autoDraw=False, autoLog=True, bold=False, color=array([1., 1., 1.]), colorSpace='rgb', contrast=1.0, depth=0.0, draggable=False, flipHoriz=False, flipVert=False, font='Arial', fontFiles=[], height=0.05, italic=False, languageStyle='LTR', name='goodbye_text', opacity=1, ori=0.0, pos=array([0., 0.]), rgb=UNKNOWN, text=str(...), units='height', win=Window(...), wrapWidth=1)
0.0047 	EXP 	slider_emotion: autoLog = True
0.0047 	EXP 	slider_emotion: styleTweaks = []
0.0047 	EXP 	slider_emotion: styleTweaks = []
0.0047 	EXP 	slider_emotion: styleTweaks = []
0.0047 	EXP 	slider_emotion: styleTweaks = []
0.0047 	EXP 	slider_emotion: contrast = 1.0
0.0047 	EXP 	slider_emotion: markerPos = 5
0.0047 	EXP 	slider_emotion: autoLog = True
0.0047 	EXP 	slider_emotion: autoLog = True
0.0047 	EXP 	slider_emotion: styleTweaks = []
0.0047 	EXP 	slider_emotion: styleTweaks = []
0.0047 	EXP 	slider_emotion: styleTweaks = []
0.0047 	EXP 	slider_emotion: styleTweaks = []
0.0047 	EXP 	slider_emotion: contrast = 1.0
0.0047 	EXP 	slider_emotion: markerPos = 5
0.0047 	EXP 	slider_emotion: autoLog = True
0.0047 	EXP 	slider_thinking_content: autoLog = True
0.0047 	EXP 	slider_thinking_content: styleTweaks = []
0.0047 	EXP 	slider_thinking_content: styleTweaks = []
0.0047 	EXP 	slider_thinking_content: styleTweaks = []
0.0047 	EXP 	slider_thinking_content: styleTweaks = []
0.0047 	EXP 	slider_thinking_content: contrast = 1.0
0.0047 	EXP 	slider_thinking_content: markerPos = 5
0.0047 	EXP 	slider_thinking_content: autoLog = True
0.0228 	INFO 	Keyboard events cleared
0.0224 	EXP 	image_welcome: autoDraw = True
2.8040 	WARNING 	t of last frame was 24.10ms (=1/41)
2.8235 	DATA 	Keypress: escape
2.8267 	WARNING 	t of last frame was 22.73ms (=1/43)
2.8615 	EXP 	resting_state_demo: status = STOPPED
2.8639 	EXP 	image_welcome: autoDraw = False
2.8649 	EXP 	resting_state_demo: status = STOPPED
2.8670 	INFO 	saved data to '/Users/Chenxiao/Documents/project_codes/RST_Chinese_beta/data/999_resting_state_demo_2025-06-11_17h27.04.567.csv'
2.8673 	INFO 	saved data to /Users/Chenxiao/Documents/project_codes/RST_Chinese_beta/data/999_resting_state_demo_2025-06-11_17h27.04.567.psydat
3.2270 	DEBUG 	Saving data for resting_state_demo ExperimentHandler
