10.7644 	WARNING 	Font Manager failed to load file /System/Library/PrivateFrameworks/FontServices.framework/Resources/Reserved/PingFangUI.ttc
12.0923 	DEBUG 	Fullscreen settings ignored as running in pilot mode.
12.0934 	INFO 	Loaded monitor calibration from ['2022_04_19 09:31']
12.0938 	WARNING 	This monitor has not been color-calibrated. Using default DKL conversion matrix.
12.1807 	WARNING 	This monitor has not been color-calibrated. Using default DKL conversion matrix.
12.1809 	WARNING 	This monitor has not been color-calibrated. Using default DKL conversion matrix.
12.2354 	EXP 	Created window1 = Window(allowGUI=False, allowStencil=False, autoLog=True, backendConf=UNKNOWN, backgroundFit=<method-wrapper '__getattribute__' of attributeSetter object at 0x17c7b41f0>, backgroundImage=<method-wrapper '__getattribute__' of attributeSetter object at 0x17c7b4250>, bitsMode=UNKNOWN, blendMode='avg', bpc=(8, 8, 8), color=array([0, 0, 0]), colorSpace='dkl', depthBits=8, fullscr=False, gamma=None, gammaErrorPolicy='raise', infoMsg=UNKNOWN, lms=UNKNOWN, monitor=<psychopy.monitors.calibTools.Monitor object at 0x17c834670>, multiSample=False, name='window1', numSamples=2, pos=[560.0, 240.0], screen=0, size=array([1600, 1200]), stencilBits=0, stereo=False, title='PsychoPy', units='height', useFBO=True, useRetina=True, viewOri=0.0, viewPos=None, viewScale=None, waitBlanking=True, winType='pyglet')
12.2354 	EXP 	window1: backgroundImage = ''
12.2354 	EXP 	window1: backgroundFit = 'none'
12.2423 	DEBUG 	TextBox2 loaded 1 chars with 0 blanks and 1 valid
12.2427 	DEBUG 	TextBox2 loaded 1 chars with 0 blanks and 1 valid
12.2431 	DEBUG 	TextBox2 loaded 1 chars with 0 blanks and 1 valid
12.2437 	DEBUG 	TextBox2 loaded 1 chars with 0 blanks and 1 valid
12.2441 	DEBUG 	TextBox2 loaded 1 chars with 0 blanks and 1 valid
12.2443 	DEBUG 	TextBox2 loaded 1 chars with 0 blanks and 1 valid
12.2447 	DEBUG 	TextBox2 loaded 1 chars with 0 blanks and 1 valid
12.2452 	DEBUG 	TextBox2 loaded 1 chars with 0 blanks and 1 valid
12.2453 	DEBUG 	TextBox2 loaded 1 chars with 0 blanks and 1 valid
12.2455 	DEBUG 	TextBox2 loaded 1 chars with 0 blanks and 1 valid
12.2458 	DEBUG 	TextBox2 loaded 1 chars with 0 blanks and 1 valid
12.2462 	DEBUG 	TextBox2 loaded 1 chars with 0 blanks and 1 valid
12.2466 	DEBUG 	TextBox2 loaded 1 chars with 0 blanks and 1 valid
12.2469 	DEBUG 	TextBox2 loaded 1 chars with 0 blanks and 1 valid
12.2473 	DEBUG 	TextBox2 loaded 1 chars with 0 blanks and 1 valid
12.2477 	DEBUG 	TextBox2 loaded 1 chars with 0 blanks and 1 valid
12.2481 	DEBUG 	TextBox2 loaded 1 chars with 0 blanks and 1 valid
12.2483 	DEBUG 	TextBox2 loaded 1 chars with 0 blanks and 1 valid
12.2485 	DEBUG 	TextBox2 loaded 1 chars with 0 blanks and 1 valid
12.2491 	DEBUG 	TextBox2 loaded 1 chars with 0 blanks and 1 valid
12.2493 	DEBUG 	TextBox2 loaded 1 chars with 0 blanks and 1 valid
12.2495 	DEBUG 	Uploading Texture Font fontname to graphics card
12.2526 	DEBUG 	Upload of Texture Font fontname complete
12.2567 	DEBUG 	TextBox2 loaded 1 chars with 0 blanks and 1 valid
12.2576 	DEBUG 	TextBox2 loaded 1 chars with 0 blanks and 1 valid
12.2584 	DEBUG 	TextBox2 loaded 1 chars with 0 blanks and 1 valid
12.2586 	DEBUG 	Uploading Texture Font fontname to graphics card
12.2606 	DEBUG 	Upload of Texture Font fontname complete
12.2619 	EXP 	window1: Attempting to measure frame rate of screen (0) ...
12.2619 	EXP 	window1: recordFrameIntervals = False
12.3582 	EXP 	window1: recordFrameIntervals = True
13.0149 	WARNING 	t of last frame was 21.57ms (=1/46)
13.2070 	WARNING 	Couldn't measure a consistent frame rate!
  - Is your graphics card set to sync to vertical blank?
  - Are you running other processes on your computer?

13.2137 	DEBUG 	TextBox2 loaded 1 chars with 0 blanks and 1 valid
13.2142 	DEBUG 	TextBox2 loaded 1 chars with 0 blanks and 1 valid
13.2150 	DEBUG 	TextBox2 loaded 1 chars with 0 blanks and 1 valid
13.2160 	DEBUG 	TextBox2 loaded 1 chars with 0 blanks and 1 valid
13.2168 	DEBUG 	TextBox2 loaded 1 chars with 0 blanks and 1 valid
13.2177 	DEBUG 	TextBox2 loaded 1 chars with 0 blanks and 1 valid
13.2181 	DEBUG 	TextBox2 loaded 1 chars with 0 blanks and 1 valid
13.2188 	DEBUG 	TextBox2 loaded 1 chars with 0 blanks and 1 valid
13.2197 	DEBUG 	TextBox2 loaded 1 chars with 0 blanks and 1 valid
13.2205 	DEBUG 	TextBox2 loaded 1 chars with 0 blanks and 1 valid
13.2207 	DEBUG 	Uploading Texture Font fontname to graphics card
13.2235 	DEBUG 	Upload of Texture Font fontname complete
13.2369 	WARNING 	launchHubServer: If using the iohub mouse or eyetracker devices, fullScr should be True.
15.3558 	INFO 	keyboard.Keyboard is using iohub backend.
15.3558 	INFO 	keyboard.Keyboard is using iohub backend.
15.3558 	INFO 	keyboard.Keyboard is using iohub backend.
15.3559 	INFO 	keyboard.Keyboard is using iohub backend.
15.3559 	INFO 	keyboard.Keyboard is using iohub backend.
15.3559 	EXP 	resting_state_demo: status = STARTED
15.3944 	EXP 	Created text_welcome = TextStim(__class__=<class 'psychopy.visual.text.TextStim'>, alignHoriz=method-wrapper(...), alignText='center', alignVert=method-wrapper(...), anchorHoriz='center', anchorVert='center', antialias=True, autoDraw=False, autoLog=True, bold=False, color=array([1., 1., 1.]), colorSpace='rgb', contrast=1.0, depth=0.0, draggable=False, flipHoriz=False, flipVert=False, font='Heiti SC', fontFiles=[], height=0.06, italic=False, languageStyle='LTR', name='text_welcome', opacity=1, ori=0.0, pos=array([-0.3,  0. ]), rgb=UNKNOWN, text=str(...), units='height', win=Window(...), wrapWidth=0.3)
15.3962 	EXP 	Created text_refresh = TextStim(__class__=<class 'psychopy.visual.text.TextStim'>, alignHoriz=method-wrapper(...), alignText='center', alignVert=method-wrapper(...), anchorHoriz='center', anchorVert='center', antialias=True, autoDraw=False, autoLog=True, bold=False, color=array([1., 1., 1.]), colorSpace='rgb', contrast=1.0, depth=0.0, draggable=False, flipHoriz=False, flipVert=False, font='Arial', fontFiles=[], height=0.05, italic=False, languageStyle='LTR', name='text_refresh', opacity=1, ori=0.0, pos=array([0., 0.]), rgb=UNKNOWN, text='', units='height', win=Window(...), wrapWidth=1)
15.4025 	EXP 	Created rate_emotion_prompt = TextStim(__class__=<class 'psychopy.visual.text.TextStim'>, alignHoriz=method-wrapper(...), alignText='center', alignVert=method-wrapper(...), anchorHoriz='center', anchorVert='center', antialias=True, autoDraw=False, autoLog=True, bold=False, color=array([1., 1., 1.]), colorSpace='rgb', contrast=1.0, depth=0.0, draggable=False, flipHoriz=False, flipVert=False, font='Arial', fontFiles=[], height=0.05, italic=False, languageStyle='LTR', name='rate_emotion_prompt', opacity=1, ori=0.0, pos=array([0. , 0.2]), rgb=UNKNOWN, text=str(...), units='height', win=Window(...), wrapWidth=1)
15.4160 	DEBUG 	TextBox2 loaded 1 chars with 0 blanks and 1 valid
15.4164 	DEBUG 	TextBox2 loaded 1 chars with 0 blanks and 1 valid
15.4166 	DEBUG 	TextBox2 loaded 1 chars with 0 blanks and 1 valid
15.4170 	DEBUG 	TextBox2 loaded 1 chars with 0 blanks and 1 valid
15.4172 	DEBUG 	TextBox2 loaded 1 chars with 0 blanks and 1 valid
15.4174 	DEBUG 	TextBox2 loaded 1 chars with 0 blanks and 1 valid
15.4177 	DEBUG 	TextBox2 loaded 1 chars with 0 blanks and 1 valid
15.4180 	DEBUG 	TextBox2 loaded 1 chars with 0 blanks and 1 valid
15.4182 	DEBUG 	TextBox2 loaded 1 chars with 0 blanks and 1 valid
15.4186 	DEBUG 	TextBox2 loaded 1 chars with 0 blanks and 1 valid
15.4190 	DEBUG 	TextBox2 loaded 1 chars with 0 blanks and 1 valid
15.4193 	DEBUG 	TextBox2 loaded 1 chars with 0 blanks and 1 valid
15.4195 	DEBUG 	Uploading Texture Font fontname to graphics card
15.4226 	DEBUG 	Upload of Texture Font fontname complete
15.4255 	DEBUG 	TextBox2 loaded 1 chars with 0 blanks and 1 valid
15.4258 	DEBUG 	TextBox2 loaded 1 chars with 0 blanks and 1 valid
15.4259 	DEBUG 	Uploading Texture Font fontname to graphics card
15.4273 	DEBUG 	Upload of Texture Font fontname complete
15.4439 	DEBUG 	TextBox2 loaded 1 chars with 0 blanks and 1 valid
15.4442 	DEBUG 	TextBox2 loaded 1 chars with 0 blanks and 1 valid
15.4443 	DEBUG 	Uploading Texture Font fontname to graphics card
15.4458 	DEBUG 	Upload of Texture Font fontname complete
15.4840 	EXP 	Created slider_emotion = Slider(__class__=<class 'psychopy.visual.slider.Slider'>, autoDraw=False, autoLog=True, borderColor=None, color=None, colorSpace='rgb', depth=-1, fillColor=None, flip=False, font='Arial', granularity=1.0, labelColor=None, labelHeight=0.035, labelWrapWidth=None, labels=list(...), lineColor=None, markerColor=None, name='slider_emotion', opacity=None, ori=0.0, pos=array([ 0. , -0.1]), readOnly=False, self=UNKNOWN, size=array([1. , 0.1]), startValue=5, style='rating', styleTweaks=[], ticks=array([1, 2, 3, 4, 5, 6, 7, 8, 9]), units='height', win=Window(...))
15.4851 	EXP 	Created text_refresh = TextStim(__class__=<class 'psychopy.visual.text.TextStim'>, alignHoriz=method-wrapper(...), alignText='center', alignVert=method-wrapper(...), anchorHoriz='center', anchorVert='center', antialias=True, autoDraw=False, autoLog=True, bold=False, color=array([1., 1., 1.]), colorSpace='rgb', contrast=1.0, depth=0.0, draggable=False, flipHoriz=False, flipVert=False, font='Arial', fontFiles=[], height=0.05, italic=False, languageStyle='LTR', name='text_refresh', opacity=1, ori=0.0, pos=array([0., 0.]), rgb=UNKNOWN, text='', units='height', win=Window(...), wrapWidth=1)
15.4871 	EXP 	Created wait4trigger_text = TextStim(__class__=<class 'psychopy.visual.text.TextStim'>, alignHoriz=method-wrapper(...), alignText='center', alignVert=method-wrapper(...), anchorHoriz='center', anchorVert='center', antialias=True, autoDraw=False, autoLog=True, bold=False, color=array([1., 1., 1.]), colorSpace='rgb', contrast=1.0, depth=0.0, draggable=False, flipHoriz=False, flipVert=False, font='Arial', fontFiles=[], height=0.05, italic=False, languageStyle='LTR', name='wait4trigger_text', opacity=1, ori=0.0, pos=array([0., 0.]), rgb=UNKNOWN, text='Please wait for the scan to start.', units='height', win=Window(...), wrapWidth=1)
15.4884 	EXP 	Created fake_stimulus_text = TextStim(__class__=<class 'psychopy.visual.text.TextStim'>, alignHoriz=method-wrapper(...), alignText='center', alignVert=method-wrapper(...), anchorHoriz='center', anchorVert='center', antialias=True, autoDraw=False, autoLog=True, bold=False, color=array([1., 1., 1.]), colorSpace='rgb', contrast=1.0, depth=0.0, draggable=False, flipHoriz=False, flipVert=False, font='Arial', fontFiles=[], height=0.05, italic=False, languageStyle='LTR', name='fake_stimulus_text', opacity=1, ori=0.0, pos=array([0., 0.]), rgb=UNKNOWN, text='Please wait for the scan to start.', units='height', win=Window(...), wrapWidth=1)
15.4903 	EXP 	Created fixation = TextStim(__class__=<class 'psychopy.visual.text.TextStim'>, alignHoriz=method-wrapper(...), alignText='center', alignVert=method-wrapper(...), anchorHoriz='center', anchorVert='center', antialias=True, autoDraw=False, autoLog=True, bold=False, color=array([1., 1., 1.]), colorSpace='rgb', contrast=1.0, depth=0.0, draggable=False, flipHoriz=False, flipVert=False, font='Arial', fontFiles=[], height=0.4, italic=False, languageStyle='LTR', name='fixation', opacity=1, ori=0.0, pos=array([0., 0.]), rgb=UNKNOWN, text='+', units='height', win=Window(...), wrapWidth=1)
15.4908 	EXP 	Created text_refresh = TextStim(__class__=<class 'psychopy.visual.text.TextStim'>, alignHoriz=method-wrapper(...), alignText='center', alignVert=method-wrapper(...), anchorHoriz='center', anchorVert='center', antialias=True, autoDraw=False, autoLog=True, bold=False, color=array([1., 1., 1.]), colorSpace='rgb', contrast=1.0, depth=0.0, draggable=False, flipHoriz=False, flipVert=False, font='Arial', fontFiles=[], height=0.05, italic=False, languageStyle='LTR', name='text_refresh', opacity=1, ori=0.0, pos=array([0., 0.]), rgb=UNKNOWN, text='', units='height', win=Window(...), wrapWidth=1)
15.4936 	EXP 	Created rate_emotion_prompt = TextStim(__class__=<class 'psychopy.visual.text.TextStim'>, alignHoriz=method-wrapper(...), alignText='center', alignVert=method-wrapper(...), anchorHoriz='center', anchorVert='center', antialias=True, autoDraw=False, autoLog=True, bold=False, color=array([1., 1., 1.]), colorSpace='rgb', contrast=1.0, depth=0.0, draggable=False, flipHoriz=False, flipVert=False, font='Arial', fontFiles=[], height=0.05, italic=False, languageStyle='LTR', name='rate_emotion_prompt', opacity=1, ori=0.0, pos=array([0. , 0.2]), rgb=UNKNOWN, text=str(...), units='height', win=Window(...), wrapWidth=1)
15.5526 	EXP 	Created slider_emotion = Slider(__class__=<class 'psychopy.visual.slider.Slider'>, autoDraw=False, autoLog=True, borderColor=None, color=None, colorSpace='rgb', depth=-1, fillColor=None, flip=False, font='Arial', granularity=1.0, labelColor=None, labelHeight=0.035, labelWrapWidth=None, labels=list(...), lineColor=None, markerColor=None, name='slider_emotion', opacity=None, ori=0.0, pos=array([ 0. , -0.1]), readOnly=False, self=UNKNOWN, size=array([1. , 0.1]), startValue=5, style='rating', styleTweaks=[], ticks=array([1, 2, 3, 4, 5, 6, 7, 8, 9]), units='height', win=Window(...))
15.5533 	EXP 	Created text_refresh = TextStim(__class__=<class 'psychopy.visual.text.TextStim'>, alignHoriz=method-wrapper(...), alignText='center', alignVert=method-wrapper(...), anchorHoriz='center', anchorVert='center', antialias=True, autoDraw=False, autoLog=True, bold=False, color=array([1., 1., 1.]), colorSpace='rgb', contrast=1.0, depth=0.0, draggable=False, flipHoriz=False, flipVert=False, font='Arial', fontFiles=[], height=0.05, italic=False, languageStyle='LTR', name='text_refresh', opacity=1, ori=0.0, pos=array([0., 0.]), rgb=UNKNOWN, text='', units='height', win=Window(...), wrapWidth=1)
15.5558 	EXP 	Created main_body_questionnaire = TextStim(__class__=<class 'psychopy.visual.text.TextStim'>, alignHoriz=method-wrapper(...), alignText='center', alignVert=method-wrapper(...), anchorHoriz='center', anchorVert='center', antialias=True, autoDraw=False, autoLog=True, bold=False, color=array([1., 1., 1.]), colorSpace='rgb', contrast=1.0, depth=0.0, draggable=False, flipHoriz=False, flipVert=False, font='Arial', fontFiles=[], height=0.05, italic=False, languageStyle='LTR', name='main_body_questionnaire', opacity=1, ori=0.0, pos=array([0. , 0.3]), rgb=UNKNOWN, text='During the MRI my thoughts:', units='height', win=Window(...), wrapWidth=1)
15.5561 	EXP 	Created item_text = TextStim(__class__=<class 'psychopy.visual.text.TextStim'>, alignHoriz=method-wrapper(...), alignText='center', alignVert=method-wrapper(...), anchorHoriz='center', anchorVert='center', antialias=True, autoDraw=False, autoLog=True, bold=False, color=array([1., 1., 1.]), colorSpace='rgb', contrast=1.0, depth=-1.0, draggable=False, flipHoriz=False, flipVert=False, font='Arial', fontFiles=[], height=0.05, italic=False, languageStyle='LTR', name='item_text', opacity=1, ori=0.0, pos=array([0. , 0.1]), rgb=UNKNOWN, text='', units='height', win=Window(...), wrapWidth=1)
15.5786 	DEBUG 	TextBox2 loaded 1 chars with 0 blanks and 1 valid
15.5790 	DEBUG 	TextBox2 loaded 1 chars with 0 blanks and 1 valid
15.5794 	DEBUG 	TextBox2 loaded 1 chars with 0 blanks and 1 valid
15.5797 	DEBUG 	TextBox2 loaded 1 chars with 0 blanks and 1 valid
15.5798 	DEBUG 	Uploading Texture Font fontname to graphics card
15.5814 	DEBUG 	Upload of Texture Font fontname complete
15.6005 	DEBUG 	TextBox2 loaded 1 chars with 0 blanks and 1 valid
15.6006 	DEBUG 	Uploading Texture Font fontname to graphics card
15.6021 	DEBUG 	Upload of Texture Font fontname complete
15.6207 	EXP 	Created slider_thinking_content = Slider(__class__=<class 'psychopy.visual.slider.Slider'>, autoDraw=False, autoLog=True, borderColor=None, color=None, colorSpace='rgb', depth=-2, fillColor=None, flip=False, font='Arial', granularity=1.0, labelColor=None, labelHeight=0.035, labelWrapWidth=None, labels=list(...), lineColor=None, markerColor=None, name='slider_thinking_content', opacity=None, ori=0.0, pos=array([ 0. , -0.1]), readOnly=False, self=UNKNOWN, size=array([1. , 0.1]), startValue=5, style='rating', styleTweaks=[], ticks=array([1, 2, 3, 4, 5, 6, 7, 8, 9]), units='height', win=Window(...))
15.6213 	EXP 	Created text_refresh = TextStim(__class__=<class 'psychopy.visual.text.TextStim'>, alignHoriz=method-wrapper(...), alignText='center', alignVert=method-wrapper(...), anchorHoriz='center', anchorVert='center', antialias=True, autoDraw=False, autoLog=True, bold=False, color=array([1., 1., 1.]), colorSpace='rgb', contrast=1.0, depth=0.0, draggable=False, flipHoriz=False, flipVert=False, font='Arial', fontFiles=[], height=0.05, italic=False, languageStyle='LTR', name='text_refresh', opacity=1, ori=0.0, pos=array([0., 0.]), rgb=UNKNOWN, text='', units='height', win=Window(...), wrapWidth=1)
15.6253 	EXP 	Created goodbye_text = TextStim(__class__=<class 'psychopy.visual.text.TextStim'>, alignHoriz=method-wrapper(...), alignText='center', alignVert=method-wrapper(...), anchorHoriz='center', anchorVert='center', antialias=True, autoDraw=False, autoLog=True, bold=False, color=array([1., 1., 1.]), colorSpace='rgb', contrast=1.0, depth=0.0, draggable=False, flipHoriz=False, flipVert=False, font='Arial', fontFiles=[], height=0.05, italic=False, languageStyle='LTR', name='goodbye_text', opacity=1, ori=0.0, pos=array([0., 0.]), rgb=UNKNOWN, text=str(...), units='height', win=Window(...), wrapWidth=1)
0.0102 	EXP 	slider_emotion: autoLog = True
0.0102 	EXP 	slider_emotion: styleTweaks = []
0.0102 	EXP 	slider_emotion: styleTweaks = []
0.0102 	EXP 	slider_emotion: styleTweaks = []
0.0102 	EXP 	slider_emotion: styleTweaks = []
0.0102 	EXP 	slider_emotion: contrast = 1.0
0.0102 	EXP 	slider_emotion: markerPos = 5
0.0102 	EXP 	slider_emotion: autoLog = True
0.0102 	EXP 	slider_emotion: autoLog = True
0.0102 	EXP 	slider_emotion: styleTweaks = []
0.0102 	EXP 	slider_emotion: styleTweaks = []
0.0102 	EXP 	slider_emotion: styleTweaks = []
0.0102 	EXP 	slider_emotion: styleTweaks = []
0.0102 	EXP 	slider_emotion: contrast = 1.0
0.0102 	EXP 	slider_emotion: markerPos = 5
0.0102 	EXP 	slider_emotion: autoLog = True
0.0102 	EXP 	slider_thinking_content: autoLog = True
0.0102 	EXP 	slider_thinking_content: styleTweaks = []
0.0102 	EXP 	slider_thinking_content: styleTweaks = []
0.0102 	EXP 	slider_thinking_content: styleTweaks = []
0.0102 	EXP 	slider_thinking_content: styleTweaks = []
0.0102 	EXP 	slider_thinking_content: contrast = 1.0
0.0102 	EXP 	slider_thinking_content: markerPos = 5
0.0102 	EXP 	slider_thinking_content: autoLog = True
0.0214 	INFO 	Keyboard events cleared
0.0212 	EXP 	text_welcome: autoDraw = True
3.2975 	DATA 	Keypress: escape
3.3001 	WARNING 	t of last frame was 20.94ms (=1/47)
3.3502 	EXP 	resting_state_demo: status = STOPPED
3.3519 	EXP 	text_welcome: autoDraw = False
3.3530 	EXP 	resting_state_demo: status = STOPPED
3.3550 	INFO 	saved data to '/Users/Chenxiao/Documents/project_codes/RST_Chinese_beta/data/999_resting_state_demo_2025-06-11_15h26.20.744.csv'
3.3552 	INFO 	saved data to /Users/Chenxiao/Documents/project_codes/RST_Chinese_beta/data/999_resting_state_demo_2025-06-11_15h26.20.744.psydat
3.7514 	DEBUG 	Saving data for resting_state_demo ExperimentHandler
