10.4628 	WARNING 	Font Manager failed to load file /System/Library/PrivateFrameworks/FontServices.framework/Resources/Reserved/PingFangUI.ttc
11.9621 	DEBUG 	Fullscreen settings ignored as running in pilot mode.
11.9632 	INFO 	Loaded monitor calibration from ['2022_04_19 09:31']
11.9636 	WARNING 	This monitor has not been color-calibrated. Using default DKL conversion matrix.
12.0524 	WARNING 	This monitor has not been color-calibrated. Using default DKL conversion matrix.
12.0526 	WARNING 	This monitor has not been color-calibrated. Using default DKL conversion matrix.
12.1051 	EXP 	Created window1 = Window(allowGUI=False, allowStencil=False, autoLog=True, backendConf=UNKNOWN, backgroundFit=<method-wrapper '__getattribute__' of attributeSetter object at 0x1806d28c0>, backgroundImage=<method-wrapper '__getattribute__' of attributeSetter object at 0x1806d2920>, bitsMode=UNKNOWN, blendMode='avg', bpc=(8, 8, 8), color=array([0, 0, 0]), colorSpace='dkl', depthBits=8, fullscr=False, gamma=None, gammaErrorPolicy='raise', infoMsg=UNKNOWN, lms=UNKNOWN, monitor=<psychopy.monitors.calibTools.Monitor object at 0x180768910>, multiSample=False, name='window1', numSamples=2, pos=[560.0, 240.0], screen=0, size=array([1600, 1200]), stencilBits=0, stereo=False, title='PsychoPy', units='height', useFBO=True, useRetina=True, viewOri=0.0, viewPos=None, viewScale=None, waitBlanking=True, winType='pyglet')
12.1052 	EXP 	window1: backgroundImage = ''
12.1052 	EXP 	window1: backgroundFit = 'none'
12.1121 	DEBUG 	TextBox2 loaded 1 chars with 0 blanks and 1 valid
12.1126 	DEBUG 	TextBox2 loaded 1 chars with 0 blanks and 1 valid
12.1130 	DEBUG 	TextBox2 loaded 1 chars with 0 blanks and 1 valid
12.1135 	DEBUG 	TextBox2 loaded 1 chars with 0 blanks and 1 valid
12.1141 	DEBUG 	TextBox2 loaded 1 chars with 0 blanks and 1 valid
12.1143 	DEBUG 	TextBox2 loaded 1 chars with 0 blanks and 1 valid
12.1147 	DEBUG 	TextBox2 loaded 1 chars with 0 blanks and 1 valid
12.1152 	DEBUG 	TextBox2 loaded 1 chars with 0 blanks and 1 valid
12.1153 	DEBUG 	TextBox2 loaded 1 chars with 0 blanks and 1 valid
12.1154 	DEBUG 	TextBox2 loaded 1 chars with 0 blanks and 1 valid
12.1159 	DEBUG 	TextBox2 loaded 1 chars with 0 blanks and 1 valid
12.1163 	DEBUG 	TextBox2 loaded 1 chars with 0 blanks and 1 valid
12.1166 	DEBUG 	TextBox2 loaded 1 chars with 0 blanks and 1 valid
12.1170 	DEBUG 	TextBox2 loaded 1 chars with 0 blanks and 1 valid
12.1173 	DEBUG 	TextBox2 loaded 1 chars with 0 blanks and 1 valid
12.1178 	DEBUG 	TextBox2 loaded 1 chars with 0 blanks and 1 valid
12.1182 	DEBUG 	TextBox2 loaded 1 chars with 0 blanks and 1 valid
12.1184 	DEBUG 	TextBox2 loaded 1 chars with 0 blanks and 1 valid
12.1186 	DEBUG 	TextBox2 loaded 1 chars with 0 blanks and 1 valid
12.1192 	DEBUG 	TextBox2 loaded 1 chars with 0 blanks and 1 valid
12.1194 	DEBUG 	TextBox2 loaded 1 chars with 0 blanks and 1 valid
12.1196 	DEBUG 	Uploading Texture Font fontname to graphics card
12.1228 	DEBUG 	Upload of Texture Font fontname complete
12.1271 	DEBUG 	TextBox2 loaded 1 chars with 0 blanks and 1 valid
12.1280 	DEBUG 	TextBox2 loaded 1 chars with 0 blanks and 1 valid
12.1288 	DEBUG 	TextBox2 loaded 1 chars with 0 blanks and 1 valid
12.1289 	DEBUG 	Uploading Texture Font fontname to graphics card
12.1303 	DEBUG 	Upload of Texture Font fontname complete
12.1315 	EXP 	window1: Attempting to measure frame rate of screen (0) ...
12.1315 	EXP 	window1: recordFrameIntervals = False
12.2562 	EXP 	window1: recordFrameIntervals = True
13.0934 	WARNING 	Couldn't measure a consistent frame rate!
  - Is your graphics card set to sync to vertical blank?
  - Are you running other processes on your computer?

13.1002 	DEBUG 	TextBox2 loaded 1 chars with 0 blanks and 1 valid
13.1007 	DEBUG 	TextBox2 loaded 1 chars with 0 blanks and 1 valid
13.1015 	DEBUG 	TextBox2 loaded 1 chars with 0 blanks and 1 valid
13.1025 	DEBUG 	TextBox2 loaded 1 chars with 0 blanks and 1 valid
13.1035 	DEBUG 	TextBox2 loaded 1 chars with 0 blanks and 1 valid
13.1046 	DEBUG 	TextBox2 loaded 1 chars with 0 blanks and 1 valid
13.1050 	DEBUG 	TextBox2 loaded 1 chars with 0 blanks and 1 valid
13.1058 	DEBUG 	TextBox2 loaded 1 chars with 0 blanks and 1 valid
13.1066 	DEBUG 	TextBox2 loaded 1 chars with 0 blanks and 1 valid
13.1074 	DEBUG 	TextBox2 loaded 1 chars with 0 blanks and 1 valid
13.1077 	DEBUG 	Uploading Texture Font fontname to graphics card
13.1106 	DEBUG 	Upload of Texture Font fontname complete
13.1243 	WARNING 	launchHubServer: If using the iohub mouse or eyetracker devices, fullScr should be True.
15.0198 	INFO 	keyboard.Keyboard is using iohub backend.
15.0198 	INFO 	keyboard.Keyboard is using iohub backend.
15.0198 	INFO 	keyboard.Keyboard is using iohub backend.
15.0199 	INFO 	keyboard.Keyboard is using iohub backend.
15.0199 	INFO 	keyboard.Keyboard is using iohub backend.
15.0199 	EXP 	resting_state_demo: status = STARTED
15.0570 	EXP 	Created text_welcome = TextStim(__class__=<class 'psychopy.visual.text.TextStim'>, alignHoriz=method-wrapper(...), alignText='center', alignVert=method-wrapper(...), anchorHoriz='center', anchorVert='center', antialias=True, autoDraw=False, autoLog=True, bold=False, color=array([1., 1., 1.]), colorSpace='rgb', contrast=1.0, depth=0.0, draggable=False, flipHoriz=False, flipVert=False, font='Heiti SC', fontFiles=[], height=0.06, italic=False, languageStyle='LTR', name='text_welcome', opacity=1, ori=0.0, pos=array([-0.7,  0. ]), rgb=UNKNOWN, text=str(...), units='height', win=Window(...), wrapWidth=0.7)
15.0588 	EXP 	Created text_refresh = TextStim(__class__=<class 'psychopy.visual.text.TextStim'>, alignHoriz=method-wrapper(...), alignText='center', alignVert=method-wrapper(...), anchorHoriz='center', anchorVert='center', antialias=True, autoDraw=False, autoLog=True, bold=False, color=array([1., 1., 1.]), colorSpace='rgb', contrast=1.0, depth=0.0, draggable=False, flipHoriz=False, flipVert=False, font='Arial', fontFiles=[], height=0.05, italic=False, languageStyle='LTR', name='text_refresh', opacity=1, ori=0.0, pos=array([0., 0.]), rgb=UNKNOWN, text='', units='height', win=Window(...), wrapWidth=1)
15.0650 	EXP 	Created rate_emotion_prompt = TextStim(__class__=<class 'psychopy.visual.text.TextStim'>, alignHoriz=method-wrapper(...), alignText='center', alignVert=method-wrapper(...), anchorHoriz='center', anchorVert='center', antialias=True, autoDraw=False, autoLog=True, bold=False, color=array([1., 1., 1.]), colorSpace='rgb', contrast=1.0, depth=0.0, draggable=False, flipHoriz=False, flipVert=False, font='Arial', fontFiles=[], height=0.05, italic=False, languageStyle='LTR', name='rate_emotion_prompt', opacity=1, ori=0.0, pos=array([0. , 0.2]), rgb=UNKNOWN, text=str(...), units='height', win=Window(...), wrapWidth=1)
15.0783 	DEBUG 	TextBox2 loaded 1 chars with 0 blanks and 1 valid
15.0786 	DEBUG 	TextBox2 loaded 1 chars with 0 blanks and 1 valid
15.0789 	DEBUG 	TextBox2 loaded 1 chars with 0 blanks and 1 valid
15.0793 	DEBUG 	TextBox2 loaded 1 chars with 0 blanks and 1 valid
15.0795 	DEBUG 	TextBox2 loaded 1 chars with 0 blanks and 1 valid
15.0797 	DEBUG 	TextBox2 loaded 1 chars with 0 blanks and 1 valid
15.0800 	DEBUG 	TextBox2 loaded 1 chars with 0 blanks and 1 valid
15.0803 	DEBUG 	TextBox2 loaded 1 chars with 0 blanks and 1 valid
15.0805 	DEBUG 	TextBox2 loaded 1 chars with 0 blanks and 1 valid
15.0808 	DEBUG 	TextBox2 loaded 1 chars with 0 blanks and 1 valid
15.0811 	DEBUG 	TextBox2 loaded 1 chars with 0 blanks and 1 valid
15.0815 	DEBUG 	TextBox2 loaded 1 chars with 0 blanks and 1 valid
15.0817 	DEBUG 	Uploading Texture Font fontname to graphics card
15.0838 	DEBUG 	Upload of Texture Font fontname complete
15.0867 	DEBUG 	TextBox2 loaded 1 chars with 0 blanks and 1 valid
15.0869 	DEBUG 	TextBox2 loaded 1 chars with 0 blanks and 1 valid
15.0871 	DEBUG 	Uploading Texture Font fontname to graphics card
15.0885 	DEBUG 	Upload of Texture Font fontname complete
15.1051 	DEBUG 	TextBox2 loaded 1 chars with 0 blanks and 1 valid
15.1054 	DEBUG 	TextBox2 loaded 1 chars with 0 blanks and 1 valid
15.1055 	DEBUG 	Uploading Texture Font fontname to graphics card
15.1069 	DEBUG 	Upload of Texture Font fontname complete
15.1450 	EXP 	Created slider_emotion = Slider(__class__=<class 'psychopy.visual.slider.Slider'>, autoDraw=False, autoLog=True, borderColor=None, color=None, colorSpace='rgb', depth=-1, fillColor=None, flip=False, font='Arial', granularity=1.0, labelColor=None, labelHeight=0.035, labelWrapWidth=None, labels=list(...), lineColor=None, markerColor=None, name='slider_emotion', opacity=None, ori=0.0, pos=array([ 0. , -0.1]), readOnly=False, self=UNKNOWN, size=array([1. , 0.1]), startValue=5, style='rating', styleTweaks=[], ticks=array([1, 2, 3, 4, 5, 6, 7, 8, 9]), units='height', win=Window(...))
15.1461 	EXP 	Created text_refresh = TextStim(__class__=<class 'psychopy.visual.text.TextStim'>, alignHoriz=method-wrapper(...), alignText='center', alignVert=method-wrapper(...), anchorHoriz='center', anchorVert='center', antialias=True, autoDraw=False, autoLog=True, bold=False, color=array([1., 1., 1.]), colorSpace='rgb', contrast=1.0, depth=0.0, draggable=False, flipHoriz=False, flipVert=False, font='Arial', fontFiles=[], height=0.05, italic=False, languageStyle='LTR', name='text_refresh', opacity=1, ori=0.0, pos=array([0., 0.]), rgb=UNKNOWN, text='', units='height', win=Window(...), wrapWidth=1)
15.1481 	EXP 	Created wait4trigger_text = TextStim(__class__=<class 'psychopy.visual.text.TextStim'>, alignHoriz=method-wrapper(...), alignText='center', alignVert=method-wrapper(...), anchorHoriz='center', anchorVert='center', antialias=True, autoDraw=False, autoLog=True, bold=False, color=array([1., 1., 1.]), colorSpace='rgb', contrast=1.0, depth=0.0, draggable=False, flipHoriz=False, flipVert=False, font='Arial', fontFiles=[], height=0.05, italic=False, languageStyle='LTR', name='wait4trigger_text', opacity=1, ori=0.0, pos=array([0., 0.]), rgb=UNKNOWN, text='Please wait for the scan to start.', units='height', win=Window(...), wrapWidth=1)
15.1494 	EXP 	Created fake_stimulus_text = TextStim(__class__=<class 'psychopy.visual.text.TextStim'>, alignHoriz=method-wrapper(...), alignText='center', alignVert=method-wrapper(...), anchorHoriz='center', anchorVert='center', antialias=True, autoDraw=False, autoLog=True, bold=False, color=array([1., 1., 1.]), colorSpace='rgb', contrast=1.0, depth=0.0, draggable=False, flipHoriz=False, flipVert=False, font='Arial', fontFiles=[], height=0.05, italic=False, languageStyle='LTR', name='fake_stimulus_text', opacity=1, ori=0.0, pos=array([0., 0.]), rgb=UNKNOWN, text='Please wait for the scan to start.', units='height', win=Window(...), wrapWidth=1)
15.1511 	EXP 	Created fixation = TextStim(__class__=<class 'psychopy.visual.text.TextStim'>, alignHoriz=method-wrapper(...), alignText='center', alignVert=method-wrapper(...), anchorHoriz='center', anchorVert='center', antialias=True, autoDraw=False, autoLog=True, bold=False, color=array([1., 1., 1.]), colorSpace='rgb', contrast=1.0, depth=0.0, draggable=False, flipHoriz=False, flipVert=False, font='Arial', fontFiles=[], height=0.4, italic=False, languageStyle='LTR', name='fixation', opacity=1, ori=0.0, pos=array([0., 0.]), rgb=UNKNOWN, text='+', units='height', win=Window(...), wrapWidth=1)
15.1516 	EXP 	Created text_refresh = TextStim(__class__=<class 'psychopy.visual.text.TextStim'>, alignHoriz=method-wrapper(...), alignText='center', alignVert=method-wrapper(...), anchorHoriz='center', anchorVert='center', antialias=True, autoDraw=False, autoLog=True, bold=False, color=array([1., 1., 1.]), colorSpace='rgb', contrast=1.0, depth=0.0, draggable=False, flipHoriz=False, flipVert=False, font='Arial', fontFiles=[], height=0.05, italic=False, languageStyle='LTR', name='text_refresh', opacity=1, ori=0.0, pos=array([0., 0.]), rgb=UNKNOWN, text='', units='height', win=Window(...), wrapWidth=1)
15.1545 	EXP 	Created rate_emotion_prompt = TextStim(__class__=<class 'psychopy.visual.text.TextStim'>, alignHoriz=method-wrapper(...), alignText='center', alignVert=method-wrapper(...), anchorHoriz='center', anchorVert='center', antialias=True, autoDraw=False, autoLog=True, bold=False, color=array([1., 1., 1.]), colorSpace='rgb', contrast=1.0, depth=0.0, draggable=False, flipHoriz=False, flipVert=False, font='Arial', fontFiles=[], height=0.05, italic=False, languageStyle='LTR', name='rate_emotion_prompt', opacity=1, ori=0.0, pos=array([0. , 0.2]), rgb=UNKNOWN, text=str(...), units='height', win=Window(...), wrapWidth=1)
15.2142 	EXP 	Created slider_emotion = Slider(__class__=<class 'psychopy.visual.slider.Slider'>, autoDraw=False, autoLog=True, borderColor=None, color=None, colorSpace='rgb', depth=-1, fillColor=None, flip=False, font='Arial', granularity=1.0, labelColor=None, labelHeight=0.035, labelWrapWidth=None, labels=list(...), lineColor=None, markerColor=None, name='slider_emotion', opacity=None, ori=0.0, pos=array([ 0. , -0.1]), readOnly=False, self=UNKNOWN, size=array([1. , 0.1]), startValue=5, style='rating', styleTweaks=[], ticks=array([1, 2, 3, 4, 5, 6, 7, 8, 9]), units='height', win=Window(...))
15.2148 	EXP 	Created text_refresh = TextStim(__class__=<class 'psychopy.visual.text.TextStim'>, alignHoriz=method-wrapper(...), alignText='center', alignVert=method-wrapper(...), anchorHoriz='center', anchorVert='center', antialias=True, autoDraw=False, autoLog=True, bold=False, color=array([1., 1., 1.]), colorSpace='rgb', contrast=1.0, depth=0.0, draggable=False, flipHoriz=False, flipVert=False, font='Arial', fontFiles=[], height=0.05, italic=False, languageStyle='LTR', name='text_refresh', opacity=1, ori=0.0, pos=array([0., 0.]), rgb=UNKNOWN, text='', units='height', win=Window(...), wrapWidth=1)
15.2172 	EXP 	Created main_body_questionnaire = TextStim(__class__=<class 'psychopy.visual.text.TextStim'>, alignHoriz=method-wrapper(...), alignText='center', alignVert=method-wrapper(...), anchorHoriz='center', anchorVert='center', antialias=True, autoDraw=False, autoLog=True, bold=False, color=array([1., 1., 1.]), colorSpace='rgb', contrast=1.0, depth=0.0, draggable=False, flipHoriz=False, flipVert=False, font='Arial', fontFiles=[], height=0.05, italic=False, languageStyle='LTR', name='main_body_questionnaire', opacity=1, ori=0.0, pos=array([0. , 0.3]), rgb=UNKNOWN, text='During the MRI my thoughts:', units='height', win=Window(...), wrapWidth=1)
15.2175 	EXP 	Created item_text = TextStim(__class__=<class 'psychopy.visual.text.TextStim'>, alignHoriz=method-wrapper(...), alignText='center', alignVert=method-wrapper(...), anchorHoriz='center', anchorVert='center', antialias=True, autoDraw=False, autoLog=True, bold=False, color=array([1., 1., 1.]), colorSpace='rgb', contrast=1.0, depth=-1.0, draggable=False, flipHoriz=False, flipVert=False, font='Arial', fontFiles=[], height=0.05, italic=False, languageStyle='LTR', name='item_text', opacity=1, ori=0.0, pos=array([0. , 0.1]), rgb=UNKNOWN, text='', units='height', win=Window(...), wrapWidth=1)
15.2401 	DEBUG 	TextBox2 loaded 1 chars with 0 blanks and 1 valid
15.2405 	DEBUG 	TextBox2 loaded 1 chars with 0 blanks and 1 valid
15.2409 	DEBUG 	TextBox2 loaded 1 chars with 0 blanks and 1 valid
15.2412 	DEBUG 	TextBox2 loaded 1 chars with 0 blanks and 1 valid
15.2413 	DEBUG 	Uploading Texture Font fontname to graphics card
15.2429 	DEBUG 	Upload of Texture Font fontname complete
15.2617 	DEBUG 	TextBox2 loaded 1 chars with 0 blanks and 1 valid
15.2618 	DEBUG 	Uploading Texture Font fontname to graphics card
15.2633 	DEBUG 	Upload of Texture Font fontname complete
15.2817 	EXP 	Created slider_thinking_content = Slider(__class__=<class 'psychopy.visual.slider.Slider'>, autoDraw=False, autoLog=True, borderColor=None, color=None, colorSpace='rgb', depth=-2, fillColor=None, flip=False, font='Arial', granularity=1.0, labelColor=None, labelHeight=0.035, labelWrapWidth=None, labels=list(...), lineColor=None, markerColor=None, name='slider_thinking_content', opacity=None, ori=0.0, pos=array([ 0. , -0.1]), readOnly=False, self=UNKNOWN, size=array([1. , 0.1]), startValue=5, style='rating', styleTweaks=[], ticks=array([1, 2, 3, 4, 5, 6, 7, 8, 9]), units='height', win=Window(...))
15.2823 	EXP 	Created text_refresh = TextStim(__class__=<class 'psychopy.visual.text.TextStim'>, alignHoriz=method-wrapper(...), alignText='center', alignVert=method-wrapper(...), anchorHoriz='center', anchorVert='center', antialias=True, autoDraw=False, autoLog=True, bold=False, color=array([1., 1., 1.]), colorSpace='rgb', contrast=1.0, depth=0.0, draggable=False, flipHoriz=False, flipVert=False, font='Arial', fontFiles=[], height=0.05, italic=False, languageStyle='LTR', name='text_refresh', opacity=1, ori=0.0, pos=array([0., 0.]), rgb=UNKNOWN, text='', units='height', win=Window(...), wrapWidth=1)
15.2859 	EXP 	Created goodbye_text = TextStim(__class__=<class 'psychopy.visual.text.TextStim'>, alignHoriz=method-wrapper(...), alignText='center', alignVert=method-wrapper(...), anchorHoriz='center', anchorVert='center', antialias=True, autoDraw=False, autoLog=True, bold=False, color=array([1., 1., 1.]), colorSpace='rgb', contrast=1.0, depth=0.0, draggable=False, flipHoriz=False, flipVert=False, font='Arial', fontFiles=[], height=0.05, italic=False, languageStyle='LTR', name='goodbye_text', opacity=1, ori=0.0, pos=array([0., 0.]), rgb=UNKNOWN, text=str(...), units='height', win=Window(...), wrapWidth=1)
0.0052 	EXP 	slider_emotion: autoLog = True
0.0052 	EXP 	slider_emotion: styleTweaks = []
0.0052 	EXP 	slider_emotion: styleTweaks = []
0.0052 	EXP 	slider_emotion: styleTweaks = []
0.0052 	EXP 	slider_emotion: styleTweaks = []
0.0052 	EXP 	slider_emotion: contrast = 1.0
0.0052 	EXP 	slider_emotion: markerPos = 5
0.0052 	EXP 	slider_emotion: autoLog = True
0.0052 	EXP 	slider_emotion: autoLog = True
0.0052 	EXP 	slider_emotion: styleTweaks = []
0.0052 	EXP 	slider_emotion: styleTweaks = []
0.0052 	EXP 	slider_emotion: styleTweaks = []
0.0052 	EXP 	slider_emotion: styleTweaks = []
0.0052 	EXP 	slider_emotion: contrast = 1.0
0.0052 	EXP 	slider_emotion: markerPos = 5
0.0052 	EXP 	slider_emotion: autoLog = True
0.0052 	EXP 	slider_thinking_content: autoLog = True
0.0052 	EXP 	slider_thinking_content: styleTweaks = []
0.0052 	EXP 	slider_thinking_content: styleTweaks = []
0.0052 	EXP 	slider_thinking_content: styleTweaks = []
0.0052 	EXP 	slider_thinking_content: styleTweaks = []
0.0052 	EXP 	slider_thinking_content: contrast = 1.0
0.0052 	EXP 	slider_thinking_content: markerPos = 5
0.0052 	EXP 	slider_thinking_content: autoLog = True
0.0141 	INFO 	Keyboard events cleared
0.0139 	EXP 	text_welcome: autoDraw = True
5.7481 	WARNING 	t of last frame was 26.97ms (=1/37)
5.7676 	DATA 	Keypress: escape
5.7702 	WARNING 	t of last frame was 22.10ms (=1/45)
5.8061 	EXP 	resting_state_demo: status = STOPPED
5.8084 	EXP 	text_welcome: autoDraw = False
5.8095 	EXP 	resting_state_demo: status = STOPPED
5.8116 	INFO 	saved data to '/Users/Chenxiao/Documents/project_codes/RST_Chinese_beta/data/999_resting_state_demo_2025-06-11_15h24.22.201.csv'
5.8118 	INFO 	saved data to /Users/Chenxiao/Documents/project_codes/RST_Chinese_beta/data/999_resting_state_demo_2025-06-11_15h24.22.201.psydat
5.9466 	DEBUG 	Saving data for resting_state_demo ExperimentHandler
