10.7196 	WARNING 	Font Manager failed to load file /System/Library/PrivateFrameworks/FontServices.framework/Resources/Reserved/PingFangUI.ttc
12.2085 	DEBUG 	Fullscreen settings ignored as running in pilot mode.
12.2095 	INFO 	Loaded monitor calibration from ['2022_04_19 09:31']
12.2099 	WARNING 	This monitor has not been color-calibrated. Using default DKL conversion matrix.
12.2989 	WARNING 	This monitor has not been color-calibrated. Using default DKL conversion matrix.
12.2990 	WARNING 	This monitor has not been color-calibrated. Using default DKL conversion matrix.
12.3538 	EXP 	Created window1 = Window(allowGUI=False, allowStencil=False, autoLog=True, backendConf=UNKNOWN, backgroundFit=<method-wrapper '__getattribute__' of attributeSetter object at 0x18060a9e0>, backgroundImage=<method-wrapper '__getattribute__' of attributeSetter object at 0x18060bfd0>, bitsMode=UNKNOWN, blendMode='avg', bpc=(8, 8, 8), color=array([0, 0, 0]), colorSpace='dkl', depthBits=8, fullscr=False, gamma=None, gammaErrorPolicy='raise', infoMsg=UNKNOWN, lms=UNKNOWN, monitor=<psychopy.monitors.calibTools.Monitor object at 0x1806c4a30>, multiSample=False, name='window1', numSamples=2, pos=[560.0, 240.0], screen=0, size=array([1600, 1200]), stencilBits=0, stereo=False, title='PsychoPy', units='height', useFBO=True, useRetina=True, viewOri=0.0, viewPos=None, viewScale=None, waitBlanking=True, winType='pyglet')
12.3539 	EXP 	window1: backgroundImage = ''
12.3539 	EXP 	window1: backgroundFit = 'none'
12.3609 	DEBUG 	TextBox2 loaded 1 chars with 0 blanks and 1 valid
12.3614 	DEBUG 	TextBox2 loaded 1 chars with 0 blanks and 1 valid
12.3617 	DEBUG 	TextBox2 loaded 1 chars with 0 blanks and 1 valid
12.3623 	DEBUG 	TextBox2 loaded 1 chars with 0 blanks and 1 valid
12.3628 	DEBUG 	TextBox2 loaded 1 chars with 0 blanks and 1 valid
12.3630 	DEBUG 	TextBox2 loaded 1 chars with 0 blanks and 1 valid
12.3633 	DEBUG 	TextBox2 loaded 1 chars with 0 blanks and 1 valid
12.3639 	DEBUG 	TextBox2 loaded 1 chars with 0 blanks and 1 valid
12.3640 	DEBUG 	TextBox2 loaded 1 chars with 0 blanks and 1 valid
12.3642 	DEBUG 	TextBox2 loaded 1 chars with 0 blanks and 1 valid
12.3646 	DEBUG 	TextBox2 loaded 1 chars with 0 blanks and 1 valid
12.3649 	DEBUG 	TextBox2 loaded 1 chars with 0 blanks and 1 valid
12.3653 	DEBUG 	TextBox2 loaded 1 chars with 0 blanks and 1 valid
12.3657 	DEBUG 	TextBox2 loaded 1 chars with 0 blanks and 1 valid
12.3660 	DEBUG 	TextBox2 loaded 1 chars with 0 blanks and 1 valid
12.3664 	DEBUG 	TextBox2 loaded 1 chars with 0 blanks and 1 valid
12.3668 	DEBUG 	TextBox2 loaded 1 chars with 0 blanks and 1 valid
12.3670 	DEBUG 	TextBox2 loaded 1 chars with 0 blanks and 1 valid
12.3672 	DEBUG 	TextBox2 loaded 1 chars with 0 blanks and 1 valid
12.3678 	DEBUG 	TextBox2 loaded 1 chars with 0 blanks and 1 valid
12.3679 	DEBUG 	TextBox2 loaded 1 chars with 0 blanks and 1 valid
12.3681 	DEBUG 	Uploading Texture Font fontname to graphics card
12.3712 	DEBUG 	Upload of Texture Font fontname complete
12.3750 	DEBUG 	TextBox2 loaded 1 chars with 0 blanks and 1 valid
12.3759 	DEBUG 	TextBox2 loaded 1 chars with 0 blanks and 1 valid
12.3766 	DEBUG 	TextBox2 loaded 1 chars with 0 blanks and 1 valid
12.3767 	DEBUG 	Uploading Texture Font fontname to graphics card
12.3783 	DEBUG 	Upload of Texture Font fontname complete
12.3793 	EXP 	window1: Attempting to measure frame rate of screen (0) ...
12.3793 	EXP 	window1: recordFrameIntervals = False
12.4819 	EXP 	window1: recordFrameIntervals = True
13.3513 	WARNING 	Couldn't measure a consistent frame rate!
  - Is your graphics card set to sync to vertical blank?
  - Are you running other processes on your computer?

13.3597 	DEBUG 	TextBox2 loaded 1 chars with 0 blanks and 1 valid
13.3603 	DEBUG 	TextBox2 loaded 1 chars with 0 blanks and 1 valid
13.3612 	DEBUG 	TextBox2 loaded 1 chars with 0 blanks and 1 valid
13.3624 	DEBUG 	TextBox2 loaded 1 chars with 0 blanks and 1 valid
13.3635 	DEBUG 	TextBox2 loaded 1 chars with 0 blanks and 1 valid
13.3646 	DEBUG 	TextBox2 loaded 1 chars with 0 blanks and 1 valid
13.3651 	DEBUG 	TextBox2 loaded 1 chars with 0 blanks and 1 valid
13.3660 	DEBUG 	TextBox2 loaded 1 chars with 0 blanks and 1 valid
13.3671 	DEBUG 	TextBox2 loaded 1 chars with 0 blanks and 1 valid
13.3679 	DEBUG 	TextBox2 loaded 1 chars with 0 blanks and 1 valid
13.3682 	DEBUG 	Uploading Texture Font fontname to graphics card
13.3714 	DEBUG 	Upload of Texture Font fontname complete
13.3858 	WARNING 	launchHubServer: If using the iohub mouse or eyetracker devices, fullScr should be True.
15.5030 	INFO 	keyboard.Keyboard is using iohub backend.
15.5030 	INFO 	keyboard.Keyboard is using iohub backend.
15.5031 	INFO 	keyboard.Keyboard is using iohub backend.
15.5031 	INFO 	keyboard.Keyboard is using iohub backend.
15.5031 	INFO 	keyboard.Keyboard is using iohub backend.
15.5031 	EXP 	resting_state_demo: status = STARTED
15.5414 	EXP 	Created text_welcome = TextStim(__class__=<class 'psychopy.visual.text.TextStim'>, alignHoriz=method-wrapper(...), alignText='center', alignVert=method-wrapper(...), anchorHoriz='center', anchorVert='center', antialias=True, autoDraw=False, autoLog=True, bold=False, color=array([1., 1., 1.]), colorSpace='rgb', contrast=1.0, depth=0.0, draggable=False, flipHoriz=False, flipVert=False, font='Heiti SC', fontFiles=[], height=0.06, italic=False, languageStyle='LTR', name='text_welcome', opacity=1, ori=0.0, pos=array([-0.35,  0.  ]), rgb=UNKNOWN, text=str(...), units='height', win=Window(...), wrapWidth=0.3)
15.5433 	EXP 	Created text_refresh = TextStim(__class__=<class 'psychopy.visual.text.TextStim'>, alignHoriz=method-wrapper(...), alignText='center', alignVert=method-wrapper(...), anchorHoriz='center', anchorVert='center', antialias=True, autoDraw=False, autoLog=True, bold=False, color=array([1., 1., 1.]), colorSpace='rgb', contrast=1.0, depth=0.0, draggable=False, flipHoriz=False, flipVert=False, font='Arial', fontFiles=[], height=0.05, italic=False, languageStyle='LTR', name='text_refresh', opacity=1, ori=0.0, pos=array([0., 0.]), rgb=UNKNOWN, text='', units='height', win=Window(...), wrapWidth=1)
15.5497 	EXP 	Created rate_emotion_prompt = TextStim(__class__=<class 'psychopy.visual.text.TextStim'>, alignHoriz=method-wrapper(...), alignText='center', alignVert=method-wrapper(...), anchorHoriz='center', anchorVert='center', antialias=True, autoDraw=False, autoLog=True, bold=False, color=array([1., 1., 1.]), colorSpace='rgb', contrast=1.0, depth=0.0, draggable=False, flipHoriz=False, flipVert=False, font='Arial', fontFiles=[], height=0.05, italic=False, languageStyle='LTR', name='rate_emotion_prompt', opacity=1, ori=0.0, pos=array([0. , 0.2]), rgb=UNKNOWN, text=str(...), units='height', win=Window(...), wrapWidth=1)
15.5631 	DEBUG 	TextBox2 loaded 1 chars with 0 blanks and 1 valid
15.5635 	DEBUG 	TextBox2 loaded 1 chars with 0 blanks and 1 valid
15.5638 	DEBUG 	TextBox2 loaded 1 chars with 0 blanks and 1 valid
15.5641 	DEBUG 	TextBox2 loaded 1 chars with 0 blanks and 1 valid
15.5643 	DEBUG 	TextBox2 loaded 1 chars with 0 blanks and 1 valid
15.5645 	DEBUG 	TextBox2 loaded 1 chars with 0 blanks and 1 valid
15.5648 	DEBUG 	TextBox2 loaded 1 chars with 0 blanks and 1 valid
15.5651 	DEBUG 	TextBox2 loaded 1 chars with 0 blanks and 1 valid
15.5653 	DEBUG 	TextBox2 loaded 1 chars with 0 blanks and 1 valid
15.5657 	DEBUG 	TextBox2 loaded 1 chars with 0 blanks and 1 valid
15.5660 	DEBUG 	TextBox2 loaded 1 chars with 0 blanks and 1 valid
15.5664 	DEBUG 	TextBox2 loaded 1 chars with 0 blanks and 1 valid
15.5665 	DEBUG 	Uploading Texture Font fontname to graphics card
15.5688 	DEBUG 	Upload of Texture Font fontname complete
15.5716 	DEBUG 	TextBox2 loaded 1 chars with 0 blanks and 1 valid
15.5719 	DEBUG 	TextBox2 loaded 1 chars with 0 blanks and 1 valid
15.5720 	DEBUG 	Uploading Texture Font fontname to graphics card
15.5735 	DEBUG 	Upload of Texture Font fontname complete
15.5900 	DEBUG 	TextBox2 loaded 1 chars with 0 blanks and 1 valid
15.5903 	DEBUG 	TextBox2 loaded 1 chars with 0 blanks and 1 valid
15.5904 	DEBUG 	Uploading Texture Font fontname to graphics card
15.5918 	DEBUG 	Upload of Texture Font fontname complete
15.6302 	EXP 	Created slider_emotion = Slider(__class__=<class 'psychopy.visual.slider.Slider'>, autoDraw=False, autoLog=True, borderColor=None, color=None, colorSpace='rgb', depth=-1, fillColor=None, flip=False, font='Arial', granularity=1.0, labelColor=None, labelHeight=0.035, labelWrapWidth=None, labels=list(...), lineColor=None, markerColor=None, name='slider_emotion', opacity=None, ori=0.0, pos=array([ 0. , -0.1]), readOnly=False, self=UNKNOWN, size=array([1. , 0.1]), startValue=5, style='rating', styleTweaks=[], ticks=array([1, 2, 3, 4, 5, 6, 7, 8, 9]), units='height', win=Window(...))
15.6313 	EXP 	Created text_refresh = TextStim(__class__=<class 'psychopy.visual.text.TextStim'>, alignHoriz=method-wrapper(...), alignText='center', alignVert=method-wrapper(...), anchorHoriz='center', anchorVert='center', antialias=True, autoDraw=False, autoLog=True, bold=False, color=array([1., 1., 1.]), colorSpace='rgb', contrast=1.0, depth=0.0, draggable=False, flipHoriz=False, flipVert=False, font='Arial', fontFiles=[], height=0.05, italic=False, languageStyle='LTR', name='text_refresh', opacity=1, ori=0.0, pos=array([0., 0.]), rgb=UNKNOWN, text='', units='height', win=Window(...), wrapWidth=1)
15.6332 	EXP 	Created wait4trigger_text = TextStim(__class__=<class 'psychopy.visual.text.TextStim'>, alignHoriz=method-wrapper(...), alignText='center', alignVert=method-wrapper(...), anchorHoriz='center', anchorVert='center', antialias=True, autoDraw=False, autoLog=True, bold=False, color=array([1., 1., 1.]), colorSpace='rgb', contrast=1.0, depth=0.0, draggable=False, flipHoriz=False, flipVert=False, font='Arial', fontFiles=[], height=0.05, italic=False, languageStyle='LTR', name='wait4trigger_text', opacity=1, ori=0.0, pos=array([0., 0.]), rgb=UNKNOWN, text='Please wait for the scan to start.', units='height', win=Window(...), wrapWidth=1)
15.6345 	EXP 	Created fake_stimulus_text = TextStim(__class__=<class 'psychopy.visual.text.TextStim'>, alignHoriz=method-wrapper(...), alignText='center', alignVert=method-wrapper(...), anchorHoriz='center', anchorVert='center', antialias=True, autoDraw=False, autoLog=True, bold=False, color=array([1., 1., 1.]), colorSpace='rgb', contrast=1.0, depth=0.0, draggable=False, flipHoriz=False, flipVert=False, font='Arial', fontFiles=[], height=0.05, italic=False, languageStyle='LTR', name='fake_stimulus_text', opacity=1, ori=0.0, pos=array([0., 0.]), rgb=UNKNOWN, text='Please wait for the scan to start.', units='height', win=Window(...), wrapWidth=1)
15.6361 	EXP 	Created fixation = TextStim(__class__=<class 'psychopy.visual.text.TextStim'>, alignHoriz=method-wrapper(...), alignText='center', alignVert=method-wrapper(...), anchorHoriz='center', anchorVert='center', antialias=True, autoDraw=False, autoLog=True, bold=False, color=array([1., 1., 1.]), colorSpace='rgb', contrast=1.0, depth=0.0, draggable=False, flipHoriz=False, flipVert=False, font='Arial', fontFiles=[], height=0.4, italic=False, languageStyle='LTR', name='fixation', opacity=1, ori=0.0, pos=array([0., 0.]), rgb=UNKNOWN, text='+', units='height', win=Window(...), wrapWidth=1)
15.6366 	EXP 	Created text_refresh = TextStim(__class__=<class 'psychopy.visual.text.TextStim'>, alignHoriz=method-wrapper(...), alignText='center', alignVert=method-wrapper(...), anchorHoriz='center', anchorVert='center', antialias=True, autoDraw=False, autoLog=True, bold=False, color=array([1., 1., 1.]), colorSpace='rgb', contrast=1.0, depth=0.0, draggable=False, flipHoriz=False, flipVert=False, font='Arial', fontFiles=[], height=0.05, italic=False, languageStyle='LTR', name='text_refresh', opacity=1, ori=0.0, pos=array([0., 0.]), rgb=UNKNOWN, text='', units='height', win=Window(...), wrapWidth=1)
15.6394 	EXP 	Created rate_emotion_prompt = TextStim(__class__=<class 'psychopy.visual.text.TextStim'>, alignHoriz=method-wrapper(...), alignText='center', alignVert=method-wrapper(...), anchorHoriz='center', anchorVert='center', antialias=True, autoDraw=False, autoLog=True, bold=False, color=array([1., 1., 1.]), colorSpace='rgb', contrast=1.0, depth=0.0, draggable=False, flipHoriz=False, flipVert=False, font='Arial', fontFiles=[], height=0.05, italic=False, languageStyle='LTR', name='rate_emotion_prompt', opacity=1, ori=0.0, pos=array([0. , 0.2]), rgb=UNKNOWN, text=str(...), units='height', win=Window(...), wrapWidth=1)
15.6992 	EXP 	Created slider_emotion = Slider(__class__=<class 'psychopy.visual.slider.Slider'>, autoDraw=False, autoLog=True, borderColor=None, color=None, colorSpace='rgb', depth=-1, fillColor=None, flip=False, font='Arial', granularity=1.0, labelColor=None, labelHeight=0.035, labelWrapWidth=None, labels=list(...), lineColor=None, markerColor=None, name='slider_emotion', opacity=None, ori=0.0, pos=array([ 0. , -0.1]), readOnly=False, self=UNKNOWN, size=array([1. , 0.1]), startValue=5, style='rating', styleTweaks=[], ticks=array([1, 2, 3, 4, 5, 6, 7, 8, 9]), units='height', win=Window(...))
15.6998 	EXP 	Created text_refresh = TextStim(__class__=<class 'psychopy.visual.text.TextStim'>, alignHoriz=method-wrapper(...), alignText='center', alignVert=method-wrapper(...), anchorHoriz='center', anchorVert='center', antialias=True, autoDraw=False, autoLog=True, bold=False, color=array([1., 1., 1.]), colorSpace='rgb', contrast=1.0, depth=0.0, draggable=False, flipHoriz=False, flipVert=False, font='Arial', fontFiles=[], height=0.05, italic=False, languageStyle='LTR', name='text_refresh', opacity=1, ori=0.0, pos=array([0., 0.]), rgb=UNKNOWN, text='', units='height', win=Window(...), wrapWidth=1)
15.7023 	EXP 	Created main_body_questionnaire = TextStim(__class__=<class 'psychopy.visual.text.TextStim'>, alignHoriz=method-wrapper(...), alignText='center', alignVert=method-wrapper(...), anchorHoriz='center', anchorVert='center', antialias=True, autoDraw=False, autoLog=True, bold=False, color=array([1., 1., 1.]), colorSpace='rgb', contrast=1.0, depth=0.0, draggable=False, flipHoriz=False, flipVert=False, font='Arial', fontFiles=[], height=0.05, italic=False, languageStyle='LTR', name='main_body_questionnaire', opacity=1, ori=0.0, pos=array([0. , 0.3]), rgb=UNKNOWN, text='During the MRI my thoughts:', units='height', win=Window(...), wrapWidth=1)
15.7026 	EXP 	Created item_text = TextStim(__class__=<class 'psychopy.visual.text.TextStim'>, alignHoriz=method-wrapper(...), alignText='center', alignVert=method-wrapper(...), anchorHoriz='center', anchorVert='center', antialias=True, autoDraw=False, autoLog=True, bold=False, color=array([1., 1., 1.]), colorSpace='rgb', contrast=1.0, depth=-1.0, draggable=False, flipHoriz=False, flipVert=False, font='Arial', fontFiles=[], height=0.05, italic=False, languageStyle='LTR', name='item_text', opacity=1, ori=0.0, pos=array([0. , 0.1]), rgb=UNKNOWN, text='', units='height', win=Window(...), wrapWidth=1)
15.7254 	DEBUG 	TextBox2 loaded 1 chars with 0 blanks and 1 valid
15.7258 	DEBUG 	TextBox2 loaded 1 chars with 0 blanks and 1 valid
15.7261 	DEBUG 	TextBox2 loaded 1 chars with 0 blanks and 1 valid
15.7264 	DEBUG 	TextBox2 loaded 1 chars with 0 blanks and 1 valid
15.7265 	DEBUG 	Uploading Texture Font fontname to graphics card
15.7282 	DEBUG 	Upload of Texture Font fontname complete
15.7471 	DEBUG 	TextBox2 loaded 1 chars with 0 blanks and 1 valid
15.7472 	DEBUG 	Uploading Texture Font fontname to graphics card
15.7486 	DEBUG 	Upload of Texture Font fontname complete
15.7670 	EXP 	Created slider_thinking_content = Slider(__class__=<class 'psychopy.visual.slider.Slider'>, autoDraw=False, autoLog=True, borderColor=None, color=None, colorSpace='rgb', depth=-2, fillColor=None, flip=False, font='Arial', granularity=1.0, labelColor=None, labelHeight=0.035, labelWrapWidth=None, labels=list(...), lineColor=None, markerColor=None, name='slider_thinking_content', opacity=None, ori=0.0, pos=array([ 0. , -0.1]), readOnly=False, self=UNKNOWN, size=array([1. , 0.1]), startValue=5, style='rating', styleTweaks=[], ticks=array([1, 2, 3, 4, 5, 6, 7, 8, 9]), units='height', win=Window(...))
15.7675 	EXP 	Created text_refresh = TextStim(__class__=<class 'psychopy.visual.text.TextStim'>, alignHoriz=method-wrapper(...), alignText='center', alignVert=method-wrapper(...), anchorHoriz='center', anchorVert='center', antialias=True, autoDraw=False, autoLog=True, bold=False, color=array([1., 1., 1.]), colorSpace='rgb', contrast=1.0, depth=0.0, draggable=False, flipHoriz=False, flipVert=False, font='Arial', fontFiles=[], height=0.05, italic=False, languageStyle='LTR', name='text_refresh', opacity=1, ori=0.0, pos=array([0., 0.]), rgb=UNKNOWN, text='', units='height', win=Window(...), wrapWidth=1)
15.7715 	EXP 	Created goodbye_text = TextStim(__class__=<class 'psychopy.visual.text.TextStim'>, alignHoriz=method-wrapper(...), alignText='center', alignVert=method-wrapper(...), anchorHoriz='center', anchorVert='center', antialias=True, autoDraw=False, autoLog=True, bold=False, color=array([1., 1., 1.]), colorSpace='rgb', contrast=1.0, depth=0.0, draggable=False, flipHoriz=False, flipVert=False, font='Arial', fontFiles=[], height=0.05, italic=False, languageStyle='LTR', name='goodbye_text', opacity=1, ori=0.0, pos=array([0., 0.]), rgb=UNKNOWN, text=str(...), units='height', win=Window(...), wrapWidth=1)
0.0069 	EXP 	slider_emotion: autoLog = True
0.0069 	EXP 	slider_emotion: styleTweaks = []
0.0069 	EXP 	slider_emotion: styleTweaks = []
0.0069 	EXP 	slider_emotion: styleTweaks = []
0.0069 	EXP 	slider_emotion: styleTweaks = []
0.0069 	EXP 	slider_emotion: contrast = 1.0
0.0069 	EXP 	slider_emotion: markerPos = 5
0.0069 	EXP 	slider_emotion: autoLog = True
0.0069 	EXP 	slider_emotion: autoLog = True
0.0069 	EXP 	slider_emotion: styleTweaks = []
0.0069 	EXP 	slider_emotion: styleTweaks = []
0.0069 	EXP 	slider_emotion: styleTweaks = []
0.0069 	EXP 	slider_emotion: styleTweaks = []
0.0069 	EXP 	slider_emotion: contrast = 1.0
0.0069 	EXP 	slider_emotion: markerPos = 5
0.0069 	EXP 	slider_emotion: autoLog = True
0.0069 	EXP 	slider_thinking_content: autoLog = True
0.0069 	EXP 	slider_thinking_content: styleTweaks = []
0.0069 	EXP 	slider_thinking_content: styleTweaks = []
0.0069 	EXP 	slider_thinking_content: styleTweaks = []
0.0069 	EXP 	slider_thinking_content: styleTweaks = []
0.0069 	EXP 	slider_thinking_content: contrast = 1.0
0.0069 	EXP 	slider_thinking_content: markerPos = 5
0.0069 	EXP 	slider_thinking_content: autoLog = True
0.0162 	INFO 	Keyboard events cleared
0.0160 	EXP 	text_welcome: autoDraw = True
2.7750 	WARNING 	t of last frame was 27.48ms (=1/36)
2.7939 	DATA 	Keypress: escape
2.7971 	WARNING 	t of last frame was 22.04ms (=1/45)
2.7993 	EXP 	resting_state_demo: status = STOPPED
2.8093 	EXP 	text_welcome: autoDraw = False
2.8104 	EXP 	resting_state_demo: status = STOPPED
2.8125 	INFO 	saved data to '/Users/Chenxiao/Documents/project_codes/RST_Chinese_beta/data/999_resting_state_demo_2025-06-11_15h26.51.507.csv'
2.8127 	INFO 	saved data to /Users/Chenxiao/Documents/project_codes/RST_Chinese_beta/data/999_resting_state_demo_2025-06-11_15h26.51.507.psydat
3.2556 	DEBUG 	Saving data for resting_state_demo ExperimentHandler
