10.7882 	WARNING 	Font Manager failed to load file /System/Library/PrivateFrameworks/FontServices.framework/Resources/Reserved/PingFangUI.ttc
12.4183 	DEBUG 	Fullscreen settings ignored as running in pilot mode.
12.4194 	INFO 	Loaded monitor calibration from ['2022_04_19 09:31']
12.4198 	WARNING 	This monitor has not been color-calibrated. Using default DKL conversion matrix.
12.5150 	WARNING 	This monitor has not been color-calibrated. Using default DKL conversion matrix.
12.5152 	WARNING 	This monitor has not been color-calibrated. Using default DKL conversion matrix.
12.5696 	EXP 	Created window1 = Window(allowGUI=False, allowStencil=False, autoLog=True, backendConf=UNKNOWN, backgroundFit=<method-wrapper '__getattribute__' of attributeSetter object at 0x17d0be890>, backgroundImage=<method-wrapper '__getattribute__' of attributeSetter object at 0x17d0be8f0>, bitsMode=UNKNOWN, blendMode='avg', bpc=(8, 8, 8), color=array([0, 0, 0]), colorSpace='dkl', depthBits=8, fullscr=True, gamma=None, gammaErrorPolicy='raise', infoMsg=UNKNOWN, lms=UNKNOWN, monitor=<psychopy.monitors.calibTools.Monitor object at 0x17d15c940>, multiSample=False, name='window1', numSamples=2, pos=[0.0, 0.0], screen=0, size=array([3840, 2160]), stencilBits=0, stereo=False, title='PsychoPy', units='pix', useFBO=True, useRetina=True, viewOri=0.0, viewPos=None, viewScale=None, waitBlanking=True, winType='pyglet')
12.5696 	EXP 	window1: backgroundImage = ''
12.5696 	EXP 	window1: backgroundFit = 'none'
12.5773 	DEBUG 	TextBox2 loaded 1 chars with 0 blanks and 1 valid
12.5783 	DEBUG 	TextBox2 loaded 1 chars with 0 blanks and 1 valid
12.5794 	DEBUG 	TextBox2 loaded 1 chars with 0 blanks and 1 valid
12.5809 	DEBUG 	TextBox2 loaded 1 chars with 0 blanks and 1 valid
12.5823 	DEBUG 	TextBox2 loaded 1 chars with 0 blanks and 1 valid
12.5828 	DEBUG 	TextBox2 loaded 1 chars with 0 blanks and 1 valid
12.5837 	DEBUG 	TextBox2 loaded 1 chars with 0 blanks and 1 valid
12.5852 	DEBUG 	TextBox2 loaded 1 chars with 0 blanks and 1 valid
12.5854 	DEBUG 	TextBox2 loaded 1 chars with 0 blanks and 1 valid
12.5855 	DEBUG 	TextBox2 loaded 1 chars with 0 blanks and 1 valid
12.5866 	DEBUG 	TextBox2 loaded 1 chars with 0 blanks and 1 valid
12.5875 	DEBUG 	TextBox2 loaded 1 chars with 0 blanks and 1 valid
12.5884 	DEBUG 	TextBox2 loaded 1 chars with 0 blanks and 1 valid
12.5894 	DEBUG 	TextBox2 loaded 1 chars with 0 blanks and 1 valid
12.5902 	DEBUG 	TextBox2 loaded 1 chars with 0 blanks and 1 valid
12.5913 	DEBUG 	TextBox2 loaded 1 chars with 0 blanks and 1 valid
12.5922 	DEBUG 	TextBox2 loaded 1 chars with 0 blanks and 1 valid
12.5925 	DEBUG 	TextBox2 loaded 1 chars with 0 blanks and 1 valid
12.5929 	DEBUG 	TextBox2 loaded 1 chars with 0 blanks and 1 valid
12.5944 	DEBUG 	TextBox2 loaded 1 chars with 0 blanks and 1 valid
12.5946 	DEBUG 	TextBox2 loaded 1 chars with 0 blanks and 1 valid
12.5948 	DEBUG 	Uploading Texture Font fontname to graphics card
12.5981 	DEBUG 	Upload of Texture Font fontname complete
12.6029 	DEBUG 	TextBox2 loaded 1 chars with 0 blanks and 1 valid
12.6044 	DEBUG 	TextBox2 loaded 1 chars with 0 blanks and 1 valid
12.6057 	DEBUG 	TextBox2 loaded 1 chars with 0 blanks and 1 valid
12.6058 	DEBUG 	Uploading Texture Font fontname to graphics card
12.6075 	DEBUG 	Upload of Texture Font fontname complete
12.6086 	EXP 	window1: Attempting to measure frame rate of screen (0) ...
12.6086 	EXP 	window1: recordFrameIntervals = False
12.7509 	EXP 	window1: recordFrameIntervals = True
13.6178 	WARNING 	Couldn't measure a consistent frame rate!
  - Is your graphics card set to sync to vertical blank?
  - Are you running other processes on your computer?

13.6294 	DEBUG 	TextBox2 loaded 1 chars with 0 blanks and 1 valid
13.6306 	DEBUG 	TextBox2 loaded 1 chars with 0 blanks and 1 valid
13.6328 	DEBUG 	TextBox2 loaded 1 chars with 0 blanks and 1 valid
13.6363 	DEBUG 	TextBox2 loaded 1 chars with 0 blanks and 1 valid
13.6388 	DEBUG 	TextBox2 loaded 1 chars with 0 blanks and 1 valid
13.6416 	DEBUG 	TextBox2 loaded 1 chars with 0 blanks and 1 valid
13.6423 	DEBUG 	TextBox2 loaded 1 chars with 0 blanks and 1 valid
13.6444 	DEBUG 	TextBox2 loaded 1 chars with 0 blanks and 1 valid
13.6467 	DEBUG 	TextBox2 loaded 1 chars with 0 blanks and 1 valid
13.6489 	DEBUG 	TextBox2 loaded 1 chars with 0 blanks and 1 valid
13.6491 	DEBUG 	Uploading Texture Font fontname to graphics card
13.6524 	DEBUG 	Upload of Texture Font fontname complete
15.8093 	INFO 	keyboard.Keyboard is using iohub backend.
15.8093 	INFO 	keyboard.Keyboard is using iohub backend.
15.8093 	INFO 	keyboard.Keyboard is using iohub backend.
15.8094 	INFO 	keyboard.Keyboard is using iohub backend.
15.8094 	INFO 	keyboard.Keyboard is using iohub backend.
15.8094 	EXP 	resting_state_demo: status = STARTED
15.8469 	EXP 	Created text_welcome = TextStim(__class__=<class 'psychopy.visual.text.TextStim'>, alignHoriz=method-wrapper(...), alignText='center', alignVert=method-wrapper(...), anchorHoriz='center', anchorVert='center', antialias=True, autoDraw=False, autoLog=True, bold=False, color=array([1., 1., 1.]), colorSpace='rgb', contrast=1.0, depth=0.0, draggable=False, flipHoriz=False, flipVert=False, font='Heiti SC', fontFiles=[], height=0.05, italic=False, languageStyle='LTR', name='text_welcome', opacity=1, ori=0.0, pos=array([0., 0.]), rgb=UNKNOWN, text=str(...), units='pix', win=Window(...), wrapWidth=1000.0)
15.8488 	EXP 	Created text_refresh = TextStim(__class__=<class 'psychopy.visual.text.TextStim'>, alignHoriz=method-wrapper(...), alignText='center', alignVert=method-wrapper(...), anchorHoriz='center', anchorVert='center', antialias=True, autoDraw=False, autoLog=True, bold=False, color=array([1., 1., 1.]), colorSpace='rgb', contrast=1.0, depth=0.0, draggable=False, flipHoriz=False, flipVert=False, font='Arial', fontFiles=[], height=0.05, italic=False, languageStyle='LTR', name='text_refresh', opacity=1, ori=0.0, pos=array([0., 0.]), rgb=UNKNOWN, text='', units='pix', win=Window(...), wrapWidth=500)
15.8550 	EXP 	Created rate_emotion_prompt = TextStim(__class__=<class 'psychopy.visual.text.TextStim'>, alignHoriz=method-wrapper(...), alignText='center', alignVert=method-wrapper(...), anchorHoriz='center', anchorVert='center', antialias=True, autoDraw=False, autoLog=True, bold=False, color=array([1., 1., 1.]), colorSpace='rgb', contrast=1.0, depth=0.0, draggable=False, flipHoriz=False, flipVert=False, font='Arial', fontFiles=[], height=0.05, italic=False, languageStyle='LTR', name='rate_emotion_prompt', opacity=1, ori=0.0, pos=array([0. , 0.2]), rgb=UNKNOWN, text=str(...), units='pix', win=Window(...), wrapWidth=500)
15.8687 	DEBUG 	TextBox2 loaded 1 chars with 0 blanks and 1 valid
15.8690 	DEBUG 	TextBox2 loaded 1 chars with 0 blanks and 1 valid
15.8692 	DEBUG 	TextBox2 loaded 1 chars with 0 blanks and 1 valid
15.8694 	DEBUG 	TextBox2 loaded 1 chars with 0 blanks and 1 valid
15.8696 	DEBUG 	TextBox2 loaded 1 chars with 0 blanks and 1 valid
15.8698 	DEBUG 	TextBox2 loaded 1 chars with 0 blanks and 1 valid
15.8700 	DEBUG 	TextBox2 loaded 1 chars with 0 blanks and 1 valid
15.8701 	DEBUG 	TextBox2 loaded 1 chars with 0 blanks and 1 valid
15.8703 	DEBUG 	TextBox2 loaded 1 chars with 0 blanks and 1 valid
15.8705 	DEBUG 	TextBox2 loaded 1 chars with 0 blanks and 1 valid
15.8707 	DEBUG 	TextBox2 loaded 1 chars with 0 blanks and 1 valid
15.8709 	DEBUG 	TextBox2 loaded 1 chars with 0 blanks and 1 valid
15.8712 	DEBUG 	Uploading Texture Font fontname to graphics card
15.8735 	DEBUG 	Upload of Texture Font fontname complete
15.8761 	DEBUG 	TextBox2 loaded 1 chars with 0 blanks and 1 valid
15.8764 	DEBUG 	TextBox2 loaded 1 chars with 0 blanks and 1 valid
15.8766 	DEBUG 	Uploading Texture Font fontname to graphics card
15.8781 	DEBUG 	Upload of Texture Font fontname complete
15.8942 	DEBUG 	TextBox2 loaded 1 chars with 0 blanks and 1 valid
15.8945 	DEBUG 	TextBox2 loaded 1 chars with 0 blanks and 1 valid
15.8946 	DEBUG 	Uploading Texture Font fontname to graphics card
15.8961 	DEBUG 	Upload of Texture Font fontname complete
15.9410 	EXP 	Created slider_emotion = Slider(__class__=<class 'psychopy.visual.slider.Slider'>, autoDraw=False, autoLog=True, borderColor=None, color=None, colorSpace='rgb', depth=-1, fillColor=None, flip=False, font='Arial', granularity=1.0, labelColor=None, labelHeight=0.035, labelWrapWidth=None, labels=list(...), lineColor=None, markerColor=None, name='slider_emotion', opacity=None, ori=0.0, pos=array([ 0. , -0.1]), readOnly=False, self=UNKNOWN, size=array([1. , 0.1]), startValue=5, style='rating', styleTweaks=[], ticks=array([1, 2, 3, 4, 5, 6, 7, 8, 9]), units='pix', win=Window(...))
15.9415 	EXP 	Created text_refresh = TextStim(__class__=<class 'psychopy.visual.text.TextStim'>, alignHoriz=method-wrapper(...), alignText='center', alignVert=method-wrapper(...), anchorHoriz='center', anchorVert='center', antialias=True, autoDraw=False, autoLog=True, bold=False, color=array([1., 1., 1.]), colorSpace='rgb', contrast=1.0, depth=0.0, draggable=False, flipHoriz=False, flipVert=False, font='Arial', fontFiles=[], height=0.05, italic=False, languageStyle='LTR', name='text_refresh', opacity=1, ori=0.0, pos=array([0., 0.]), rgb=UNKNOWN, text='', units='pix', win=Window(...), wrapWidth=500)
15.9434 	EXP 	Created wait4trigger_text = TextStim(__class__=<class 'psychopy.visual.text.TextStim'>, alignHoriz=method-wrapper(...), alignText='center', alignVert=method-wrapper(...), anchorHoriz='center', anchorVert='center', antialias=True, autoDraw=False, autoLog=True, bold=False, color=array([1., 1., 1.]), colorSpace='rgb', contrast=1.0, depth=0.0, draggable=False, flipHoriz=False, flipVert=False, font='Arial', fontFiles=[], height=0.05, italic=False, languageStyle='LTR', name='wait4trigger_text', opacity=1, ori=0.0, pos=array([0., 0.]), rgb=UNKNOWN, text='Please wait for the scan to start.', units='pix', win=Window(...), wrapWidth=500)
15.9459 	EXP 	Created fake_stimulus_text = TextStim(__class__=<class 'psychopy.visual.text.TextStim'>, alignHoriz=method-wrapper(...), alignText='center', alignVert=method-wrapper(...), anchorHoriz='center', anchorVert='center', antialias=True, autoDraw=False, autoLog=True, bold=False, color=array([1., 1., 1.]), colorSpace='rgb', contrast=1.0, depth=0.0, draggable=False, flipHoriz=False, flipVert=False, font='Arial', fontFiles=[], height=0.05, italic=False, languageStyle='LTR', name='fake_stimulus_text', opacity=1, ori=0.0, pos=array([0., 0.]), rgb=UNKNOWN, text='Please wait for the scan to start.', units='pix', win=Window(...), wrapWidth=500)
15.9469 	EXP 	Created fixation = TextStim(__class__=<class 'psychopy.visual.text.TextStim'>, alignHoriz=method-wrapper(...), alignText='center', alignVert=method-wrapper(...), anchorHoriz='center', anchorVert='center', antialias=True, autoDraw=False, autoLog=True, bold=False, color=array([1., 1., 1.]), colorSpace='rgb', contrast=1.0, depth=0.0, draggable=False, flipHoriz=False, flipVert=False, font='Arial', fontFiles=[], height=0.4, italic=False, languageStyle='LTR', name='fixation', opacity=1, ori=0.0, pos=array([0., 0.]), rgb=UNKNOWN, text='+', units='pix', win=Window(...), wrapWidth=500)
15.9473 	EXP 	Created text_refresh = TextStim(__class__=<class 'psychopy.visual.text.TextStim'>, alignHoriz=method-wrapper(...), alignText='center', alignVert=method-wrapper(...), anchorHoriz='center', anchorVert='center', antialias=True, autoDraw=False, autoLog=True, bold=False, color=array([1., 1., 1.]), colorSpace='rgb', contrast=1.0, depth=0.0, draggable=False, flipHoriz=False, flipVert=False, font='Arial', fontFiles=[], height=0.05, italic=False, languageStyle='LTR', name='text_refresh', opacity=1, ori=0.0, pos=array([0., 0.]), rgb=UNKNOWN, text='', units='pix', win=Window(...), wrapWidth=500)
15.9488 	EXP 	Created rate_emotion_prompt = TextStim(__class__=<class 'psychopy.visual.text.TextStim'>, alignHoriz=method-wrapper(...), alignText='center', alignVert=method-wrapper(...), anchorHoriz='center', anchorVert='center', antialias=True, autoDraw=False, autoLog=True, bold=False, color=array([1., 1., 1.]), colorSpace='rgb', contrast=1.0, depth=0.0, draggable=False, flipHoriz=False, flipVert=False, font='Arial', fontFiles=[], height=0.05, italic=False, languageStyle='LTR', name='rate_emotion_prompt', opacity=1, ori=0.0, pos=array([0. , 0.2]), rgb=UNKNOWN, text=str(...), units='pix', win=Window(...), wrapWidth=500)
16.0146 	EXP 	Created slider_emotion = Slider(__class__=<class 'psychopy.visual.slider.Slider'>, autoDraw=False, autoLog=True, borderColor=None, color=None, colorSpace='rgb', depth=-1, fillColor=None, flip=False, font='Arial', granularity=1.0, labelColor=None, labelHeight=0.035, labelWrapWidth=None, labels=list(...), lineColor=None, markerColor=None, name='slider_emotion', opacity=None, ori=0.0, pos=array([ 0. , -0.1]), readOnly=False, self=UNKNOWN, size=array([1. , 0.1]), startValue=5, style='rating', styleTweaks=[], ticks=array([1, 2, 3, 4, 5, 6, 7, 8, 9]), units='pix', win=Window(...))
16.0152 	EXP 	Created text_refresh = TextStim(__class__=<class 'psychopy.visual.text.TextStim'>, alignHoriz=method-wrapper(...), alignText='center', alignVert=method-wrapper(...), anchorHoriz='center', anchorVert='center', antialias=True, autoDraw=False, autoLog=True, bold=False, color=array([1., 1., 1.]), colorSpace='rgb', contrast=1.0, depth=0.0, draggable=False, flipHoriz=False, flipVert=False, font='Arial', fontFiles=[], height=0.05, italic=False, languageStyle='LTR', name='text_refresh', opacity=1, ori=0.0, pos=array([0., 0.]), rgb=UNKNOWN, text='', units='pix', win=Window(...), wrapWidth=500)
16.0175 	EXP 	Created main_body_questionnaire = TextStim(__class__=<class 'psychopy.visual.text.TextStim'>, alignHoriz=method-wrapper(...), alignText='center', alignVert=method-wrapper(...), anchorHoriz='center', anchorVert='center', antialias=True, autoDraw=False, autoLog=True, bold=False, color=array([1., 1., 1.]), colorSpace='rgb', contrast=1.0, depth=0.0, draggable=False, flipHoriz=False, flipVert=False, font='Arial', fontFiles=[], height=0.05, italic=False, languageStyle='LTR', name='main_body_questionnaire', opacity=1, ori=0.0, pos=array([0. , 0.3]), rgb=UNKNOWN, text='During the MRI my thoughts:', units='pix', win=Window(...), wrapWidth=500)
16.0179 	EXP 	Created item_text = TextStim(__class__=<class 'psychopy.visual.text.TextStim'>, alignHoriz=method-wrapper(...), alignText='center', alignVert=method-wrapper(...), anchorHoriz='center', anchorVert='center', antialias=True, autoDraw=False, autoLog=True, bold=False, color=array([1., 1., 1.]), colorSpace='rgb', contrast=1.0, depth=-1.0, draggable=False, flipHoriz=False, flipVert=False, font='Arial', fontFiles=[], height=0.05, italic=False, languageStyle='LTR', name='item_text', opacity=1, ori=0.0, pos=array([0. , 0.1]), rgb=UNKNOWN, text='', units='pix', win=Window(...), wrapWidth=500)
16.0401 	DEBUG 	TextBox2 loaded 1 chars with 0 blanks and 1 valid
16.0404 	DEBUG 	TextBox2 loaded 1 chars with 0 blanks and 1 valid
16.0406 	DEBUG 	TextBox2 loaded 1 chars with 0 blanks and 1 valid
16.0409 	DEBUG 	TextBox2 loaded 1 chars with 0 blanks and 1 valid
16.0411 	DEBUG 	Uploading Texture Font fontname to graphics card
16.0426 	DEBUG 	Upload of Texture Font fontname complete
16.0611 	DEBUG 	TextBox2 loaded 1 chars with 0 blanks and 1 valid
16.0613 	DEBUG 	Uploading Texture Font fontname to graphics card
16.0629 	DEBUG 	Upload of Texture Font fontname complete
16.0873 	EXP 	Created slider_thinking_content = Slider(__class__=<class 'psychopy.visual.slider.Slider'>, autoDraw=False, autoLog=True, borderColor=None, color=None, colorSpace='rgb', depth=-2, fillColor=None, flip=False, font='Arial', granularity=1.0, labelColor=None, labelHeight=0.035, labelWrapWidth=None, labels=list(...), lineColor=None, markerColor=None, name='slider_thinking_content', opacity=None, ori=0.0, pos=array([ 0. , -0.1]), readOnly=False, self=UNKNOWN, size=array([1. , 0.1]), startValue=5, style='rating', styleTweaks=[], ticks=array([1, 2, 3, 4, 5, 6, 7, 8, 9]), units='pix', win=Window(...))
16.0878 	EXP 	Created text_refresh = TextStim(__class__=<class 'psychopy.visual.text.TextStim'>, alignHoriz=method-wrapper(...), alignText='center', alignVert=method-wrapper(...), anchorHoriz='center', anchorVert='center', antialias=True, autoDraw=False, autoLog=True, bold=False, color=array([1., 1., 1.]), colorSpace='rgb', contrast=1.0, depth=0.0, draggable=False, flipHoriz=False, flipVert=False, font='Arial', fontFiles=[], height=0.05, italic=False, languageStyle='LTR', name='text_refresh', opacity=1, ori=0.0, pos=array([0., 0.]), rgb=UNKNOWN, text='', units='pix', win=Window(...), wrapWidth=500)
16.0915 	EXP 	Created goodbye_text = TextStim(__class__=<class 'psychopy.visual.text.TextStim'>, alignHoriz=method-wrapper(...), alignText='center', alignVert=method-wrapper(...), anchorHoriz='center', anchorVert='center', antialias=True, autoDraw=False, autoLog=True, bold=False, color=array([1., 1., 1.]), colorSpace='rgb', contrast=1.0, depth=0.0, draggable=False, flipHoriz=False, flipVert=False, font='Arial', fontFiles=[], height=0.05, italic=False, languageStyle='LTR', name='goodbye_text', opacity=1, ori=0.0, pos=array([0., 0.]), rgb=UNKNOWN, text=str(...), units='pix', win=Window(...), wrapWidth=500)
0.0130 	EXP 	slider_emotion: autoLog = True
0.0130 	EXP 	slider_emotion: styleTweaks = []
0.0130 	EXP 	slider_emotion: styleTweaks = []
0.0130 	EXP 	slider_emotion: styleTweaks = []
0.0130 	EXP 	slider_emotion: styleTweaks = []
0.0130 	EXP 	slider_emotion: contrast = 1.0
0.0130 	EXP 	slider_emotion: markerPos = 5
0.0130 	EXP 	slider_emotion: autoLog = True
0.0130 	EXP 	slider_emotion: autoLog = True
0.0130 	EXP 	slider_emotion: styleTweaks = []
0.0130 	EXP 	slider_emotion: styleTweaks = []
0.0130 	EXP 	slider_emotion: styleTweaks = []
0.0130 	EXP 	slider_emotion: styleTweaks = []
0.0130 	EXP 	slider_emotion: contrast = 1.0
0.0130 	EXP 	slider_emotion: markerPos = 5
0.0130 	EXP 	slider_emotion: autoLog = True
0.0130 	EXP 	slider_thinking_content: autoLog = True
0.0130 	EXP 	slider_thinking_content: styleTweaks = []
0.0130 	EXP 	slider_thinking_content: styleTweaks = []
0.0130 	EXP 	slider_thinking_content: styleTweaks = []
0.0130 	EXP 	slider_thinking_content: styleTweaks = []
0.0130 	EXP 	slider_thinking_content: contrast = 1.0
0.0130 	EXP 	slider_thinking_content: markerPos = 5
0.0130 	EXP 	slider_thinking_content: autoLog = True
0.0250 	INFO 	Keyboard events cleared
0.0247 	EXP 	text_welcome: autoDraw = True
9.5322 	WARNING 	t of last frame was 88.78ms (=1/11)
9.8350 	DATA 	Keypress: escape
9.8595 	WARNING 	t of last frame was 20.29ms (=1/49)
9.8781 	EXP 	resting_state_demo: status = STOPPED
9.8823 	EXP 	text_welcome: autoDraw = False
9.8836 	EXP 	resting_state_demo: status = STOPPED
9.8850 	INFO 	saved data to '/Users/Chenxiao/Documents/project_codes/RST_Chinese_beta/data/999_resting_state_demo_2025-06-10_17h03.00.002.csv'
9.8852 	INFO 	saved data to /Users/Chenxiao/Documents/project_codes/RST_Chinese_beta/data/999_resting_state_demo_2025-06-10_17h03.00.002.psydat
10.2647 	DEBUG 	Saving data for resting_state_demo ExperimentHandler
