10.5641 	WARNING 	Font Manager failed to load file /System/Library/PrivateFrameworks/FontServices.framework/Resources/Reserved/PingFangUI.ttc
12.1167 	DEBUG 	Fullscreen settings ignored as running in pilot mode.
12.1175 	INFO 	Loaded monitor calibration from ['2022_04_19 09:31']
12.1177 	WARNING 	This monitor has not been color-calibrated. Using default DKL conversion matrix.
12.2044 	WARNING 	This monitor has not been color-calibrated. Using default DKL conversion matrix.
12.2045 	WARNING 	This monitor has not been color-calibrated. Using default DKL conversion matrix.
12.2606 	EXP 	Created window1 = Window(allowGUI=False, allowStencil=False, autoLog=True, backendConf=UNKNOWN, backgroundFit=<method-wrapper '__getattribute__' of attributeSetter object at 0x180923d60>, backgroundImage=<method-wrapper '__getattribute__' of attributeSetter object at 0x180923d00>, bitsMode=UNKNOWN, blendMode='avg', bpc=(8, 8, 8), color=array([0, 0, 0]), colorSpace='dkl', depthBits=8, fullscr=False, gamma=None, gammaErrorPolicy='raise', infoMsg=UNKNOWN, lms=UNKNOWN, monitor=<psychopy.monitors.calibTools.Monitor object at 0x1809cc730>, multiSample=False, name='window1', numSamples=2, pos=[560.0, 240.0], screen=0, size=array([1600, 1200]), stencilBits=0, stereo=False, title='PsychoPy', units='height', useFBO=True, useRetina=True, viewOri=0.0, viewPos=None, viewScale=None, waitBlanking=True, winType='pyglet')
12.2607 	EXP 	window1: backgroundImage = ''
12.2607 	EXP 	window1: backgroundFit = 'none'
12.2671 	DEBUG 	TextBox2 loaded 1 chars with 0 blanks and 1 valid
12.2675 	DEBUG 	TextBox2 loaded 1 chars with 0 blanks and 1 valid
12.2679 	DEBUG 	TextBox2 loaded 1 chars with 0 blanks and 1 valid
12.2685 	DEBUG 	TextBox2 loaded 1 chars with 0 blanks and 1 valid
12.2689 	DEBUG 	TextBox2 loaded 1 chars with 0 blanks and 1 valid
12.2692 	DEBUG 	TextBox2 loaded 1 chars with 0 blanks and 1 valid
12.2695 	DEBUG 	TextBox2 loaded 1 chars with 0 blanks and 1 valid
12.2701 	DEBUG 	TextBox2 loaded 1 chars with 0 blanks and 1 valid
12.2702 	DEBUG 	TextBox2 loaded 1 chars with 0 blanks and 1 valid
12.2704 	DEBUG 	TextBox2 loaded 1 chars with 0 blanks and 1 valid
12.2707 	DEBUG 	TextBox2 loaded 1 chars with 0 blanks and 1 valid
12.2712 	DEBUG 	TextBox2 loaded 1 chars with 0 blanks and 1 valid
12.2715 	DEBUG 	TextBox2 loaded 1 chars with 0 blanks and 1 valid
12.2719 	DEBUG 	TextBox2 loaded 1 chars with 0 blanks and 1 valid
12.2723 	DEBUG 	TextBox2 loaded 1 chars with 0 blanks and 1 valid
12.2726 	DEBUG 	TextBox2 loaded 1 chars with 0 blanks and 1 valid
12.2731 	DEBUG 	TextBox2 loaded 1 chars with 0 blanks and 1 valid
12.2733 	DEBUG 	TextBox2 loaded 1 chars with 0 blanks and 1 valid
12.2735 	DEBUG 	TextBox2 loaded 1 chars with 0 blanks and 1 valid
12.2740 	DEBUG 	TextBox2 loaded 1 chars with 0 blanks and 1 valid
12.2743 	DEBUG 	TextBox2 loaded 1 chars with 0 blanks and 1 valid
12.2744 	DEBUG 	Uploading Texture Font fontname to graphics card
12.2775 	DEBUG 	Upload of Texture Font fontname complete
12.2818 	DEBUG 	TextBox2 loaded 1 chars with 0 blanks and 1 valid
12.2826 	DEBUG 	TextBox2 loaded 1 chars with 0 blanks and 1 valid
12.2835 	DEBUG 	TextBox2 loaded 1 chars with 0 blanks and 1 valid
12.2836 	DEBUG 	Uploading Texture Font fontname to graphics card
12.2853 	DEBUG 	Upload of Texture Font fontname complete
12.2864 	EXP 	window1: Attempting to measure frame rate of screen (0) ...
12.2864 	EXP 	window1: recordFrameIntervals = False
12.4067 	EXP 	window1: recordFrameIntervals = True
13.3105 	WARNING 	Couldn't measure a consistent frame rate!
  - Is your graphics card set to sync to vertical blank?
  - Are you running other processes on your computer?

13.3184 	DEBUG 	TextBox2 loaded 1 chars with 0 blanks and 1 valid
13.3189 	DEBUG 	TextBox2 loaded 1 chars with 0 blanks and 1 valid
13.3198 	DEBUG 	TextBox2 loaded 1 chars with 0 blanks and 1 valid
13.3209 	DEBUG 	TextBox2 loaded 1 chars with 0 blanks and 1 valid
13.3218 	DEBUG 	TextBox2 loaded 1 chars with 0 blanks and 1 valid
13.3227 	DEBUG 	TextBox2 loaded 1 chars with 0 blanks and 1 valid
13.3231 	DEBUG 	TextBox2 loaded 1 chars with 0 blanks and 1 valid
13.3240 	DEBUG 	TextBox2 loaded 1 chars with 0 blanks and 1 valid
13.3249 	DEBUG 	TextBox2 loaded 1 chars with 0 blanks and 1 valid
13.3257 	DEBUG 	TextBox2 loaded 1 chars with 0 blanks and 1 valid
13.3259 	DEBUG 	Uploading Texture Font fontname to graphics card
13.3288 	DEBUG 	Upload of Texture Font fontname complete
13.3432 	WARNING 	launchHubServer: If using the iohub mouse or eyetracker devices, fullScr should be True.
15.2404 	INFO 	keyboard.Keyboard is using iohub backend.
15.2404 	INFO 	keyboard.Keyboard is using iohub backend.
15.2404 	INFO 	keyboard.Keyboard is using iohub backend.
15.2405 	INFO 	keyboard.Keyboard is using iohub backend.
15.2405 	INFO 	keyboard.Keyboard is using iohub backend.
15.2405 	EXP 	resting_state_demo: status = STARTED
15.2782 	EXP 	Created text_welcome = TextStim(__class__=<class 'psychopy.visual.text.TextStim'>, alignHoriz=method-wrapper(...), alignText='center', alignVert=method-wrapper(...), anchorHoriz='center', anchorVert='center', antialias=True, autoDraw=False, autoLog=True, bold=False, color=array([1., 1., 1.]), colorSpace='rgb', contrast=1.0, depth=0.0, draggable=False, flipHoriz=False, flipVert=False, font='Heiti SC', fontFiles=[], height=0.06, italic=False, languageStyle='LTR', name='text_welcome', opacity=1, ori=0.0, pos=array([-0.45,  0.  ]), rgb=UNKNOWN, text=str(...), units='height', win=Window(...), wrapWidth=0.2)
15.2801 	EXP 	Created text_refresh = TextStim(__class__=<class 'psychopy.visual.text.TextStim'>, alignHoriz=method-wrapper(...), alignText='center', alignVert=method-wrapper(...), anchorHoriz='center', anchorVert='center', antialias=True, autoDraw=False, autoLog=True, bold=False, color=array([1., 1., 1.]), colorSpace='rgb', contrast=1.0, depth=0.0, draggable=False, flipHoriz=False, flipVert=False, font='Arial', fontFiles=[], height=0.05, italic=False, languageStyle='LTR', name='text_refresh', opacity=1, ori=0.0, pos=array([0., 0.]), rgb=UNKNOWN, text='', units='height', win=Window(...), wrapWidth=1)
15.2865 	EXP 	Created rate_emotion_prompt = TextStim(__class__=<class 'psychopy.visual.text.TextStim'>, alignHoriz=method-wrapper(...), alignText='center', alignVert=method-wrapper(...), anchorHoriz='center', anchorVert='center', antialias=True, autoDraw=False, autoLog=True, bold=False, color=array([1., 1., 1.]), colorSpace='rgb', contrast=1.0, depth=0.0, draggable=False, flipHoriz=False, flipVert=False, font='Arial', fontFiles=[], height=0.05, italic=False, languageStyle='LTR', name='rate_emotion_prompt', opacity=1, ori=0.0, pos=array([0. , 0.2]), rgb=UNKNOWN, text=str(...), units='height', win=Window(...), wrapWidth=1)
15.3000 	DEBUG 	TextBox2 loaded 1 chars with 0 blanks and 1 valid
15.3004 	DEBUG 	TextBox2 loaded 1 chars with 0 blanks and 1 valid
15.3007 	DEBUG 	TextBox2 loaded 1 chars with 0 blanks and 1 valid
15.3010 	DEBUG 	TextBox2 loaded 1 chars with 0 blanks and 1 valid
15.3012 	DEBUG 	TextBox2 loaded 1 chars with 0 blanks and 1 valid
15.3015 	DEBUG 	TextBox2 loaded 1 chars with 0 blanks and 1 valid
15.3018 	DEBUG 	TextBox2 loaded 1 chars with 0 blanks and 1 valid
15.3021 	DEBUG 	TextBox2 loaded 1 chars with 0 blanks and 1 valid
15.3023 	DEBUG 	TextBox2 loaded 1 chars with 0 blanks and 1 valid
15.3027 	DEBUG 	TextBox2 loaded 1 chars with 0 blanks and 1 valid
15.3030 	DEBUG 	TextBox2 loaded 1 chars with 0 blanks and 1 valid
15.3034 	DEBUG 	TextBox2 loaded 1 chars with 0 blanks and 1 valid
15.3035 	DEBUG 	Uploading Texture Font fontname to graphics card
15.3058 	DEBUG 	Upload of Texture Font fontname complete
15.3087 	DEBUG 	TextBox2 loaded 1 chars with 0 blanks and 1 valid
15.3090 	DEBUG 	TextBox2 loaded 1 chars with 0 blanks and 1 valid
15.3091 	DEBUG 	Uploading Texture Font fontname to graphics card
15.3105 	DEBUG 	Upload of Texture Font fontname complete
15.3271 	DEBUG 	TextBox2 loaded 1 chars with 0 blanks and 1 valid
15.3274 	DEBUG 	TextBox2 loaded 1 chars with 0 blanks and 1 valid
15.3274 	DEBUG 	Uploading Texture Font fontname to graphics card
15.3289 	DEBUG 	Upload of Texture Font fontname complete
15.3680 	EXP 	Created slider_emotion = Slider(__class__=<class 'psychopy.visual.slider.Slider'>, autoDraw=False, autoLog=True, borderColor=None, color=None, colorSpace='rgb', depth=-1, fillColor=None, flip=False, font='Arial', granularity=1.0, labelColor=None, labelHeight=0.035, labelWrapWidth=None, labels=list(...), lineColor=None, markerColor=None, name='slider_emotion', opacity=None, ori=0.0, pos=array([ 0. , -0.1]), readOnly=False, self=UNKNOWN, size=array([1. , 0.1]), startValue=5, style='rating', styleTweaks=[], ticks=array([1, 2, 3, 4, 5, 6, 7, 8, 9]), units='height', win=Window(...))
15.3691 	EXP 	Created text_refresh = TextStim(__class__=<class 'psychopy.visual.text.TextStim'>, alignHoriz=method-wrapper(...), alignText='center', alignVert=method-wrapper(...), anchorHoriz='center', anchorVert='center', antialias=True, autoDraw=False, autoLog=True, bold=False, color=array([1., 1., 1.]), colorSpace='rgb', contrast=1.0, depth=0.0, draggable=False, flipHoriz=False, flipVert=False, font='Arial', fontFiles=[], height=0.05, italic=False, languageStyle='LTR', name='text_refresh', opacity=1, ori=0.0, pos=array([0., 0.]), rgb=UNKNOWN, text='', units='height', win=Window(...), wrapWidth=1)
15.3711 	EXP 	Created wait4trigger_text = TextStim(__class__=<class 'psychopy.visual.text.TextStim'>, alignHoriz=method-wrapper(...), alignText='center', alignVert=method-wrapper(...), anchorHoriz='center', anchorVert='center', antialias=True, autoDraw=False, autoLog=True, bold=False, color=array([1., 1., 1.]), colorSpace='rgb', contrast=1.0, depth=0.0, draggable=False, flipHoriz=False, flipVert=False, font='Arial', fontFiles=[], height=0.05, italic=False, languageStyle='LTR', name='wait4trigger_text', opacity=1, ori=0.0, pos=array([0., 0.]), rgb=UNKNOWN, text='Please wait for the scan to start.', units='height', win=Window(...), wrapWidth=1)
15.3724 	EXP 	Created fake_stimulus_text = TextStim(__class__=<class 'psychopy.visual.text.TextStim'>, alignHoriz=method-wrapper(...), alignText='center', alignVert=method-wrapper(...), anchorHoriz='center', anchorVert='center', antialias=True, autoDraw=False, autoLog=True, bold=False, color=array([1., 1., 1.]), colorSpace='rgb', contrast=1.0, depth=0.0, draggable=False, flipHoriz=False, flipVert=False, font='Arial', fontFiles=[], height=0.05, italic=False, languageStyle='LTR', name='fake_stimulus_text', opacity=1, ori=0.0, pos=array([0., 0.]), rgb=UNKNOWN, text='Please wait for the scan to start.', units='height', win=Window(...), wrapWidth=1)
15.3740 	EXP 	Created fixation = TextStim(__class__=<class 'psychopy.visual.text.TextStim'>, alignHoriz=method-wrapper(...), alignText='center', alignVert=method-wrapper(...), anchorHoriz='center', anchorVert='center', antialias=True, autoDraw=False, autoLog=True, bold=False, color=array([1., 1., 1.]), colorSpace='rgb', contrast=1.0, depth=0.0, draggable=False, flipHoriz=False, flipVert=False, font='Arial', fontFiles=[], height=0.4, italic=False, languageStyle='LTR', name='fixation', opacity=1, ori=0.0, pos=array([0., 0.]), rgb=UNKNOWN, text='+', units='height', win=Window(...), wrapWidth=1)
15.3745 	EXP 	Created text_refresh = TextStim(__class__=<class 'psychopy.visual.text.TextStim'>, alignHoriz=method-wrapper(...), alignText='center', alignVert=method-wrapper(...), anchorHoriz='center', anchorVert='center', antialias=True, autoDraw=False, autoLog=True, bold=False, color=array([1., 1., 1.]), colorSpace='rgb', contrast=1.0, depth=0.0, draggable=False, flipHoriz=False, flipVert=False, font='Arial', fontFiles=[], height=0.05, italic=False, languageStyle='LTR', name='text_refresh', opacity=1, ori=0.0, pos=array([0., 0.]), rgb=UNKNOWN, text='', units='height', win=Window(...), wrapWidth=1)
15.3774 	EXP 	Created rate_emotion_prompt = TextStim(__class__=<class 'psychopy.visual.text.TextStim'>, alignHoriz=method-wrapper(...), alignText='center', alignVert=method-wrapper(...), anchorHoriz='center', anchorVert='center', antialias=True, autoDraw=False, autoLog=True, bold=False, color=array([1., 1., 1.]), colorSpace='rgb', contrast=1.0, depth=0.0, draggable=False, flipHoriz=False, flipVert=False, font='Arial', fontFiles=[], height=0.05, italic=False, languageStyle='LTR', name='rate_emotion_prompt', opacity=1, ori=0.0, pos=array([0. , 0.2]), rgb=UNKNOWN, text=str(...), units='height', win=Window(...), wrapWidth=1)
15.4384 	EXP 	Created slider_emotion = Slider(__class__=<class 'psychopy.visual.slider.Slider'>, autoDraw=False, autoLog=True, borderColor=None, color=None, colorSpace='rgb', depth=-1, fillColor=None, flip=False, font='Arial', granularity=1.0, labelColor=None, labelHeight=0.035, labelWrapWidth=None, labels=list(...), lineColor=None, markerColor=None, name='slider_emotion', opacity=None, ori=0.0, pos=array([ 0. , -0.1]), readOnly=False, self=UNKNOWN, size=array([1. , 0.1]), startValue=5, style='rating', styleTweaks=[], ticks=array([1, 2, 3, 4, 5, 6, 7, 8, 9]), units='height', win=Window(...))
15.4390 	EXP 	Created text_refresh = TextStim(__class__=<class 'psychopy.visual.text.TextStim'>, alignHoriz=method-wrapper(...), alignText='center', alignVert=method-wrapper(...), anchorHoriz='center', anchorVert='center', antialias=True, autoDraw=False, autoLog=True, bold=False, color=array([1., 1., 1.]), colorSpace='rgb', contrast=1.0, depth=0.0, draggable=False, flipHoriz=False, flipVert=False, font='Arial', fontFiles=[], height=0.05, italic=False, languageStyle='LTR', name='text_refresh', opacity=1, ori=0.0, pos=array([0., 0.]), rgb=UNKNOWN, text='', units='height', win=Window(...), wrapWidth=1)
15.4414 	EXP 	Created main_body_questionnaire = TextStim(__class__=<class 'psychopy.visual.text.TextStim'>, alignHoriz=method-wrapper(...), alignText='center', alignVert=method-wrapper(...), anchorHoriz='center', anchorVert='center', antialias=True, autoDraw=False, autoLog=True, bold=False, color=array([1., 1., 1.]), colorSpace='rgb', contrast=1.0, depth=0.0, draggable=False, flipHoriz=False, flipVert=False, font='Arial', fontFiles=[], height=0.05, italic=False, languageStyle='LTR', name='main_body_questionnaire', opacity=1, ori=0.0, pos=array([0. , 0.3]), rgb=UNKNOWN, text='During the MRI my thoughts:', units='height', win=Window(...), wrapWidth=1)
15.4418 	EXP 	Created item_text = TextStim(__class__=<class 'psychopy.visual.text.TextStim'>, alignHoriz=method-wrapper(...), alignText='center', alignVert=method-wrapper(...), anchorHoriz='center', anchorVert='center', antialias=True, autoDraw=False, autoLog=True, bold=False, color=array([1., 1., 1.]), colorSpace='rgb', contrast=1.0, depth=-1.0, draggable=False, flipHoriz=False, flipVert=False, font='Arial', fontFiles=[], height=0.05, italic=False, languageStyle='LTR', name='item_text', opacity=1, ori=0.0, pos=array([0. , 0.1]), rgb=UNKNOWN, text='', units='height', win=Window(...), wrapWidth=1)
15.4647 	DEBUG 	TextBox2 loaded 1 chars with 0 blanks and 1 valid
15.4651 	DEBUG 	TextBox2 loaded 1 chars with 0 blanks and 1 valid
15.4656 	DEBUG 	TextBox2 loaded 1 chars with 0 blanks and 1 valid
15.4658 	DEBUG 	TextBox2 loaded 1 chars with 0 blanks and 1 valid
15.4660 	DEBUG 	Uploading Texture Font fontname to graphics card
15.4678 	DEBUG 	Upload of Texture Font fontname complete
15.4869 	DEBUG 	TextBox2 loaded 1 chars with 0 blanks and 1 valid
15.4870 	DEBUG 	Uploading Texture Font fontname to graphics card
15.4885 	DEBUG 	Upload of Texture Font fontname complete
15.5071 	EXP 	Created slider_thinking_content = Slider(__class__=<class 'psychopy.visual.slider.Slider'>, autoDraw=False, autoLog=True, borderColor=None, color=None, colorSpace='rgb', depth=-2, fillColor=None, flip=False, font='Arial', granularity=1.0, labelColor=None, labelHeight=0.035, labelWrapWidth=None, labels=list(...), lineColor=None, markerColor=None, name='slider_thinking_content', opacity=None, ori=0.0, pos=array([ 0. , -0.1]), readOnly=False, self=UNKNOWN, size=array([1. , 0.1]), startValue=5, style='rating', styleTweaks=[], ticks=array([1, 2, 3, 4, 5, 6, 7, 8, 9]), units='height', win=Window(...))
15.5076 	EXP 	Created text_refresh = TextStim(__class__=<class 'psychopy.visual.text.TextStim'>, alignHoriz=method-wrapper(...), alignText='center', alignVert=method-wrapper(...), anchorHoriz='center', anchorVert='center', antialias=True, autoDraw=False, autoLog=True, bold=False, color=array([1., 1., 1.]), colorSpace='rgb', contrast=1.0, depth=0.0, draggable=False, flipHoriz=False, flipVert=False, font='Arial', fontFiles=[], height=0.05, italic=False, languageStyle='LTR', name='text_refresh', opacity=1, ori=0.0, pos=array([0., 0.]), rgb=UNKNOWN, text='', units='height', win=Window(...), wrapWidth=1)
15.5114 	EXP 	Created goodbye_text = TextStim(__class__=<class 'psychopy.visual.text.TextStim'>, alignHoriz=method-wrapper(...), alignText='center', alignVert=method-wrapper(...), anchorHoriz='center', anchorVert='center', antialias=True, autoDraw=False, autoLog=True, bold=False, color=array([1., 1., 1.]), colorSpace='rgb', contrast=1.0, depth=0.0, draggable=False, flipHoriz=False, flipVert=False, font='Arial', fontFiles=[], height=0.05, italic=False, languageStyle='LTR', name='goodbye_text', opacity=1, ori=0.0, pos=array([0., 0.]), rgb=UNKNOWN, text=str(...), units='height', win=Window(...), wrapWidth=1)
0.0053 	EXP 	slider_emotion: autoLog = True
0.0053 	EXP 	slider_emotion: styleTweaks = []
0.0053 	EXP 	slider_emotion: styleTweaks = []
0.0053 	EXP 	slider_emotion: styleTweaks = []
0.0053 	EXP 	slider_emotion: styleTweaks = []
0.0053 	EXP 	slider_emotion: contrast = 1.0
0.0053 	EXP 	slider_emotion: markerPos = 5
0.0053 	EXP 	slider_emotion: autoLog = True
0.0053 	EXP 	slider_emotion: autoLog = True
0.0053 	EXP 	slider_emotion: styleTweaks = []
0.0053 	EXP 	slider_emotion: styleTweaks = []
0.0053 	EXP 	slider_emotion: styleTweaks = []
0.0053 	EXP 	slider_emotion: styleTweaks = []
0.0053 	EXP 	slider_emotion: contrast = 1.0
0.0053 	EXP 	slider_emotion: markerPos = 5
0.0053 	EXP 	slider_emotion: autoLog = True
0.0053 	EXP 	slider_thinking_content: autoLog = True
0.0053 	EXP 	slider_thinking_content: styleTweaks = []
0.0053 	EXP 	slider_thinking_content: styleTweaks = []
0.0053 	EXP 	slider_thinking_content: styleTweaks = []
0.0053 	EXP 	slider_thinking_content: styleTweaks = []
0.0053 	EXP 	slider_thinking_content: contrast = 1.0
0.0053 	EXP 	slider_thinking_content: markerPos = 5
0.0053 	EXP 	slider_thinking_content: autoLog = True
0.0181 	INFO 	Keyboard events cleared
0.0179 	EXP 	text_welcome: autoDraw = True
6.6344 	WARNING 	t of last frame was 21.56ms (=1/46)
6.6563 	DATA 	Keypress: escape
6.6594 	WARNING 	t of last frame was 24.97ms (=1/40)
6.6796 	WARNING 	t of last frame was 20.18ms (=1/49)
6.6815 	EXP 	resting_state_demo: status = STOPPED
6.6960 	EXP 	text_welcome: autoDraw = False
6.6972 	EXP 	resting_state_demo: status = STOPPED
6.6990 	INFO 	saved data to '/Users/Chenxiao/Documents/project_codes/RST_Chinese_beta/data/999_resting_state_demo_2025-06-11_15h31.45.151.csv'
6.6992 	INFO 	saved data to /Users/Chenxiao/Documents/project_codes/RST_Chinese_beta/data/999_resting_state_demo_2025-06-11_15h31.45.151.psydat
6.9182 	DEBUG 	Saving data for resting_state_demo ExperimentHandler
