10.5504 	WARNING 	Font Manager failed to load file /System/Library/PrivateFrameworks/FontServices.framework/Resources/Reserved/PingFangUI.ttc
12.0791 	DEBUG 	Fullscreen settings ignored as running in pilot mode.
12.0802 	INFO 	Loaded monitor calibration from ['2022_04_19 09:31']
12.0806 	WARNING 	This monitor has not been color-calibrated. Using default DKL conversion matrix.
12.1702 	WARNING 	This monitor has not been color-calibrated. Using default DKL conversion matrix.
12.1703 	WARNING 	This monitor has not been color-calibrated. Using default DKL conversion matrix.
12.2258 	EXP 	Created window1 = Window(allowGUI=False, allowStencil=False, autoLog=True, backendConf=UNKNOWN, backgroundFit=<method-wrapper '__getattribute__' of attributeSetter object at 0x17e7ac310>, backgroundImage=<method-wrapper '__getattribute__' of attributeSetter object at 0x17e7ac3d0>, bitsMode=UNKNOWN, blendMode='avg', bpc=(8, 8, 8), color=array([0, 0, 0]), colorSpace='dkl', depthBits=8, fullscr=False, gamma=None, gammaErrorPolicy='raise', infoMsg=UNKNOWN, lms=UNKNOWN, monitor=<psychopy.monitors.calibTools.Monitor object at 0x17e818af0>, multiSample=False, name='window1', numSamples=2, pos=[560.0, 240.0], screen=0, size=array([1600, 1200]), stencilBits=0, stereo=False, title='PsychoPy', units='height', useFBO=True, useRetina=True, viewOri=0.0, viewPos=None, viewScale=None, waitBlanking=True, winType='pyglet')
12.2258 	EXP 	window1: backgroundImage = ''
12.2259 	EXP 	window1: backgroundFit = 'none'
12.2322 	DEBUG 	TextBox2 loaded 1 chars with 0 blanks and 1 valid
12.2326 	DEBUG 	TextBox2 loaded 1 chars with 0 blanks and 1 valid
12.2330 	DEBUG 	TextBox2 loaded 1 chars with 0 blanks and 1 valid
12.2336 	DEBUG 	TextBox2 loaded 1 chars with 0 blanks and 1 valid
12.2340 	DEBUG 	TextBox2 loaded 1 chars with 0 blanks and 1 valid
12.2342 	DEBUG 	TextBox2 loaded 1 chars with 0 blanks and 1 valid
12.2346 	DEBUG 	TextBox2 loaded 1 chars with 0 blanks and 1 valid
12.2351 	DEBUG 	TextBox2 loaded 1 chars with 0 blanks and 1 valid
12.2352 	DEBUG 	TextBox2 loaded 1 chars with 0 blanks and 1 valid
12.2354 	DEBUG 	TextBox2 loaded 1 chars with 0 blanks and 1 valid
12.2357 	DEBUG 	TextBox2 loaded 1 chars with 0 blanks and 1 valid
12.2361 	DEBUG 	TextBox2 loaded 1 chars with 0 blanks and 1 valid
12.2365 	DEBUG 	TextBox2 loaded 1 chars with 0 blanks and 1 valid
12.2369 	DEBUG 	TextBox2 loaded 1 chars with 0 blanks and 1 valid
12.2372 	DEBUG 	TextBox2 loaded 1 chars with 0 blanks and 1 valid
12.2376 	DEBUG 	TextBox2 loaded 1 chars with 0 blanks and 1 valid
12.2380 	DEBUG 	TextBox2 loaded 1 chars with 0 blanks and 1 valid
12.2383 	DEBUG 	TextBox2 loaded 1 chars with 0 blanks and 1 valid
12.2385 	DEBUG 	TextBox2 loaded 1 chars with 0 blanks and 1 valid
12.2390 	DEBUG 	TextBox2 loaded 1 chars with 0 blanks and 1 valid
12.2393 	DEBUG 	TextBox2 loaded 1 chars with 0 blanks and 1 valid
12.2394 	DEBUG 	Uploading Texture Font fontname to graphics card
12.2426 	DEBUG 	Upload of Texture Font fontname complete
12.2466 	DEBUG 	TextBox2 loaded 1 chars with 0 blanks and 1 valid
12.2475 	DEBUG 	TextBox2 loaded 1 chars with 0 blanks and 1 valid
12.2483 	DEBUG 	TextBox2 loaded 1 chars with 0 blanks and 1 valid
12.2484 	DEBUG 	Uploading Texture Font fontname to graphics card
12.2499 	DEBUG 	Upload of Texture Font fontname complete
12.2510 	EXP 	window1: Attempting to measure frame rate of screen (0) ...
12.2510 	EXP 	window1: recordFrameIntervals = False
12.3715 	EXP 	window1: recordFrameIntervals = True
13.2384 	WARNING 	Couldn't measure a consistent frame rate!
  - Is your graphics card set to sync to vertical blank?
  - Are you running other processes on your computer?

13.2459 	DEBUG 	TextBox2 loaded 1 chars with 0 blanks and 1 valid
13.2464 	DEBUG 	TextBox2 loaded 1 chars with 0 blanks and 1 valid
13.2473 	DEBUG 	TextBox2 loaded 1 chars with 0 blanks and 1 valid
13.2485 	DEBUG 	TextBox2 loaded 1 chars with 0 blanks and 1 valid
13.2496 	DEBUG 	TextBox2 loaded 1 chars with 0 blanks and 1 valid
13.2507 	DEBUG 	TextBox2 loaded 1 chars with 0 blanks and 1 valid
13.2512 	DEBUG 	TextBox2 loaded 1 chars with 0 blanks and 1 valid
13.2520 	DEBUG 	TextBox2 loaded 1 chars with 0 blanks and 1 valid
13.2530 	DEBUG 	TextBox2 loaded 1 chars with 0 blanks and 1 valid
13.2539 	DEBUG 	TextBox2 loaded 1 chars with 0 blanks and 1 valid
13.2541 	DEBUG 	Uploading Texture Font fontname to graphics card
13.2571 	DEBUG 	Upload of Texture Font fontname complete
13.2717 	WARNING 	launchHubServer: If using the iohub mouse or eyetracker devices, fullScr should be True.
15.1684 	INFO 	keyboard.Keyboard is using iohub backend.
15.1685 	INFO 	keyboard.Keyboard is using iohub backend.
15.1685 	INFO 	keyboard.Keyboard is using iohub backend.
15.1685 	INFO 	keyboard.Keyboard is using iohub backend.
15.1685 	INFO 	keyboard.Keyboard is using iohub backend.
15.1686 	EXP 	resting_state_demo: status = STARTED
15.2088 	EXP 	Created text_welcome = TextStim(__class__=<class 'psychopy.visual.text.TextStim'>, alignHoriz=method-wrapper(...), alignText='center', alignVert=method-wrapper(...), anchorHoriz='center', anchorVert='center', antialias=True, autoDraw=False, autoLog=True, bold=False, color=array([1., 1., 1.]), colorSpace='rgb', contrast=1.0, depth=0.0, draggable=False, flipHoriz=False, flipVert=False, font='Heiti SC', fontFiles=[], height=0.1, italic=False, languageStyle='LTR', name='text_welcome', opacity=1, ori=0.0, pos=array([-1.,  0.]), rgb=UNKNOWN, text=str(...), units='height', win=Window(...), wrapWidth=1.0)
15.2108 	EXP 	Created text_refresh = TextStim(__class__=<class 'psychopy.visual.text.TextStim'>, alignHoriz=method-wrapper(...), alignText='center', alignVert=method-wrapper(...), anchorHoriz='center', anchorVert='center', antialias=True, autoDraw=False, autoLog=True, bold=False, color=array([1., 1., 1.]), colorSpace='rgb', contrast=1.0, depth=0.0, draggable=False, flipHoriz=False, flipVert=False, font='Arial', fontFiles=[], height=0.05, italic=False, languageStyle='LTR', name='text_refresh', opacity=1, ori=0.0, pos=array([0., 0.]), rgb=UNKNOWN, text='', units='height', win=Window(...), wrapWidth=1)
15.2173 	EXP 	Created rate_emotion_prompt = TextStim(__class__=<class 'psychopy.visual.text.TextStim'>, alignHoriz=method-wrapper(...), alignText='center', alignVert=method-wrapper(...), anchorHoriz='center', anchorVert='center', antialias=True, autoDraw=False, autoLog=True, bold=False, color=array([1., 1., 1.]), colorSpace='rgb', contrast=1.0, depth=0.0, draggable=False, flipHoriz=False, flipVert=False, font='Arial', fontFiles=[], height=0.05, italic=False, languageStyle='LTR', name='rate_emotion_prompt', opacity=1, ori=0.0, pos=array([0. , 0.2]), rgb=UNKNOWN, text=str(...), units='height', win=Window(...), wrapWidth=1)
15.2303 	DEBUG 	TextBox2 loaded 1 chars with 0 blanks and 1 valid
15.2307 	DEBUG 	TextBox2 loaded 1 chars with 0 blanks and 1 valid
15.2310 	DEBUG 	TextBox2 loaded 1 chars with 0 blanks and 1 valid
15.2314 	DEBUG 	TextBox2 loaded 1 chars with 0 blanks and 1 valid
15.2316 	DEBUG 	TextBox2 loaded 1 chars with 0 blanks and 1 valid
15.2318 	DEBUG 	TextBox2 loaded 1 chars with 0 blanks and 1 valid
15.2321 	DEBUG 	TextBox2 loaded 1 chars with 0 blanks and 1 valid
15.2324 	DEBUG 	TextBox2 loaded 1 chars with 0 blanks and 1 valid
15.2326 	DEBUG 	TextBox2 loaded 1 chars with 0 blanks and 1 valid
15.2330 	DEBUG 	TextBox2 loaded 1 chars with 0 blanks and 1 valid
15.2333 	DEBUG 	TextBox2 loaded 1 chars with 0 blanks and 1 valid
15.2337 	DEBUG 	TextBox2 loaded 1 chars with 0 blanks and 1 valid
15.2339 	DEBUG 	Uploading Texture Font fontname to graphics card
15.2370 	DEBUG 	Upload of Texture Font fontname complete
15.2400 	DEBUG 	TextBox2 loaded 1 chars with 0 blanks and 1 valid
15.2403 	DEBUG 	TextBox2 loaded 1 chars with 0 blanks and 1 valid
15.2404 	DEBUG 	Uploading Texture Font fontname to graphics card
15.2419 	DEBUG 	Upload of Texture Font fontname complete
15.2582 	DEBUG 	TextBox2 loaded 1 chars with 0 blanks and 1 valid
15.2585 	DEBUG 	TextBox2 loaded 1 chars with 0 blanks and 1 valid
15.2586 	DEBUG 	Uploading Texture Font fontname to graphics card
15.2601 	DEBUG 	Upload of Texture Font fontname complete
15.2981 	EXP 	Created slider_emotion = Slider(__class__=<class 'psychopy.visual.slider.Slider'>, autoDraw=False, autoLog=True, borderColor=None, color=None, colorSpace='rgb', depth=-1, fillColor=None, flip=False, font='Arial', granularity=1.0, labelColor=None, labelHeight=0.035, labelWrapWidth=None, labels=list(...), lineColor=None, markerColor=None, name='slider_emotion', opacity=None, ori=0.0, pos=array([ 0. , -0.1]), readOnly=False, self=UNKNOWN, size=array([1. , 0.1]), startValue=5, style='rating', styleTweaks=[], ticks=array([1, 2, 3, 4, 5, 6, 7, 8, 9]), units='height', win=Window(...))
15.2987 	EXP 	Created text_refresh = TextStim(__class__=<class 'psychopy.visual.text.TextStim'>, alignHoriz=method-wrapper(...), alignText='center', alignVert=method-wrapper(...), anchorHoriz='center', anchorVert='center', antialias=True, autoDraw=False, autoLog=True, bold=False, color=array([1., 1., 1.]), colorSpace='rgb', contrast=1.0, depth=0.0, draggable=False, flipHoriz=False, flipVert=False, font='Arial', fontFiles=[], height=0.05, italic=False, languageStyle='LTR', name='text_refresh', opacity=1, ori=0.0, pos=array([0., 0.]), rgb=UNKNOWN, text='', units='height', win=Window(...), wrapWidth=1)
15.3006 	EXP 	Created wait4trigger_text = TextStim(__class__=<class 'psychopy.visual.text.TextStim'>, alignHoriz=method-wrapper(...), alignText='center', alignVert=method-wrapper(...), anchorHoriz='center', anchorVert='center', antialias=True, autoDraw=False, autoLog=True, bold=False, color=array([1., 1., 1.]), colorSpace='rgb', contrast=1.0, depth=0.0, draggable=False, flipHoriz=False, flipVert=False, font='Arial', fontFiles=[], height=0.05, italic=False, languageStyle='LTR', name='wait4trigger_text', opacity=1, ori=0.0, pos=array([0., 0.]), rgb=UNKNOWN, text='Please wait for the scan to start.', units='height', win=Window(...), wrapWidth=1)
15.3035 	EXP 	Created fake_stimulus_text = TextStim(__class__=<class 'psychopy.visual.text.TextStim'>, alignHoriz=method-wrapper(...), alignText='center', alignVert=method-wrapper(...), anchorHoriz='center', anchorVert='center', antialias=True, autoDraw=False, autoLog=True, bold=False, color=array([1., 1., 1.]), colorSpace='rgb', contrast=1.0, depth=0.0, draggable=False, flipHoriz=False, flipVert=False, font='Arial', fontFiles=[], height=0.05, italic=False, languageStyle='LTR', name='fake_stimulus_text', opacity=1, ori=0.0, pos=array([0., 0.]), rgb=UNKNOWN, text='Please wait for the scan to start.', units='height', win=Window(...), wrapWidth=1)
15.3054 	EXP 	Created fixation = TextStim(__class__=<class 'psychopy.visual.text.TextStim'>, alignHoriz=method-wrapper(...), alignText='center', alignVert=method-wrapper(...), anchorHoriz='center', anchorVert='center', antialias=True, autoDraw=False, autoLog=True, bold=False, color=array([1., 1., 1.]), colorSpace='rgb', contrast=1.0, depth=0.0, draggable=False, flipHoriz=False, flipVert=False, font='Arial', fontFiles=[], height=0.4, italic=False, languageStyle='LTR', name='fixation', opacity=1, ori=0.0, pos=array([0., 0.]), rgb=UNKNOWN, text='+', units='height', win=Window(...), wrapWidth=1)
15.3059 	EXP 	Created text_refresh = TextStim(__class__=<class 'psychopy.visual.text.TextStim'>, alignHoriz=method-wrapper(...), alignText='center', alignVert=method-wrapper(...), anchorHoriz='center', anchorVert='center', antialias=True, autoDraw=False, autoLog=True, bold=False, color=array([1., 1., 1.]), colorSpace='rgb', contrast=1.0, depth=0.0, draggable=False, flipHoriz=False, flipVert=False, font='Arial', fontFiles=[], height=0.05, italic=False, languageStyle='LTR', name='text_refresh', opacity=1, ori=0.0, pos=array([0., 0.]), rgb=UNKNOWN, text='', units='height', win=Window(...), wrapWidth=1)
15.3088 	EXP 	Created rate_emotion_prompt = TextStim(__class__=<class 'psychopy.visual.text.TextStim'>, alignHoriz=method-wrapper(...), alignText='center', alignVert=method-wrapper(...), anchorHoriz='center', anchorVert='center', antialias=True, autoDraw=False, autoLog=True, bold=False, color=array([1., 1., 1.]), colorSpace='rgb', contrast=1.0, depth=0.0, draggable=False, flipHoriz=False, flipVert=False, font='Arial', fontFiles=[], height=0.05, italic=False, languageStyle='LTR', name='rate_emotion_prompt', opacity=1, ori=0.0, pos=array([0. , 0.2]), rgb=UNKNOWN, text=str(...), units='height', win=Window(...), wrapWidth=1)
15.3680 	EXP 	Created slider_emotion = Slider(__class__=<class 'psychopy.visual.slider.Slider'>, autoDraw=False, autoLog=True, borderColor=None, color=None, colorSpace='rgb', depth=-1, fillColor=None, flip=False, font='Arial', granularity=1.0, labelColor=None, labelHeight=0.035, labelWrapWidth=None, labels=list(...), lineColor=None, markerColor=None, name='slider_emotion', opacity=None, ori=0.0, pos=array([ 0. , -0.1]), readOnly=False, self=UNKNOWN, size=array([1. , 0.1]), startValue=5, style='rating', styleTweaks=[], ticks=array([1, 2, 3, 4, 5, 6, 7, 8, 9]), units='height', win=Window(...))
15.3687 	EXP 	Created text_refresh = TextStim(__class__=<class 'psychopy.visual.text.TextStim'>, alignHoriz=method-wrapper(...), alignText='center', alignVert=method-wrapper(...), anchorHoriz='center', anchorVert='center', antialias=True, autoDraw=False, autoLog=True, bold=False, color=array([1., 1., 1.]), colorSpace='rgb', contrast=1.0, depth=0.0, draggable=False, flipHoriz=False, flipVert=False, font='Arial', fontFiles=[], height=0.05, italic=False, languageStyle='LTR', name='text_refresh', opacity=1, ori=0.0, pos=array([0., 0.]), rgb=UNKNOWN, text='', units='height', win=Window(...), wrapWidth=1)
15.3731 	EXP 	Created main_body_questionnaire = TextStim(__class__=<class 'psychopy.visual.text.TextStim'>, alignHoriz=method-wrapper(...), alignText='center', alignVert=method-wrapper(...), anchorHoriz='center', anchorVert='center', antialias=True, autoDraw=False, autoLog=True, bold=False, color=array([1., 1., 1.]), colorSpace='rgb', contrast=1.0, depth=0.0, draggable=False, flipHoriz=False, flipVert=False, font='Arial', fontFiles=[], height=0.05, italic=False, languageStyle='LTR', name='main_body_questionnaire', opacity=1, ori=0.0, pos=array([0. , 0.3]), rgb=UNKNOWN, text='During the MRI my thoughts:', units='height', win=Window(...), wrapWidth=1)
15.3735 	EXP 	Created item_text = TextStim(__class__=<class 'psychopy.visual.text.TextStim'>, alignHoriz=method-wrapper(...), alignText='center', alignVert=method-wrapper(...), anchorHoriz='center', anchorVert='center', antialias=True, autoDraw=False, autoLog=True, bold=False, color=array([1., 1., 1.]), colorSpace='rgb', contrast=1.0, depth=-1.0, draggable=False, flipHoriz=False, flipVert=False, font='Arial', fontFiles=[], height=0.05, italic=False, languageStyle='LTR', name='item_text', opacity=1, ori=0.0, pos=array([0. , 0.1]), rgb=UNKNOWN, text='', units='height', win=Window(...), wrapWidth=1)
15.3958 	DEBUG 	TextBox2 loaded 1 chars with 0 blanks and 1 valid
15.3962 	DEBUG 	TextBox2 loaded 1 chars with 0 blanks and 1 valid
15.3966 	DEBUG 	TextBox2 loaded 1 chars with 0 blanks and 1 valid
15.3969 	DEBUG 	TextBox2 loaded 1 chars with 0 blanks and 1 valid
15.3970 	DEBUG 	Uploading Texture Font fontname to graphics card
15.3987 	DEBUG 	Upload of Texture Font fontname complete
15.4177 	DEBUG 	TextBox2 loaded 1 chars with 0 blanks and 1 valid
15.4178 	DEBUG 	Uploading Texture Font fontname to graphics card
15.4192 	DEBUG 	Upload of Texture Font fontname complete
15.4376 	EXP 	Created slider_thinking_content = Slider(__class__=<class 'psychopy.visual.slider.Slider'>, autoDraw=False, autoLog=True, borderColor=None, color=None, colorSpace='rgb', depth=-2, fillColor=None, flip=False, font='Arial', granularity=1.0, labelColor=None, labelHeight=0.035, labelWrapWidth=None, labels=list(...), lineColor=None, markerColor=None, name='slider_thinking_content', opacity=None, ori=0.0, pos=array([ 0. , -0.1]), readOnly=False, self=UNKNOWN, size=array([1. , 0.1]), startValue=5, style='rating', styleTweaks=[], ticks=array([1, 2, 3, 4, 5, 6, 7, 8, 9]), units='height', win=Window(...))
15.4381 	EXP 	Created text_refresh = TextStim(__class__=<class 'psychopy.visual.text.TextStim'>, alignHoriz=method-wrapper(...), alignText='center', alignVert=method-wrapper(...), anchorHoriz='center', anchorVert='center', antialias=True, autoDraw=False, autoLog=True, bold=False, color=array([1., 1., 1.]), colorSpace='rgb', contrast=1.0, depth=0.0, draggable=False, flipHoriz=False, flipVert=False, font='Arial', fontFiles=[], height=0.05, italic=False, languageStyle='LTR', name='text_refresh', opacity=1, ori=0.0, pos=array([0., 0.]), rgb=UNKNOWN, text='', units='height', win=Window(...), wrapWidth=1)
15.4428 	EXP 	Created goodbye_text = TextStim(__class__=<class 'psychopy.visual.text.TextStim'>, alignHoriz=method-wrapper(...), alignText='center', alignVert=method-wrapper(...), anchorHoriz='center', anchorVert='center', antialias=True, autoDraw=False, autoLog=True, bold=False, color=array([1., 1., 1.]), colorSpace='rgb', contrast=1.0, depth=0.0, draggable=False, flipHoriz=False, flipVert=False, font='Arial', fontFiles=[], height=0.05, italic=False, languageStyle='LTR', name='goodbye_text', opacity=1, ori=0.0, pos=array([0., 0.]), rgb=UNKNOWN, text=str(...), units='height', win=Window(...), wrapWidth=1)
0.0108 	EXP 	slider_emotion: autoLog = True
0.0108 	EXP 	slider_emotion: styleTweaks = []
0.0108 	EXP 	slider_emotion: styleTweaks = []
0.0108 	EXP 	slider_emotion: styleTweaks = []
0.0108 	EXP 	slider_emotion: styleTweaks = []
0.0108 	EXP 	slider_emotion: contrast = 1.0
0.0108 	EXP 	slider_emotion: markerPos = 5
0.0108 	EXP 	slider_emotion: autoLog = True
0.0108 	EXP 	slider_emotion: autoLog = True
0.0108 	EXP 	slider_emotion: styleTweaks = []
0.0108 	EXP 	slider_emotion: styleTweaks = []
0.0108 	EXP 	slider_emotion: styleTweaks = []
0.0108 	EXP 	slider_emotion: styleTweaks = []
0.0108 	EXP 	slider_emotion: contrast = 1.0
0.0108 	EXP 	slider_emotion: markerPos = 5
0.0108 	EXP 	slider_emotion: autoLog = True
0.0108 	EXP 	slider_thinking_content: autoLog = True
0.0108 	EXP 	slider_thinking_content: styleTweaks = []
0.0108 	EXP 	slider_thinking_content: styleTweaks = []
0.0108 	EXP 	slider_thinking_content: styleTweaks = []
0.0108 	EXP 	slider_thinking_content: styleTweaks = []
0.0108 	EXP 	slider_thinking_content: contrast = 1.0
0.0108 	EXP 	slider_thinking_content: markerPos = 5
0.0108 	EXP 	slider_thinking_content: autoLog = True
0.0525 	INFO 	Keyboard events cleared
0.0523 	WARNING 	t of last frame was 41.49ms (=1/24)
0.0523 	EXP 	text_welcome: autoDraw = True
1.6045 	WARNING 	t of last frame was 75.01ms (=1/13)
4.6892 	WARNING 	t of last frame was 26.21ms (=1/38)
4.7087 	DATA 	Keypress: escape
4.7112 	WARNING 	t of last frame was 21.97ms (=1/45)
4.7348 	EXP 	resting_state_demo: status = STOPPED
4.7460 	EXP 	text_welcome: autoDraw = False
4.7471 	EXP 	resting_state_demo: status = STOPPED
4.7492 	INFO 	saved data to '/Users/Chenxiao/Documents/project_codes/RST_Chinese_beta/data/999_resting_state_demo_2025-06-11_15h22.39.911.csv'
4.7494 	INFO 	saved data to /Users/Chenxiao/Documents/project_codes/RST_Chinese_beta/data/999_resting_state_demo_2025-06-11_15h22.39.911.psydat
4.9172 	DEBUG 	Saving data for resting_state_demo ExperimentHandler
