10.7149 	WARNING 	Font Manager failed to load file /System/Library/PrivateFrameworks/FontServices.framework/Resources/Reserved/PingFangUI.ttc
14.2318 	DEBUG 	Fullscreen settings ignored as running in pilot mode.
14.2326 	INFO 	Loaded monitor calibration from ['2022_04_19 09:31']
14.2328 	WARNING 	This monitor has not been color-calibrated. Using default DKL conversion matrix.
14.3345 	WARNING 	This monitor has not been color-calibrated. Using default DKL conversion matrix.
14.3347 	WARNING 	This monitor has not been color-calibrated. Using default DKL conversion matrix.
14.4012 	EXP 	Created window1 = Window(allowGUI=False, allowStencil=False, autoLog=True, backendConf=UNKNOWN, backgroundFit=<method-wrapper '__getattribute__' of attributeSetter object at 0x180beec50>, backgroundImage=<method-wrapper '__getattribute__' of attributeSetter object at 0x180beecb0>, bitsMode=UNKNOWN, blendMode='avg', bpc=(8, 8, 8), color=array([0, 0, 0]), colorSpace='dkl', depthBits=8, fullscr=False, gamma=None, gammaErrorPolicy='raise', infoMsg=UNKNOWN, lms=UNKNOWN, monitor=<psychopy.monitors.calibTools.Monitor object at 0x180b6ae30>, multiSample=False, name='window1', numSamples=2, pos=[560.0, 240.0], screen=0, size=array([1600, 1200]), stencilBits=0, stereo=False, title='PsychoPy', units='height', useFBO=True, useRetina=True, viewOri=0.0, viewPos=None, viewScale=None, waitBlanking=True, winType='pyglet')
14.4013 	EXP 	window1: backgroundImage = ''
14.4013 	EXP 	window1: backgroundFit = 'none'
14.4128 	DEBUG 	TextBox2 loaded 1 chars with 0 blanks and 1 valid
14.4133 	DEBUG 	TextBox2 loaded 1 chars with 0 blanks and 1 valid
14.4137 	DEBUG 	TextBox2 loaded 1 chars with 0 blanks and 1 valid
14.4142 	DEBUG 	TextBox2 loaded 1 chars with 0 blanks and 1 valid
14.4147 	DEBUG 	TextBox2 loaded 1 chars with 0 blanks and 1 valid
14.4149 	DEBUG 	TextBox2 loaded 1 chars with 0 blanks and 1 valid
14.4153 	DEBUG 	TextBox2 loaded 1 chars with 0 blanks and 1 valid
14.4158 	DEBUG 	TextBox2 loaded 1 chars with 0 blanks and 1 valid
14.4160 	DEBUG 	TextBox2 loaded 1 chars with 0 blanks and 1 valid
14.4161 	DEBUG 	TextBox2 loaded 1 chars with 0 blanks and 1 valid
14.4165 	DEBUG 	TextBox2 loaded 1 chars with 0 blanks and 1 valid
14.4169 	DEBUG 	TextBox2 loaded 1 chars with 0 blanks and 1 valid
14.4173 	DEBUG 	TextBox2 loaded 1 chars with 0 blanks and 1 valid
14.4177 	DEBUG 	TextBox2 loaded 1 chars with 0 blanks and 1 valid
14.4180 	DEBUG 	TextBox2 loaded 1 chars with 0 blanks and 1 valid
14.4184 	DEBUG 	TextBox2 loaded 1 chars with 0 blanks and 1 valid
14.4188 	DEBUG 	TextBox2 loaded 1 chars with 0 blanks and 1 valid
14.4190 	DEBUG 	TextBox2 loaded 1 chars with 0 blanks and 1 valid
14.4192 	DEBUG 	TextBox2 loaded 1 chars with 0 blanks and 1 valid
14.4198 	DEBUG 	TextBox2 loaded 1 chars with 0 blanks and 1 valid
14.4199 	DEBUG 	TextBox2 loaded 1 chars with 0 blanks and 1 valid
14.4202 	DEBUG 	Uploading Texture Font fontname to graphics card
14.4236 	DEBUG 	Upload of Texture Font fontname complete
14.4281 	DEBUG 	TextBox2 loaded 1 chars with 0 blanks and 1 valid
14.4288 	DEBUG 	TextBox2 loaded 1 chars with 0 blanks and 1 valid
14.4295 	DEBUG 	TextBox2 loaded 1 chars with 0 blanks and 1 valid
14.4296 	DEBUG 	Uploading Texture Font fontname to graphics card
14.4313 	DEBUG 	Upload of Texture Font fontname complete
14.4324 	EXP 	window1: Attempting to measure frame rate of screen (0) ...
14.4324 	EXP 	window1: recordFrameIntervals = False
14.5600 	EXP 	window1: recordFrameIntervals = True
14.6848 	WARNING 	t of last frame was 22.75ms (=1/43)
15.3978 	WARNING 	Couldn't measure a consistent frame rate!
  - Is your graphics card set to sync to vertical blank?
  - Are you running other processes on your computer?

15.4035 	DEBUG 	TextBox2 loaded 1 chars with 0 blanks and 1 valid
15.4038 	DEBUG 	TextBox2 loaded 1 chars with 0 blanks and 1 valid
15.4045 	DEBUG 	TextBox2 loaded 1 chars with 0 blanks and 1 valid
15.4054 	DEBUG 	TextBox2 loaded 1 chars with 0 blanks and 1 valid
15.4061 	DEBUG 	TextBox2 loaded 1 chars with 0 blanks and 1 valid
15.4069 	DEBUG 	TextBox2 loaded 1 chars with 0 blanks and 1 valid
15.4073 	DEBUG 	TextBox2 loaded 1 chars with 0 blanks and 1 valid
15.4080 	DEBUG 	TextBox2 loaded 1 chars with 0 blanks and 1 valid
15.4087 	DEBUG 	TextBox2 loaded 1 chars with 0 blanks and 1 valid
15.4095 	DEBUG 	TextBox2 loaded 1 chars with 0 blanks and 1 valid
15.4097 	DEBUG 	Uploading Texture Font fontname to graphics card
15.4119 	DEBUG 	Upload of Texture Font fontname complete
15.4264 	WARNING 	launchHubServer: If using the iohub mouse or eyetracker devices, fullScr should be True.
17.9141 	INFO 	keyboard.Keyboard is using iohub backend.
17.9141 	INFO 	keyboard.Keyboard is using iohub backend.
17.9141 	INFO 	keyboard.Keyboard is using iohub backend.
17.9142 	INFO 	keyboard.Keyboard is using iohub backend.
17.9142 	INFO 	keyboard.Keyboard is using iohub backend.
17.9142 	EXP 	rumination_demo: status = STARTED
17.9907 	EXP 	Created image_rum_instruct = ImageStim(__class__=<class 'psychopy.visual.image.ImageStim'>, anchor=('center', 'center'), autoLog=True, color=array([1., 1., 1.]), colorSpace='rgb', contrast=1.0, depth=0.0, draggable=False, flipHoriz=False, flipVert=False, image='stimuli/rum_instruct.png', interpolate=True, mask=None, maskParams=None, name='image_rum_instruct', opacity=1, ori=0.0, pos=array([0., 0.]), size=array([1.1  , 0.825]), texRes=128.0, units='height', win=Window(...))
18.0052 	EXP 	Created text_refresh = TextStim(__class__=<class 'psychopy.visual.text.TextStim'>, alignHoriz=method-wrapper(...), alignText='center', alignVert=method-wrapper(...), anchorHoriz='center', anchorVert='center', antialias=True, autoDraw=False, autoLog=True, bold=False, color=array([1., 1., 1.]), colorSpace='rgb', contrast=1.0, depth=0.0, draggable=False, flipHoriz=False, flipVert=False, font='Arial', fontFiles=[], height=0.05, italic=False, languageStyle='LTR', name='text_refresh', opacity=1, ori=0.0, pos=array([0., 0.]), rgb=UNKNOWN, text='', units='height', win=Window(...), wrapWidth=1)
18.0225 	EXP 	Created wait4trigger_text = TextStim(__class__=<class 'psychopy.visual.text.TextStim'>, alignHoriz=method-wrapper(...), alignText='center', alignVert=method-wrapper(...), anchorHoriz='center', anchorVert='center', antialias=True, autoDraw=False, autoLog=True, bold=False, color=array([1., 1., 1.]), colorSpace='rgb', contrast=1.0, depth=0.0, draggable=False, flipHoriz=False, flipVert=False, font='Noto Sans SC', fontFiles=[], height=0.05, italic=False, languageStyle='LTR', name='wait4trigger_text', opacity=1, ori=0.0, pos=array([0., 0.]), rgb=UNKNOWN, text='即将开始，请等待。', units='height', win=Window(...), wrapWidth=1)
18.0236 	EXP 	Created fake_stimulus_text = TextStim(__class__=<class 'psychopy.visual.text.TextStim'>, alignHoriz=method-wrapper(...), alignText='center', alignVert=method-wrapper(...), anchorHoriz='center', anchorVert='center', antialias=True, autoDraw=False, autoLog=True, bold=False, color=array([1., 1., 1.]), colorSpace='rgb', contrast=1.0, depth=0.0, draggable=False, flipHoriz=False, flipVert=False, font='Noto Sans SC', fontFiles=[], height=0.05, italic=False, languageStyle='LTR', name='fake_stimulus_text', opacity=1, ori=0.0, pos=array([0., 0.]), rgb=UNKNOWN, text='即将开始，请等待。', units='height', win=Window(...), wrapWidth=1)
18.0262 	EXP 	Created prompt_constant = TextStim(__class__=<class 'psychopy.visual.text.TextStim'>, alignHoriz=method-wrapper(...), alignText='center', alignVert=method-wrapper(...), anchorHoriz='center', anchorVert='center', antialias=True, autoDraw=False, autoLog=True, bold=False, color=array([1., 1., 1.]), colorSpace='rgb', contrast=1.0, depth=0.0, draggable=False, flipHoriz=False, flipVert=False, font='Noto Sans SC', fontFiles=[], height=0.05, italic=False, languageStyle='LTR', name='prompt_constant', opacity=1, ori=0.0, pos=array([0., 0.]), rgb=UNKNOWN, text='Think:', units='height', win=Window(...), wrapWidth=1)
18.0265 	EXP 	Created prompts = TextStim(__class__=<class 'psychopy.visual.text.TextStim'>, alignHoriz=method-wrapper(...), alignText='center', alignVert=method-wrapper(...), anchorHoriz='center', anchorVert='center', antialias=True, autoDraw=False, autoLog=True, bold=False, color=array([1., 1., 1.]), colorSpace='rgb', contrast=1.0, depth=-1.0, draggable=False, flipHoriz=False, flipVert=False, font='Noto Sans SC', fontFiles=[], height=0.05, italic=False, languageStyle='LTR', name='prompts', opacity=1, ori=0.0, pos=array([0., 0.]), rgb=UNKNOWN, text='', units='height', win=Window(...), wrapWidth=1)
18.0270 	EXP 	Created text_refresh = TextStim(__class__=<class 'psychopy.visual.text.TextStim'>, alignHoriz=method-wrapper(...), alignText='center', alignVert=method-wrapper(...), anchorHoriz='center', anchorVert='center', antialias=True, autoDraw=False, autoLog=True, bold=False, color=array([1., 1., 1.]), colorSpace='rgb', contrast=1.0, depth=0.0, draggable=False, flipHoriz=False, flipVert=False, font='Arial', fontFiles=[], height=0.05, italic=False, languageStyle='LTR', name='text_refresh', opacity=1, ori=0.0, pos=array([0., 0.]), rgb=UNKNOWN, text='', units='height', win=Window(...), wrapWidth=1)
18.0318 	EXP 	Created rate_emotion_prompt = TextStim(__class__=<class 'psychopy.visual.text.TextStim'>, alignHoriz=method-wrapper(...), alignText='center', alignVert=method-wrapper(...), anchorHoriz='center', anchorVert='center', antialias=True, autoDraw=False, autoLog=True, bold=False, color=array([1., 1., 1.]), colorSpace='rgb', contrast=1.0, depth=0.0, draggable=False, flipHoriz=False, flipVert=False, font='Noto Sans SC', fontFiles=[], height=0.05, italic=False, languageStyle='LTR', name='rate_emotion_prompt', opacity=1, ori=0.0, pos=array([0. , 0.2]), rgb=UNKNOWN, text='请使用数字描述您目前的情绪状态：', units='height', win=Window(...), wrapWidth=1)
18.0551 	DEBUG 	TextBox2 loaded 1 chars with 0 blanks and 1 valid
18.0563 	DEBUG 	TextBox2 loaded 1 chars with 0 blanks and 1 valid
18.0574 	DEBUG 	TextBox2 loaded 1 chars with 0 blanks and 1 valid
18.0579 	DEBUG 	TextBox2 loaded 1 chars with 0 blanks and 1 valid
18.0592 	DEBUG 	TextBox2 loaded 1 chars with 0 blanks and 1 valid
18.0602 	DEBUG 	TextBox2 loaded 1 chars with 0 blanks and 1 valid
18.0604 	DEBUG 	Uploading Texture Font fontname to graphics card
18.0626 	DEBUG 	Upload of Texture Font fontname complete
18.0660 	DEBUG 	TextBox2 loaded 1 chars with 0 blanks and 1 valid
18.0666 	DEBUG 	TextBox2 loaded 1 chars with 0 blanks and 1 valid
18.0673 	DEBUG 	TextBox2 loaded 1 chars with 0 blanks and 1 valid
18.0679 	DEBUG 	TextBox2 loaded 1 chars with 0 blanks and 1 valid
18.0683 	DEBUG 	TextBox2 loaded 1 chars with 0 blanks and 1 valid
18.0690 	DEBUG 	TextBox2 loaded 1 chars with 0 blanks and 1 valid
18.0697 	DEBUG 	TextBox2 loaded 1 chars with 0 blanks and 1 valid
18.0702 	DEBUG 	TextBox2 loaded 1 chars with 0 blanks and 1 valid
18.0706 	DEBUG 	TextBox2 loaded 1 chars with 0 blanks and 1 valid
18.0707 	DEBUG 	Uploading Texture Font fontname to graphics card
18.0722 	DEBUG 	Upload of Texture Font fontname complete
18.0896 	DEBUG 	TextBox2 loaded 1 chars with 0 blanks and 1 valid
18.0908 	DEBUG 	TextBox2 loaded 1 chars with 0 blanks and 1 valid
18.0909 	DEBUG 	Uploading Texture Font fontname to graphics card
18.0924 	DEBUG 	Upload of Texture Font fontname complete
18.1310 	EXP 	Created slider_emotion = Slider(__class__=<class 'psychopy.visual.slider.Slider'>, autoDraw=False, autoLog=True, borderColor=None, color=None, colorSpace='rgb', depth=-1, fillColor=None, flip=False, font='Noto Sans SC', granularity=1.0, labelColor=None, labelHeight=0.04, labelWrapWidth=None, labels=['非常不高兴', '', '', '', '平静', '', '', '', '非常高兴'], lineColor=None, markerColor=None, name='slider_emotion', opacity=None, ori=0.0, pos=array([ 0. , -0.1]), readOnly=False, self=UNKNOWN, size=array([1. , 0.1]), startValue=5, style='rating', styleTweaks=[], ticks=array([1, 2, 3, 4, 5, 6, 7, 8, 9]), units='height', win=Window(...))
18.1329 	EXP 	Created text_refresh = TextStim(__class__=<class 'psychopy.visual.text.TextStim'>, alignHoriz=method-wrapper(...), alignText='center', alignVert=method-wrapper(...), anchorHoriz='center', anchorVert='center', antialias=True, autoDraw=False, autoLog=True, bold=False, color=array([1., 1., 1.]), colorSpace='rgb', contrast=1.0, depth=0.0, draggable=False, flipHoriz=False, flipVert=False, font='Arial', fontFiles=[], height=0.05, italic=False, languageStyle='LTR', name='text_refresh', opacity=1, ori=0.0, pos=array([0., 0.]), rgb=UNKNOWN, text='', units='height', win=Window(...), wrapWidth=1)
18.1363 	EXP 	Created main_body_questionnaire = TextStim(__class__=<class 'psychopy.visual.text.TextStim'>, alignHoriz=method-wrapper(...), alignText='center', alignVert=method-wrapper(...), anchorHoriz='center', anchorVert='center', antialias=True, autoDraw=False, autoLog=True, bold=False, color=array([1., 1., 1.]), colorSpace='rgb', contrast=1.0, depth=0.0, draggable=False, flipHoriz=False, flipVert=False, font='Noto Sans SC', fontFiles=[], height=0.05, italic=False, languageStyle='LTR', name='main_body_questionnaire', opacity=1, ori=0.0, pos=array([0. , 0.3]), rgb=UNKNOWN, text='我刚才的思维内容：', units='height', win=Window(...), wrapWidth=1)
18.1366 	EXP 	Created item_text = TextStim(__class__=<class 'psychopy.visual.text.TextStim'>, alignHoriz=method-wrapper(...), alignText='center', alignVert=method-wrapper(...), anchorHoriz='center', anchorVert='center', antialias=True, autoDraw=False, autoLog=True, bold=False, color=array([1., 1., 1.]), colorSpace='rgb', contrast=1.0, depth=-1.0, draggable=False, flipHoriz=False, flipVert=False, font='Noto Sans SC', fontFiles=[], height=0.05, italic=False, languageStyle='LTR', name='item_text', opacity=1, ori=0.0, pos=array([0. , 0.1]), rgb=UNKNOWN, text='', units='height', win=Window(...), wrapWidth=1)
18.1413 	DEBUG 	TextBox2 loaded 1 chars with 0 blanks and 1 valid
18.1417 	DEBUG 	TextBox2 loaded 1 chars with 0 blanks and 1 valid
18.1421 	DEBUG 	TextBox2 loaded 1 chars with 0 blanks and 1 valid
18.1423 	DEBUG 	TextBox2 loaded 1 chars with 0 blanks and 1 valid
18.1424 	DEBUG 	Uploading Texture Font fontname to graphics card
18.1445 	DEBUG 	Upload of Texture Font fontname complete
18.1476 	DEBUG 	TextBox2 loaded 1 chars with 0 blanks and 1 valid
18.1481 	DEBUG 	TextBox2 loaded 1 chars with 0 blanks and 1 valid
18.1484 	DEBUG 	TextBox2 loaded 1 chars with 0 blanks and 1 valid
18.1486 	DEBUG 	TextBox2 loaded 1 chars with 0 blanks and 1 valid
18.1489 	DEBUG 	TextBox2 loaded 1 chars with 0 blanks and 1 valid
18.1492 	DEBUG 	TextBox2 loaded 1 chars with 0 blanks and 1 valid
18.1495 	DEBUG 	TextBox2 loaded 1 chars with 0 blanks and 1 valid
18.1497 	DEBUG 	TextBox2 loaded 1 chars with 0 blanks and 1 valid
18.1498 	DEBUG 	Uploading Texture Font fontname to graphics card
18.1512 	DEBUG 	Upload of Texture Font fontname complete
18.1677 	DEBUG 	TextBox2 loaded 1 chars with 0 blanks and 1 valid
18.1680 	DEBUG 	TextBox2 loaded 1 chars with 0 blanks and 1 valid
18.1684 	DEBUG 	TextBox2 loaded 1 chars with 0 blanks and 1 valid
18.1688 	DEBUG 	TextBox2 loaded 1 chars with 0 blanks and 1 valid
18.1691 	DEBUG 	TextBox2 loaded 1 chars with 0 blanks and 1 valid
18.1692 	DEBUG 	Uploading Texture Font fontname to graphics card
18.1707 	DEBUG 	Upload of Texture Font fontname complete
18.1894 	DEBUG 	TextBox2 loaded 1 chars with 0 blanks and 1 valid
18.1897 	DEBUG 	TextBox2 loaded 1 chars with 0 blanks and 1 valid
18.1901 	DEBUG 	TextBox2 loaded 1 chars with 0 blanks and 1 valid
18.1902 	DEBUG 	Uploading Texture Font fontname to graphics card
18.1917 	DEBUG 	Upload of Texture Font fontname complete
18.2100 	EXP 	Created slider_thinking_content = Slider(__class__=<class 'psychopy.visual.slider.Slider'>, autoDraw=False, autoLog=True, borderColor=None, color=None, colorSpace='rgb', depth=-2, fillColor=None, flip=False, font='Arial', granularity=1.0, labelColor=None, labelHeight=0.035, labelWrapWidth=None, labels=list(...), lineColor=None, markerColor=None, name='slider_thinking_content', opacity=None, ori=0.0, pos=array([ 0. , -0.1]), readOnly=False, self=UNKNOWN, size=array([1. , 0.1]), startValue=5, style='rating', styleTweaks=[], ticks=array([1, 2, 3, 4, 5, 6, 7, 8, 9]), units='height', win=Window(...))
18.2105 	EXP 	Created text_refresh = TextStim(__class__=<class 'psychopy.visual.text.TextStim'>, alignHoriz=method-wrapper(...), alignText='center', alignVert=method-wrapper(...), anchorHoriz='center', anchorVert='center', antialias=True, autoDraw=False, autoLog=True, bold=False, color=array([1., 1., 1.]), colorSpace='rgb', contrast=1.0, depth=0.0, draggable=False, flipHoriz=False, flipVert=False, font='Arial', fontFiles=[], height=0.05, italic=False, languageStyle='LTR', name='text_refresh', opacity=1, ori=0.0, pos=array([0., 0.]), rgb=UNKNOWN, text='', units='height', win=Window(...), wrapWidth=1)
18.2144 	EXP 	Created goodbye_text = TextStim(__class__=<class 'psychopy.visual.text.TextStim'>, alignHoriz=method-wrapper(...), alignText='center', alignVert=method-wrapper(...), anchorHoriz='center', anchorVert='center', antialias=True, autoDraw=False, autoLog=True, bold=False, color=array([1., 1., 1.]), colorSpace='rgb', contrast=1.0, depth=0.0, draggable=False, flipHoriz=False, flipVert=False, font='Noto Sans SC', fontFiles=[], height=0.05, italic=False, languageStyle='LTR', name='goodbye_text', opacity=1, ori=0.0, pos=array([0., 0.]), rgb=UNKNOWN, text='本阶段结束，请等待下一阶段的扫描。\n\n', units='height', win=Window(...), wrapWidth=1)
0.0047 	EXP 	slider_emotion: autoLog = True
0.0047 	EXP 	slider_emotion: styleTweaks = []
0.0047 	EXP 	slider_emotion: styleTweaks = []
0.0047 	EXP 	slider_emotion: styleTweaks = []
0.0047 	EXP 	slider_emotion: styleTweaks = []
0.0047 	EXP 	slider_emotion: contrast = 1.0
0.0047 	EXP 	slider_emotion: markerPos = 5
0.0047 	EXP 	slider_emotion: autoLog = True
0.0047 	EXP 	slider_thinking_content: autoLog = True
0.0047 	EXP 	slider_thinking_content: styleTweaks = []
0.0047 	EXP 	slider_thinking_content: styleTweaks = []
0.0047 	EXP 	slider_thinking_content: styleTweaks = []
0.0047 	EXP 	slider_thinking_content: styleTweaks = []
0.0047 	EXP 	slider_thinking_content: contrast = 1.0
0.0047 	EXP 	slider_thinking_content: markerPos = 5
0.0047 	EXP 	slider_thinking_content: autoLog = True
0.0167 	INFO 	Keyboard events cleared
0.0165 	EXP 	image_rum_instruct: autoDraw = True
0.8037 	WARNING 	t of last frame was 20.52ms (=1/48)
6.8229 	WARNING 	t of last frame was 22.27ms (=1/44)
6.8329 	DATA 	Keypress: j
7.1057 	WARNING 	t of last frame was 20.74ms (=1/48)
8.2226 	DATA 	Keypress: j
8.6381 	DATA 	Keypress: a
9.1556 	WARNING 	Multiple dropped frames have occurred - I'll stop bothering you about them!
9.3173 	DATA 	Keypress: s
10.5504 	DATA 	Keypress: 1
10.7338 	DATA 	Keypress: 2
10.9166 	DATA 	Keypress: 3
11.2506 	DATA 	Keypress: 4
11.9211 	DATA 	Keypress: j
12.1017 	EXP 	image_rum_instruct: autoDraw = False
12.1017 	EXP 	text_refresh: autoDraw = True
12.1042 	DATA 	Keypress: k
12.4045 	EXP 	text_refresh: autoDraw = False
12.4045 	EXP 	text_refresh: autoDraw = False
12.4045 	EXP 	wait4trigger_text: autoDraw = True
13.4015 	EXP 	wait4trigger_text: autoDraw = False
13.4015 	EXP 	wait4trigger_text: autoDraw = False
13.4015 	EXP 	fake_stimulus_text: autoDraw = True
13.7533 	DATA 	Keypress: s
15.4033 	DEBUG 	Read excel file with openpyxl: rumination_prompts.xlsx
15.4035 	EXP 	Imported rumination_prompts.xlsx as conditions, 4 conditions, 2 params
15.4063 	EXP 	New trial (rep=0, index=0): <Trial 0 (0 in rep 0) data={'prompt_number': 2, 'prompt': '刚才的那些负面回忆反映出你是怎样的一个人？你和别人之间有哪些相同点和不同点？', 'thisN': 0, 'thisTrialN': 0, 'thisRepN': 0}>
15.4233 	EXP 	fake_stimulus_text: autoDraw = False
15.4233 	EXP 	fake_stimulus_text: autoDraw = False
15.4233 	EXP 	prompts: height = 0.05
15.4233 	EXP 	prompts: height = 0.05
15.4233 	EXP 	prompts: height = 0.05
15.4233 	EXP 	prompts: text = '刚才的那些负面回忆反映出你是怎样的一个人？你和别人之间有哪些相同点和不同点？'
15.4233 	EXP 	prompts: alignText = 'left'
15.4233 	EXP 	prompt_constant: autoDraw = True
15.4233 	EXP 	prompts: autoDraw = True
15.4233 	EXP 	prompts: height = 0.05
15.4233 	EXP 	prompts: height = 0.05
15.4233 	EXP 	prompts: height = 0.05
15.4233 	EXP 	prompts: text = '刚才的那些负面回忆反映出你是怎样的一个人？你和别人之间有哪些相同点和不同点？'
20.4014 	EXP 	New trial (rep=0, index=1): <Trial 1 (1 in rep 0) data={'prompt_number': 1, 'prompt': '分析一下你的哪些性格特点使得你在刚才的那些负面回忆中感到如此的不开心?', 'thisN': 1, 'thisTrialN': 1, 'thisRepN': 0}>
20.4650 	EXP 	prompt_constant: autoDraw = False
20.4650 	EXP 	prompts: autoDraw = False
20.4650 	EXP 	prompts: height = 0.05
20.4650 	EXP 	prompts: height = 0.05
20.4650 	EXP 	prompts: height = 0.05
20.4650 	EXP 	prompts: text = '分析一下你的哪些性格特点使得你在刚才的那些负面回忆中感到如此的不开心?'
20.4650 	EXP 	prompts: alignText = 'left'
20.4650 	EXP 	prompt_constant: autoDraw = True
20.4650 	EXP 	prompts: autoDraw = True
20.4650 	EXP 	prompts: height = 0.05
20.4650 	EXP 	prompts: height = 0.05
20.4650 	EXP 	prompts: height = 0.05
20.4650 	EXP 	prompts: text = '分析一下你的哪些性格特点使得你在刚才的那些负面回忆中感到如此的不开心?'
25.4026 	EXP 	New trial (rep=0, index=2): <Trial 2 (2 in rep 0) data={'prompt_number': 4, 'prompt': '在刚才的那些负面回忆中，我为什么不能把事情处理得更好？', 'thisN': 2, 'thisTrialN': 2, 'thisRepN': 0}>
25.4137 	EXP 	prompt_constant: autoDraw = False
25.4137 	EXP 	prompts: autoDraw = False
25.4137 	EXP 	prompts: height = 0.05
25.4137 	EXP 	prompts: height = 0.05
25.4137 	EXP 	prompts: height = 0.05
25.4137 	EXP 	prompts: text = '在刚才的那些负面回忆中，我为什么不能把事情处理得更好？'
25.4137 	EXP 	prompts: alignText = 'left'
25.4137 	EXP 	prompt_constant: autoDraw = True
25.4137 	EXP 	prompts: autoDraw = True
25.4137 	EXP 	prompts: height = 0.05
25.4137 	EXP 	prompts: height = 0.05
25.4137 	EXP 	prompts: height = 0.05
25.4137 	EXP 	prompts: text = '在刚才的那些负面回忆中，我为什么不能把事情处理得更好？'
25.8496 	DATA 	Keypress: escape
25.9699 	EXP 	rumination_demo: status = STOPPED
25.9812 	EXP 	prompt_constant: autoDraw = False
25.9812 	EXP 	prompts: autoDraw = False
25.9825 	EXP 	rumination_demo: status = STOPPED
25.9854 	INFO 	saved data to '/Users/Chenxiao/Documents/project_codes/RST_Chinese_beta/data/999_rumination_demo_2025-06-16_15h28.57.910.csv'
25.9873 	INFO 	saved data to /Users/Chenxiao/Documents/project_codes/RST_Chinese_beta/data/999_rumination_demo_2025-06-16_15h28.57.910.psydat
26.1054 	DEBUG 	Saving data for rumination_demo ExperimentHandler
