10.5301 	WARNING 	Font Manager failed to load file /System/Library/PrivateFrameworks/FontServices.framework/Resources/Reserved/PingFangUI.ttc
12.7576 	DEBUG 	Fullscreen settings ignored as running in pilot mode.
12.7586 	INFO 	Loaded monitor calibration from ['2022_04_19 09:31']
12.7589 	WARNING 	This monitor has not been color-calibrated. Using default DKL conversion matrix.
12.8531 	WARNING 	This monitor has not been color-calibrated. Using default DKL conversion matrix.
12.8533 	WARNING 	This monitor has not been color-calibrated. Using default DKL conversion matrix.
12.9024 	EXP 	Created window1 = Window(allowGUI=False, allowStencil=False, autoLog=True, backendConf=UNKNOWN, backgroundFit=<method-wrapper '__getattribute__' of attributeSetter object at 0x17cc1eb00>, backgroundImage=<method-wrapper '__getattribute__' of attributeSetter object at 0x17cc1eb60>, bitsMode=UNKNOWN, blendMode='avg', bpc=(8, 8, 8), color=array([0, 0, 0]), colorSpace='dkl', depthBits=8, fullscr=True, gamma=None, gammaErrorPolicy='raise', infoMsg=UNKNOWN, lms=UNKNOWN, monitor=<psychopy.monitors.calibTools.Monitor object at 0x17cca8550>, multiSample=False, name='window1', numSamples=2, pos=[0.0, 0.0], screen=0, size=array([3840, 2160]), stencilBits=0, stereo=False, title='PsychoPy', units='height', useFBO=True, useRetina=True, viewOri=0.0, viewPos=None, viewScale=None, waitBlanking=True, winType='pyglet')
12.9024 	EXP 	window1: backgroundImage = ''
12.9024 	EXP 	window1: backgroundFit = 'none'
12.9094 	DEBUG 	TextBox2 loaded 1 chars with 0 blanks and 1 valid
12.9104 	DEBUG 	TextBox2 loaded 1 chars with 0 blanks and 1 valid
12.9114 	DEBUG 	TextBox2 loaded 1 chars with 0 blanks and 1 valid
12.9129 	DEBUG 	TextBox2 loaded 1 chars with 0 blanks and 1 valid
12.9143 	DEBUG 	TextBox2 loaded 1 chars with 0 blanks and 1 valid
12.9148 	DEBUG 	TextBox2 loaded 1 chars with 0 blanks and 1 valid
12.9157 	DEBUG 	TextBox2 loaded 1 chars with 0 blanks and 1 valid
12.9173 	DEBUG 	TextBox2 loaded 1 chars with 0 blanks and 1 valid
12.9174 	DEBUG 	TextBox2 loaded 1 chars with 0 blanks and 1 valid
12.9176 	DEBUG 	TextBox2 loaded 1 chars with 0 blanks and 1 valid
12.9186 	DEBUG 	TextBox2 loaded 1 chars with 0 blanks and 1 valid
12.9196 	DEBUG 	TextBox2 loaded 1 chars with 0 blanks and 1 valid
12.9205 	DEBUG 	TextBox2 loaded 1 chars with 0 blanks and 1 valid
12.9214 	DEBUG 	TextBox2 loaded 1 chars with 0 blanks and 1 valid
12.9222 	DEBUG 	TextBox2 loaded 1 chars with 0 blanks and 1 valid
12.9233 	DEBUG 	TextBox2 loaded 1 chars with 0 blanks and 1 valid
12.9243 	DEBUG 	TextBox2 loaded 1 chars with 0 blanks and 1 valid
12.9246 	DEBUG 	TextBox2 loaded 1 chars with 0 blanks and 1 valid
12.9250 	DEBUG 	TextBox2 loaded 1 chars with 0 blanks and 1 valid
12.9265 	DEBUG 	TextBox2 loaded 1 chars with 0 blanks and 1 valid
12.9267 	DEBUG 	TextBox2 loaded 1 chars with 0 blanks and 1 valid
12.9269 	DEBUG 	Uploading Texture Font fontname to graphics card
12.9300 	DEBUG 	Upload of Texture Font fontname complete
12.9347 	DEBUG 	TextBox2 loaded 1 chars with 0 blanks and 1 valid
12.9363 	DEBUG 	TextBox2 loaded 1 chars with 0 blanks and 1 valid
12.9377 	DEBUG 	TextBox2 loaded 1 chars with 0 blanks and 1 valid
12.9378 	DEBUG 	Uploading Texture Font fontname to graphics card
12.9393 	DEBUG 	Upload of Texture Font fontname complete
12.9404 	EXP 	window1: Attempting to measure frame rate of screen (0) ...
12.9404 	EXP 	window1: recordFrameIntervals = False
13.0752 	EXP 	window1: recordFrameIntervals = True
13.9428 	WARNING 	Couldn't measure a consistent frame rate!
  - Is your graphics card set to sync to vertical blank?
  - Are you running other processes on your computer?

13.9532 	DEBUG 	TextBox2 loaded 1 chars with 0 blanks and 1 valid
13.9542 	DEBUG 	TextBox2 loaded 1 chars with 0 blanks and 1 valid
13.9564 	DEBUG 	TextBox2 loaded 1 chars with 0 blanks and 1 valid
13.9597 	DEBUG 	TextBox2 loaded 1 chars with 0 blanks and 1 valid
13.9623 	DEBUG 	TextBox2 loaded 1 chars with 0 blanks and 1 valid
13.9651 	DEBUG 	TextBox2 loaded 1 chars with 0 blanks and 1 valid
13.9658 	DEBUG 	TextBox2 loaded 1 chars with 0 blanks and 1 valid
13.9678 	DEBUG 	TextBox2 loaded 1 chars with 0 blanks and 1 valid
13.9701 	DEBUG 	TextBox2 loaded 1 chars with 0 blanks and 1 valid
13.9722 	DEBUG 	TextBox2 loaded 1 chars with 0 blanks and 1 valid
13.9725 	DEBUG 	Uploading Texture Font fontname to graphics card
13.9756 	DEBUG 	Upload of Texture Font fontname complete
15.9057 	INFO 	keyboard.Keyboard is using iohub backend.
15.9058 	INFO 	keyboard.Keyboard is using iohub backend.
15.9058 	INFO 	keyboard.Keyboard is using iohub backend.
15.9058 	INFO 	keyboard.Keyboard is using iohub backend.
15.9058 	INFO 	keyboard.Keyboard is using iohub backend.
15.9058 	EXP 	resting_state_demo: status = STARTED
15.9736 	EXP 	Created image_welcome = ImageStim(__class__=<class 'psychopy.visual.image.ImageStim'>, anchor=('center', 'center'), autoLog=True, color=array([1., 1., 1.]), colorSpace='rgb', contrast=1.0, depth=0.0, draggable=False, flipHoriz=False, flipVert=False, image='stimuli/welcome.png', interpolate=True, mask=None, maskParams=None, name='image_welcome', opacity=1, ori=0.0, pos=array([0., 0.]), size=array([1.  , 0.75]), texRes=128.0, units='height', win=Window(...))
15.9845 	EXP 	Created text_refresh = TextStim(__class__=<class 'psychopy.visual.text.TextStim'>, alignHoriz=method-wrapper(...), alignText='center', alignVert=method-wrapper(...), anchorHoriz='center', anchorVert='center', antialias=True, autoDraw=False, autoLog=True, bold=False, color=array([1., 1., 1.]), colorSpace='rgb', contrast=1.0, depth=0.0, draggable=False, flipHoriz=False, flipVert=False, font='Arial', fontFiles=[], height=0.05, italic=False, languageStyle='LTR', name='text_refresh', opacity=1, ori=0.0, pos=array([0., 0.]), rgb=UNKNOWN, text='', units='height', win=Window(...), wrapWidth=1)
15.9969 	EXP 	Created rate_emotion_prompt = TextStim(__class__=<class 'psychopy.visual.text.TextStim'>, alignHoriz=method-wrapper(...), alignText='center', alignVert=method-wrapper(...), anchorHoriz='center', anchorVert='center', antialias=True, autoDraw=False, autoLog=True, bold=False, color=array([1., 1., 1.]), colorSpace='rgb', contrast=1.0, depth=0.0, draggable=False, flipHoriz=False, flipVert=False, font='Arial', fontFiles=[], height=0.05, italic=False, languageStyle='LTR', name='rate_emotion_prompt', opacity=1, ori=0.0, pos=array([0. , 0.2]), rgb=UNKNOWN, text=str(...), units='height', win=Window(...), wrapWidth=1)
16.0100 	DEBUG 	TextBox2 loaded 1 chars with 0 blanks and 1 valid
16.0107 	DEBUG 	TextBox2 loaded 1 chars with 0 blanks and 1 valid
16.0111 	DEBUG 	TextBox2 loaded 1 chars with 0 blanks and 1 valid
16.0119 	DEBUG 	TextBox2 loaded 1 chars with 0 blanks and 1 valid
16.0121 	DEBUG 	TextBox2 loaded 1 chars with 0 blanks and 1 valid
16.0123 	DEBUG 	TextBox2 loaded 1 chars with 0 blanks and 1 valid
16.0129 	DEBUG 	TextBox2 loaded 1 chars with 0 blanks and 1 valid
16.0134 	DEBUG 	TextBox2 loaded 1 chars with 0 blanks and 1 valid
16.0137 	DEBUG 	TextBox2 loaded 1 chars with 0 blanks and 1 valid
16.0144 	DEBUG 	TextBox2 loaded 1 chars with 0 blanks and 1 valid
16.0150 	DEBUG 	TextBox2 loaded 1 chars with 0 blanks and 1 valid
16.0158 	DEBUG 	TextBox2 loaded 1 chars with 0 blanks and 1 valid
16.0159 	DEBUG 	Uploading Texture Font fontname to graphics card
16.0181 	DEBUG 	Upload of Texture Font fontname complete
16.0214 	DEBUG 	TextBox2 loaded 1 chars with 0 blanks and 1 valid
16.0217 	DEBUG 	TextBox2 loaded 1 chars with 0 blanks and 1 valid
16.0218 	DEBUG 	Uploading Texture Font fontname to graphics card
16.0233 	DEBUG 	Upload of Texture Font fontname complete
16.0400 	DEBUG 	TextBox2 loaded 1 chars with 0 blanks and 1 valid
16.0403 	DEBUG 	TextBox2 loaded 1 chars with 0 blanks and 1 valid
16.0404 	DEBUG 	Uploading Texture Font fontname to graphics card
16.0419 	DEBUG 	Upload of Texture Font fontname complete
16.0803 	EXP 	Created slider_emotion = Slider(__class__=<class 'psychopy.visual.slider.Slider'>, autoDraw=False, autoLog=True, borderColor=None, color=None, colorSpace='rgb', depth=-1, fillColor=None, flip=False, font='Arial', granularity=1.0, labelColor=None, labelHeight=0.035, labelWrapWidth=None, labels=list(...), lineColor=None, markerColor=None, name='slider_emotion', opacity=None, ori=0.0, pos=array([ 0. , -0.1]), readOnly=False, self=UNKNOWN, size=array([1. , 0.1]), startValue=5, style='rating', styleTweaks=[], ticks=array([1, 2, 3, 4, 5, 6, 7, 8, 9]), units='height', win=Window(...))
16.0808 	EXP 	Created text_refresh = TextStim(__class__=<class 'psychopy.visual.text.TextStim'>, alignHoriz=method-wrapper(...), alignText='center', alignVert=method-wrapper(...), anchorHoriz='center', anchorVert='center', antialias=True, autoDraw=False, autoLog=True, bold=False, color=array([1., 1., 1.]), colorSpace='rgb', contrast=1.0, depth=0.0, draggable=False, flipHoriz=False, flipVert=False, font='Arial', fontFiles=[], height=0.05, italic=False, languageStyle='LTR', name='text_refresh', opacity=1, ori=0.0, pos=array([0., 0.]), rgb=UNKNOWN, text='', units='height', win=Window(...), wrapWidth=1)
16.0828 	EXP 	Created wait4trigger_text = TextStim(__class__=<class 'psychopy.visual.text.TextStim'>, alignHoriz=method-wrapper(...), alignText='center', alignVert=method-wrapper(...), anchorHoriz='center', anchorVert='center', antialias=True, autoDraw=False, autoLog=True, bold=False, color=array([1., 1., 1.]), colorSpace='rgb', contrast=1.0, depth=0.0, draggable=False, flipHoriz=False, flipVert=False, font='Arial', fontFiles=[], height=0.05, italic=False, languageStyle='LTR', name='wait4trigger_text', opacity=1, ori=0.0, pos=array([0., 0.]), rgb=UNKNOWN, text='Please wait for the scan to start.', units='height', win=Window(...), wrapWidth=1)
16.0841 	EXP 	Created fake_stimulus_text = TextStim(__class__=<class 'psychopy.visual.text.TextStim'>, alignHoriz=method-wrapper(...), alignText='center', alignVert=method-wrapper(...), anchorHoriz='center', anchorVert='center', antialias=True, autoDraw=False, autoLog=True, bold=False, color=array([1., 1., 1.]), colorSpace='rgb', contrast=1.0, depth=0.0, draggable=False, flipHoriz=False, flipVert=False, font='Arial', fontFiles=[], height=0.05, italic=False, languageStyle='LTR', name='fake_stimulus_text', opacity=1, ori=0.0, pos=array([0., 0.]), rgb=UNKNOWN, text='Please wait for the scan to start.', units='height', win=Window(...), wrapWidth=1)
16.0862 	EXP 	Created fixation = TextStim(__class__=<class 'psychopy.visual.text.TextStim'>, alignHoriz=method-wrapper(...), alignText='center', alignVert=method-wrapper(...), anchorHoriz='center', anchorVert='center', antialias=True, autoDraw=False, autoLog=True, bold=False, color=array([1., 1., 1.]), colorSpace='rgb', contrast=1.0, depth=0.0, draggable=False, flipHoriz=False, flipVert=False, font='Arial', fontFiles=[], height=0.4, italic=False, languageStyle='LTR', name='fixation', opacity=1, ori=0.0, pos=array([0., 0.]), rgb=UNKNOWN, text='+', units='height', win=Window(...), wrapWidth=1)
16.0867 	EXP 	Created text_refresh = TextStim(__class__=<class 'psychopy.visual.text.TextStim'>, alignHoriz=method-wrapper(...), alignText='center', alignVert=method-wrapper(...), anchorHoriz='center', anchorVert='center', antialias=True, autoDraw=False, autoLog=True, bold=False, color=array([1., 1., 1.]), colorSpace='rgb', contrast=1.0, depth=0.0, draggable=False, flipHoriz=False, flipVert=False, font='Arial', fontFiles=[], height=0.05, italic=False, languageStyle='LTR', name='text_refresh', opacity=1, ori=0.0, pos=array([0., 0.]), rgb=UNKNOWN, text='', units='height', win=Window(...), wrapWidth=1)
16.0883 	EXP 	Created rate_emotion_prompt = TextStim(__class__=<class 'psychopy.visual.text.TextStim'>, alignHoriz=method-wrapper(...), alignText='center', alignVert=method-wrapper(...), anchorHoriz='center', anchorVert='center', antialias=True, autoDraw=False, autoLog=True, bold=False, color=array([1., 1., 1.]), colorSpace='rgb', contrast=1.0, depth=0.0, draggable=False, flipHoriz=False, flipVert=False, font='Arial', fontFiles=[], height=0.05, italic=False, languageStyle='LTR', name='rate_emotion_prompt', opacity=1, ori=0.0, pos=array([0. , 0.2]), rgb=UNKNOWN, text=str(...), units='height', win=Window(...), wrapWidth=1)
16.1474 	EXP 	Created slider_emotion = Slider(__class__=<class 'psychopy.visual.slider.Slider'>, autoDraw=False, autoLog=True, borderColor=None, color=None, colorSpace='rgb', depth=-1, fillColor=None, flip=False, font='Arial', granularity=1.0, labelColor=None, labelHeight=0.035, labelWrapWidth=None, labels=list(...), lineColor=None, markerColor=None, name='slider_emotion', opacity=None, ori=0.0, pos=array([ 0. , -0.1]), readOnly=False, self=UNKNOWN, size=array([1. , 0.1]), startValue=5, style='rating', styleTweaks=[], ticks=array([1, 2, 3, 4, 5, 6, 7, 8, 9]), units='height', win=Window(...))
16.1480 	EXP 	Created text_refresh = TextStim(__class__=<class 'psychopy.visual.text.TextStim'>, alignHoriz=method-wrapper(...), alignText='center', alignVert=method-wrapper(...), anchorHoriz='center', anchorVert='center', antialias=True, autoDraw=False, autoLog=True, bold=False, color=array([1., 1., 1.]), colorSpace='rgb', contrast=1.0, depth=0.0, draggable=False, flipHoriz=False, flipVert=False, font='Arial', fontFiles=[], height=0.05, italic=False, languageStyle='LTR', name='text_refresh', opacity=1, ori=0.0, pos=array([0., 0.]), rgb=UNKNOWN, text='', units='height', win=Window(...), wrapWidth=1)
16.1510 	EXP 	Created main_body_questionnaire = TextStim(__class__=<class 'psychopy.visual.text.TextStim'>, alignHoriz=method-wrapper(...), alignText='center', alignVert=method-wrapper(...), anchorHoriz='center', anchorVert='center', antialias=True, autoDraw=False, autoLog=True, bold=False, color=array([1., 1., 1.]), colorSpace='rgb', contrast=1.0, depth=0.0, draggable=False, flipHoriz=False, flipVert=False, font='Arial', fontFiles=[], height=0.05, italic=False, languageStyle='LTR', name='main_body_questionnaire', opacity=1, ori=0.0, pos=array([0. , 0.3]), rgb=UNKNOWN, text='During the MRI my thoughts:', units='height', win=Window(...), wrapWidth=1)
16.1513 	EXP 	Created item_text = TextStim(__class__=<class 'psychopy.visual.text.TextStim'>, alignHoriz=method-wrapper(...), alignText='center', alignVert=method-wrapper(...), anchorHoriz='center', anchorVert='center', antialias=True, autoDraw=False, autoLog=True, bold=False, color=array([1., 1., 1.]), colorSpace='rgb', contrast=1.0, depth=-1.0, draggable=False, flipHoriz=False, flipVert=False, font='Arial', fontFiles=[], height=0.05, italic=False, languageStyle='LTR', name='item_text', opacity=1, ori=0.0, pos=array([0. , 0.1]), rgb=UNKNOWN, text='', units='height', win=Window(...), wrapWidth=1)
16.1742 	DEBUG 	TextBox2 loaded 1 chars with 0 blanks and 1 valid
16.1749 	DEBUG 	TextBox2 loaded 1 chars with 0 blanks and 1 valid
16.1757 	DEBUG 	TextBox2 loaded 1 chars with 0 blanks and 1 valid
16.1761 	DEBUG 	TextBox2 loaded 1 chars with 0 blanks and 1 valid
16.1762 	DEBUG 	Uploading Texture Font fontname to graphics card
16.1780 	DEBUG 	Upload of Texture Font fontname complete
16.1973 	DEBUG 	TextBox2 loaded 1 chars with 0 blanks and 1 valid
16.1974 	DEBUG 	Uploading Texture Font fontname to graphics card
16.1989 	DEBUG 	Upload of Texture Font fontname complete
16.2171 	EXP 	Created slider_thinking_content = Slider(__class__=<class 'psychopy.visual.slider.Slider'>, autoDraw=False, autoLog=True, borderColor=None, color=None, colorSpace='rgb', depth=-2, fillColor=None, flip=False, font='Arial', granularity=1.0, labelColor=None, labelHeight=0.035, labelWrapWidth=None, labels=list(...), lineColor=None, markerColor=None, name='slider_thinking_content', opacity=None, ori=0.0, pos=array([ 0. , -0.1]), readOnly=False, self=UNKNOWN, size=array([1. , 0.1]), startValue=5, style='rating', styleTweaks=[], ticks=array([1, 2, 3, 4, 5, 6, 7, 8, 9]), units='height', win=Window(...))
16.2176 	EXP 	Created text_refresh = TextStim(__class__=<class 'psychopy.visual.text.TextStim'>, alignHoriz=method-wrapper(...), alignText='center', alignVert=method-wrapper(...), anchorHoriz='center', anchorVert='center', antialias=True, autoDraw=False, autoLog=True, bold=False, color=array([1., 1., 1.]), colorSpace='rgb', contrast=1.0, depth=0.0, draggable=False, flipHoriz=False, flipVert=False, font='Arial', fontFiles=[], height=0.05, italic=False, languageStyle='LTR', name='text_refresh', opacity=1, ori=0.0, pos=array([0., 0.]), rgb=UNKNOWN, text='', units='height', win=Window(...), wrapWidth=1)
16.2214 	EXP 	Created goodbye_text = TextStim(__class__=<class 'psychopy.visual.text.TextStim'>, alignHoriz=method-wrapper(...), alignText='center', alignVert=method-wrapper(...), anchorHoriz='center', anchorVert='center', antialias=True, autoDraw=False, autoLog=True, bold=False, color=array([1., 1., 1.]), colorSpace='rgb', contrast=1.0, depth=0.0, draggable=False, flipHoriz=False, flipVert=False, font='Arial', fontFiles=[], height=0.05, italic=False, languageStyle='LTR', name='goodbye_text', opacity=1, ori=0.0, pos=array([0., 0.]), rgb=UNKNOWN, text=str(...), units='height', win=Window(...), wrapWidth=1)
0.0097 	EXP 	slider_emotion: autoLog = True
0.0097 	EXP 	slider_emotion: styleTweaks = []
0.0097 	EXP 	slider_emotion: styleTweaks = []
0.0097 	EXP 	slider_emotion: styleTweaks = []
0.0097 	EXP 	slider_emotion: styleTweaks = []
0.0097 	EXP 	slider_emotion: contrast = 1.0
0.0097 	EXP 	slider_emotion: markerPos = 5
0.0097 	EXP 	slider_emotion: autoLog = True
0.0097 	EXP 	slider_emotion: autoLog = True
0.0097 	EXP 	slider_emotion: styleTweaks = []
0.0097 	EXP 	slider_emotion: styleTweaks = []
0.0097 	EXP 	slider_emotion: styleTweaks = []
0.0097 	EXP 	slider_emotion: styleTweaks = []
0.0097 	EXP 	slider_emotion: contrast = 1.0
0.0097 	EXP 	slider_emotion: markerPos = 5
0.0097 	EXP 	slider_emotion: autoLog = True
0.0097 	EXP 	slider_thinking_content: autoLog = True
0.0097 	EXP 	slider_thinking_content: styleTweaks = []
0.0097 	EXP 	slider_thinking_content: styleTweaks = []
0.0097 	EXP 	slider_thinking_content: styleTweaks = []
0.0097 	EXP 	slider_thinking_content: styleTweaks = []
0.0097 	EXP 	slider_thinking_content: contrast = 1.0
0.0097 	EXP 	slider_thinking_content: markerPos = 5
0.0097 	EXP 	slider_thinking_content: autoLog = True
0.0213 	INFO 	Keyboard events cleared
0.0210 	EXP 	image_welcome: autoDraw = True
6.7954 	WARNING 	t of last frame was 24.45ms (=1/40)
6.8182 	DATA 	Keypress: escape
6.8222 	WARNING 	t of last frame was 26.82ms (=1/37)
6.8607 	EXP 	resting_state_demo: status = STOPPED
6.8708 	EXP 	image_welcome: autoDraw = False
6.8721 	EXP 	resting_state_demo: status = STOPPED
6.8738 	INFO 	saved data to '/Users/Chenxiao/Documents/project_codes/RST_Chinese_beta/data/999_resting_state_demo_2025-06-11_17h27.48.722.csv'
6.8740 	INFO 	saved data to /Users/Chenxiao/Documents/project_codes/RST_Chinese_beta/data/999_resting_state_demo_2025-06-11_17h27.48.722.psydat
7.3965 	DEBUG 	Saving data for resting_state_demo ExperimentHandler
