10.6772 	WARNING 	Font Manager failed to load file /System/Library/PrivateFrameworks/FontServices.framework/Resources/Reserved/PingFangUI.ttc
12.1733 	DEBUG 	Fullscreen settings ignored as running in pilot mode.
12.1742 	INFO 	Loaded monitor calibration from ['2022_04_19 09:31']
12.1745 	WARNING 	This monitor has not been color-calibrated. Using default DKL conversion matrix.
12.2668 	WARNING 	This monitor has not been color-calibrated. Using default DKL conversion matrix.
12.2670 	WARNING 	This monitor has not been color-calibrated. Using default DKL conversion matrix.
12.3221 	EXP 	Created window1 = Window(allowGUI=False, allowStencil=False, autoLog=True, backendConf=UNKNOWN, backgroundFit=<method-wrapper '__getattribute__' of attributeSetter object at 0x17d4efd00>, backgroundImage=<method-wrapper '__getattribute__' of attributeSetter object at 0x17d4efca0>, bitsMode=UNKNOWN, blendMode='avg', bpc=(8, 8, 8), color=array([0, 0, 0]), colorSpace='dkl', depthBits=8, fullscr=True, gamma=None, gammaErrorPolicy='raise', infoMsg=UNKNOWN, lms=UNKNOWN, monitor=<psychopy.monitors.calibTools.Monitor object at 0x17cfac790>, multiSample=False, name='window1', numSamples=2, pos=[0.0, 0.0], screen=0, size=array([3840, 2160]), stencilBits=0, stereo=False, title='PsychoPy', units='height', useFBO=True, useRetina=True, viewOri=0.0, viewPos=None, viewScale=None, waitBlanking=True, winType='pyglet')
12.3222 	EXP 	window1: backgroundImage = ''
12.3222 	EXP 	window1: backgroundFit = 'none'
12.3290 	DEBUG 	TextBox2 loaded 1 chars with 0 blanks and 1 valid
12.3300 	DEBUG 	TextBox2 loaded 1 chars with 0 blanks and 1 valid
12.3311 	DEBUG 	TextBox2 loaded 1 chars with 0 blanks and 1 valid
12.3327 	DEBUG 	TextBox2 loaded 1 chars with 0 blanks and 1 valid
12.3342 	DEBUG 	TextBox2 loaded 1 chars with 0 blanks and 1 valid
12.3347 	DEBUG 	TextBox2 loaded 1 chars with 0 blanks and 1 valid
12.3357 	DEBUG 	TextBox2 loaded 1 chars with 0 blanks and 1 valid
12.3372 	DEBUG 	TextBox2 loaded 1 chars with 0 blanks and 1 valid
12.3374 	DEBUG 	TextBox2 loaded 1 chars with 0 blanks and 1 valid
12.3376 	DEBUG 	TextBox2 loaded 1 chars with 0 blanks and 1 valid
12.3387 	DEBUG 	TextBox2 loaded 1 chars with 0 blanks and 1 valid
12.3396 	DEBUG 	TextBox2 loaded 1 chars with 0 blanks and 1 valid
12.3405 	DEBUG 	TextBox2 loaded 1 chars with 0 blanks and 1 valid
12.3415 	DEBUG 	TextBox2 loaded 1 chars with 0 blanks and 1 valid
12.3422 	DEBUG 	TextBox2 loaded 1 chars with 0 blanks and 1 valid
12.3433 	DEBUG 	TextBox2 loaded 1 chars with 0 blanks and 1 valid
12.3443 	DEBUG 	TextBox2 loaded 1 chars with 0 blanks and 1 valid
12.3446 	DEBUG 	TextBox2 loaded 1 chars with 0 blanks and 1 valid
12.3451 	DEBUG 	TextBox2 loaded 1 chars with 0 blanks and 1 valid
12.3466 	DEBUG 	TextBox2 loaded 1 chars with 0 blanks and 1 valid
12.3468 	DEBUG 	TextBox2 loaded 1 chars with 0 blanks and 1 valid
12.3470 	DEBUG 	Uploading Texture Font fontname to graphics card
12.3501 	DEBUG 	Upload of Texture Font fontname complete
12.3549 	DEBUG 	TextBox2 loaded 1 chars with 0 blanks and 1 valid
12.3564 	DEBUG 	TextBox2 loaded 1 chars with 0 blanks and 1 valid
12.3578 	DEBUG 	TextBox2 loaded 1 chars with 0 blanks and 1 valid
12.3579 	DEBUG 	Uploading Texture Font fontname to graphics card
12.3595 	DEBUG 	Upload of Texture Font fontname complete
12.3607 	EXP 	window1: Attempting to measure frame rate of screen (0) ...
12.3607 	EXP 	window1: recordFrameIntervals = False
12.4880 	EXP 	window1: recordFrameIntervals = True
12.9051 	WARNING 	t of last frame was 29.32ms (=1/34)
13.4228 	WARNING 	Couldn't measure a consistent frame rate!
  - Is your graphics card set to sync to vertical blank?
  - Are you running other processes on your computer?

13.4294 	DEBUG 	TextBox2 loaded 1 chars with 0 blanks and 1 valid
13.4299 	DEBUG 	TextBox2 loaded 1 chars with 0 blanks and 1 valid
13.4309 	DEBUG 	TextBox2 loaded 1 chars with 0 blanks and 1 valid
13.4328 	DEBUG 	TextBox2 loaded 1 chars with 0 blanks and 1 valid
13.4344 	DEBUG 	TextBox2 loaded 1 chars with 0 blanks and 1 valid
13.4362 	DEBUG 	TextBox2 loaded 1 chars with 0 blanks and 1 valid
13.4368 	DEBUG 	TextBox2 loaded 1 chars with 0 blanks and 1 valid
13.4386 	DEBUG 	TextBox2 loaded 1 chars with 0 blanks and 1 valid
13.4407 	DEBUG 	TextBox2 loaded 1 chars with 0 blanks and 1 valid
13.4434 	DEBUG 	TextBox2 loaded 1 chars with 0 blanks and 1 valid
13.4437 	DEBUG 	Uploading Texture Font fontname to graphics card
13.4465 	DEBUG 	Upload of Texture Font fontname complete
15.3720 	INFO 	keyboard.Keyboard is using iohub backend.
15.3720 	INFO 	keyboard.Keyboard is using iohub backend.
15.3720 	INFO 	keyboard.Keyboard is using iohub backend.
15.3720 	INFO 	keyboard.Keyboard is using iohub backend.
15.3720 	INFO 	keyboard.Keyboard is using iohub backend.
15.3721 	EXP 	resting_state_demo: status = STARTED
15.4134 	EXP 	Created text_welcome = TextStim(__class__=<class 'psychopy.visual.text.TextStim'>, alignHoriz=method-wrapper(...), alignText='center', alignVert=method-wrapper(...), anchorHoriz='center', anchorVert='center', antialias=True, autoDraw=False, autoLog=True, bold=False, color=array([1., 1., 1.]), colorSpace='rgb', contrast=1.0, depth=0.0, draggable=False, flipHoriz=False, flipVert=False, font='Heiti SC', fontFiles=[], height=0.05, italic=False, languageStyle='LTR', name='text_welcome', opacity=1, ori=0.0, pos=array([0., 0.]), rgb=UNKNOWN, text=str(...), units='height', win=Window(...), wrapWidth=1000.0)
15.4153 	EXP 	Created text_refresh = TextStim(__class__=<class 'psychopy.visual.text.TextStim'>, alignHoriz=method-wrapper(...), alignText='center', alignVert=method-wrapper(...), anchorHoriz='center', anchorVert='center', antialias=True, autoDraw=False, autoLog=True, bold=False, color=array([1., 1., 1.]), colorSpace='rgb', contrast=1.0, depth=0.0, draggable=False, flipHoriz=False, flipVert=False, font='Arial', fontFiles=[], height=0.05, italic=False, languageStyle='LTR', name='text_refresh', opacity=1, ori=0.0, pos=array([0., 0.]), rgb=UNKNOWN, text='', units='height', win=Window(...), wrapWidth=1)
15.4216 	EXP 	Created rate_emotion_prompt = TextStim(__class__=<class 'psychopy.visual.text.TextStim'>, alignHoriz=method-wrapper(...), alignText='center', alignVert=method-wrapper(...), anchorHoriz='center', anchorVert='center', antialias=True, autoDraw=False, autoLog=True, bold=False, color=array([1., 1., 1.]), colorSpace='rgb', contrast=1.0, depth=0.0, draggable=False, flipHoriz=False, flipVert=False, font='Arial', fontFiles=[], height=0.05, italic=False, languageStyle='LTR', name='rate_emotion_prompt', opacity=1, ori=0.0, pos=array([0. , 0.2]), rgb=UNKNOWN, text=str(...), units='height', win=Window(...), wrapWidth=1)
15.4360 	DEBUG 	TextBox2 loaded 1 chars with 0 blanks and 1 valid
15.4367 	DEBUG 	TextBox2 loaded 1 chars with 0 blanks and 1 valid
15.4372 	DEBUG 	TextBox2 loaded 1 chars with 0 blanks and 1 valid
15.4379 	DEBUG 	TextBox2 loaded 1 chars with 0 blanks and 1 valid
15.4382 	DEBUG 	TextBox2 loaded 1 chars with 0 blanks and 1 valid
15.4384 	DEBUG 	TextBox2 loaded 1 chars with 0 blanks and 1 valid
15.4389 	DEBUG 	TextBox2 loaded 1 chars with 0 blanks and 1 valid
15.4395 	DEBUG 	TextBox2 loaded 1 chars with 0 blanks and 1 valid
15.4398 	DEBUG 	TextBox2 loaded 1 chars with 0 blanks and 1 valid
15.4404 	DEBUG 	TextBox2 loaded 1 chars with 0 blanks and 1 valid
15.4411 	DEBUG 	TextBox2 loaded 1 chars with 0 blanks and 1 valid
15.4418 	DEBUG 	TextBox2 loaded 1 chars with 0 blanks and 1 valid
15.4419 	DEBUG 	Uploading Texture Font fontname to graphics card
15.4442 	DEBUG 	Upload of Texture Font fontname complete
15.4476 	DEBUG 	TextBox2 loaded 1 chars with 0 blanks and 1 valid
15.4479 	DEBUG 	TextBox2 loaded 1 chars with 0 blanks and 1 valid
15.4480 	DEBUG 	Uploading Texture Font fontname to graphics card
15.4495 	DEBUG 	Upload of Texture Font fontname complete
15.4665 	DEBUG 	TextBox2 loaded 1 chars with 0 blanks and 1 valid
15.4669 	DEBUG 	TextBox2 loaded 1 chars with 0 blanks and 1 valid
15.4670 	DEBUG 	Uploading Texture Font fontname to graphics card
15.4684 	DEBUG 	Upload of Texture Font fontname complete
15.5073 	EXP 	Created slider_emotion = Slider(__class__=<class 'psychopy.visual.slider.Slider'>, autoDraw=False, autoLog=True, borderColor=None, color=None, colorSpace='rgb', depth=-1, fillColor=None, flip=False, font='Arial', granularity=1.0, labelColor=None, labelHeight=0.035, labelWrapWidth=None, labels=list(...), lineColor=None, markerColor=None, name='slider_emotion', opacity=None, ori=0.0, pos=array([ 0. , -0.1]), readOnly=False, self=UNKNOWN, size=array([1. , 0.1]), startValue=5, style='rating', styleTweaks=[], ticks=array([1, 2, 3, 4, 5, 6, 7, 8, 9]), units='height', win=Window(...))
15.5079 	EXP 	Created text_refresh = TextStim(__class__=<class 'psychopy.visual.text.TextStim'>, alignHoriz=method-wrapper(...), alignText='center', alignVert=method-wrapper(...), anchorHoriz='center', anchorVert='center', antialias=True, autoDraw=False, autoLog=True, bold=False, color=array([1., 1., 1.]), colorSpace='rgb', contrast=1.0, depth=0.0, draggable=False, flipHoriz=False, flipVert=False, font='Arial', fontFiles=[], height=0.05, italic=False, languageStyle='LTR', name='text_refresh', opacity=1, ori=0.0, pos=array([0., 0.]), rgb=UNKNOWN, text='', units='height', win=Window(...), wrapWidth=1)
15.5104 	EXP 	Created wait4trigger_text = TextStim(__class__=<class 'psychopy.visual.text.TextStim'>, alignHoriz=method-wrapper(...), alignText='center', alignVert=method-wrapper(...), anchorHoriz='center', anchorVert='center', antialias=True, autoDraw=False, autoLog=True, bold=False, color=array([1., 1., 1.]), colorSpace='rgb', contrast=1.0, depth=0.0, draggable=False, flipHoriz=False, flipVert=False, font='Arial', fontFiles=[], height=0.05, italic=False, languageStyle='LTR', name='wait4trigger_text', opacity=1, ori=0.0, pos=array([0., 0.]), rgb=UNKNOWN, text='Please wait for the scan to start.', units='height', win=Window(...), wrapWidth=1)
15.5117 	EXP 	Created fake_stimulus_text = TextStim(__class__=<class 'psychopy.visual.text.TextStim'>, alignHoriz=method-wrapper(...), alignText='center', alignVert=method-wrapper(...), anchorHoriz='center', anchorVert='center', antialias=True, autoDraw=False, autoLog=True, bold=False, color=array([1., 1., 1.]), colorSpace='rgb', contrast=1.0, depth=0.0, draggable=False, flipHoriz=False, flipVert=False, font='Arial', fontFiles=[], height=0.05, italic=False, languageStyle='LTR', name='fake_stimulus_text', opacity=1, ori=0.0, pos=array([0., 0.]), rgb=UNKNOWN, text='Please wait for the scan to start.', units='height', win=Window(...), wrapWidth=1)
15.5135 	EXP 	Created fixation = TextStim(__class__=<class 'psychopy.visual.text.TextStim'>, alignHoriz=method-wrapper(...), alignText='center', alignVert=method-wrapper(...), anchorHoriz='center', anchorVert='center', antialias=True, autoDraw=False, autoLog=True, bold=False, color=array([1., 1., 1.]), colorSpace='rgb', contrast=1.0, depth=0.0, draggable=False, flipHoriz=False, flipVert=False, font='Arial', fontFiles=[], height=0.4, italic=False, languageStyle='LTR', name='fixation', opacity=1, ori=0.0, pos=array([0., 0.]), rgb=UNKNOWN, text='+', units='height', win=Window(...), wrapWidth=1)
15.5140 	EXP 	Created text_refresh = TextStim(__class__=<class 'psychopy.visual.text.TextStim'>, alignHoriz=method-wrapper(...), alignText='center', alignVert=method-wrapper(...), anchorHoriz='center', anchorVert='center', antialias=True, autoDraw=False, autoLog=True, bold=False, color=array([1., 1., 1.]), colorSpace='rgb', contrast=1.0, depth=0.0, draggable=False, flipHoriz=False, flipVert=False, font='Arial', fontFiles=[], height=0.05, italic=False, languageStyle='LTR', name='text_refresh', opacity=1, ori=0.0, pos=array([0., 0.]), rgb=UNKNOWN, text='', units='height', win=Window(...), wrapWidth=1)
15.5168 	EXP 	Created rate_emotion_prompt = TextStim(__class__=<class 'psychopy.visual.text.TextStim'>, alignHoriz=method-wrapper(...), alignText='center', alignVert=method-wrapper(...), anchorHoriz='center', anchorVert='center', antialias=True, autoDraw=False, autoLog=True, bold=False, color=array([1., 1., 1.]), colorSpace='rgb', contrast=1.0, depth=0.0, draggable=False, flipHoriz=False, flipVert=False, font='Arial', fontFiles=[], height=0.05, italic=False, languageStyle='LTR', name='rate_emotion_prompt', opacity=1, ori=0.0, pos=array([0. , 0.2]), rgb=UNKNOWN, text=str(...), units='height', win=Window(...), wrapWidth=1)
15.5764 	EXP 	Created slider_emotion = Slider(__class__=<class 'psychopy.visual.slider.Slider'>, autoDraw=False, autoLog=True, borderColor=None, color=None, colorSpace='rgb', depth=-1, fillColor=None, flip=False, font='Arial', granularity=1.0, labelColor=None, labelHeight=0.035, labelWrapWidth=None, labels=list(...), lineColor=None, markerColor=None, name='slider_emotion', opacity=None, ori=0.0, pos=array([ 0. , -0.1]), readOnly=False, self=UNKNOWN, size=array([1. , 0.1]), startValue=5, style='rating', styleTweaks=[], ticks=array([1, 2, 3, 4, 5, 6, 7, 8, 9]), units='height', win=Window(...))
15.5770 	EXP 	Created text_refresh = TextStim(__class__=<class 'psychopy.visual.text.TextStim'>, alignHoriz=method-wrapper(...), alignText='center', alignVert=method-wrapper(...), anchorHoriz='center', anchorVert='center', antialias=True, autoDraw=False, autoLog=True, bold=False, color=array([1., 1., 1.]), colorSpace='rgb', contrast=1.0, depth=0.0, draggable=False, flipHoriz=False, flipVert=False, font='Arial', fontFiles=[], height=0.05, italic=False, languageStyle='LTR', name='text_refresh', opacity=1, ori=0.0, pos=array([0., 0.]), rgb=UNKNOWN, text='', units='height', win=Window(...), wrapWidth=1)
15.5798 	EXP 	Created main_body_questionnaire = TextStim(__class__=<class 'psychopy.visual.text.TextStim'>, alignHoriz=method-wrapper(...), alignText='center', alignVert=method-wrapper(...), anchorHoriz='center', anchorVert='center', antialias=True, autoDraw=False, autoLog=True, bold=False, color=array([1., 1., 1.]), colorSpace='rgb', contrast=1.0, depth=0.0, draggable=False, flipHoriz=False, flipVert=False, font='Arial', fontFiles=[], height=0.05, italic=False, languageStyle='LTR', name='main_body_questionnaire', opacity=1, ori=0.0, pos=array([0. , 0.3]), rgb=UNKNOWN, text='During the MRI my thoughts:', units='height', win=Window(...), wrapWidth=1)
15.5802 	EXP 	Created item_text = TextStim(__class__=<class 'psychopy.visual.text.TextStim'>, alignHoriz=method-wrapper(...), alignText='center', alignVert=method-wrapper(...), anchorHoriz='center', anchorVert='center', antialias=True, autoDraw=False, autoLog=True, bold=False, color=array([1., 1., 1.]), colorSpace='rgb', contrast=1.0, depth=-1.0, draggable=False, flipHoriz=False, flipVert=False, font='Arial', fontFiles=[], height=0.05, italic=False, languageStyle='LTR', name='item_text', opacity=1, ori=0.0, pos=array([0. , 0.1]), rgb=UNKNOWN, text='', units='height', win=Window(...), wrapWidth=1)
15.6037 	DEBUG 	TextBox2 loaded 1 chars with 0 blanks and 1 valid
15.6044 	DEBUG 	TextBox2 loaded 1 chars with 0 blanks and 1 valid
15.6052 	DEBUG 	TextBox2 loaded 1 chars with 0 blanks and 1 valid
15.6056 	DEBUG 	TextBox2 loaded 1 chars with 0 blanks and 1 valid
15.6058 	DEBUG 	Uploading Texture Font fontname to graphics card
15.6076 	DEBUG 	Upload of Texture Font fontname complete
15.6275 	DEBUG 	TextBox2 loaded 1 chars with 0 blanks and 1 valid
15.6276 	DEBUG 	Uploading Texture Font fontname to graphics card
15.6291 	DEBUG 	Upload of Texture Font fontname complete
15.6479 	EXP 	Created slider_thinking_content = Slider(__class__=<class 'psychopy.visual.slider.Slider'>, autoDraw=False, autoLog=True, borderColor=None, color=None, colorSpace='rgb', depth=-2, fillColor=None, flip=False, font='Arial', granularity=1.0, labelColor=None, labelHeight=0.035, labelWrapWidth=None, labels=list(...), lineColor=None, markerColor=None, name='slider_thinking_content', opacity=None, ori=0.0, pos=array([ 0. , -0.1]), readOnly=False, self=UNKNOWN, size=array([1. , 0.1]), startValue=5, style='rating', styleTweaks=[], ticks=array([1, 2, 3, 4, 5, 6, 7, 8, 9]), units='height', win=Window(...))
15.6484 	EXP 	Created text_refresh = TextStim(__class__=<class 'psychopy.visual.text.TextStim'>, alignHoriz=method-wrapper(...), alignText='center', alignVert=method-wrapper(...), anchorHoriz='center', anchorVert='center', antialias=True, autoDraw=False, autoLog=True, bold=False, color=array([1., 1., 1.]), colorSpace='rgb', contrast=1.0, depth=0.0, draggable=False, flipHoriz=False, flipVert=False, font='Arial', fontFiles=[], height=0.05, italic=False, languageStyle='LTR', name='text_refresh', opacity=1, ori=0.0, pos=array([0., 0.]), rgb=UNKNOWN, text='', units='height', win=Window(...), wrapWidth=1)
15.6526 	EXP 	Created goodbye_text = TextStim(__class__=<class 'psychopy.visual.text.TextStim'>, alignHoriz=method-wrapper(...), alignText='center', alignVert=method-wrapper(...), anchorHoriz='center', anchorVert='center', antialias=True, autoDraw=False, autoLog=True, bold=False, color=array([1., 1., 1.]), colorSpace='rgb', contrast=1.0, depth=0.0, draggable=False, flipHoriz=False, flipVert=False, font='Arial', fontFiles=[], height=0.05, italic=False, languageStyle='LTR', name='goodbye_text', opacity=1, ori=0.0, pos=array([0., 0.]), rgb=UNKNOWN, text=str(...), units='height', win=Window(...), wrapWidth=1)
0.0159 	EXP 	slider_emotion: autoLog = True
0.0159 	EXP 	slider_emotion: styleTweaks = []
0.0159 	EXP 	slider_emotion: styleTweaks = []
0.0159 	EXP 	slider_emotion: styleTweaks = []
0.0159 	EXP 	slider_emotion: styleTweaks = []
0.0159 	EXP 	slider_emotion: contrast = 1.0
0.0159 	EXP 	slider_emotion: markerPos = 5
0.0159 	EXP 	slider_emotion: autoLog = True
0.0159 	EXP 	slider_emotion: autoLog = True
0.0159 	EXP 	slider_emotion: styleTweaks = []
0.0159 	EXP 	slider_emotion: styleTweaks = []
0.0159 	EXP 	slider_emotion: styleTweaks = []
0.0159 	EXP 	slider_emotion: styleTweaks = []
0.0159 	EXP 	slider_emotion: contrast = 1.0
0.0159 	EXP 	slider_emotion: markerPos = 5
0.0159 	EXP 	slider_emotion: autoLog = True
0.0159 	EXP 	slider_thinking_content: autoLog = True
0.0159 	EXP 	slider_thinking_content: styleTweaks = []
0.0159 	EXP 	slider_thinking_content: styleTweaks = []
0.0159 	EXP 	slider_thinking_content: styleTweaks = []
0.0159 	EXP 	slider_thinking_content: styleTweaks = []
0.0159 	EXP 	slider_thinking_content: contrast = 1.0
0.0159 	EXP 	slider_thinking_content: markerPos = 5
0.0159 	EXP 	slider_thinking_content: autoLog = True
0.0278 	INFO 	Keyboard events cleared
0.0275 	EXP 	text_welcome: autoDraw = True
1.5867 	WARNING 	t of last frame was 67.85ms (=1/14)
8.8532 	WARNING 	t of last frame was 27.82ms (=1/35)
8.8713 	DATA 	Keypress: escape
8.8756 	WARNING 	t of last frame was 22.35ms (=1/44)
8.8777 	EXP 	resting_state_demo: status = STOPPED
8.8860 	EXP 	text_welcome: autoDraw = False
8.8872 	EXP 	resting_state_demo: status = STOPPED
8.8890 	INFO 	saved data to '/Users/Chenxiao/Documents/project_codes/RST_Chinese_beta/data/999_resting_state_demo_2025-06-10_17h00.34.405.csv'
8.8892 	INFO 	saved data to /Users/Chenxiao/Documents/project_codes/RST_Chinese_beta/data/999_resting_state_demo_2025-06-10_17h00.34.405.psydat
9.4568 	DEBUG 	Saving data for resting_state_demo ExperimentHandler
