10.6686 	WARNING 	Font Manager failed to load file /System/Library/PrivateFrameworks/FontServices.framework/Resources/Reserved/PingFangUI.ttc
13.3949 	DEBUG 	Fullscreen settings ignored as running in pilot mode.
13.3959 	INFO 	Loaded monitor calibration from ['2022_04_19 09:31']
13.3963 	WARNING 	This monitor has not been color-calibrated. Using default DKL conversion matrix.
13.4820 	WARNING 	This monitor has not been color-calibrated. Using default DKL conversion matrix.
13.4822 	WARNING 	This monitor has not been color-calibrated. Using default DKL conversion matrix.
13.5315 	EXP 	Created window1 = Window(allowGUI=False, allowStencil=False, autoLog=True, backendConf=UNKNOWN, backgroundFit=<method-wrapper '__getattribute__' of attributeSetter object at 0x17e81ec80>, backgroundImage=<method-wrapper '__getattribute__' of attributeSetter object at 0x17e81ece0>, bitsMode=UNKNOWN, blendMode='avg', bpc=(8, 8, 8), color=array([0, 0, 0]), colorSpace='dkl', depthBits=8, fullscr=False, gamma=None, gammaErrorPolicy='raise', infoMsg=UNKNOWN, lms=UNKNOWN, monitor=<psychopy.monitors.calibTools.Monitor object at 0x17e8ac3d0>, multiSample=False, name='window1', numSamples=2, pos=[560.0, 240.0], screen=0, size=array([1600, 1200]), stencilBits=0, stereo=False, title='PsychoPy', units='height', useFBO=True, useRetina=True, viewOri=0.0, viewPos=None, viewScale=None, waitBlanking=True, winType='pyglet')
13.5315 	EXP 	window1: backgroundImage = ''
13.5315 	EXP 	window1: backgroundFit = 'none'
13.5377 	DEBUG 	TextBox2 loaded 1 chars with 0 blanks and 1 valid
13.5381 	DEBUG 	TextBox2 loaded 1 chars with 0 blanks and 1 valid
13.5385 	DEBUG 	TextBox2 loaded 1 chars with 0 blanks and 1 valid
13.5390 	DEBUG 	TextBox2 loaded 1 chars with 0 blanks and 1 valid
13.5395 	DEBUG 	TextBox2 loaded 1 chars with 0 blanks and 1 valid
13.5397 	DEBUG 	TextBox2 loaded 1 chars with 0 blanks and 1 valid
13.5402 	DEBUG 	TextBox2 loaded 1 chars with 0 blanks and 1 valid
13.5408 	DEBUG 	TextBox2 loaded 1 chars with 0 blanks and 1 valid
13.5409 	DEBUG 	TextBox2 loaded 1 chars with 0 blanks and 1 valid
13.5410 	DEBUG 	TextBox2 loaded 1 chars with 0 blanks and 1 valid
13.5414 	DEBUG 	TextBox2 loaded 1 chars with 0 blanks and 1 valid
13.5418 	DEBUG 	TextBox2 loaded 1 chars with 0 blanks and 1 valid
13.5421 	DEBUG 	TextBox2 loaded 1 chars with 0 blanks and 1 valid
13.5425 	DEBUG 	TextBox2 loaded 1 chars with 0 blanks and 1 valid
13.5428 	DEBUG 	TextBox2 loaded 1 chars with 0 blanks and 1 valid
13.5432 	DEBUG 	TextBox2 loaded 1 chars with 0 blanks and 1 valid
13.5436 	DEBUG 	TextBox2 loaded 1 chars with 0 blanks and 1 valid
13.5438 	DEBUG 	TextBox2 loaded 1 chars with 0 blanks and 1 valid
13.5440 	DEBUG 	TextBox2 loaded 1 chars with 0 blanks and 1 valid
13.5446 	DEBUG 	TextBox2 loaded 1 chars with 0 blanks and 1 valid
13.5447 	DEBUG 	TextBox2 loaded 1 chars with 0 blanks and 1 valid
13.5449 	DEBUG 	Uploading Texture Font fontname to graphics card
13.5478 	DEBUG 	Upload of Texture Font fontname complete
13.5515 	DEBUG 	TextBox2 loaded 1 chars with 0 blanks and 1 valid
13.5520 	DEBUG 	TextBox2 loaded 1 chars with 0 blanks and 1 valid
13.5526 	DEBUG 	TextBox2 loaded 1 chars with 0 blanks and 1 valid
13.5527 	DEBUG 	Uploading Texture Font fontname to graphics card
13.5541 	DEBUG 	Upload of Texture Font fontname complete
13.5552 	EXP 	window1: Attempting to measure frame rate of screen (0) ...
13.5552 	EXP 	window1: recordFrameIntervals = False
13.6824 	EXP 	window1: recordFrameIntervals = True
14.5163 	WARNING 	Couldn't measure a consistent frame rate!
  - Is your graphics card set to sync to vertical blank?
  - Are you running other processes on your computer?

14.5241 	DEBUG 	TextBox2 loaded 1 chars with 0 blanks and 1 valid
14.5246 	DEBUG 	TextBox2 loaded 1 chars with 0 blanks and 1 valid
14.5255 	DEBUG 	TextBox2 loaded 1 chars with 0 blanks and 1 valid
14.5266 	DEBUG 	TextBox2 loaded 1 chars with 0 blanks and 1 valid
14.5276 	DEBUG 	TextBox2 loaded 1 chars with 0 blanks and 1 valid
14.5286 	DEBUG 	TextBox2 loaded 1 chars with 0 blanks and 1 valid
14.5290 	DEBUG 	TextBox2 loaded 1 chars with 0 blanks and 1 valid
14.5298 	DEBUG 	TextBox2 loaded 1 chars with 0 blanks and 1 valid
14.5308 	DEBUG 	TextBox2 loaded 1 chars with 0 blanks and 1 valid
14.5317 	DEBUG 	TextBox2 loaded 1 chars with 0 blanks and 1 valid
14.5319 	DEBUG 	Uploading Texture Font fontname to graphics card
14.5346 	DEBUG 	Upload of Texture Font fontname complete
14.5489 	WARNING 	launchHubServer: If using the iohub mouse or eyetracker devices, fullScr should be True.
16.4491 	INFO 	keyboard.Keyboard is using iohub backend.
16.4491 	INFO 	keyboard.Keyboard is using iohub backend.
16.4491 	INFO 	keyboard.Keyboard is using iohub backend.
16.4491 	INFO 	keyboard.Keyboard is using iohub backend.
16.4492 	INFO 	keyboard.Keyboard is using iohub backend.
16.4492 	EXP 	resting_state_demo: status = STARTED
16.4805 	EXP 	Created text = TextStim(__class__=<class 'psychopy.visual.text.TextStim'>, alignHoriz=method-wrapper(...), alignText='center', alignVert=method-wrapper(...), anchorHoriz='center', anchorVert='center', antialias=True, autoDraw=False, autoLog=True, bold=False, color=array([1., 1., 1.]), colorSpace='rgb', contrast=1.0, depth=0.0, draggable=False, flipHoriz=False, flipVert=False, font='Arial', fontFiles=[], height=0.05, italic=False, languageStyle='LTR', name='text', opacity=1, ori=0.0, pos=array([0., 0.]), rgb=UNKNOWN, text=str(...), units='height', win=Window(...), wrapWidth=0.8)
16.4811 	EXP 	Created text_refresh = TextStim(__class__=<class 'psychopy.visual.text.TextStim'>, alignHoriz=method-wrapper(...), alignText='center', alignVert=method-wrapper(...), anchorHoriz='center', anchorVert='center', antialias=True, autoDraw=False, autoLog=True, bold=False, color=array([1., 1., 1.]), colorSpace='rgb', contrast=1.0, depth=0.0, draggable=False, flipHoriz=False, flipVert=False, font='Arial', fontFiles=[], height=0.05, italic=False, languageStyle='LTR', name='text_refresh', opacity=1, ori=0.0, pos=array([0., 0.]), rgb=UNKNOWN, text='', units='height', win=Window(...), wrapWidth=1)
16.4828 	EXP 	Created rate_emotion_prompt = TextStim(__class__=<class 'psychopy.visual.text.TextStim'>, alignHoriz=method-wrapper(...), alignText='center', alignVert=method-wrapper(...), anchorHoriz='center', anchorVert='center', antialias=True, autoDraw=False, autoLog=True, bold=False, color=array([1., 1., 1.]), colorSpace='rgb', contrast=1.0, depth=0.0, draggable=False, flipHoriz=False, flipVert=False, font='Arial', fontFiles=[], height=0.05, italic=False, languageStyle='LTR', name='rate_emotion_prompt', opacity=1, ori=0.0, pos=array([0. , 0.2]), rgb=UNKNOWN, text=str(...), units='height', win=Window(...), wrapWidth=1)
16.4961 	DEBUG 	TextBox2 loaded 1 chars with 0 blanks and 1 valid
16.4965 	DEBUG 	TextBox2 loaded 1 chars with 0 blanks and 1 valid
16.4968 	DEBUG 	TextBox2 loaded 1 chars with 0 blanks and 1 valid
16.4971 	DEBUG 	TextBox2 loaded 1 chars with 0 blanks and 1 valid
16.4973 	DEBUG 	TextBox2 loaded 1 chars with 0 blanks and 1 valid
16.4975 	DEBUG 	TextBox2 loaded 1 chars with 0 blanks and 1 valid
16.4978 	DEBUG 	TextBox2 loaded 1 chars with 0 blanks and 1 valid
16.4981 	DEBUG 	TextBox2 loaded 1 chars with 0 blanks and 1 valid
16.4983 	DEBUG 	TextBox2 loaded 1 chars with 0 blanks and 1 valid
16.4987 	DEBUG 	TextBox2 loaded 1 chars with 0 blanks and 1 valid
16.4990 	DEBUG 	TextBox2 loaded 1 chars with 0 blanks and 1 valid
16.4994 	DEBUG 	TextBox2 loaded 1 chars with 0 blanks and 1 valid
16.4995 	DEBUG 	Uploading Texture Font fontname to graphics card
16.5017 	DEBUG 	Upload of Texture Font fontname complete
16.5045 	DEBUG 	TextBox2 loaded 1 chars with 0 blanks and 1 valid
16.5047 	DEBUG 	TextBox2 loaded 1 chars with 0 blanks and 1 valid
16.5049 	DEBUG 	Uploading Texture Font fontname to graphics card
16.5063 	DEBUG 	Upload of Texture Font fontname complete
16.5227 	DEBUG 	TextBox2 loaded 1 chars with 0 blanks and 1 valid
16.5230 	DEBUG 	TextBox2 loaded 1 chars with 0 blanks and 1 valid
16.5231 	DEBUG 	Uploading Texture Font fontname to graphics card
16.5246 	DEBUG 	Upload of Texture Font fontname complete
16.5633 	EXP 	Created slider_emotion = Slider(__class__=<class 'psychopy.visual.slider.Slider'>, autoDraw=False, autoLog=True, borderColor=None, color=None, colorSpace='rgb', depth=-1, fillColor=None, flip=False, font='Arial', granularity=1.0, labelColor=None, labelHeight=0.035, labelWrapWidth=None, labels=list(...), lineColor=None, markerColor=None, name='slider_emotion', opacity=None, ori=0.0, pos=array([ 0. , -0.1]), readOnly=False, self=UNKNOWN, size=array([1. , 0.1]), startValue=5, style='rating', styleTweaks=[], ticks=array([1, 2, 3, 4, 5, 6, 7, 8, 9]), units='height', win=Window(...))
16.5639 	EXP 	Created text_refresh = TextStim(__class__=<class 'psychopy.visual.text.TextStim'>, alignHoriz=method-wrapper(...), alignText='center', alignVert=method-wrapper(...), anchorHoriz='center', anchorVert='center', antialias=True, autoDraw=False, autoLog=True, bold=False, color=array([1., 1., 1.]), colorSpace='rgb', contrast=1.0, depth=0.0, draggable=False, flipHoriz=False, flipVert=False, font='Arial', fontFiles=[], height=0.05, italic=False, languageStyle='LTR', name='text_refresh', opacity=1, ori=0.0, pos=array([0., 0.]), rgb=UNKNOWN, text='', units='height', win=Window(...), wrapWidth=1)
16.5655 	EXP 	Created wait4trigger_text = TextStim(__class__=<class 'psychopy.visual.text.TextStim'>, alignHoriz=method-wrapper(...), alignText='center', alignVert=method-wrapper(...), anchorHoriz='center', anchorVert='center', antialias=True, autoDraw=False, autoLog=True, bold=False, color=array([1., 1., 1.]), colorSpace='rgb', contrast=1.0, depth=0.0, draggable=False, flipHoriz=False, flipVert=False, font='Arial', fontFiles=[], height=0.05, italic=False, languageStyle='LTR', name='wait4trigger_text', opacity=1, ori=0.0, pos=array([0., 0.]), rgb=UNKNOWN, text='Please wait for the scan to start.', units='height', win=Window(...), wrapWidth=1)
16.5667 	EXP 	Created fake_stimulus_text = TextStim(__class__=<class 'psychopy.visual.text.TextStim'>, alignHoriz=method-wrapper(...), alignText='center', alignVert=method-wrapper(...), anchorHoriz='center', anchorVert='center', antialias=True, autoDraw=False, autoLog=True, bold=False, color=array([1., 1., 1.]), colorSpace='rgb', contrast=1.0, depth=0.0, draggable=False, flipHoriz=False, flipVert=False, font='Arial', fontFiles=[], height=0.05, italic=False, languageStyle='LTR', name='fake_stimulus_text', opacity=1, ori=0.0, pos=array([0., 0.]), rgb=UNKNOWN, text='Please wait for the scan to start.', units='height', win=Window(...), wrapWidth=1)
16.5685 	EXP 	Created fixation = TextStim(__class__=<class 'psychopy.visual.text.TextStim'>, alignHoriz=method-wrapper(...), alignText='center', alignVert=method-wrapper(...), anchorHoriz='center', anchorVert='center', antialias=True, autoDraw=False, autoLog=True, bold=False, color=array([1., 1., 1.]), colorSpace='rgb', contrast=1.0, depth=0.0, draggable=False, flipHoriz=False, flipVert=False, font='Arial', fontFiles=[], height=0.4, italic=False, languageStyle='LTR', name='fixation', opacity=1, ori=0.0, pos=array([0., 0.]), rgb=UNKNOWN, text='+', units='height', win=Window(...), wrapWidth=1)
16.5691 	EXP 	Created text_refresh = TextStim(__class__=<class 'psychopy.visual.text.TextStim'>, alignHoriz=method-wrapper(...), alignText='center', alignVert=method-wrapper(...), anchorHoriz='center', anchorVert='center', antialias=True, autoDraw=False, autoLog=True, bold=False, color=array([1., 1., 1.]), colorSpace='rgb', contrast=1.0, depth=0.0, draggable=False, flipHoriz=False, flipVert=False, font='Arial', fontFiles=[], height=0.05, italic=False, languageStyle='LTR', name='text_refresh', opacity=1, ori=0.0, pos=array([0., 0.]), rgb=UNKNOWN, text='', units='height', win=Window(...), wrapWidth=1)
16.5706 	EXP 	Created rate_emotion_prompt = TextStim(__class__=<class 'psychopy.visual.text.TextStim'>, alignHoriz=method-wrapper(...), alignText='center', alignVert=method-wrapper(...), anchorHoriz='center', anchorVert='center', antialias=True, autoDraw=False, autoLog=True, bold=False, color=array([1., 1., 1.]), colorSpace='rgb', contrast=1.0, depth=0.0, draggable=False, flipHoriz=False, flipVert=False, font='Arial', fontFiles=[], height=0.05, italic=False, languageStyle='LTR', name='rate_emotion_prompt', opacity=1, ori=0.0, pos=array([0. , 0.2]), rgb=UNKNOWN, text=str(...), units='height', win=Window(...), wrapWidth=1)
16.6299 	EXP 	Created slider_emotion = Slider(__class__=<class 'psychopy.visual.slider.Slider'>, autoDraw=False, autoLog=True, borderColor=None, color=None, colorSpace='rgb', depth=-1, fillColor=None, flip=False, font='Arial', granularity=1.0, labelColor=None, labelHeight=0.035, labelWrapWidth=None, labels=list(...), lineColor=None, markerColor=None, name='slider_emotion', opacity=None, ori=0.0, pos=array([ 0. , -0.1]), readOnly=False, self=UNKNOWN, size=array([1. , 0.1]), startValue=5, style='rating', styleTweaks=[], ticks=array([1, 2, 3, 4, 5, 6, 7, 8, 9]), units='height', win=Window(...))
16.6305 	EXP 	Created text_refresh = TextStim(__class__=<class 'psychopy.visual.text.TextStim'>, alignHoriz=method-wrapper(...), alignText='center', alignVert=method-wrapper(...), anchorHoriz='center', anchorVert='center', antialias=True, autoDraw=False, autoLog=True, bold=False, color=array([1., 1., 1.]), colorSpace='rgb', contrast=1.0, depth=0.0, draggable=False, flipHoriz=False, flipVert=False, font='Arial', fontFiles=[], height=0.05, italic=False, languageStyle='LTR', name='text_refresh', opacity=1, ori=0.0, pos=array([0., 0.]), rgb=UNKNOWN, text='', units='height', win=Window(...), wrapWidth=1)
16.6329 	EXP 	Created main_body_questionnaire = TextStim(__class__=<class 'psychopy.visual.text.TextStim'>, alignHoriz=method-wrapper(...), alignText='center', alignVert=method-wrapper(...), anchorHoriz='center', anchorVert='center', antialias=True, autoDraw=False, autoLog=True, bold=False, color=array([1., 1., 1.]), colorSpace='rgb', contrast=1.0, depth=0.0, draggable=False, flipHoriz=False, flipVert=False, font='Arial', fontFiles=[], height=0.05, italic=False, languageStyle='LTR', name='main_body_questionnaire', opacity=1, ori=0.0, pos=array([0. , 0.3]), rgb=UNKNOWN, text='During the MRI my thoughts:', units='height', win=Window(...), wrapWidth=1)
16.6332 	EXP 	Created item_text = TextStim(__class__=<class 'psychopy.visual.text.TextStim'>, alignHoriz=method-wrapper(...), alignText='center', alignVert=method-wrapper(...), anchorHoriz='center', anchorVert='center', antialias=True, autoDraw=False, autoLog=True, bold=False, color=array([1., 1., 1.]), colorSpace='rgb', contrast=1.0, depth=-1.0, draggable=False, flipHoriz=False, flipVert=False, font='Arial', fontFiles=[], height=0.05, italic=False, languageStyle='LTR', name='item_text', opacity=1, ori=0.0, pos=array([0. , 0.1]), rgb=UNKNOWN, text='', units='height', win=Window(...), wrapWidth=1)
16.6558 	DEBUG 	TextBox2 loaded 1 chars with 0 blanks and 1 valid
16.6562 	DEBUG 	TextBox2 loaded 1 chars with 0 blanks and 1 valid
16.6566 	DEBUG 	TextBox2 loaded 1 chars with 0 blanks and 1 valid
16.6569 	DEBUG 	TextBox2 loaded 1 chars with 0 blanks and 1 valid
16.6571 	DEBUG 	Uploading Texture Font fontname to graphics card
16.6588 	DEBUG 	Upload of Texture Font fontname complete
16.6777 	DEBUG 	TextBox2 loaded 1 chars with 0 blanks and 1 valid
16.6778 	DEBUG 	Uploading Texture Font fontname to graphics card
16.6793 	DEBUG 	Upload of Texture Font fontname complete
16.6975 	EXP 	Created slider_thinking_content = Slider(__class__=<class 'psychopy.visual.slider.Slider'>, autoDraw=False, autoLog=True, borderColor=None, color=None, colorSpace='rgb', depth=-2, fillColor=None, flip=False, font='Arial', granularity=1.0, labelColor=None, labelHeight=0.035, labelWrapWidth=None, labels=list(...), lineColor=None, markerColor=None, name='slider_thinking_content', opacity=None, ori=0.0, pos=array([ 0. , -0.1]), readOnly=False, self=UNKNOWN, size=array([1. , 0.1]), startValue=5, style='rating', styleTweaks=[], ticks=array([1, 2, 3, 4, 5, 6, 7, 8, 9]), units='height', win=Window(...))
16.6981 	EXP 	Created text_refresh = TextStim(__class__=<class 'psychopy.visual.text.TextStim'>, alignHoriz=method-wrapper(...), alignText='center', alignVert=method-wrapper(...), anchorHoriz='center', anchorVert='center', antialias=True, autoDraw=False, autoLog=True, bold=False, color=array([1., 1., 1.]), colorSpace='rgb', contrast=1.0, depth=0.0, draggable=False, flipHoriz=False, flipVert=False, font='Arial', fontFiles=[], height=0.05, italic=False, languageStyle='LTR', name='text_refresh', opacity=1, ori=0.0, pos=array([0., 0.]), rgb=UNKNOWN, text='', units='height', win=Window(...), wrapWidth=1)
16.7014 	EXP 	Created goodbye_text = TextStim(__class__=<class 'psychopy.visual.text.TextStim'>, alignHoriz=method-wrapper(...), alignText='center', alignVert=method-wrapper(...), anchorHoriz='center', anchorVert='center', antialias=True, autoDraw=False, autoLog=True, bold=False, color=array([1., 1., 1.]), colorSpace='rgb', contrast=1.0, depth=0.0, draggable=False, flipHoriz=False, flipVert=False, font='Arial', fontFiles=[], height=0.05, italic=False, languageStyle='LTR', name='goodbye_text', opacity=1, ori=0.0, pos=array([0., 0.]), rgb=UNKNOWN, text=str(...), units='height', win=Window(...), wrapWidth=1)
0.0069 	EXP 	slider_emotion: autoLog = True
0.0069 	EXP 	slider_emotion: styleTweaks = []
0.0069 	EXP 	slider_emotion: styleTweaks = []
0.0069 	EXP 	slider_emotion: styleTweaks = []
0.0069 	EXP 	slider_emotion: styleTweaks = []
0.0069 	EXP 	slider_emotion: contrast = 1.0
0.0069 	EXP 	slider_emotion: markerPos = 5
0.0069 	EXP 	slider_emotion: autoLog = True
0.0069 	EXP 	slider_emotion: autoLog = True
0.0069 	EXP 	slider_emotion: styleTweaks = []
0.0069 	EXP 	slider_emotion: styleTweaks = []
0.0069 	EXP 	slider_emotion: styleTweaks = []
0.0069 	EXP 	slider_emotion: styleTweaks = []
0.0069 	EXP 	slider_emotion: contrast = 1.0
0.0069 	EXP 	slider_emotion: markerPos = 5
0.0069 	EXP 	slider_emotion: autoLog = True
0.0069 	EXP 	slider_thinking_content: autoLog = True
0.0069 	EXP 	slider_thinking_content: styleTweaks = []
0.0069 	EXP 	slider_thinking_content: styleTweaks = []
0.0069 	EXP 	slider_thinking_content: styleTweaks = []
0.0069 	EXP 	slider_thinking_content: styleTweaks = []
0.0069 	EXP 	slider_thinking_content: contrast = 1.0
0.0069 	EXP 	slider_thinking_content: markerPos = 5
0.0069 	EXP 	slider_thinking_content: autoLog = True
0.0211 	INFO 	Keyboard events cleared
0.0208 	EXP 	text: autoDraw = True
5.0192 	EXP 	text: autoDraw = False
6.7906 	WARNING 	t of last frame was 22.25ms (=1/44)
6.8120 	DATA 	Keypress: escape
6.8145 	WARNING 	t of last frame was 23.92ms (=1/41)
6.8336 	EXP 	resting_state_demo: status = STOPPED
6.8369 	EXP 	resting_state_demo: status = STOPPED
6.8387 	INFO 	saved data to '/Users/Chenxiao/Documents/project_codes/RST_Chinese_beta/data/999_resting_state_demo_2025-06-11_16h48.10.445.csv'
6.8389 	INFO 	saved data to /Users/Chenxiao/Documents/project_codes/RST_Chinese_beta/data/999_resting_state_demo_2025-06-11_16h48.10.445.psydat
6.9428 	DEBUG 	Saving data for resting_state_demo ExperimentHandler
