12.7817 	WARNING 	Font Manager failed to load file /System/Library/PrivateFrameworks/FontServices.framework/Resources/Reserved/PingFangUI.ttc
14.3906 	DEBUG 	Fullscreen settings ignored as running in pilot mode.
14.3913 	INFO 	Loaded monitor calibration from ['2022_04_19 09:31']
14.3915 	WARNING 	This monitor has not been color-calibrated. Using default DKL conversion matrix.
14.4794 	WARNING 	This monitor has not been color-calibrated. Using default DKL conversion matrix.
14.4796 	WARNING 	This monitor has not been color-calibrated. Using default DKL conversion matrix.
14.5388 	EXP 	Created window1 = Window(allowGUI=False, allowStencil=False, autoLog=True, backendConf=UNKNOWN, backgroundFit=<method-wrapper '__getattribute__' of attributeSetter object at 0x17ceebeb0>, backgroundImage=<method-wrapper '__getattribute__' of attributeSetter object at 0x17ceebe50>, bitsMode=UNKNOWN, blendMode='avg', bpc=(8, 8, 8), color=array([0, 0, 0]), colorSpace='dkl', depthBits=8, fullscr=False, gamma=None, gammaErrorPolicy='raise', infoMsg=UNKNOWN, lms=UNKNOWN, monitor=<psychopy.monitors.calibTools.Monitor object at 0x17cfa45e0>, multiSample=False, name='window1', numSamples=2, pos=[560.0, 240.0], screen=0, size=array([1600, 1200]), stencilBits=0, stereo=False, title='PsychoPy', units='pix', useFBO=True, useRetina=True, viewOri=0.0, viewPos=None, viewScale=None, waitBlanking=True, winType='pyglet')
14.5388 	EXP 	window1: backgroundImage = ''
14.5388 	EXP 	window1: backgroundFit = 'none'
14.5476 	DEBUG 	TextBox2 loaded 1 chars with 0 blanks and 1 valid
14.5481 	DEBUG 	TextBox2 loaded 1 chars with 0 blanks and 1 valid
14.5485 	DEBUG 	TextBox2 loaded 1 chars with 0 blanks and 1 valid
14.5491 	DEBUG 	TextBox2 loaded 1 chars with 0 blanks and 1 valid
14.5497 	DEBUG 	TextBox2 loaded 1 chars with 0 blanks and 1 valid
14.5499 	DEBUG 	TextBox2 loaded 1 chars with 0 blanks and 1 valid
14.5503 	DEBUG 	TextBox2 loaded 1 chars with 0 blanks and 1 valid
14.5509 	DEBUG 	TextBox2 loaded 1 chars with 0 blanks and 1 valid
14.5510 	DEBUG 	TextBox2 loaded 1 chars with 0 blanks and 1 valid
14.5512 	DEBUG 	TextBox2 loaded 1 chars with 0 blanks and 1 valid
14.5516 	DEBUG 	TextBox2 loaded 1 chars with 0 blanks and 1 valid
14.5521 	DEBUG 	TextBox2 loaded 1 chars with 0 blanks and 1 valid
14.5524 	DEBUG 	TextBox2 loaded 1 chars with 0 blanks and 1 valid
14.5529 	DEBUG 	TextBox2 loaded 1 chars with 0 blanks and 1 valid
14.5532 	DEBUG 	TextBox2 loaded 1 chars with 0 blanks and 1 valid
14.5537 	DEBUG 	TextBox2 loaded 1 chars with 0 blanks and 1 valid
14.5541 	DEBUG 	TextBox2 loaded 1 chars with 0 blanks and 1 valid
14.5543 	DEBUG 	TextBox2 loaded 1 chars with 0 blanks and 1 valid
14.5545 	DEBUG 	TextBox2 loaded 1 chars with 0 blanks and 1 valid
14.5551 	DEBUG 	TextBox2 loaded 1 chars with 0 blanks and 1 valid
14.5554 	DEBUG 	TextBox2 loaded 1 chars with 0 blanks and 1 valid
14.5556 	DEBUG 	Uploading Texture Font fontname to graphics card
14.5592 	DEBUG 	Upload of Texture Font fontname complete
14.5638 	DEBUG 	TextBox2 loaded 1 chars with 0 blanks and 1 valid
14.5644 	DEBUG 	TextBox2 loaded 1 chars with 0 blanks and 1 valid
14.5649 	DEBUG 	TextBox2 loaded 1 chars with 0 blanks and 1 valid
14.5651 	DEBUG 	Uploading Texture Font fontname to graphics card
14.5669 	DEBUG 	Upload of Texture Font fontname complete
14.5682 	EXP 	window1: Attempting to measure frame rate of screen (0) ...
14.5683 	EXP 	window1: recordFrameIntervals = False
14.7053 	EXP 	window1: recordFrameIntervals = True
15.5747 	WARNING 	Couldn't measure a consistent frame rate!
  - Is your graphics card set to sync to vertical blank?
  - Are you running other processes on your computer?

15.5787 	DEBUG 	TextBox2 loaded 1 chars with 0 blanks and 1 valid
15.5790 	DEBUG 	TextBox2 loaded 1 chars with 0 blanks and 1 valid
15.5795 	DEBUG 	TextBox2 loaded 1 chars with 0 blanks and 1 valid
15.5802 	DEBUG 	TextBox2 loaded 1 chars with 0 blanks and 1 valid
15.5807 	DEBUG 	TextBox2 loaded 1 chars with 0 blanks and 1 valid
15.5814 	DEBUG 	TextBox2 loaded 1 chars with 0 blanks and 1 valid
15.5816 	DEBUG 	TextBox2 loaded 1 chars with 0 blanks and 1 valid
15.5821 	DEBUG 	TextBox2 loaded 1 chars with 0 blanks and 1 valid
15.5827 	DEBUG 	TextBox2 loaded 1 chars with 0 blanks and 1 valid
15.5833 	DEBUG 	TextBox2 loaded 1 chars with 0 blanks and 1 valid
15.5836 	DEBUG 	Uploading Texture Font fontname to graphics card
15.5853 	DEBUG 	Upload of Texture Font fontname complete
15.5971 	WARNING 	launchHubServer: If using the iohub mouse or eyetracker devices, fullScr should be True.
18.2267 	INFO 	keyboard.Keyboard is using iohub backend.
18.2267 	INFO 	keyboard.Keyboard is using iohub backend.
18.2268 	INFO 	keyboard.Keyboard is using iohub backend.
18.2268 	INFO 	keyboard.Keyboard is using iohub backend.
18.2268 	INFO 	keyboard.Keyboard is using iohub backend.
18.2268 	EXP 	resting_state_demo: status = STARTED
18.2744 	EXP 	Created text_welcome = TextStim(__class__=<class 'psychopy.visual.text.TextStim'>, alignHoriz=method-wrapper(...), alignText='center', alignVert=method-wrapper(...), anchorHoriz='center', anchorVert='center', antialias=True, autoDraw=False, autoLog=True, bold=False, color=array([1., 1., 1.]), colorSpace='rgb', contrast=1.0, depth=0.0, draggable=False, flipHoriz=False, flipVert=False, font='Heiti SC', fontFiles=[], height=30.0, italic=False, languageStyle='LTR', name='text_welcome', opacity=1, ori=0.0, pos=array([0., 0.]), rgb=UNKNOWN, text=str(...), units='pix', win=Window(...), wrapWidth=100.0)
18.2768 	EXP 	Created text_refresh = TextStim(__class__=<class 'psychopy.visual.text.TextStim'>, alignHoriz=method-wrapper(...), alignText='center', alignVert=method-wrapper(...), anchorHoriz='center', anchorVert='center', antialias=True, autoDraw=False, autoLog=True, bold=False, color=array([1., 1., 1.]), colorSpace='rgb', contrast=1.0, depth=0.0, draggable=False, flipHoriz=False, flipVert=False, font='Arial', fontFiles=[], height=0.05, italic=False, languageStyle='LTR', name='text_refresh', opacity=1, ori=0.0, pos=array([0., 0.]), rgb=UNKNOWN, text='', units='pix', win=Window(...), wrapWidth=500)
18.2852 	EXP 	Created rate_emotion_prompt = TextStim(__class__=<class 'psychopy.visual.text.TextStim'>, alignHoriz=method-wrapper(...), alignText='center', alignVert=method-wrapper(...), anchorHoriz='center', anchorVert='center', antialias=True, autoDraw=False, autoLog=True, bold=False, color=array([1., 1., 1.]), colorSpace='rgb', contrast=1.0, depth=0.0, draggable=False, flipHoriz=False, flipVert=False, font='Arial', fontFiles=[], height=0.05, italic=False, languageStyle='LTR', name='rate_emotion_prompt', opacity=1, ori=0.0, pos=array([0. , 0.2]), rgb=UNKNOWN, text=str(...), units='pix', win=Window(...), wrapWidth=500)
18.3026 	DEBUG 	TextBox2 loaded 1 chars with 0 blanks and 1 valid
18.3029 	DEBUG 	TextBox2 loaded 1 chars with 0 blanks and 1 valid
18.3032 	DEBUG 	TextBox2 loaded 1 chars with 0 blanks and 1 valid
18.3034 	DEBUG 	TextBox2 loaded 1 chars with 0 blanks and 1 valid
18.3037 	DEBUG 	TextBox2 loaded 1 chars with 0 blanks and 1 valid
18.3039 	DEBUG 	TextBox2 loaded 1 chars with 0 blanks and 1 valid
18.3041 	DEBUG 	TextBox2 loaded 1 chars with 0 blanks and 1 valid
18.3043 	DEBUG 	TextBox2 loaded 1 chars with 0 blanks and 1 valid
18.3046 	DEBUG 	TextBox2 loaded 1 chars with 0 blanks and 1 valid
18.3048 	DEBUG 	TextBox2 loaded 1 chars with 0 blanks and 1 valid
18.3050 	DEBUG 	TextBox2 loaded 1 chars with 0 blanks and 1 valid
18.3053 	DEBUG 	TextBox2 loaded 1 chars with 0 blanks and 1 valid
18.3057 	DEBUG 	Uploading Texture Font fontname to graphics card
18.3085 	DEBUG 	Upload of Texture Font fontname complete
18.3121 	DEBUG 	TextBox2 loaded 1 chars with 0 blanks and 1 valid
18.3125 	DEBUG 	TextBox2 loaded 1 chars with 0 blanks and 1 valid
18.3127 	DEBUG 	Uploading Texture Font fontname to graphics card
18.3145 	DEBUG 	Upload of Texture Font fontname complete
18.3348 	DEBUG 	TextBox2 loaded 1 chars with 0 blanks and 1 valid
18.3351 	DEBUG 	TextBox2 loaded 1 chars with 0 blanks and 1 valid
18.3353 	DEBUG 	Uploading Texture Font fontname to graphics card
18.3370 	DEBUG 	Upload of Texture Font fontname complete
18.3907 	EXP 	Created slider_emotion = Slider(__class__=<class 'psychopy.visual.slider.Slider'>, autoDraw=False, autoLog=True, borderColor=None, color=None, colorSpace='rgb', depth=-1, fillColor=None, flip=False, font='Arial', granularity=1.0, labelColor=None, labelHeight=0.035, labelWrapWidth=None, labels=list(...), lineColor=None, markerColor=None, name='slider_emotion', opacity=None, ori=0.0, pos=array([ 0. , -0.1]), readOnly=False, self=UNKNOWN, size=array([1. , 0.1]), startValue=5, style='rating', styleTweaks=[], ticks=array([1, 2, 3, 4, 5, 6, 7, 8, 9]), units='pix', win=Window(...))
18.3915 	EXP 	Created text_refresh = TextStim(__class__=<class 'psychopy.visual.text.TextStim'>, alignHoriz=method-wrapper(...), alignText='center', alignVert=method-wrapper(...), anchorHoriz='center', anchorVert='center', antialias=True, autoDraw=False, autoLog=True, bold=False, color=array([1., 1., 1.]), colorSpace='rgb', contrast=1.0, depth=0.0, draggable=False, flipHoriz=False, flipVert=False, font='Arial', fontFiles=[], height=0.05, italic=False, languageStyle='LTR', name='text_refresh', opacity=1, ori=0.0, pos=array([0., 0.]), rgb=UNKNOWN, text='', units='pix', win=Window(...), wrapWidth=500)
18.3948 	EXP 	Created wait4trigger_text = TextStim(__class__=<class 'psychopy.visual.text.TextStim'>, alignHoriz=method-wrapper(...), alignText='center', alignVert=method-wrapper(...), anchorHoriz='center', anchorVert='center', antialias=True, autoDraw=False, autoLog=True, bold=False, color=array([1., 1., 1.]), colorSpace='rgb', contrast=1.0, depth=0.0, draggable=False, flipHoriz=False, flipVert=False, font='Arial', fontFiles=[], height=0.05, italic=False, languageStyle='LTR', name='wait4trigger_text', opacity=1, ori=0.0, pos=array([0., 0.]), rgb=UNKNOWN, text='Please wait for the scan to start.', units='pix', win=Window(...), wrapWidth=500)
18.3963 	EXP 	Created fake_stimulus_text = TextStim(__class__=<class 'psychopy.visual.text.TextStim'>, alignHoriz=method-wrapper(...), alignText='center', alignVert=method-wrapper(...), anchorHoriz='center', anchorVert='center', antialias=True, autoDraw=False, autoLog=True, bold=False, color=array([1., 1., 1.]), colorSpace='rgb', contrast=1.0, depth=0.0, draggable=False, flipHoriz=False, flipVert=False, font='Arial', fontFiles=[], height=0.05, italic=False, languageStyle='LTR', name='fake_stimulus_text', opacity=1, ori=0.0, pos=array([0., 0.]), rgb=UNKNOWN, text='Please wait for the scan to start.', units='pix', win=Window(...), wrapWidth=500)
18.3976 	EXP 	Created fixation = TextStim(__class__=<class 'psychopy.visual.text.TextStim'>, alignHoriz=method-wrapper(...), alignText='center', alignVert=method-wrapper(...), anchorHoriz='center', anchorVert='center', antialias=True, autoDraw=False, autoLog=True, bold=False, color=array([1., 1., 1.]), colorSpace='rgb', contrast=1.0, depth=0.0, draggable=False, flipHoriz=False, flipVert=False, font='Arial', fontFiles=[], height=0.4, italic=False, languageStyle='LTR', name='fixation', opacity=1, ori=0.0, pos=array([0., 0.]), rgb=UNKNOWN, text='+', units='pix', win=Window(...), wrapWidth=500)
18.3981 	EXP 	Created text_refresh = TextStim(__class__=<class 'psychopy.visual.text.TextStim'>, alignHoriz=method-wrapper(...), alignText='center', alignVert=method-wrapper(...), anchorHoriz='center', anchorVert='center', antialias=True, autoDraw=False, autoLog=True, bold=False, color=array([1., 1., 1.]), colorSpace='rgb', contrast=1.0, depth=0.0, draggable=False, flipHoriz=False, flipVert=False, font='Arial', fontFiles=[], height=0.05, italic=False, languageStyle='LTR', name='text_refresh', opacity=1, ori=0.0, pos=array([0., 0.]), rgb=UNKNOWN, text='', units='pix', win=Window(...), wrapWidth=500)
18.3998 	EXP 	Created rate_emotion_prompt = TextStim(__class__=<class 'psychopy.visual.text.TextStim'>, alignHoriz=method-wrapper(...), alignText='center', alignVert=method-wrapper(...), anchorHoriz='center', anchorVert='center', antialias=True, autoDraw=False, autoLog=True, bold=False, color=array([1., 1., 1.]), colorSpace='rgb', contrast=1.0, depth=0.0, draggable=False, flipHoriz=False, flipVert=False, font='Arial', fontFiles=[], height=0.05, italic=False, languageStyle='LTR', name='rate_emotion_prompt', opacity=1, ori=0.0, pos=array([0. , 0.2]), rgb=UNKNOWN, text=str(...), units='pix', win=Window(...), wrapWidth=500)
18.4781 	EXP 	Created slider_emotion = Slider(__class__=<class 'psychopy.visual.slider.Slider'>, autoDraw=False, autoLog=True, borderColor=None, color=None, colorSpace='rgb', depth=-1, fillColor=None, flip=False, font='Arial', granularity=1.0, labelColor=None, labelHeight=0.035, labelWrapWidth=None, labels=list(...), lineColor=None, markerColor=None, name='slider_emotion', opacity=None, ori=0.0, pos=array([ 0. , -0.1]), readOnly=False, self=UNKNOWN, size=array([1. , 0.1]), startValue=5, style='rating', styleTweaks=[], ticks=array([1, 2, 3, 4, 5, 6, 7, 8, 9]), units='pix', win=Window(...))
18.4790 	EXP 	Created text_refresh = TextStim(__class__=<class 'psychopy.visual.text.TextStim'>, alignHoriz=method-wrapper(...), alignText='center', alignVert=method-wrapper(...), anchorHoriz='center', anchorVert='center', antialias=True, autoDraw=False, autoLog=True, bold=False, color=array([1., 1., 1.]), colorSpace='rgb', contrast=1.0, depth=0.0, draggable=False, flipHoriz=False, flipVert=False, font='Arial', fontFiles=[], height=0.05, italic=False, languageStyle='LTR', name='text_refresh', opacity=1, ori=0.0, pos=array([0., 0.]), rgb=UNKNOWN, text='', units='pix', win=Window(...), wrapWidth=500)
18.4827 	EXP 	Created main_body_questionnaire = TextStim(__class__=<class 'psychopy.visual.text.TextStim'>, alignHoriz=method-wrapper(...), alignText='center', alignVert=method-wrapper(...), anchorHoriz='center', anchorVert='center', antialias=True, autoDraw=False, autoLog=True, bold=False, color=array([1., 1., 1.]), colorSpace='rgb', contrast=1.0, depth=0.0, draggable=False, flipHoriz=False, flipVert=False, font='Arial', fontFiles=[], height=0.05, italic=False, languageStyle='LTR', name='main_body_questionnaire', opacity=1, ori=0.0, pos=array([0. , 0.3]), rgb=UNKNOWN, text='During the MRI my thoughts:', units='pix', win=Window(...), wrapWidth=500)
18.4832 	EXP 	Created item_text = TextStim(__class__=<class 'psychopy.visual.text.TextStim'>, alignHoriz=method-wrapper(...), alignText='center', alignVert=method-wrapper(...), anchorHoriz='center', anchorVert='center', antialias=True, autoDraw=False, autoLog=True, bold=False, color=array([1., 1., 1.]), colorSpace='rgb', contrast=1.0, depth=-1.0, draggable=False, flipHoriz=False, flipVert=False, font='Arial', fontFiles=[], height=0.05, italic=False, languageStyle='LTR', name='item_text', opacity=1, ori=0.0, pos=array([0. , 0.1]), rgb=UNKNOWN, text='', units='pix', win=Window(...), wrapWidth=500)
18.5115 	DEBUG 	TextBox2 loaded 1 chars with 0 blanks and 1 valid
18.5119 	DEBUG 	TextBox2 loaded 1 chars with 0 blanks and 1 valid
18.5122 	DEBUG 	TextBox2 loaded 1 chars with 0 blanks and 1 valid
18.5124 	DEBUG 	TextBox2 loaded 1 chars with 0 blanks and 1 valid
18.5127 	DEBUG 	Uploading Texture Font fontname to graphics card
18.5146 	DEBUG 	Upload of Texture Font fontname complete
18.5374 	DEBUG 	TextBox2 loaded 1 chars with 0 blanks and 1 valid
18.5376 	DEBUG 	Uploading Texture Font fontname to graphics card
18.5394 	DEBUG 	Upload of Texture Font fontname complete
18.5670 	EXP 	Created slider_thinking_content = Slider(__class__=<class 'psychopy.visual.slider.Slider'>, autoDraw=False, autoLog=True, borderColor=None, color=None, colorSpace='rgb', depth=-2, fillColor=None, flip=False, font='Arial', granularity=1.0, labelColor=None, labelHeight=0.035, labelWrapWidth=None, labels=list(...), lineColor=None, markerColor=None, name='slider_thinking_content', opacity=None, ori=0.0, pos=array([ 0. , -0.1]), readOnly=False, self=UNKNOWN, size=array([1. , 0.1]), startValue=5, style='rating', styleTweaks=[], ticks=array([1, 2, 3, 4, 5, 6, 7, 8, 9]), units='pix', win=Window(...))
18.5678 	EXP 	Created text_refresh = TextStim(__class__=<class 'psychopy.visual.text.TextStim'>, alignHoriz=method-wrapper(...), alignText='center', alignVert=method-wrapper(...), anchorHoriz='center', anchorVert='center', antialias=True, autoDraw=False, autoLog=True, bold=False, color=array([1., 1., 1.]), colorSpace='rgb', contrast=1.0, depth=0.0, draggable=False, flipHoriz=False, flipVert=False, font='Arial', fontFiles=[], height=0.05, italic=False, languageStyle='LTR', name='text_refresh', opacity=1, ori=0.0, pos=array([0., 0.]), rgb=UNKNOWN, text='', units='pix', win=Window(...), wrapWidth=500)
18.5737 	EXP 	Created goodbye_text = TextStim(__class__=<class 'psychopy.visual.text.TextStim'>, alignHoriz=method-wrapper(...), alignText='center', alignVert=method-wrapper(...), anchorHoriz='center', anchorVert='center', antialias=True, autoDraw=False, autoLog=True, bold=False, color=array([1., 1., 1.]), colorSpace='rgb', contrast=1.0, depth=0.0, draggable=False, flipHoriz=False, flipVert=False, font='Arial', fontFiles=[], height=0.05, italic=False, languageStyle='LTR', name='goodbye_text', opacity=1, ori=0.0, pos=array([0., 0.]), rgb=UNKNOWN, text=str(...), units='pix', win=Window(...), wrapWidth=500)
0.0055 	EXP 	slider_emotion: autoLog = True
0.0055 	EXP 	slider_emotion: styleTweaks = []
0.0055 	EXP 	slider_emotion: styleTweaks = []
0.0055 	EXP 	slider_emotion: styleTweaks = []
0.0055 	EXP 	slider_emotion: styleTweaks = []
0.0055 	EXP 	slider_emotion: contrast = 1.0
0.0055 	EXP 	slider_emotion: markerPos = 5
0.0055 	EXP 	slider_emotion: autoLog = True
0.0055 	EXP 	slider_emotion: autoLog = True
0.0055 	EXP 	slider_emotion: styleTweaks = []
0.0055 	EXP 	slider_emotion: styleTweaks = []
0.0055 	EXP 	slider_emotion: styleTweaks = []
0.0055 	EXP 	slider_emotion: styleTweaks = []
0.0055 	EXP 	slider_emotion: contrast = 1.0
0.0055 	EXP 	slider_emotion: markerPos = 5
0.0055 	EXP 	slider_emotion: autoLog = True
0.0055 	EXP 	slider_thinking_content: autoLog = True
0.0055 	EXP 	slider_thinking_content: styleTweaks = []
0.0055 	EXP 	slider_thinking_content: styleTweaks = []
0.0055 	EXP 	slider_thinking_content: styleTweaks = []
0.0055 	EXP 	slider_thinking_content: styleTweaks = []
0.0055 	EXP 	slider_thinking_content: contrast = 1.0
0.0055 	EXP 	slider_thinking_content: markerPos = 5
0.0055 	EXP 	slider_thinking_content: autoLog = True
0.0212 	INFO 	Keyboard events cleared
0.0208 	EXP 	text_welcome: autoDraw = True
7.6837 	DATA 	Keypress: escape
7.6860 	WARNING 	t of last frame was 34.10ms (=1/29)
7.8512 	EXP 	resting_state_demo: status = STOPPED
7.8533 	EXP 	text_welcome: autoDraw = False
7.8545 	EXP 	resting_state_demo: status = STOPPED
7.8561 	INFO 	saved data to '/Users/Chenxiao/Documents/project_codes/RST_Chinese_beta/data/999_resting_state_demo_2025-06-10_17h20.10.719.csv'
7.8564 	INFO 	saved data to /Users/Chenxiao/Documents/project_codes/RST_Chinese_beta/data/999_resting_state_demo_2025-06-10_17h20.10.719.psydat
8.2104 	DEBUG 	Saving data for resting_state_demo ExperimentHandler
