10.7589 	WARNING 	Font Manager failed to load file /System/Library/PrivateFrameworks/FontServices.framework/Resources/Reserved/PingFangUI.ttc
12.5392 	DEBUG 	Fullscreen settings ignored as running in pilot mode.
12.5404 	INFO 	Loaded monitor calibration from ['2022_04_19 09:31']
12.5408 	WARNING 	This monitor has not been color-calibrated. Using default DKL conversion matrix.
12.6308 	WARNING 	This monitor has not been color-calibrated. Using default DKL conversion matrix.
12.6310 	WARNING 	This monitor has not been color-calibrated. Using default DKL conversion matrix.
12.6831 	EXP 	Created window1 = Window(allowGUI=False, allowStencil=False, autoLog=True, backendConf=UNKNOWN, backgroundFit=<method-wrapper '__getattribute__' of attributeSetter object at 0x17edabdc0>, backgroundImage=<method-wrapper '__getattribute__' of attributeSetter object at 0x17edabd60>, bitsMode=UNKNOWN, blendMode='avg', bpc=(8, 8, 8), color=array([0, 0, 0]), colorSpace='dkl', depthBits=8, fullscr=False, gamma=None, gammaErrorPolicy='raise', infoMsg=UNKNOWN, lms=UNKNOWN, monitor=<psychopy.monitors.calibTools.Monitor object at 0x17ee4c6d0>, multiSample=False, name='window1', numSamples=2, pos=[560.0, 240.0], screen=0, size=array([1600, 1200]), stencilBits=0, stereo=False, title='PsychoPy', units='height', useFBO=True, useRetina=True, viewOri=0.0, viewPos=None, viewScale=None, waitBlanking=True, winType='pyglet')
12.6831 	EXP 	window1: backgroundImage = ''
12.6831 	EXP 	window1: backgroundFit = 'none'
12.6901 	DEBUG 	TextBox2 loaded 1 chars with 0 blanks and 1 valid
12.6905 	DEBUG 	TextBox2 loaded 1 chars with 0 blanks and 1 valid
12.6909 	DEBUG 	TextBox2 loaded 1 chars with 0 blanks and 1 valid
12.6914 	DEBUG 	TextBox2 loaded 1 chars with 0 blanks and 1 valid
12.6920 	DEBUG 	TextBox2 loaded 1 chars with 0 blanks and 1 valid
12.6922 	DEBUG 	TextBox2 loaded 1 chars with 0 blanks and 1 valid
12.6926 	DEBUG 	TextBox2 loaded 1 chars with 0 blanks and 1 valid
12.6931 	DEBUG 	TextBox2 loaded 1 chars with 0 blanks and 1 valid
12.6932 	DEBUG 	TextBox2 loaded 1 chars with 0 blanks and 1 valid
12.6934 	DEBUG 	TextBox2 loaded 1 chars with 0 blanks and 1 valid
12.6938 	DEBUG 	TextBox2 loaded 1 chars with 0 blanks and 1 valid
12.6942 	DEBUG 	TextBox2 loaded 1 chars with 0 blanks and 1 valid
12.6945 	DEBUG 	TextBox2 loaded 1 chars with 0 blanks and 1 valid
12.6949 	DEBUG 	TextBox2 loaded 1 chars with 0 blanks and 1 valid
12.6952 	DEBUG 	TextBox2 loaded 1 chars with 0 blanks and 1 valid
12.6956 	DEBUG 	TextBox2 loaded 1 chars with 0 blanks and 1 valid
12.6960 	DEBUG 	TextBox2 loaded 1 chars with 0 blanks and 1 valid
12.6962 	DEBUG 	TextBox2 loaded 1 chars with 0 blanks and 1 valid
12.6964 	DEBUG 	TextBox2 loaded 1 chars with 0 blanks and 1 valid
12.6970 	DEBUG 	TextBox2 loaded 1 chars with 0 blanks and 1 valid
12.6972 	DEBUG 	TextBox2 loaded 1 chars with 0 blanks and 1 valid
12.6974 	DEBUG 	Uploading Texture Font fontname to graphics card
12.7005 	DEBUG 	Upload of Texture Font fontname complete
12.7043 	DEBUG 	TextBox2 loaded 1 chars with 0 blanks and 1 valid
12.7048 	DEBUG 	TextBox2 loaded 1 chars with 0 blanks and 1 valid
12.7053 	DEBUG 	TextBox2 loaded 1 chars with 0 blanks and 1 valid
12.7055 	DEBUG 	Uploading Texture Font fontname to graphics card
12.7071 	DEBUG 	Upload of Texture Font fontname complete
12.7083 	EXP 	window1: Attempting to measure frame rate of screen (0) ...
12.7083 	EXP 	window1: recordFrameIntervals = False
12.8183 	EXP 	window1: recordFrameIntervals = True
13.6518 	WARNING 	Couldn't measure a consistent frame rate!
  - Is your graphics card set to sync to vertical blank?
  - Are you running other processes on your computer?

13.6572 	DEBUG 	TextBox2 loaded 1 chars with 0 blanks and 1 valid
13.6576 	DEBUG 	TextBox2 loaded 1 chars with 0 blanks and 1 valid
13.6582 	DEBUG 	TextBox2 loaded 1 chars with 0 blanks and 1 valid
13.6591 	DEBUG 	TextBox2 loaded 1 chars with 0 blanks and 1 valid
13.6599 	DEBUG 	TextBox2 loaded 1 chars with 0 blanks and 1 valid
13.6606 	DEBUG 	TextBox2 loaded 1 chars with 0 blanks and 1 valid
13.6610 	DEBUG 	TextBox2 loaded 1 chars with 0 blanks and 1 valid
13.6616 	DEBUG 	TextBox2 loaded 1 chars with 0 blanks and 1 valid
13.6624 	DEBUG 	TextBox2 loaded 1 chars with 0 blanks and 1 valid
13.6631 	DEBUG 	TextBox2 loaded 1 chars with 0 blanks and 1 valid
13.6634 	DEBUG 	Uploading Texture Font fontname to graphics card
13.6664 	DEBUG 	Upload of Texture Font fontname complete
13.6792 	WARNING 	launchHubServer: If using the iohub mouse or eyetracker devices, fullScr should be True.
15.8354 	INFO 	keyboard.Keyboard is using iohub backend.
15.8355 	INFO 	keyboard.Keyboard is using iohub backend.
15.8355 	INFO 	keyboard.Keyboard is using iohub backend.
15.8355 	INFO 	keyboard.Keyboard is using iohub backend.
15.8355 	INFO 	keyboard.Keyboard is using iohub backend.
15.8355 	EXP 	resting_state_demo: status = STARTED
15.8742 	EXP 	Created text_welcome = TextStim(__class__=<class 'psychopy.visual.text.TextStim'>, alignHoriz=method-wrapper(...), alignText='center', alignVert=method-wrapper(...), anchorHoriz='center', anchorVert='center', antialias=True, autoDraw=False, autoLog=True, bold=False, color=array([1., 1., 1.]), colorSpace='rgb', contrast=1.0, depth=0.0, draggable=False, flipHoriz=False, flipVert=False, font='Heiti SC', fontFiles=[], height=0.05, italic=False, languageStyle='LTR', name='text_welcome', opacity=1, ori=0.0, pos=array([0., 0.]), rgb=UNKNOWN, text=str(...), units='height', win=Window(...), wrapWidth=1)
15.8760 	EXP 	Created text_refresh = TextStim(__class__=<class 'psychopy.visual.text.TextStim'>, alignHoriz=method-wrapper(...), alignText='center', alignVert=method-wrapper(...), anchorHoriz='center', anchorVert='center', antialias=True, autoDraw=False, autoLog=True, bold=False, color=array([1., 1., 1.]), colorSpace='rgb', contrast=1.0, depth=0.0, draggable=False, flipHoriz=False, flipVert=False, font='Arial', fontFiles=[], height=0.05, italic=False, languageStyle='LTR', name='text_refresh', opacity=1, ori=0.0, pos=array([0., 0.]), rgb=UNKNOWN, text='', units='height', win=Window(...), wrapWidth=1)
15.8824 	EXP 	Created rate_emotion_prompt = TextStim(__class__=<class 'psychopy.visual.text.TextStim'>, alignHoriz=method-wrapper(...), alignText='center', alignVert=method-wrapper(...), anchorHoriz='center', anchorVert='center', antialias=True, autoDraw=False, autoLog=True, bold=False, color=array([1., 1., 1.]), colorSpace='rgb', contrast=1.0, depth=0.0, draggable=False, flipHoriz=False, flipVert=False, font='Arial', fontFiles=[], height=0.05, italic=False, languageStyle='LTR', name='rate_emotion_prompt', opacity=1, ori=0.0, pos=array([0. , 0.2]), rgb=UNKNOWN, text=str(...), units='height', win=Window(...), wrapWidth=1)
15.8967 	DEBUG 	TextBox2 loaded 1 chars with 0 blanks and 1 valid
15.8971 	DEBUG 	TextBox2 loaded 1 chars with 0 blanks and 1 valid
15.8974 	DEBUG 	TextBox2 loaded 1 chars with 0 blanks and 1 valid
15.8978 	DEBUG 	TextBox2 loaded 1 chars with 0 blanks and 1 valid
15.8980 	DEBUG 	TextBox2 loaded 1 chars with 0 blanks and 1 valid
15.8982 	DEBUG 	TextBox2 loaded 1 chars with 0 blanks and 1 valid
15.8985 	DEBUG 	TextBox2 loaded 1 chars with 0 blanks and 1 valid
15.8988 	DEBUG 	TextBox2 loaded 1 chars with 0 blanks and 1 valid
15.8990 	DEBUG 	TextBox2 loaded 1 chars with 0 blanks and 1 valid
15.8994 	DEBUG 	TextBox2 loaded 1 chars with 0 blanks and 1 valid
15.8997 	DEBUG 	TextBox2 loaded 1 chars with 0 blanks and 1 valid
15.9001 	DEBUG 	TextBox2 loaded 1 chars with 0 blanks and 1 valid
15.9003 	DEBUG 	Uploading Texture Font fontname to graphics card
15.9025 	DEBUG 	Upload of Texture Font fontname complete
15.9055 	DEBUG 	TextBox2 loaded 1 chars with 0 blanks and 1 valid
15.9057 	DEBUG 	TextBox2 loaded 1 chars with 0 blanks and 1 valid
15.9058 	DEBUG 	Uploading Texture Font fontname to graphics card
15.9073 	DEBUG 	Upload of Texture Font fontname complete
15.9243 	DEBUG 	TextBox2 loaded 1 chars with 0 blanks and 1 valid
15.9246 	DEBUG 	TextBox2 loaded 1 chars with 0 blanks and 1 valid
15.9247 	DEBUG 	Uploading Texture Font fontname to graphics card
15.9262 	DEBUG 	Upload of Texture Font fontname complete
15.9654 	EXP 	Created slider_emotion = Slider(__class__=<class 'psychopy.visual.slider.Slider'>, autoDraw=False, autoLog=True, borderColor=None, color=None, colorSpace='rgb', depth=-1, fillColor=None, flip=False, font='Arial', granularity=1.0, labelColor=None, labelHeight=0.035, labelWrapWidth=None, labels=list(...), lineColor=None, markerColor=None, name='slider_emotion', opacity=None, ori=0.0, pos=array([ 0. , -0.1]), readOnly=False, self=UNKNOWN, size=array([1. , 0.1]), startValue=5, style='rating', styleTweaks=[], ticks=array([1, 2, 3, 4, 5, 6, 7, 8, 9]), units='height', win=Window(...))
15.9660 	EXP 	Created text_refresh = TextStim(__class__=<class 'psychopy.visual.text.TextStim'>, alignHoriz=method-wrapper(...), alignText='center', alignVert=method-wrapper(...), anchorHoriz='center', anchorVert='center', antialias=True, autoDraw=False, autoLog=True, bold=False, color=array([1., 1., 1.]), colorSpace='rgb', contrast=1.0, depth=0.0, draggable=False, flipHoriz=False, flipVert=False, font='Arial', fontFiles=[], height=0.05, italic=False, languageStyle='LTR', name='text_refresh', opacity=1, ori=0.0, pos=array([0., 0.]), rgb=UNKNOWN, text='', units='height', win=Window(...), wrapWidth=1)
15.9684 	EXP 	Created wait4trigger_text = TextStim(__class__=<class 'psychopy.visual.text.TextStim'>, alignHoriz=method-wrapper(...), alignText='center', alignVert=method-wrapper(...), anchorHoriz='center', anchorVert='center', antialias=True, autoDraw=False, autoLog=True, bold=False, color=array([1., 1., 1.]), colorSpace='rgb', contrast=1.0, depth=0.0, draggable=False, flipHoriz=False, flipVert=False, font='Arial', fontFiles=[], height=0.05, italic=False, languageStyle='LTR', name='wait4trigger_text', opacity=1, ori=0.0, pos=array([0., 0.]), rgb=UNKNOWN, text='Please wait for the scan to start.', units='height', win=Window(...), wrapWidth=1)
15.9697 	EXP 	Created fake_stimulus_text = TextStim(__class__=<class 'psychopy.visual.text.TextStim'>, alignHoriz=method-wrapper(...), alignText='center', alignVert=method-wrapper(...), anchorHoriz='center', anchorVert='center', antialias=True, autoDraw=False, autoLog=True, bold=False, color=array([1., 1., 1.]), colorSpace='rgb', contrast=1.0, depth=0.0, draggable=False, flipHoriz=False, flipVert=False, font='Arial', fontFiles=[], height=0.05, italic=False, languageStyle='LTR', name='fake_stimulus_text', opacity=1, ori=0.0, pos=array([0., 0.]), rgb=UNKNOWN, text='Please wait for the scan to start.', units='height', win=Window(...), wrapWidth=1)
15.9716 	EXP 	Created fixation = TextStim(__class__=<class 'psychopy.visual.text.TextStim'>, alignHoriz=method-wrapper(...), alignText='center', alignVert=method-wrapper(...), anchorHoriz='center', anchorVert='center', antialias=True, autoDraw=False, autoLog=True, bold=False, color=array([1., 1., 1.]), colorSpace='rgb', contrast=1.0, depth=0.0, draggable=False, flipHoriz=False, flipVert=False, font='Arial', fontFiles=[], height=0.4, italic=False, languageStyle='LTR', name='fixation', opacity=1, ori=0.0, pos=array([0., 0.]), rgb=UNKNOWN, text='+', units='height', win=Window(...), wrapWidth=1)
15.9720 	EXP 	Created text_refresh = TextStim(__class__=<class 'psychopy.visual.text.TextStim'>, alignHoriz=method-wrapper(...), alignText='center', alignVert=method-wrapper(...), anchorHoriz='center', anchorVert='center', antialias=True, autoDraw=False, autoLog=True, bold=False, color=array([1., 1., 1.]), colorSpace='rgb', contrast=1.0, depth=0.0, draggable=False, flipHoriz=False, flipVert=False, font='Arial', fontFiles=[], height=0.05, italic=False, languageStyle='LTR', name='text_refresh', opacity=1, ori=0.0, pos=array([0., 0.]), rgb=UNKNOWN, text='', units='height', win=Window(...), wrapWidth=1)
15.9750 	EXP 	Created rate_emotion_prompt = TextStim(__class__=<class 'psychopy.visual.text.TextStim'>, alignHoriz=method-wrapper(...), alignText='center', alignVert=method-wrapper(...), anchorHoriz='center', anchorVert='center', antialias=True, autoDraw=False, autoLog=True, bold=False, color=array([1., 1., 1.]), colorSpace='rgb', contrast=1.0, depth=0.0, draggable=False, flipHoriz=False, flipVert=False, font='Arial', fontFiles=[], height=0.05, italic=False, languageStyle='LTR', name='rate_emotion_prompt', opacity=1, ori=0.0, pos=array([0. , 0.2]), rgb=UNKNOWN, text=str(...), units='height', win=Window(...), wrapWidth=1)
16.0363 	EXP 	Created slider_emotion = Slider(__class__=<class 'psychopy.visual.slider.Slider'>, autoDraw=False, autoLog=True, borderColor=None, color=None, colorSpace='rgb', depth=-1, fillColor=None, flip=False, font='Arial', granularity=1.0, labelColor=None, labelHeight=0.035, labelWrapWidth=None, labels=list(...), lineColor=None, markerColor=None, name='slider_emotion', opacity=None, ori=0.0, pos=array([ 0. , -0.1]), readOnly=False, self=UNKNOWN, size=array([1. , 0.1]), startValue=5, style='rating', styleTweaks=[], ticks=array([1, 2, 3, 4, 5, 6, 7, 8, 9]), units='height', win=Window(...))
16.0370 	EXP 	Created text_refresh = TextStim(__class__=<class 'psychopy.visual.text.TextStim'>, alignHoriz=method-wrapper(...), alignText='center', alignVert=method-wrapper(...), anchorHoriz='center', anchorVert='center', antialias=True, autoDraw=False, autoLog=True, bold=False, color=array([1., 1., 1.]), colorSpace='rgb', contrast=1.0, depth=0.0, draggable=False, flipHoriz=False, flipVert=False, font='Arial', fontFiles=[], height=0.05, italic=False, languageStyle='LTR', name='text_refresh', opacity=1, ori=0.0, pos=array([0., 0.]), rgb=UNKNOWN, text='', units='height', win=Window(...), wrapWidth=1)
16.0398 	EXP 	Created main_body_questionnaire = TextStim(__class__=<class 'psychopy.visual.text.TextStim'>, alignHoriz=method-wrapper(...), alignText='center', alignVert=method-wrapper(...), anchorHoriz='center', anchorVert='center', antialias=True, autoDraw=False, autoLog=True, bold=False, color=array([1., 1., 1.]), colorSpace='rgb', contrast=1.0, depth=0.0, draggable=False, flipHoriz=False, flipVert=False, font='Arial', fontFiles=[], height=0.05, italic=False, languageStyle='LTR', name='main_body_questionnaire', opacity=1, ori=0.0, pos=array([0. , 0.3]), rgb=UNKNOWN, text='During the MRI my thoughts:', units='height', win=Window(...), wrapWidth=1)
16.0401 	EXP 	Created item_text = TextStim(__class__=<class 'psychopy.visual.text.TextStim'>, alignHoriz=method-wrapper(...), alignText='center', alignVert=method-wrapper(...), anchorHoriz='center', anchorVert='center', antialias=True, autoDraw=False, autoLog=True, bold=False, color=array([1., 1., 1.]), colorSpace='rgb', contrast=1.0, depth=-1.0, draggable=False, flipHoriz=False, flipVert=False, font='Arial', fontFiles=[], height=0.05, italic=False, languageStyle='LTR', name='item_text', opacity=1, ori=0.0, pos=array([0. , 0.1]), rgb=UNKNOWN, text='', units='height', win=Window(...), wrapWidth=1)
16.0636 	DEBUG 	TextBox2 loaded 1 chars with 0 blanks and 1 valid
16.0640 	DEBUG 	TextBox2 loaded 1 chars with 0 blanks and 1 valid
16.0644 	DEBUG 	TextBox2 loaded 1 chars with 0 blanks and 1 valid
16.0647 	DEBUG 	TextBox2 loaded 1 chars with 0 blanks and 1 valid
16.0648 	DEBUG 	Uploading Texture Font fontname to graphics card
16.0665 	DEBUG 	Upload of Texture Font fontname complete
16.0863 	DEBUG 	TextBox2 loaded 1 chars with 0 blanks and 1 valid
16.0864 	DEBUG 	Uploading Texture Font fontname to graphics card
16.0879 	DEBUG 	Upload of Texture Font fontname complete
16.1066 	EXP 	Created slider_thinking_content = Slider(__class__=<class 'psychopy.visual.slider.Slider'>, autoDraw=False, autoLog=True, borderColor=None, color=None, colorSpace='rgb', depth=-2, fillColor=None, flip=False, font='Arial', granularity=1.0, labelColor=None, labelHeight=0.035, labelWrapWidth=None, labels=list(...), lineColor=None, markerColor=None, name='slider_thinking_content', opacity=None, ori=0.0, pos=array([ 0. , -0.1]), readOnly=False, self=UNKNOWN, size=array([1. , 0.1]), startValue=5, style='rating', styleTweaks=[], ticks=array([1, 2, 3, 4, 5, 6, 7, 8, 9]), units='height', win=Window(...))
16.1072 	EXP 	Created text_refresh = TextStim(__class__=<class 'psychopy.visual.text.TextStim'>, alignHoriz=method-wrapper(...), alignText='center', alignVert=method-wrapper(...), anchorHoriz='center', anchorVert='center', antialias=True, autoDraw=False, autoLog=True, bold=False, color=array([1., 1., 1.]), colorSpace='rgb', contrast=1.0, depth=0.0, draggable=False, flipHoriz=False, flipVert=False, font='Arial', fontFiles=[], height=0.05, italic=False, languageStyle='LTR', name='text_refresh', opacity=1, ori=0.0, pos=array([0., 0.]), rgb=UNKNOWN, text='', units='height', win=Window(...), wrapWidth=1)
16.1114 	EXP 	Created goodbye_text = TextStim(__class__=<class 'psychopy.visual.text.TextStim'>, alignHoriz=method-wrapper(...), alignText='center', alignVert=method-wrapper(...), anchorHoriz='center', anchorVert='center', antialias=True, autoDraw=False, autoLog=True, bold=False, color=array([1., 1., 1.]), colorSpace='rgb', contrast=1.0, depth=0.0, draggable=False, flipHoriz=False, flipVert=False, font='Arial', fontFiles=[], height=0.05, italic=False, languageStyle='LTR', name='goodbye_text', opacity=1, ori=0.0, pos=array([0., 0.]), rgb=UNKNOWN, text=str(...), units='height', win=Window(...), wrapWidth=1)
0.0083 	EXP 	slider_emotion: autoLog = True
0.0083 	EXP 	slider_emotion: styleTweaks = []
0.0083 	EXP 	slider_emotion: styleTweaks = []
0.0083 	EXP 	slider_emotion: styleTweaks = []
0.0083 	EXP 	slider_emotion: styleTweaks = []
0.0083 	EXP 	slider_emotion: contrast = 1.0
0.0083 	EXP 	slider_emotion: markerPos = 5
0.0083 	EXP 	slider_emotion: autoLog = True
0.0083 	EXP 	slider_emotion: autoLog = True
0.0083 	EXP 	slider_emotion: styleTweaks = []
0.0083 	EXP 	slider_emotion: styleTweaks = []
0.0083 	EXP 	slider_emotion: styleTweaks = []
0.0083 	EXP 	slider_emotion: styleTweaks = []
0.0083 	EXP 	slider_emotion: contrast = 1.0
0.0083 	EXP 	slider_emotion: markerPos = 5
0.0083 	EXP 	slider_emotion: autoLog = True
0.0083 	EXP 	slider_thinking_content: autoLog = True
0.0083 	EXP 	slider_thinking_content: styleTweaks = []
0.0083 	EXP 	slider_thinking_content: styleTweaks = []
0.0083 	EXP 	slider_thinking_content: styleTweaks = []
0.0083 	EXP 	slider_thinking_content: styleTweaks = []
0.0083 	EXP 	slider_thinking_content: contrast = 1.0
0.0083 	EXP 	slider_thinking_content: markerPos = 5
0.0083 	EXP 	slider_thinking_content: autoLog = True
0.0185 	INFO 	Keyboard events cleared
0.0182 	EXP 	text_welcome: autoDraw = True
1.2453 	DATA 	Mouse: Left button down, pos=(400,419)
1.3668 	DATA 	Mouse:  Left button up, pos=(400,419)
1.8242 	DATA 	Mouse: Left button down, pos=(267,387)
1.9244 	DATA 	Mouse:  Left button up, pos=(267,387)
3.2245 	EXP 	text_welcome: autoDraw = False
3.2245 	EXP 	text_refresh: autoDraw = True
3.2354 	DATA 	Keypress: j
3.5632 	INFO 	Keyboard events cleared
3.5630 	WARNING 	t of last frame was 53.44ms (=1/18)
3.5630 	EXP 	text_refresh: autoDraw = False
3.5630 	EXP 	text_refresh: autoDraw = False
3.5630 	EXP 	slider_emotion: markerPos = None
3.5630 	EXP 	slider_emotion: markerPos = 5
3.5630 	EXP 	slider_emotion: markerPos = 5
3.5630 	EXP 	rate_emotion_prompt: autoDraw = True
3.5630 	EXP 	slider_emotion: autoDraw = True
4.2309 	WARNING 	t of last frame was 51.88ms (=1/19)
5.6480 	DATA 	Keypress: escape
5.6501 	WARNING 	t of last frame was 20.89ms (=1/47)
5.7406 	EXP 	resting_state_demo: status = STOPPED
5.7428 	EXP 	rate_emotion_prompt: autoDraw = False
5.7428 	EXP 	slider_emotion: autoDraw = False
5.7435 	EXP 	resting_state_demo: status = STOPPED
5.7449 	INFO 	saved data to '/Users/Chenxiao/Documents/project_codes/RST_Chinese_beta/data/999_resting_state_demo_2025-06-10_16h50.14.562.csv'
5.7451 	INFO 	saved data to /Users/Chenxiao/Documents/project_codes/RST_Chinese_beta/data/999_resting_state_demo_2025-06-10_16h50.14.562.psydat
6.2715 	DEBUG 	Saving data for resting_state_demo ExperimentHandler
