10.4983 	WARNING 	Font Manager failed to load file /System/Library/PrivateFrameworks/FontServices.framework/Resources/Reserved/PingFangUI.ttc
24.0397 	DEBUG 	Fullscreen settings ignored as running in pilot mode.
24.0409 	INFO 	Loaded monitor calibration from ['2022_04_19 09:31']
24.0412 	WARNING 	This monitor has not been color-calibrated. Using default DKL conversion matrix.
24.1384 	WARNING 	This monitor has not been color-calibrated. Using default DKL conversion matrix.
24.1386 	WARNING 	This monitor has not been color-calibrated. Using default DKL conversion matrix.
24.1874 	EXP 	Created window1 = Window(allowGUI=False, allowStencil=False, autoLog=True, backendConf=UNKNOWN, backgroundFit=<method-wrapper '__getattribute__' of attributeSetter object at 0x17ea4e8c0>, backgroundImage=<method-wrapper '__getattribute__' of attributeSetter object at 0x17ea4e920>, bitsMode=UNKNOWN, blendMode='avg', bpc=(8, 8, 8), color=array([0, 0, 0]), colorSpace='dkl', depthBits=8, fullscr=False, gamma=None, gammaErrorPolicy='raise', infoMsg=UNKNOWN, lms=UNKNOWN, monitor=<psychopy.monitors.calibTools.Monitor object at 0x17ead8820>, multiSample=False, name='window1', numSamples=2, pos=[560.0, 240.0], screen=0, size=array([1600, 1200]), stencilBits=0, stereo=False, title='PsychoPy', units='height', useFBO=True, useRetina=True, viewOri=0.0, viewPos=None, viewScale=None, waitBlanking=True, winType='pyglet')
24.1874 	EXP 	window1: backgroundImage = ''
24.1874 	EXP 	window1: backgroundFit = 'none'
24.1935 	DEBUG 	TextBox2 loaded 1 chars with 0 blanks and 1 valid
24.1939 	DEBUG 	TextBox2 loaded 1 chars with 0 blanks and 1 valid
24.1942 	DEBUG 	TextBox2 loaded 1 chars with 0 blanks and 1 valid
24.1947 	DEBUG 	TextBox2 loaded 1 chars with 0 blanks and 1 valid
24.1952 	DEBUG 	TextBox2 loaded 1 chars with 0 blanks and 1 valid
24.1954 	DEBUG 	TextBox2 loaded 1 chars with 0 blanks and 1 valid
24.1958 	DEBUG 	TextBox2 loaded 1 chars with 0 blanks and 1 valid
24.1963 	DEBUG 	TextBox2 loaded 1 chars with 0 blanks and 1 valid
24.1964 	DEBUG 	TextBox2 loaded 1 chars with 0 blanks and 1 valid
24.1965 	DEBUG 	TextBox2 loaded 1 chars with 0 blanks and 1 valid
24.1969 	DEBUG 	TextBox2 loaded 1 chars with 0 blanks and 1 valid
24.1973 	DEBUG 	TextBox2 loaded 1 chars with 0 blanks and 1 valid
24.1976 	DEBUG 	TextBox2 loaded 1 chars with 0 blanks and 1 valid
24.1979 	DEBUG 	TextBox2 loaded 1 chars with 0 blanks and 1 valid
24.1983 	DEBUG 	TextBox2 loaded 1 chars with 0 blanks and 1 valid
24.1986 	DEBUG 	TextBox2 loaded 1 chars with 0 blanks and 1 valid
24.1990 	DEBUG 	TextBox2 loaded 1 chars with 0 blanks and 1 valid
24.1992 	DEBUG 	TextBox2 loaded 1 chars with 0 blanks and 1 valid
24.1994 	DEBUG 	TextBox2 loaded 1 chars with 0 blanks and 1 valid
24.1999 	DEBUG 	TextBox2 loaded 1 chars with 0 blanks and 1 valid
24.2001 	DEBUG 	TextBox2 loaded 1 chars with 0 blanks and 1 valid
24.2003 	DEBUG 	Uploading Texture Font fontname to graphics card
24.2030 	DEBUG 	Upload of Texture Font fontname complete
24.2066 	DEBUG 	TextBox2 loaded 1 chars with 0 blanks and 1 valid
24.2074 	DEBUG 	TextBox2 loaded 1 chars with 0 blanks and 1 valid
24.2081 	DEBUG 	TextBox2 loaded 1 chars with 0 blanks and 1 valid
24.2082 	DEBUG 	Uploading Texture Font fontname to graphics card
24.2097 	DEBUG 	Upload of Texture Font fontname complete
24.2107 	EXP 	window1: Attempting to measure frame rate of screen (0) ...
24.2107 	EXP 	window1: recordFrameIntervals = False
24.3359 	EXP 	window1: recordFrameIntervals = True
25.1698 	WARNING 	Couldn't measure a consistent frame rate!
  - Is your graphics card set to sync to vertical blank?
  - Are you running other processes on your computer?

25.1762 	DEBUG 	TextBox2 loaded 1 chars with 0 blanks and 1 valid
25.1766 	DEBUG 	TextBox2 loaded 1 chars with 0 blanks and 1 valid
25.1773 	DEBUG 	TextBox2 loaded 1 chars with 0 blanks and 1 valid
25.1782 	DEBUG 	TextBox2 loaded 1 chars with 0 blanks and 1 valid
25.1791 	DEBUG 	TextBox2 loaded 1 chars with 0 blanks and 1 valid
25.1799 	DEBUG 	TextBox2 loaded 1 chars with 0 blanks and 1 valid
25.1803 	DEBUG 	TextBox2 loaded 1 chars with 0 blanks and 1 valid
25.1810 	DEBUG 	TextBox2 loaded 1 chars with 0 blanks and 1 valid
25.1817 	DEBUG 	TextBox2 loaded 1 chars with 0 blanks and 1 valid
25.1825 	DEBUG 	TextBox2 loaded 1 chars with 0 blanks and 1 valid
25.1827 	DEBUG 	Uploading Texture Font fontname to graphics card
25.1854 	DEBUG 	Upload of Texture Font fontname complete
25.1983 	WARNING 	launchHubServer: If using the iohub mouse or eyetracker devices, fullScr should be True.
27.0886 	INFO 	keyboard.Keyboard is using iohub backend.
27.0887 	INFO 	keyboard.Keyboard is using iohub backend.
27.0887 	INFO 	keyboard.Keyboard is using iohub backend.
27.0887 	INFO 	keyboard.Keyboard is using iohub backend.
27.0887 	INFO 	keyboard.Keyboard is using iohub backend.
27.0888 	EXP 	resting_state_demo: status = STARTED
27.1270 	EXP 	Created text_welcome = TextStim(__class__=<class 'psychopy.visual.text.TextStim'>, alignHoriz=method-wrapper(...), alignText='center', alignVert=method-wrapper(...), anchorHoriz='center', anchorVert='center', antialias=True, autoDraw=False, autoLog=True, bold=False, color=array([1., 1., 1.]), colorSpace='rgb', contrast=1.0, depth=0.0, draggable=False, flipHoriz=False, flipVert=False, font='Heiti SC', fontFiles=[], height=0.06, italic=False, languageStyle='LTR', name='text_welcome', opacity=1, ori=0.0, pos=array([-1.,  0.]), rgb=UNKNOWN, text=str(...), units='height', win=Window(...), wrapWidth=1.0)
27.1288 	EXP 	Created text_refresh = TextStim(__class__=<class 'psychopy.visual.text.TextStim'>, alignHoriz=method-wrapper(...), alignText='center', alignVert=method-wrapper(...), anchorHoriz='center', anchorVert='center', antialias=True, autoDraw=False, autoLog=True, bold=False, color=array([1., 1., 1.]), colorSpace='rgb', contrast=1.0, depth=0.0, draggable=False, flipHoriz=False, flipVert=False, font='Arial', fontFiles=[], height=0.05, italic=False, languageStyle='LTR', name='text_refresh', opacity=1, ori=0.0, pos=array([0., 0.]), rgb=UNKNOWN, text='', units='height', win=Window(...), wrapWidth=1)
27.1353 	EXP 	Created rate_emotion_prompt = TextStim(__class__=<class 'psychopy.visual.text.TextStim'>, alignHoriz=method-wrapper(...), alignText='center', alignVert=method-wrapper(...), anchorHoriz='center', anchorVert='center', antialias=True, autoDraw=False, autoLog=True, bold=False, color=array([1., 1., 1.]), colorSpace='rgb', contrast=1.0, depth=0.0, draggable=False, flipHoriz=False, flipVert=False, font='Arial', fontFiles=[], height=0.05, italic=False, languageStyle='LTR', name='rate_emotion_prompt', opacity=1, ori=0.0, pos=array([0. , 0.2]), rgb=UNKNOWN, text=str(...), units='height', win=Window(...), wrapWidth=1)
27.1480 	DEBUG 	TextBox2 loaded 1 chars with 0 blanks and 1 valid
27.1484 	DEBUG 	TextBox2 loaded 1 chars with 0 blanks and 1 valid
27.1487 	DEBUG 	TextBox2 loaded 1 chars with 0 blanks and 1 valid
27.1491 	DEBUG 	TextBox2 loaded 1 chars with 0 blanks and 1 valid
27.1492 	DEBUG 	TextBox2 loaded 1 chars with 0 blanks and 1 valid
27.1495 	DEBUG 	TextBox2 loaded 1 chars with 0 blanks and 1 valid
27.1498 	DEBUG 	TextBox2 loaded 1 chars with 0 blanks and 1 valid
27.1501 	DEBUG 	TextBox2 loaded 1 chars with 0 blanks and 1 valid
27.1503 	DEBUG 	TextBox2 loaded 1 chars with 0 blanks and 1 valid
27.1506 	DEBUG 	TextBox2 loaded 1 chars with 0 blanks and 1 valid
27.1510 	DEBUG 	TextBox2 loaded 1 chars with 0 blanks and 1 valid
27.1514 	DEBUG 	TextBox2 loaded 1 chars with 0 blanks and 1 valid
27.1515 	DEBUG 	Uploading Texture Font fontname to graphics card
27.1536 	DEBUG 	Upload of Texture Font fontname complete
27.1564 	DEBUG 	TextBox2 loaded 1 chars with 0 blanks and 1 valid
27.1567 	DEBUG 	TextBox2 loaded 1 chars with 0 blanks and 1 valid
27.1568 	DEBUG 	Uploading Texture Font fontname to graphics card
27.1582 	DEBUG 	Upload of Texture Font fontname complete
27.1745 	DEBUG 	TextBox2 loaded 1 chars with 0 blanks and 1 valid
27.1748 	DEBUG 	TextBox2 loaded 1 chars with 0 blanks and 1 valid
27.1749 	DEBUG 	Uploading Texture Font fontname to graphics card
27.1763 	DEBUG 	Upload of Texture Font fontname complete
27.2143 	EXP 	Created slider_emotion = Slider(__class__=<class 'psychopy.visual.slider.Slider'>, autoDraw=False, autoLog=True, borderColor=None, color=None, colorSpace='rgb', depth=-1, fillColor=None, flip=False, font='Arial', granularity=1.0, labelColor=None, labelHeight=0.035, labelWrapWidth=None, labels=list(...), lineColor=None, markerColor=None, name='slider_emotion', opacity=None, ori=0.0, pos=array([ 0. , -0.1]), readOnly=False, self=UNKNOWN, size=array([1. , 0.1]), startValue=5, style='rating', styleTweaks=[], ticks=array([1, 2, 3, 4, 5, 6, 7, 8, 9]), units='height', win=Window(...))
27.2153 	EXP 	Created text_refresh = TextStim(__class__=<class 'psychopy.visual.text.TextStim'>, alignHoriz=method-wrapper(...), alignText='center', alignVert=method-wrapper(...), anchorHoriz='center', anchorVert='center', antialias=True, autoDraw=False, autoLog=True, bold=False, color=array([1., 1., 1.]), colorSpace='rgb', contrast=1.0, depth=0.0, draggable=False, flipHoriz=False, flipVert=False, font='Arial', fontFiles=[], height=0.05, italic=False, languageStyle='LTR', name='text_refresh', opacity=1, ori=0.0, pos=array([0., 0.]), rgb=UNKNOWN, text='', units='height', win=Window(...), wrapWidth=1)
27.2173 	EXP 	Created wait4trigger_text = TextStim(__class__=<class 'psychopy.visual.text.TextStim'>, alignHoriz=method-wrapper(...), alignText='center', alignVert=method-wrapper(...), anchorHoriz='center', anchorVert='center', antialias=True, autoDraw=False, autoLog=True, bold=False, color=array([1., 1., 1.]), colorSpace='rgb', contrast=1.0, depth=0.0, draggable=False, flipHoriz=False, flipVert=False, font='Arial', fontFiles=[], height=0.05, italic=False, languageStyle='LTR', name='wait4trigger_text', opacity=1, ori=0.0, pos=array([0., 0.]), rgb=UNKNOWN, text='Please wait for the scan to start.', units='height', win=Window(...), wrapWidth=1)
27.2186 	EXP 	Created fake_stimulus_text = TextStim(__class__=<class 'psychopy.visual.text.TextStim'>, alignHoriz=method-wrapper(...), alignText='center', alignVert=method-wrapper(...), anchorHoriz='center', anchorVert='center', antialias=True, autoDraw=False, autoLog=True, bold=False, color=array([1., 1., 1.]), colorSpace='rgb', contrast=1.0, depth=0.0, draggable=False, flipHoriz=False, flipVert=False, font='Arial', fontFiles=[], height=0.05, italic=False, languageStyle='LTR', name='fake_stimulus_text', opacity=1, ori=0.0, pos=array([0., 0.]), rgb=UNKNOWN, text='Please wait for the scan to start.', units='height', win=Window(...), wrapWidth=1)
27.2203 	EXP 	Created fixation = TextStim(__class__=<class 'psychopy.visual.text.TextStim'>, alignHoriz=method-wrapper(...), alignText='center', alignVert=method-wrapper(...), anchorHoriz='center', anchorVert='center', antialias=True, autoDraw=False, autoLog=True, bold=False, color=array([1., 1., 1.]), colorSpace='rgb', contrast=1.0, depth=0.0, draggable=False, flipHoriz=False, flipVert=False, font='Arial', fontFiles=[], height=0.4, italic=False, languageStyle='LTR', name='fixation', opacity=1, ori=0.0, pos=array([0., 0.]), rgb=UNKNOWN, text='+', units='height', win=Window(...), wrapWidth=1)
27.2208 	EXP 	Created text_refresh = TextStim(__class__=<class 'psychopy.visual.text.TextStim'>, alignHoriz=method-wrapper(...), alignText='center', alignVert=method-wrapper(...), anchorHoriz='center', anchorVert='center', antialias=True, autoDraw=False, autoLog=True, bold=False, color=array([1., 1., 1.]), colorSpace='rgb', contrast=1.0, depth=0.0, draggable=False, flipHoriz=False, flipVert=False, font='Arial', fontFiles=[], height=0.05, italic=False, languageStyle='LTR', name='text_refresh', opacity=1, ori=0.0, pos=array([0., 0.]), rgb=UNKNOWN, text='', units='height', win=Window(...), wrapWidth=1)
27.2238 	EXP 	Created rate_emotion_prompt = TextStim(__class__=<class 'psychopy.visual.text.TextStim'>, alignHoriz=method-wrapper(...), alignText='center', alignVert=method-wrapper(...), anchorHoriz='center', anchorVert='center', antialias=True, autoDraw=False, autoLog=True, bold=False, color=array([1., 1., 1.]), colorSpace='rgb', contrast=1.0, depth=0.0, draggable=False, flipHoriz=False, flipVert=False, font='Arial', fontFiles=[], height=0.05, italic=False, languageStyle='LTR', name='rate_emotion_prompt', opacity=1, ori=0.0, pos=array([0. , 0.2]), rgb=UNKNOWN, text=str(...), units='height', win=Window(...), wrapWidth=1)
27.2822 	EXP 	Created slider_emotion = Slider(__class__=<class 'psychopy.visual.slider.Slider'>, autoDraw=False, autoLog=True, borderColor=None, color=None, colorSpace='rgb', depth=-1, fillColor=None, flip=False, font='Arial', granularity=1.0, labelColor=None, labelHeight=0.035, labelWrapWidth=None, labels=list(...), lineColor=None, markerColor=None, name='slider_emotion', opacity=None, ori=0.0, pos=array([ 0. , -0.1]), readOnly=False, self=UNKNOWN, size=array([1. , 0.1]), startValue=5, style='rating', styleTweaks=[], ticks=array([1, 2, 3, 4, 5, 6, 7, 8, 9]), units='height', win=Window(...))
27.2828 	EXP 	Created text_refresh = TextStim(__class__=<class 'psychopy.visual.text.TextStim'>, alignHoriz=method-wrapper(...), alignText='center', alignVert=method-wrapper(...), anchorHoriz='center', anchorVert='center', antialias=True, autoDraw=False, autoLog=True, bold=False, color=array([1., 1., 1.]), colorSpace='rgb', contrast=1.0, depth=0.0, draggable=False, flipHoriz=False, flipVert=False, font='Arial', fontFiles=[], height=0.05, italic=False, languageStyle='LTR', name='text_refresh', opacity=1, ori=0.0, pos=array([0., 0.]), rgb=UNKNOWN, text='', units='height', win=Window(...), wrapWidth=1)
27.2852 	EXP 	Created main_body_questionnaire = TextStim(__class__=<class 'psychopy.visual.text.TextStim'>, alignHoriz=method-wrapper(...), alignText='center', alignVert=method-wrapper(...), anchorHoriz='center', anchorVert='center', antialias=True, autoDraw=False, autoLog=True, bold=False, color=array([1., 1., 1.]), colorSpace='rgb', contrast=1.0, depth=0.0, draggable=False, flipHoriz=False, flipVert=False, font='Arial', fontFiles=[], height=0.05, italic=False, languageStyle='LTR', name='main_body_questionnaire', opacity=1, ori=0.0, pos=array([0. , 0.3]), rgb=UNKNOWN, text='During the MRI my thoughts:', units='height', win=Window(...), wrapWidth=1)
27.2855 	EXP 	Created item_text = TextStim(__class__=<class 'psychopy.visual.text.TextStim'>, alignHoriz=method-wrapper(...), alignText='center', alignVert=method-wrapper(...), anchorHoriz='center', anchorVert='center', antialias=True, autoDraw=False, autoLog=True, bold=False, color=array([1., 1., 1.]), colorSpace='rgb', contrast=1.0, depth=-1.0, draggable=False, flipHoriz=False, flipVert=False, font='Arial', fontFiles=[], height=0.05, italic=False, languageStyle='LTR', name='item_text', opacity=1, ori=0.0, pos=array([0. , 0.1]), rgb=UNKNOWN, text='', units='height', win=Window(...), wrapWidth=1)
27.3076 	DEBUG 	TextBox2 loaded 1 chars with 0 blanks and 1 valid
27.3080 	DEBUG 	TextBox2 loaded 1 chars with 0 blanks and 1 valid
27.3085 	DEBUG 	TextBox2 loaded 1 chars with 0 blanks and 1 valid
27.3088 	DEBUG 	TextBox2 loaded 1 chars with 0 blanks and 1 valid
27.3089 	DEBUG 	Uploading Texture Font fontname to graphics card
27.3105 	DEBUG 	Upload of Texture Font fontname complete
27.3293 	DEBUG 	TextBox2 loaded 1 chars with 0 blanks and 1 valid
27.3294 	DEBUG 	Uploading Texture Font fontname to graphics card
27.3308 	DEBUG 	Upload of Texture Font fontname complete
27.3484 	EXP 	Created slider_thinking_content = Slider(__class__=<class 'psychopy.visual.slider.Slider'>, autoDraw=False, autoLog=True, borderColor=None, color=None, colorSpace='rgb', depth=-2, fillColor=None, flip=False, font='Arial', granularity=1.0, labelColor=None, labelHeight=0.035, labelWrapWidth=None, labels=list(...), lineColor=None, markerColor=None, name='slider_thinking_content', opacity=None, ori=0.0, pos=array([ 0. , -0.1]), readOnly=False, self=UNKNOWN, size=array([1. , 0.1]), startValue=5, style='rating', styleTweaks=[], ticks=array([1, 2, 3, 4, 5, 6, 7, 8, 9]), units='height', win=Window(...))
27.3489 	EXP 	Created text_refresh = TextStim(__class__=<class 'psychopy.visual.text.TextStim'>, alignHoriz=method-wrapper(...), alignText='center', alignVert=method-wrapper(...), anchorHoriz='center', anchorVert='center', antialias=True, autoDraw=False, autoLog=True, bold=False, color=array([1., 1., 1.]), colorSpace='rgb', contrast=1.0, depth=0.0, draggable=False, flipHoriz=False, flipVert=False, font='Arial', fontFiles=[], height=0.05, italic=False, languageStyle='LTR', name='text_refresh', opacity=1, ori=0.0, pos=array([0., 0.]), rgb=UNKNOWN, text='', units='height', win=Window(...), wrapWidth=1)
27.3527 	EXP 	Created goodbye_text = TextStim(__class__=<class 'psychopy.visual.text.TextStim'>, alignHoriz=method-wrapper(...), alignText='center', alignVert=method-wrapper(...), anchorHoriz='center', anchorVert='center', antialias=True, autoDraw=False, autoLog=True, bold=False, color=array([1., 1., 1.]), colorSpace='rgb', contrast=1.0, depth=0.0, draggable=False, flipHoriz=False, flipVert=False, font='Arial', fontFiles=[], height=0.05, italic=False, languageStyle='LTR', name='goodbye_text', opacity=1, ori=0.0, pos=array([0., 0.]), rgb=UNKNOWN, text=str(...), units='height', win=Window(...), wrapWidth=1)
0.0058 	EXP 	slider_emotion: autoLog = True
0.0058 	EXP 	slider_emotion: styleTweaks = []
0.0058 	EXP 	slider_emotion: styleTweaks = []
0.0058 	EXP 	slider_emotion: styleTweaks = []
0.0058 	EXP 	slider_emotion: styleTweaks = []
0.0058 	EXP 	slider_emotion: contrast = 1.0
0.0058 	EXP 	slider_emotion: markerPos = 5
0.0058 	EXP 	slider_emotion: autoLog = True
0.0058 	EXP 	slider_emotion: autoLog = True
0.0058 	EXP 	slider_emotion: styleTweaks = []
0.0058 	EXP 	slider_emotion: styleTweaks = []
0.0058 	EXP 	slider_emotion: styleTweaks = []
0.0058 	EXP 	slider_emotion: styleTweaks = []
0.0058 	EXP 	slider_emotion: contrast = 1.0
0.0058 	EXP 	slider_emotion: markerPos = 5
0.0058 	EXP 	slider_emotion: autoLog = True
0.0058 	EXP 	slider_thinking_content: autoLog = True
0.0058 	EXP 	slider_thinking_content: styleTweaks = []
0.0058 	EXP 	slider_thinking_content: styleTweaks = []
0.0058 	EXP 	slider_thinking_content: styleTweaks = []
0.0058 	EXP 	slider_thinking_content: styleTweaks = []
0.0058 	EXP 	slider_thinking_content: contrast = 1.0
0.0058 	EXP 	slider_thinking_content: markerPos = 5
0.0058 	EXP 	slider_thinking_content: autoLog = True
0.0153 	INFO 	Keyboard events cleared
0.0151 	EXP 	text_welcome: autoDraw = True
4.5394 	WARNING 	t of last frame was 21.88ms (=1/45)
4.5592 	DATA 	Keypress: escape
4.5618 	WARNING 	t of last frame was 22.48ms (=1/44)
4.6061 	EXP 	resting_state_demo: status = STOPPED
4.6171 	EXP 	text_welcome: autoDraw = False
4.6181 	EXP 	resting_state_demo: status = STOPPED
4.6201 	INFO 	saved data to '/Users/Chenxiao/Documents/project_codes/RST_Chinese_beta/data/999_resting_state_demo_2025-06-11_15h23.24.347.csv'
4.6203 	INFO 	saved data to /Users/Chenxiao/Documents/project_codes/RST_Chinese_beta/data/999_resting_state_demo_2025-06-11_15h23.24.347.psydat
4.9518 	DEBUG 	Saving data for resting_state_demo ExperimentHandler
