10.9323 	WARNING 	Font Manager failed to load file /System/Library/PrivateFrameworks/FontServices.framework/Resources/Reserved/PingFangUI.ttc
15.2964 	DEBUG 	Fullscreen settings ignored as running in pilot mode.
15.2972 	INFO 	Loaded monitor calibration from ['2022_04_19 09:31']
15.2974 	WARNING 	This monitor has not been color-calibrated. Using default DKL conversion matrix.
15.3852 	WARNING 	This monitor has not been color-calibrated. Using default DKL conversion matrix.
15.3854 	WARNING 	This monitor has not been color-calibrated. Using default DKL conversion matrix.
15.4418 	EXP 	Created window1 = Window(allowGUI=False, allowStencil=False, autoLog=True, backendConf=UNKNOWN, backgroundFit=<method-wrapper '__getattribute__' of attributeSetter object at 0x17e127f70>, backgroundImage=<method-wrapper '__getattribute__' of attributeSetter object at 0x17e127f10>, bitsMode=UNKNOWN, blendMode='avg', bpc=(8, 8, 8), color=array([0, 0, 0]), colorSpace='dkl', depthBits=8, fullscr=False, gamma=None, gammaErrorPolicy='raise', infoMsg=UNKNOWN, lms=UNKNOWN, monitor=<psychopy.monitors.calibTools.Monitor object at 0x17e199f60>, multiSample=False, name='window1', numSamples=2, pos=[560.0, 240.0], screen=0, size=array([1600, 1200]), stencilBits=0, stereo=False, title='PsychoPy', units='height', useFBO=True, useRetina=True, viewOri=0.0, viewPos=None, viewScale=None, waitBlanking=True, winType='pyglet')
15.4418 	EXP 	window1: backgroundImage = ''
15.4418 	EXP 	window1: backgroundFit = 'none'
15.4488 	DEBUG 	TextBox2 loaded 1 chars with 0 blanks and 1 valid
15.4493 	DEBUG 	TextBox2 loaded 1 chars with 0 blanks and 1 valid
15.4497 	DEBUG 	TextBox2 loaded 1 chars with 0 blanks and 1 valid
15.4502 	DEBUG 	TextBox2 loaded 1 chars with 0 blanks and 1 valid
15.4508 	DEBUG 	TextBox2 loaded 1 chars with 0 blanks and 1 valid
15.4510 	DEBUG 	TextBox2 loaded 1 chars with 0 blanks and 1 valid
15.4514 	DEBUG 	TextBox2 loaded 1 chars with 0 blanks and 1 valid
15.4519 	DEBUG 	TextBox2 loaded 1 chars with 0 blanks and 1 valid
15.4522 	DEBUG 	TextBox2 loaded 1 chars with 0 blanks and 1 valid
15.4524 	DEBUG 	TextBox2 loaded 1 chars with 0 blanks and 1 valid
15.4528 	DEBUG 	TextBox2 loaded 1 chars with 0 blanks and 1 valid
15.4531 	DEBUG 	TextBox2 loaded 1 chars with 0 blanks and 1 valid
15.4535 	DEBUG 	TextBox2 loaded 1 chars with 0 blanks and 1 valid
15.4539 	DEBUG 	TextBox2 loaded 1 chars with 0 blanks and 1 valid
15.4542 	DEBUG 	TextBox2 loaded 1 chars with 0 blanks and 1 valid
15.4546 	DEBUG 	TextBox2 loaded 1 chars with 0 blanks and 1 valid
15.4550 	DEBUG 	TextBox2 loaded 1 chars with 0 blanks and 1 valid
15.4552 	DEBUG 	TextBox2 loaded 1 chars with 0 blanks and 1 valid
15.4554 	DEBUG 	TextBox2 loaded 1 chars with 0 blanks and 1 valid
15.4560 	DEBUG 	TextBox2 loaded 1 chars with 0 blanks and 1 valid
15.4562 	DEBUG 	TextBox2 loaded 1 chars with 0 blanks and 1 valid
15.4564 	DEBUG 	Uploading Texture Font fontname to graphics card
15.4595 	DEBUG 	Upload of Texture Font fontname complete
15.4636 	DEBUG 	TextBox2 loaded 1 chars with 0 blanks and 1 valid
15.4643 	DEBUG 	TextBox2 loaded 1 chars with 0 blanks and 1 valid
15.4651 	DEBUG 	TextBox2 loaded 1 chars with 0 blanks and 1 valid
15.4652 	DEBUG 	Uploading Texture Font fontname to graphics card
15.4669 	DEBUG 	Upload of Texture Font fontname complete
15.4680 	EXP 	window1: Attempting to measure frame rate of screen (0) ...
15.4680 	EXP 	window1: recordFrameIntervals = False
15.5855 	EXP 	window1: recordFrameIntervals = True
16.4191 	WARNING 	Couldn't measure a consistent frame rate!
  - Is your graphics card set to sync to vertical blank?
  - Are you running other processes on your computer?

16.4267 	DEBUG 	TextBox2 loaded 1 chars with 0 blanks and 1 valid
16.4272 	DEBUG 	TextBox2 loaded 1 chars with 0 blanks and 1 valid
16.4281 	DEBUG 	TextBox2 loaded 1 chars with 0 blanks and 1 valid
16.4293 	DEBUG 	TextBox2 loaded 1 chars with 0 blanks and 1 valid
16.4304 	DEBUG 	TextBox2 loaded 1 chars with 0 blanks and 1 valid
16.4314 	DEBUG 	TextBox2 loaded 1 chars with 0 blanks and 1 valid
16.4318 	DEBUG 	TextBox2 loaded 1 chars with 0 blanks and 1 valid
16.4327 	DEBUG 	TextBox2 loaded 1 chars with 0 blanks and 1 valid
16.4336 	DEBUG 	TextBox2 loaded 1 chars with 0 blanks and 1 valid
16.4345 	DEBUG 	TextBox2 loaded 1 chars with 0 blanks and 1 valid
16.4348 	DEBUG 	Uploading Texture Font fontname to graphics card
16.4374 	DEBUG 	Upload of Texture Font fontname complete
16.4515 	WARNING 	launchHubServer: If using the iohub mouse or eyetracker devices, fullScr should be True.
18.6137 	INFO 	keyboard.Keyboard is using iohub backend.
18.6138 	INFO 	keyboard.Keyboard is using iohub backend.
18.6138 	INFO 	keyboard.Keyboard is using iohub backend.
18.6138 	INFO 	keyboard.Keyboard is using iohub backend.
18.6138 	INFO 	keyboard.Keyboard is using iohub backend.
18.6138 	INFO 	keyboard.Keyboard is using iohub backend.
18.6138 	INFO 	keyboard.Keyboard is using iohub backend.
18.6139 	EXP 	rumination_demo: status = STARTED
18.6826 	EXP 	Created image_rum_instruct = ImageStim(__class__=<class 'psychopy.visual.image.ImageStim'>, anchor=('center', 'center'), autoLog=True, color=array([1., 1., 1.]), colorSpace='rgb', contrast=1.0, depth=0.0, draggable=False, flipHoriz=False, flipVert=False, image='stimuli/rum_instruct.png', interpolate=True, mask=None, maskParams=None, name='image_rum_instruct', opacity=1, ori=0.0, pos=array([0., 0.]), size=array([1.1  , 0.825]), texRes=128.0, units='height', win=Window(...))
18.6948 	EXP 	Created text_refresh = TextStim(__class__=<class 'psychopy.visual.text.TextStim'>, alignHoriz=method-wrapper(...), alignText='center', alignVert=method-wrapper(...), anchorHoriz='center', anchorVert='center', antialias=True, autoDraw=False, autoLog=True, bold=False, color=array([1., 1., 1.]), colorSpace='rgb', contrast=1.0, depth=0.0, draggable=False, flipHoriz=False, flipVert=False, font='Arial', fontFiles=[], height=0.05, italic=False, languageStyle='LTR', name='text_refresh', opacity=1, ori=0.0, pos=array([0., 0.]), rgb=UNKNOWN, text='', units='height', win=Window(...), wrapWidth=1)
18.7093 	EXP 	Created wait4trigger_text = TextStim(__class__=<class 'psychopy.visual.text.TextStim'>, alignHoriz=method-wrapper(...), alignText='center', alignVert=method-wrapper(...), anchorHoriz='center', anchorVert='center', antialias=True, autoDraw=False, autoLog=True, bold=False, color=array([1., 1., 1.]), colorSpace='rgb', contrast=1.0, depth=0.0, draggable=False, flipHoriz=False, flipVert=False, font='Noto Sans SC', fontFiles=[], height=0.05, italic=False, languageStyle='LTR', name='wait4trigger_text', opacity=1, ori=0.0, pos=array([0., 0.]), rgb=UNKNOWN, text='即将开始，请等待。', units='height', win=Window(...), wrapWidth=1)
18.7103 	EXP 	Created fake_stimulus_text = TextStim(__class__=<class 'psychopy.visual.text.TextStim'>, alignHoriz=method-wrapper(...), alignText='center', alignVert=method-wrapper(...), anchorHoriz='center', anchorVert='center', antialias=True, autoDraw=False, autoLog=True, bold=False, color=array([1., 1., 1.]), colorSpace='rgb', contrast=1.0, depth=0.0, draggable=False, flipHoriz=False, flipVert=False, font='Noto Sans SC', fontFiles=[], height=0.05, italic=False, languageStyle='LTR', name='fake_stimulus_text', opacity=1, ori=0.0, pos=array([0., 0.]), rgb=UNKNOWN, text='即将开始，请等待。', units='height', win=Window(...), wrapWidth=1)
18.7132 	EXP 	Created image_rum = ImageStim(__class__=<class 'psychopy.visual.image.ImageStim'>, anchor=('center', 'center'), autoLog=True, color=array([1., 1., 1.]), colorSpace='rgb', contrast=1.0, depth=0.0, draggable=False, flipHoriz=False, flipVert=False, image='default.png', interpolate=True, mask=None, maskParams=None, name='image_rum', opacity=1, ori=0.0, pos=array([0., 0.]), size=array([1.1  , 0.825]), texRes=128.0, units='height', win=Window(...))
18.7137 	EXP 	Created text_refresh = TextStim(__class__=<class 'psychopy.visual.text.TextStim'>, alignHoriz=method-wrapper(...), alignText='center', alignVert=method-wrapper(...), anchorHoriz='center', anchorVert='center', antialias=True, autoDraw=False, autoLog=True, bold=False, color=array([1., 1., 1.]), colorSpace='rgb', contrast=1.0, depth=0.0, draggable=False, flipHoriz=False, flipVert=False, font='Arial', fontFiles=[], height=0.05, italic=False, languageStyle='LTR', name='text_refresh', opacity=1, ori=0.0, pos=array([0., 0.]), rgb=UNKNOWN, text='', units='height', win=Window(...), wrapWidth=1)
18.7592 	EXP 	Created image_emotion_instruct = ImageStim(__class__=<class 'psychopy.visual.image.ImageStim'>, anchor=('center', 'center'), autoLog=True, color=array([1., 1., 1.]), colorSpace='rgb', contrast=1.0, depth=0.0, draggable=False, flipHoriz=False, flipVert=False, image='stimuli/emotion_instruct.png', interpolate=True, mask=None, maskParams=None, name='image_emotion_instruct', opacity=1, ori=0.0, pos=array([0., 0.]), size=array([1.1  , 0.825]), texRes=128.0, units='height', win=Window(...))
18.7598 	EXP 	Created text_refresh = TextStim(__class__=<class 'psychopy.visual.text.TextStim'>, alignHoriz=method-wrapper(...), alignText='center', alignVert=method-wrapper(...), anchorHoriz='center', anchorVert='center', antialias=True, autoDraw=False, autoLog=True, bold=False, color=array([1., 1., 1.]), colorSpace='rgb', contrast=1.0, depth=0.0, draggable=False, flipHoriz=False, flipVert=False, font='Arial', fontFiles=[], height=0.05, italic=False, languageStyle='LTR', name='text_refresh', opacity=1, ori=0.0, pos=array([0., 0.]), rgb=UNKNOWN, text='', units='height', win=Window(...), wrapWidth=1)
18.7657 	EXP 	Created rate_emotion_prompt = TextStim(__class__=<class 'psychopy.visual.text.TextStim'>, alignHoriz=method-wrapper(...), alignText='center', alignVert=method-wrapper(...), anchorHoriz='center', anchorVert='center', antialias=True, autoDraw=False, autoLog=True, bold=False, color=array([1., 1., 1.]), colorSpace='rgb', contrast=1.0, depth=0.0, draggable=False, flipHoriz=False, flipVert=False, font='Noto Sans SC', fontFiles=[], height=0.05, italic=False, languageStyle='LTR', name='rate_emotion_prompt', opacity=1, ori=0.0, pos=array([0. , 0.2]), rgb=UNKNOWN, text='请使用数字描述您目前的情绪状态：', units='height', win=Window(...), wrapWidth=1)
18.7790 	DEBUG 	TextBox2 loaded 1 chars with 0 blanks and 1 valid
18.7802 	DEBUG 	TextBox2 loaded 1 chars with 0 blanks and 1 valid
18.7813 	DEBUG 	TextBox2 loaded 1 chars with 0 blanks and 1 valid
18.7818 	DEBUG 	TextBox2 loaded 1 chars with 0 blanks and 1 valid
18.7830 	DEBUG 	TextBox2 loaded 1 chars with 0 blanks and 1 valid
18.7841 	DEBUG 	TextBox2 loaded 1 chars with 0 blanks and 1 valid
18.7843 	DEBUG 	Uploading Texture Font fontname to graphics card
18.7864 	DEBUG 	Upload of Texture Font fontname complete
18.7897 	DEBUG 	TextBox2 loaded 1 chars with 0 blanks and 1 valid
18.7905 	DEBUG 	TextBox2 loaded 1 chars with 0 blanks and 1 valid
18.7912 	DEBUG 	TextBox2 loaded 1 chars with 0 blanks and 1 valid
18.7919 	DEBUG 	TextBox2 loaded 1 chars with 0 blanks and 1 valid
18.7923 	DEBUG 	TextBox2 loaded 1 chars with 0 blanks and 1 valid
18.7928 	DEBUG 	TextBox2 loaded 1 chars with 0 blanks and 1 valid
18.7935 	DEBUG 	TextBox2 loaded 1 chars with 0 blanks and 1 valid
18.7940 	DEBUG 	TextBox2 loaded 1 chars with 0 blanks and 1 valid
18.7945 	DEBUG 	TextBox2 loaded 1 chars with 0 blanks and 1 valid
18.7946 	DEBUG 	Uploading Texture Font fontname to graphics card
18.7961 	DEBUG 	Upload of Texture Font fontname complete
18.8137 	DEBUG 	TextBox2 loaded 1 chars with 0 blanks and 1 valid
18.8150 	DEBUG 	TextBox2 loaded 1 chars with 0 blanks and 1 valid
18.8151 	DEBUG 	Uploading Texture Font fontname to graphics card
18.8166 	DEBUG 	Upload of Texture Font fontname complete
18.8549 	EXP 	Created slider_emotion = Slider(__class__=<class 'psychopy.visual.slider.Slider'>, autoDraw=False, autoLog=True, borderColor=None, color=None, colorSpace='rgb', depth=-1, fillColor=None, flip=False, font='Noto Sans SC', granularity=1.0, labelColor=None, labelHeight=0.04, labelWrapWidth=None, labels=['非常不高兴', '', '', '', '平静', '', '', '', '非常高兴'], lineColor=None, markerColor=None, name='slider_emotion', opacity=None, ori=0.0, pos=array([ 0. , -0.1]), readOnly=False, self=UNKNOWN, size=array([1. , 0.1]), startValue=5, style='rating', styleTweaks=[], ticks=array([1, 2, 3, 4, 5, 6, 7, 8, 9]), units='height', win=Window(...))
18.8555 	EXP 	Created text_refresh = TextStim(__class__=<class 'psychopy.visual.text.TextStim'>, alignHoriz=method-wrapper(...), alignText='center', alignVert=method-wrapper(...), anchorHoriz='center', anchorVert='center', antialias=True, autoDraw=False, autoLog=True, bold=False, color=array([1., 1., 1.]), colorSpace='rgb', contrast=1.0, depth=0.0, draggable=False, flipHoriz=False, flipVert=False, font='Arial', fontFiles=[], height=0.05, italic=False, languageStyle='LTR', name='text_refresh', opacity=1, ori=0.0, pos=array([0., 0.]), rgb=UNKNOWN, text='', units='height', win=Window(...), wrapWidth=1)
18.9029 	EXP 	Created image_think_content_instruct = ImageStim(__class__=<class 'psychopy.visual.image.ImageStim'>, anchor=('center', 'center'), autoLog=True, color=array([1., 1., 1.]), colorSpace='rgb', contrast=1.0, depth=0.0, draggable=False, flipHoriz=False, flipVert=False, image='stimuli/think_content_instruct.png', interpolate=True, mask=None, maskParams=None, name='image_think_content_instruct', opacity=1, ori=0.0, pos=array([0., 0.]), size=array([1.1  , 0.825]), texRes=128.0, units='height', win=Window(...))
18.9035 	EXP 	Created text_refresh = TextStim(__class__=<class 'psychopy.visual.text.TextStim'>, alignHoriz=method-wrapper(...), alignText='center', alignVert=method-wrapper(...), anchorHoriz='center', anchorVert='center', antialias=True, autoDraw=False, autoLog=True, bold=False, color=array([1., 1., 1.]), colorSpace='rgb', contrast=1.0, depth=0.0, draggable=False, flipHoriz=False, flipVert=False, font='Arial', fontFiles=[], height=0.05, italic=False, languageStyle='LTR', name='text_refresh', opacity=1, ori=0.0, pos=array([0., 0.]), rgb=UNKNOWN, text='', units='height', win=Window(...), wrapWidth=1)
18.9077 	EXP 	Created main_body_questionnaire = TextStim(__class__=<class 'psychopy.visual.text.TextStim'>, alignHoriz=method-wrapper(...), alignText='center', alignVert=method-wrapper(...), anchorHoriz='center', anchorVert='center', antialias=True, autoDraw=False, autoLog=True, bold=False, color=array([1., 1., 1.]), colorSpace='rgb', contrast=1.0, depth=0.0, draggable=False, flipHoriz=False, flipVert=False, font='Noto Sans SC', fontFiles=[], height=0.05, italic=False, languageStyle='LTR', name='main_body_questionnaire', opacity=1, ori=0.0, pos=array([0. , 0.3]), rgb=UNKNOWN, text='我刚才的思维内容：', units='height', win=Window(...), wrapWidth=1)
18.9080 	EXP 	Created item_text = TextStim(__class__=<class 'psychopy.visual.text.TextStim'>, alignHoriz=method-wrapper(...), alignText='center', alignVert=method-wrapper(...), anchorHoriz='center', anchorVert='center', antialias=True, autoDraw=False, autoLog=True, bold=False, color=array([1., 1., 1.]), colorSpace='rgb', contrast=1.0, depth=-1.0, draggable=False, flipHoriz=False, flipVert=False, font='Noto Sans SC', fontFiles=[], height=0.05, italic=False, languageStyle='LTR', name='item_text', opacity=1, ori=0.0, pos=array([0. , 0.1]), rgb=UNKNOWN, text='', units='height', win=Window(...), wrapWidth=1)
18.9132 	DEBUG 	TextBox2 loaded 1 chars with 0 blanks and 1 valid
18.9144 	DEBUG 	TextBox2 loaded 1 chars with 0 blanks and 1 valid
18.9156 	DEBUG 	TextBox2 loaded 1 chars with 0 blanks and 1 valid
18.9168 	DEBUG 	TextBox2 loaded 1 chars with 0 blanks and 1 valid
18.9169 	DEBUG 	Uploading Texture Font fontname to graphics card
18.9185 	DEBUG 	Upload of Texture Font fontname complete
18.9387 	DEBUG 	TextBox2 loaded 1 chars with 0 blanks and 1 valid
18.9399 	DEBUG 	TextBox2 loaded 1 chars with 0 blanks and 1 valid
18.9400 	DEBUG 	Uploading Texture Font fontname to graphics card
18.9416 	DEBUG 	Upload of Texture Font fontname complete
18.9616 	DEBUG 	TextBox2 loaded 1 chars with 0 blanks and 1 valid
18.9627 	DEBUG 	TextBox2 loaded 1 chars with 0 blanks and 1 valid
18.9640 	DEBUG 	TextBox2 loaded 1 chars with 0 blanks and 1 valid
18.9651 	DEBUG 	TextBox2 loaded 1 chars with 0 blanks and 1 valid
18.9653 	DEBUG 	Uploading Texture Font fontname to graphics card
18.9667 	DEBUG 	Upload of Texture Font fontname complete
18.9852 	EXP 	Created slider_thinking_content = Slider(__class__=<class 'psychopy.visual.slider.Slider'>, autoDraw=False, autoLog=True, borderColor=None, color=None, colorSpace='rgb', depth=-2, fillColor=None, flip=False, font='Noto Sans SC', granularity=1.0, labelColor=None, labelHeight=0.04, labelWrapWidth=None, labels=['完全没有', '', '', '', '一般', '', '', '', '几乎都是'], lineColor=None, markerColor=None, name='slider_thinking_content', opacity=None, ori=0.0, pos=array([ 0. , -0.1]), readOnly=False, self=UNKNOWN, size=array([1. , 0.1]), startValue=5, style='rating', styleTweaks=[], ticks=array([1, 2, 3, 4, 5, 6, 7, 8, 9]), units='height', win=Window(...))
18.9857 	EXP 	Created text_refresh = TextStim(__class__=<class 'psychopy.visual.text.TextStim'>, alignHoriz=method-wrapper(...), alignText='center', alignVert=method-wrapper(...), anchorHoriz='center', anchorVert='center', antialias=True, autoDraw=False, autoLog=True, bold=False, color=array([1., 1., 1.]), colorSpace='rgb', contrast=1.0, depth=0.0, draggable=False, flipHoriz=False, flipVert=False, font='Arial', fontFiles=[], height=0.05, italic=False, languageStyle='LTR', name='text_refresh', opacity=1, ori=0.0, pos=array([0., 0.]), rgb=UNKNOWN, text='', units='height', win=Window(...), wrapWidth=1)
18.9898 	EXP 	Created goodbye_text = TextStim(__class__=<class 'psychopy.visual.text.TextStim'>, alignHoriz=method-wrapper(...), alignText='center', alignVert=method-wrapper(...), anchorHoriz='center', anchorVert='center', antialias=True, autoDraw=False, autoLog=True, bold=False, color=array([1., 1., 1.]), colorSpace='rgb', contrast=1.0, depth=0.0, draggable=False, flipHoriz=False, flipVert=False, font='Noto Sans SC', fontFiles=[], height=0.05, italic=False, languageStyle='LTR', name='goodbye_text', opacity=1, ori=0.0, pos=array([0., 0.]), rgb=UNKNOWN, text='本阶段结束，请等待下一阶段的扫描。\n\n', units='height', win=Window(...), wrapWidth=1)
0.0048 	EXP 	slider_emotion: autoLog = True
0.0048 	EXP 	slider_emotion: styleTweaks = []
0.0048 	EXP 	slider_emotion: styleTweaks = []
0.0048 	EXP 	slider_emotion: styleTweaks = []
0.0048 	EXP 	slider_emotion: styleTweaks = []
0.0048 	EXP 	slider_emotion: contrast = 1.0
0.0048 	EXP 	slider_emotion: markerPos = 5
0.0048 	EXP 	slider_emotion: autoLog = True
0.0048 	EXP 	slider_thinking_content: autoLog = True
0.0048 	EXP 	slider_thinking_content: styleTweaks = []
0.0048 	EXP 	slider_thinking_content: styleTweaks = []
0.0048 	EXP 	slider_thinking_content: styleTweaks = []
0.0048 	EXP 	slider_thinking_content: styleTweaks = []
0.0048 	EXP 	slider_thinking_content: contrast = 1.0
0.0048 	EXP 	slider_thinking_content: markerPos = 5
0.0048 	EXP 	slider_thinking_content: autoLog = True
0.0230 	INFO 	Keyboard events cleared
0.0227 	EXP 	image_rum_instruct: autoDraw = True
1.6024 	WARNING 	t of last frame was 21.89ms (=1/45)
1.6098 	DATA 	Keypress: 4
4.4177 	DATA 	Keypress: k
4.4200 	EXP 	image_rum_instruct: autoDraw = False
4.4200 	EXP 	text_refresh: autoDraw = True
4.7186 	EXP 	text_refresh: autoDraw = False
4.7186 	EXP 	text_refresh: autoDraw = False
4.7186 	EXP 	wait4trigger_text: autoDraw = True
5.4510 	DATA 	Keypress: s
5.7130 	EXP 	wait4trigger_text: autoDraw = False
5.7130 	EXP 	wait4trigger_text: autoDraw = False
5.7130 	EXP 	fake_stimulus_text: autoDraw = True
7.7039 	DEBUG 	Read excel file with openpyxl: rum_prompt_image.xlsx
7.7041 	EXP 	Imported rum_prompt_image.xlsx as conditions, 4 conditions, 2 params
7.7047 	EXP 	New trial (rep=0, index=0): <Trial 0 (0 in rep 0) data={'prompt_number': 3, 'prompt_image': 'stimuli/rum_prompt_3.png', 'thisN': 0, 'thisTrialN': 0, 'thisRepN': 0}>
7.7648 	WARNING 	t of last frame was 68.18ms (=1/14)
7.7648 	EXP 	fake_stimulus_text: autoDraw = False
7.7648 	EXP 	fake_stimulus_text: autoDraw = False
7.7648 	EXP 	image_rum: image = 'stimuli/rum_prompt_3.png'
7.7648 	EXP 	image_rum: autoDraw = True
12.7184 	EXP 	New trial (rep=0, index=1): <Trial 1 (1 in rep 0) data={'prompt_number': 4, 'prompt_image': 'stimuli/rum_prompt_4.png', 'thisN': 1, 'thisTrialN': 1, 'thisRepN': 0}>
12.7781 	WARNING 	t of last frame was 61.05ms (=1/16)
12.7781 	EXP 	image_rum: autoDraw = False
12.7781 	EXP 	image_rum: image = 'stimuli/rum_prompt_4.png'
12.7781 	EXP 	image_rum: autoDraw = True
17.7194 	EXP 	New trial (rep=0, index=2): <Trial 2 (2 in rep 0) data={'prompt_number': 2, 'prompt_image': 'stimuli/rum_prompt_2.png', 'thisN': 2, 'thisTrialN': 2, 'thisRepN': 0}>
17.7728 	WARNING 	t of last frame was 54.49ms (=1/18)
17.7728 	EXP 	image_rum: autoDraw = False
17.7728 	EXP 	image_rum: image = 'stimuli/rum_prompt_2.png'
17.7728 	EXP 	image_rum: autoDraw = True
22.7197 	EXP 	New trial (rep=0, index=3): <Trial 3 (3 in rep 0) data={'prompt_number': 1, 'prompt_image': 'stimuli/rum_prompt_1.png', 'thisN': 3, 'thisTrialN': 3, 'thisRepN': 0}>
22.7719 	WARNING 	Multiple dropped frames have occurred - I'll stop bothering you about them!
22.7719 	EXP 	image_rum: autoDraw = False
22.7719 	EXP 	image_rum: image = 'stimuli/rum_prompt_1.png'
22.7719 	EXP 	image_rum: autoDraw = True
27.7189 	EXP 	image_rum: autoDraw = False
27.7189 	EXP 	text_refresh: autoDraw = True
28.0147 	INFO 	Keyboard events cleared
28.0144 	EXP 	text_refresh: autoDraw = False
28.0144 	EXP 	text_refresh: autoDraw = False
28.0144 	EXP 	image_emotion_instruct: autoDraw = True
29.8538 	EXP 	image_emotion_instruct: autoDraw = False
29.8538 	EXP 	text_refresh: autoDraw = True
29.8563 	DATA 	Keypress: l
30.1651 	INFO 	Keyboard events cleared
30.1649 	EXP 	text_refresh: autoDraw = False
30.1649 	EXP 	text_refresh: autoDraw = False
30.1649 	EXP 	slider_emotion: markerPos = None
30.1649 	EXP 	slider_emotion: markerPos = 5
30.1649 	EXP 	slider_emotion: markerPos = 5
30.1649 	EXP 	rate_emotion_prompt: autoDraw = True
30.1649 	EXP 	slider_emotion: autoDraw = True
30.8285 	DATA 	Keypress: a
30.8385 	EXP 	slider_emotion: markerPos = 4.0
31.0574 	DATA 	Keypress: a
31.0691 	EXP 	slider_emotion: markerPos = 3.0
31.2043 	DATA 	Keypress: a
31.2140 	EXP 	slider_emotion: markerPos = 2.0
31.8978 	EXP 	rate_emotion_prompt: autoDraw = False
31.8978 	EXP 	slider_emotion: autoDraw = False
31.8978 	EXP 	text_refresh: autoDraw = True
31.9009 	DATA 	Keypress: l
32.1870 	INFO 	Keyboard events cleared
32.1868 	EXP 	text_refresh: autoDraw = False
32.1868 	EXP 	text_refresh: autoDraw = False
32.1868 	EXP 	image_think_content_instruct: autoDraw = True
33.5024 	DATA 	Keypress: k
34.8351 	DATA 	Keypress: l
35.0023 	DATA 	Keypress: l
35.1683 	DATA 	Keypress: k
35.3018 	DATA 	Keypress: k
35.4521 	DATA 	Keypress: k
35.6731 	DATA 	Keypress: k
36.0855 	DATA 	Keypress: 3
36.0877 	EXP 	image_think_content_instruct: autoDraw = False
36.0877 	EXP 	text_refresh: autoDraw = True
36.3743 	DEBUG 	Read excel file with openpyxl: think_content_condition_task.xlsx
36.3746 	EXP 	Imported think_content_condition_task.xlsx as conditions, 11 conditions, 2 params
36.3749 	EXP 	New trial (rep=0, index=0): <Trial 0 (0 in rep 0) data={'item': '是关于过去的事情', 'number': 1, 'thisN': 0, 'thisTrialN': 0, 'thisRepN': 0}>
36.3932 	INFO 	Keyboard events cleared
36.3930 	EXP 	text_refresh: autoDraw = False
36.3930 	EXP 	text_refresh: autoDraw = False
36.3930 	EXP 	item_text: height = 0.05
36.3930 	EXP 	item_text: height = 0.05
36.3930 	EXP 	item_text: height = 0.05
36.3930 	EXP 	item_text: text = '是关于过去的事情'
36.3930 	EXP 	slider_thinking_content: markerPos = None
36.3930 	EXP 	slider_thinking_content: markerPos = 5
36.3930 	EXP 	slider_thinking_content: markerPos = 5
36.3930 	EXP 	main_body_questionnaire: autoDraw = True
36.3930 	EXP 	item_text: autoDraw = True
36.3930 	EXP 	slider_thinking_content: autoDraw = True
37.0403 	DATA 	Keypress: a
37.0478 	EXP 	slider_thinking_content: markerPos = 4.0
37.2046 	DATA 	Keypress: a
37.2144 	EXP 	slider_thinking_content: markerPos = 3.0
37.4402 	DATA 	Keypress: l
37.4482 	EXP 	main_body_questionnaire: autoDraw = False
37.4482 	EXP 	item_text: autoDraw = False
37.4482 	EXP 	slider_thinking_content: autoDraw = False
37.4482 	EXP 	text_refresh: autoDraw = True
37.7330 	EXP 	New trial (rep=0, index=1): <Trial 1 (1 in rep 0) data={'item': '是关于将来的事情', 'number': 2, 'thisN': 1, 'thisTrialN': 1, 'thisRepN': 0}>
37.7452 	INFO 	Keyboard events cleared
37.7451 	EXP 	text_refresh: autoDraw = False
37.7451 	EXP 	text_refresh: autoDraw = False
37.7451 	EXP 	item_text: height = 0.05
37.7451 	EXP 	item_text: height = 0.05
37.7451 	EXP 	item_text: height = 0.05
37.7451 	EXP 	item_text: text = '是关于将来的事情'
37.7451 	EXP 	slider_thinking_content: markerPos = None
37.7451 	EXP 	slider_thinking_content: markerPos = 5
37.7451 	EXP 	slider_thinking_content: markerPos = 5
37.7451 	EXP 	main_body_questionnaire: autoDraw = True
37.7451 	EXP 	item_text: autoDraw = True
37.7451 	EXP 	slider_thinking_content: autoDraw = True
38.0262 	DATA 	Keypress: s
38.0482 	EXP 	slider_thinking_content: markerPos = 6.0
38.1903 	DATA 	Keypress: s
38.2055 	EXP 	slider_thinking_content: markerPos = 7.0
38.5068 	DATA 	Keypress: l
38.5149 	EXP 	main_body_questionnaire: autoDraw = False
38.5149 	EXP 	item_text: autoDraw = False
38.5149 	EXP 	slider_thinking_content: autoDraw = False
38.5149 	EXP 	text_refresh: autoDraw = True
38.7997 	EXP 	New trial (rep=0, index=2): <Trial 2 (2 in rep 0) data={'item': '是关于我自己的', 'number': 3, 'thisN': 2, 'thisTrialN': 2, 'thisRepN': 0}>
38.8125 	INFO 	Keyboard events cleared
38.8124 	EXP 	text_refresh: autoDraw = False
38.8124 	EXP 	text_refresh: autoDraw = False
38.8124 	EXP 	item_text: height = 0.05
38.8124 	EXP 	item_text: height = 0.05
38.8124 	EXP 	item_text: height = 0.05
38.8124 	EXP 	item_text: text = '是关于我自己的'
38.8124 	EXP 	slider_thinking_content: markerPos = None
38.8124 	EXP 	slider_thinking_content: markerPos = 5
38.8124 	EXP 	slider_thinking_content: markerPos = 5
38.8124 	EXP 	main_body_questionnaire: autoDraw = True
38.8124 	EXP 	item_text: autoDraw = True
38.8124 	EXP 	slider_thinking_content: autoDraw = True
38.9883 	DATA 	Keypress: s
38.9982 	EXP 	slider_thinking_content: markerPos = 6.0
39.1715 	DATA 	Keypress: s
39.1813 	EXP 	slider_thinking_content: markerPos = 7.0
39.4368 	EXP 	main_body_questionnaire: autoDraw = False
39.4368 	EXP 	item_text: autoDraw = False
39.4368 	EXP 	slider_thinking_content: autoDraw = False
39.4368 	EXP 	text_refresh: autoDraw = True
39.4384 	DATA 	Keypress: l
39.7210 	EXP 	New trial (rep=0, index=3): <Trial 3 (3 in rep 0) data={'item': '是关于他人的', 'number': 4, 'thisN': 3, 'thisTrialN': 3, 'thisRepN': 0}>
39.7359 	INFO 	Keyboard events cleared
39.7357 	EXP 	text_refresh: autoDraw = False
39.7357 	EXP 	text_refresh: autoDraw = False
39.7357 	EXP 	item_text: height = 0.05
39.7357 	EXP 	item_text: height = 0.05
39.7357 	EXP 	item_text: height = 0.05
39.7357 	EXP 	item_text: text = '是关于他人的'
39.7357 	EXP 	slider_thinking_content: markerPos = None
39.7357 	EXP 	slider_thinking_content: markerPos = 5
39.7357 	EXP 	slider_thinking_content: markerPos = 5
39.7357 	EXP 	main_body_questionnaire: autoDraw = True
39.7357 	EXP 	item_text: autoDraw = True
39.7357 	EXP 	slider_thinking_content: autoDraw = True
39.9734 	DATA 	Keypress: a
39.9814 	EXP 	slider_thinking_content: markerPos = 4.0
40.1569 	DATA 	Keypress: a
40.1647 	EXP 	slider_thinking_content: markerPos = 3.0
40.3537 	EXP 	main_body_questionnaire: autoDraw = False
40.3537 	EXP 	item_text: autoDraw = False
40.3537 	EXP 	slider_thinking_content: autoDraw = False
40.3537 	EXP 	text_refresh: autoDraw = True
40.3552 	DATA 	Keypress: l
40.6378 	EXP 	New trial (rep=0, index=4): <Trial 4 (4 in rep 0) data={'item': '是正性的、积极的事件', 'number': 5, 'thisN': 4, 'thisTrialN': 4, 'thisRepN': 0}>
40.6530 	INFO 	Keyboard events cleared
40.6528 	EXP 	text_refresh: autoDraw = False
40.6528 	EXP 	text_refresh: autoDraw = False
40.6528 	EXP 	item_text: height = 0.05
40.6528 	EXP 	item_text: height = 0.05
40.6528 	EXP 	item_text: height = 0.05
40.6528 	EXP 	item_text: text = '是正性的、积极的事件'
40.6528 	EXP 	slider_thinking_content: markerPos = None
40.6528 	EXP 	slider_thinking_content: markerPos = 5
40.6528 	EXP 	slider_thinking_content: markerPos = 5
40.6528 	EXP 	main_body_questionnaire: autoDraw = True
40.6528 	EXP 	item_text: autoDraw = True
40.6528 	EXP 	slider_thinking_content: autoDraw = True
40.8619 	DATA 	Keypress: s
40.8729 	EXP 	slider_thinking_content: markerPos = 6.0
41.0434 	DATA 	Keypress: s
41.0651 	EXP 	slider_thinking_content: markerPos = 7.0
41.1927 	DATA 	Keypress: k
41.1985 	EXP 	main_body_questionnaire: autoDraw = False
41.1985 	EXP 	item_text: autoDraw = False
41.1985 	EXP 	slider_thinking_content: autoDraw = False
41.1985 	EXP 	text_refresh: autoDraw = True
41.4833 	EXP 	New trial (rep=0, index=5): <Trial 5 (5 in rep 0) data={'item': '是负性的、消极的事件', 'number': 6, 'thisN': 5, 'thisTrialN': 5, 'thisRepN': 0}>
41.4963 	INFO 	Keyboard events cleared
41.4961 	EXP 	text_refresh: autoDraw = False
41.4961 	EXP 	text_refresh: autoDraw = False
41.4961 	EXP 	item_text: height = 0.05
41.4961 	EXP 	item_text: height = 0.05
41.4961 	EXP 	item_text: height = 0.05
41.4961 	EXP 	item_text: text = '是负性的、消极的事件'
41.4961 	EXP 	slider_thinking_content: markerPos = None
41.4961 	EXP 	slider_thinking_content: markerPos = 5
41.4961 	EXP 	slider_thinking_content: markerPos = 5
41.4961 	EXP 	main_body_questionnaire: autoDraw = True
41.4961 	EXP 	item_text: autoDraw = True
41.4961 	EXP 	slider_thinking_content: autoDraw = True
41.5501 	DATA 	Keypress: l
41.5530 	EXP 	main_body_questionnaire: autoDraw = False
41.5530 	EXP 	item_text: autoDraw = False
41.5530 	EXP 	slider_thinking_content: autoDraw = False
41.5530 	EXP 	text_refresh: autoDraw = True
41.7184 	DATA 	Keypress: l
41.8379 	EXP 	New trial (rep=0, index=6): <Trial 6 (6 in rep 0) data={'item': '是以图像或意象的形式进行思维', 'number': 7, 'thisN': 6, 'thisTrialN': 6, 'thisRepN': 0}>
41.8546 	INFO 	Keyboard events cleared
41.8543 	EXP 	text_refresh: autoDraw = False
41.8543 	EXP 	text_refresh: autoDraw = False
41.8543 	EXP 	item_text: height = 0.05
41.8543 	EXP 	item_text: height = 0.05
41.8543 	EXP 	item_text: height = 0.05
41.8543 	EXP 	item_text: text = '是以图像或意象的形式进行思维'
41.8543 	EXP 	slider_thinking_content: markerPos = None
41.8543 	EXP 	slider_thinking_content: markerPos = 5
41.8543 	EXP 	slider_thinking_content: markerPos = 5
41.8543 	EXP 	main_body_questionnaire: autoDraw = True
41.8543 	EXP 	item_text: autoDraw = True
41.8543 	EXP 	slider_thinking_content: autoDraw = True
42.2865 	EXP 	main_body_questionnaire: autoDraw = False
42.2865 	EXP 	item_text: autoDraw = False
42.2865 	EXP 	slider_thinking_content: autoDraw = False
42.2865 	EXP 	text_refresh: autoDraw = True
42.2883 	DATA 	Keypress: k
42.5702 	EXP 	New trial (rep=0, index=7): <Trial 7 (7 in rep 0) data={'item': '是以内部言语的形式进行思维', 'number': 8, 'thisN': 7, 'thisTrialN': 7, 'thisRepN': 0}>
42.5817 	INFO 	Keyboard events cleared
42.5815 	EXP 	text_refresh: autoDraw = False
42.5815 	EXP 	text_refresh: autoDraw = False
42.5815 	EXP 	item_text: height = 0.05
42.5815 	EXP 	item_text: height = 0.05
42.5815 	EXP 	item_text: height = 0.05
42.5815 	EXP 	item_text: text = '是以内部言语的形式进行思维'
42.5815 	EXP 	slider_thinking_content: markerPos = None
42.5815 	EXP 	slider_thinking_content: markerPos = 5
42.5815 	EXP 	slider_thinking_content: markerPos = 5
42.5815 	EXP 	main_body_questionnaire: autoDraw = True
42.5815 	EXP 	item_text: autoDraw = True
42.5815 	EXP 	slider_thinking_content: autoDraw = True
42.7837 	DATA 	Keypress: k
42.7864 	EXP 	main_body_questionnaire: autoDraw = False
42.7864 	EXP 	item_text: autoDraw = False
42.7864 	EXP 	slider_thinking_content: autoDraw = False
42.7864 	EXP 	text_refresh: autoDraw = True
42.9849 	DATA 	Keypress: k
43.0705 	EXP 	New trial (rep=0, index=8): <Trial 8 (8 in rep 0) data={'item': '让我感到开心', 'number': 9, 'thisN': 8, 'thisTrialN': 8, 'thisRepN': 0}>
43.0855 	INFO 	Keyboard events cleared
43.0853 	EXP 	text_refresh: autoDraw = False
43.0853 	EXP 	text_refresh: autoDraw = False
43.0853 	EXP 	item_text: height = 0.05
43.0853 	EXP 	item_text: height = 0.05
43.0853 	EXP 	item_text: height = 0.05
43.0853 	EXP 	item_text: text = '让我感到开心'
43.0853 	EXP 	slider_thinking_content: markerPos = None
43.0853 	EXP 	slider_thinking_content: markerPos = 5
43.0853 	EXP 	slider_thinking_content: markerPos = 5
43.0853 	EXP 	main_body_questionnaire: autoDraw = True
43.0853 	EXP 	item_text: autoDraw = True
43.0853 	EXP 	slider_thinking_content: autoDraw = True
43.1431 	DATA 	Keypress: k
43.1485 	EXP 	main_body_questionnaire: autoDraw = False
43.1485 	EXP 	item_text: autoDraw = False
43.1485 	EXP 	slider_thinking_content: autoDraw = False
43.1485 	EXP 	text_refresh: autoDraw = True
43.3387 	DATA 	Keypress: k
43.4336 	EXP 	New trial (rep=0, index=9): <Trial 9 (9 in rep 0) data={'item': '让我感到悲伤', 'number': 10, 'thisN': 9, 'thisTrialN': 9, 'thisRepN': 0}>
43.4465 	INFO 	Keyboard events cleared
43.4463 	EXP 	text_refresh: autoDraw = False
43.4463 	EXP 	text_refresh: autoDraw = False
43.4463 	EXP 	item_text: height = 0.05
43.4463 	EXP 	item_text: height = 0.05
43.4463 	EXP 	item_text: height = 0.05
43.4463 	EXP 	item_text: text = '让我感到悲伤'
43.4463 	EXP 	slider_thinking_content: markerPos = None
43.4463 	EXP 	slider_thinking_content: markerPos = 5
43.4463 	EXP 	slider_thinking_content: markerPos = 5
43.4463 	EXP 	main_body_questionnaire: autoDraw = True
43.4463 	EXP 	item_text: autoDraw = True
43.4463 	EXP 	slider_thinking_content: autoDraw = True
43.5019 	DATA 	Keypress: k
43.5049 	EXP 	main_body_questionnaire: autoDraw = False
43.5049 	EXP 	item_text: autoDraw = False
43.5049 	EXP 	slider_thinking_content: autoDraw = False
43.5049 	EXP 	text_refresh: autoDraw = True
43.8002 	EXP 	New trial (rep=0, index=10): <Trial 10 (10 in rep 0) data={'item': '有多少是在“走神”', 'number': 11, 'thisN': 10, 'thisTrialN': 10, 'thisRepN': 0}>
43.8152 	INFO 	Keyboard events cleared
43.8149 	EXP 	text_refresh: autoDraw = False
43.8149 	EXP 	text_refresh: autoDraw = False
43.8149 	EXP 	item_text: height = 0.05
43.8149 	EXP 	item_text: height = 0.05
43.8149 	EXP 	item_text: height = 0.05
43.8149 	EXP 	item_text: text = '有多少是在“走神”'
43.8149 	EXP 	slider_thinking_content: markerPos = None
43.8149 	EXP 	slider_thinking_content: markerPos = 5
43.8149 	EXP 	slider_thinking_content: markerPos = 5
43.8149 	EXP 	main_body_questionnaire: autoDraw = True
43.8149 	EXP 	item_text: autoDraw = True
43.8149 	EXP 	slider_thinking_content: autoDraw = True
43.9233 	DATA 	Keypress: k
43.9319 	EXP 	main_body_questionnaire: autoDraw = False
43.9319 	EXP 	item_text: autoDraw = False
43.9319 	EXP 	slider_thinking_content: autoDraw = False
43.9319 	EXP 	text_refresh: autoDraw = True
44.2205 	INFO 	Keyboard events cleared
44.2203 	EXP 	text_refresh: autoDraw = False
44.2203 	EXP 	text_refresh: autoDraw = False
44.2203 	EXP 	goodbye_text: autoDraw = True
45.0528 	DATA 	Keypress: s
45.0551 	EXP 	goodbye_text: autoDraw = False
45.0561 	EXP 	rumination_demo: status = STOPPED
45.0614 	INFO 	saved data to '/Users/Chenxiao/Documents/project_codes/RST_Chinese_beta/data/999_rumination_demo_2025-06-16_16h27.06.437.csv'
45.0620 	INFO 	saved data to /Users/Chenxiao/Documents/project_codes/RST_Chinese_beta/data/999_rumination_demo_2025-06-16_16h27.06.437.psydat
45.2134 	DEBUG 	Saving data for rumination_demo ExperimentHandler
