10.5211 	WARNING 	Font Manager failed to load file /System/Library/PrivateFrameworks/FontServices.framework/Resources/Reserved/PingFangUI.ttc
11.9928 	DEBUG 	Fullscreen settings ignored as running in pilot mode.
11.9939 	INFO 	Loaded monitor calibration from ['2022_04_19 09:31']
11.9943 	WARNING 	This monitor has not been color-calibrated. Using default DKL conversion matrix.
12.0938 	WARNING 	This monitor has not been color-calibrated. Using default DKL conversion matrix.
12.0939 	WARNING 	This monitor has not been color-calibrated. Using default DKL conversion matrix.
12.1497 	EXP 	Created window1 = Window(allowGUI=False, allowStencil=False, autoLog=True, backendConf=UNKNOWN, backgroundFit=<method-wrapper '__getattribute__' of attributeSetter object at 0x180212980>, backgroundImage=<method-wrapper '__getattribute__' of attributeSetter object at 0x1802129e0>, bitsMode=UNKNOWN, blendMode='avg', bpc=(8, 8, 8), color=array([0, 0, 0]), colorSpace='dkl', depthBits=8, fullscr=True, gamma=None, gammaErrorPolicy='raise', infoMsg=UNKNOWN, lms=UNKNOWN, monitor=<psychopy.monitors.calibTools.Monitor object at 0x1802946d0>, multiSample=False, name='window1', numSamples=2, pos=[0.0, 0.0], screen=0, size=array([3840, 2160]), stencilBits=0, stereo=False, title='PsychoPy', units='height', useFBO=True, useRetina=True, viewOri=0.0, viewPos=None, viewScale=None, waitBlanking=True, winType='pyglet')
12.1497 	EXP 	window1: backgroundImage = ''
12.1497 	EXP 	window1: backgroundFit = 'none'
12.1573 	DEBUG 	TextBox2 loaded 1 chars with 0 blanks and 1 valid
12.1583 	DEBUG 	TextBox2 loaded 1 chars with 0 blanks and 1 valid
12.1593 	DEBUG 	TextBox2 loaded 1 chars with 0 blanks and 1 valid
12.1609 	DEBUG 	TextBox2 loaded 1 chars with 0 blanks and 1 valid
12.1624 	DEBUG 	TextBox2 loaded 1 chars with 0 blanks and 1 valid
12.1628 	DEBUG 	TextBox2 loaded 1 chars with 0 blanks and 1 valid
12.1638 	DEBUG 	TextBox2 loaded 1 chars with 0 blanks and 1 valid
12.1653 	DEBUG 	TextBox2 loaded 1 chars with 0 blanks and 1 valid
12.1655 	DEBUG 	TextBox2 loaded 1 chars with 0 blanks and 1 valid
12.1657 	DEBUG 	TextBox2 loaded 1 chars with 0 blanks and 1 valid
12.1667 	DEBUG 	TextBox2 loaded 1 chars with 0 blanks and 1 valid
12.1677 	DEBUG 	TextBox2 loaded 1 chars with 0 blanks and 1 valid
12.1686 	DEBUG 	TextBox2 loaded 1 chars with 0 blanks and 1 valid
12.1695 	DEBUG 	TextBox2 loaded 1 chars with 0 blanks and 1 valid
12.1703 	DEBUG 	TextBox2 loaded 1 chars with 0 blanks and 1 valid
12.1714 	DEBUG 	TextBox2 loaded 1 chars with 0 blanks and 1 valid
12.1724 	DEBUG 	TextBox2 loaded 1 chars with 0 blanks and 1 valid
12.1726 	DEBUG 	TextBox2 loaded 1 chars with 0 blanks and 1 valid
12.1731 	DEBUG 	TextBox2 loaded 1 chars with 0 blanks and 1 valid
12.1746 	DEBUG 	TextBox2 loaded 1 chars with 0 blanks and 1 valid
12.1748 	DEBUG 	TextBox2 loaded 1 chars with 0 blanks and 1 valid
12.1750 	DEBUG 	Uploading Texture Font fontname to graphics card
12.1784 	DEBUG 	Upload of Texture Font fontname complete
12.1830 	DEBUG 	TextBox2 loaded 1 chars with 0 blanks and 1 valid
12.1845 	DEBUG 	TextBox2 loaded 1 chars with 0 blanks and 1 valid
12.1858 	DEBUG 	TextBox2 loaded 1 chars with 0 blanks and 1 valid
12.1859 	DEBUG 	Uploading Texture Font fontname to graphics card
12.1876 	DEBUG 	Upload of Texture Font fontname complete
12.1886 	EXP 	window1: Attempting to measure frame rate of screen (0) ...
12.1886 	EXP 	window1: recordFrameIntervals = False
12.3267 	EXP 	window1: recordFrameIntervals = True
13.1835 	WARNING 	Couldn't measure a consistent frame rate!
  - Is your graphics card set to sync to vertical blank?
  - Are you running other processes on your computer?

13.1952 	DEBUG 	TextBox2 loaded 1 chars with 0 blanks and 1 valid
13.1964 	DEBUG 	TextBox2 loaded 1 chars with 0 blanks and 1 valid
13.1986 	DEBUG 	TextBox2 loaded 1 chars with 0 blanks and 1 valid
13.2022 	DEBUG 	TextBox2 loaded 1 chars with 0 blanks and 1 valid
13.2047 	DEBUG 	TextBox2 loaded 1 chars with 0 blanks and 1 valid
13.2076 	DEBUG 	TextBox2 loaded 1 chars with 0 blanks and 1 valid
13.2083 	DEBUG 	TextBox2 loaded 1 chars with 0 blanks and 1 valid
13.2103 	DEBUG 	TextBox2 loaded 1 chars with 0 blanks and 1 valid
13.2126 	DEBUG 	TextBox2 loaded 1 chars with 0 blanks and 1 valid
13.2147 	DEBUG 	TextBox2 loaded 1 chars with 0 blanks and 1 valid
13.2150 	DEBUG 	Uploading Texture Font fontname to graphics card
13.2175 	DEBUG 	Upload of Texture Font fontname complete
15.3714 	INFO 	keyboard.Keyboard is using iohub backend.
15.3715 	INFO 	keyboard.Keyboard is using iohub backend.
15.3715 	INFO 	keyboard.Keyboard is using iohub backend.
15.3715 	INFO 	keyboard.Keyboard is using iohub backend.
15.3715 	INFO 	keyboard.Keyboard is using iohub backend.
15.3715 	EXP 	resting_state_demo: status = STARTED
15.4379 	EXP 	Created image_welcome = ImageStim(__class__=<class 'psychopy.visual.image.ImageStim'>, anchor=('center', 'center'), autoLog=True, color=array([1., 1., 1.]), colorSpace='rgb', contrast=1.0, depth=0.0, draggable=False, flipHoriz=False, flipVert=False, image='stimuli/welcome.png', interpolate=True, mask=None, maskParams=None, name='image_welcome', opacity=1, ori=0.0, pos=array([0., 0.]), size=array([0.7, 0.7]), texRes=128.0, units='height', win=Window(...))
15.4489 	EXP 	Created text_refresh = TextStim(__class__=<class 'psychopy.visual.text.TextStim'>, alignHoriz=method-wrapper(...), alignText='center', alignVert=method-wrapper(...), anchorHoriz='center', anchorVert='center', antialias=True, autoDraw=False, autoLog=True, bold=False, color=array([1., 1., 1.]), colorSpace='rgb', contrast=1.0, depth=0.0, draggable=False, flipHoriz=False, flipVert=False, font='Arial', fontFiles=[], height=0.05, italic=False, languageStyle='LTR', name='text_refresh', opacity=1, ori=0.0, pos=array([0., 0.]), rgb=UNKNOWN, text='', units='height', win=Window(...), wrapWidth=1)
15.4628 	EXP 	Created rate_emotion_prompt = TextStim(__class__=<class 'psychopy.visual.text.TextStim'>, alignHoriz=method-wrapper(...), alignText='center', alignVert=method-wrapper(...), anchorHoriz='center', anchorVert='center', antialias=True, autoDraw=False, autoLog=True, bold=False, color=array([1., 1., 1.]), colorSpace='rgb', contrast=1.0, depth=0.0, draggable=False, flipHoriz=False, flipVert=False, font='Arial', fontFiles=[], height=0.05, italic=False, languageStyle='LTR', name='rate_emotion_prompt', opacity=1, ori=0.0, pos=array([0. , 0.2]), rgb=UNKNOWN, text=str(...), units='height', win=Window(...), wrapWidth=1)
15.4757 	DEBUG 	TextBox2 loaded 1 chars with 0 blanks and 1 valid
15.4763 	DEBUG 	TextBox2 loaded 1 chars with 0 blanks and 1 valid
15.4768 	DEBUG 	TextBox2 loaded 1 chars with 0 blanks and 1 valid
15.4775 	DEBUG 	TextBox2 loaded 1 chars with 0 blanks and 1 valid
15.4777 	DEBUG 	TextBox2 loaded 1 chars with 0 blanks and 1 valid
15.4779 	DEBUG 	TextBox2 loaded 1 chars with 0 blanks and 1 valid
15.4785 	DEBUG 	TextBox2 loaded 1 chars with 0 blanks and 1 valid
15.4790 	DEBUG 	TextBox2 loaded 1 chars with 0 blanks and 1 valid
15.4793 	DEBUG 	TextBox2 loaded 1 chars with 0 blanks and 1 valid
15.4799 	DEBUG 	TextBox2 loaded 1 chars with 0 blanks and 1 valid
15.4805 	DEBUG 	TextBox2 loaded 1 chars with 0 blanks and 1 valid
15.4812 	DEBUG 	TextBox2 loaded 1 chars with 0 blanks and 1 valid
15.4814 	DEBUG 	Uploading Texture Font fontname to graphics card
15.4835 	DEBUG 	Upload of Texture Font fontname complete
15.4868 	DEBUG 	TextBox2 loaded 1 chars with 0 blanks and 1 valid
15.4871 	DEBUG 	TextBox2 loaded 1 chars with 0 blanks and 1 valid
15.4872 	DEBUG 	Uploading Texture Font fontname to graphics card
15.4886 	DEBUG 	Upload of Texture Font fontname complete
15.5052 	DEBUG 	TextBox2 loaded 1 chars with 0 blanks and 1 valid
15.5056 	DEBUG 	TextBox2 loaded 1 chars with 0 blanks and 1 valid
15.5057 	DEBUG 	Uploading Texture Font fontname to graphics card
15.5072 	DEBUG 	Upload of Texture Font fontname complete
15.5453 	EXP 	Created slider_emotion = Slider(__class__=<class 'psychopy.visual.slider.Slider'>, autoDraw=False, autoLog=True, borderColor=None, color=None, colorSpace='rgb', depth=-1, fillColor=None, flip=False, font='Arial', granularity=1.0, labelColor=None, labelHeight=0.035, labelWrapWidth=None, labels=list(...), lineColor=None, markerColor=None, name='slider_emotion', opacity=None, ori=0.0, pos=array([ 0. , -0.1]), readOnly=False, self=UNKNOWN, size=array([1. , 0.1]), startValue=5, style='rating', styleTweaks=[], ticks=array([1, 2, 3, 4, 5, 6, 7, 8, 9]), units='height', win=Window(...))
15.5458 	EXP 	Created text_refresh = TextStim(__class__=<class 'psychopy.visual.text.TextStim'>, alignHoriz=method-wrapper(...), alignText='center', alignVert=method-wrapper(...), anchorHoriz='center', anchorVert='center', antialias=True, autoDraw=False, autoLog=True, bold=False, color=array([1., 1., 1.]), colorSpace='rgb', contrast=1.0, depth=0.0, draggable=False, flipHoriz=False, flipVert=False, font='Arial', fontFiles=[], height=0.05, italic=False, languageStyle='LTR', name='text_refresh', opacity=1, ori=0.0, pos=array([0., 0.]), rgb=UNKNOWN, text='', units='height', win=Window(...), wrapWidth=1)
15.5478 	EXP 	Created wait4trigger_text = TextStim(__class__=<class 'psychopy.visual.text.TextStim'>, alignHoriz=method-wrapper(...), alignText='center', alignVert=method-wrapper(...), anchorHoriz='center', anchorVert='center', antialias=True, autoDraw=False, autoLog=True, bold=False, color=array([1., 1., 1.]), colorSpace='rgb', contrast=1.0, depth=0.0, draggable=False, flipHoriz=False, flipVert=False, font='Arial', fontFiles=[], height=0.05, italic=False, languageStyle='LTR', name='wait4trigger_text', opacity=1, ori=0.0, pos=array([0., 0.]), rgb=UNKNOWN, text='Please wait for the scan to start.', units='height', win=Window(...), wrapWidth=1)
15.5491 	EXP 	Created fake_stimulus_text = TextStim(__class__=<class 'psychopy.visual.text.TextStim'>, alignHoriz=method-wrapper(...), alignText='center', alignVert=method-wrapper(...), anchorHoriz='center', anchorVert='center', antialias=True, autoDraw=False, autoLog=True, bold=False, color=array([1., 1., 1.]), colorSpace='rgb', contrast=1.0, depth=0.0, draggable=False, flipHoriz=False, flipVert=False, font='Arial', fontFiles=[], height=0.05, italic=False, languageStyle='LTR', name='fake_stimulus_text', opacity=1, ori=0.0, pos=array([0., 0.]), rgb=UNKNOWN, text='Please wait for the scan to start.', units='height', win=Window(...), wrapWidth=1)
15.5512 	EXP 	Created fixation = TextStim(__class__=<class 'psychopy.visual.text.TextStim'>, alignHoriz=method-wrapper(...), alignText='center', alignVert=method-wrapper(...), anchorHoriz='center', anchorVert='center', antialias=True, autoDraw=False, autoLog=True, bold=False, color=array([1., 1., 1.]), colorSpace='rgb', contrast=1.0, depth=0.0, draggable=False, flipHoriz=False, flipVert=False, font='Arial', fontFiles=[], height=0.4, italic=False, languageStyle='LTR', name='fixation', opacity=1, ori=0.0, pos=array([0., 0.]), rgb=UNKNOWN, text='+', units='height', win=Window(...), wrapWidth=1)
15.5517 	EXP 	Created text_refresh = TextStim(__class__=<class 'psychopy.visual.text.TextStim'>, alignHoriz=method-wrapper(...), alignText='center', alignVert=method-wrapper(...), anchorHoriz='center', anchorVert='center', antialias=True, autoDraw=False, autoLog=True, bold=False, color=array([1., 1., 1.]), colorSpace='rgb', contrast=1.0, depth=0.0, draggable=False, flipHoriz=False, flipVert=False, font='Arial', fontFiles=[], height=0.05, italic=False, languageStyle='LTR', name='text_refresh', opacity=1, ori=0.0, pos=array([0., 0.]), rgb=UNKNOWN, text='', units='height', win=Window(...), wrapWidth=1)
15.5533 	EXP 	Created rate_emotion_prompt = TextStim(__class__=<class 'psychopy.visual.text.TextStim'>, alignHoriz=method-wrapper(...), alignText='center', alignVert=method-wrapper(...), anchorHoriz='center', anchorVert='center', antialias=True, autoDraw=False, autoLog=True, bold=False, color=array([1., 1., 1.]), colorSpace='rgb', contrast=1.0, depth=0.0, draggable=False, flipHoriz=False, flipVert=False, font='Arial', fontFiles=[], height=0.05, italic=False, languageStyle='LTR', name='rate_emotion_prompt', opacity=1, ori=0.0, pos=array([0. , 0.2]), rgb=UNKNOWN, text=str(...), units='height', win=Window(...), wrapWidth=1)
15.6138 	EXP 	Created slider_emotion = Slider(__class__=<class 'psychopy.visual.slider.Slider'>, autoDraw=False, autoLog=True, borderColor=None, color=None, colorSpace='rgb', depth=-1, fillColor=None, flip=False, font='Arial', granularity=1.0, labelColor=None, labelHeight=0.035, labelWrapWidth=None, labels=list(...), lineColor=None, markerColor=None, name='slider_emotion', opacity=None, ori=0.0, pos=array([ 0. , -0.1]), readOnly=False, self=UNKNOWN, size=array([1. , 0.1]), startValue=5, style='rating', styleTweaks=[], ticks=array([1, 2, 3, 4, 5, 6, 7, 8, 9]), units='height', win=Window(...))
15.6145 	EXP 	Created text_refresh = TextStim(__class__=<class 'psychopy.visual.text.TextStim'>, alignHoriz=method-wrapper(...), alignText='center', alignVert=method-wrapper(...), anchorHoriz='center', anchorVert='center', antialias=True, autoDraw=False, autoLog=True, bold=False, color=array([1., 1., 1.]), colorSpace='rgb', contrast=1.0, depth=0.0, draggable=False, flipHoriz=False, flipVert=False, font='Arial', fontFiles=[], height=0.05, italic=False, languageStyle='LTR', name='text_refresh', opacity=1, ori=0.0, pos=array([0., 0.]), rgb=UNKNOWN, text='', units='height', win=Window(...), wrapWidth=1)
15.6175 	EXP 	Created main_body_questionnaire = TextStim(__class__=<class 'psychopy.visual.text.TextStim'>, alignHoriz=method-wrapper(...), alignText='center', alignVert=method-wrapper(...), anchorHoriz='center', anchorVert='center', antialias=True, autoDraw=False, autoLog=True, bold=False, color=array([1., 1., 1.]), colorSpace='rgb', contrast=1.0, depth=0.0, draggable=False, flipHoriz=False, flipVert=False, font='Arial', fontFiles=[], height=0.05, italic=False, languageStyle='LTR', name='main_body_questionnaire', opacity=1, ori=0.0, pos=array([0. , 0.3]), rgb=UNKNOWN, text='During the MRI my thoughts:', units='height', win=Window(...), wrapWidth=1)
15.6179 	EXP 	Created item_text = TextStim(__class__=<class 'psychopy.visual.text.TextStim'>, alignHoriz=method-wrapper(...), alignText='center', alignVert=method-wrapper(...), anchorHoriz='center', anchorVert='center', antialias=True, autoDraw=False, autoLog=True, bold=False, color=array([1., 1., 1.]), colorSpace='rgb', contrast=1.0, depth=-1.0, draggable=False, flipHoriz=False, flipVert=False, font='Arial', fontFiles=[], height=0.05, italic=False, languageStyle='LTR', name='item_text', opacity=1, ori=0.0, pos=array([0. , 0.1]), rgb=UNKNOWN, text='', units='height', win=Window(...), wrapWidth=1)
15.6401 	DEBUG 	TextBox2 loaded 1 chars with 0 blanks and 1 valid
15.6407 	DEBUG 	TextBox2 loaded 1 chars with 0 blanks and 1 valid
15.6415 	DEBUG 	TextBox2 loaded 1 chars with 0 blanks and 1 valid
15.6419 	DEBUG 	TextBox2 loaded 1 chars with 0 blanks and 1 valid
15.6420 	DEBUG 	Uploading Texture Font fontname to graphics card
15.6437 	DEBUG 	Upload of Texture Font fontname complete
15.6628 	DEBUG 	TextBox2 loaded 1 chars with 0 blanks and 1 valid
15.6629 	DEBUG 	Uploading Texture Font fontname to graphics card
15.6645 	DEBUG 	Upload of Texture Font fontname complete
15.6828 	EXP 	Created slider_thinking_content = Slider(__class__=<class 'psychopy.visual.slider.Slider'>, autoDraw=False, autoLog=True, borderColor=None, color=None, colorSpace='rgb', depth=-2, fillColor=None, flip=False, font='Arial', granularity=1.0, labelColor=None, labelHeight=0.035, labelWrapWidth=None, labels=list(...), lineColor=None, markerColor=None, name='slider_thinking_content', opacity=None, ori=0.0, pos=array([ 0. , -0.1]), readOnly=False, self=UNKNOWN, size=array([1. , 0.1]), startValue=5, style='rating', styleTweaks=[], ticks=array([1, 2, 3, 4, 5, 6, 7, 8, 9]), units='height', win=Window(...))
15.6833 	EXP 	Created text_refresh = TextStim(__class__=<class 'psychopy.visual.text.TextStim'>, alignHoriz=method-wrapper(...), alignText='center', alignVert=method-wrapper(...), anchorHoriz='center', anchorVert='center', antialias=True, autoDraw=False, autoLog=True, bold=False, color=array([1., 1., 1.]), colorSpace='rgb', contrast=1.0, depth=0.0, draggable=False, flipHoriz=False, flipVert=False, font='Arial', fontFiles=[], height=0.05, italic=False, languageStyle='LTR', name='text_refresh', opacity=1, ori=0.0, pos=array([0., 0.]), rgb=UNKNOWN, text='', units='height', win=Window(...), wrapWidth=1)
15.6873 	EXP 	Created goodbye_text = TextStim(__class__=<class 'psychopy.visual.text.TextStim'>, alignHoriz=method-wrapper(...), alignText='center', alignVert=method-wrapper(...), anchorHoriz='center', anchorVert='center', antialias=True, autoDraw=False, autoLog=True, bold=False, color=array([1., 1., 1.]), colorSpace='rgb', contrast=1.0, depth=0.0, draggable=False, flipHoriz=False, flipVert=False, font='Arial', fontFiles=[], height=0.05, italic=False, languageStyle='LTR', name='goodbye_text', opacity=1, ori=0.0, pos=array([0., 0.]), rgb=UNKNOWN, text=str(...), units='height', win=Window(...), wrapWidth=1)
0.0098 	EXP 	slider_emotion: autoLog = True
0.0098 	EXP 	slider_emotion: styleTweaks = []
0.0098 	EXP 	slider_emotion: styleTweaks = []
0.0098 	EXP 	slider_emotion: styleTweaks = []
0.0098 	EXP 	slider_emotion: styleTweaks = []
0.0098 	EXP 	slider_emotion: contrast = 1.0
0.0098 	EXP 	slider_emotion: markerPos = 5
0.0098 	EXP 	slider_emotion: autoLog = True
0.0098 	EXP 	slider_emotion: autoLog = True
0.0098 	EXP 	slider_emotion: styleTweaks = []
0.0098 	EXP 	slider_emotion: styleTweaks = []
0.0098 	EXP 	slider_emotion: styleTweaks = []
0.0098 	EXP 	slider_emotion: styleTweaks = []
0.0098 	EXP 	slider_emotion: contrast = 1.0
0.0098 	EXP 	slider_emotion: markerPos = 5
0.0098 	EXP 	slider_emotion: autoLog = True
0.0098 	EXP 	slider_thinking_content: autoLog = True
0.0098 	EXP 	slider_thinking_content: styleTweaks = []
0.0098 	EXP 	slider_thinking_content: styleTweaks = []
0.0098 	EXP 	slider_thinking_content: styleTweaks = []
0.0098 	EXP 	slider_thinking_content: styleTweaks = []
0.0098 	EXP 	slider_thinking_content: contrast = 1.0
0.0098 	EXP 	slider_thinking_content: markerPos = 5
0.0098 	EXP 	slider_thinking_content: autoLog = True
0.0218 	INFO 	Keyboard events cleared
0.0215 	EXP 	image_welcome: autoDraw = True
10.0319 	WARNING 	t of last frame was 92.11ms (=1/10)
14.6882 	WARNING 	t of last frame was 25.61ms (=1/39)
14.7096 	DATA 	Keypress: escape
14.7151 	WARNING 	t of last frame was 26.86ms (=1/37)
14.7648 	EXP 	resting_state_demo: status = STOPPED
14.7734 	EXP 	image_welcome: autoDraw = False
14.7746 	EXP 	resting_state_demo: status = STOPPED
14.7778 	INFO 	saved data to '/Users/Chenxiao/Documents/project_codes/RST_Chinese_beta/data/999_resting_state_demo_2025-06-11_17h11.40.002.csv'
14.7781 	INFO 	saved data to /Users/Chenxiao/Documents/project_codes/RST_Chinese_beta/data/999_resting_state_demo_2025-06-11_17h11.40.002.psydat
15.2050 	DEBUG 	Saving data for resting_state_demo ExperimentHandler
