10.4572 	WARNING 	Font Manager failed to load file /System/Library/PrivateFrameworks/FontServices.framework/Resources/Reserved/PingFangUI.ttc
11.9389 	DEBUG 	Fullscreen settings ignored as running in pilot mode.
11.9396 	INFO 	Loaded monitor calibration from ['2022_04_19 09:31']
11.9399 	WARNING 	This monitor has not been color-calibrated. Using default DKL conversion matrix.
12.0292 	WARNING 	This monitor has not been color-calibrated. Using default DKL conversion matrix.
12.0294 	WARNING 	This monitor has not been color-calibrated. Using default DKL conversion matrix.
12.0855 	EXP 	Created window1 = Window(allowGUI=False, allowStencil=False, autoLog=True, backendConf=UNKNOWN, backgroundFit=<method-wrapper '__getattribute__' of attributeSetter object at 0x1806c68f0>, backgroundImage=<method-wrapper '__getattribute__' of attributeSetter object at 0x1806c6950>, bitsMode=UNKNOWN, blendMode='avg', bpc=(8, 8, 8), color=array([0, 0, 0]), colorSpace='dkl', depthBits=8, fullscr=False, gamma=None, gammaErrorPolicy='raise', infoMsg=UNKNOWN, lms=UNKNOWN, monitor=<psychopy.monitors.calibTools.Monitor object at 0x180767fd0>, multiSample=False, name='window1', numSamples=2, pos=[560.0, 240.0], screen=0, size=array([1600, 1200]), stencilBits=0, stereo=False, title='PsychoPy', units='height', useFBO=True, useRetina=True, viewOri=0.0, viewPos=None, viewScale=None, waitBlanking=True, winType='pyglet')
12.0856 	EXP 	window1: backgroundImage = ''
12.0856 	EXP 	window1: backgroundFit = 'none'
12.0932 	DEBUG 	TextBox2 loaded 1 chars with 0 blanks and 1 valid
12.0936 	DEBUG 	TextBox2 loaded 1 chars with 0 blanks and 1 valid
12.0940 	DEBUG 	TextBox2 loaded 1 chars with 0 blanks and 1 valid
12.0945 	DEBUG 	TextBox2 loaded 1 chars with 0 blanks and 1 valid
12.0951 	DEBUG 	TextBox2 loaded 1 chars with 0 blanks and 1 valid
12.0953 	DEBUG 	TextBox2 loaded 1 chars with 0 blanks and 1 valid
12.0956 	DEBUG 	TextBox2 loaded 1 chars with 0 blanks and 1 valid
12.0962 	DEBUG 	TextBox2 loaded 1 chars with 0 blanks and 1 valid
12.0963 	DEBUG 	TextBox2 loaded 1 chars with 0 blanks and 1 valid
12.0965 	DEBUG 	TextBox2 loaded 1 chars with 0 blanks and 1 valid
12.0969 	DEBUG 	TextBox2 loaded 1 chars with 0 blanks and 1 valid
12.0973 	DEBUG 	TextBox2 loaded 1 chars with 0 blanks and 1 valid
12.0976 	DEBUG 	TextBox2 loaded 1 chars with 0 blanks and 1 valid
12.0980 	DEBUG 	TextBox2 loaded 1 chars with 0 blanks and 1 valid
12.0983 	DEBUG 	TextBox2 loaded 1 chars with 0 blanks and 1 valid
12.0988 	DEBUG 	TextBox2 loaded 1 chars with 0 blanks and 1 valid
12.0992 	DEBUG 	TextBox2 loaded 1 chars with 0 blanks and 1 valid
12.0994 	DEBUG 	TextBox2 loaded 1 chars with 0 blanks and 1 valid
12.0996 	DEBUG 	TextBox2 loaded 1 chars with 0 blanks and 1 valid
12.1002 	DEBUG 	TextBox2 loaded 1 chars with 0 blanks and 1 valid
12.1005 	DEBUG 	TextBox2 loaded 1 chars with 0 blanks and 1 valid
12.1007 	DEBUG 	Uploading Texture Font fontname to graphics card
12.1040 	DEBUG 	Upload of Texture Font fontname complete
12.1082 	DEBUG 	TextBox2 loaded 1 chars with 0 blanks and 1 valid
12.1087 	DEBUG 	TextBox2 loaded 1 chars with 0 blanks and 1 valid
12.1092 	DEBUG 	TextBox2 loaded 1 chars with 0 blanks and 1 valid
12.1094 	DEBUG 	Uploading Texture Font fontname to graphics card
12.1111 	DEBUG 	Upload of Texture Font fontname complete
12.1123 	EXP 	window1: Attempting to measure frame rate of screen (0) ...
12.1123 	EXP 	window1: recordFrameIntervals = False
12.2624 	EXP 	window1: recordFrameIntervals = True
13.0962 	WARNING 	Couldn't measure a consistent frame rate!
  - Is your graphics card set to sync to vertical blank?
  - Are you running other processes on your computer?

13.1031 	DEBUG 	TextBox2 loaded 1 chars with 0 blanks and 1 valid
13.1035 	DEBUG 	TextBox2 loaded 1 chars with 0 blanks and 1 valid
13.1042 	DEBUG 	TextBox2 loaded 1 chars with 0 blanks and 1 valid
13.1051 	DEBUG 	TextBox2 loaded 1 chars with 0 blanks and 1 valid
13.1060 	DEBUG 	TextBox2 loaded 1 chars with 0 blanks and 1 valid
13.1068 	DEBUG 	TextBox2 loaded 1 chars with 0 blanks and 1 valid
13.1072 	DEBUG 	TextBox2 loaded 1 chars with 0 blanks and 1 valid
13.1079 	DEBUG 	TextBox2 loaded 1 chars with 0 blanks and 1 valid
13.1088 	DEBUG 	TextBox2 loaded 1 chars with 0 blanks and 1 valid
13.1096 	DEBUG 	TextBox2 loaded 1 chars with 0 blanks and 1 valid
13.1098 	DEBUG 	Uploading Texture Font fontname to graphics card
13.1126 	DEBUG 	Upload of Texture Font fontname complete
13.1261 	WARNING 	launchHubServer: If using the iohub mouse or eyetracker devices, fullScr should be True.
13.6431 	INFO 	keyboard.Keyboard is using iohub backend.
13.6431 	INFO 	keyboard.Keyboard is using iohub backend.
13.6431 	INFO 	keyboard.Keyboard is using iohub backend.
13.6432 	INFO 	keyboard.Keyboard is using iohub backend.
13.6432 	INFO 	keyboard.Keyboard is using iohub backend.
13.6432 	EXP 	resting_state_demo: status = STARTED
13.7039 	EXP 	Created image = ImageStim(__class__=<class 'psychopy.visual.image.ImageStim'>, anchor=('center', 'center'), autoLog=True, color=array([1., 1., 1.]), colorSpace='rgb', contrast=1.0, depth=0.0, draggable=False, flipHoriz=False, flipVert=False, image='structural_scan.png', interpolate=True, mask=None, maskParams=None, name='image', opacity=1, ori=0.0, pos=array([0., 0.]), size=array([0.5, 0.5]), texRes=128.0, units='height', win=Window(...))
13.7158 	EXP 	Created text_refresh = TextStim(__class__=<class 'psychopy.visual.text.TextStim'>, alignHoriz=method-wrapper(...), alignText='center', alignVert=method-wrapper(...), anchorHoriz='center', anchorVert='center', antialias=True, autoDraw=False, autoLog=True, bold=False, color=array([1., 1., 1.]), colorSpace='rgb', contrast=1.0, depth=0.0, draggable=False, flipHoriz=False, flipVert=False, font='Arial', fontFiles=[], height=0.05, italic=False, languageStyle='LTR', name='text_refresh', opacity=1, ori=0.0, pos=array([0., 0.]), rgb=UNKNOWN, text='', units='height', win=Window(...), wrapWidth=1)
13.7275 	EXP 	Created rate_emotion_prompt = TextStim(__class__=<class 'psychopy.visual.text.TextStim'>, alignHoriz=method-wrapper(...), alignText='center', alignVert=method-wrapper(...), anchorHoriz='center', anchorVert='center', antialias=True, autoDraw=False, autoLog=True, bold=False, color=array([1., 1., 1.]), colorSpace='rgb', contrast=1.0, depth=0.0, draggable=False, flipHoriz=False, flipVert=False, font='Arial', fontFiles=[], height=0.05, italic=False, languageStyle='LTR', name='rate_emotion_prompt', opacity=1, ori=0.0, pos=array([0. , 0.2]), rgb=UNKNOWN, text=str(...), units='height', win=Window(...), wrapWidth=1)
13.7409 	DEBUG 	TextBox2 loaded 1 chars with 0 blanks and 1 valid
13.7413 	DEBUG 	TextBox2 loaded 1 chars with 0 blanks and 1 valid
13.7416 	DEBUG 	TextBox2 loaded 1 chars with 0 blanks and 1 valid
13.7420 	DEBUG 	TextBox2 loaded 1 chars with 0 blanks and 1 valid
13.7422 	DEBUG 	TextBox2 loaded 1 chars with 0 blanks and 1 valid
13.7424 	DEBUG 	TextBox2 loaded 1 chars with 0 blanks and 1 valid
13.7427 	DEBUG 	TextBox2 loaded 1 chars with 0 blanks and 1 valid
13.7431 	DEBUG 	TextBox2 loaded 1 chars with 0 blanks and 1 valid
13.7433 	DEBUG 	TextBox2 loaded 1 chars with 0 blanks and 1 valid
13.7437 	DEBUG 	TextBox2 loaded 1 chars with 0 blanks and 1 valid
13.7440 	DEBUG 	TextBox2 loaded 1 chars with 0 blanks and 1 valid
13.7444 	DEBUG 	TextBox2 loaded 1 chars with 0 blanks and 1 valid
13.7445 	DEBUG 	Uploading Texture Font fontname to graphics card
13.7468 	DEBUG 	Upload of Texture Font fontname complete
13.7499 	DEBUG 	TextBox2 loaded 1 chars with 0 blanks and 1 valid
13.7502 	DEBUG 	TextBox2 loaded 1 chars with 0 blanks and 1 valid
13.7503 	DEBUG 	Uploading Texture Font fontname to graphics card
13.7518 	DEBUG 	Upload of Texture Font fontname complete
13.7689 	DEBUG 	TextBox2 loaded 1 chars with 0 blanks and 1 valid
13.7692 	DEBUG 	TextBox2 loaded 1 chars with 0 blanks and 1 valid
13.7693 	DEBUG 	Uploading Texture Font fontname to graphics card
13.7708 	DEBUG 	Upload of Texture Font fontname complete
13.8104 	EXP 	Created slider_emotion = Slider(__class__=<class 'psychopy.visual.slider.Slider'>, autoDraw=False, autoLog=True, borderColor=None, color=None, colorSpace='rgb', depth=-1, fillColor=None, flip=False, font='Arial', granularity=1.0, labelColor=None, labelHeight=0.035, labelWrapWidth=None, labels=list(...), lineColor=None, markerColor=None, name='slider_emotion', opacity=None, ori=0.0, pos=array([ 0. , -0.1]), readOnly=False, self=UNKNOWN, size=array([1. , 0.1]), startValue=5, style='rating', styleTweaks=[], ticks=array([1, 2, 3, 4, 5, 6, 7, 8, 9]), units='height', win=Window(...))
13.8110 	EXP 	Created text_refresh = TextStim(__class__=<class 'psychopy.visual.text.TextStim'>, alignHoriz=method-wrapper(...), alignText='center', alignVert=method-wrapper(...), anchorHoriz='center', anchorVert='center', antialias=True, autoDraw=False, autoLog=True, bold=False, color=array([1., 1., 1.]), colorSpace='rgb', contrast=1.0, depth=0.0, draggable=False, flipHoriz=False, flipVert=False, font='Arial', fontFiles=[], height=0.05, italic=False, languageStyle='LTR', name='text_refresh', opacity=1, ori=0.0, pos=array([0., 0.]), rgb=UNKNOWN, text='', units='height', win=Window(...), wrapWidth=1)
13.8136 	EXP 	Created wait4trigger_text = TextStim(__class__=<class 'psychopy.visual.text.TextStim'>, alignHoriz=method-wrapper(...), alignText='center', alignVert=method-wrapper(...), anchorHoriz='center', anchorVert='center', antialias=True, autoDraw=False, autoLog=True, bold=False, color=array([1., 1., 1.]), colorSpace='rgb', contrast=1.0, depth=0.0, draggable=False, flipHoriz=False, flipVert=False, font='Arial', fontFiles=[], height=0.05, italic=False, languageStyle='LTR', name='wait4trigger_text', opacity=1, ori=0.0, pos=array([0., 0.]), rgb=UNKNOWN, text='Please wait for the scan to start.', units='height', win=Window(...), wrapWidth=1)
13.8150 	EXP 	Created fake_stimulus_text = TextStim(__class__=<class 'psychopy.visual.text.TextStim'>, alignHoriz=method-wrapper(...), alignText='center', alignVert=method-wrapper(...), anchorHoriz='center', anchorVert='center', antialias=True, autoDraw=False, autoLog=True, bold=False, color=array([1., 1., 1.]), colorSpace='rgb', contrast=1.0, depth=0.0, draggable=False, flipHoriz=False, flipVert=False, font='Arial', fontFiles=[], height=0.05, italic=False, languageStyle='LTR', name='fake_stimulus_text', opacity=1, ori=0.0, pos=array([0., 0.]), rgb=UNKNOWN, text='Please wait for the scan to start.', units='height', win=Window(...), wrapWidth=1)
13.8166 	EXP 	Created fixation = TextStim(__class__=<class 'psychopy.visual.text.TextStim'>, alignHoriz=method-wrapper(...), alignText='center', alignVert=method-wrapper(...), anchorHoriz='center', anchorVert='center', antialias=True, autoDraw=False, autoLog=True, bold=False, color=array([1., 1., 1.]), colorSpace='rgb', contrast=1.0, depth=0.0, draggable=False, flipHoriz=False, flipVert=False, font='Arial', fontFiles=[], height=0.4, italic=False, languageStyle='LTR', name='fixation', opacity=1, ori=0.0, pos=array([0., 0.]), rgb=UNKNOWN, text='+', units='height', win=Window(...), wrapWidth=1)
13.8171 	EXP 	Created text_refresh = TextStim(__class__=<class 'psychopy.visual.text.TextStim'>, alignHoriz=method-wrapper(...), alignText='center', alignVert=method-wrapper(...), anchorHoriz='center', anchorVert='center', antialias=True, autoDraw=False, autoLog=True, bold=False, color=array([1., 1., 1.]), colorSpace='rgb', contrast=1.0, depth=0.0, draggable=False, flipHoriz=False, flipVert=False, font='Arial', fontFiles=[], height=0.05, italic=False, languageStyle='LTR', name='text_refresh', opacity=1, ori=0.0, pos=array([0., 0.]), rgb=UNKNOWN, text='', units='height', win=Window(...), wrapWidth=1)
13.8187 	EXP 	Created rate_emotion_prompt = TextStim(__class__=<class 'psychopy.visual.text.TextStim'>, alignHoriz=method-wrapper(...), alignText='center', alignVert=method-wrapper(...), anchorHoriz='center', anchorVert='center', antialias=True, autoDraw=False, autoLog=True, bold=False, color=array([1., 1., 1.]), colorSpace='rgb', contrast=1.0, depth=0.0, draggable=False, flipHoriz=False, flipVert=False, font='Arial', fontFiles=[], height=0.05, italic=False, languageStyle='LTR', name='rate_emotion_prompt', opacity=1, ori=0.0, pos=array([0. , 0.2]), rgb=UNKNOWN, text=str(...), units='height', win=Window(...), wrapWidth=1)
13.8828 	EXP 	Created slider_emotion = Slider(__class__=<class 'psychopy.visual.slider.Slider'>, autoDraw=False, autoLog=True, borderColor=None, color=None, colorSpace='rgb', depth=-1, fillColor=None, flip=False, font='Arial', granularity=1.0, labelColor=None, labelHeight=0.035, labelWrapWidth=None, labels=list(...), lineColor=None, markerColor=None, name='slider_emotion', opacity=None, ori=0.0, pos=array([ 0. , -0.1]), readOnly=False, self=UNKNOWN, size=array([1. , 0.1]), startValue=5, style='rating', styleTweaks=[], ticks=array([1, 2, 3, 4, 5, 6, 7, 8, 9]), units='height', win=Window(...))
13.8836 	EXP 	Created text_refresh = TextStim(__class__=<class 'psychopy.visual.text.TextStim'>, alignHoriz=method-wrapper(...), alignText='center', alignVert=method-wrapper(...), anchorHoriz='center', anchorVert='center', antialias=True, autoDraw=False, autoLog=True, bold=False, color=array([1., 1., 1.]), colorSpace='rgb', contrast=1.0, depth=0.0, draggable=False, flipHoriz=False, flipVert=False, font='Arial', fontFiles=[], height=0.05, italic=False, languageStyle='LTR', name='text_refresh', opacity=1, ori=0.0, pos=array([0., 0.]), rgb=UNKNOWN, text='', units='height', win=Window(...), wrapWidth=1)
13.8864 	EXP 	Created main_body_questionnaire = TextStim(__class__=<class 'psychopy.visual.text.TextStim'>, alignHoriz=method-wrapper(...), alignText='center', alignVert=method-wrapper(...), anchorHoriz='center', anchorVert='center', antialias=True, autoDraw=False, autoLog=True, bold=False, color=array([1., 1., 1.]), colorSpace='rgb', contrast=1.0, depth=0.0, draggable=False, flipHoriz=False, flipVert=False, font='Arial', fontFiles=[], height=0.05, italic=False, languageStyle='LTR', name='main_body_questionnaire', opacity=1, ori=0.0, pos=array([0. , 0.3]), rgb=UNKNOWN, text='During the MRI my thoughts:', units='height', win=Window(...), wrapWidth=1)
13.8868 	EXP 	Created item_text = TextStim(__class__=<class 'psychopy.visual.text.TextStim'>, alignHoriz=method-wrapper(...), alignText='center', alignVert=method-wrapper(...), anchorHoriz='center', anchorVert='center', antialias=True, autoDraw=False, autoLog=True, bold=False, color=array([1., 1., 1.]), colorSpace='rgb', contrast=1.0, depth=-1.0, draggable=False, flipHoriz=False, flipVert=False, font='Arial', fontFiles=[], height=0.05, italic=False, languageStyle='LTR', name='item_text', opacity=1, ori=0.0, pos=array([0. , 0.1]), rgb=UNKNOWN, text='', units='height', win=Window(...), wrapWidth=1)
13.9121 	DEBUG 	TextBox2 loaded 1 chars with 0 blanks and 1 valid
13.9125 	DEBUG 	TextBox2 loaded 1 chars with 0 blanks and 1 valid
13.9129 	DEBUG 	TextBox2 loaded 1 chars with 0 blanks and 1 valid
13.9133 	DEBUG 	TextBox2 loaded 1 chars with 0 blanks and 1 valid
13.9134 	DEBUG 	Uploading Texture Font fontname to graphics card
13.9152 	DEBUG 	Upload of Texture Font fontname complete
13.9358 	DEBUG 	TextBox2 loaded 1 chars with 0 blanks and 1 valid
13.9359 	DEBUG 	Uploading Texture Font fontname to graphics card
13.9376 	DEBUG 	Upload of Texture Font fontname complete
13.9575 	EXP 	Created slider_thinking_content = Slider(__class__=<class 'psychopy.visual.slider.Slider'>, autoDraw=False, autoLog=True, borderColor=None, color=None, colorSpace='rgb', depth=-2, fillColor=None, flip=False, font='Arial', granularity=1.0, labelColor=None, labelHeight=0.035, labelWrapWidth=None, labels=list(...), lineColor=None, markerColor=None, name='slider_thinking_content', opacity=None, ori=0.0, pos=array([ 0. , -0.1]), readOnly=False, self=UNKNOWN, size=array([1. , 0.1]), startValue=5, style='rating', styleTweaks=[], ticks=array([1, 2, 3, 4, 5, 6, 7, 8, 9]), units='height', win=Window(...))
13.9581 	EXP 	Created text_refresh = TextStim(__class__=<class 'psychopy.visual.text.TextStim'>, alignHoriz=method-wrapper(...), alignText='center', alignVert=method-wrapper(...), anchorHoriz='center', anchorVert='center', antialias=True, autoDraw=False, autoLog=True, bold=False, color=array([1., 1., 1.]), colorSpace='rgb', contrast=1.0, depth=0.0, draggable=False, flipHoriz=False, flipVert=False, font='Arial', fontFiles=[], height=0.05, italic=False, languageStyle='LTR', name='text_refresh', opacity=1, ori=0.0, pos=array([0., 0.]), rgb=UNKNOWN, text='', units='height', win=Window(...), wrapWidth=1)
13.9633 	EXP 	Created goodbye_text = TextStim(__class__=<class 'psychopy.visual.text.TextStim'>, alignHoriz=method-wrapper(...), alignText='center', alignVert=method-wrapper(...), anchorHoriz='center', anchorVert='center', antialias=True, autoDraw=False, autoLog=True, bold=False, color=array([1., 1., 1.]), colorSpace='rgb', contrast=1.0, depth=0.0, draggable=False, flipHoriz=False, flipVert=False, font='Arial', fontFiles=[], height=0.05, italic=False, languageStyle='LTR', name='goodbye_text', opacity=1, ori=0.0, pos=array([0., 0.]), rgb=UNKNOWN, text=str(...), units='height', win=Window(...), wrapWidth=1)
0.0028 	EXP 	slider_emotion: autoLog = True
0.0028 	EXP 	slider_emotion: styleTweaks = []
0.0028 	EXP 	slider_emotion: styleTweaks = []
0.0028 	EXP 	slider_emotion: styleTweaks = []
0.0028 	EXP 	slider_emotion: styleTweaks = []
0.0028 	EXP 	slider_emotion: contrast = 1.0
0.0028 	EXP 	slider_emotion: markerPos = 5
0.0028 	EXP 	slider_emotion: autoLog = True
0.0028 	EXP 	slider_emotion: autoLog = True
0.0028 	EXP 	slider_emotion: styleTweaks = []
0.0028 	EXP 	slider_emotion: styleTweaks = []
0.0028 	EXP 	slider_emotion: styleTweaks = []
0.0028 	EXP 	slider_emotion: styleTweaks = []
0.0028 	EXP 	slider_emotion: contrast = 1.0
0.0028 	EXP 	slider_emotion: markerPos = 5
0.0028 	EXP 	slider_emotion: autoLog = True
0.0028 	EXP 	slider_thinking_content: autoLog = True
0.0028 	EXP 	slider_thinking_content: styleTweaks = []
0.0028 	EXP 	slider_thinking_content: styleTweaks = []
0.0028 	EXP 	slider_thinking_content: styleTweaks = []
0.0028 	EXP 	slider_thinking_content: styleTweaks = []
0.0028 	EXP 	slider_thinking_content: contrast = 1.0
0.0028 	EXP 	slider_thinking_content: markerPos = 5
0.0028 	EXP 	slider_thinking_content: autoLog = True
0.0333 	DEBUG 	Saving data for resting_state_demo ExperimentHandler
0.0336 	INFO 	saved data to /Users/Chenxiao/Documents/project_codes/RST_Chinese_beta/data/999_resting_state_demo_2025-06-11_16h26.22.951.psydat
0.0337 	INFO 	saved data to '/Users/Chenxiao/Documents/project_codes/RST_Chinese_beta/data/999_resting_state_demo_2025-06-11_16h26.22.951.csv'
