10.6381 	WARNING 	Font Manager failed to load file /System/Library/PrivateFrameworks/FontServices.framework/Resources/Reserved/PingFangUI.ttc
26.2584 	DEBUG 	Fullscreen settings ignored as running in pilot mode.
26.2594 	INFO 	Loaded monitor calibration from ['2022_04_19 09:31']
26.2597 	WARNING 	This monitor has not been color-calibrated. Using default DKL conversion matrix.
26.3533 	WARNING 	This monitor has not been color-calibrated. Using default DKL conversion matrix.
26.3534 	WARNING 	This monitor has not been color-calibrated. Using default DKL conversion matrix.
26.4025 	EXP 	Created window1 = Window(allowGUI=False, allowStencil=False, autoLog=True, backendConf=UNKNOWN, backgroundFit=<method-wrapper '__getattribute__' of attributeSetter object at 0x1803edcf0>, backgroundImage=<method-wrapper '__getattribute__' of attributeSetter object at 0x1803edc90>, bitsMode=UNKNOWN, blendMode='avg', bpc=(8, 8, 8), color=array([0, 0, 0]), colorSpace='dkl', depthBits=8, fullscr=False, gamma=None, gammaErrorPolicy='raise', infoMsg=UNKNOWN, lms=UNKNOWN, monitor=<psychopy.monitors.calibTools.Monitor object at 0x18040d8a0>, multiSample=False, name='window1', numSamples=2, pos=[560.0, 240.0], screen=0, size=array([1600, 1200]), stencilBits=0, stereo=False, title='PsychoPy', units='height', useFBO=True, useRetina=True, viewOri=0.0, viewPos=None, viewScale=None, waitBlanking=True, winType='pyglet')
26.4025 	EXP 	window1: backgroundImage = ''
26.4025 	EXP 	window1: backgroundFit = 'none'
26.4091 	DEBUG 	TextBox2 loaded 1 chars with 0 blanks and 1 valid
26.4095 	DEBUG 	TextBox2 loaded 1 chars with 0 blanks and 1 valid
26.4099 	DEBUG 	TextBox2 loaded 1 chars with 0 blanks and 1 valid
26.4104 	DEBUG 	TextBox2 loaded 1 chars with 0 blanks and 1 valid
26.4108 	DEBUG 	TextBox2 loaded 1 chars with 0 blanks and 1 valid
26.4110 	DEBUG 	TextBox2 loaded 1 chars with 0 blanks and 1 valid
26.4114 	DEBUG 	TextBox2 loaded 1 chars with 0 blanks and 1 valid
26.4119 	DEBUG 	TextBox2 loaded 1 chars with 0 blanks and 1 valid
26.4120 	DEBUG 	TextBox2 loaded 1 chars with 0 blanks and 1 valid
26.4121 	DEBUG 	TextBox2 loaded 1 chars with 0 blanks and 1 valid
26.4125 	DEBUG 	TextBox2 loaded 1 chars with 0 blanks and 1 valid
26.4129 	DEBUG 	TextBox2 loaded 1 chars with 0 blanks and 1 valid
26.4132 	DEBUG 	TextBox2 loaded 1 chars with 0 blanks and 1 valid
26.4136 	DEBUG 	TextBox2 loaded 1 chars with 0 blanks and 1 valid
26.4139 	DEBUG 	TextBox2 loaded 1 chars with 0 blanks and 1 valid
26.4143 	DEBUG 	TextBox2 loaded 1 chars with 0 blanks and 1 valid
26.4146 	DEBUG 	TextBox2 loaded 1 chars with 0 blanks and 1 valid
26.4148 	DEBUG 	TextBox2 loaded 1 chars with 0 blanks and 1 valid
26.4150 	DEBUG 	TextBox2 loaded 1 chars with 0 blanks and 1 valid
26.4155 	DEBUG 	TextBox2 loaded 1 chars with 0 blanks and 1 valid
26.4157 	DEBUG 	TextBox2 loaded 1 chars with 0 blanks and 1 valid
26.4159 	DEBUG 	Uploading Texture Font fontname to graphics card
26.4186 	DEBUG 	Upload of Texture Font fontname complete
26.4223 	DEBUG 	TextBox2 loaded 1 chars with 0 blanks and 1 valid
26.4229 	DEBUG 	TextBox2 loaded 1 chars with 0 blanks and 1 valid
26.4235 	DEBUG 	TextBox2 loaded 1 chars with 0 blanks and 1 valid
26.4237 	DEBUG 	Uploading Texture Font fontname to graphics card
26.4251 	DEBUG 	Upload of Texture Font fontname complete
26.4262 	EXP 	window1: Attempting to measure frame rate of screen (0) ...
26.4262 	EXP 	window1: recordFrameIntervals = False
26.5416 	EXP 	window1: recordFrameIntervals = True
27.6626 	WARNING 	Couldn't measure a consistent frame rate!
  - Is your graphics card set to sync to vertical blank?
  - Are you running other processes on your computer?

27.6684 	DEBUG 	TextBox2 loaded 1 chars with 0 blanks and 1 valid
27.6688 	DEBUG 	TextBox2 loaded 1 chars with 0 blanks and 1 valid
27.6694 	DEBUG 	TextBox2 loaded 1 chars with 0 blanks and 1 valid
27.6703 	DEBUG 	TextBox2 loaded 1 chars with 0 blanks and 1 valid
27.6711 	DEBUG 	TextBox2 loaded 1 chars with 0 blanks and 1 valid
27.6719 	DEBUG 	TextBox2 loaded 1 chars with 0 blanks and 1 valid
27.6722 	DEBUG 	TextBox2 loaded 1 chars with 0 blanks and 1 valid
27.6728 	DEBUG 	TextBox2 loaded 1 chars with 0 blanks and 1 valid
27.6736 	DEBUG 	TextBox2 loaded 1 chars with 0 blanks and 1 valid
27.6742 	DEBUG 	TextBox2 loaded 1 chars with 0 blanks and 1 valid
27.6744 	DEBUG 	Uploading Texture Font fontname to graphics card
27.6768 	DEBUG 	Upload of Texture Font fontname complete
27.6892 	WARNING 	launchHubServer: If using the iohub mouse or eyetracker devices, fullScr should be True.
29.5827 	INFO 	keyboard.Keyboard is using iohub backend.
29.5827 	INFO 	keyboard.Keyboard is using iohub backend.
29.5827 	INFO 	keyboard.Keyboard is using iohub backend.
29.5827 	INFO 	keyboard.Keyboard is using iohub backend.
29.5828 	INFO 	keyboard.Keyboard is using iohub backend.
29.5828 	INFO 	keyboard.Keyboard is using iohub backend.
29.5828 	INFO 	keyboard.Keyboard is using iohub backend.
29.5828 	INFO 	keyboard.Keyboard is using iohub backend.
29.5828 	INFO 	keyboard.Keyboard is using iohub backend.
29.5828 	EXP 	resting_state: status = STARTED
29.6489 	EXP 	Created image_welcome = ImageStim(__class__=<class 'psychopy.visual.image.ImageStim'>, anchor=('center', 'center'), autoLog=True, color=array([1., 1., 1.]), colorSpace='rgb', contrast=1.0, depth=0.0, draggable=False, flipHoriz=False, flipVert=False, image='stimuli/welcome.png', interpolate=True, mask=None, maskParams=None, name='image_welcome', opacity=1, ori=0.0, pos=array([0., 0.]), size=array([1.1  , 0.825]), texRes=128.0, units='height', win=Window(...))
29.6599 	EXP 	Created text_refresh = TextStim(__class__=<class 'psychopy.visual.text.TextStim'>, alignHoriz=method-wrapper(...), alignText='center', alignVert=method-wrapper(...), anchorHoriz='center', anchorVert='center', antialias=True, autoDraw=False, autoLog=True, bold=False, color=array([1., 1., 1.]), colorSpace='rgb', contrast=1.0, depth=0.0, draggable=False, flipHoriz=False, flipVert=False, font='Arial', fontFiles=[], height=0.05, italic=False, languageStyle='LTR', name='text_refresh', opacity=1, ori=0.0, pos=array([0., 0.]), rgb=UNKNOWN, text='', units='height', win=Window(...), wrapWidth=1)
29.6750 	EXP 	Created rate_emotion_prompt = TextStim(__class__=<class 'psychopy.visual.text.TextStim'>, alignHoriz=method-wrapper(...), alignText='center', alignVert=method-wrapper(...), anchorHoriz='center', anchorVert='center', antialias=True, autoDraw=False, autoLog=True, bold=False, color=array([1., 1., 1.]), colorSpace='rgb', contrast=1.0, depth=0.0, draggable=False, flipHoriz=False, flipVert=False, font='Noto Sans SC', fontFiles=[], height=0.05, italic=False, languageStyle='LTR', name='rate_emotion_prompt', opacity=1, ori=0.0, pos=array([0. , 0.2]), rgb=UNKNOWN, text='请使用数字描述您目前的情绪状态：', units='height', win=Window(...), wrapWidth=1)
29.6895 	DEBUG 	TextBox2 loaded 1 chars with 0 blanks and 1 valid
29.6905 	DEBUG 	TextBox2 loaded 1 chars with 0 blanks and 1 valid
29.6915 	DEBUG 	TextBox2 loaded 1 chars with 0 blanks and 1 valid
29.6920 	DEBUG 	TextBox2 loaded 1 chars with 0 blanks and 1 valid
29.6930 	DEBUG 	TextBox2 loaded 1 chars with 0 blanks and 1 valid
29.6941 	DEBUG 	TextBox2 loaded 1 chars with 0 blanks and 1 valid
29.6943 	DEBUG 	Uploading Texture Font fontname to graphics card
29.6965 	DEBUG 	Upload of Texture Font fontname complete
29.6997 	DEBUG 	TextBox2 loaded 1 chars with 0 blanks and 1 valid
29.7004 	DEBUG 	TextBox2 loaded 1 chars with 0 blanks and 1 valid
29.7010 	DEBUG 	TextBox2 loaded 1 chars with 0 blanks and 1 valid
29.7016 	DEBUG 	TextBox2 loaded 1 chars with 0 blanks and 1 valid
29.7020 	DEBUG 	TextBox2 loaded 1 chars with 0 blanks and 1 valid
29.7024 	DEBUG 	TextBox2 loaded 1 chars with 0 blanks and 1 valid
29.7030 	DEBUG 	TextBox2 loaded 1 chars with 0 blanks and 1 valid
29.7036 	DEBUG 	TextBox2 loaded 1 chars with 0 blanks and 1 valid
29.7040 	DEBUG 	TextBox2 loaded 1 chars with 0 blanks and 1 valid
29.7041 	DEBUG 	Uploading Texture Font fontname to graphics card
29.7055 	DEBUG 	Upload of Texture Font fontname complete
29.7226 	DEBUG 	TextBox2 loaded 1 chars with 0 blanks and 1 valid
29.7238 	DEBUG 	TextBox2 loaded 1 chars with 0 blanks and 1 valid
29.7239 	DEBUG 	Uploading Texture Font fontname to graphics card
29.7254 	DEBUG 	Upload of Texture Font fontname complete
29.7631 	EXP 	Created slider_emotion = Slider(__class__=<class 'psychopy.visual.slider.Slider'>, autoDraw=False, autoLog=True, borderColor=None, color=None, colorSpace='rgb', depth=-1, fillColor=None, flip=False, font='Noto Sans SC', granularity=1.0, labelColor=None, labelHeight=0.04, labelWrapWidth=None, labels=['非常不高兴', '', '', '', '平静', '', '', '', '非常高兴'], lineColor=None, markerColor=None, name='slider_emotion', opacity=None, ori=0.0, pos=array([ 0. , -0.1]), readOnly=False, self=UNKNOWN, size=array([1. , 0.1]), startValue=5, style='rating', styleTweaks=[], ticks=array([1, 2, 3, 4, 5, 6, 7, 8, 9]), units='height', win=Window(...))
29.7636 	EXP 	Created text_refresh = TextStim(__class__=<class 'psychopy.visual.text.TextStim'>, alignHoriz=method-wrapper(...), alignText='center', alignVert=method-wrapper(...), anchorHoriz='center', anchorVert='center', antialias=True, autoDraw=False, autoLog=True, bold=False, color=array([1., 1., 1.]), colorSpace='rgb', contrast=1.0, depth=0.0, draggable=False, flipHoriz=False, flipVert=False, font='Arial', fontFiles=[], height=0.05, italic=False, languageStyle='LTR', name='text_refresh', opacity=1, ori=0.0, pos=array([0., 0.]), rgb=UNKNOWN, text='', units='height', win=Window(...), wrapWidth=1)
29.8088 	EXP 	Created image_rest_instruct = ImageStim(__class__=<class 'psychopy.visual.image.ImageStim'>, anchor=('center', 'center'), autoLog=True, color=array([1., 1., 1.]), colorSpace='rgb', contrast=1.0, depth=0.0, draggable=False, flipHoriz=False, flipVert=False, image='stimuli/rest_instruct.png', interpolate=True, mask=None, maskParams=None, name='image_rest_instruct', opacity=1, ori=0.0, pos=array([0., 0.]), size=array([1.1  , 0.825]), texRes=128.0, units='height', win=Window(...))
29.8095 	EXP 	Created text_refresh = TextStim(__class__=<class 'psychopy.visual.text.TextStim'>, alignHoriz=method-wrapper(...), alignText='center', alignVert=method-wrapper(...), anchorHoriz='center', anchorVert='center', antialias=True, autoDraw=False, autoLog=True, bold=False, color=array([1., 1., 1.]), colorSpace='rgb', contrast=1.0, depth=0.0, draggable=False, flipHoriz=False, flipVert=False, font='Arial', fontFiles=[], height=0.05, italic=False, languageStyle='LTR', name='text_refresh', opacity=1, ori=0.0, pos=array([0., 0.]), rgb=UNKNOWN, text='', units='height', win=Window(...), wrapWidth=1)
29.8141 	EXP 	Created wait4trigger_text = TextStim(__class__=<class 'psychopy.visual.text.TextStim'>, alignHoriz=method-wrapper(...), alignText='center', alignVert=method-wrapper(...), anchorHoriz='center', anchorVert='center', antialias=True, autoDraw=False, autoLog=True, bold=False, color=array([1., 1., 1.]), colorSpace='rgb', contrast=1.0, depth=0.0, draggable=False, flipHoriz=False, flipVert=False, font='Noto Sans SC', fontFiles=[], height=0.05, italic=False, languageStyle='LTR', name='wait4trigger_text', opacity=1, ori=0.0, pos=array([0., 0.]), rgb=UNKNOWN, text='即将开始，请等待。', units='height', win=Window(...), wrapWidth=1)
29.8150 	EXP 	Created fake_stimulus_text = TextStim(__class__=<class 'psychopy.visual.text.TextStim'>, alignHoriz=method-wrapper(...), alignText='center', alignVert=method-wrapper(...), anchorHoriz='center', anchorVert='center', antialias=True, autoDraw=False, autoLog=True, bold=False, color=array([1., 1., 1.]), colorSpace='rgb', contrast=1.0, depth=0.0, draggable=False, flipHoriz=False, flipVert=False, font='Noto Sans SC', fontFiles=[], height=0.05, italic=False, languageStyle='LTR', name='fake_stimulus_text', opacity=1, ori=0.0, pos=array([0., 0.]), rgb=UNKNOWN, text='即将开始，请等待。', units='height', win=Window(...), wrapWidth=1)
29.8166 	EXP 	Created fixation = TextStim(__class__=<class 'psychopy.visual.text.TextStim'>, alignHoriz=method-wrapper(...), alignText='center', alignVert=method-wrapper(...), anchorHoriz='center', anchorVert='center', antialias=True, autoDraw=False, autoLog=True, bold=False, color=array([1., 1., 1.]), colorSpace='rgb', contrast=1.0, depth=0.0, draggable=False, flipHoriz=False, flipVert=False, font='Noto Sans SC', fontFiles=[], height=0.3, italic=False, languageStyle='LTR', name='fixation', opacity=1, ori=0.0, pos=array([0., 0.]), rgb=UNKNOWN, text='+', units='height', win=Window(...), wrapWidth=1)
29.8170 	EXP 	Created text_refresh = TextStim(__class__=<class 'psychopy.visual.text.TextStim'>, alignHoriz=method-wrapper(...), alignText='center', alignVert=method-wrapper(...), anchorHoriz='center', anchorVert='center', antialias=True, autoDraw=False, autoLog=True, bold=False, color=array([1., 1., 1.]), colorSpace='rgb', contrast=1.0, depth=0.0, draggable=False, flipHoriz=False, flipVert=False, font='Arial', fontFiles=[], height=0.05, italic=False, languageStyle='LTR', name='text_refresh', opacity=1, ori=0.0, pos=array([0., 0.]), rgb=UNKNOWN, text='', units='height', win=Window(...), wrapWidth=1)
29.8590 	EXP 	Created image_emotion_instruct = ImageStim(__class__=<class 'psychopy.visual.image.ImageStim'>, anchor=('center', 'center'), autoLog=True, color=array([1., 1., 1.]), colorSpace='rgb', contrast=1.0, depth=0.0, draggable=False, flipHoriz=False, flipVert=False, image='stimuli/emotion_instruct.png', interpolate=True, mask=None, maskParams=None, name='image_emotion_instruct', opacity=1, ori=0.0, pos=array([0., 0.]), size=array([1.1  , 0.825]), texRes=128.0, units='height', win=Window(...))
29.8596 	EXP 	Created text_refresh = TextStim(__class__=<class 'psychopy.visual.text.TextStim'>, alignHoriz=method-wrapper(...), alignText='center', alignVert=method-wrapper(...), anchorHoriz='center', anchorVert='center', antialias=True, autoDraw=False, autoLog=True, bold=False, color=array([1., 1., 1.]), colorSpace='rgb', contrast=1.0, depth=0.0, draggable=False, flipHoriz=False, flipVert=False, font='Arial', fontFiles=[], height=0.05, italic=False, languageStyle='LTR', name='text_refresh', opacity=1, ori=0.0, pos=array([0., 0.]), rgb=UNKNOWN, text='', units='height', win=Window(...), wrapWidth=1)
29.8607 	EXP 	Created rate_emotion_prompt = TextStim(__class__=<class 'psychopy.visual.text.TextStim'>, alignHoriz=method-wrapper(...), alignText='center', alignVert=method-wrapper(...), anchorHoriz='center', anchorVert='center', antialias=True, autoDraw=False, autoLog=True, bold=False, color=array([1., 1., 1.]), colorSpace='rgb', contrast=1.0, depth=0.0, draggable=False, flipHoriz=False, flipVert=False, font='Noto Sans SC', fontFiles=[], height=0.05, italic=False, languageStyle='LTR', name='rate_emotion_prompt', opacity=1, ori=0.0, pos=array([0. , 0.2]), rgb=UNKNOWN, text='请使用数字描述您目前的情绪状态：', units='height', win=Window(...), wrapWidth=1)
29.9200 	EXP 	Created slider_emotion = Slider(__class__=<class 'psychopy.visual.slider.Slider'>, autoDraw=False, autoLog=True, borderColor=None, color=None, colorSpace='rgb', depth=-1, fillColor=None, flip=False, font='Noto Sans SC', granularity=1.0, labelColor=None, labelHeight=0.04, labelWrapWidth=None, labels=['非常不高兴', '', '', '', '平静', '', '', '', '非常高兴'], lineColor=None, markerColor=None, name='slider_emotion', opacity=None, ori=0.0, pos=array([ 0. , -0.1]), readOnly=False, self=UNKNOWN, size=array([1. , 0.1]), startValue=5, style='rating', styleTweaks=[], ticks=array([1, 2, 3, 4, 5, 6, 7, 8, 9]), units='height', win=Window(...))
29.9207 	EXP 	Created text_refresh = TextStim(__class__=<class 'psychopy.visual.text.TextStim'>, alignHoriz=method-wrapper(...), alignText='center', alignVert=method-wrapper(...), anchorHoriz='center', anchorVert='center', antialias=True, autoDraw=False, autoLog=True, bold=False, color=array([1., 1., 1.]), colorSpace='rgb', contrast=1.0, depth=0.0, draggable=False, flipHoriz=False, flipVert=False, font='Arial', fontFiles=[], height=0.05, italic=False, languageStyle='LTR', name='text_refresh', opacity=1, ori=0.0, pos=array([0., 0.]), rgb=UNKNOWN, text='', units='height', win=Window(...), wrapWidth=1)
29.9659 	EXP 	Created image_think_content_instruct = ImageStim(__class__=<class 'psychopy.visual.image.ImageStim'>, anchor=('center', 'center'), autoLog=True, color=array([1., 1., 1.]), colorSpace='rgb', contrast=1.0, depth=0.0, draggable=False, flipHoriz=False, flipVert=False, image='stimuli/think_content_instruct.png', interpolate=True, mask=None, maskParams=None, name='image_think_content_instruct', opacity=1, ori=0.0, pos=array([0., 0.]), size=array([1.1  , 0.825]), texRes=128.0, units='height', win=Window(...))
29.9665 	EXP 	Created text_refresh = TextStim(__class__=<class 'psychopy.visual.text.TextStim'>, alignHoriz=method-wrapper(...), alignText='center', alignVert=method-wrapper(...), anchorHoriz='center', anchorVert='center', antialias=True, autoDraw=False, autoLog=True, bold=False, color=array([1., 1., 1.]), colorSpace='rgb', contrast=1.0, depth=0.0, draggable=False, flipHoriz=False, flipVert=False, font='Arial', fontFiles=[], height=0.05, italic=False, languageStyle='LTR', name='text_refresh', opacity=1, ori=0.0, pos=array([0., 0.]), rgb=UNKNOWN, text='', units='height', win=Window(...), wrapWidth=1)
29.9711 	EXP 	Created main_body_questionnaire = TextStim(__class__=<class 'psychopy.visual.text.TextStim'>, alignHoriz=method-wrapper(...), alignText='center', alignVert=method-wrapper(...), anchorHoriz='center', anchorVert='center', antialias=True, autoDraw=False, autoLog=True, bold=False, color=array([1., 1., 1.]), colorSpace='rgb', contrast=1.0, depth=0.0, draggable=False, flipHoriz=False, flipVert=False, font='Noto Sans SC', fontFiles=[], height=0.05, italic=False, languageStyle='LTR', name='main_body_questionnaire', opacity=1, ori=0.0, pos=array([0. , 0.3]), rgb=UNKNOWN, text='我刚才的思维内容：', units='height', win=Window(...), wrapWidth=1)
29.9715 	EXP 	Created item_text = TextStim(__class__=<class 'psychopy.visual.text.TextStim'>, alignHoriz=method-wrapper(...), alignText='center', alignVert=method-wrapper(...), anchorHoriz='center', anchorVert='center', antialias=True, autoDraw=False, autoLog=True, bold=False, color=array([1., 1., 1.]), colorSpace='rgb', contrast=1.0, depth=-1.0, draggable=False, flipHoriz=False, flipVert=False, font='Noto Sans SC', fontFiles=[], height=0.05, italic=False, languageStyle='LTR', name='item_text', opacity=1, ori=0.0, pos=array([0. , 0.1]), rgb=UNKNOWN, text='', units='height', win=Window(...), wrapWidth=1)
29.9768 	DEBUG 	TextBox2 loaded 1 chars with 0 blanks and 1 valid
29.9779 	DEBUG 	TextBox2 loaded 1 chars with 0 blanks and 1 valid
29.9791 	DEBUG 	TextBox2 loaded 1 chars with 0 blanks and 1 valid
29.9802 	DEBUG 	TextBox2 loaded 1 chars with 0 blanks and 1 valid
29.9803 	DEBUG 	Uploading Texture Font fontname to graphics card
29.9818 	DEBUG 	Upload of Texture Font fontname complete
30.0013 	DEBUG 	TextBox2 loaded 1 chars with 0 blanks and 1 valid
30.0025 	DEBUG 	TextBox2 loaded 1 chars with 0 blanks and 1 valid
30.0026 	DEBUG 	Uploading Texture Font fontname to graphics card
30.0041 	DEBUG 	Upload of Texture Font fontname complete
30.0237 	DEBUG 	TextBox2 loaded 1 chars with 0 blanks and 1 valid
30.0248 	DEBUG 	TextBox2 loaded 1 chars with 0 blanks and 1 valid
30.0260 	DEBUG 	TextBox2 loaded 1 chars with 0 blanks and 1 valid
30.0271 	DEBUG 	TextBox2 loaded 1 chars with 0 blanks and 1 valid
30.0272 	DEBUG 	Uploading Texture Font fontname to graphics card
30.0287 	DEBUG 	Upload of Texture Font fontname complete
30.0472 	EXP 	Created slider_thinking_content = Slider(__class__=<class 'psychopy.visual.slider.Slider'>, autoDraw=False, autoLog=True, borderColor=None, color=None, colorSpace='rgb', depth=-2, fillColor=None, flip=False, font='Noto Sans SC', granularity=1.0, labelColor=None, labelHeight=0.04, labelWrapWidth=None, labels=['完全没有', '', '', '', '一般', '', '', '', '几乎都是'], lineColor=None, markerColor=None, name='slider_thinking_content', opacity=None, ori=0.0, pos=array([ 0. , -0.1]), readOnly=False, self=UNKNOWN, size=array([1. , 0.1]), startValue=5, style='rating', styleTweaks=[], ticks=array([1, 2, 3, 4, 5, 6, 7, 8, 9]), units='height', win=Window(...))
30.0477 	EXP 	Created text_refresh = TextStim(__class__=<class 'psychopy.visual.text.TextStim'>, alignHoriz=method-wrapper(...), alignText='center', alignVert=method-wrapper(...), anchorHoriz='center', anchorVert='center', antialias=True, autoDraw=False, autoLog=True, bold=False, color=array([1., 1., 1.]), colorSpace='rgb', contrast=1.0, depth=0.0, draggable=False, flipHoriz=False, flipVert=False, font='Arial', fontFiles=[], height=0.05, italic=False, languageStyle='LTR', name='text_refresh', opacity=1, ori=0.0, pos=array([0., 0.]), rgb=UNKNOWN, text='', units='height', win=Window(...), wrapWidth=1)
30.0512 	EXP 	Created goodbye_text = TextStim(__class__=<class 'psychopy.visual.text.TextStim'>, alignHoriz=method-wrapper(...), alignText='center', alignVert=method-wrapper(...), anchorHoriz='center', anchorVert='center', antialias=True, autoDraw=False, autoLog=True, bold=False, color=array([1., 1., 1.]), colorSpace='rgb', contrast=1.0, depth=0.0, draggable=False, flipHoriz=False, flipVert=False, font='Noto Sans SC', fontFiles=[], height=0.05, italic=False, languageStyle='LTR', name='goodbye_text', opacity=1, ori=0.0, pos=array([0., 0.]), rgb=UNKNOWN, text='本阶段结束，请等待下一阶段的扫描。', units='height', win=Window(...), wrapWidth=1)
0.0047 	EXP 	slider_emotion: autoLog = True
0.0047 	EXP 	slider_emotion: styleTweaks = []
0.0047 	EXP 	slider_emotion: styleTweaks = []
0.0047 	EXP 	slider_emotion: styleTweaks = []
0.0047 	EXP 	slider_emotion: styleTweaks = []
0.0047 	EXP 	slider_emotion: contrast = 1.0
0.0047 	EXP 	slider_emotion: markerPos = 5
0.0047 	EXP 	slider_emotion: autoLog = True
0.0047 	EXP 	slider_emotion: autoLog = True
0.0047 	EXP 	slider_emotion: styleTweaks = []
0.0047 	EXP 	slider_emotion: styleTweaks = []
0.0047 	EXP 	slider_emotion: styleTweaks = []
0.0047 	EXP 	slider_emotion: styleTweaks = []
0.0047 	EXP 	slider_emotion: contrast = 1.0
0.0047 	EXP 	slider_emotion: markerPos = 5
0.0047 	EXP 	slider_emotion: autoLog = True
0.0047 	EXP 	slider_thinking_content: autoLog = True
0.0047 	EXP 	slider_thinking_content: styleTweaks = []
0.0047 	EXP 	slider_thinking_content: styleTweaks = []
0.0047 	EXP 	slider_thinking_content: styleTweaks = []
0.0047 	EXP 	slider_thinking_content: styleTweaks = []
0.0047 	EXP 	slider_thinking_content: contrast = 1.0
0.0047 	EXP 	slider_thinking_content: markerPos = 5
0.0047 	EXP 	slider_thinking_content: autoLog = True
0.0180 	INFO 	Keyboard events cleared
0.0177 	EXP 	image_welcome: autoDraw = True
4.5794 	WARNING 	t of last frame was 21.77ms (=1/45)
4.5794 	EXP 	image_welcome: autoDraw = False
4.5794 	EXP 	text_refresh: autoDraw = True
4.5868 	DATA 	Keypress: 3
4.8935 	INFO 	Keyboard events cleared
4.8932 	EXP 	text_refresh: autoDraw = False
4.8932 	EXP 	text_refresh: autoDraw = False
4.8932 	EXP 	slider_emotion: markerPos = None
4.8932 	EXP 	slider_emotion: markerPos = 5
4.8932 	EXP 	slider_emotion: markerPos = 5
4.8932 	EXP 	rate_emotion_prompt: autoDraw = True
4.8932 	EXP 	slider_emotion: autoDraw = True
6.2412 	WARNING 	t of last frame was 50.18ms (=1/19)
7.6212 	DATA 	Keypress: 1
7.6322 	EXP 	slider_emotion: markerPos = 4.0
7.8006 	DATA 	Keypress: 1
7.8111 	EXP 	slider_emotion: markerPos = 3.0
7.9807 	DATA 	Keypress: 1
7.9907 	EXP 	slider_emotion: markerPos = 2.0
8.1807 	DATA 	Keypress: 1
8.1907 	EXP 	slider_emotion: markerPos = 1.0
8.5507 	DATA 	Keypress: 3
8.5577 	EXP 	rate_emotion_prompt: autoDraw = False
8.5577 	EXP 	slider_emotion: autoDraw = False
8.5577 	EXP 	text_refresh: autoDraw = True
8.8457 	INFO 	Keyboard events cleared
8.8456 	EXP 	text_refresh: autoDraw = False
8.8456 	EXP 	text_refresh: autoDraw = False
8.8456 	EXP 	image_rest_instruct: autoDraw = True
12.1503 	DATA 	Keypress: 3
12.1585 	EXP 	image_rest_instruct: autoDraw = False
12.1585 	EXP 	text_refresh: autoDraw = True
12.4472 	INFO 	Keyboard events cleared
12.4469 	EXP 	text_refresh: autoDraw = False
12.4469 	EXP 	text_refresh: autoDraw = False
12.4469 	EXP 	wait4trigger_text: autoDraw = True
13.6970 	EXP 	wait4trigger_text: autoDraw = False
13.6970 	EXP 	fake_stimulus_text: autoDraw = True
13.6998 	DATA 	Keypress: s
15.6981 	EXP 	fake_stimulus_text: autoDraw = False
15.6981 	EXP 	fake_stimulus_text: autoDraw = False
15.6981 	EXP 	fixation: autoDraw = True
17.6961 	EXP 	fixation: autoDraw = False
17.6961 	EXP 	fixation: autoDraw = False
17.6961 	EXP 	text_refresh: autoDraw = True
17.9925 	INFO 	Keyboard events cleared
17.9923 	EXP 	text_refresh: autoDraw = False
17.9923 	EXP 	text_refresh: autoDraw = False
17.9923 	EXP 	image_emotion_instruct: autoDraw = True
19.8469 	EXP 	image_emotion_instruct: autoDraw = False
19.8469 	EXP 	text_refresh: autoDraw = True
19.8500 	DATA 	Keypress: 3
20.1553 	INFO 	Keyboard events cleared
20.1551 	EXP 	text_refresh: autoDraw = False
20.1551 	EXP 	text_refresh: autoDraw = False
20.1551 	EXP 	slider_emotion: markerPos = None
20.1551 	EXP 	slider_emotion: markerPos = 5
20.1551 	EXP 	slider_emotion: markerPos = 5
20.1551 	EXP 	rate_emotion_prompt: autoDraw = True
20.1551 	EXP 	slider_emotion: autoDraw = True
21.8272 	DATA 	Keypress: 3
21.8303 	EXP 	rate_emotion_prompt: autoDraw = False
21.8303 	EXP 	slider_emotion: autoDraw = False
21.8303 	EXP 	text_refresh: autoDraw = True
22.1311 	INFO 	Keyboard events cleared
22.1309 	EXP 	text_refresh: autoDraw = False
22.1309 	EXP 	text_refresh: autoDraw = False
22.1309 	EXP 	image_think_content_instruct: autoDraw = True
23.0803 	DATA 	Keypress: 3
23.0827 	EXP 	image_think_content_instruct: autoDraw = False
23.0827 	EXP 	text_refresh: autoDraw = True
23.3821 	DEBUG 	Read excel file with openpyxl: think_content_condition.xlsx
23.3824 	EXP 	Imported think_content_condition.xlsx as conditions, 10 conditions, 2 params
23.3830 	EXP 	New trial (rep=0, index=0): <Trial 0 (0 in rep 0) data={'item': '是关于过去的事情', 'number': 1, 'thisN': 0, 'thisTrialN': 0, 'thisRepN': 0}>
23.4028 	INFO 	Keyboard events cleared
23.4026 	WARNING 	t of last frame was 26.80ms (=1/37)
23.4026 	EXP 	text_refresh: autoDraw = False
23.4026 	EXP 	text_refresh: autoDraw = False
23.4026 	EXP 	item_text: height = 0.05
23.4026 	EXP 	item_text: height = 0.05
23.4026 	EXP 	item_text: height = 0.05
23.4026 	EXP 	item_text: text = '是关于过去的事情'
23.4026 	EXP 	slider_thinking_content: markerPos = None
23.4026 	EXP 	slider_thinking_content: markerPos = 5
23.4026 	EXP 	slider_thinking_content: markerPos = 5
23.4026 	EXP 	main_body_questionnaire: autoDraw = True
23.4026 	EXP 	item_text: autoDraw = True
23.4026 	EXP 	slider_thinking_content: autoDraw = True
25.4116 	DATA 	Keypress: 1
25.4189 	EXP 	slider_thinking_content: markerPos = 4.0
25.4425 	WARNING 	t of last frame was 23.55ms (=1/42)
25.6483 	DATA 	Keypress: 1
25.6584 	EXP 	slider_thinking_content: markerPos = 3.0
25.9339 	DATA 	Keypress: 3
25.9423 	EXP 	main_body_questionnaire: autoDraw = False
25.9423 	EXP 	item_text: autoDraw = False
25.9423 	EXP 	slider_thinking_content: autoDraw = False
25.9423 	EXP 	text_refresh: autoDraw = True
26.2272 	EXP 	New trial (rep=0, index=1): <Trial 1 (1 in rep 0) data={'item': '是关于将来的事情', 'number': 2, 'thisN': 1, 'thisTrialN': 1, 'thisRepN': 0}>
26.2400 	INFO 	Keyboard events cleared
26.2398 	EXP 	text_refresh: autoDraw = False
26.2398 	EXP 	text_refresh: autoDraw = False
26.2398 	EXP 	item_text: height = 0.05
26.2398 	EXP 	item_text: height = 0.05
26.2398 	EXP 	item_text: height = 0.05
26.2398 	EXP 	item_text: text = '是关于将来的事情'
26.2398 	EXP 	slider_thinking_content: markerPos = None
26.2398 	EXP 	slider_thinking_content: markerPos = 5
26.2398 	EXP 	slider_thinking_content: markerPos = 5
26.2398 	EXP 	main_body_questionnaire: autoDraw = True
26.2398 	EXP 	item_text: autoDraw = True
26.2398 	EXP 	slider_thinking_content: autoDraw = True
26.9155 	DATA 	Keypress: 2
26.9252 	EXP 	slider_thinking_content: markerPos = 6.0
27.1783 	EXP 	main_body_questionnaire: autoDraw = False
27.1783 	EXP 	item_text: autoDraw = False
27.1783 	EXP 	slider_thinking_content: autoDraw = False
27.1783 	EXP 	text_refresh: autoDraw = True
27.1949 	DATA 	Keypress: 3
27.4642 	EXP 	New trial (rep=0, index=2): <Trial 2 (2 in rep 0) data={'item': '是关于我自己的', 'number': 3, 'thisN': 2, 'thisTrialN': 2, 'thisRepN': 0}>
27.4787 	INFO 	Keyboard events cleared
27.4785 	EXP 	text_refresh: autoDraw = False
27.4785 	EXP 	text_refresh: autoDraw = False
27.4785 	EXP 	item_text: height = 0.05
27.4785 	EXP 	item_text: height = 0.05
27.4785 	EXP 	item_text: height = 0.05
27.4785 	EXP 	item_text: text = '是关于我自己的'
27.4785 	EXP 	slider_thinking_content: markerPos = None
27.4785 	EXP 	slider_thinking_content: markerPos = 5
27.4785 	EXP 	slider_thinking_content: markerPos = 5
27.4785 	EXP 	main_body_questionnaire: autoDraw = True
27.4785 	EXP 	item_text: autoDraw = True
27.4785 	EXP 	slider_thinking_content: autoDraw = True
28.6821 	DATA 	Keypress: 2
28.6922 	EXP 	slider_thinking_content: markerPos = 6.0
28.9228 	DATA 	Keypress: 2
28.9331 	EXP 	slider_thinking_content: markerPos = 7.0
29.1176 	DATA 	Keypress: 2
29.1254 	EXP 	slider_thinking_content: markerPos = 8.0
29.4288 	EXP 	main_body_questionnaire: autoDraw = False
29.4288 	EXP 	item_text: autoDraw = False
29.4288 	EXP 	slider_thinking_content: autoDraw = False
29.4288 	EXP 	text_refresh: autoDraw = True
29.4304 	DATA 	Keypress: 3
29.7141 	EXP 	New trial (rep=0, index=3): <Trial 3 (3 in rep 0) data={'item': '是关于他人的', 'number': 4, 'thisN': 3, 'thisTrialN': 3, 'thisRepN': 0}>
29.7286 	INFO 	Keyboard events cleared
29.7284 	EXP 	text_refresh: autoDraw = False
29.7284 	EXP 	text_refresh: autoDraw = False
29.7284 	EXP 	item_text: height = 0.05
29.7284 	EXP 	item_text: height = 0.05
29.7284 	EXP 	item_text: height = 0.05
29.7284 	EXP 	item_text: text = '是关于他人的'
29.7284 	EXP 	slider_thinking_content: markerPos = None
29.7284 	EXP 	slider_thinking_content: markerPos = 5
29.7284 	EXP 	slider_thinking_content: markerPos = 5
29.7284 	EXP 	main_body_questionnaire: autoDraw = True
29.7284 	EXP 	item_text: autoDraw = True
29.7284 	EXP 	slider_thinking_content: autoDraw = True
30.4655 	DATA 	Keypress: 1
30.4758 	EXP 	slider_thinking_content: markerPos = 4.0
30.6778 	DATA 	Keypress: 1
30.6853 	EXP 	slider_thinking_content: markerPos = 3.0
30.8889 	DATA 	Keypress: 1
30.8997 	EXP 	slider_thinking_content: markerPos = 2.0
31.2324 	DATA 	Keypress: 2
31.2422 	EXP 	slider_thinking_content: markerPos = 3.0
34.2891 	DATA 	Keypress: 1
34.3004 	EXP 	slider_thinking_content: markerPos = 2.0
35.5509 	DATA 	Keypress: 3
35.5596 	EXP 	main_body_questionnaire: autoDraw = False
35.5596 	EXP 	item_text: autoDraw = False
35.5596 	EXP 	slider_thinking_content: autoDraw = False
35.5596 	EXP 	text_refresh: autoDraw = True
35.8446 	EXP 	New trial (rep=0, index=4): <Trial 4 (4 in rep 0) data={'item': '是正性的、积极的事件', 'number': 5, 'thisN': 4, 'thisTrialN': 4, 'thisRepN': 0}>
35.8592 	INFO 	Keyboard events cleared
35.8591 	EXP 	text_refresh: autoDraw = False
35.8591 	EXP 	text_refresh: autoDraw = False
35.8591 	EXP 	item_text: height = 0.05
35.8591 	EXP 	item_text: height = 0.05
35.8591 	EXP 	item_text: height = 0.05
35.8591 	EXP 	item_text: text = '是正性的、积极的事件'
35.8591 	EXP 	slider_thinking_content: markerPos = None
35.8591 	EXP 	slider_thinking_content: markerPos = 5
35.8591 	EXP 	slider_thinking_content: markerPos = 5
35.8591 	EXP 	main_body_questionnaire: autoDraw = True
35.8591 	EXP 	item_text: autoDraw = True
35.8591 	EXP 	slider_thinking_content: autoDraw = True
36.6663 	DATA 	Keypress: 2
36.6759 	EXP 	slider_thinking_content: markerPos = 6.0
37.1162 	DATA 	Keypress: 1
37.1258 	EXP 	slider_thinking_content: markerPos = 5.0
37.3060 	DATA 	Keypress: 1
37.3171 	EXP 	slider_thinking_content: markerPos = 4.0
37.6791 	EXP 	main_body_questionnaire: autoDraw = False
37.6791 	EXP 	item_text: autoDraw = False
37.6791 	EXP 	slider_thinking_content: autoDraw = False
37.6791 	EXP 	text_refresh: autoDraw = True
37.6807 	DATA 	Keypress: 3
37.9651 	EXP 	New trial (rep=0, index=5): <Trial 5 (5 in rep 0) data={'item': '是负性的、消极的事件', 'number': 6, 'thisN': 5, 'thisTrialN': 5, 'thisRepN': 0}>
37.9796 	INFO 	Keyboard events cleared
37.9794 	EXP 	text_refresh: autoDraw = False
37.9794 	EXP 	text_refresh: autoDraw = False
37.9794 	EXP 	item_text: height = 0.05
37.9794 	EXP 	item_text: height = 0.05
37.9794 	EXP 	item_text: height = 0.05
37.9794 	EXP 	item_text: text = '是负性的、消极的事件'
37.9794 	EXP 	slider_thinking_content: markerPos = None
37.9794 	EXP 	slider_thinking_content: markerPos = 5
37.9794 	EXP 	slider_thinking_content: markerPos = 5
37.9794 	EXP 	main_body_questionnaire: autoDraw = True
37.9794 	EXP 	item_text: autoDraw = True
37.9794 	EXP 	slider_thinking_content: autoDraw = True
38.9931 	WARNING 	Multiple dropped frames have occurred - I'll stop bothering you about them!
41.3996 	DATA 	Keypress: 3
41.4099 	EXP 	main_body_questionnaire: autoDraw = False
41.4099 	EXP 	item_text: autoDraw = False
41.4099 	EXP 	slider_thinking_content: autoDraw = False
41.4099 	EXP 	text_refresh: autoDraw = True
41.6950 	EXP 	New trial (rep=0, index=6): <Trial 6 (6 in rep 0) data={'item': '是以图像或意象的形式进行思维', 'number': 7, 'thisN': 6, 'thisTrialN': 6, 'thisRepN': 0}>
41.7122 	INFO 	Keyboard events cleared
41.7121 	EXP 	text_refresh: autoDraw = False
41.7121 	EXP 	text_refresh: autoDraw = False
41.7121 	EXP 	item_text: height = 0.05
41.7121 	EXP 	item_text: height = 0.05
41.7121 	EXP 	item_text: height = 0.05
41.7121 	EXP 	item_text: text = '是以图像或意象的形式进行思维'
41.7121 	EXP 	slider_thinking_content: markerPos = None
41.7121 	EXP 	slider_thinking_content: markerPos = 5
41.7121 	EXP 	slider_thinking_content: markerPos = 5
41.7121 	EXP 	main_body_questionnaire: autoDraw = True
41.7121 	EXP 	item_text: autoDraw = True
41.7121 	EXP 	slider_thinking_content: autoDraw = True
42.7181 	DATA 	Keypress: 2
42.7261 	EXP 	slider_thinking_content: markerPos = 6.0
42.9448 	DATA 	Keypress: 2
42.9524 	EXP 	slider_thinking_content: markerPos = 7.0
43.9352 	DATA 	Keypress: 3
43.9433 	EXP 	main_body_questionnaire: autoDraw = False
43.9433 	EXP 	item_text: autoDraw = False
43.9433 	EXP 	slider_thinking_content: autoDraw = False
43.9433 	EXP 	text_refresh: autoDraw = True
44.2284 	EXP 	New trial (rep=0, index=7): <Trial 7 (7 in rep 0) data={'item': '是以内部言语的形式进行思维', 'number': 8, 'thisN': 7, 'thisTrialN': 7, 'thisRepN': 0}>
44.2432 	INFO 	Keyboard events cleared
44.2430 	EXP 	text_refresh: autoDraw = False
44.2430 	EXP 	text_refresh: autoDraw = False
44.2430 	EXP 	item_text: height = 0.05
44.2430 	EXP 	item_text: height = 0.05
44.2430 	EXP 	item_text: height = 0.05
44.2430 	EXP 	item_text: text = '是以内部言语的形式进行思维'
44.2430 	EXP 	slider_thinking_content: markerPos = None
44.2430 	EXP 	slider_thinking_content: markerPos = 5
44.2430 	EXP 	slider_thinking_content: markerPos = 5
44.2430 	EXP 	main_body_questionnaire: autoDraw = True
44.2430 	EXP 	item_text: autoDraw = True
44.2430 	EXP 	slider_thinking_content: autoDraw = True
44.9115 	DATA 	Keypress: 2
44.9194 	EXP 	slider_thinking_content: markerPos = 6.0
45.1187 	DATA 	Keypress: 2
45.1264 	EXP 	slider_thinking_content: markerPos = 7.0
45.2854 	DATA 	Keypress: 2
45.2930 	EXP 	slider_thinking_content: markerPos = 8.0
45.4687 	DATA 	Keypress: 2
45.4763 	EXP 	slider_thinking_content: markerPos = 9.0
45.8115 	DATA 	Keypress: 3
45.8145 	EXP 	main_body_questionnaire: autoDraw = False
45.8145 	EXP 	item_text: autoDraw = False
45.8145 	EXP 	slider_thinking_content: autoDraw = False
45.8145 	EXP 	text_refresh: autoDraw = True
46.0988 	EXP 	New trial (rep=0, index=8): <Trial 8 (8 in rep 0) data={'item': '让我感到开心', 'number': 9, 'thisN': 8, 'thisTrialN': 8, 'thisRepN': 0}>
46.1140 	INFO 	Keyboard events cleared
46.1139 	EXP 	text_refresh: autoDraw = False
46.1139 	EXP 	text_refresh: autoDraw = False
46.1139 	EXP 	item_text: height = 0.05
46.1139 	EXP 	item_text: height = 0.05
46.1139 	EXP 	item_text: height = 0.05
46.1139 	EXP 	item_text: text = '让我感到开心'
46.1139 	EXP 	slider_thinking_content: markerPos = None
46.1139 	EXP 	slider_thinking_content: markerPos = 5
46.1139 	EXP 	slider_thinking_content: markerPos = 5
46.1139 	EXP 	main_body_questionnaire: autoDraw = True
46.1139 	EXP 	item_text: autoDraw = True
46.1139 	EXP 	slider_thinking_content: autoDraw = True
46.8901 	DATA 	Keypress: 1
46.9017 	EXP 	slider_thinking_content: markerPos = 4.0
47.0831 	DATA 	Keypress: 1
47.0931 	EXP 	slider_thinking_content: markerPos = 3.0
47.2830 	DATA 	Keypress: 1
47.2930 	EXP 	slider_thinking_content: markerPos = 2.0
47.4629 	DATA 	Keypress: 1
47.4703 	EXP 	slider_thinking_content: markerPos = 1.0
47.8665 	DATA 	Keypress: 3
47.8769 	EXP 	main_body_questionnaire: autoDraw = False
47.8769 	EXP 	item_text: autoDraw = False
47.8769 	EXP 	slider_thinking_content: autoDraw = False
47.8769 	EXP 	text_refresh: autoDraw = True
48.1620 	EXP 	New trial (rep=0, index=9): <Trial 9 (9 in rep 0) data={'item': '让我感到悲伤', 'number': 10, 'thisN': 9, 'thisTrialN': 9, 'thisRepN': 0}>
48.1757 	INFO 	Keyboard events cleared
48.1756 	EXP 	text_refresh: autoDraw = False
48.1756 	EXP 	text_refresh: autoDraw = False
48.1756 	EXP 	item_text: height = 0.05
48.1756 	EXP 	item_text: height = 0.05
48.1756 	EXP 	item_text: height = 0.05
48.1756 	EXP 	item_text: text = '让我感到悲伤'
48.1756 	EXP 	slider_thinking_content: markerPos = None
48.1756 	EXP 	slider_thinking_content: markerPos = 5
48.1756 	EXP 	slider_thinking_content: markerPos = 5
48.1756 	EXP 	main_body_questionnaire: autoDraw = True
48.1756 	EXP 	item_text: autoDraw = True
48.1756 	EXP 	slider_thinking_content: autoDraw = True
49.1004 	DATA 	Keypress: 1
49.1100 	EXP 	slider_thinking_content: markerPos = 4.0
49.3197 	DATA 	Keypress: 1
49.3344 	EXP 	slider_thinking_content: markerPos = 3.0
49.5019 	DATA 	Keypress: 1
49.5099 	EXP 	slider_thinking_content: markerPos = 2.0
49.8301 	EXP 	main_body_questionnaire: autoDraw = False
49.8301 	EXP 	item_text: autoDraw = False
49.8301 	EXP 	slider_thinking_content: autoDraw = False
49.8301 	EXP 	text_refresh: autoDraw = True
49.8317 	DATA 	Keypress: 3
50.1276 	INFO 	Keyboard events cleared
50.1274 	EXP 	text_refresh: autoDraw = False
50.1274 	EXP 	text_refresh: autoDraw = False
50.1274 	EXP 	goodbye_text: autoDraw = True
50.8694 	DATA 	Keypress: s
51.9267 	DATA 	Keypress: escape
51.9964 	EXP 	resting_state: status = STOPPED
51.9993 	EXP 	goodbye_text: autoDraw = False
52.0005 	EXP 	resting_state: status = STOPPED
52.0063 	INFO 	saved data to '/Users/Chenxiao/Documents/project_codes/RST_Chinese_beta/data/999_resting_state_2025-06-13_14h17.12.922.csv'
52.0068 	INFO 	saved data to /Users/Chenxiao/Documents/project_codes/RST_Chinese_beta/data/999_resting_state_2025-06-13_14h17.12.922.psydat
52.2629 	DEBUG 	Saving data for resting_state ExperimentHandler
