12.6374 	WARNING 	Font Manager failed to load file /System/Library/PrivateFrameworks/FontServices.framework/Resources/Reserved/PingFangUI.ttc
14.0730 	DEBUG 	Fullscreen settings ignored as running in pilot mode.
14.0736 	INFO 	Loaded monitor calibration from ['2022_04_19 09:31']
14.0738 	WARNING 	This monitor has not been color-calibrated. Using default DKL conversion matrix.
14.1614 	WARNING 	This monitor has not been color-calibrated. Using default DKL conversion matrix.
14.1616 	WARNING 	This monitor has not been color-calibrated. Using default DKL conversion matrix.
14.2235 	EXP 	Created window1 = Window(allowGUI=False, allowStencil=False, autoLog=True, backendConf=UNKNOWN, backgroundFit=<method-wrapper '__getattribute__' of attributeSetter object at 0x17cece8c0>, backgroundImage=<method-wrapper '__getattribute__' of attributeSetter object at 0x17cece920>, bitsMode=UNKNOWN, blendMode='avg', bpc=(8, 8, 8), color=array([0, 0, 0]), colorSpace='dkl', depthBits=8, fullscr=False, gamma=None, gammaErrorPolicy='raise', infoMsg=UNKNOWN, lms=UNKNOWN, monitor=<psychopy.monitors.calibTools.Monitor object at 0x17cf648e0>, multiSample=False, name='window1', numSamples=2, pos=[560.0, 240.0], screen=0, size=array([1600, 1200]), stencilBits=0, stereo=False, title='PsychoPy', units='pix', useFBO=True, useRetina=True, viewOri=0.0, viewPos=None, viewScale=None, waitBlanking=True, winType='pyglet')
14.2235 	EXP 	window1: backgroundImage = ''
14.2235 	EXP 	window1: backgroundFit = 'none'
14.2314 	DEBUG 	TextBox2 loaded 1 chars with 0 blanks and 1 valid
14.2319 	DEBUG 	TextBox2 loaded 1 chars with 0 blanks and 1 valid
14.2324 	DEBUG 	TextBox2 loaded 1 chars with 0 blanks and 1 valid
14.2330 	DEBUG 	TextBox2 loaded 1 chars with 0 blanks and 1 valid
14.2335 	DEBUG 	TextBox2 loaded 1 chars with 0 blanks and 1 valid
14.2337 	DEBUG 	TextBox2 loaded 1 chars with 0 blanks and 1 valid
14.2341 	DEBUG 	TextBox2 loaded 1 chars with 0 blanks and 1 valid
14.2347 	DEBUG 	TextBox2 loaded 1 chars with 0 blanks and 1 valid
14.2349 	DEBUG 	TextBox2 loaded 1 chars with 0 blanks and 1 valid
14.2351 	DEBUG 	TextBox2 loaded 1 chars with 0 blanks and 1 valid
14.2355 	DEBUG 	TextBox2 loaded 1 chars with 0 blanks and 1 valid
14.2359 	DEBUG 	TextBox2 loaded 1 chars with 0 blanks and 1 valid
14.2363 	DEBUG 	TextBox2 loaded 1 chars with 0 blanks and 1 valid
14.2367 	DEBUG 	TextBox2 loaded 1 chars with 0 blanks and 1 valid
14.2370 	DEBUG 	TextBox2 loaded 1 chars with 0 blanks and 1 valid
14.2375 	DEBUG 	TextBox2 loaded 1 chars with 0 blanks and 1 valid
14.2379 	DEBUG 	TextBox2 loaded 1 chars with 0 blanks and 1 valid
14.2381 	DEBUG 	TextBox2 loaded 1 chars with 0 blanks and 1 valid
14.2383 	DEBUG 	TextBox2 loaded 1 chars with 0 blanks and 1 valid
14.2389 	DEBUG 	TextBox2 loaded 1 chars with 0 blanks and 1 valid
14.2392 	DEBUG 	TextBox2 loaded 1 chars with 0 blanks and 1 valid
14.2394 	DEBUG 	Uploading Texture Font fontname to graphics card
14.2431 	DEBUG 	Upload of Texture Font fontname complete
14.2477 	DEBUG 	TextBox2 loaded 1 chars with 0 blanks and 1 valid
14.2483 	DEBUG 	TextBox2 loaded 1 chars with 0 blanks and 1 valid
14.2489 	DEBUG 	TextBox2 loaded 1 chars with 0 blanks and 1 valid
14.2491 	DEBUG 	Uploading Texture Font fontname to graphics card
14.2511 	DEBUG 	Upload of Texture Font fontname complete
14.2525 	EXP 	window1: Attempting to measure frame rate of screen (0) ...
14.2525 	EXP 	window1: recordFrameIntervals = False
14.3650 	EXP 	window1: recordFrameIntervals = True
15.1999 	WARNING 	Couldn't measure a consistent frame rate!
  - Is your graphics card set to sync to vertical blank?
  - Are you running other processes on your computer?

15.2040 	DEBUG 	TextBox2 loaded 1 chars with 0 blanks and 1 valid
15.2043 	DEBUG 	TextBox2 loaded 1 chars with 0 blanks and 1 valid
15.2048 	DEBUG 	TextBox2 loaded 1 chars with 0 blanks and 1 valid
15.2054 	DEBUG 	TextBox2 loaded 1 chars with 0 blanks and 1 valid
15.2060 	DEBUG 	TextBox2 loaded 1 chars with 0 blanks and 1 valid
15.2066 	DEBUG 	TextBox2 loaded 1 chars with 0 blanks and 1 valid
15.2069 	DEBUG 	TextBox2 loaded 1 chars with 0 blanks and 1 valid
15.2074 	DEBUG 	TextBox2 loaded 1 chars with 0 blanks and 1 valid
15.2080 	DEBUG 	TextBox2 loaded 1 chars with 0 blanks and 1 valid
15.2086 	DEBUG 	TextBox2 loaded 1 chars with 0 blanks and 1 valid
15.2088 	DEBUG 	Uploading Texture Font fontname to graphics card
15.2110 	DEBUG 	Upload of Texture Font fontname complete
15.2229 	WARNING 	launchHubServer: If using the iohub mouse or eyetracker devices, fullScr should be True.
17.8973 	INFO 	keyboard.Keyboard is using iohub backend.
17.8974 	INFO 	keyboard.Keyboard is using iohub backend.
17.8974 	INFO 	keyboard.Keyboard is using iohub backend.
17.8974 	INFO 	keyboard.Keyboard is using iohub backend.
17.8974 	INFO 	keyboard.Keyboard is using iohub backend.
17.8975 	EXP 	resting_state_demo: status = STARTED
17.9483 	EXP 	Created text_welcome = TextStim(__class__=<class 'psychopy.visual.text.TextStim'>, alignHoriz=method-wrapper(...), alignText='center', alignVert=method-wrapper(...), anchorHoriz='center', anchorVert='center', antialias=True, autoDraw=False, autoLog=True, bold=False, color=array([1., 1., 1.]), colorSpace='rgb', contrast=1.0, depth=0.0, draggable=False, flipHoriz=False, flipVert=False, font='Heiti SC', fontFiles=[], height=30.0, italic=False, languageStyle='LTR', name='text_welcome', opacity=1, ori=0.0, pos=array([-300.,    0.]), rgb=UNKNOWN, text=str(...), units='pix', win=Window(...), wrapWidth=10.0)
17.9509 	EXP 	Created text_refresh = TextStim(__class__=<class 'psychopy.visual.text.TextStim'>, alignHoriz=method-wrapper(...), alignText='center', alignVert=method-wrapper(...), anchorHoriz='center', anchorVert='center', antialias=True, autoDraw=False, autoLog=True, bold=False, color=array([1., 1., 1.]), colorSpace='rgb', contrast=1.0, depth=0.0, draggable=False, flipHoriz=False, flipVert=False, font='Arial', fontFiles=[], height=0.05, italic=False, languageStyle='LTR', name='text_refresh', opacity=1, ori=0.0, pos=array([0., 0.]), rgb=UNKNOWN, text='', units='pix', win=Window(...), wrapWidth=500)
17.9590 	EXP 	Created rate_emotion_prompt = TextStim(__class__=<class 'psychopy.visual.text.TextStim'>, alignHoriz=method-wrapper(...), alignText='center', alignVert=method-wrapper(...), anchorHoriz='center', anchorVert='center', antialias=True, autoDraw=False, autoLog=True, bold=False, color=array([1., 1., 1.]), colorSpace='rgb', contrast=1.0, depth=0.0, draggable=False, flipHoriz=False, flipVert=False, font='Arial', fontFiles=[], height=0.05, italic=False, languageStyle='LTR', name='rate_emotion_prompt', opacity=1, ori=0.0, pos=array([0. , 0.2]), rgb=UNKNOWN, text=str(...), units='pix', win=Window(...), wrapWidth=500)
17.9763 	DEBUG 	TextBox2 loaded 1 chars with 0 blanks and 1 valid
17.9766 	DEBUG 	TextBox2 loaded 1 chars with 0 blanks and 1 valid
17.9769 	DEBUG 	TextBox2 loaded 1 chars with 0 blanks and 1 valid
17.9771 	DEBUG 	TextBox2 loaded 1 chars with 0 blanks and 1 valid
17.9774 	DEBUG 	TextBox2 loaded 1 chars with 0 blanks and 1 valid
17.9776 	DEBUG 	TextBox2 loaded 1 chars with 0 blanks and 1 valid
17.9779 	DEBUG 	TextBox2 loaded 1 chars with 0 blanks and 1 valid
17.9781 	DEBUG 	TextBox2 loaded 1 chars with 0 blanks and 1 valid
17.9784 	DEBUG 	TextBox2 loaded 1 chars with 0 blanks and 1 valid
17.9786 	DEBUG 	TextBox2 loaded 1 chars with 0 blanks and 1 valid
17.9788 	DEBUG 	TextBox2 loaded 1 chars with 0 blanks and 1 valid
17.9791 	DEBUG 	TextBox2 loaded 1 chars with 0 blanks and 1 valid
17.9795 	DEBUG 	Uploading Texture Font fontname to graphics card
17.9826 	DEBUG 	Upload of Texture Font fontname complete
17.9861 	DEBUG 	TextBox2 loaded 1 chars with 0 blanks and 1 valid
17.9864 	DEBUG 	TextBox2 loaded 1 chars with 0 blanks and 1 valid
17.9867 	DEBUG 	Uploading Texture Font fontname to graphics card
17.9885 	DEBUG 	Upload of Texture Font fontname complete
18.0083 	DEBUG 	TextBox2 loaded 1 chars with 0 blanks and 1 valid
18.0086 	DEBUG 	TextBox2 loaded 1 chars with 0 blanks and 1 valid
18.0088 	DEBUG 	Uploading Texture Font fontname to graphics card
18.0106 	DEBUG 	Upload of Texture Font fontname complete
18.0622 	EXP 	Created slider_emotion = Slider(__class__=<class 'psychopy.visual.slider.Slider'>, autoDraw=False, autoLog=True, borderColor=None, color=None, colorSpace='rgb', depth=-1, fillColor=None, flip=False, font='Arial', granularity=1.0, labelColor=None, labelHeight=0.035, labelWrapWidth=None, labels=list(...), lineColor=None, markerColor=None, name='slider_emotion', opacity=None, ori=0.0, pos=array([ 0. , -0.1]), readOnly=False, self=UNKNOWN, size=array([1. , 0.1]), startValue=5, style='rating', styleTweaks=[], ticks=array([1, 2, 3, 4, 5, 6, 7, 8, 9]), units='pix', win=Window(...))
18.0630 	EXP 	Created text_refresh = TextStim(__class__=<class 'psychopy.visual.text.TextStim'>, alignHoriz=method-wrapper(...), alignText='center', alignVert=method-wrapper(...), anchorHoriz='center', anchorVert='center', antialias=True, autoDraw=False, autoLog=True, bold=False, color=array([1., 1., 1.]), colorSpace='rgb', contrast=1.0, depth=0.0, draggable=False, flipHoriz=False, flipVert=False, font='Arial', fontFiles=[], height=0.05, italic=False, languageStyle='LTR', name='text_refresh', opacity=1, ori=0.0, pos=array([0., 0.]), rgb=UNKNOWN, text='', units='pix', win=Window(...), wrapWidth=500)
18.0660 	EXP 	Created wait4trigger_text = TextStim(__class__=<class 'psychopy.visual.text.TextStim'>, alignHoriz=method-wrapper(...), alignText='center', alignVert=method-wrapper(...), anchorHoriz='center', anchorVert='center', antialias=True, autoDraw=False, autoLog=True, bold=False, color=array([1., 1., 1.]), colorSpace='rgb', contrast=1.0, depth=0.0, draggable=False, flipHoriz=False, flipVert=False, font='Arial', fontFiles=[], height=0.05, italic=False, languageStyle='LTR', name='wait4trigger_text', opacity=1, ori=0.0, pos=array([0., 0.]), rgb=UNKNOWN, text='Please wait for the scan to start.', units='pix', win=Window(...), wrapWidth=500)
18.0676 	EXP 	Created fake_stimulus_text = TextStim(__class__=<class 'psychopy.visual.text.TextStim'>, alignHoriz=method-wrapper(...), alignText='center', alignVert=method-wrapper(...), anchorHoriz='center', anchorVert='center', antialias=True, autoDraw=False, autoLog=True, bold=False, color=array([1., 1., 1.]), colorSpace='rgb', contrast=1.0, depth=0.0, draggable=False, flipHoriz=False, flipVert=False, font='Arial', fontFiles=[], height=0.05, italic=False, languageStyle='LTR', name='fake_stimulus_text', opacity=1, ori=0.0, pos=array([0., 0.]), rgb=UNKNOWN, text='Please wait for the scan to start.', units='pix', win=Window(...), wrapWidth=500)
18.0692 	EXP 	Created fixation = TextStim(__class__=<class 'psychopy.visual.text.TextStim'>, alignHoriz=method-wrapper(...), alignText='center', alignVert=method-wrapper(...), anchorHoriz='center', anchorVert='center', antialias=True, autoDraw=False, autoLog=True, bold=False, color=array([1., 1., 1.]), colorSpace='rgb', contrast=1.0, depth=0.0, draggable=False, flipHoriz=False, flipVert=False, font='Arial', fontFiles=[], height=0.4, italic=False, languageStyle='LTR', name='fixation', opacity=1, ori=0.0, pos=array([0., 0.]), rgb=UNKNOWN, text='+', units='pix', win=Window(...), wrapWidth=500)
18.0698 	EXP 	Created text_refresh = TextStim(__class__=<class 'psychopy.visual.text.TextStim'>, alignHoriz=method-wrapper(...), alignText='center', alignVert=method-wrapper(...), anchorHoriz='center', anchorVert='center', antialias=True, autoDraw=False, autoLog=True, bold=False, color=array([1., 1., 1.]), colorSpace='rgb', contrast=1.0, depth=0.0, draggable=False, flipHoriz=False, flipVert=False, font='Arial', fontFiles=[], height=0.05, italic=False, languageStyle='LTR', name='text_refresh', opacity=1, ori=0.0, pos=array([0., 0.]), rgb=UNKNOWN, text='', units='pix', win=Window(...), wrapWidth=500)
18.0715 	EXP 	Created rate_emotion_prompt = TextStim(__class__=<class 'psychopy.visual.text.TextStim'>, alignHoriz=method-wrapper(...), alignText='center', alignVert=method-wrapper(...), anchorHoriz='center', anchorVert='center', antialias=True, autoDraw=False, autoLog=True, bold=False, color=array([1., 1., 1.]), colorSpace='rgb', contrast=1.0, depth=0.0, draggable=False, flipHoriz=False, flipVert=False, font='Arial', fontFiles=[], height=0.05, italic=False, languageStyle='LTR', name='rate_emotion_prompt', opacity=1, ori=0.0, pos=array([0. , 0.2]), rgb=UNKNOWN, text=str(...), units='pix', win=Window(...), wrapWidth=500)
18.1489 	EXP 	Created slider_emotion = Slider(__class__=<class 'psychopy.visual.slider.Slider'>, autoDraw=False, autoLog=True, borderColor=None, color=None, colorSpace='rgb', depth=-1, fillColor=None, flip=False, font='Arial', granularity=1.0, labelColor=None, labelHeight=0.035, labelWrapWidth=None, labels=list(...), lineColor=None, markerColor=None, name='slider_emotion', opacity=None, ori=0.0, pos=array([ 0. , -0.1]), readOnly=False, self=UNKNOWN, size=array([1. , 0.1]), startValue=5, style='rating', styleTweaks=[], ticks=array([1, 2, 3, 4, 5, 6, 7, 8, 9]), units='pix', win=Window(...))
18.1497 	EXP 	Created text_refresh = TextStim(__class__=<class 'psychopy.visual.text.TextStim'>, alignHoriz=method-wrapper(...), alignText='center', alignVert=method-wrapper(...), anchorHoriz='center', anchorVert='center', antialias=True, autoDraw=False, autoLog=True, bold=False, color=array([1., 1., 1.]), colorSpace='rgb', contrast=1.0, depth=0.0, draggable=False, flipHoriz=False, flipVert=False, font='Arial', fontFiles=[], height=0.05, italic=False, languageStyle='LTR', name='text_refresh', opacity=1, ori=0.0, pos=array([0., 0.]), rgb=UNKNOWN, text='', units='pix', win=Window(...), wrapWidth=500)
18.1529 	EXP 	Created main_body_questionnaire = TextStim(__class__=<class 'psychopy.visual.text.TextStim'>, alignHoriz=method-wrapper(...), alignText='center', alignVert=method-wrapper(...), anchorHoriz='center', anchorVert='center', antialias=True, autoDraw=False, autoLog=True, bold=False, color=array([1., 1., 1.]), colorSpace='rgb', contrast=1.0, depth=0.0, draggable=False, flipHoriz=False, flipVert=False, font='Arial', fontFiles=[], height=0.05, italic=False, languageStyle='LTR', name='main_body_questionnaire', opacity=1, ori=0.0, pos=array([0. , 0.3]), rgb=UNKNOWN, text='During the MRI my thoughts:', units='pix', win=Window(...), wrapWidth=500)
18.1534 	EXP 	Created item_text = TextStim(__class__=<class 'psychopy.visual.text.TextStim'>, alignHoriz=method-wrapper(...), alignText='center', alignVert=method-wrapper(...), anchorHoriz='center', anchorVert='center', antialias=True, autoDraw=False, autoLog=True, bold=False, color=array([1., 1., 1.]), colorSpace='rgb', contrast=1.0, depth=-1.0, draggable=False, flipHoriz=False, flipVert=False, font='Arial', fontFiles=[], height=0.05, italic=False, languageStyle='LTR', name='item_text', opacity=1, ori=0.0, pos=array([0. , 0.1]), rgb=UNKNOWN, text='', units='pix', win=Window(...), wrapWidth=500)
18.1804 	DEBUG 	TextBox2 loaded 1 chars with 0 blanks and 1 valid
18.1808 	DEBUG 	TextBox2 loaded 1 chars with 0 blanks and 1 valid
18.1810 	DEBUG 	TextBox2 loaded 1 chars with 0 blanks and 1 valid
18.1813 	DEBUG 	TextBox2 loaded 1 chars with 0 blanks and 1 valid
18.1816 	DEBUG 	Uploading Texture Font fontname to graphics card
18.1836 	DEBUG 	Upload of Texture Font fontname complete
18.2059 	DEBUG 	TextBox2 loaded 1 chars with 0 blanks and 1 valid
18.2061 	DEBUG 	Uploading Texture Font fontname to graphics card
18.2079 	DEBUG 	Upload of Texture Font fontname complete
18.2352 	EXP 	Created slider_thinking_content = Slider(__class__=<class 'psychopy.visual.slider.Slider'>, autoDraw=False, autoLog=True, borderColor=None, color=None, colorSpace='rgb', depth=-2, fillColor=None, flip=False, font='Arial', granularity=1.0, labelColor=None, labelHeight=0.035, labelWrapWidth=None, labels=list(...), lineColor=None, markerColor=None, name='slider_thinking_content', opacity=None, ori=0.0, pos=array([ 0. , -0.1]), readOnly=False, self=UNKNOWN, size=array([1. , 0.1]), startValue=5, style='rating', styleTweaks=[], ticks=array([1, 2, 3, 4, 5, 6, 7, 8, 9]), units='pix', win=Window(...))
18.2359 	EXP 	Created text_refresh = TextStim(__class__=<class 'psychopy.visual.text.TextStim'>, alignHoriz=method-wrapper(...), alignText='center', alignVert=method-wrapper(...), anchorHoriz='center', anchorVert='center', antialias=True, autoDraw=False, autoLog=True, bold=False, color=array([1., 1., 1.]), colorSpace='rgb', contrast=1.0, depth=0.0, draggable=False, flipHoriz=False, flipVert=False, font='Arial', fontFiles=[], height=0.05, italic=False, languageStyle='LTR', name='text_refresh', opacity=1, ori=0.0, pos=array([0., 0.]), rgb=UNKNOWN, text='', units='pix', win=Window(...), wrapWidth=500)
18.2413 	EXP 	Created goodbye_text = TextStim(__class__=<class 'psychopy.visual.text.TextStim'>, alignHoriz=method-wrapper(...), alignText='center', alignVert=method-wrapper(...), anchorHoriz='center', anchorVert='center', antialias=True, autoDraw=False, autoLog=True, bold=False, color=array([1., 1., 1.]), colorSpace='rgb', contrast=1.0, depth=0.0, draggable=False, flipHoriz=False, flipVert=False, font='Arial', fontFiles=[], height=0.05, italic=False, languageStyle='LTR', name='goodbye_text', opacity=1, ori=0.0, pos=array([0., 0.]), rgb=UNKNOWN, text=str(...), units='pix', win=Window(...), wrapWidth=500)
0.0079 	EXP 	slider_emotion: autoLog = True
0.0079 	EXP 	slider_emotion: styleTweaks = []
0.0079 	EXP 	slider_emotion: styleTweaks = []
0.0079 	EXP 	slider_emotion: styleTweaks = []
0.0079 	EXP 	slider_emotion: styleTweaks = []
0.0079 	EXP 	slider_emotion: contrast = 1.0
0.0079 	EXP 	slider_emotion: markerPos = 5
0.0079 	EXP 	slider_emotion: autoLog = True
0.0079 	EXP 	slider_emotion: autoLog = True
0.0079 	EXP 	slider_emotion: styleTweaks = []
0.0079 	EXP 	slider_emotion: styleTweaks = []
0.0079 	EXP 	slider_emotion: styleTweaks = []
0.0079 	EXP 	slider_emotion: styleTweaks = []
0.0079 	EXP 	slider_emotion: contrast = 1.0
0.0079 	EXP 	slider_emotion: markerPos = 5
0.0079 	EXP 	slider_emotion: autoLog = True
0.0079 	EXP 	slider_thinking_content: autoLog = True
0.0079 	EXP 	slider_thinking_content: styleTweaks = []
0.0079 	EXP 	slider_thinking_content: styleTweaks = []
0.0079 	EXP 	slider_thinking_content: styleTweaks = []
0.0079 	EXP 	slider_thinking_content: styleTweaks = []
0.0079 	EXP 	slider_thinking_content: contrast = 1.0
0.0079 	EXP 	slider_thinking_content: markerPos = 5
0.0079 	EXP 	slider_thinking_content: autoLog = True
0.0200 	INFO 	Keyboard events cleared
0.0197 	EXP 	text_welcome: autoDraw = True
5.3286 	DATA 	Keypress: escape
5.3309 	WARNING 	t of last frame was 25.69ms (=1/38)
5.3572 	EXP 	resting_state_demo: status = STOPPED
5.3593 	EXP 	text_welcome: autoDraw = False
5.3604 	EXP 	resting_state_demo: status = STOPPED
5.3620 	INFO 	saved data to '/Users/Chenxiao/Documents/project_codes/RST_Chinese_beta/data/999_resting_state_demo_2025-06-10_17h29.05.211.csv'
5.3622 	INFO 	saved data to /Users/Chenxiao/Documents/project_codes/RST_Chinese_beta/data/999_resting_state_demo_2025-06-10_17h29.05.211.psydat
5.7066 	DEBUG 	Saving data for resting_state_demo ExperimentHandler
