10.9137 	WARNING 	Font Manager failed to load file /System/Library/PrivateFrameworks/FontServices.framework/Resources/Reserved/PingFangUI.ttc
12.7039 	DEBUG 	Fullscreen settings ignored as running in pilot mode.
12.7045 	INFO 	Loaded monitor calibration from ['2022_04_19 09:31']
12.7047 	WARNING 	This monitor has not been color-calibrated. Using default DKL conversion matrix.
12.7988 	WARNING 	This monitor has not been color-calibrated. Using default DKL conversion matrix.
12.7990 	WARNING 	This monitor has not been color-calibrated. Using default DKL conversion matrix.
12.8555 	EXP 	Created window1 = Window(allowGUI=False, allowStencil=False, autoLog=True, backendConf=UNKNOWN, backgroundFit=<method-wrapper '__getattribute__' of attributeSetter object at 0x17ca2ffa0>, backgroundImage=<method-wrapper '__getattribute__' of attributeSetter object at 0x17ca2ff40>, bitsMode=UNKNOWN, blendMode='avg', bpc=(8, 8, 8), color=array([0, 0, 0]), colorSpace='dkl', depthBits=8, fullscr=False, gamma=None, gammaErrorPolicy='raise', infoMsg=UNKNOWN, lms=UNKNOWN, monitor=<psychopy.monitors.calibTools.Monitor object at 0x17cad04f0>, multiSample=False, name='window1', numSamples=2, pos=[560.0, 240.0], screen=0, size=array([1600, 1200]), stencilBits=0, stereo=False, title='PsychoPy', units='height', useFBO=True, useRetina=True, viewOri=0.0, viewPos=None, viewScale=None, waitBlanking=True, winType='pyglet')
12.8555 	EXP 	window1: backgroundImage = ''
12.8555 	EXP 	window1: backgroundFit = 'none'
12.8624 	DEBUG 	TextBox2 loaded 1 chars with 0 blanks and 1 valid
12.8628 	DEBUG 	TextBox2 loaded 1 chars with 0 blanks and 1 valid
12.8633 	DEBUG 	TextBox2 loaded 1 chars with 0 blanks and 1 valid
12.8638 	DEBUG 	TextBox2 loaded 1 chars with 0 blanks and 1 valid
12.8643 	DEBUG 	TextBox2 loaded 1 chars with 0 blanks and 1 valid
12.8645 	DEBUG 	TextBox2 loaded 1 chars with 0 blanks and 1 valid
12.8649 	DEBUG 	TextBox2 loaded 1 chars with 0 blanks and 1 valid
12.8654 	DEBUG 	TextBox2 loaded 1 chars with 0 blanks and 1 valid
12.8655 	DEBUG 	TextBox2 loaded 1 chars with 0 blanks and 1 valid
12.8657 	DEBUG 	TextBox2 loaded 1 chars with 0 blanks and 1 valid
12.8661 	DEBUG 	TextBox2 loaded 1 chars with 0 blanks and 1 valid
12.8665 	DEBUG 	TextBox2 loaded 1 chars with 0 blanks and 1 valid
12.8669 	DEBUG 	TextBox2 loaded 1 chars with 0 blanks and 1 valid
12.8673 	DEBUG 	TextBox2 loaded 1 chars with 0 blanks and 1 valid
12.8676 	DEBUG 	TextBox2 loaded 1 chars with 0 blanks and 1 valid
12.8680 	DEBUG 	TextBox2 loaded 1 chars with 0 blanks and 1 valid
12.8684 	DEBUG 	TextBox2 loaded 1 chars with 0 blanks and 1 valid
12.8685 	DEBUG 	TextBox2 loaded 1 chars with 0 blanks and 1 valid
12.8688 	DEBUG 	TextBox2 loaded 1 chars with 0 blanks and 1 valid
12.8694 	DEBUG 	TextBox2 loaded 1 chars with 0 blanks and 1 valid
12.8695 	DEBUG 	TextBox2 loaded 1 chars with 0 blanks and 1 valid
12.8697 	DEBUG 	Uploading Texture Font fontname to graphics card
12.8728 	DEBUG 	Upload of Texture Font fontname complete
12.8765 	DEBUG 	TextBox2 loaded 1 chars with 0 blanks and 1 valid
12.8771 	DEBUG 	TextBox2 loaded 1 chars with 0 blanks and 1 valid
12.8776 	DEBUG 	TextBox2 loaded 1 chars with 0 blanks and 1 valid
12.8777 	DEBUG 	Uploading Texture Font fontname to graphics card
12.8793 	DEBUG 	Upload of Texture Font fontname complete
12.8803 	EXP 	window1: Attempting to measure frame rate of screen (0) ...
12.8803 	EXP 	window1: recordFrameIntervals = False
12.9892 	EXP 	window1: recordFrameIntervals = True
13.8380 	WARNING 	Couldn't measure a consistent frame rate!
  - Is your graphics card set to sync to vertical blank?
  - Are you running other processes on your computer?

13.8444 	DEBUG 	TextBox2 loaded 1 chars with 0 blanks and 1 valid
13.8448 	DEBUG 	TextBox2 loaded 1 chars with 0 blanks and 1 valid
13.8455 	DEBUG 	TextBox2 loaded 1 chars with 0 blanks and 1 valid
13.8464 	DEBUG 	TextBox2 loaded 1 chars with 0 blanks and 1 valid
13.8473 	DEBUG 	TextBox2 loaded 1 chars with 0 blanks and 1 valid
13.8481 	DEBUG 	TextBox2 loaded 1 chars with 0 blanks and 1 valid
13.8485 	DEBUG 	TextBox2 loaded 1 chars with 0 blanks and 1 valid
13.8492 	DEBUG 	TextBox2 loaded 1 chars with 0 blanks and 1 valid
13.8501 	DEBUG 	TextBox2 loaded 1 chars with 0 blanks and 1 valid
13.8509 	DEBUG 	TextBox2 loaded 1 chars with 0 blanks and 1 valid
13.8511 	DEBUG 	Uploading Texture Font fontname to graphics card
13.8535 	DEBUG 	Upload of Texture Font fontname complete
13.8669 	WARNING 	launchHubServer: If using the iohub mouse or eyetracker devices, fullScr should be True.
15.9881 	INFO 	keyboard.Keyboard is using iohub backend.
15.9881 	INFO 	keyboard.Keyboard is using iohub backend.
15.9881 	INFO 	keyboard.Keyboard is using iohub backend.
15.9882 	INFO 	keyboard.Keyboard is using iohub backend.
15.9882 	INFO 	keyboard.Keyboard is using iohub backend.
15.9882 	EXP 	resting_state_demo: status = STARTED
16.0187 	EXP 	Created text_welcome = TextStim(__class__=<class 'psychopy.visual.text.TextStim'>, alignHoriz=method-wrapper(...), alignText='center', alignVert=method-wrapper(...), anchorHoriz='center', anchorVert='center', antialias=True, autoDraw=False, autoLog=True, bold=False, color=array([1., 1., 1.]), colorSpace='rgb', contrast=1.0, depth=0.0, draggable=False, flipHoriz=False, flipVert=False, font='Heiti SC', fontFiles=[], height=0.05, italic=False, languageStyle='LTR', name='text_welcome', opacity=1, ori=0.0, pos=array([0., 0.]), rgb=UNKNOWN, text=str(...), units='height', win=Window(...), wrapWidth=1000.0)
16.0209 	EXP 	Created text_refresh = TextStim(__class__=<class 'psychopy.visual.text.TextStim'>, alignHoriz=method-wrapper(...), alignText='center', alignVert=method-wrapper(...), anchorHoriz='center', anchorVert='center', antialias=True, autoDraw=False, autoLog=True, bold=False, color=array([1., 1., 1.]), colorSpace='rgb', contrast=1.0, depth=0.0, draggable=False, flipHoriz=False, flipVert=False, font='Arial', fontFiles=[], height=0.05, italic=False, languageStyle='LTR', name='text_refresh', opacity=1, ori=0.0, pos=array([0., 0.]), rgb=UNKNOWN, text='', units='height', win=Window(...), wrapWidth=1)
16.0257 	EXP 	Created rate_emotion_prompt = TextStim(__class__=<class 'psychopy.visual.text.TextStim'>, alignHoriz=method-wrapper(...), alignText='center', alignVert=method-wrapper(...), anchorHoriz='center', anchorVert='center', antialias=True, autoDraw=False, autoLog=True, bold=False, color=array([1., 1., 1.]), colorSpace='rgb', contrast=1.0, depth=0.0, draggable=False, flipHoriz=False, flipVert=False, font='Arial', fontFiles=[], height=0.05, italic=False, languageStyle='LTR', name='rate_emotion_prompt', opacity=1, ori=0.0, pos=array([0. , 0.2]), rgb=UNKNOWN, text=str(...), units='height', win=Window(...), wrapWidth=1)
16.0409 	DEBUG 	TextBox2 loaded 1 chars with 0 blanks and 1 valid
16.0413 	DEBUG 	TextBox2 loaded 1 chars with 0 blanks and 1 valid
16.0416 	DEBUG 	TextBox2 loaded 1 chars with 0 blanks and 1 valid
16.0421 	DEBUG 	TextBox2 loaded 1 chars with 0 blanks and 1 valid
16.0423 	DEBUG 	TextBox2 loaded 1 chars with 0 blanks and 1 valid
16.0425 	DEBUG 	TextBox2 loaded 1 chars with 0 blanks and 1 valid
16.0428 	DEBUG 	TextBox2 loaded 1 chars with 0 blanks and 1 valid
16.0432 	DEBUG 	TextBox2 loaded 1 chars with 0 blanks and 1 valid
16.0434 	DEBUG 	TextBox2 loaded 1 chars with 0 blanks and 1 valid
16.0438 	DEBUG 	TextBox2 loaded 1 chars with 0 blanks and 1 valid
16.0441 	DEBUG 	TextBox2 loaded 1 chars with 0 blanks and 1 valid
16.0445 	DEBUG 	TextBox2 loaded 1 chars with 0 blanks and 1 valid
16.0447 	DEBUG 	Uploading Texture Font fontname to graphics card
16.0471 	DEBUG 	Upload of Texture Font fontname complete
16.0503 	DEBUG 	TextBox2 loaded 1 chars with 0 blanks and 1 valid
16.0505 	DEBUG 	TextBox2 loaded 1 chars with 0 blanks and 1 valid
16.0507 	DEBUG 	Uploading Texture Font fontname to graphics card
16.0523 	DEBUG 	Upload of Texture Font fontname complete
16.0702 	DEBUG 	TextBox2 loaded 1 chars with 0 blanks and 1 valid
16.0705 	DEBUG 	TextBox2 loaded 1 chars with 0 blanks and 1 valid
16.0706 	DEBUG 	Uploading Texture Font fontname to graphics card
16.0723 	DEBUG 	Upload of Texture Font fontname complete
16.1133 	EXP 	Created slider_emotion = Slider(__class__=<class 'psychopy.visual.slider.Slider'>, autoDraw=False, autoLog=True, borderColor=None, color=None, colorSpace='rgb', depth=-1, fillColor=None, flip=False, font='Arial', granularity=1.0, labelColor=None, labelHeight=0.035, labelWrapWidth=None, labels=list(...), lineColor=None, markerColor=None, name='slider_emotion', opacity=None, ori=0.0, pos=array([ 0. , -0.1]), readOnly=False, self=UNKNOWN, size=array([1. , 0.1]), startValue=5, style='rating', styleTweaks=[], ticks=array([1, 2, 3, 4, 5, 6, 7, 8, 9]), units='height', win=Window(...))
16.1140 	EXP 	Created text_refresh = TextStim(__class__=<class 'psychopy.visual.text.TextStim'>, alignHoriz=method-wrapper(...), alignText='center', alignVert=method-wrapper(...), anchorHoriz='center', anchorVert='center', antialias=True, autoDraw=False, autoLog=True, bold=False, color=array([1., 1., 1.]), colorSpace='rgb', contrast=1.0, depth=0.0, draggable=False, flipHoriz=False, flipVert=False, font='Arial', fontFiles=[], height=0.05, italic=False, languageStyle='LTR', name='text_refresh', opacity=1, ori=0.0, pos=array([0., 0.]), rgb=UNKNOWN, text='', units='height', win=Window(...), wrapWidth=1)
16.1166 	EXP 	Created wait4trigger_text = TextStim(__class__=<class 'psychopy.visual.text.TextStim'>, alignHoriz=method-wrapper(...), alignText='center', alignVert=method-wrapper(...), anchorHoriz='center', anchorVert='center', antialias=True, autoDraw=False, autoLog=True, bold=False, color=array([1., 1., 1.]), colorSpace='rgb', contrast=1.0, depth=0.0, draggable=False, flipHoriz=False, flipVert=False, font='Arial', fontFiles=[], height=0.05, italic=False, languageStyle='LTR', name='wait4trigger_text', opacity=1, ori=0.0, pos=array([0., 0.]), rgb=UNKNOWN, text='Please wait for the scan to start.', units='height', win=Window(...), wrapWidth=1)
16.1179 	EXP 	Created fake_stimulus_text = TextStim(__class__=<class 'psychopy.visual.text.TextStim'>, alignHoriz=method-wrapper(...), alignText='center', alignVert=method-wrapper(...), anchorHoriz='center', anchorVert='center', antialias=True, autoDraw=False, autoLog=True, bold=False, color=array([1., 1., 1.]), colorSpace='rgb', contrast=1.0, depth=0.0, draggable=False, flipHoriz=False, flipVert=False, font='Arial', fontFiles=[], height=0.05, italic=False, languageStyle='LTR', name='fake_stimulus_text', opacity=1, ori=0.0, pos=array([0., 0.]), rgb=UNKNOWN, text='Please wait for the scan to start.', units='height', win=Window(...), wrapWidth=1)
16.1199 	EXP 	Created fixation = TextStim(__class__=<class 'psychopy.visual.text.TextStim'>, alignHoriz=method-wrapper(...), alignText='center', alignVert=method-wrapper(...), anchorHoriz='center', anchorVert='center', antialias=True, autoDraw=False, autoLog=True, bold=False, color=array([1., 1., 1.]), colorSpace='rgb', contrast=1.0, depth=0.0, draggable=False, flipHoriz=False, flipVert=False, font='Arial', fontFiles=[], height=0.4, italic=False, languageStyle='LTR', name='fixation', opacity=1, ori=0.0, pos=array([0., 0.]), rgb=UNKNOWN, text='+', units='height', win=Window(...), wrapWidth=1)
16.1204 	EXP 	Created text_refresh = TextStim(__class__=<class 'psychopy.visual.text.TextStim'>, alignHoriz=method-wrapper(...), alignText='center', alignVert=method-wrapper(...), anchorHoriz='center', anchorVert='center', antialias=True, autoDraw=False, autoLog=True, bold=False, color=array([1., 1., 1.]), colorSpace='rgb', contrast=1.0, depth=0.0, draggable=False, flipHoriz=False, flipVert=False, font='Arial', fontFiles=[], height=0.05, italic=False, languageStyle='LTR', name='text_refresh', opacity=1, ori=0.0, pos=array([0., 0.]), rgb=UNKNOWN, text='', units='height', win=Window(...), wrapWidth=1)
16.1237 	EXP 	Created rate_emotion_prompt = TextStim(__class__=<class 'psychopy.visual.text.TextStim'>, alignHoriz=method-wrapper(...), alignText='center', alignVert=method-wrapper(...), anchorHoriz='center', anchorVert='center', antialias=True, autoDraw=False, autoLog=True, bold=False, color=array([1., 1., 1.]), colorSpace='rgb', contrast=1.0, depth=0.0, draggable=False, flipHoriz=False, flipVert=False, font='Arial', fontFiles=[], height=0.05, italic=False, languageStyle='LTR', name='rate_emotion_prompt', opacity=1, ori=0.0, pos=array([0. , 0.2]), rgb=UNKNOWN, text=str(...), units='height', win=Window(...), wrapWidth=1)
16.1884 	EXP 	Created slider_emotion = Slider(__class__=<class 'psychopy.visual.slider.Slider'>, autoDraw=False, autoLog=True, borderColor=None, color=None, colorSpace='rgb', depth=-1, fillColor=None, flip=False, font='Arial', granularity=1.0, labelColor=None, labelHeight=0.035, labelWrapWidth=None, labels=list(...), lineColor=None, markerColor=None, name='slider_emotion', opacity=None, ori=0.0, pos=array([ 0. , -0.1]), readOnly=False, self=UNKNOWN, size=array([1. , 0.1]), startValue=5, style='rating', styleTweaks=[], ticks=array([1, 2, 3, 4, 5, 6, 7, 8, 9]), units='height', win=Window(...))
16.1891 	EXP 	Created text_refresh = TextStim(__class__=<class 'psychopy.visual.text.TextStim'>, alignHoriz=method-wrapper(...), alignText='center', alignVert=method-wrapper(...), anchorHoriz='center', anchorVert='center', antialias=True, autoDraw=False, autoLog=True, bold=False, color=array([1., 1., 1.]), colorSpace='rgb', contrast=1.0, depth=0.0, draggable=False, flipHoriz=False, flipVert=False, font='Arial', fontFiles=[], height=0.05, italic=False, languageStyle='LTR', name='text_refresh', opacity=1, ori=0.0, pos=array([0., 0.]), rgb=UNKNOWN, text='', units='height', win=Window(...), wrapWidth=1)
16.1914 	EXP 	Created main_body_questionnaire = TextStim(__class__=<class 'psychopy.visual.text.TextStim'>, alignHoriz=method-wrapper(...), alignText='center', alignVert=method-wrapper(...), anchorHoriz='center', anchorVert='center', antialias=True, autoDraw=False, autoLog=True, bold=False, color=array([1., 1., 1.]), colorSpace='rgb', contrast=1.0, depth=0.0, draggable=False, flipHoriz=False, flipVert=False, font='Arial', fontFiles=[], height=0.05, italic=False, languageStyle='LTR', name='main_body_questionnaire', opacity=1, ori=0.0, pos=array([0. , 0.3]), rgb=UNKNOWN, text='During the MRI my thoughts:', units='height', win=Window(...), wrapWidth=1)
16.1918 	EXP 	Created item_text = TextStim(__class__=<class 'psychopy.visual.text.TextStim'>, alignHoriz=method-wrapper(...), alignText='center', alignVert=method-wrapper(...), anchorHoriz='center', anchorVert='center', antialias=True, autoDraw=False, autoLog=True, bold=False, color=array([1., 1., 1.]), colorSpace='rgb', contrast=1.0, depth=-1.0, draggable=False, flipHoriz=False, flipVert=False, font='Arial', fontFiles=[], height=0.05, italic=False, languageStyle='LTR', name='item_text', opacity=1, ori=0.0, pos=array([0. , 0.1]), rgb=UNKNOWN, text='', units='height', win=Window(...), wrapWidth=1)
16.2155 	DEBUG 	TextBox2 loaded 1 chars with 0 blanks and 1 valid
16.2160 	DEBUG 	TextBox2 loaded 1 chars with 0 blanks and 1 valid
16.2164 	DEBUG 	TextBox2 loaded 1 chars with 0 blanks and 1 valid
16.2167 	DEBUG 	TextBox2 loaded 1 chars with 0 blanks and 1 valid
16.2168 	DEBUG 	Uploading Texture Font fontname to graphics card
16.2189 	DEBUG 	Upload of Texture Font fontname complete
16.2384 	DEBUG 	TextBox2 loaded 1 chars with 0 blanks and 1 valid
16.2385 	DEBUG 	Uploading Texture Font fontname to graphics card
16.2400 	DEBUG 	Upload of Texture Font fontname complete
16.2588 	EXP 	Created slider_thinking_content = Slider(__class__=<class 'psychopy.visual.slider.Slider'>, autoDraw=False, autoLog=True, borderColor=None, color=None, colorSpace='rgb', depth=-2, fillColor=None, flip=False, font='Arial', granularity=1.0, labelColor=None, labelHeight=0.035, labelWrapWidth=None, labels=list(...), lineColor=None, markerColor=None, name='slider_thinking_content', opacity=None, ori=0.0, pos=array([ 0. , -0.1]), readOnly=False, self=UNKNOWN, size=array([1. , 0.1]), startValue=5, style='rating', styleTweaks=[], ticks=array([1, 2, 3, 4, 5, 6, 7, 8, 9]), units='height', win=Window(...))
16.2594 	EXP 	Created text_refresh = TextStim(__class__=<class 'psychopy.visual.text.TextStim'>, alignHoriz=method-wrapper(...), alignText='center', alignVert=method-wrapper(...), anchorHoriz='center', anchorVert='center', antialias=True, autoDraw=False, autoLog=True, bold=False, color=array([1., 1., 1.]), colorSpace='rgb', contrast=1.0, depth=0.0, draggable=False, flipHoriz=False, flipVert=False, font='Arial', fontFiles=[], height=0.05, italic=False, languageStyle='LTR', name='text_refresh', opacity=1, ori=0.0, pos=array([0., 0.]), rgb=UNKNOWN, text='', units='height', win=Window(...), wrapWidth=1)
16.2648 	EXP 	Created goodbye_text = TextStim(__class__=<class 'psychopy.visual.text.TextStim'>, alignHoriz=method-wrapper(...), alignText='center', alignVert=method-wrapper(...), anchorHoriz='center', anchorVert='center', antialias=True, autoDraw=False, autoLog=True, bold=False, color=array([1., 1., 1.]), colorSpace='rgb', contrast=1.0, depth=0.0, draggable=False, flipHoriz=False, flipVert=False, font='Arial', fontFiles=[], height=0.05, italic=False, languageStyle='LTR', name='goodbye_text', opacity=1, ori=0.0, pos=array([0., 0.]), rgb=UNKNOWN, text=str(...), units='height', win=Window(...), wrapWidth=1)
0.0062 	EXP 	slider_emotion: autoLog = True
0.0062 	EXP 	slider_emotion: styleTweaks = []
0.0062 	EXP 	slider_emotion: styleTweaks = []
0.0062 	EXP 	slider_emotion: styleTweaks = []
0.0062 	EXP 	slider_emotion: styleTweaks = []
0.0062 	EXP 	slider_emotion: contrast = 1.0
0.0062 	EXP 	slider_emotion: markerPos = 5
0.0062 	EXP 	slider_emotion: autoLog = True
0.0062 	EXP 	slider_emotion: autoLog = True
0.0062 	EXP 	slider_emotion: styleTweaks = []
0.0062 	EXP 	slider_emotion: styleTweaks = []
0.0062 	EXP 	slider_emotion: styleTweaks = []
0.0062 	EXP 	slider_emotion: styleTweaks = []
0.0062 	EXP 	slider_emotion: contrast = 1.0
0.0062 	EXP 	slider_emotion: markerPos = 5
0.0062 	EXP 	slider_emotion: autoLog = True
0.0062 	EXP 	slider_thinking_content: autoLog = True
0.0062 	EXP 	slider_thinking_content: styleTweaks = []
0.0062 	EXP 	slider_thinking_content: styleTweaks = []
0.0062 	EXP 	slider_thinking_content: styleTweaks = []
0.0062 	EXP 	slider_thinking_content: styleTweaks = []
0.0062 	EXP 	slider_thinking_content: contrast = 1.0
0.0062 	EXP 	slider_thinking_content: markerPos = 5
0.0062 	EXP 	slider_thinking_content: autoLog = True
0.0155 	INFO 	Keyboard events cleared
0.0153 	EXP 	text_welcome: autoDraw = True
12.8941 	WARNING 	t of last frame was 20.34ms (=1/49)
12.9138 	DATA 	Keypress: escape
12.9163 	WARNING 	t of last frame was 22.11ms (=1/45)
12.9589 	EXP 	resting_state_demo: status = STOPPED
12.9606 	EXP 	text_welcome: autoDraw = False
12.9616 	EXP 	resting_state_demo: status = STOPPED
12.9632 	INFO 	saved data to '/Users/Chenxiao/Documents/project_codes/RST_Chinese_beta/data/999_resting_state_demo_2025-06-10_16h56.30.148.csv'
12.9634 	INFO 	saved data to /Users/Chenxiao/Documents/project_codes/RST_Chinese_beta/data/999_resting_state_demo_2025-06-10_16h56.30.148.psydat
13.2479 	DEBUG 	Saving data for resting_state_demo ExperimentHandler
