10.5476 	WARNING 	Font Manager failed to load file /System/Library/PrivateFrameworks/FontServices.framework/Resources/Reserved/PingFangUI.ttc
12.0193 	DEBUG 	Fullscreen settings ignored as running in pilot mode.
12.0203 	INFO 	Loaded monitor calibration from ['2022_04_19 09:31']
12.0207 	WARNING 	This monitor has not been color-calibrated. Using default DKL conversion matrix.
12.1101 	WARNING 	This monitor has not been color-calibrated. Using default DKL conversion matrix.
12.1103 	WARNING 	This monitor has not been color-calibrated. Using default DKL conversion matrix.
12.1654 	EXP 	Created window1 = Window(allowGUI=False, allowStencil=False, autoLog=True, backendConf=UNKNOWN, backgroundFit=<method-wrapper '__getattribute__' of attributeSetter object at 0x17ec23df0>, backgroundImage=<method-wrapper '__getattribute__' of attributeSetter object at 0x17ec23d90>, bitsMode=UNKNOWN, blendMode='avg', bpc=(8, 8, 8), color=array([0, 0, 0]), colorSpace='dkl', depthBits=8, fullscr=False, gamma=None, gammaErrorPolicy='raise', infoMsg=UNKNOWN, lms=UNKNOWN, monitor=<psychopy.monitors.calibTools.Monitor object at 0x17ecc86a0>, multiSample=False, name='window1', numSamples=2, pos=[560.0, 240.0], screen=0, size=array([1600, 1200]), stencilBits=0, stereo=False, title='PsychoPy', units='height', useFBO=True, useRetina=True, viewOri=0.0, viewPos=None, viewScale=None, waitBlanking=True, winType='pyglet')
12.1654 	EXP 	window1: backgroundImage = ''
12.1654 	EXP 	window1: backgroundFit = 'none'
12.1725 	DEBUG 	TextBox2 loaded 1 chars with 0 blanks and 1 valid
12.1730 	DEBUG 	TextBox2 loaded 1 chars with 0 blanks and 1 valid
12.1734 	DEBUG 	TextBox2 loaded 1 chars with 0 blanks and 1 valid
12.1739 	DEBUG 	TextBox2 loaded 1 chars with 0 blanks and 1 valid
12.1744 	DEBUG 	TextBox2 loaded 1 chars with 0 blanks and 1 valid
12.1746 	DEBUG 	TextBox2 loaded 1 chars with 0 blanks and 1 valid
12.1751 	DEBUG 	TextBox2 loaded 1 chars with 0 blanks and 1 valid
12.1756 	DEBUG 	TextBox2 loaded 1 chars with 0 blanks and 1 valid
12.1757 	DEBUG 	TextBox2 loaded 1 chars with 0 blanks and 1 valid
12.1759 	DEBUG 	TextBox2 loaded 1 chars with 0 blanks and 1 valid
12.1763 	DEBUG 	TextBox2 loaded 1 chars with 0 blanks and 1 valid
12.1767 	DEBUG 	TextBox2 loaded 1 chars with 0 blanks and 1 valid
12.1771 	DEBUG 	TextBox2 loaded 1 chars with 0 blanks and 1 valid
12.1774 	DEBUG 	TextBox2 loaded 1 chars with 0 blanks and 1 valid
12.1777 	DEBUG 	TextBox2 loaded 1 chars with 0 blanks and 1 valid
12.1782 	DEBUG 	TextBox2 loaded 1 chars with 0 blanks and 1 valid
12.1786 	DEBUG 	TextBox2 loaded 1 chars with 0 blanks and 1 valid
12.1788 	DEBUG 	TextBox2 loaded 1 chars with 0 blanks and 1 valid
12.1790 	DEBUG 	TextBox2 loaded 1 chars with 0 blanks and 1 valid
12.1796 	DEBUG 	TextBox2 loaded 1 chars with 0 blanks and 1 valid
12.1798 	DEBUG 	TextBox2 loaded 1 chars with 0 blanks and 1 valid
12.1801 	DEBUG 	Uploading Texture Font fontname to graphics card
12.1833 	DEBUG 	Upload of Texture Font fontname complete
12.1875 	DEBUG 	TextBox2 loaded 1 chars with 0 blanks and 1 valid
12.1883 	DEBUG 	TextBox2 loaded 1 chars with 0 blanks and 1 valid
12.1891 	DEBUG 	TextBox2 loaded 1 chars with 0 blanks and 1 valid
12.1893 	DEBUG 	Uploading Texture Font fontname to graphics card
12.1907 	DEBUG 	Upload of Texture Font fontname complete
12.1919 	EXP 	window1: Attempting to measure frame rate of screen (0) ...
12.1919 	EXP 	window1: recordFrameIntervals = False
12.3105 	EXP 	window1: recordFrameIntervals = True
13.1440 	WARNING 	Couldn't measure a consistent frame rate!
  - Is your graphics card set to sync to vertical blank?
  - Are you running other processes on your computer?

13.1517 	DEBUG 	TextBox2 loaded 1 chars with 0 blanks and 1 valid
13.1522 	DEBUG 	TextBox2 loaded 1 chars with 0 blanks and 1 valid
13.1531 	DEBUG 	TextBox2 loaded 1 chars with 0 blanks and 1 valid
13.1543 	DEBUG 	TextBox2 loaded 1 chars with 0 blanks and 1 valid
13.1554 	DEBUG 	TextBox2 loaded 1 chars with 0 blanks and 1 valid
13.1565 	DEBUG 	TextBox2 loaded 1 chars with 0 blanks and 1 valid
13.1569 	DEBUG 	TextBox2 loaded 1 chars with 0 blanks and 1 valid
13.1578 	DEBUG 	TextBox2 loaded 1 chars with 0 blanks and 1 valid
13.1587 	DEBUG 	TextBox2 loaded 1 chars with 0 blanks and 1 valid
13.1596 	DEBUG 	TextBox2 loaded 1 chars with 0 blanks and 1 valid
13.1599 	DEBUG 	Uploading Texture Font fontname to graphics card
13.1632 	DEBUG 	Upload of Texture Font fontname complete
13.1779 	WARNING 	launchHubServer: If using the iohub mouse or eyetracker devices, fullScr should be True.
15.0696 	INFO 	keyboard.Keyboard is using iohub backend.
15.0696 	INFO 	keyboard.Keyboard is using iohub backend.
15.0696 	INFO 	keyboard.Keyboard is using iohub backend.
15.0696 	INFO 	keyboard.Keyboard is using iohub backend.
15.0696 	INFO 	keyboard.Keyboard is using iohub backend.
15.0697 	EXP 	resting_state_demo: status = STARTED
15.1087 	EXP 	Created text_welcome = TextStim(__class__=<class 'psychopy.visual.text.TextStim'>, alignHoriz=method-wrapper(...), alignText='center', alignVert=method-wrapper(...), anchorHoriz='center', anchorVert='center', antialias=True, autoDraw=False, autoLog=True, bold=False, color=array([1., 1., 1.]), colorSpace='rgb', contrast=1.0, depth=0.0, draggable=False, flipHoriz=False, flipVert=False, font='Heiti SC', fontFiles=[], height=0.06, italic=False, languageStyle='LTR', name='text_welcome', opacity=1, ori=0.0, pos=array([-0.2,  0. ]), rgb=UNKNOWN, text=str(...), units='height', win=Window(...), wrapWidth=0.2)
15.1106 	EXP 	Created text_refresh = TextStim(__class__=<class 'psychopy.visual.text.TextStim'>, alignHoriz=method-wrapper(...), alignText='center', alignVert=method-wrapper(...), anchorHoriz='center', anchorVert='center', antialias=True, autoDraw=False, autoLog=True, bold=False, color=array([1., 1., 1.]), colorSpace='rgb', contrast=1.0, depth=0.0, draggable=False, flipHoriz=False, flipVert=False, font='Arial', fontFiles=[], height=0.05, italic=False, languageStyle='LTR', name='text_refresh', opacity=1, ori=0.0, pos=array([0., 0.]), rgb=UNKNOWN, text='', units='height', win=Window(...), wrapWidth=1)
15.1173 	EXP 	Created rate_emotion_prompt = TextStim(__class__=<class 'psychopy.visual.text.TextStim'>, alignHoriz=method-wrapper(...), alignText='center', alignVert=method-wrapper(...), anchorHoriz='center', anchorVert='center', antialias=True, autoDraw=False, autoLog=True, bold=False, color=array([1., 1., 1.]), colorSpace='rgb', contrast=1.0, depth=0.0, draggable=False, flipHoriz=False, flipVert=False, font='Arial', fontFiles=[], height=0.05, italic=False, languageStyle='LTR', name='rate_emotion_prompt', opacity=1, ori=0.0, pos=array([0. , 0.2]), rgb=UNKNOWN, text=str(...), units='height', win=Window(...), wrapWidth=1)
15.1301 	DEBUG 	TextBox2 loaded 1 chars with 0 blanks and 1 valid
15.1305 	DEBUG 	TextBox2 loaded 1 chars with 0 blanks and 1 valid
15.1308 	DEBUG 	TextBox2 loaded 1 chars with 0 blanks and 1 valid
15.1311 	DEBUG 	TextBox2 loaded 1 chars with 0 blanks and 1 valid
15.1313 	DEBUG 	TextBox2 loaded 1 chars with 0 blanks and 1 valid
15.1315 	DEBUG 	TextBox2 loaded 1 chars with 0 blanks and 1 valid
15.1318 	DEBUG 	TextBox2 loaded 1 chars with 0 blanks and 1 valid
15.1321 	DEBUG 	TextBox2 loaded 1 chars with 0 blanks and 1 valid
15.1324 	DEBUG 	TextBox2 loaded 1 chars with 0 blanks and 1 valid
15.1327 	DEBUG 	TextBox2 loaded 1 chars with 0 blanks and 1 valid
15.1330 	DEBUG 	TextBox2 loaded 1 chars with 0 blanks and 1 valid
15.1334 	DEBUG 	TextBox2 loaded 1 chars with 0 blanks and 1 valid
15.1336 	DEBUG 	Uploading Texture Font fontname to graphics card
15.1356 	DEBUG 	Upload of Texture Font fontname complete
15.1385 	DEBUG 	TextBox2 loaded 1 chars with 0 blanks and 1 valid
15.1388 	DEBUG 	TextBox2 loaded 1 chars with 0 blanks and 1 valid
15.1389 	DEBUG 	Uploading Texture Font fontname to graphics card
15.1405 	DEBUG 	Upload of Texture Font fontname complete
15.1572 	DEBUG 	TextBox2 loaded 1 chars with 0 blanks and 1 valid
15.1575 	DEBUG 	TextBox2 loaded 1 chars with 0 blanks and 1 valid
15.1575 	DEBUG 	Uploading Texture Font fontname to graphics card
15.1591 	DEBUG 	Upload of Texture Font fontname complete
15.1976 	EXP 	Created slider_emotion = Slider(__class__=<class 'psychopy.visual.slider.Slider'>, autoDraw=False, autoLog=True, borderColor=None, color=None, colorSpace='rgb', depth=-1, fillColor=None, flip=False, font='Arial', granularity=1.0, labelColor=None, labelHeight=0.035, labelWrapWidth=None, labels=list(...), lineColor=None, markerColor=None, name='slider_emotion', opacity=None, ori=0.0, pos=array([ 0. , -0.1]), readOnly=False, self=UNKNOWN, size=array([1. , 0.1]), startValue=5, style='rating', styleTweaks=[], ticks=array([1, 2, 3, 4, 5, 6, 7, 8, 9]), units='height', win=Window(...))
15.1986 	EXP 	Created text_refresh = TextStim(__class__=<class 'psychopy.visual.text.TextStim'>, alignHoriz=method-wrapper(...), alignText='center', alignVert=method-wrapper(...), anchorHoriz='center', anchorVert='center', antialias=True, autoDraw=False, autoLog=True, bold=False, color=array([1., 1., 1.]), colorSpace='rgb', contrast=1.0, depth=0.0, draggable=False, flipHoriz=False, flipVert=False, font='Arial', fontFiles=[], height=0.05, italic=False, languageStyle='LTR', name='text_refresh', opacity=1, ori=0.0, pos=array([0., 0.]), rgb=UNKNOWN, text='', units='height', win=Window(...), wrapWidth=1)
15.2007 	EXP 	Created wait4trigger_text = TextStim(__class__=<class 'psychopy.visual.text.TextStim'>, alignHoriz=method-wrapper(...), alignText='center', alignVert=method-wrapper(...), anchorHoriz='center', anchorVert='center', antialias=True, autoDraw=False, autoLog=True, bold=False, color=array([1., 1., 1.]), colorSpace='rgb', contrast=1.0, depth=0.0, draggable=False, flipHoriz=False, flipVert=False, font='Arial', fontFiles=[], height=0.05, italic=False, languageStyle='LTR', name='wait4trigger_text', opacity=1, ori=0.0, pos=array([0., 0.]), rgb=UNKNOWN, text='Please wait for the scan to start.', units='height', win=Window(...), wrapWidth=1)
15.2019 	EXP 	Created fake_stimulus_text = TextStim(__class__=<class 'psychopy.visual.text.TextStim'>, alignHoriz=method-wrapper(...), alignText='center', alignVert=method-wrapper(...), anchorHoriz='center', anchorVert='center', antialias=True, autoDraw=False, autoLog=True, bold=False, color=array([1., 1., 1.]), colorSpace='rgb', contrast=1.0, depth=0.0, draggable=False, flipHoriz=False, flipVert=False, font='Arial', fontFiles=[], height=0.05, italic=False, languageStyle='LTR', name='fake_stimulus_text', opacity=1, ori=0.0, pos=array([0., 0.]), rgb=UNKNOWN, text='Please wait for the scan to start.', units='height', win=Window(...), wrapWidth=1)
15.2035 	EXP 	Created fixation = TextStim(__class__=<class 'psychopy.visual.text.TextStim'>, alignHoriz=method-wrapper(...), alignText='center', alignVert=method-wrapper(...), anchorHoriz='center', anchorVert='center', antialias=True, autoDraw=False, autoLog=True, bold=False, color=array([1., 1., 1.]), colorSpace='rgb', contrast=1.0, depth=0.0, draggable=False, flipHoriz=False, flipVert=False, font='Arial', fontFiles=[], height=0.4, italic=False, languageStyle='LTR', name='fixation', opacity=1, ori=0.0, pos=array([0., 0.]), rgb=UNKNOWN, text='+', units='height', win=Window(...), wrapWidth=1)
15.2040 	EXP 	Created text_refresh = TextStim(__class__=<class 'psychopy.visual.text.TextStim'>, alignHoriz=method-wrapper(...), alignText='center', alignVert=method-wrapper(...), anchorHoriz='center', anchorVert='center', antialias=True, autoDraw=False, autoLog=True, bold=False, color=array([1., 1., 1.]), colorSpace='rgb', contrast=1.0, depth=0.0, draggable=False, flipHoriz=False, flipVert=False, font='Arial', fontFiles=[], height=0.05, italic=False, languageStyle='LTR', name='text_refresh', opacity=1, ori=0.0, pos=array([0., 0.]), rgb=UNKNOWN, text='', units='height', win=Window(...), wrapWidth=1)
15.2068 	EXP 	Created rate_emotion_prompt = TextStim(__class__=<class 'psychopy.visual.text.TextStim'>, alignHoriz=method-wrapper(...), alignText='center', alignVert=method-wrapper(...), anchorHoriz='center', anchorVert='center', antialias=True, autoDraw=False, autoLog=True, bold=False, color=array([1., 1., 1.]), colorSpace='rgb', contrast=1.0, depth=0.0, draggable=False, flipHoriz=False, flipVert=False, font='Arial', fontFiles=[], height=0.05, italic=False, languageStyle='LTR', name='rate_emotion_prompt', opacity=1, ori=0.0, pos=array([0. , 0.2]), rgb=UNKNOWN, text=str(...), units='height', win=Window(...), wrapWidth=1)
15.2666 	EXP 	Created slider_emotion = Slider(__class__=<class 'psychopy.visual.slider.Slider'>, autoDraw=False, autoLog=True, borderColor=None, color=None, colorSpace='rgb', depth=-1, fillColor=None, flip=False, font='Arial', granularity=1.0, labelColor=None, labelHeight=0.035, labelWrapWidth=None, labels=list(...), lineColor=None, markerColor=None, name='slider_emotion', opacity=None, ori=0.0, pos=array([ 0. , -0.1]), readOnly=False, self=UNKNOWN, size=array([1. , 0.1]), startValue=5, style='rating', styleTweaks=[], ticks=array([1, 2, 3, 4, 5, 6, 7, 8, 9]), units='height', win=Window(...))
15.2672 	EXP 	Created text_refresh = TextStim(__class__=<class 'psychopy.visual.text.TextStim'>, alignHoriz=method-wrapper(...), alignText='center', alignVert=method-wrapper(...), anchorHoriz='center', anchorVert='center', antialias=True, autoDraw=False, autoLog=True, bold=False, color=array([1., 1., 1.]), colorSpace='rgb', contrast=1.0, depth=0.0, draggable=False, flipHoriz=False, flipVert=False, font='Arial', fontFiles=[], height=0.05, italic=False, languageStyle='LTR', name='text_refresh', opacity=1, ori=0.0, pos=array([0., 0.]), rgb=UNKNOWN, text='', units='height', win=Window(...), wrapWidth=1)
15.2696 	EXP 	Created main_body_questionnaire = TextStim(__class__=<class 'psychopy.visual.text.TextStim'>, alignHoriz=method-wrapper(...), alignText='center', alignVert=method-wrapper(...), anchorHoriz='center', anchorVert='center', antialias=True, autoDraw=False, autoLog=True, bold=False, color=array([1., 1., 1.]), colorSpace='rgb', contrast=1.0, depth=0.0, draggable=False, flipHoriz=False, flipVert=False, font='Arial', fontFiles=[], height=0.05, italic=False, languageStyle='LTR', name='main_body_questionnaire', opacity=1, ori=0.0, pos=array([0. , 0.3]), rgb=UNKNOWN, text='During the MRI my thoughts:', units='height', win=Window(...), wrapWidth=1)
15.2699 	EXP 	Created item_text = TextStim(__class__=<class 'psychopy.visual.text.TextStim'>, alignHoriz=method-wrapper(...), alignText='center', alignVert=method-wrapper(...), anchorHoriz='center', anchorVert='center', antialias=True, autoDraw=False, autoLog=True, bold=False, color=array([1., 1., 1.]), colorSpace='rgb', contrast=1.0, depth=-1.0, draggable=False, flipHoriz=False, flipVert=False, font='Arial', fontFiles=[], height=0.05, italic=False, languageStyle='LTR', name='item_text', opacity=1, ori=0.0, pos=array([0. , 0.1]), rgb=UNKNOWN, text='', units='height', win=Window(...), wrapWidth=1)
15.2926 	DEBUG 	TextBox2 loaded 1 chars with 0 blanks and 1 valid
15.2930 	DEBUG 	TextBox2 loaded 1 chars with 0 blanks and 1 valid
15.2934 	DEBUG 	TextBox2 loaded 1 chars with 0 blanks and 1 valid
15.2937 	DEBUG 	TextBox2 loaded 1 chars with 0 blanks and 1 valid
15.2939 	DEBUG 	Uploading Texture Font fontname to graphics card
15.2954 	DEBUG 	Upload of Texture Font fontname complete
15.3150 	DEBUG 	TextBox2 loaded 1 chars with 0 blanks and 1 valid
15.3151 	DEBUG 	Uploading Texture Font fontname to graphics card
15.3165 	DEBUG 	Upload of Texture Font fontname complete
15.3350 	EXP 	Created slider_thinking_content = Slider(__class__=<class 'psychopy.visual.slider.Slider'>, autoDraw=False, autoLog=True, borderColor=None, color=None, colorSpace='rgb', depth=-2, fillColor=None, flip=False, font='Arial', granularity=1.0, labelColor=None, labelHeight=0.035, labelWrapWidth=None, labels=list(...), lineColor=None, markerColor=None, name='slider_thinking_content', opacity=None, ori=0.0, pos=array([ 0. , -0.1]), readOnly=False, self=UNKNOWN, size=array([1. , 0.1]), startValue=5, style='rating', styleTweaks=[], ticks=array([1, 2, 3, 4, 5, 6, 7, 8, 9]), units='height', win=Window(...))
15.3356 	EXP 	Created text_refresh = TextStim(__class__=<class 'psychopy.visual.text.TextStim'>, alignHoriz=method-wrapper(...), alignText='center', alignVert=method-wrapper(...), anchorHoriz='center', anchorVert='center', antialias=True, autoDraw=False, autoLog=True, bold=False, color=array([1., 1., 1.]), colorSpace='rgb', contrast=1.0, depth=0.0, draggable=False, flipHoriz=False, flipVert=False, font='Arial', fontFiles=[], height=0.05, italic=False, languageStyle='LTR', name='text_refresh', opacity=1, ori=0.0, pos=array([0., 0.]), rgb=UNKNOWN, text='', units='height', win=Window(...), wrapWidth=1)
15.3394 	EXP 	Created goodbye_text = TextStim(__class__=<class 'psychopy.visual.text.TextStim'>, alignHoriz=method-wrapper(...), alignText='center', alignVert=method-wrapper(...), anchorHoriz='center', anchorVert='center', antialias=True, autoDraw=False, autoLog=True, bold=False, color=array([1., 1., 1.]), colorSpace='rgb', contrast=1.0, depth=0.0, draggable=False, flipHoriz=False, flipVert=False, font='Arial', fontFiles=[], height=0.05, italic=False, languageStyle='LTR', name='goodbye_text', opacity=1, ori=0.0, pos=array([0., 0.]), rgb=UNKNOWN, text=str(...), units='height', win=Window(...), wrapWidth=1)
0.0068 	EXP 	slider_emotion: autoLog = True
0.0068 	EXP 	slider_emotion: styleTweaks = []
0.0068 	EXP 	slider_emotion: styleTweaks = []
0.0068 	EXP 	slider_emotion: styleTweaks = []
0.0068 	EXP 	slider_emotion: styleTweaks = []
0.0068 	EXP 	slider_emotion: contrast = 1.0
0.0068 	EXP 	slider_emotion: markerPos = 5
0.0068 	EXP 	slider_emotion: autoLog = True
0.0068 	EXP 	slider_emotion: autoLog = True
0.0068 	EXP 	slider_emotion: styleTweaks = []
0.0068 	EXP 	slider_emotion: styleTweaks = []
0.0068 	EXP 	slider_emotion: styleTweaks = []
0.0068 	EXP 	slider_emotion: styleTweaks = []
0.0068 	EXP 	slider_emotion: contrast = 1.0
0.0068 	EXP 	slider_emotion: markerPos = 5
0.0068 	EXP 	slider_emotion: autoLog = True
0.0068 	EXP 	slider_thinking_content: autoLog = True
0.0068 	EXP 	slider_thinking_content: styleTweaks = []
0.0068 	EXP 	slider_thinking_content: styleTweaks = []
0.0068 	EXP 	slider_thinking_content: styleTweaks = []
0.0068 	EXP 	slider_thinking_content: styleTweaks = []
0.0068 	EXP 	slider_thinking_content: contrast = 1.0
0.0068 	EXP 	slider_thinking_content: markerPos = 5
0.0068 	EXP 	slider_thinking_content: autoLog = True
0.0159 	INFO 	Keyboard events cleared
0.0157 	EXP 	text_welcome: autoDraw = True
5.9074 	DATA 	Keypress: escape
5.9101 	WARNING 	t of last frame was 33.47ms (=1/29)
5.9737 	EXP 	resting_state_demo: status = STOPPED
5.9761 	EXP 	text_welcome: autoDraw = False
5.9773 	EXP 	resting_state_demo: status = STOPPED
5.9793 	INFO 	saved data to '/Users/Chenxiao/Documents/project_codes/RST_Chinese_beta/data/999_resting_state_demo_2025-06-11_15h25.42.938.csv'
5.9795 	INFO 	saved data to /Users/Chenxiao/Documents/project_codes/RST_Chinese_beta/data/999_resting_state_demo_2025-06-11_15h25.42.938.psydat
6.4601 	DEBUG 	Saving data for resting_state_demo ExperimentHandler
