10.6066 	WARNING 	Font Manager failed to load file /System/Library/PrivateFrameworks/FontServices.framework/Resources/Reserved/PingFangUI.ttc
12.1353 	DEBUG 	Fullscreen settings ignored as running in pilot mode.
12.1363 	INFO 	Loaded monitor calibration from ['2022_04_19 09:31']
12.1366 	WARNING 	This monitor has not been color-calibrated. Using default DKL conversion matrix.
12.2245 	WARNING 	This monitor has not been color-calibrated. Using default DKL conversion matrix.
12.2247 	WARNING 	This monitor has not been color-calibrated. Using default DKL conversion matrix.
12.2788 	EXP 	Created window1 = Window(allowGUI=False, allowStencil=False, autoLog=True, backendConf=UNKNOWN, backgroundFit=<method-wrapper '__getattribute__' of attributeSetter object at 0x18020eb60>, backgroundImage=<method-wrapper '__getattribute__' of attributeSetter object at 0x18020ecb0>, bitsMode=UNKNOWN, blendMode='avg', bpc=(8, 8, 8), color=array([0, 0, 0]), colorSpace='dkl', depthBits=8, fullscr=False, gamma=None, gammaErrorPolicy='raise', infoMsg=UNKNOWN, lms=UNKNOWN, monitor=<psychopy.monitors.calibTools.Monitor object at 0x1801be9b0>, multiSample=False, name='window1', numSamples=2, pos=[560.0, 240.0], screen=0, size=array([1600, 1200]), stencilBits=0, stereo=False, title='PsychoPy', units='height', useFBO=True, useRetina=True, viewOri=0.0, viewPos=None, viewScale=None, waitBlanking=True, winType='pyglet')
12.2788 	EXP 	window1: backgroundImage = ''
12.2788 	EXP 	window1: backgroundFit = 'none'
12.2858 	DEBUG 	TextBox2 loaded 1 chars with 0 blanks and 1 valid
12.2862 	DEBUG 	TextBox2 loaded 1 chars with 0 blanks and 1 valid
12.2867 	DEBUG 	TextBox2 loaded 1 chars with 0 blanks and 1 valid
12.2872 	DEBUG 	TextBox2 loaded 1 chars with 0 blanks and 1 valid
12.2878 	DEBUG 	TextBox2 loaded 1 chars with 0 blanks and 1 valid
12.2880 	DEBUG 	TextBox2 loaded 1 chars with 0 blanks and 1 valid
12.2884 	DEBUG 	TextBox2 loaded 1 chars with 0 blanks and 1 valid
12.2889 	DEBUG 	TextBox2 loaded 1 chars with 0 blanks and 1 valid
12.2890 	DEBUG 	TextBox2 loaded 1 chars with 0 blanks and 1 valid
12.2892 	DEBUG 	TextBox2 loaded 1 chars with 0 blanks and 1 valid
12.2896 	DEBUG 	TextBox2 loaded 1 chars with 0 blanks and 1 valid
12.2900 	DEBUG 	TextBox2 loaded 1 chars with 0 blanks and 1 valid
12.2904 	DEBUG 	TextBox2 loaded 1 chars with 0 blanks and 1 valid
12.2908 	DEBUG 	TextBox2 loaded 1 chars with 0 blanks and 1 valid
12.2911 	DEBUG 	TextBox2 loaded 1 chars with 0 blanks and 1 valid
12.2916 	DEBUG 	TextBox2 loaded 1 chars with 0 blanks and 1 valid
12.2919 	DEBUG 	TextBox2 loaded 1 chars with 0 blanks and 1 valid
12.2922 	DEBUG 	TextBox2 loaded 1 chars with 0 blanks and 1 valid
12.2924 	DEBUG 	TextBox2 loaded 1 chars with 0 blanks and 1 valid
12.2929 	DEBUG 	TextBox2 loaded 1 chars with 0 blanks and 1 valid
12.2932 	DEBUG 	TextBox2 loaded 1 chars with 0 blanks and 1 valid
12.2934 	DEBUG 	Uploading Texture Font fontname to graphics card
12.2965 	DEBUG 	Upload of Texture Font fontname complete
12.3007 	DEBUG 	TextBox2 loaded 1 chars with 0 blanks and 1 valid
12.3015 	DEBUG 	TextBox2 loaded 1 chars with 0 blanks and 1 valid
12.3024 	DEBUG 	TextBox2 loaded 1 chars with 0 blanks and 1 valid
12.3025 	DEBUG 	Uploading Texture Font fontname to graphics card
12.3040 	DEBUG 	Upload of Texture Font fontname complete
12.3051 	EXP 	window1: Attempting to measure frame rate of screen (0) ...
12.3052 	EXP 	window1: recordFrameIntervals = False
12.4235 	EXP 	window1: recordFrameIntervals = True
13.3275 	WARNING 	Couldn't measure a consistent frame rate!
  - Is your graphics card set to sync to vertical blank?
  - Are you running other processes on your computer?

13.3346 	DEBUG 	TextBox2 loaded 1 chars with 0 blanks and 1 valid
13.3350 	DEBUG 	TextBox2 loaded 1 chars with 0 blanks and 1 valid
13.3358 	DEBUG 	TextBox2 loaded 1 chars with 0 blanks and 1 valid
13.3369 	DEBUG 	TextBox2 loaded 1 chars with 0 blanks and 1 valid
13.3377 	DEBUG 	TextBox2 loaded 1 chars with 0 blanks and 1 valid
13.3386 	DEBUG 	TextBox2 loaded 1 chars with 0 blanks and 1 valid
13.3390 	DEBUG 	TextBox2 loaded 1 chars with 0 blanks and 1 valid
13.3397 	DEBUG 	TextBox2 loaded 1 chars with 0 blanks and 1 valid
13.3406 	DEBUG 	TextBox2 loaded 1 chars with 0 blanks and 1 valid
13.3414 	DEBUG 	TextBox2 loaded 1 chars with 0 blanks and 1 valid
13.3416 	DEBUG 	Uploading Texture Font fontname to graphics card
13.3444 	DEBUG 	Upload of Texture Font fontname complete
13.3579 	WARNING 	launchHubServer: If using the iohub mouse or eyetracker devices, fullScr should be True.
15.5220 	INFO 	keyboard.Keyboard is using iohub backend.
15.5221 	INFO 	keyboard.Keyboard is using iohub backend.
15.5221 	INFO 	keyboard.Keyboard is using iohub backend.
15.5221 	INFO 	keyboard.Keyboard is using iohub backend.
15.5221 	INFO 	keyboard.Keyboard is using iohub backend.
15.5221 	INFO 	keyboard.Keyboard is using iohub backend.
15.5221 	INFO 	keyboard.Keyboard is using iohub backend.
15.5221 	INFO 	keyboard.Keyboard is using iohub backend.
15.5222 	EXP 	resting_state_demo: status = STARTED
15.5900 	EXP 	Created image_welcome = ImageStim(__class__=<class 'psychopy.visual.image.ImageStim'>, anchor=('center', 'center'), autoLog=True, color=array([1., 1., 1.]), colorSpace='rgb', contrast=1.0, depth=0.0, draggable=False, flipHoriz=False, flipVert=False, image='stimuli/welcome.png', interpolate=True, mask=None, maskParams=None, name='image_welcome', opacity=1, ori=0.0, pos=array([0., 0.]), size=array([1.1  , 0.825]), texRes=128.0, units='height', win=Window(...))
15.6024 	EXP 	Created text_refresh = TextStim(__class__=<class 'psychopy.visual.text.TextStim'>, alignHoriz=method-wrapper(...), alignText='center', alignVert=method-wrapper(...), anchorHoriz='center', anchorVert='center', antialias=True, autoDraw=False, autoLog=True, bold=False, color=array([1., 1., 1.]), colorSpace='rgb', contrast=1.0, depth=0.0, draggable=False, flipHoriz=False, flipVert=False, font='Arial', fontFiles=[], height=0.05, italic=False, languageStyle='LTR', name='text_refresh', opacity=1, ori=0.0, pos=array([0., 0.]), rgb=UNKNOWN, text='', units='height', win=Window(...), wrapWidth=1)
15.6172 	EXP 	Created rate_emotion_prompt = TextStim(__class__=<class 'psychopy.visual.text.TextStim'>, alignHoriz=method-wrapper(...), alignText='center', alignVert=method-wrapper(...), anchorHoriz='center', anchorVert='center', antialias=True, autoDraw=False, autoLog=True, bold=False, color=array([1., 1., 1.]), colorSpace='rgb', contrast=1.0, depth=0.0, draggable=False, flipHoriz=False, flipVert=False, font='Noto Sans SC', fontFiles=[], height=0.05, italic=False, languageStyle='LTR', name='rate_emotion_prompt', opacity=1, ori=0.0, pos=array([0. , 0.2]), rgb=UNKNOWN, text='请使用数字描述您目前的情绪状态：', units='height', win=Window(...), wrapWidth=1)
15.6320 	DEBUG 	TextBox2 loaded 1 chars with 0 blanks and 1 valid
15.6331 	DEBUG 	TextBox2 loaded 1 chars with 0 blanks and 1 valid
15.6341 	DEBUG 	TextBox2 loaded 1 chars with 0 blanks and 1 valid
15.6346 	DEBUG 	TextBox2 loaded 1 chars with 0 blanks and 1 valid
15.6357 	DEBUG 	TextBox2 loaded 1 chars with 0 blanks and 1 valid
15.6367 	DEBUG 	TextBox2 loaded 1 chars with 0 blanks and 1 valid
15.6369 	DEBUG 	Uploading Texture Font fontname to graphics card
15.6391 	DEBUG 	Upload of Texture Font fontname complete
15.6423 	DEBUG 	TextBox2 loaded 1 chars with 0 blanks and 1 valid
15.6430 	DEBUG 	TextBox2 loaded 1 chars with 0 blanks and 1 valid
15.6437 	DEBUG 	TextBox2 loaded 1 chars with 0 blanks and 1 valid
15.6443 	DEBUG 	TextBox2 loaded 1 chars with 0 blanks and 1 valid
15.6447 	DEBUG 	TextBox2 loaded 1 chars with 0 blanks and 1 valid
15.6452 	DEBUG 	TextBox2 loaded 1 chars with 0 blanks and 1 valid
15.6458 	DEBUG 	TextBox2 loaded 1 chars with 0 blanks and 1 valid
15.6464 	DEBUG 	TextBox2 loaded 1 chars with 0 blanks and 1 valid
15.6468 	DEBUG 	TextBox2 loaded 1 chars with 0 blanks and 1 valid
15.6470 	DEBUG 	Uploading Texture Font fontname to graphics card
15.6484 	DEBUG 	Upload of Texture Font fontname complete
15.6655 	DEBUG 	TextBox2 loaded 1 chars with 0 blanks and 1 valid
15.6667 	DEBUG 	TextBox2 loaded 1 chars with 0 blanks and 1 valid
15.6668 	DEBUG 	Uploading Texture Font fontname to graphics card
15.6683 	DEBUG 	Upload of Texture Font fontname complete
15.7057 	EXP 	Created slider_emotion = Slider(__class__=<class 'psychopy.visual.slider.Slider'>, autoDraw=False, autoLog=True, borderColor=None, color=None, colorSpace='rgb', depth=-1, fillColor=None, flip=False, font='Noto Sans SC', granularity=1.0, labelColor=None, labelHeight=0.04, labelWrapWidth=None, labels=['非常不高兴', '', '', '', '平静', '', '', '', '非常高兴'], lineColor=None, markerColor=None, name='slider_emotion', opacity=None, ori=0.0, pos=array([ 0. , -0.1]), readOnly=False, self=UNKNOWN, size=array([1. , 0.1]), startValue=5, style='rating', styleTweaks=[], ticks=array([1, 2, 3, 4, 5, 6, 7, 8, 9]), units='height', win=Window(...))
15.7063 	EXP 	Created text_refresh = TextStim(__class__=<class 'psychopy.visual.text.TextStim'>, alignHoriz=method-wrapper(...), alignText='center', alignVert=method-wrapper(...), anchorHoriz='center', anchorVert='center', antialias=True, autoDraw=False, autoLog=True, bold=False, color=array([1., 1., 1.]), colorSpace='rgb', contrast=1.0, depth=0.0, draggable=False, flipHoriz=False, flipVert=False, font='Arial', fontFiles=[], height=0.05, italic=False, languageStyle='LTR', name='text_refresh', opacity=1, ori=0.0, pos=array([0., 0.]), rgb=UNKNOWN, text='', units='height', win=Window(...), wrapWidth=1)
15.7514 	EXP 	Created image_rest_instruct = ImageStim(__class__=<class 'psychopy.visual.image.ImageStim'>, anchor=('center', 'center'), autoLog=True, color=array([1., 1., 1.]), colorSpace='rgb', contrast=1.0, depth=0.0, draggable=False, flipHoriz=False, flipVert=False, image='stimuli/rest_instruct.png', interpolate=True, mask=None, maskParams=None, name='image_rest_instruct', opacity=1, ori=0.0, pos=array([0., 0.]), size=array([1.1  , 0.825]), texRes=128.0, units='height', win=Window(...))
15.7520 	EXP 	Created text_refresh = TextStim(__class__=<class 'psychopy.visual.text.TextStim'>, alignHoriz=method-wrapper(...), alignText='center', alignVert=method-wrapper(...), anchorHoriz='center', anchorVert='center', antialias=True, autoDraw=False, autoLog=True, bold=False, color=array([1., 1., 1.]), colorSpace='rgb', contrast=1.0, depth=0.0, draggable=False, flipHoriz=False, flipVert=False, font='Arial', fontFiles=[], height=0.05, italic=False, languageStyle='LTR', name='text_refresh', opacity=1, ori=0.0, pos=array([0., 0.]), rgb=UNKNOWN, text='', units='height', win=Window(...), wrapWidth=1)
15.7562 	EXP 	Created wait4trigger_text = TextStim(__class__=<class 'psychopy.visual.text.TextStim'>, alignHoriz=method-wrapper(...), alignText='center', alignVert=method-wrapper(...), anchorHoriz='center', anchorVert='center', antialias=True, autoDraw=False, autoLog=True, bold=False, color=array([1., 1., 1.]), colorSpace='rgb', contrast=1.0, depth=0.0, draggable=False, flipHoriz=False, flipVert=False, font='Noto Sans SC', fontFiles=[], height=0.05, italic=False, languageStyle='LTR', name='wait4trigger_text', opacity=1, ori=0.0, pos=array([0., 0.]), rgb=UNKNOWN, text='即将开始，请等待。', units='height', win=Window(...), wrapWidth=1)
15.7571 	EXP 	Created fake_stimulus_text = TextStim(__class__=<class 'psychopy.visual.text.TextStim'>, alignHoriz=method-wrapper(...), alignText='center', alignVert=method-wrapper(...), anchorHoriz='center', anchorVert='center', antialias=True, autoDraw=False, autoLog=True, bold=False, color=array([1., 1., 1.]), colorSpace='rgb', contrast=1.0, depth=0.0, draggable=False, flipHoriz=False, flipVert=False, font='Noto Sans SC', fontFiles=[], height=0.05, italic=False, languageStyle='LTR', name='fake_stimulus_text', opacity=1, ori=0.0, pos=array([0., 0.]), rgb=UNKNOWN, text='即将开始，请等待。', units='height', win=Window(...), wrapWidth=1)
15.7587 	EXP 	Created fixation = TextStim(__class__=<class 'psychopy.visual.text.TextStim'>, alignHoriz=method-wrapper(...), alignText='center', alignVert=method-wrapper(...), anchorHoriz='center', anchorVert='center', antialias=True, autoDraw=False, autoLog=True, bold=False, color=array([1., 1., 1.]), colorSpace='rgb', contrast=1.0, depth=0.0, draggable=False, flipHoriz=False, flipVert=False, font='Noto Sans SC', fontFiles=[], height=0.3, italic=False, languageStyle='LTR', name='fixation', opacity=1, ori=0.0, pos=array([0., 0.]), rgb=UNKNOWN, text='+', units='height', win=Window(...), wrapWidth=1)
15.7592 	EXP 	Created text_refresh = TextStim(__class__=<class 'psychopy.visual.text.TextStim'>, alignHoriz=method-wrapper(...), alignText='center', alignVert=method-wrapper(...), anchorHoriz='center', anchorVert='center', antialias=True, autoDraw=False, autoLog=True, bold=False, color=array([1., 1., 1.]), colorSpace='rgb', contrast=1.0, depth=0.0, draggable=False, flipHoriz=False, flipVert=False, font='Arial', fontFiles=[], height=0.05, italic=False, languageStyle='LTR', name='text_refresh', opacity=1, ori=0.0, pos=array([0., 0.]), rgb=UNKNOWN, text='', units='height', win=Window(...), wrapWidth=1)
15.8029 	EXP 	Created image_emotion_instruct = ImageStim(__class__=<class 'psychopy.visual.image.ImageStim'>, anchor=('center', 'center'), autoLog=True, color=array([1., 1., 1.]), colorSpace='rgb', contrast=1.0, depth=0.0, draggable=False, flipHoriz=False, flipVert=False, image='stimuli/emotion_instruct.png', interpolate=True, mask=None, maskParams=None, name='image_emotion_instruct', opacity=1, ori=0.0, pos=array([0., 0.]), size=array([1.1  , 0.825]), texRes=128.0, units='height', win=Window(...))
15.8035 	EXP 	Created text_refresh = TextStim(__class__=<class 'psychopy.visual.text.TextStim'>, alignHoriz=method-wrapper(...), alignText='center', alignVert=method-wrapper(...), anchorHoriz='center', anchorVert='center', antialias=True, autoDraw=False, autoLog=True, bold=False, color=array([1., 1., 1.]), colorSpace='rgb', contrast=1.0, depth=0.0, draggable=False, flipHoriz=False, flipVert=False, font='Arial', fontFiles=[], height=0.05, italic=False, languageStyle='LTR', name='text_refresh', opacity=1, ori=0.0, pos=array([0., 0.]), rgb=UNKNOWN, text='', units='height', win=Window(...), wrapWidth=1)
15.8046 	EXP 	Created rate_emotion_prompt = TextStim(__class__=<class 'psychopy.visual.text.TextStim'>, alignHoriz=method-wrapper(...), alignText='center', alignVert=method-wrapper(...), anchorHoriz='center', anchorVert='center', antialias=True, autoDraw=False, autoLog=True, bold=False, color=array([1., 1., 1.]), colorSpace='rgb', contrast=1.0, depth=0.0, draggable=False, flipHoriz=False, flipVert=False, font='Noto Sans SC', fontFiles=[], height=0.05, italic=False, languageStyle='LTR', name='rate_emotion_prompt', opacity=1, ori=0.0, pos=array([0. , 0.2]), rgb=UNKNOWN, text='请使用数字描述您目前的情绪状态：', units='height', win=Window(...), wrapWidth=1)
15.8636 	EXP 	Created slider_emotion = Slider(__class__=<class 'psychopy.visual.slider.Slider'>, autoDraw=False, autoLog=True, borderColor=None, color=None, colorSpace='rgb', depth=-1, fillColor=None, flip=False, font='Noto Sans SC', granularity=1.0, labelColor=None, labelHeight=0.04, labelWrapWidth=None, labels=['非常不高兴', '', '', '', '平静', '', '', '', '非常高兴'], lineColor=None, markerColor=None, name='slider_emotion', opacity=None, ori=0.0, pos=array([ 0. , -0.1]), readOnly=False, self=UNKNOWN, size=array([1. , 0.1]), startValue=5, style='rating', styleTweaks=[], ticks=array([1, 2, 3, 4, 5, 6, 7, 8, 9]), units='height', win=Window(...))
15.8643 	EXP 	Created text_refresh = TextStim(__class__=<class 'psychopy.visual.text.TextStim'>, alignHoriz=method-wrapper(...), alignText='center', alignVert=method-wrapper(...), anchorHoriz='center', anchorVert='center', antialias=True, autoDraw=False, autoLog=True, bold=False, color=array([1., 1., 1.]), colorSpace='rgb', contrast=1.0, depth=0.0, draggable=False, flipHoriz=False, flipVert=False, font='Arial', fontFiles=[], height=0.05, italic=False, languageStyle='LTR', name='text_refresh', opacity=1, ori=0.0, pos=array([0., 0.]), rgb=UNKNOWN, text='', units='height', win=Window(...), wrapWidth=1)
15.9085 	EXP 	Created image_think_content_instruct = ImageStim(__class__=<class 'psychopy.visual.image.ImageStim'>, anchor=('center', 'center'), autoLog=True, color=array([1., 1., 1.]), colorSpace='rgb', contrast=1.0, depth=0.0, draggable=False, flipHoriz=False, flipVert=False, image='stimuli/think_content_instruct.png', interpolate=True, mask=None, maskParams=None, name='image_think_content_instruct', opacity=1, ori=0.0, pos=array([0., 0.]), size=array([1.1  , 0.825]), texRes=128.0, units='height', win=Window(...))
15.9091 	EXP 	Created text_refresh = TextStim(__class__=<class 'psychopy.visual.text.TextStim'>, alignHoriz=method-wrapper(...), alignText='center', alignVert=method-wrapper(...), anchorHoriz='center', anchorVert='center', antialias=True, autoDraw=False, autoLog=True, bold=False, color=array([1., 1., 1.]), colorSpace='rgb', contrast=1.0, depth=0.0, draggable=False, flipHoriz=False, flipVert=False, font='Arial', fontFiles=[], height=0.05, italic=False, languageStyle='LTR', name='text_refresh', opacity=1, ori=0.0, pos=array([0., 0.]), rgb=UNKNOWN, text='', units='height', win=Window(...), wrapWidth=1)
15.9133 	EXP 	Created main_body_questionnaire = TextStim(__class__=<class 'psychopy.visual.text.TextStim'>, alignHoriz=method-wrapper(...), alignText='center', alignVert=method-wrapper(...), anchorHoriz='center', anchorVert='center', antialias=True, autoDraw=False, autoLog=True, bold=False, color=array([1., 1., 1.]), colorSpace='rgb', contrast=1.0, depth=0.0, draggable=False, flipHoriz=False, flipVert=False, font='Noto Sans SC', fontFiles=[], height=0.05, italic=False, languageStyle='LTR', name='main_body_questionnaire', opacity=1, ori=0.0, pos=array([0. , 0.3]), rgb=UNKNOWN, text='我刚才的思维内容：', units='height', win=Window(...), wrapWidth=1)
15.9137 	EXP 	Created item_text = TextStim(__class__=<class 'psychopy.visual.text.TextStim'>, alignHoriz=method-wrapper(...), alignText='center', alignVert=method-wrapper(...), anchorHoriz='center', anchorVert='center', antialias=True, autoDraw=False, autoLog=True, bold=False, color=array([1., 1., 1.]), colorSpace='rgb', contrast=1.0, depth=-1.0, draggable=False, flipHoriz=False, flipVert=False, font='Noto Sans SC', fontFiles=[], height=0.05, italic=False, languageStyle='LTR', name='item_text', opacity=1, ori=0.0, pos=array([0. , 0.1]), rgb=UNKNOWN, text='', units='height', win=Window(...), wrapWidth=1)
15.9190 	DEBUG 	TextBox2 loaded 1 chars with 0 blanks and 1 valid
15.9202 	DEBUG 	TextBox2 loaded 1 chars with 0 blanks and 1 valid
15.9214 	DEBUG 	TextBox2 loaded 1 chars with 0 blanks and 1 valid
15.9226 	DEBUG 	TextBox2 loaded 1 chars with 0 blanks and 1 valid
15.9227 	DEBUG 	Uploading Texture Font fontname to graphics card
15.9242 	DEBUG 	Upload of Texture Font fontname complete
15.9435 	DEBUG 	TextBox2 loaded 1 chars with 0 blanks and 1 valid
15.9447 	DEBUG 	TextBox2 loaded 1 chars with 0 blanks and 1 valid
15.9448 	DEBUG 	Uploading Texture Font fontname to graphics card
15.9463 	DEBUG 	Upload of Texture Font fontname complete
15.9656 	DEBUG 	TextBox2 loaded 1 chars with 0 blanks and 1 valid
15.9668 	DEBUG 	TextBox2 loaded 1 chars with 0 blanks and 1 valid
15.9680 	DEBUG 	TextBox2 loaded 1 chars with 0 blanks and 1 valid
15.9692 	DEBUG 	TextBox2 loaded 1 chars with 0 blanks and 1 valid
15.9693 	DEBUG 	Uploading Texture Font fontname to graphics card
15.9708 	DEBUG 	Upload of Texture Font fontname complete
15.9891 	EXP 	Created slider_thinking_content = Slider(__class__=<class 'psychopy.visual.slider.Slider'>, autoDraw=False, autoLog=True, borderColor=None, color=None, colorSpace='rgb', depth=-2, fillColor=None, flip=False, font='Noto Sans SC', granularity=1.0, labelColor=None, labelHeight=0.04, labelWrapWidth=None, labels=['完全没有', '', '', '', '一般', '', '', '', '几乎都是'], lineColor=None, markerColor=None, name='slider_thinking_content', opacity=None, ori=0.0, pos=array([ 0. , -0.1]), readOnly=False, self=UNKNOWN, size=array([1. , 0.1]), startValue=5, style='rating', styleTweaks=[], ticks=array([1, 2, 3, 4, 5, 6, 7, 8, 9]), units='height', win=Window(...))
15.9896 	EXP 	Created text_refresh = TextStim(__class__=<class 'psychopy.visual.text.TextStim'>, alignHoriz=method-wrapper(...), alignText='center', alignVert=method-wrapper(...), anchorHoriz='center', anchorVert='center', antialias=True, autoDraw=False, autoLog=True, bold=False, color=array([1., 1., 1.]), colorSpace='rgb', contrast=1.0, depth=0.0, draggable=False, flipHoriz=False, flipVert=False, font='Arial', fontFiles=[], height=0.05, italic=False, languageStyle='LTR', name='text_refresh', opacity=1, ori=0.0, pos=array([0., 0.]), rgb=UNKNOWN, text='', units='height', win=Window(...), wrapWidth=1)
15.9931 	EXP 	Created goodbye_text = TextStim(__class__=<class 'psychopy.visual.text.TextStim'>, alignHoriz=method-wrapper(...), alignText='center', alignVert=method-wrapper(...), anchorHoriz='center', anchorVert='center', antialias=True, autoDraw=False, autoLog=True, bold=False, color=array([1., 1., 1.]), colorSpace='rgb', contrast=1.0, depth=0.0, draggable=False, flipHoriz=False, flipVert=False, font='Noto Sans SC', fontFiles=[], height=0.05, italic=False, languageStyle='LTR', name='goodbye_text', opacity=1, ori=0.0, pos=array([0., 0.]), rgb=UNKNOWN, text='本阶段结束，请等待下一阶段的扫描。', units='height', win=Window(...), wrapWidth=1)
0.0047 	EXP 	slider_emotion: autoLog = True
0.0047 	EXP 	slider_emotion: styleTweaks = []
0.0047 	EXP 	slider_emotion: styleTweaks = []
0.0047 	EXP 	slider_emotion: styleTweaks = []
0.0047 	EXP 	slider_emotion: styleTweaks = []
0.0047 	EXP 	slider_emotion: contrast = 1.0
0.0047 	EXP 	slider_emotion: markerPos = 5
0.0047 	EXP 	slider_emotion: autoLog = True
0.0047 	EXP 	slider_emotion: autoLog = True
0.0047 	EXP 	slider_emotion: styleTweaks = []
0.0047 	EXP 	slider_emotion: styleTweaks = []
0.0047 	EXP 	slider_emotion: styleTweaks = []
0.0047 	EXP 	slider_emotion: styleTweaks = []
0.0047 	EXP 	slider_emotion: contrast = 1.0
0.0047 	EXP 	slider_emotion: markerPos = 5
0.0047 	EXP 	slider_emotion: autoLog = True
0.0047 	EXP 	slider_thinking_content: autoLog = True
0.0047 	EXP 	slider_thinking_content: styleTweaks = []
0.0047 	EXP 	slider_thinking_content: styleTweaks = []
0.0047 	EXP 	slider_thinking_content: styleTweaks = []
0.0047 	EXP 	slider_thinking_content: styleTweaks = []
0.0047 	EXP 	slider_thinking_content: contrast = 1.0
0.0047 	EXP 	slider_thinking_content: markerPos = 5
0.0047 	EXP 	slider_thinking_content: autoLog = True
0.0145 	INFO 	Keyboard events cleared
0.0143 	EXP 	image_welcome: autoDraw = True
7.1048 	WARNING 	t of last frame was 23.42ms (=1/42)
7.1179 	DATA 	Keypress: 3
9.1540 	DATA 	Keypress: j
9.1570 	EXP 	image_welcome: autoDraw = False
9.1570 	EXP 	text_refresh: autoDraw = True
9.4659 	INFO 	Keyboard events cleared
9.4656 	EXP 	text_refresh: autoDraw = False
9.4656 	EXP 	text_refresh: autoDraw = False
9.4656 	EXP 	slider_emotion: markerPos = None
9.4656 	EXP 	slider_emotion: markerPos = 5
9.4656 	EXP 	slider_emotion: markerPos = 5
9.4656 	EXP 	rate_emotion_prompt: autoDraw = True
9.4656 	EXP 	slider_emotion: autoDraw = True
9.5548 	WARNING 	t of last frame was 52.89ms (=1/18)
11.0116 	DATA 	Keypress: a
11.0218 	EXP 	slider_emotion: markerPos = 4.0
11.2837 	DATA 	Keypress: a
11.2979 	EXP 	slider_emotion: markerPos = 3.0
11.6708 	DATA 	Keypress: s
11.6809 	EXP 	slider_emotion: markerPos = 4.0
11.9875 	DATA 	Keypress: s
11.9976 	EXP 	slider_emotion: markerPos = 5.0
12.1944 	DATA 	Keypress: s
12.2055 	EXP 	slider_emotion: markerPos = 6.0
12.4377 	DATA 	Keypress: s
12.4475 	EXP 	slider_emotion: markerPos = 7.0
12.7544 	DATA 	Keypress: a
12.7642 	EXP 	slider_emotion: markerPos = 6.0
12.9742 	DATA 	Keypress: a
12.9893 	EXP 	slider_emotion: markerPos = 5.0
14.1623 	DATA 	Keypress: a
14.1723 	EXP 	slider_emotion: markerPos = 4.0
14.5944 	DATA 	Keypress: j
14.6013 	EXP 	rate_emotion_prompt: autoDraw = False
14.6013 	EXP 	slider_emotion: autoDraw = False
14.6013 	EXP 	text_refresh: autoDraw = True
14.8988 	INFO 	Keyboard events cleared
14.8986 	EXP 	text_refresh: autoDraw = False
14.8986 	EXP 	text_refresh: autoDraw = False
14.8986 	EXP 	image_rest_instruct: autoDraw = True
17.0690 	DATA 	Keypress: s
18.2201 	DATA 	Keypress: j
18.2231 	EXP 	image_rest_instruct: autoDraw = False
18.2231 	EXP 	text_refresh: autoDraw = True
18.5203 	EXP 	text_refresh: autoDraw = False
18.5203 	EXP 	text_refresh: autoDraw = False
18.5203 	EXP 	wait4trigger_text: autoDraw = True
19.5196 	EXP 	wait4trigger_text: autoDraw = False
19.5196 	EXP 	wait4trigger_text: autoDraw = False
19.5196 	EXP 	fake_stimulus_text: autoDraw = True
19.7881 	DATA 	Keypress: s
21.5154 	EXP 	fake_stimulus_text: autoDraw = False
21.5154 	EXP 	fake_stimulus_text: autoDraw = False
21.5154 	EXP 	fixation: autoDraw = True
25.5021 	EXP 	fixation: autoDraw = False
25.5021 	EXP 	fixation: autoDraw = False
25.5157 	EXP 	text_refresh: autoDraw = True
25.8034 	EXP 	text_refresh: autoDraw = False
25.8034 	EXP 	text_refresh: autoDraw = False
25.8162 	INFO 	Keyboard events cleared
25.8159 	EXP 	image_emotion_instruct: autoDraw = True
27.1160 	EXP 	image_emotion_instruct: autoDraw = False
27.1160 	EXP 	text_refresh: autoDraw = True
27.1196 	DATA 	Keypress: j
27.4124 	INFO 	Keyboard events cleared
27.4123 	EXP 	text_refresh: autoDraw = False
27.4123 	EXP 	text_refresh: autoDraw = False
27.4123 	EXP 	slider_emotion: markerPos = None
27.4123 	EXP 	slider_emotion: markerPos = 5
27.4123 	EXP 	slider_emotion: markerPos = 5
27.4123 	EXP 	rate_emotion_prompt: autoDraw = True
27.4123 	EXP 	slider_emotion: autoDraw = True
28.0555 	DATA 	Keypress: a
28.0653 	EXP 	slider_emotion: markerPos = 4.0
28.2455 	DATA 	Keypress: a
28.2567 	EXP 	slider_emotion: markerPos = 3.0
28.5743 	DATA 	Keypress: j
28.5825 	EXP 	rate_emotion_prompt: autoDraw = False
28.5825 	EXP 	slider_emotion: autoDraw = False
28.5825 	EXP 	text_refresh: autoDraw = True
28.8702 	INFO 	Keyboard events cleared
28.8700 	EXP 	text_refresh: autoDraw = False
28.8700 	EXP 	text_refresh: autoDraw = False
28.8700 	EXP 	image_think_content_instruct: autoDraw = True
29.1366 	DATA 	Keypress: s
29.5066 	DATA 	Keypress: j
29.5161 	EXP 	image_think_content_instruct: autoDraw = False
29.5161 	EXP 	text_refresh: autoDraw = True
29.8057 	DEBUG 	Read excel file with openpyxl: think_content_condition.xlsx
29.8060 	EXP 	Imported think_content_condition.xlsx as conditions, 10 conditions, 2 params
29.8066 	EXP 	New trial (rep=0, index=0): <Trial 0 (0 in rep 0) data={'item': '是关于过去的事情', 'number': 1, 'thisN': 0, 'thisTrialN': 0, 'thisRepN': 0}>
29.8260 	INFO 	Keyboard events cleared
29.8258 	WARNING 	t of last frame was 26.51ms (=1/37)
29.8258 	EXP 	text_refresh: autoDraw = False
29.8258 	EXP 	text_refresh: autoDraw = False
29.8258 	EXP 	item_text: height = 0.05
29.8258 	EXP 	item_text: height = 0.05
29.8258 	EXP 	item_text: height = 0.05
29.8258 	EXP 	item_text: text = '是关于过去的事情'
29.8258 	EXP 	slider_thinking_content: markerPos = None
29.8258 	EXP 	slider_thinking_content: markerPos = 5
29.8258 	EXP 	slider_thinking_content: markerPos = 5
29.8258 	EXP 	main_body_questionnaire: autoDraw = True
29.8258 	EXP 	item_text: autoDraw = True
29.8258 	EXP 	slider_thinking_content: autoDraw = True
29.8826 	WARNING 	t of last frame was 24.73ms (=1/40)
30.1393 	DATA 	Keypress: s
30.1488 	EXP 	slider_thinking_content: markerPos = 6.0
30.3631 	DATA 	Keypress: s
30.3728 	EXP 	slider_thinking_content: markerPos = 7.0
30.5292 	DATA 	Keypress: s
30.5396 	EXP 	slider_thinking_content: markerPos = 8.0
30.8689 	EXP 	main_body_questionnaire: autoDraw = False
30.8689 	EXP 	item_text: autoDraw = False
30.8689 	EXP 	slider_thinking_content: autoDraw = False
30.8689 	EXP 	text_refresh: autoDraw = True
30.8705 	DATA 	Keypress: j
31.1541 	EXP 	New trial (rep=0, index=1): <Trial 1 (1 in rep 0) data={'item': '是关于将来的事情', 'number': 2, 'thisN': 1, 'thisTrialN': 1, 'thisRepN': 0}>
31.1831 	INFO 	Keyboard events cleared
31.1831 	WARNING 	Multiple dropped frames have occurred - I'll stop bothering you about them!
31.1829 	EXP 	text_refresh: autoDraw = False
31.1829 	EXP 	text_refresh: autoDraw = False
31.1829 	EXP 	item_text: height = 0.05
31.1829 	EXP 	item_text: height = 0.05
31.1829 	EXP 	item_text: height = 0.05
31.1829 	EXP 	item_text: text = '是关于将来的事情'
31.1829 	EXP 	slider_thinking_content: markerPos = None
31.1829 	EXP 	slider_thinking_content: markerPos = 5
31.1829 	EXP 	slider_thinking_content: markerPos = 5
31.1829 	EXP 	main_body_questionnaire: autoDraw = True
31.1829 	EXP 	item_text: autoDraw = True
31.1829 	EXP 	slider_thinking_content: autoDraw = True
31.5352 	DATA 	Keypress: a
31.5426 	EXP 	slider_thinking_content: markerPos = 4.0
31.7242 	DATA 	Keypress: a
31.7321 	EXP 	slider_thinking_content: markerPos = 3.0
32.0160 	EXP 	main_body_questionnaire: autoDraw = False
32.0160 	EXP 	item_text: autoDraw = False
32.0160 	EXP 	slider_thinking_content: autoDraw = False
32.0160 	EXP 	text_refresh: autoDraw = True
32.0186 	DATA 	Keypress: j
32.3010 	EXP 	New trial (rep=0, index=2): <Trial 2 (2 in rep 0) data={'item': '是关于我自己的', 'number': 3, 'thisN': 2, 'thisTrialN': 2, 'thisRepN': 0}>
32.3147 	INFO 	Keyboard events cleared
32.3146 	EXP 	text_refresh: autoDraw = False
32.3146 	EXP 	text_refresh: autoDraw = False
32.3146 	EXP 	item_text: height = 0.05
32.3146 	EXP 	item_text: height = 0.05
32.3146 	EXP 	item_text: height = 0.05
32.3146 	EXP 	item_text: text = '是关于我自己的'
32.3146 	EXP 	slider_thinking_content: markerPos = None
32.3146 	EXP 	slider_thinking_content: markerPos = 5
32.3146 	EXP 	slider_thinking_content: markerPos = 5
32.3146 	EXP 	main_body_questionnaire: autoDraw = True
32.3146 	EXP 	item_text: autoDraw = True
32.3146 	EXP 	slider_thinking_content: autoDraw = True
32.4010 	DATA 	Keypress: s
32.4091 	EXP 	slider_thinking_content: markerPos = 6.0
32.5963 	DATA 	Keypress: s
32.6066 	EXP 	slider_thinking_content: markerPos = 7.0
32.7912 	DATA 	Keypress: s
32.7988 	EXP 	slider_thinking_content: markerPos = 8.0
32.9552 	DATA 	Keypress: j
32.9661 	EXP 	main_body_questionnaire: autoDraw = False
32.9661 	EXP 	item_text: autoDraw = False
32.9661 	EXP 	slider_thinking_content: autoDraw = False
32.9661 	EXP 	text_refresh: autoDraw = True
33.1694 	DATA 	Keypress: a
33.2513 	EXP 	New trial (rep=0, index=3): <Trial 3 (3 in rep 0) data={'item': '是关于他人的', 'number': 4, 'thisN': 3, 'thisTrialN': 3, 'thisRepN': 0}>
33.2656 	INFO 	Keyboard events cleared
33.2654 	EXP 	text_refresh: autoDraw = False
33.2654 	EXP 	text_refresh: autoDraw = False
33.2654 	EXP 	item_text: height = 0.05
33.2654 	EXP 	item_text: height = 0.05
33.2654 	EXP 	item_text: height = 0.05
33.2654 	EXP 	item_text: text = '是关于他人的'
33.2654 	EXP 	slider_thinking_content: markerPos = None
33.2654 	EXP 	slider_thinking_content: markerPos = 5
33.2654 	EXP 	slider_thinking_content: markerPos = 5
33.2654 	EXP 	main_body_questionnaire: autoDraw = True
33.2654 	EXP 	item_text: autoDraw = True
33.2654 	EXP 	slider_thinking_content: autoDraw = True
33.6060 	DATA 	Keypress: a
33.6156 	EXP 	slider_thinking_content: markerPos = 4.0
33.7794 	DATA 	Keypress: a
33.7904 	EXP 	slider_thinking_content: markerPos = 3.0
33.9743 	DATA 	Keypress: j
33.9828 	EXP 	main_body_questionnaire: autoDraw = False
33.9828 	EXP 	item_text: autoDraw = False
33.9828 	EXP 	slider_thinking_content: autoDraw = False
33.9828 	EXP 	text_refresh: autoDraw = True
34.2678 	EXP 	New trial (rep=0, index=4): <Trial 4 (4 in rep 0) data={'item': '是正性的、积极的事件', 'number': 5, 'thisN': 4, 'thisTrialN': 4, 'thisRepN': 0}>
34.2832 	INFO 	Keyboard events cleared
34.2830 	EXP 	text_refresh: autoDraw = False
34.2830 	EXP 	text_refresh: autoDraw = False
34.2830 	EXP 	item_text: height = 0.05
34.2830 	EXP 	item_text: height = 0.05
34.2830 	EXP 	item_text: height = 0.05
34.2830 	EXP 	item_text: text = '是正性的、积极的事件'
34.2830 	EXP 	slider_thinking_content: markerPos = None
34.2830 	EXP 	slider_thinking_content: markerPos = 5
34.2830 	EXP 	slider_thinking_content: markerPos = 5
34.2830 	EXP 	main_body_questionnaire: autoDraw = True
34.2830 	EXP 	item_text: autoDraw = True
34.2830 	EXP 	slider_thinking_content: autoDraw = True
34.4414 	DATA 	Keypress: s
34.4491 	EXP 	slider_thinking_content: markerPos = 6.0
34.6392 	DATA 	Keypress: s
34.6490 	EXP 	slider_thinking_content: markerPos = 7.0
34.8457 	DATA 	Keypress: j
34.8526 	EXP 	main_body_questionnaire: autoDraw = False
34.8526 	EXP 	item_text: autoDraw = False
34.8526 	EXP 	slider_thinking_content: autoDraw = False
34.8526 	EXP 	text_refresh: autoDraw = True
35.1378 	EXP 	New trial (rep=0, index=5): <Trial 5 (5 in rep 0) data={'item': '是负性的、消极的事件', 'number': 6, 'thisN': 5, 'thisTrialN': 5, 'thisRepN': 0}>
35.1522 	INFO 	Keyboard events cleared
35.1520 	EXP 	text_refresh: autoDraw = False
35.1520 	EXP 	text_refresh: autoDraw = False
35.1520 	EXP 	item_text: height = 0.05
35.1520 	EXP 	item_text: height = 0.05
35.1520 	EXP 	item_text: height = 0.05
35.1520 	EXP 	item_text: text = '是负性的、消极的事件'
35.1520 	EXP 	slider_thinking_content: markerPos = None
35.1520 	EXP 	slider_thinking_content: markerPos = 5
35.1520 	EXP 	slider_thinking_content: markerPos = 5
35.1520 	EXP 	main_body_questionnaire: autoDraw = True
35.1520 	EXP 	item_text: autoDraw = True
35.1520 	EXP 	slider_thinking_content: autoDraw = True
35.4180 	DATA 	Keypress: a
35.4255 	EXP 	slider_thinking_content: markerPos = 4.0
35.5960 	DATA 	Keypress: a
35.6069 	EXP 	slider_thinking_content: markerPos = 3.0
35.7909 	DATA 	Keypress: j
35.7996 	EXP 	main_body_questionnaire: autoDraw = False
35.7996 	EXP 	item_text: autoDraw = False
35.7996 	EXP 	slider_thinking_content: autoDraw = False
35.7996 	EXP 	text_refresh: autoDraw = True
36.0845 	EXP 	New trial (rep=0, index=6): <Trial 6 (6 in rep 0) data={'item': '是以图像或意象的形式进行思维', 'number': 7, 'thisN': 6, 'thisTrialN': 6, 'thisRepN': 0}>
36.1010 	INFO 	Keyboard events cleared
36.1008 	EXP 	text_refresh: autoDraw = False
36.1008 	EXP 	text_refresh: autoDraw = False
36.1008 	EXP 	item_text: height = 0.05
36.1008 	EXP 	item_text: height = 0.05
36.1008 	EXP 	item_text: height = 0.05
36.1008 	EXP 	item_text: text = '是以图像或意象的形式进行思维'
36.1008 	EXP 	slider_thinking_content: markerPos = None
36.1008 	EXP 	slider_thinking_content: markerPos = 5
36.1008 	EXP 	slider_thinking_content: markerPos = 5
36.1008 	EXP 	main_body_questionnaire: autoDraw = True
36.1008 	EXP 	item_text: autoDraw = True
36.1008 	EXP 	slider_thinking_content: autoDraw = True
36.4396 	DATA 	Keypress: a
36.4491 	EXP 	slider_thinking_content: markerPos = 4.0
36.6183 	DATA 	Keypress: a
36.6256 	EXP 	slider_thinking_content: markerPos = 3.0
36.8557 	DATA 	Keypress: j
36.8662 	EXP 	main_body_questionnaire: autoDraw = False
36.8662 	EXP 	item_text: autoDraw = False
36.8662 	EXP 	slider_thinking_content: autoDraw = False
36.8662 	EXP 	text_refresh: autoDraw = True
37.1513 	EXP 	New trial (rep=0, index=7): <Trial 7 (7 in rep 0) data={'item': '是以内部言语的形式进行思维', 'number': 8, 'thisN': 7, 'thisTrialN': 7, 'thisRepN': 0}>
37.1650 	INFO 	Keyboard events cleared
37.1648 	EXP 	text_refresh: autoDraw = False
37.1648 	EXP 	text_refresh: autoDraw = False
37.1648 	EXP 	item_text: height = 0.05
37.1648 	EXP 	item_text: height = 0.05
37.1648 	EXP 	item_text: height = 0.05
37.1648 	EXP 	item_text: text = '是以内部言语的形式进行思维'
37.1648 	EXP 	slider_thinking_content: markerPos = None
37.1648 	EXP 	slider_thinking_content: markerPos = 5
37.1648 	EXP 	slider_thinking_content: markerPos = 5
37.1648 	EXP 	main_body_questionnaire: autoDraw = True
37.1648 	EXP 	item_text: autoDraw = True
37.1648 	EXP 	slider_thinking_content: autoDraw = True
37.4249 	DATA 	Keypress: s
37.4324 	EXP 	slider_thinking_content: markerPos = 6.0
37.6224 	DATA 	Keypress: s
37.6325 	EXP 	slider_thinking_content: markerPos = 7.0
37.7726 	DATA 	Keypress: j
37.7828 	EXP 	main_body_questionnaire: autoDraw = False
37.7828 	EXP 	item_text: autoDraw = False
37.7828 	EXP 	slider_thinking_content: autoDraw = False
37.7828 	EXP 	text_refresh: autoDraw = True
38.0680 	EXP 	New trial (rep=0, index=8): <Trial 8 (8 in rep 0) data={'item': '让我感到开心', 'number': 9, 'thisN': 8, 'thisTrialN': 8, 'thisRepN': 0}>
38.0823 	INFO 	Keyboard events cleared
38.0822 	EXP 	text_refresh: autoDraw = False
38.0822 	EXP 	text_refresh: autoDraw = False
38.0822 	EXP 	item_text: height = 0.05
38.0822 	EXP 	item_text: height = 0.05
38.0822 	EXP 	item_text: height = 0.05
38.0822 	EXP 	item_text: text = '让我感到开心'
38.0822 	EXP 	slider_thinking_content: markerPos = None
38.0822 	EXP 	slider_thinking_content: markerPos = 5
38.0822 	EXP 	slider_thinking_content: markerPos = 5
38.0822 	EXP 	main_body_questionnaire: autoDraw = True
38.0822 	EXP 	item_text: autoDraw = True
38.0822 	EXP 	slider_thinking_content: autoDraw = True
38.3895 	DATA 	Keypress: a
38.3994 	EXP 	slider_thinking_content: markerPos = 4.0
38.5963 	DATA 	Keypress: a
38.6074 	EXP 	slider_thinking_content: markerPos = 3.0
38.7909 	DATA 	Keypress: j
38.7998 	EXP 	main_body_questionnaire: autoDraw = False
38.7998 	EXP 	item_text: autoDraw = False
38.7998 	EXP 	slider_thinking_content: autoDraw = False
38.7998 	EXP 	text_refresh: autoDraw = True
39.0847 	EXP 	New trial (rep=0, index=9): <Trial 9 (9 in rep 0) data={'item': '让我感到悲伤', 'number': 10, 'thisN': 9, 'thisTrialN': 9, 'thisRepN': 0}>
39.0984 	INFO 	Keyboard events cleared
39.0982 	EXP 	text_refresh: autoDraw = False
39.0982 	EXP 	text_refresh: autoDraw = False
39.0982 	EXP 	item_text: height = 0.05
39.0982 	EXP 	item_text: height = 0.05
39.0982 	EXP 	item_text: height = 0.05
39.0982 	EXP 	item_text: text = '让我感到悲伤'
39.0982 	EXP 	slider_thinking_content: markerPos = None
39.0982 	EXP 	slider_thinking_content: markerPos = 5
39.0982 	EXP 	slider_thinking_content: markerPos = 5
39.0982 	EXP 	main_body_questionnaire: autoDraw = True
39.0982 	EXP 	item_text: autoDraw = True
39.0982 	EXP 	slider_thinking_content: autoDraw = True
39.3636 	DATA 	Keypress: s
39.3735 	EXP 	slider_thinking_content: markerPos = 6.0
39.5415 	DATA 	Keypress: s
39.5493 	EXP 	slider_thinking_content: markerPos = 7.0
39.7794 	DATA 	Keypress: j
39.7860 	EXP 	main_body_questionnaire: autoDraw = False
39.7860 	EXP 	item_text: autoDraw = False
39.7860 	EXP 	slider_thinking_content: autoDraw = False
39.7860 	EXP 	text_refresh: autoDraw = True
40.0834 	INFO 	Keyboard events cleared
40.0832 	EXP 	text_refresh: autoDraw = False
40.0832 	EXP 	text_refresh: autoDraw = False
40.0832 	EXP 	goodbye_text: autoDraw = True
40.2700 	DATA 	Keypress: a
40.9241 	DATA 	Keypress: s
41.6204 	DATA 	Keypress: space
42.3998 	EXP 	goodbye_text: autoDraw = False
42.4010 	EXP 	resting_state_demo: status = STOPPED
42.4062 	INFO 	saved data to '/Users/Chenxiao/Documents/project_codes/RST_Chinese_beta/data/999_resting_state_demo_2025-06-13_14h19.58.876.csv'
42.4067 	INFO 	saved data to /Users/Chenxiao/Documents/project_codes/RST_Chinese_beta/data/999_resting_state_demo_2025-06-13_14h19.58.876.psydat
42.4078 	DATA 	Keypress: j
42.6118 	DEBUG 	Saving data for resting_state_demo ExperimentHandler
