10.9665 	WARNING 	Font Manager failed to load file /System/Library/PrivateFrameworks/FontServices.framework/Resources/Reserved/PingFangUI.ttc
12.4780 	DEBUG 	Fullscreen settings ignored as running in pilot mode.
12.4791 	INFO 	Loaded monitor calibration from ['2022_04_19 09:31']
12.4794 	WARNING 	This monitor has not been color-calibrated. Using default DKL conversion matrix.
12.5678 	WARNING 	This monitor has not been color-calibrated. Using default DKL conversion matrix.
12.5679 	WARNING 	This monitor has not been color-calibrated. Using default DKL conversion matrix.
12.6187 	EXP 	Created window1 = Window(allowGUI=False, allowStencil=False, autoLog=True, backendConf=UNKNOWN, backgroundFit=<method-wrapper '__getattribute__' of attributeSetter object at 0x1810f2c80>, backgroundImage=<method-wrapper '__getattribute__' of attributeSetter object at 0x1810f2ce0>, bitsMode=UNKNOWN, blendMode='avg', bpc=(8, 8, 8), color=array([0, 0, 0]), colorSpace='dkl', depthBits=8, fullscr=False, gamma=None, gammaErrorPolicy='raise', infoMsg=UNKNOWN, lms=UNKNOWN, monitor=<psychopy.monitors.calibTools.Monitor object at 0x1809bc3d0>, multiSample=False, name='window1', numSamples=2, pos=[560.0, 240.0], screen=0, size=array([1600, 1200]), stencilBits=0, stereo=False, title='PsychoPy', units='height', useFBO=True, useRetina=True, viewOri=0.0, viewPos=None, viewScale=None, waitBlanking=True, winType='pyglet')
12.6187 	EXP 	window1: backgroundImage = ''
12.6187 	EXP 	window1: backgroundFit = 'none'
12.6246 	DEBUG 	TextBox2 loaded 1 chars with 0 blanks and 1 valid
12.6250 	DEBUG 	TextBox2 loaded 1 chars with 0 blanks and 1 valid
12.6254 	DEBUG 	TextBox2 loaded 1 chars with 0 blanks and 1 valid
12.6259 	DEBUG 	TextBox2 loaded 1 chars with 0 blanks and 1 valid
12.6264 	DEBUG 	TextBox2 loaded 1 chars with 0 blanks and 1 valid
12.6266 	DEBUG 	TextBox2 loaded 1 chars with 0 blanks and 1 valid
12.6270 	DEBUG 	TextBox2 loaded 1 chars with 0 blanks and 1 valid
12.6275 	DEBUG 	TextBox2 loaded 1 chars with 0 blanks and 1 valid
12.6277 	DEBUG 	TextBox2 loaded 1 chars with 0 blanks and 1 valid
12.6278 	DEBUG 	TextBox2 loaded 1 chars with 0 blanks and 1 valid
12.6282 	DEBUG 	TextBox2 loaded 1 chars with 0 blanks and 1 valid
12.6285 	DEBUG 	TextBox2 loaded 1 chars with 0 blanks and 1 valid
12.6289 	DEBUG 	TextBox2 loaded 1 chars with 0 blanks and 1 valid
12.6293 	DEBUG 	TextBox2 loaded 1 chars with 0 blanks and 1 valid
12.6296 	DEBUG 	TextBox2 loaded 1 chars with 0 blanks and 1 valid
12.6300 	DEBUG 	TextBox2 loaded 1 chars with 0 blanks and 1 valid
12.6303 	DEBUG 	TextBox2 loaded 1 chars with 0 blanks and 1 valid
12.6305 	DEBUG 	TextBox2 loaded 1 chars with 0 blanks and 1 valid
12.6307 	DEBUG 	TextBox2 loaded 1 chars with 0 blanks and 1 valid
12.6313 	DEBUG 	TextBox2 loaded 1 chars with 0 blanks and 1 valid
12.6315 	DEBUG 	TextBox2 loaded 1 chars with 0 blanks and 1 valid
12.6316 	DEBUG 	Uploading Texture Font fontname to graphics card
12.6344 	DEBUG 	Upload of Texture Font fontname complete
12.6379 	DEBUG 	TextBox2 loaded 1 chars with 0 blanks and 1 valid
12.6384 	DEBUG 	TextBox2 loaded 1 chars with 0 blanks and 1 valid
12.6389 	DEBUG 	TextBox2 loaded 1 chars with 0 blanks and 1 valid
12.6391 	DEBUG 	Uploading Texture Font fontname to graphics card
12.6405 	DEBUG 	Upload of Texture Font fontname complete
12.6415 	EXP 	window1: Attempting to measure frame rate of screen (0) ...
12.6415 	EXP 	window1: recordFrameIntervals = False
12.7617 	EXP 	window1: recordFrameIntervals = True
13.5985 	WARNING 	Couldn't measure a consistent frame rate!
  - Is your graphics card set to sync to vertical blank?
  - Are you running other processes on your computer?

13.6052 	DEBUG 	TextBox2 loaded 1 chars with 0 blanks and 1 valid
13.6057 	DEBUG 	TextBox2 loaded 1 chars with 0 blanks and 1 valid
13.6064 	DEBUG 	TextBox2 loaded 1 chars with 0 blanks and 1 valid
13.6074 	DEBUG 	TextBox2 loaded 1 chars with 0 blanks and 1 valid
13.6082 	DEBUG 	TextBox2 loaded 1 chars with 0 blanks and 1 valid
13.6091 	DEBUG 	TextBox2 loaded 1 chars with 0 blanks and 1 valid
13.6095 	DEBUG 	TextBox2 loaded 1 chars with 0 blanks and 1 valid
13.6103 	DEBUG 	TextBox2 loaded 1 chars with 0 blanks and 1 valid
13.6111 	DEBUG 	TextBox2 loaded 1 chars with 0 blanks and 1 valid
13.6119 	DEBUG 	TextBox2 loaded 1 chars with 0 blanks and 1 valid
13.6122 	DEBUG 	Uploading Texture Font fontname to graphics card
13.6151 	DEBUG 	Upload of Texture Font fontname complete
13.6281 	WARNING 	launchHubServer: If using the iohub mouse or eyetracker devices, fullScr should be True.
15.5222 	INFO 	keyboard.Keyboard is using iohub backend.
15.5223 	INFO 	keyboard.Keyboard is using iohub backend.
15.5223 	INFO 	keyboard.Keyboard is using iohub backend.
15.5223 	INFO 	keyboard.Keyboard is using iohub backend.
15.5223 	INFO 	keyboard.Keyboard is using iohub backend.
15.5224 	EXP 	resting_state_demo: status = STARTED
15.5600 	EXP 	Created text = TextStim(__class__=<class 'psychopy.visual.text.TextStim'>, alignHoriz=method-wrapper(...), alignText='center', alignVert=method-wrapper(...), anchorHoriz='center', anchorVert='center', antialias=True, autoDraw=False, autoLog=True, bold=False, color=array([1., 1., 1.]), colorSpace='rgb', contrast=1.0, depth=0.0, draggable=False, flipHoriz=False, flipVert=False, font='Heiti SC', fontFiles=[], height=0.05, italic=False, languageStyle='LTR', name='text', opacity=1, ori=0.0, pos=array([0., 0.]), rgb=UNKNOWN, text=str(...), units='height', win=Window(...), wrapWidth=0.8)
15.5617 	EXP 	Created text_refresh = TextStim(__class__=<class 'psychopy.visual.text.TextStim'>, alignHoriz=method-wrapper(...), alignText='center', alignVert=method-wrapper(...), anchorHoriz='center', anchorVert='center', antialias=True, autoDraw=False, autoLog=True, bold=False, color=array([1., 1., 1.]), colorSpace='rgb', contrast=1.0, depth=0.0, draggable=False, flipHoriz=False, flipVert=False, font='Arial', fontFiles=[], height=0.05, italic=False, languageStyle='LTR', name='text_refresh', opacity=1, ori=0.0, pos=array([0., 0.]), rgb=UNKNOWN, text='', units='height', win=Window(...), wrapWidth=1)
15.5679 	EXP 	Created rate_emotion_prompt = TextStim(__class__=<class 'psychopy.visual.text.TextStim'>, alignHoriz=method-wrapper(...), alignText='center', alignVert=method-wrapper(...), anchorHoriz='center', anchorVert='center', antialias=True, autoDraw=False, autoLog=True, bold=False, color=array([1., 1., 1.]), colorSpace='rgb', contrast=1.0, depth=0.0, draggable=False, flipHoriz=False, flipVert=False, font='Arial', fontFiles=[], height=0.05, italic=False, languageStyle='LTR', name='rate_emotion_prompt', opacity=1, ori=0.0, pos=array([0. , 0.2]), rgb=UNKNOWN, text=str(...), units='height', win=Window(...), wrapWidth=1)
15.5808 	DEBUG 	TextBox2 loaded 1 chars with 0 blanks and 1 valid
15.5812 	DEBUG 	TextBox2 loaded 1 chars with 0 blanks and 1 valid
15.5815 	DEBUG 	TextBox2 loaded 1 chars with 0 blanks and 1 valid
15.5818 	DEBUG 	TextBox2 loaded 1 chars with 0 blanks and 1 valid
15.5821 	DEBUG 	TextBox2 loaded 1 chars with 0 blanks and 1 valid
15.5822 	DEBUG 	TextBox2 loaded 1 chars with 0 blanks and 1 valid
15.5826 	DEBUG 	TextBox2 loaded 1 chars with 0 blanks and 1 valid
15.5829 	DEBUG 	TextBox2 loaded 1 chars with 0 blanks and 1 valid
15.5831 	DEBUG 	TextBox2 loaded 1 chars with 0 blanks and 1 valid
15.5834 	DEBUG 	TextBox2 loaded 1 chars with 0 blanks and 1 valid
15.5838 	DEBUG 	TextBox2 loaded 1 chars with 0 blanks and 1 valid
15.5842 	DEBUG 	TextBox2 loaded 1 chars with 0 blanks and 1 valid
15.5843 	DEBUG 	Uploading Texture Font fontname to graphics card
15.5864 	DEBUG 	Upload of Texture Font fontname complete
15.5893 	DEBUG 	TextBox2 loaded 1 chars with 0 blanks and 1 valid
15.5895 	DEBUG 	TextBox2 loaded 1 chars with 0 blanks and 1 valid
15.5896 	DEBUG 	Uploading Texture Font fontname to graphics card
15.5911 	DEBUG 	Upload of Texture Font fontname complete
15.6074 	DEBUG 	TextBox2 loaded 1 chars with 0 blanks and 1 valid
15.6077 	DEBUG 	TextBox2 loaded 1 chars with 0 blanks and 1 valid
15.6078 	DEBUG 	Uploading Texture Font fontname to graphics card
15.6093 	DEBUG 	Upload of Texture Font fontname complete
15.6467 	EXP 	Created slider_emotion = Slider(__class__=<class 'psychopy.visual.slider.Slider'>, autoDraw=False, autoLog=True, borderColor=None, color=None, colorSpace='rgb', depth=-1, fillColor=None, flip=False, font='Arial', granularity=1.0, labelColor=None, labelHeight=0.035, labelWrapWidth=None, labels=list(...), lineColor=None, markerColor=None, name='slider_emotion', opacity=None, ori=0.0, pos=array([ 0. , -0.1]), readOnly=False, self=UNKNOWN, size=array([1. , 0.1]), startValue=5, style='rating', styleTweaks=[], ticks=array([1, 2, 3, 4, 5, 6, 7, 8, 9]), units='height', win=Window(...))
15.6473 	EXP 	Created text_refresh = TextStim(__class__=<class 'psychopy.visual.text.TextStim'>, alignHoriz=method-wrapper(...), alignText='center', alignVert=method-wrapper(...), anchorHoriz='center', anchorVert='center', antialias=True, autoDraw=False, autoLog=True, bold=False, color=array([1., 1., 1.]), colorSpace='rgb', contrast=1.0, depth=0.0, draggable=False, flipHoriz=False, flipVert=False, font='Arial', fontFiles=[], height=0.05, italic=False, languageStyle='LTR', name='text_refresh', opacity=1, ori=0.0, pos=array([0., 0.]), rgb=UNKNOWN, text='', units='height', win=Window(...), wrapWidth=1)
15.6504 	EXP 	Created wait4trigger_text = TextStim(__class__=<class 'psychopy.visual.text.TextStim'>, alignHoriz=method-wrapper(...), alignText='center', alignVert=method-wrapper(...), anchorHoriz='center', anchorVert='center', antialias=True, autoDraw=False, autoLog=True, bold=False, color=array([1., 1., 1.]), colorSpace='rgb', contrast=1.0, depth=0.0, draggable=False, flipHoriz=False, flipVert=False, font='Arial', fontFiles=[], height=0.05, italic=False, languageStyle='LTR', name='wait4trigger_text', opacity=1, ori=0.0, pos=array([0., 0.]), rgb=UNKNOWN, text='Please wait for the scan to start.', units='height', win=Window(...), wrapWidth=1)
15.6517 	EXP 	Created fake_stimulus_text = TextStim(__class__=<class 'psychopy.visual.text.TextStim'>, alignHoriz=method-wrapper(...), alignText='center', alignVert=method-wrapper(...), anchorHoriz='center', anchorVert='center', antialias=True, autoDraw=False, autoLog=True, bold=False, color=array([1., 1., 1.]), colorSpace='rgb', contrast=1.0, depth=0.0, draggable=False, flipHoriz=False, flipVert=False, font='Arial', fontFiles=[], height=0.05, italic=False, languageStyle='LTR', name='fake_stimulus_text', opacity=1, ori=0.0, pos=array([0., 0.]), rgb=UNKNOWN, text='Please wait for the scan to start.', units='height', win=Window(...), wrapWidth=1)
15.6532 	EXP 	Created fixation = TextStim(__class__=<class 'psychopy.visual.text.TextStim'>, alignHoriz=method-wrapper(...), alignText='center', alignVert=method-wrapper(...), anchorHoriz='center', anchorVert='center', antialias=True, autoDraw=False, autoLog=True, bold=False, color=array([1., 1., 1.]), colorSpace='rgb', contrast=1.0, depth=0.0, draggable=False, flipHoriz=False, flipVert=False, font='Arial', fontFiles=[], height=0.4, italic=False, languageStyle='LTR', name='fixation', opacity=1, ori=0.0, pos=array([0., 0.]), rgb=UNKNOWN, text='+', units='height', win=Window(...), wrapWidth=1)
15.6537 	EXP 	Created text_refresh = TextStim(__class__=<class 'psychopy.visual.text.TextStim'>, alignHoriz=method-wrapper(...), alignText='center', alignVert=method-wrapper(...), anchorHoriz='center', anchorVert='center', antialias=True, autoDraw=False, autoLog=True, bold=False, color=array([1., 1., 1.]), colorSpace='rgb', contrast=1.0, depth=0.0, draggable=False, flipHoriz=False, flipVert=False, font='Arial', fontFiles=[], height=0.05, italic=False, languageStyle='LTR', name='text_refresh', opacity=1, ori=0.0, pos=array([0., 0.]), rgb=UNKNOWN, text='', units='height', win=Window(...), wrapWidth=1)
15.6564 	EXP 	Created rate_emotion_prompt = TextStim(__class__=<class 'psychopy.visual.text.TextStim'>, alignHoriz=method-wrapper(...), alignText='center', alignVert=method-wrapper(...), anchorHoriz='center', anchorVert='center', antialias=True, autoDraw=False, autoLog=True, bold=False, color=array([1., 1., 1.]), colorSpace='rgb', contrast=1.0, depth=0.0, draggable=False, flipHoriz=False, flipVert=False, font='Arial', fontFiles=[], height=0.05, italic=False, languageStyle='LTR', name='rate_emotion_prompt', opacity=1, ori=0.0, pos=array([0. , 0.2]), rgb=UNKNOWN, text=str(...), units='height', win=Window(...), wrapWidth=1)
15.7144 	EXP 	Created slider_emotion = Slider(__class__=<class 'psychopy.visual.slider.Slider'>, autoDraw=False, autoLog=True, borderColor=None, color=None, colorSpace='rgb', depth=-1, fillColor=None, flip=False, font='Arial', granularity=1.0, labelColor=None, labelHeight=0.035, labelWrapWidth=None, labels=list(...), lineColor=None, markerColor=None, name='slider_emotion', opacity=None, ori=0.0, pos=array([ 0. , -0.1]), readOnly=False, self=UNKNOWN, size=array([1. , 0.1]), startValue=5, style='rating', styleTweaks=[], ticks=array([1, 2, 3, 4, 5, 6, 7, 8, 9]), units='height', win=Window(...))
15.7150 	EXP 	Created text_refresh = TextStim(__class__=<class 'psychopy.visual.text.TextStim'>, alignHoriz=method-wrapper(...), alignText='center', alignVert=method-wrapper(...), anchorHoriz='center', anchorVert='center', antialias=True, autoDraw=False, autoLog=True, bold=False, color=array([1., 1., 1.]), colorSpace='rgb', contrast=1.0, depth=0.0, draggable=False, flipHoriz=False, flipVert=False, font='Arial', fontFiles=[], height=0.05, italic=False, languageStyle='LTR', name='text_refresh', opacity=1, ori=0.0, pos=array([0., 0.]), rgb=UNKNOWN, text='', units='height', win=Window(...), wrapWidth=1)
15.7176 	EXP 	Created main_body_questionnaire = TextStim(__class__=<class 'psychopy.visual.text.TextStim'>, alignHoriz=method-wrapper(...), alignText='center', alignVert=method-wrapper(...), anchorHoriz='center', anchorVert='center', antialias=True, autoDraw=False, autoLog=True, bold=False, color=array([1., 1., 1.]), colorSpace='rgb', contrast=1.0, depth=0.0, draggable=False, flipHoriz=False, flipVert=False, font='Arial', fontFiles=[], height=0.05, italic=False, languageStyle='LTR', name='main_body_questionnaire', opacity=1, ori=0.0, pos=array([0. , 0.3]), rgb=UNKNOWN, text='During the MRI my thoughts:', units='height', win=Window(...), wrapWidth=1)
15.7180 	EXP 	Created item_text = TextStim(__class__=<class 'psychopy.visual.text.TextStim'>, alignHoriz=method-wrapper(...), alignText='center', alignVert=method-wrapper(...), anchorHoriz='center', anchorVert='center', antialias=True, autoDraw=False, autoLog=True, bold=False, color=array([1., 1., 1.]), colorSpace='rgb', contrast=1.0, depth=-1.0, draggable=False, flipHoriz=False, flipVert=False, font='Arial', fontFiles=[], height=0.05, italic=False, languageStyle='LTR', name='item_text', opacity=1, ori=0.0, pos=array([0. , 0.1]), rgb=UNKNOWN, text='', units='height', win=Window(...), wrapWidth=1)
15.7403 	DEBUG 	TextBox2 loaded 1 chars with 0 blanks and 1 valid
15.7407 	DEBUG 	TextBox2 loaded 1 chars with 0 blanks and 1 valid
15.7412 	DEBUG 	TextBox2 loaded 1 chars with 0 blanks and 1 valid
15.7415 	DEBUG 	TextBox2 loaded 1 chars with 0 blanks and 1 valid
15.7416 	DEBUG 	Uploading Texture Font fontname to graphics card
15.7431 	DEBUG 	Upload of Texture Font fontname complete
15.7621 	DEBUG 	TextBox2 loaded 1 chars with 0 blanks and 1 valid
15.7622 	DEBUG 	Uploading Texture Font fontname to graphics card
15.7637 	DEBUG 	Upload of Texture Font fontname complete
15.7816 	EXP 	Created slider_thinking_content = Slider(__class__=<class 'psychopy.visual.slider.Slider'>, autoDraw=False, autoLog=True, borderColor=None, color=None, colorSpace='rgb', depth=-2, fillColor=None, flip=False, font='Arial', granularity=1.0, labelColor=None, labelHeight=0.035, labelWrapWidth=None, labels=list(...), lineColor=None, markerColor=None, name='slider_thinking_content', opacity=None, ori=0.0, pos=array([ 0. , -0.1]), readOnly=False, self=UNKNOWN, size=array([1. , 0.1]), startValue=5, style='rating', styleTweaks=[], ticks=array([1, 2, 3, 4, 5, 6, 7, 8, 9]), units='height', win=Window(...))
15.7822 	EXP 	Created text_refresh = TextStim(__class__=<class 'psychopy.visual.text.TextStim'>, alignHoriz=method-wrapper(...), alignText='center', alignVert=method-wrapper(...), anchorHoriz='center', anchorVert='center', antialias=True, autoDraw=False, autoLog=True, bold=False, color=array([1., 1., 1.]), colorSpace='rgb', contrast=1.0, depth=0.0, draggable=False, flipHoriz=False, flipVert=False, font='Arial', fontFiles=[], height=0.05, italic=False, languageStyle='LTR', name='text_refresh', opacity=1, ori=0.0, pos=array([0., 0.]), rgb=UNKNOWN, text='', units='height', win=Window(...), wrapWidth=1)
15.7862 	EXP 	Created goodbye_text = TextStim(__class__=<class 'psychopy.visual.text.TextStim'>, alignHoriz=method-wrapper(...), alignText='center', alignVert=method-wrapper(...), anchorHoriz='center', anchorVert='center', antialias=True, autoDraw=False, autoLog=True, bold=False, color=array([1., 1., 1.]), colorSpace='rgb', contrast=1.0, depth=0.0, draggable=False, flipHoriz=False, flipVert=False, font='Arial', fontFiles=[], height=0.05, italic=False, languageStyle='LTR', name='goodbye_text', opacity=1, ori=0.0, pos=array([0., 0.]), rgb=UNKNOWN, text=str(...), units='height', win=Window(...), wrapWidth=1)
0.0070 	EXP 	slider_emotion: autoLog = True
0.0070 	EXP 	slider_emotion: styleTweaks = []
0.0070 	EXP 	slider_emotion: styleTweaks = []
0.0070 	EXP 	slider_emotion: styleTweaks = []
0.0070 	EXP 	slider_emotion: styleTweaks = []
0.0070 	EXP 	slider_emotion: contrast = 1.0
0.0070 	EXP 	slider_emotion: markerPos = 5
0.0070 	EXP 	slider_emotion: autoLog = True
0.0070 	EXP 	slider_emotion: autoLog = True
0.0070 	EXP 	slider_emotion: styleTweaks = []
0.0070 	EXP 	slider_emotion: styleTweaks = []
0.0070 	EXP 	slider_emotion: styleTweaks = []
0.0070 	EXP 	slider_emotion: styleTweaks = []
0.0070 	EXP 	slider_emotion: contrast = 1.0
0.0070 	EXP 	slider_emotion: markerPos = 5
0.0070 	EXP 	slider_emotion: autoLog = True
0.0070 	EXP 	slider_thinking_content: autoLog = True
0.0070 	EXP 	slider_thinking_content: styleTweaks = []
0.0070 	EXP 	slider_thinking_content: styleTweaks = []
0.0070 	EXP 	slider_thinking_content: styleTweaks = []
0.0070 	EXP 	slider_thinking_content: styleTweaks = []
0.0070 	EXP 	slider_thinking_content: contrast = 1.0
0.0070 	EXP 	slider_thinking_content: markerPos = 5
0.0070 	EXP 	slider_thinking_content: autoLog = True
0.0374 	INFO 	Keyboard events cleared
0.0370 	WARNING 	t of last frame was 30.01ms (=1/33)
0.0370 	EXP 	text: autoDraw = True
5.0302 	EXP 	text: autoDraw = False
7.0716 	DATA 	Keypress: escape
7.0750 	WARNING 	t of last frame was 31.62ms (=1/31)
7.0774 	EXP 	resting_state_demo: status = STOPPED
7.0806 	EXP 	resting_state_demo: status = STOPPED
7.0823 	INFO 	saved data to '/Users/Chenxiao/Documents/project_codes/RST_Chinese_beta/data/999_resting_state_demo_2025-06-11_16h52.57.881.csv'
7.0825 	INFO 	saved data to /Users/Chenxiao/Documents/project_codes/RST_Chinese_beta/data/999_resting_state_demo_2025-06-11_16h52.57.881.psydat
7.4769 	DEBUG 	Saving data for resting_state_demo ExperimentHandler
