10.5772 	WARNING 	Font Manager failed to load file /System/Library/PrivateFrameworks/FontServices.framework/Resources/Reserved/PingFangUI.ttc
15.7259 	DEBUG 	Fullscreen settings ignored as running in pilot mode.
15.7266 	INFO 	Loaded monitor calibration from ['2022_04_19 09:31']
15.7269 	WARNING 	This monitor has not been color-calibrated. Using default DKL conversion matrix.
15.8125 	WARNING 	This monitor has not been color-calibrated. Using default DKL conversion matrix.
15.8126 	WARNING 	This monitor has not been color-calibrated. Using default DKL conversion matrix.
15.8621 	EXP 	Created window1 = Window(allowGUI=False, allowStencil=False, autoLog=True, backendConf=UNKNOWN, backgroundFit=<method-wrapper '__getattribute__' of attributeSetter object at 0x17c2bb040>, backgroundImage=<method-wrapper '__getattribute__' of attributeSetter object at 0x17c2bb0a0>, bitsMode=UNKNOWN, blendMode='avg', bpc=(8, 8, 8), color=array([0, 0, 0]), colorSpace='dkl', depthBits=8, fullscr=False, gamma=None, gammaErrorPolicy='raise', infoMsg=UNKNOWN, lms=UNKNOWN, monitor=<psychopy.monitors.calibTools.Monitor object at 0x17c32fe80>, multiSample=False, name='window1', numSamples=2, pos=[560.0, 240.0], screen=0, size=array([1600, 1200]), stencilBits=0, stereo=False, title='PsychoPy', units='height', useFBO=True, useRetina=True, viewOri=0.0, viewPos=None, viewScale=None, waitBlanking=True, winType='pyglet')
15.8621 	EXP 	window1: backgroundImage = ''
15.8621 	EXP 	window1: backgroundFit = 'none'
15.8681 	DEBUG 	TextBox2 loaded 1 chars with 0 blanks and 1 valid
15.8685 	DEBUG 	TextBox2 loaded 1 chars with 0 blanks and 1 valid
15.8688 	DEBUG 	TextBox2 loaded 1 chars with 0 blanks and 1 valid
15.8693 	DEBUG 	TextBox2 loaded 1 chars with 0 blanks and 1 valid
15.8697 	DEBUG 	TextBox2 loaded 1 chars with 0 blanks and 1 valid
15.8699 	DEBUG 	TextBox2 loaded 1 chars with 0 blanks and 1 valid
15.8703 	DEBUG 	TextBox2 loaded 1 chars with 0 blanks and 1 valid
15.8708 	DEBUG 	TextBox2 loaded 1 chars with 0 blanks and 1 valid
15.8709 	DEBUG 	TextBox2 loaded 1 chars with 0 blanks and 1 valid
15.8710 	DEBUG 	TextBox2 loaded 1 chars with 0 blanks and 1 valid
15.8714 	DEBUG 	TextBox2 loaded 1 chars with 0 blanks and 1 valid
15.8717 	DEBUG 	TextBox2 loaded 1 chars with 0 blanks and 1 valid
15.8720 	DEBUG 	TextBox2 loaded 1 chars with 0 blanks and 1 valid
15.8724 	DEBUG 	TextBox2 loaded 1 chars with 0 blanks and 1 valid
15.8727 	DEBUG 	TextBox2 loaded 1 chars with 0 blanks and 1 valid
15.8731 	DEBUG 	TextBox2 loaded 1 chars with 0 blanks and 1 valid
15.8735 	DEBUG 	TextBox2 loaded 1 chars with 0 blanks and 1 valid
15.8736 	DEBUG 	TextBox2 loaded 1 chars with 0 blanks and 1 valid
15.8738 	DEBUG 	TextBox2 loaded 1 chars with 0 blanks and 1 valid
15.8743 	DEBUG 	TextBox2 loaded 1 chars with 0 blanks and 1 valid
15.8745 	DEBUG 	TextBox2 loaded 1 chars with 0 blanks and 1 valid
15.8747 	DEBUG 	Uploading Texture Font fontname to graphics card
15.8775 	DEBUG 	Upload of Texture Font fontname complete
15.8809 	DEBUG 	TextBox2 loaded 1 chars with 0 blanks and 1 valid
15.8814 	DEBUG 	TextBox2 loaded 1 chars with 0 blanks and 1 valid
15.8819 	DEBUG 	TextBox2 loaded 1 chars with 0 blanks and 1 valid
15.8820 	DEBUG 	Uploading Texture Font fontname to graphics card
15.8834 	DEBUG 	Upload of Texture Font fontname complete
15.8844 	EXP 	window1: Attempting to measure frame rate of screen (0) ...
15.8844 	EXP 	window1: recordFrameIntervals = False
16.0046 	EXP 	window1: recordFrameIntervals = True
16.8386 	WARNING 	Couldn't measure a consistent frame rate!
  - Is your graphics card set to sync to vertical blank?
  - Are you running other processes on your computer?

16.8464 	DEBUG 	TextBox2 loaded 1 chars with 0 blanks and 1 valid
16.8469 	DEBUG 	TextBox2 loaded 1 chars with 0 blanks and 1 valid
16.8478 	DEBUG 	TextBox2 loaded 1 chars with 0 blanks and 1 valid
16.8490 	DEBUG 	TextBox2 loaded 1 chars with 0 blanks and 1 valid
16.8501 	DEBUG 	TextBox2 loaded 1 chars with 0 blanks and 1 valid
16.8511 	DEBUG 	TextBox2 loaded 1 chars with 0 blanks and 1 valid
16.8515 	DEBUG 	TextBox2 loaded 1 chars with 0 blanks and 1 valid
16.8524 	DEBUG 	TextBox2 loaded 1 chars with 0 blanks and 1 valid
16.8534 	DEBUG 	TextBox2 loaded 1 chars with 0 blanks and 1 valid
16.8543 	DEBUG 	TextBox2 loaded 1 chars with 0 blanks and 1 valid
16.8545 	DEBUG 	Uploading Texture Font fontname to graphics card
16.8572 	DEBUG 	Upload of Texture Font fontname complete
16.8715 	WARNING 	launchHubServer: If using the iohub mouse or eyetracker devices, fullScr should be True.
17.3874 	INFO 	keyboard.Keyboard is using iohub backend.
17.3875 	INFO 	keyboard.Keyboard is using iohub backend.
17.3875 	INFO 	keyboard.Keyboard is using iohub backend.
17.3875 	INFO 	keyboard.Keyboard is using iohub backend.
17.3875 	INFO 	keyboard.Keyboard is using iohub backend.
17.3876 	EXP 	rumination_demo: status = STARTED
17.4561 	EXP 	Created image_rum_instruct = ImageStim(__class__=<class 'psychopy.visual.image.ImageStim'>, anchor=('center', 'center'), autoLog=True, color=array([1., 1., 1.]), colorSpace='rgb', contrast=1.0, depth=0.0, draggable=False, flipHoriz=False, flipVert=False, image='stimuli/rum_instruct.png', interpolate=True, mask=None, maskParams=None, name='image_rum_instruct', opacity=1, ori=0.0, pos=array([0., 0.]), size=array([1.1  , 0.825]), texRes=128.0, units='height', win=Window(...))
17.4678 	EXP 	Created text_refresh = TextStim(__class__=<class 'psychopy.visual.text.TextStim'>, alignHoriz=method-wrapper(...), alignText='center', alignVert=method-wrapper(...), anchorHoriz='center', anchorVert='center', antialias=True, autoDraw=False, autoLog=True, bold=False, color=array([1., 1., 1.]), colorSpace='rgb', contrast=1.0, depth=0.0, draggable=False, flipHoriz=False, flipVert=False, font='Arial', fontFiles=[], height=0.05, italic=False, languageStyle='LTR', name='text_refresh', opacity=1, ori=0.0, pos=array([0., 0.]), rgb=UNKNOWN, text='', units='height', win=Window(...), wrapWidth=1)
17.4817 	EXP 	Created wait4trigger_text = TextStim(__class__=<class 'psychopy.visual.text.TextStim'>, alignHoriz=method-wrapper(...), alignText='center', alignVert=method-wrapper(...), anchorHoriz='center', anchorVert='center', antialias=True, autoDraw=False, autoLog=True, bold=False, color=array([1., 1., 1.]), colorSpace='rgb', contrast=1.0, depth=0.0, draggable=False, flipHoriz=False, flipVert=False, font='Noto Sans SC', fontFiles=[], height=0.05, italic=False, languageStyle='LTR', name='wait4trigger_text', opacity=1, ori=0.0, pos=array([0., 0.]), rgb=UNKNOWN, text='即将开始，请等待。', units='height', win=Window(...), wrapWidth=1)
17.4827 	EXP 	Created fake_stimulus_text = TextStim(__class__=<class 'psychopy.visual.text.TextStim'>, alignHoriz=method-wrapper(...), alignText='center', alignVert=method-wrapper(...), anchorHoriz='center', anchorVert='center', antialias=True, autoDraw=False, autoLog=True, bold=False, color=array([1., 1., 1.]), colorSpace='rgb', contrast=1.0, depth=0.0, draggable=False, flipHoriz=False, flipVert=False, font='Noto Sans SC', fontFiles=[], height=0.05, italic=False, languageStyle='LTR', name='fake_stimulus_text', opacity=1, ori=0.0, pos=array([0., 0.]), rgb=UNKNOWN, text='即将开始，请等待。', units='height', win=Window(...), wrapWidth=1)
17.4911 	DEBUG 	Saving data for rumination_demo ExperimentHandler
17.4913 	INFO 	saved data to /Users/Chenxiao/Documents/project_codes/RST_Chinese_beta/data/999_rumination_demo_2025-06-16_15h53.19.189.psydat
17.4915 	INFO 	saved data to '/Users/Chenxiao/Documents/project_codes/RST_Chinese_beta/data/999_rumination_demo_2025-06-16_15h53.19.189.csv'
