12.9542 	WARNING 	Font Manager failed to load file /System/Library/PrivateFrameworks/FontServices.framework/Resources/Reserved/PingFangUI.ttc
15.9337 	DEBUG 	Fullscreen settings ignored as running in pilot mode.
15.9343 	INFO 	Loaded monitor calibration from ['2022_04_19 09:31']
15.9346 	WARNING 	This monitor has not been color-calibrated. Using default DKL conversion matrix.
16.0236 	WARNING 	This monitor has not been color-calibrated. Using default DKL conversion matrix.
16.0238 	WARNING 	This monitor has not been color-calibrated. Using default DKL conversion matrix.
16.0843 	EXP 	Created window1 = Window(allowGUI=False, allowStencil=False, autoLog=True, backendConf=UNKNOWN, backgroundFit=<method-wrapper '__getattribute__' of attributeSetter object at 0x17c894100>, backgroundImage=<method-wrapper '__getattribute__' of attributeSetter object at 0x17c894160>, bitsMode=UNKNOWN, blendMode='avg', bpc=(8, 8, 8), color=array([0, 0, 0]), colorSpace='dkl', depthBits=8, fullscr=False, gamma=None, gammaErrorPolicy='raise', infoMsg=UNKNOWN, lms=UNKNOWN, monitor=<psychopy.monitors.calibTools.Monitor object at 0x17c910580>, multiSample=False, name='window1', numSamples=2, pos=[560.0, 240.0], screen=0, size=array([1600, 1200]), stencilBits=0, stereo=False, title='PsychoPy', units='pix', useFBO=True, useRetina=True, viewOri=0.0, viewPos=None, viewScale=None, waitBlanking=True, winType='pyglet')
16.0843 	EXP 	window1: backgroundImage = ''
16.0843 	EXP 	window1: backgroundFit = 'none'
16.0927 	DEBUG 	TextBox2 loaded 1 chars with 0 blanks and 1 valid
16.0932 	DEBUG 	TextBox2 loaded 1 chars with 0 blanks and 1 valid
16.0937 	DEBUG 	TextBox2 loaded 1 chars with 0 blanks and 1 valid
16.0943 	DEBUG 	TextBox2 loaded 1 chars with 0 blanks and 1 valid
16.0949 	DEBUG 	TextBox2 loaded 1 chars with 0 blanks and 1 valid
16.0951 	DEBUG 	TextBox2 loaded 1 chars with 0 blanks and 1 valid
16.0955 	DEBUG 	TextBox2 loaded 1 chars with 0 blanks and 1 valid
16.0961 	DEBUG 	TextBox2 loaded 1 chars with 0 blanks and 1 valid
16.0963 	DEBUG 	TextBox2 loaded 1 chars with 0 blanks and 1 valid
16.0964 	DEBUG 	TextBox2 loaded 1 chars with 0 blanks and 1 valid
16.0968 	DEBUG 	TextBox2 loaded 1 chars with 0 blanks and 1 valid
16.0973 	DEBUG 	TextBox2 loaded 1 chars with 0 blanks and 1 valid
16.0976 	DEBUG 	TextBox2 loaded 1 chars with 0 blanks and 1 valid
16.0981 	DEBUG 	TextBox2 loaded 1 chars with 0 blanks and 1 valid
16.0984 	DEBUG 	TextBox2 loaded 1 chars with 0 blanks and 1 valid
16.0989 	DEBUG 	TextBox2 loaded 1 chars with 0 blanks and 1 valid
16.0993 	DEBUG 	TextBox2 loaded 1 chars with 0 blanks and 1 valid
16.0995 	DEBUG 	TextBox2 loaded 1 chars with 0 blanks and 1 valid
16.0998 	DEBUG 	TextBox2 loaded 1 chars with 0 blanks and 1 valid
16.1004 	DEBUG 	TextBox2 loaded 1 chars with 0 blanks and 1 valid
16.1006 	DEBUG 	TextBox2 loaded 1 chars with 0 blanks and 1 valid
16.1009 	DEBUG 	Uploading Texture Font fontname to graphics card
16.1044 	DEBUG 	Upload of Texture Font fontname complete
16.1089 	DEBUG 	TextBox2 loaded 1 chars with 0 blanks and 1 valid
16.1095 	DEBUG 	TextBox2 loaded 1 chars with 0 blanks and 1 valid
16.1101 	DEBUG 	TextBox2 loaded 1 chars with 0 blanks and 1 valid
16.1103 	DEBUG 	Uploading Texture Font fontname to graphics card
16.1121 	DEBUG 	Upload of Texture Font fontname complete
16.1135 	EXP 	window1: Attempting to measure frame rate of screen (0) ...
16.1135 	EXP 	window1: recordFrameIntervals = False
16.2322 	EXP 	window1: recordFrameIntervals = True
17.0662 	WARNING 	Couldn't measure a consistent frame rate!
  - Is your graphics card set to sync to vertical blank?
  - Are you running other processes on your computer?

17.0716 	DEBUG 	TextBox2 loaded 1 chars with 0 blanks and 1 valid
17.0719 	DEBUG 	TextBox2 loaded 1 chars with 0 blanks and 1 valid
17.0724 	DEBUG 	TextBox2 loaded 1 chars with 0 blanks and 1 valid
17.0731 	DEBUG 	TextBox2 loaded 1 chars with 0 blanks and 1 valid
17.0737 	DEBUG 	TextBox2 loaded 1 chars with 0 blanks and 1 valid
17.0743 	DEBUG 	TextBox2 loaded 1 chars with 0 blanks and 1 valid
17.0746 	DEBUG 	TextBox2 loaded 1 chars with 0 blanks and 1 valid
17.0751 	DEBUG 	TextBox2 loaded 1 chars with 0 blanks and 1 valid
17.0757 	DEBUG 	TextBox2 loaded 1 chars with 0 blanks and 1 valid
17.0763 	DEBUG 	TextBox2 loaded 1 chars with 0 blanks and 1 valid
17.0765 	DEBUG 	Uploading Texture Font fontname to graphics card
17.0783 	DEBUG 	Upload of Texture Font fontname complete
17.0901 	WARNING 	launchHubServer: If using the iohub mouse or eyetracker devices, fullScr should be True.
19.7652 	INFO 	keyboard.Keyboard is using iohub backend.
19.7652 	INFO 	keyboard.Keyboard is using iohub backend.
19.7652 	INFO 	keyboard.Keyboard is using iohub backend.
19.7652 	INFO 	keyboard.Keyboard is using iohub backend.
19.7652 	INFO 	keyboard.Keyboard is using iohub backend.
19.7653 	EXP 	resting_state_demo: status = STARTED
19.8141 	EXP 	Created text_welcome = TextStim(__class__=<class 'psychopy.visual.text.TextStim'>, alignHoriz=method-wrapper(...), alignText='center', alignVert=method-wrapper(...), anchorHoriz='center', anchorVert='center', antialias=True, autoDraw=False, autoLog=True, bold=False, color=array([1., 1., 1.]), colorSpace='rgb', contrast=1.0, depth=0.0, draggable=False, flipHoriz=False, flipVert=False, font='Heiti SC', fontFiles=[], height=30.0, italic=False, languageStyle='LTR', name='text_welcome', opacity=1, ori=0.0, pos=array([-300.,    0.]), rgb=UNKNOWN, text=str(...), units='pix', win=Window(...), wrapWidth=100.0)
19.8166 	EXP 	Created text_refresh = TextStim(__class__=<class 'psychopy.visual.text.TextStim'>, alignHoriz=method-wrapper(...), alignText='center', alignVert=method-wrapper(...), anchorHoriz='center', anchorVert='center', antialias=True, autoDraw=False, autoLog=True, bold=False, color=array([1., 1., 1.]), colorSpace='rgb', contrast=1.0, depth=0.0, draggable=False, flipHoriz=False, flipVert=False, font='Arial', fontFiles=[], height=0.05, italic=False, languageStyle='LTR', name='text_refresh', opacity=1, ori=0.0, pos=array([0., 0.]), rgb=UNKNOWN, text='', units='pix', win=Window(...), wrapWidth=500)
19.8250 	EXP 	Created rate_emotion_prompt = TextStim(__class__=<class 'psychopy.visual.text.TextStim'>, alignHoriz=method-wrapper(...), alignText='center', alignVert=method-wrapper(...), anchorHoriz='center', anchorVert='center', antialias=True, autoDraw=False, autoLog=True, bold=False, color=array([1., 1., 1.]), colorSpace='rgb', contrast=1.0, depth=0.0, draggable=False, flipHoriz=False, flipVert=False, font='Arial', fontFiles=[], height=0.05, italic=False, languageStyle='LTR', name='rate_emotion_prompt', opacity=1, ori=0.0, pos=array([0. , 0.2]), rgb=UNKNOWN, text=str(...), units='pix', win=Window(...), wrapWidth=500)
19.8424 	DEBUG 	TextBox2 loaded 1 chars with 0 blanks and 1 valid
19.8428 	DEBUG 	TextBox2 loaded 1 chars with 0 blanks and 1 valid
19.8430 	DEBUG 	TextBox2 loaded 1 chars with 0 blanks and 1 valid
19.8433 	DEBUG 	TextBox2 loaded 1 chars with 0 blanks and 1 valid
19.8435 	DEBUG 	TextBox2 loaded 1 chars with 0 blanks and 1 valid
19.8437 	DEBUG 	TextBox2 loaded 1 chars with 0 blanks and 1 valid
19.8439 	DEBUG 	TextBox2 loaded 1 chars with 0 blanks and 1 valid
19.8442 	DEBUG 	TextBox2 loaded 1 chars with 0 blanks and 1 valid
19.8444 	DEBUG 	TextBox2 loaded 1 chars with 0 blanks and 1 valid
19.8446 	DEBUG 	TextBox2 loaded 1 chars with 0 blanks and 1 valid
19.8449 	DEBUG 	TextBox2 loaded 1 chars with 0 blanks and 1 valid
19.8451 	DEBUG 	TextBox2 loaded 1 chars with 0 blanks and 1 valid
19.8455 	DEBUG 	Uploading Texture Font fontname to graphics card
19.8484 	DEBUG 	Upload of Texture Font fontname complete
19.8520 	DEBUG 	TextBox2 loaded 1 chars with 0 blanks and 1 valid
19.8524 	DEBUG 	TextBox2 loaded 1 chars with 0 blanks and 1 valid
19.8526 	DEBUG 	Uploading Texture Font fontname to graphics card
19.8548 	DEBUG 	Upload of Texture Font fontname complete
19.8751 	DEBUG 	TextBox2 loaded 1 chars with 0 blanks and 1 valid
19.8754 	DEBUG 	TextBox2 loaded 1 chars with 0 blanks and 1 valid
19.8756 	DEBUG 	Uploading Texture Font fontname to graphics card
19.8773 	DEBUG 	Upload of Texture Font fontname complete
19.9302 	EXP 	Created slider_emotion = Slider(__class__=<class 'psychopy.visual.slider.Slider'>, autoDraw=False, autoLog=True, borderColor=None, color=None, colorSpace='rgb', depth=-1, fillColor=None, flip=False, font='Arial', granularity=1.0, labelColor=None, labelHeight=0.035, labelWrapWidth=None, labels=list(...), lineColor=None, markerColor=None, name='slider_emotion', opacity=None, ori=0.0, pos=array([ 0. , -0.1]), readOnly=False, self=UNKNOWN, size=array([1. , 0.1]), startValue=5, style='rating', styleTweaks=[], ticks=array([1, 2, 3, 4, 5, 6, 7, 8, 9]), units='pix', win=Window(...))
19.9310 	EXP 	Created text_refresh = TextStim(__class__=<class 'psychopy.visual.text.TextStim'>, alignHoriz=method-wrapper(...), alignText='center', alignVert=method-wrapper(...), anchorHoriz='center', anchorVert='center', antialias=True, autoDraw=False, autoLog=True, bold=False, color=array([1., 1., 1.]), colorSpace='rgb', contrast=1.0, depth=0.0, draggable=False, flipHoriz=False, flipVert=False, font='Arial', fontFiles=[], height=0.05, italic=False, languageStyle='LTR', name='text_refresh', opacity=1, ori=0.0, pos=array([0., 0.]), rgb=UNKNOWN, text='', units='pix', win=Window(...), wrapWidth=500)
19.9342 	EXP 	Created wait4trigger_text = TextStim(__class__=<class 'psychopy.visual.text.TextStim'>, alignHoriz=method-wrapper(...), alignText='center', alignVert=method-wrapper(...), anchorHoriz='center', anchorVert='center', antialias=True, autoDraw=False, autoLog=True, bold=False, color=array([1., 1., 1.]), colorSpace='rgb', contrast=1.0, depth=0.0, draggable=False, flipHoriz=False, flipVert=False, font='Arial', fontFiles=[], height=0.05, italic=False, languageStyle='LTR', name='wait4trigger_text', opacity=1, ori=0.0, pos=array([0., 0.]), rgb=UNKNOWN, text='Please wait for the scan to start.', units='pix', win=Window(...), wrapWidth=500)
19.9358 	EXP 	Created fake_stimulus_text = TextStim(__class__=<class 'psychopy.visual.text.TextStim'>, alignHoriz=method-wrapper(...), alignText='center', alignVert=method-wrapper(...), anchorHoriz='center', anchorVert='center', antialias=True, autoDraw=False, autoLog=True, bold=False, color=array([1., 1., 1.]), colorSpace='rgb', contrast=1.0, depth=0.0, draggable=False, flipHoriz=False, flipVert=False, font='Arial', fontFiles=[], height=0.05, italic=False, languageStyle='LTR', name='fake_stimulus_text', opacity=1, ori=0.0, pos=array([0., 0.]), rgb=UNKNOWN, text='Please wait for the scan to start.', units='pix', win=Window(...), wrapWidth=500)
19.9374 	EXP 	Created fixation = TextStim(__class__=<class 'psychopy.visual.text.TextStim'>, alignHoriz=method-wrapper(...), alignText='center', alignVert=method-wrapper(...), anchorHoriz='center', anchorVert='center', antialias=True, autoDraw=False, autoLog=True, bold=False, color=array([1., 1., 1.]), colorSpace='rgb', contrast=1.0, depth=0.0, draggable=False, flipHoriz=False, flipVert=False, font='Arial', fontFiles=[], height=0.4, italic=False, languageStyle='LTR', name='fixation', opacity=1, ori=0.0, pos=array([0., 0.]), rgb=UNKNOWN, text='+', units='pix', win=Window(...), wrapWidth=500)
19.9379 	EXP 	Created text_refresh = TextStim(__class__=<class 'psychopy.visual.text.TextStim'>, alignHoriz=method-wrapper(...), alignText='center', alignVert=method-wrapper(...), anchorHoriz='center', anchorVert='center', antialias=True, autoDraw=False, autoLog=True, bold=False, color=array([1., 1., 1.]), colorSpace='rgb', contrast=1.0, depth=0.0, draggable=False, flipHoriz=False, flipVert=False, font='Arial', fontFiles=[], height=0.05, italic=False, languageStyle='LTR', name='text_refresh', opacity=1, ori=0.0, pos=array([0., 0.]), rgb=UNKNOWN, text='', units='pix', win=Window(...), wrapWidth=500)
19.9398 	EXP 	Created rate_emotion_prompt = TextStim(__class__=<class 'psychopy.visual.text.TextStim'>, alignHoriz=method-wrapper(...), alignText='center', alignVert=method-wrapper(...), anchorHoriz='center', anchorVert='center', antialias=True, autoDraw=False, autoLog=True, bold=False, color=array([1., 1., 1.]), colorSpace='rgb', contrast=1.0, depth=0.0, draggable=False, flipHoriz=False, flipVert=False, font='Arial', fontFiles=[], height=0.05, italic=False, languageStyle='LTR', name='rate_emotion_prompt', opacity=1, ori=0.0, pos=array([0. , 0.2]), rgb=UNKNOWN, text=str(...), units='pix', win=Window(...), wrapWidth=500)
20.0191 	EXP 	Created slider_emotion = Slider(__class__=<class 'psychopy.visual.slider.Slider'>, autoDraw=False, autoLog=True, borderColor=None, color=None, colorSpace='rgb', depth=-1, fillColor=None, flip=False, font='Arial', granularity=1.0, labelColor=None, labelHeight=0.035, labelWrapWidth=None, labels=list(...), lineColor=None, markerColor=None, name='slider_emotion', opacity=None, ori=0.0, pos=array([ 0. , -0.1]), readOnly=False, self=UNKNOWN, size=array([1. , 0.1]), startValue=5, style='rating', styleTweaks=[], ticks=array([1, 2, 3, 4, 5, 6, 7, 8, 9]), units='pix', win=Window(...))
20.0200 	EXP 	Created text_refresh = TextStim(__class__=<class 'psychopy.visual.text.TextStim'>, alignHoriz=method-wrapper(...), alignText='center', alignVert=method-wrapper(...), anchorHoriz='center', anchorVert='center', antialias=True, autoDraw=False, autoLog=True, bold=False, color=array([1., 1., 1.]), colorSpace='rgb', contrast=1.0, depth=0.0, draggable=False, flipHoriz=False, flipVert=False, font='Arial', fontFiles=[], height=0.05, italic=False, languageStyle='LTR', name='text_refresh', opacity=1, ori=0.0, pos=array([0., 0.]), rgb=UNKNOWN, text='', units='pix', win=Window(...), wrapWidth=500)
20.0236 	EXP 	Created main_body_questionnaire = TextStim(__class__=<class 'psychopy.visual.text.TextStim'>, alignHoriz=method-wrapper(...), alignText='center', alignVert=method-wrapper(...), anchorHoriz='center', anchorVert='center', antialias=True, autoDraw=False, autoLog=True, bold=False, color=array([1., 1., 1.]), colorSpace='rgb', contrast=1.0, depth=0.0, draggable=False, flipHoriz=False, flipVert=False, font='Arial', fontFiles=[], height=0.05, italic=False, languageStyle='LTR', name='main_body_questionnaire', opacity=1, ori=0.0, pos=array([0. , 0.3]), rgb=UNKNOWN, text='During the MRI my thoughts:', units='pix', win=Window(...), wrapWidth=500)
20.0241 	EXP 	Created item_text = TextStim(__class__=<class 'psychopy.visual.text.TextStim'>, alignHoriz=method-wrapper(...), alignText='center', alignVert=method-wrapper(...), anchorHoriz='center', anchorVert='center', antialias=True, autoDraw=False, autoLog=True, bold=False, color=array([1., 1., 1.]), colorSpace='rgb', contrast=1.0, depth=-1.0, draggable=False, flipHoriz=False, flipVert=False, font='Arial', fontFiles=[], height=0.05, italic=False, languageStyle='LTR', name='item_text', opacity=1, ori=0.0, pos=array([0. , 0.1]), rgb=UNKNOWN, text='', units='pix', win=Window(...), wrapWidth=500)
20.0521 	DEBUG 	TextBox2 loaded 1 chars with 0 blanks and 1 valid
20.0525 	DEBUG 	TextBox2 loaded 1 chars with 0 blanks and 1 valid
20.0527 	DEBUG 	TextBox2 loaded 1 chars with 0 blanks and 1 valid
20.0530 	DEBUG 	TextBox2 loaded 1 chars with 0 blanks and 1 valid
20.0533 	DEBUG 	Uploading Texture Font fontname to graphics card
20.0551 	DEBUG 	Upload of Texture Font fontname complete
20.0783 	DEBUG 	TextBox2 loaded 1 chars with 0 blanks and 1 valid
20.0786 	DEBUG 	Uploading Texture Font fontname to graphics card
20.0803 	DEBUG 	Upload of Texture Font fontname complete
20.1082 	EXP 	Created slider_thinking_content = Slider(__class__=<class 'psychopy.visual.slider.Slider'>, autoDraw=False, autoLog=True, borderColor=None, color=None, colorSpace='rgb', depth=-2, fillColor=None, flip=False, font='Arial', granularity=1.0, labelColor=None, labelHeight=0.035, labelWrapWidth=None, labels=list(...), lineColor=None, markerColor=None, name='slider_thinking_content', opacity=None, ori=0.0, pos=array([ 0. , -0.1]), readOnly=False, self=UNKNOWN, size=array([1. , 0.1]), startValue=5, style='rating', styleTweaks=[], ticks=array([1, 2, 3, 4, 5, 6, 7, 8, 9]), units='pix', win=Window(...))
20.1089 	EXP 	Created text_refresh = TextStim(__class__=<class 'psychopy.visual.text.TextStim'>, alignHoriz=method-wrapper(...), alignText='center', alignVert=method-wrapper(...), anchorHoriz='center', anchorVert='center', antialias=True, autoDraw=False, autoLog=True, bold=False, color=array([1., 1., 1.]), colorSpace='rgb', contrast=1.0, depth=0.0, draggable=False, flipHoriz=False, flipVert=False, font='Arial', fontFiles=[], height=0.05, italic=False, languageStyle='LTR', name='text_refresh', opacity=1, ori=0.0, pos=array([0., 0.]), rgb=UNKNOWN, text='', units='pix', win=Window(...), wrapWidth=500)
20.1143 	EXP 	Created goodbye_text = TextStim(__class__=<class 'psychopy.visual.text.TextStim'>, alignHoriz=method-wrapper(...), alignText='center', alignVert=method-wrapper(...), anchorHoriz='center', anchorVert='center', antialias=True, autoDraw=False, autoLog=True, bold=False, color=array([1., 1., 1.]), colorSpace='rgb', contrast=1.0, depth=0.0, draggable=False, flipHoriz=False, flipVert=False, font='Arial', fontFiles=[], height=0.05, italic=False, languageStyle='LTR', name='goodbye_text', opacity=1, ori=0.0, pos=array([0., 0.]), rgb=UNKNOWN, text=str(...), units='pix', win=Window(...), wrapWidth=500)
0.0071 	EXP 	slider_emotion: autoLog = True
0.0071 	EXP 	slider_emotion: styleTweaks = []
0.0071 	EXP 	slider_emotion: styleTweaks = []
0.0071 	EXP 	slider_emotion: styleTweaks = []
0.0071 	EXP 	slider_emotion: styleTweaks = []
0.0071 	EXP 	slider_emotion: contrast = 1.0
0.0071 	EXP 	slider_emotion: markerPos = 5
0.0071 	EXP 	slider_emotion: autoLog = True
0.0071 	EXP 	slider_emotion: autoLog = True
0.0071 	EXP 	slider_emotion: styleTweaks = []
0.0071 	EXP 	slider_emotion: styleTweaks = []
0.0071 	EXP 	slider_emotion: styleTweaks = []
0.0071 	EXP 	slider_emotion: styleTweaks = []
0.0071 	EXP 	slider_emotion: contrast = 1.0
0.0071 	EXP 	slider_emotion: markerPos = 5
0.0071 	EXP 	slider_emotion: autoLog = True
0.0071 	EXP 	slider_thinking_content: autoLog = True
0.0071 	EXP 	slider_thinking_content: styleTweaks = []
0.0071 	EXP 	slider_thinking_content: styleTweaks = []
0.0071 	EXP 	slider_thinking_content: styleTweaks = []
0.0071 	EXP 	slider_thinking_content: styleTweaks = []
0.0071 	EXP 	slider_thinking_content: contrast = 1.0
0.0071 	EXP 	slider_thinking_content: markerPos = 5
0.0071 	EXP 	slider_thinking_content: autoLog = True
0.0244 	INFO 	Keyboard events cleared
0.0240 	EXP 	text_welcome: autoDraw = True
5.2335 	DATA 	Keypress: escape
5.2358 	WARNING 	t of last frame was 34.11ms (=1/29)
5.2740 	EXP 	resting_state_demo: status = STOPPED
5.2851 	EXP 	text_welcome: autoDraw = False
5.2864 	EXP 	resting_state_demo: status = STOPPED
5.2881 	INFO 	saved data to '/Users/Chenxiao/Documents/project_codes/RST_Chinese_beta/data/999_resting_state_demo_2025-06-10_17h21.14.250.csv'
5.2884 	INFO 	saved data to /Users/Chenxiao/Documents/project_codes/RST_Chinese_beta/data/999_resting_state_demo_2025-06-10_17h21.14.250.psydat
5.7459 	DEBUG 	Saving data for resting_state_demo ExperimentHandler
