10.5074 	WARNING 	Font Manager failed to load file /System/Library/PrivateFrameworks/FontServices.framework/Resources/Reserved/PingFangUI.ttc
13.1270 	DEBUG 	Fullscreen settings ignored as running in pilot mode.
13.1278 	INFO 	Loaded monitor calibration from ['2022_04_19 09:31']
13.1280 	WARNING 	This monitor has not been color-calibrated. Using default DKL conversion matrix.
13.2221 	WARNING 	This monitor has not been color-calibrated. Using default DKL conversion matrix.
13.2222 	WARNING 	This monitor has not been color-calibrated. Using default DKL conversion matrix.
13.2715 	EXP 	Created window1 = Window(allowGUI=False, allowStencil=False, autoLog=True, backendConf=UNKNOWN, backgroundFit=<method-wrapper '__getattribute__' of attributeSetter object at 0x17d11e950>, backgroundImage=<method-wrapper '__getattribute__' of attributeSetter object at 0x17d11e9b0>, bitsMode=UNKNOWN, blendMode='avg', bpc=(8, 8, 8), color=array([0, 0, 0]), colorSpace='dkl', depthBits=8, fullscr=True, gamma=None, gammaErrorPolicy='raise', infoMsg=UNKNOWN, lms=UNKNOWN, monitor=<psychopy.monitors.calibTools.Monitor object at 0x17cb34700>, multiSample=False, name='window1', numSamples=2, pos=[0.0, 0.0], screen=0, size=array([3840, 2160]), stencilBits=0, stereo=False, title='PsychoPy', units='height', useFBO=True, useRetina=True, viewOri=0.0, viewPos=None, viewScale=None, waitBlanking=True, winType='pyglet')
13.2715 	EXP 	window1: backgroundImage = ''
13.2715 	EXP 	window1: backgroundFit = 'none'
13.2783 	DEBUG 	TextBox2 loaded 1 chars with 0 blanks and 1 valid
13.2792 	DEBUG 	TextBox2 loaded 1 chars with 0 blanks and 1 valid
13.2803 	DEBUG 	TextBox2 loaded 1 chars with 0 blanks and 1 valid
13.2818 	DEBUG 	TextBox2 loaded 1 chars with 0 blanks and 1 valid
13.2832 	DEBUG 	TextBox2 loaded 1 chars with 0 blanks and 1 valid
13.2837 	DEBUG 	TextBox2 loaded 1 chars with 0 blanks and 1 valid
13.2846 	DEBUG 	TextBox2 loaded 1 chars with 0 blanks and 1 valid
13.2861 	DEBUG 	TextBox2 loaded 1 chars with 0 blanks and 1 valid
13.2862 	DEBUG 	TextBox2 loaded 1 chars with 0 blanks and 1 valid
13.2864 	DEBUG 	TextBox2 loaded 1 chars with 0 blanks and 1 valid
13.2874 	DEBUG 	TextBox2 loaded 1 chars with 0 blanks and 1 valid
13.2884 	DEBUG 	TextBox2 loaded 1 chars with 0 blanks and 1 valid
13.2892 	DEBUG 	TextBox2 loaded 1 chars with 0 blanks and 1 valid
13.2902 	DEBUG 	TextBox2 loaded 1 chars with 0 blanks and 1 valid
13.2909 	DEBUG 	TextBox2 loaded 1 chars with 0 blanks and 1 valid
13.2919 	DEBUG 	TextBox2 loaded 1 chars with 0 blanks and 1 valid
13.2929 	DEBUG 	TextBox2 loaded 1 chars with 0 blanks and 1 valid
13.2932 	DEBUG 	TextBox2 loaded 1 chars with 0 blanks and 1 valid
13.2936 	DEBUG 	TextBox2 loaded 1 chars with 0 blanks and 1 valid
13.2951 	DEBUG 	TextBox2 loaded 1 chars with 0 blanks and 1 valid
13.2953 	DEBUG 	TextBox2 loaded 1 chars with 0 blanks and 1 valid
13.2955 	DEBUG 	Uploading Texture Font fontname to graphics card
13.2983 	DEBUG 	Upload of Texture Font fontname complete
13.3026 	DEBUG 	TextBox2 loaded 1 chars with 0 blanks and 1 valid
13.3040 	DEBUG 	TextBox2 loaded 1 chars with 0 blanks and 1 valid
13.3054 	DEBUG 	TextBox2 loaded 1 chars with 0 blanks and 1 valid
13.3055 	DEBUG 	Uploading Texture Font fontname to graphics card
13.3071 	DEBUG 	Upload of Texture Font fontname complete
13.3081 	EXP 	window1: Attempting to measure frame rate of screen (0) ...
13.3081 	EXP 	window1: recordFrameIntervals = False
13.4396 	EXP 	window1: recordFrameIntervals = True
14.2784 	WARNING 	Couldn't measure a consistent frame rate!
  - Is your graphics card set to sync to vertical blank?
  - Are you running other processes on your computer?

14.2877 	DEBUG 	TextBox2 loaded 1 chars with 0 blanks and 1 valid
14.2887 	DEBUG 	TextBox2 loaded 1 chars with 0 blanks and 1 valid
14.2908 	DEBUG 	TextBox2 loaded 1 chars with 0 blanks and 1 valid
14.2939 	DEBUG 	TextBox2 loaded 1 chars with 0 blanks and 1 valid
14.2963 	DEBUG 	TextBox2 loaded 1 chars with 0 blanks and 1 valid
14.2989 	DEBUG 	TextBox2 loaded 1 chars with 0 blanks and 1 valid
14.2995 	DEBUG 	TextBox2 loaded 1 chars with 0 blanks and 1 valid
14.3015 	DEBUG 	TextBox2 loaded 1 chars with 0 blanks and 1 valid
14.3038 	DEBUG 	TextBox2 loaded 1 chars with 0 blanks and 1 valid
14.3057 	DEBUG 	TextBox2 loaded 1 chars with 0 blanks and 1 valid
14.3060 	DEBUG 	Uploading Texture Font fontname to graphics card
14.3094 	DEBUG 	Upload of Texture Font fontname complete
16.2401 	INFO 	keyboard.Keyboard is using iohub backend.
16.2401 	INFO 	keyboard.Keyboard is using iohub backend.
16.2401 	INFO 	keyboard.Keyboard is using iohub backend.
16.2401 	INFO 	keyboard.Keyboard is using iohub backend.
16.2401 	INFO 	keyboard.Keyboard is using iohub backend.
16.2401 	EXP 	resting_state_demo: status = STARTED
16.3097 	EXP 	Created image_welcome = ImageStim(__class__=<class 'psychopy.visual.image.ImageStim'>, anchor=('center', 'center'), autoLog=True, color=array([1., 1., 1.]), colorSpace='rgb', contrast=1.0, depth=0.0, draggable=False, flipHoriz=False, flipVert=False, image='stimuli/welcome.png', interpolate=True, mask=None, maskParams=None, name='image_welcome', opacity=1, ori=0.0, pos=array([0., 0.]), size=array([1.1  , 0.825]), texRes=128.0, units='height', win=Window(...))
16.3206 	EXP 	Created text_refresh = TextStim(__class__=<class 'psychopy.visual.text.TextStim'>, alignHoriz=method-wrapper(...), alignText='center', alignVert=method-wrapper(...), anchorHoriz='center', anchorVert='center', antialias=True, autoDraw=False, autoLog=True, bold=False, color=array([1., 1., 1.]), colorSpace='rgb', contrast=1.0, depth=0.0, draggable=False, flipHoriz=False, flipVert=False, font='Arial', fontFiles=[], height=0.05, italic=False, languageStyle='LTR', name='text_refresh', opacity=1, ori=0.0, pos=array([0., 0.]), rgb=UNKNOWN, text='', units='height', win=Window(...), wrapWidth=1)
16.3322 	EXP 	Created rate_emotion_prompt = TextStim(__class__=<class 'psychopy.visual.text.TextStim'>, alignHoriz=method-wrapper(...), alignText='center', alignVert=method-wrapper(...), anchorHoriz='center', anchorVert='center', antialias=True, autoDraw=False, autoLog=True, bold=False, color=array([1., 1., 1.]), colorSpace='rgb', contrast=1.0, depth=0.0, draggable=False, flipHoriz=False, flipVert=False, font='Arial', fontFiles=[], height=0.05, italic=False, languageStyle='LTR', name='rate_emotion_prompt', opacity=1, ori=0.0, pos=array([0. , 0.2]), rgb=UNKNOWN, text=str(...), units='height', win=Window(...), wrapWidth=1)
16.3455 	DEBUG 	TextBox2 loaded 1 chars with 0 blanks and 1 valid
16.3462 	DEBUG 	TextBox2 loaded 1 chars with 0 blanks and 1 valid
16.3466 	DEBUG 	TextBox2 loaded 1 chars with 0 blanks and 1 valid
16.3474 	DEBUG 	TextBox2 loaded 1 chars with 0 blanks and 1 valid
16.3476 	DEBUG 	TextBox2 loaded 1 chars with 0 blanks and 1 valid
16.3479 	DEBUG 	TextBox2 loaded 1 chars with 0 blanks and 1 valid
16.3484 	DEBUG 	TextBox2 loaded 1 chars with 0 blanks and 1 valid
16.3490 	DEBUG 	TextBox2 loaded 1 chars with 0 blanks and 1 valid
16.3492 	DEBUG 	TextBox2 loaded 1 chars with 0 blanks and 1 valid
16.3499 	DEBUG 	TextBox2 loaded 1 chars with 0 blanks and 1 valid
16.3505 	DEBUG 	TextBox2 loaded 1 chars with 0 blanks and 1 valid
16.3513 	DEBUG 	TextBox2 loaded 1 chars with 0 blanks and 1 valid
16.3514 	DEBUG 	Uploading Texture Font fontname to graphics card
16.3536 	DEBUG 	Upload of Texture Font fontname complete
16.3571 	DEBUG 	TextBox2 loaded 1 chars with 0 blanks and 1 valid
16.3574 	DEBUG 	TextBox2 loaded 1 chars with 0 blanks and 1 valid
16.3575 	DEBUG 	Uploading Texture Font fontname to graphics card
16.3589 	DEBUG 	Upload of Texture Font fontname complete
16.3758 	DEBUG 	TextBox2 loaded 1 chars with 0 blanks and 1 valid
16.3761 	DEBUG 	TextBox2 loaded 1 chars with 0 blanks and 1 valid
16.3762 	DEBUG 	Uploading Texture Font fontname to graphics card
16.3777 	DEBUG 	Upload of Texture Font fontname complete
16.4203 	EXP 	Created slider_emotion = Slider(__class__=<class 'psychopy.visual.slider.Slider'>, autoDraw=False, autoLog=True, borderColor=None, color=None, colorSpace='rgb', depth=-1, fillColor=None, flip=False, font='Arial', granularity=1.0, labelColor=None, labelHeight=0.035, labelWrapWidth=None, labels=list(...), lineColor=None, markerColor=None, name='slider_emotion', opacity=None, ori=0.0, pos=array([ 0. , -0.1]), readOnly=False, self=UNKNOWN, size=array([1. , 0.1]), startValue=5, style='rating', styleTweaks=[], ticks=array([1, 2, 3, 4, 5, 6, 7, 8, 9]), units='height', win=Window(...))
16.4209 	EXP 	Created text_refresh = TextStim(__class__=<class 'psychopy.visual.text.TextStim'>, alignHoriz=method-wrapper(...), alignText='center', alignVert=method-wrapper(...), anchorHoriz='center', anchorVert='center', antialias=True, autoDraw=False, autoLog=True, bold=False, color=array([1., 1., 1.]), colorSpace='rgb', contrast=1.0, depth=0.0, draggable=False, flipHoriz=False, flipVert=False, font='Arial', fontFiles=[], height=0.05, italic=False, languageStyle='LTR', name='text_refresh', opacity=1, ori=0.0, pos=array([0., 0.]), rgb=UNKNOWN, text='', units='height', win=Window(...), wrapWidth=1)
16.4228 	EXP 	Created wait4trigger_text = TextStim(__class__=<class 'psychopy.visual.text.TextStim'>, alignHoriz=method-wrapper(...), alignText='center', alignVert=method-wrapper(...), anchorHoriz='center', anchorVert='center', antialias=True, autoDraw=False, autoLog=True, bold=False, color=array([1., 1., 1.]), colorSpace='rgb', contrast=1.0, depth=0.0, draggable=False, flipHoriz=False, flipVert=False, font='Arial', fontFiles=[], height=0.05, italic=False, languageStyle='LTR', name='wait4trigger_text', opacity=1, ori=0.0, pos=array([0., 0.]), rgb=UNKNOWN, text='Please wait for the scan to start.', units='height', win=Window(...), wrapWidth=1)
16.4241 	EXP 	Created fake_stimulus_text = TextStim(__class__=<class 'psychopy.visual.text.TextStim'>, alignHoriz=method-wrapper(...), alignText='center', alignVert=method-wrapper(...), anchorHoriz='center', anchorVert='center', antialias=True, autoDraw=False, autoLog=True, bold=False, color=array([1., 1., 1.]), colorSpace='rgb', contrast=1.0, depth=0.0, draggable=False, flipHoriz=False, flipVert=False, font='Arial', fontFiles=[], height=0.05, italic=False, languageStyle='LTR', name='fake_stimulus_text', opacity=1, ori=0.0, pos=array([0., 0.]), rgb=UNKNOWN, text='Please wait for the scan to start.', units='height', win=Window(...), wrapWidth=1)
16.4263 	EXP 	Created fixation = TextStim(__class__=<class 'psychopy.visual.text.TextStim'>, alignHoriz=method-wrapper(...), alignText='center', alignVert=method-wrapper(...), anchorHoriz='center', anchorVert='center', antialias=True, autoDraw=False, autoLog=True, bold=False, color=array([1., 1., 1.]), colorSpace='rgb', contrast=1.0, depth=0.0, draggable=False, flipHoriz=False, flipVert=False, font='Arial', fontFiles=[], height=0.4, italic=False, languageStyle='LTR', name='fixation', opacity=1, ori=0.0, pos=array([0., 0.]), rgb=UNKNOWN, text='+', units='height', win=Window(...), wrapWidth=1)
16.4268 	EXP 	Created text_refresh = TextStim(__class__=<class 'psychopy.visual.text.TextStim'>, alignHoriz=method-wrapper(...), alignText='center', alignVert=method-wrapper(...), anchorHoriz='center', anchorVert='center', antialias=True, autoDraw=False, autoLog=True, bold=False, color=array([1., 1., 1.]), colorSpace='rgb', contrast=1.0, depth=0.0, draggable=False, flipHoriz=False, flipVert=False, font='Arial', fontFiles=[], height=0.05, italic=False, languageStyle='LTR', name='text_refresh', opacity=1, ori=0.0, pos=array([0., 0.]), rgb=UNKNOWN, text='', units='height', win=Window(...), wrapWidth=1)
16.4283 	EXP 	Created rate_emotion_prompt = TextStim(__class__=<class 'psychopy.visual.text.TextStim'>, alignHoriz=method-wrapper(...), alignText='center', alignVert=method-wrapper(...), anchorHoriz='center', anchorVert='center', antialias=True, autoDraw=False, autoLog=True, bold=False, color=array([1., 1., 1.]), colorSpace='rgb', contrast=1.0, depth=0.0, draggable=False, flipHoriz=False, flipVert=False, font='Arial', fontFiles=[], height=0.05, italic=False, languageStyle='LTR', name='rate_emotion_prompt', opacity=1, ori=0.0, pos=array([0. , 0.2]), rgb=UNKNOWN, text=str(...), units='height', win=Window(...), wrapWidth=1)
16.4873 	EXP 	Created slider_emotion = Slider(__class__=<class 'psychopy.visual.slider.Slider'>, autoDraw=False, autoLog=True, borderColor=None, color=None, colorSpace='rgb', depth=-1, fillColor=None, flip=False, font='Arial', granularity=1.0, labelColor=None, labelHeight=0.035, labelWrapWidth=None, labels=list(...), lineColor=None, markerColor=None, name='slider_emotion', opacity=None, ori=0.0, pos=array([ 0. , -0.1]), readOnly=False, self=UNKNOWN, size=array([1. , 0.1]), startValue=5, style='rating', styleTweaks=[], ticks=array([1, 2, 3, 4, 5, 6, 7, 8, 9]), units='height', win=Window(...))
16.4879 	EXP 	Created text_refresh = TextStim(__class__=<class 'psychopy.visual.text.TextStim'>, alignHoriz=method-wrapper(...), alignText='center', alignVert=method-wrapper(...), anchorHoriz='center', anchorVert='center', antialias=True, autoDraw=False, autoLog=True, bold=False, color=array([1., 1., 1.]), colorSpace='rgb', contrast=1.0, depth=0.0, draggable=False, flipHoriz=False, flipVert=False, font='Arial', fontFiles=[], height=0.05, italic=False, languageStyle='LTR', name='text_refresh', opacity=1, ori=0.0, pos=array([0., 0.]), rgb=UNKNOWN, text='', units='height', win=Window(...), wrapWidth=1)
16.4911 	EXP 	Created main_body_questionnaire = TextStim(__class__=<class 'psychopy.visual.text.TextStim'>, alignHoriz=method-wrapper(...), alignText='center', alignVert=method-wrapper(...), anchorHoriz='center', anchorVert='center', antialias=True, autoDraw=False, autoLog=True, bold=False, color=array([1., 1., 1.]), colorSpace='rgb', contrast=1.0, depth=0.0, draggable=False, flipHoriz=False, flipVert=False, font='Arial', fontFiles=[], height=0.05, italic=False, languageStyle='LTR', name='main_body_questionnaire', opacity=1, ori=0.0, pos=array([0. , 0.3]), rgb=UNKNOWN, text='During the MRI my thoughts:', units='height', win=Window(...), wrapWidth=1)
16.4914 	EXP 	Created item_text = TextStim(__class__=<class 'psychopy.visual.text.TextStim'>, alignHoriz=method-wrapper(...), alignText='center', alignVert=method-wrapper(...), anchorHoriz='center', anchorVert='center', antialias=True, autoDraw=False, autoLog=True, bold=False, color=array([1., 1., 1.]), colorSpace='rgb', contrast=1.0, depth=-1.0, draggable=False, flipHoriz=False, flipVert=False, font='Arial', fontFiles=[], height=0.05, italic=False, languageStyle='LTR', name='item_text', opacity=1, ori=0.0, pos=array([0. , 0.1]), rgb=UNKNOWN, text='', units='height', win=Window(...), wrapWidth=1)
16.5142 	DEBUG 	TextBox2 loaded 1 chars with 0 blanks and 1 valid
16.5149 	DEBUG 	TextBox2 loaded 1 chars with 0 blanks and 1 valid
16.5157 	DEBUG 	TextBox2 loaded 1 chars with 0 blanks and 1 valid
16.5161 	DEBUG 	TextBox2 loaded 1 chars with 0 blanks and 1 valid
16.5162 	DEBUG 	Uploading Texture Font fontname to graphics card
16.5183 	DEBUG 	Upload of Texture Font fontname complete
16.5374 	DEBUG 	TextBox2 loaded 1 chars with 0 blanks and 1 valid
16.5375 	DEBUG 	Uploading Texture Font fontname to graphics card
16.5390 	DEBUG 	Upload of Texture Font fontname complete
16.5571 	EXP 	Created slider_thinking_content = Slider(__class__=<class 'psychopy.visual.slider.Slider'>, autoDraw=False, autoLog=True, borderColor=None, color=None, colorSpace='rgb', depth=-2, fillColor=None, flip=False, font='Arial', granularity=1.0, labelColor=None, labelHeight=0.035, labelWrapWidth=None, labels=list(...), lineColor=None, markerColor=None, name='slider_thinking_content', opacity=None, ori=0.0, pos=array([ 0. , -0.1]), readOnly=False, self=UNKNOWN, size=array([1. , 0.1]), startValue=5, style='rating', styleTweaks=[], ticks=array([1, 2, 3, 4, 5, 6, 7, 8, 9]), units='height', win=Window(...))
16.5576 	EXP 	Created text_refresh = TextStim(__class__=<class 'psychopy.visual.text.TextStim'>, alignHoriz=method-wrapper(...), alignText='center', alignVert=method-wrapper(...), anchorHoriz='center', anchorVert='center', antialias=True, autoDraw=False, autoLog=True, bold=False, color=array([1., 1., 1.]), colorSpace='rgb', contrast=1.0, depth=0.0, draggable=False, flipHoriz=False, flipVert=False, font='Arial', fontFiles=[], height=0.05, italic=False, languageStyle='LTR', name='text_refresh', opacity=1, ori=0.0, pos=array([0., 0.]), rgb=UNKNOWN, text='', units='height', win=Window(...), wrapWidth=1)
16.5615 	EXP 	Created goodbye_text = TextStim(__class__=<class 'psychopy.visual.text.TextStim'>, alignHoriz=method-wrapper(...), alignText='center', alignVert=method-wrapper(...), anchorHoriz='center', anchorVert='center', antialias=True, autoDraw=False, autoLog=True, bold=False, color=array([1., 1., 1.]), colorSpace='rgb', contrast=1.0, depth=0.0, draggable=False, flipHoriz=False, flipVert=False, font='Arial', fontFiles=[], height=0.05, italic=False, languageStyle='LTR', name='goodbye_text', opacity=1, ori=0.0, pos=array([0., 0.]), rgb=UNKNOWN, text=str(...), units='height', win=Window(...), wrapWidth=1)
0.0167 	EXP 	slider_emotion: autoLog = True
0.0167 	EXP 	slider_emotion: styleTweaks = []
0.0167 	EXP 	slider_emotion: styleTweaks = []
0.0167 	EXP 	slider_emotion: styleTweaks = []
0.0167 	EXP 	slider_emotion: styleTweaks = []
0.0167 	EXP 	slider_emotion: contrast = 1.0
0.0167 	EXP 	slider_emotion: markerPos = 5
0.0167 	EXP 	slider_emotion: autoLog = True
0.0167 	EXP 	slider_emotion: autoLog = True
0.0167 	EXP 	slider_emotion: styleTweaks = []
0.0167 	EXP 	slider_emotion: styleTweaks = []
0.0167 	EXP 	slider_emotion: styleTweaks = []
0.0167 	EXP 	slider_emotion: styleTweaks = []
0.0167 	EXP 	slider_emotion: contrast = 1.0
0.0167 	EXP 	slider_emotion: markerPos = 5
0.0167 	EXP 	slider_emotion: autoLog = True
0.0167 	EXP 	slider_thinking_content: autoLog = True
0.0167 	EXP 	slider_thinking_content: styleTweaks = []
0.0167 	EXP 	slider_thinking_content: styleTweaks = []
0.0167 	EXP 	slider_thinking_content: styleTweaks = []
0.0167 	EXP 	slider_thinking_content: styleTweaks = []
0.0167 	EXP 	slider_thinking_content: contrast = 1.0
0.0167 	EXP 	slider_thinking_content: markerPos = 5
0.0167 	EXP 	slider_thinking_content: autoLog = True
0.0285 	INFO 	Keyboard events cleared
0.0281 	EXP 	image_welcome: autoDraw = True
10.0594 	WARNING 	t of last frame was 91.56ms (=1/10)
13.8388 	WARNING 	t of last frame was 26.97ms (=1/37)
13.8602 	DATA 	Keypress: escape
13.8663 	WARNING 	t of last frame was 27.48ms (=1/36)
13.9183 	EXP 	resting_state_demo: status = STOPPED
13.9285 	EXP 	image_welcome: autoDraw = False
13.9297 	EXP 	resting_state_demo: status = STOPPED
13.9317 	INFO 	saved data to '/Users/Chenxiao/Documents/project_codes/RST_Chinese_beta/data/999_resting_state_demo_2025-06-11_17h31.09.614.csv'
13.9320 	INFO 	saved data to /Users/Chenxiao/Documents/project_codes/RST_Chinese_beta/data/999_resting_state_demo_2025-06-11_17h31.09.614.psydat
14.3982 	DEBUG 	Saving data for resting_state_demo ExperimentHandler
