10.4794 	WARNING 	Font Manager failed to load file /System/Library/PrivateFrameworks/FontServices.framework/Resources/Reserved/PingFangUI.ttc
11.6860 	DEBUG 	Fullscreen settings ignored as running in pilot mode.
11.6871 	INFO 	Loaded monitor calibration from ['2022_04_19 09:31']
11.6875 	WARNING 	This monitor has not been color-calibrated. Using default DKL conversion matrix.
11.7747 	WARNING 	This monitor has not been color-calibrated. Using default DKL conversion matrix.
11.7749 	WARNING 	This monitor has not been color-calibrated. Using default DKL conversion matrix.
11.8282 	EXP 	Created window1 = Window(allowGUI=False, allowStencil=False, autoLog=True, backendConf=UNKNOWN, backgroundFit=<method-wrapper '__getattribute__' of attributeSetter object at 0x17cc330a0>, backgroundImage=<method-wrapper '__getattribute__' of attributeSetter object at 0x17cc33100>, bitsMode=UNKNOWN, blendMode='avg', bpc=(8, 8, 8), color=array([0, 0, 0]), colorSpace='dkl', depthBits=8, fullscr=False, gamma=None, gammaErrorPolicy='raise', infoMsg=UNKNOWN, lms=UNKNOWN, monitor=<psychopy.monitors.calibTools.Monitor object at 0x17c3dfee0>, multiSample=False, name='window1', numSamples=2, pos=[560.0, 240.0], screen=0, size=array([1600, 1200]), stencilBits=0, stereo=False, title='PsychoPy', units='height', useFBO=True, useRetina=True, viewOri=0.0, viewPos=None, viewScale=None, waitBlanking=True, winType='pyglet')
11.8282 	EXP 	window1: backgroundImage = ''
11.8282 	EXP 	window1: backgroundFit = 'none'
11.8351 	DEBUG 	TextBox2 loaded 1 chars with 0 blanks and 1 valid
11.8355 	DEBUG 	TextBox2 loaded 1 chars with 0 blanks and 1 valid
11.8360 	DEBUG 	TextBox2 loaded 1 chars with 0 blanks and 1 valid
11.8365 	DEBUG 	TextBox2 loaded 1 chars with 0 blanks and 1 valid
11.8370 	DEBUG 	TextBox2 loaded 1 chars with 0 blanks and 1 valid
11.8372 	DEBUG 	TextBox2 loaded 1 chars with 0 blanks and 1 valid
11.8376 	DEBUG 	TextBox2 loaded 1 chars with 0 blanks and 1 valid
11.8381 	DEBUG 	TextBox2 loaded 1 chars with 0 blanks and 1 valid
11.8383 	DEBUG 	TextBox2 loaded 1 chars with 0 blanks and 1 valid
11.8384 	DEBUG 	TextBox2 loaded 1 chars with 0 blanks and 1 valid
11.8387 	DEBUG 	TextBox2 loaded 1 chars with 0 blanks and 1 valid
11.8392 	DEBUG 	TextBox2 loaded 1 chars with 0 blanks and 1 valid
11.8395 	DEBUG 	TextBox2 loaded 1 chars with 0 blanks and 1 valid
11.8399 	DEBUG 	TextBox2 loaded 1 chars with 0 blanks and 1 valid
11.8402 	DEBUG 	TextBox2 loaded 1 chars with 0 blanks and 1 valid
11.8406 	DEBUG 	TextBox2 loaded 1 chars with 0 blanks and 1 valid
11.8410 	DEBUG 	TextBox2 loaded 1 chars with 0 blanks and 1 valid
11.8412 	DEBUG 	TextBox2 loaded 1 chars with 0 blanks and 1 valid
11.8414 	DEBUG 	TextBox2 loaded 1 chars with 0 blanks and 1 valid
11.8420 	DEBUG 	TextBox2 loaded 1 chars with 0 blanks and 1 valid
11.8422 	DEBUG 	TextBox2 loaded 1 chars with 0 blanks and 1 valid
11.8423 	DEBUG 	Uploading Texture Font fontname to graphics card
11.8456 	DEBUG 	Upload of Texture Font fontname complete
11.8496 	DEBUG 	TextBox2 loaded 1 chars with 0 blanks and 1 valid
11.8502 	DEBUG 	TextBox2 loaded 1 chars with 0 blanks and 1 valid
11.8507 	DEBUG 	TextBox2 loaded 1 chars with 0 blanks and 1 valid
11.8508 	DEBUG 	Uploading Texture Font fontname to graphics card
11.8525 	DEBUG 	Upload of Texture Font fontname complete
11.8536 	EXP 	window1: Attempting to measure frame rate of screen (0) ...
11.8536 	EXP 	window1: recordFrameIntervals = False
11.9550 	EXP 	window1: recordFrameIntervals = True
12.7906 	WARNING 	Couldn't measure a consistent frame rate!
  - Is your graphics card set to sync to vertical blank?
  - Are you running other processes on your computer?

12.7969 	DEBUG 	TextBox2 loaded 1 chars with 0 blanks and 1 valid
12.7973 	DEBUG 	TextBox2 loaded 1 chars with 0 blanks and 1 valid
12.7980 	DEBUG 	TextBox2 loaded 1 chars with 0 blanks and 1 valid
12.7989 	DEBUG 	TextBox2 loaded 1 chars with 0 blanks and 1 valid
12.7997 	DEBUG 	TextBox2 loaded 1 chars with 0 blanks and 1 valid
12.8006 	DEBUG 	TextBox2 loaded 1 chars with 0 blanks and 1 valid
12.8010 	DEBUG 	TextBox2 loaded 1 chars with 0 blanks and 1 valid
12.8017 	DEBUG 	TextBox2 loaded 1 chars with 0 blanks and 1 valid
12.8025 	DEBUG 	TextBox2 loaded 1 chars with 0 blanks and 1 valid
12.8032 	DEBUG 	TextBox2 loaded 1 chars with 0 blanks and 1 valid
12.8034 	DEBUG 	Uploading Texture Font fontname to graphics card
12.8061 	DEBUG 	Upload of Texture Font fontname complete
12.8187 	WARNING 	launchHubServer: If using the iohub mouse or eyetracker devices, fullScr should be True.
13.4129 	INFO 	keyboard.Keyboard is using iohub backend.
13.4129 	INFO 	keyboard.Keyboard is using iohub backend.
13.4130 	INFO 	keyboard.Keyboard is using iohub backend.
13.4130 	INFO 	keyboard.Keyboard is using iohub backend.
13.4130 	INFO 	keyboard.Keyboard is using iohub backend.
13.4130 	EXP 	rumination_demo: status = STARTED
13.4807 	EXP 	Created image_rum_instruct = ImageStim(__class__=<class 'psychopy.visual.image.ImageStim'>, anchor=('center', 'center'), autoLog=True, color=array([1., 1., 1.]), colorSpace='rgb', contrast=1.0, depth=0.0, draggable=False, flipHoriz=False, flipVert=False, image='stimuli/rum_instruct.png', interpolate=True, mask=None, maskParams=None, name='image_rum_instruct', opacity=1, ori=0.0, pos=array([0., 0.]), size=array([1.1  , 0.825]), texRes=128.0, units='height', win=Window(...))
13.4923 	EXP 	Created text_refresh = TextStim(__class__=<class 'psychopy.visual.text.TextStim'>, alignHoriz=method-wrapper(...), alignText='center', alignVert=method-wrapper(...), anchorHoriz='center', anchorVert='center', antialias=True, autoDraw=False, autoLog=True, bold=False, color=array([1., 1., 1.]), colorSpace='rgb', contrast=1.0, depth=0.0, draggable=False, flipHoriz=False, flipVert=False, font='Arial', fontFiles=[], height=0.05, italic=False, languageStyle='LTR', name='text_refresh', opacity=1, ori=0.0, pos=array([0., 0.]), rgb=UNKNOWN, text='', units='height', win=Window(...), wrapWidth=1)
13.5056 	EXP 	Created wait4trigger_text = TextStim(__class__=<class 'psychopy.visual.text.TextStim'>, alignHoriz=method-wrapper(...), alignText='center', alignVert=method-wrapper(...), anchorHoriz='center', anchorVert='center', antialias=True, autoDraw=False, autoLog=True, bold=False, color=array([1., 1., 1.]), colorSpace='rgb', contrast=1.0, depth=0.0, draggable=False, flipHoriz=False, flipVert=False, font='Noto Sans SC', fontFiles=[], height=0.05, italic=False, languageStyle='LTR', name='wait4trigger_text', opacity=1, ori=0.0, pos=array([0., 0.]), rgb=UNKNOWN, text='即将开始，请等待。', units='height', win=Window(...), wrapWidth=1)
13.5067 	EXP 	Created fake_stimulus_text = TextStim(__class__=<class 'psychopy.visual.text.TextStim'>, alignHoriz=method-wrapper(...), alignText='center', alignVert=method-wrapper(...), anchorHoriz='center', anchorVert='center', antialias=True, autoDraw=False, autoLog=True, bold=False, color=array([1., 1., 1.]), colorSpace='rgb', contrast=1.0, depth=0.0, draggable=False, flipHoriz=False, flipVert=False, font='Noto Sans SC', fontFiles=[], height=0.05, italic=False, languageStyle='LTR', name='fake_stimulus_text', opacity=1, ori=0.0, pos=array([0., 0.]), rgb=UNKNOWN, text='即将开始，请等待。', units='height', win=Window(...), wrapWidth=1)
13.5149 	DEBUG 	Saving data for rumination_demo ExperimentHandler
13.5152 	INFO 	saved data to /Users/Chenxiao/Documents/project_codes/RST_Chinese_beta/data/999_rumination_demo_2025-06-16_15h48.29.649.psydat
13.5153 	INFO 	saved data to '/Users/Chenxiao/Documents/project_codes/RST_Chinese_beta/data/999_rumination_demo_2025-06-16_15h48.29.649.csv'
