10.9827 	WARNING 	Font Manager failed to load file /System/Library/PrivateFrameworks/FontServices.framework/Resources/Reserved/PingFangUI.ttc
12.6283 	DEBUG 	Fullscreen settings ignored as running in pilot mode.
12.6291 	INFO 	Loaded monitor calibration from ['2022_04_19 09:31']
12.6294 	WARNING 	This monitor has not been color-calibrated. Using default DKL conversion matrix.
12.7212 	WARNING 	This monitor has not been color-calibrated. Using default DKL conversion matrix.
12.7214 	WARNING 	This monitor has not been color-calibrated. Using default DKL conversion matrix.
12.7757 	EXP 	Created window1 = Window(allowGUI=False, allowStencil=False, autoLog=True, backendConf=UNKNOWN, backgroundFit=<method-wrapper '__getattribute__' of attributeSetter object at 0x17cf86d10>, backgroundImage=<method-wrapper '__getattribute__' of attributeSetter object at 0x17cf86d70>, bitsMode=UNKNOWN, blendMode='avg', bpc=(8, 8, 8), color=array([0, 0, 0]), colorSpace='dkl', depthBits=8, fullscr=False, gamma=None, gammaErrorPolicy='raise', infoMsg=UNKNOWN, lms=UNKNOWN, monitor=<psychopy.monitors.calibTools.Monitor object at 0x17d014340>, multiSample=False, name='window1', numSamples=2, pos=[560.0, 240.0], screen=0, size=array([1600, 1200]), stencilBits=0, stereo=False, title='PsychoPy', units='height', useFBO=True, useRetina=True, viewOri=0.0, viewPos=None, viewScale=None, waitBlanking=True, winType='pyglet')
12.7757 	EXP 	window1: backgroundImage = ''
12.7757 	EXP 	window1: backgroundFit = 'none'
12.7825 	DEBUG 	TextBox2 loaded 1 chars with 0 blanks and 1 valid
12.7829 	DEBUG 	TextBox2 loaded 1 chars with 0 blanks and 1 valid
12.7833 	DEBUG 	TextBox2 loaded 1 chars with 0 blanks and 1 valid
12.7838 	DEBUG 	TextBox2 loaded 1 chars with 0 blanks and 1 valid
12.7843 	DEBUG 	TextBox2 loaded 1 chars with 0 blanks and 1 valid
12.7845 	DEBUG 	TextBox2 loaded 1 chars with 0 blanks and 1 valid
12.7848 	DEBUG 	TextBox2 loaded 1 chars with 0 blanks and 1 valid
12.7853 	DEBUG 	TextBox2 loaded 1 chars with 0 blanks and 1 valid
12.7854 	DEBUG 	TextBox2 loaded 1 chars with 0 blanks and 1 valid
12.7856 	DEBUG 	TextBox2 loaded 1 chars with 0 blanks and 1 valid
12.7859 	DEBUG 	TextBox2 loaded 1 chars with 0 blanks and 1 valid
12.7863 	DEBUG 	TextBox2 loaded 1 chars with 0 blanks and 1 valid
12.7866 	DEBUG 	TextBox2 loaded 1 chars with 0 blanks and 1 valid
12.7870 	DEBUG 	TextBox2 loaded 1 chars with 0 blanks and 1 valid
12.7873 	DEBUG 	TextBox2 loaded 1 chars with 0 blanks and 1 valid
12.7876 	DEBUG 	TextBox2 loaded 1 chars with 0 blanks and 1 valid
12.7880 	DEBUG 	TextBox2 loaded 1 chars with 0 blanks and 1 valid
12.7882 	DEBUG 	TextBox2 loaded 1 chars with 0 blanks and 1 valid
12.7884 	DEBUG 	TextBox2 loaded 1 chars with 0 blanks and 1 valid
12.7889 	DEBUG 	TextBox2 loaded 1 chars with 0 blanks and 1 valid
12.7891 	DEBUG 	TextBox2 loaded 1 chars with 0 blanks and 1 valid
12.7893 	DEBUG 	Uploading Texture Font fontname to graphics card
12.7923 	DEBUG 	Upload of Texture Font fontname complete
12.7961 	DEBUG 	TextBox2 loaded 1 chars with 0 blanks and 1 valid
12.7970 	DEBUG 	TextBox2 loaded 1 chars with 0 blanks and 1 valid
12.7978 	DEBUG 	TextBox2 loaded 1 chars with 0 blanks and 1 valid
12.7979 	DEBUG 	Uploading Texture Font fontname to graphics card
12.7993 	DEBUG 	Upload of Texture Font fontname complete
12.8003 	EXP 	window1: Attempting to measure frame rate of screen (0) ...
12.8003 	EXP 	window1: recordFrameIntervals = False
12.9225 	EXP 	window1: recordFrameIntervals = True
13.7565 	WARNING 	Couldn't measure a consistent frame rate!
  - Is your graphics card set to sync to vertical blank?
  - Are you running other processes on your computer?

13.7645 	DEBUG 	TextBox2 loaded 1 chars with 0 blanks and 1 valid
13.7650 	DEBUG 	TextBox2 loaded 1 chars with 0 blanks and 1 valid
13.7660 	DEBUG 	TextBox2 loaded 1 chars with 0 blanks and 1 valid
13.7672 	DEBUG 	TextBox2 loaded 1 chars with 0 blanks and 1 valid
13.7682 	DEBUG 	TextBox2 loaded 1 chars with 0 blanks and 1 valid
13.7692 	DEBUG 	TextBox2 loaded 1 chars with 0 blanks and 1 valid
13.7696 	DEBUG 	TextBox2 loaded 1 chars with 0 blanks and 1 valid
13.7705 	DEBUG 	TextBox2 loaded 1 chars with 0 blanks and 1 valid
13.7714 	DEBUG 	TextBox2 loaded 1 chars with 0 blanks and 1 valid
13.7723 	DEBUG 	TextBox2 loaded 1 chars with 0 blanks and 1 valid
13.7726 	DEBUG 	Uploading Texture Font fontname to graphics card
13.7757 	DEBUG 	Upload of Texture Font fontname complete
13.7921 	WARNING 	launchHubServer: If using the iohub mouse or eyetracker devices, fullScr should be True.
15.9882 	INFO 	keyboard.Keyboard is using iohub backend.
15.9883 	INFO 	keyboard.Keyboard is using iohub backend.
15.9883 	INFO 	keyboard.Keyboard is using iohub backend.
15.9883 	INFO 	keyboard.Keyboard is using iohub backend.
15.9883 	INFO 	keyboard.Keyboard is using iohub backend.
15.9883 	EXP 	resting_state_demo: status = STARTED
16.1678 	EXP 	Created image = ImageStim(__class__=<class 'psychopy.visual.image.ImageStim'>, anchor=('center', 'center'), autoLog=True, color=array([1., 1., 1.]), colorSpace='rgb', contrast=1.0, depth=0.0, draggable=False, flipHoriz=False, flipVert=False, image='structural_scan.png', interpolate=True, mask=None, maskParams=None, name='image', opacity=1, ori=0.0, pos=array([0., 0.]), size=array([0.5, 0.5]), texRes=128.0, units='height', win=Window(...))
16.1826 	EXP 	Created text_refresh = TextStim(__class__=<class 'psychopy.visual.text.TextStim'>, alignHoriz=method-wrapper(...), alignText='center', alignVert=method-wrapper(...), anchorHoriz='center', anchorVert='center', antialias=True, autoDraw=False, autoLog=True, bold=False, color=array([1., 1., 1.]), colorSpace='rgb', contrast=1.0, depth=0.0, draggable=False, flipHoriz=False, flipVert=False, font='Arial', fontFiles=[], height=0.05, italic=False, languageStyle='LTR', name='text_refresh', opacity=1, ori=0.0, pos=array([0., 0.]), rgb=UNKNOWN, text='', units='height', win=Window(...), wrapWidth=1)
16.1934 	EXP 	Created rate_emotion_prompt = TextStim(__class__=<class 'psychopy.visual.text.TextStim'>, alignHoriz=method-wrapper(...), alignText='center', alignVert=method-wrapper(...), anchorHoriz='center', anchorVert='center', antialias=True, autoDraw=False, autoLog=True, bold=False, color=array([1., 1., 1.]), colorSpace='rgb', contrast=1.0, depth=0.0, draggable=False, flipHoriz=False, flipVert=False, font='Arial', fontFiles=[], height=0.05, italic=False, languageStyle='LTR', name='rate_emotion_prompt', opacity=1, ori=0.0, pos=array([0. , 0.2]), rgb=UNKNOWN, text=str(...), units='height', win=Window(...), wrapWidth=1)
16.2076 	DEBUG 	TextBox2 loaded 1 chars with 0 blanks and 1 valid
16.2079 	DEBUG 	TextBox2 loaded 1 chars with 0 blanks and 1 valid
16.2082 	DEBUG 	TextBox2 loaded 1 chars with 0 blanks and 1 valid
16.2086 	DEBUG 	TextBox2 loaded 1 chars with 0 blanks and 1 valid
16.2088 	DEBUG 	TextBox2 loaded 1 chars with 0 blanks and 1 valid
16.2090 	DEBUG 	TextBox2 loaded 1 chars with 0 blanks and 1 valid
16.2093 	DEBUG 	TextBox2 loaded 1 chars with 0 blanks and 1 valid
16.2096 	DEBUG 	TextBox2 loaded 1 chars with 0 blanks and 1 valid
16.2098 	DEBUG 	TextBox2 loaded 1 chars with 0 blanks and 1 valid
16.2101 	DEBUG 	TextBox2 loaded 1 chars with 0 blanks and 1 valid
16.2105 	DEBUG 	TextBox2 loaded 1 chars with 0 blanks and 1 valid
16.2108 	DEBUG 	TextBox2 loaded 1 chars with 0 blanks and 1 valid
16.2110 	DEBUG 	Uploading Texture Font fontname to graphics card
16.2131 	DEBUG 	Upload of Texture Font fontname complete
16.2159 	DEBUG 	TextBox2 loaded 1 chars with 0 blanks and 1 valid
16.2162 	DEBUG 	TextBox2 loaded 1 chars with 0 blanks and 1 valid
16.2163 	DEBUG 	Uploading Texture Font fontname to graphics card
16.2177 	DEBUG 	Upload of Texture Font fontname complete
16.2338 	DEBUG 	TextBox2 loaded 1 chars with 0 blanks and 1 valid
16.2341 	DEBUG 	TextBox2 loaded 1 chars with 0 blanks and 1 valid
16.2341 	DEBUG 	Uploading Texture Font fontname to graphics card
16.2356 	DEBUG 	Upload of Texture Font fontname complete
16.2739 	EXP 	Created slider_emotion = Slider(__class__=<class 'psychopy.visual.slider.Slider'>, autoDraw=False, autoLog=True, borderColor=None, color=None, colorSpace='rgb', depth=-1, fillColor=None, flip=False, font='Arial', granularity=1.0, labelColor=None, labelHeight=0.035, labelWrapWidth=None, labels=list(...), lineColor=None, markerColor=None, name='slider_emotion', opacity=None, ori=0.0, pos=array([ 0. , -0.1]), readOnly=False, self=UNKNOWN, size=array([1. , 0.1]), startValue=5, style='rating', styleTweaks=[], ticks=array([1, 2, 3, 4, 5, 6, 7, 8, 9]), units='height', win=Window(...))
16.2744 	EXP 	Created text_refresh = TextStim(__class__=<class 'psychopy.visual.text.TextStim'>, alignHoriz=method-wrapper(...), alignText='center', alignVert=method-wrapper(...), anchorHoriz='center', anchorVert='center', antialias=True, autoDraw=False, autoLog=True, bold=False, color=array([1., 1., 1.]), colorSpace='rgb', contrast=1.0, depth=0.0, draggable=False, flipHoriz=False, flipVert=False, font='Arial', fontFiles=[], height=0.05, italic=False, languageStyle='LTR', name='text_refresh', opacity=1, ori=0.0, pos=array([0., 0.]), rgb=UNKNOWN, text='', units='height', win=Window(...), wrapWidth=1)
16.2772 	EXP 	Created wait4trigger_text = TextStim(__class__=<class 'psychopy.visual.text.TextStim'>, alignHoriz=method-wrapper(...), alignText='center', alignVert=method-wrapper(...), anchorHoriz='center', anchorVert='center', antialias=True, autoDraw=False, autoLog=True, bold=False, color=array([1., 1., 1.]), colorSpace='rgb', contrast=1.0, depth=0.0, draggable=False, flipHoriz=False, flipVert=False, font='Arial', fontFiles=[], height=0.05, italic=False, languageStyle='LTR', name='wait4trigger_text', opacity=1, ori=0.0, pos=array([0., 0.]), rgb=UNKNOWN, text='Please wait for the scan to start.', units='height', win=Window(...), wrapWidth=1)
16.2784 	EXP 	Created fake_stimulus_text = TextStim(__class__=<class 'psychopy.visual.text.TextStim'>, alignHoriz=method-wrapper(...), alignText='center', alignVert=method-wrapper(...), anchorHoriz='center', anchorVert='center', antialias=True, autoDraw=False, autoLog=True, bold=False, color=array([1., 1., 1.]), colorSpace='rgb', contrast=1.0, depth=0.0, draggable=False, flipHoriz=False, flipVert=False, font='Arial', fontFiles=[], height=0.05, italic=False, languageStyle='LTR', name='fake_stimulus_text', opacity=1, ori=0.0, pos=array([0., 0.]), rgb=UNKNOWN, text='Please wait for the scan to start.', units='height', win=Window(...), wrapWidth=1)
16.2800 	EXP 	Created fixation = TextStim(__class__=<class 'psychopy.visual.text.TextStim'>, alignHoriz=method-wrapper(...), alignText='center', alignVert=method-wrapper(...), anchorHoriz='center', anchorVert='center', antialias=True, autoDraw=False, autoLog=True, bold=False, color=array([1., 1., 1.]), colorSpace='rgb', contrast=1.0, depth=0.0, draggable=False, flipHoriz=False, flipVert=False, font='Arial', fontFiles=[], height=0.4, italic=False, languageStyle='LTR', name='fixation', opacity=1, ori=0.0, pos=array([0., 0.]), rgb=UNKNOWN, text='+', units='height', win=Window(...), wrapWidth=1)
16.2806 	EXP 	Created text_refresh = TextStim(__class__=<class 'psychopy.visual.text.TextStim'>, alignHoriz=method-wrapper(...), alignText='center', alignVert=method-wrapper(...), anchorHoriz='center', anchorVert='center', antialias=True, autoDraw=False, autoLog=True, bold=False, color=array([1., 1., 1.]), colorSpace='rgb', contrast=1.0, depth=0.0, draggable=False, flipHoriz=False, flipVert=False, font='Arial', fontFiles=[], height=0.05, italic=False, languageStyle='LTR', name='text_refresh', opacity=1, ori=0.0, pos=array([0., 0.]), rgb=UNKNOWN, text='', units='height', win=Window(...), wrapWidth=1)
16.2822 	EXP 	Created rate_emotion_prompt = TextStim(__class__=<class 'psychopy.visual.text.TextStim'>, alignHoriz=method-wrapper(...), alignText='center', alignVert=method-wrapper(...), anchorHoriz='center', anchorVert='center', antialias=True, autoDraw=False, autoLog=True, bold=False, color=array([1., 1., 1.]), colorSpace='rgb', contrast=1.0, depth=0.0, draggable=False, flipHoriz=False, flipVert=False, font='Arial', fontFiles=[], height=0.05, italic=False, languageStyle='LTR', name='rate_emotion_prompt', opacity=1, ori=0.0, pos=array([0. , 0.2]), rgb=UNKNOWN, text=str(...), units='height', win=Window(...), wrapWidth=1)
16.3408 	EXP 	Created slider_emotion = Slider(__class__=<class 'psychopy.visual.slider.Slider'>, autoDraw=False, autoLog=True, borderColor=None, color=None, colorSpace='rgb', depth=-1, fillColor=None, flip=False, font='Arial', granularity=1.0, labelColor=None, labelHeight=0.035, labelWrapWidth=None, labels=list(...), lineColor=None, markerColor=None, name='slider_emotion', opacity=None, ori=0.0, pos=array([ 0. , -0.1]), readOnly=False, self=UNKNOWN, size=array([1. , 0.1]), startValue=5, style='rating', styleTweaks=[], ticks=array([1, 2, 3, 4, 5, 6, 7, 8, 9]), units='height', win=Window(...))
16.3415 	EXP 	Created text_refresh = TextStim(__class__=<class 'psychopy.visual.text.TextStim'>, alignHoriz=method-wrapper(...), alignText='center', alignVert=method-wrapper(...), anchorHoriz='center', anchorVert='center', antialias=True, autoDraw=False, autoLog=True, bold=False, color=array([1., 1., 1.]), colorSpace='rgb', contrast=1.0, depth=0.0, draggable=False, flipHoriz=False, flipVert=False, font='Arial', fontFiles=[], height=0.05, italic=False, languageStyle='LTR', name='text_refresh', opacity=1, ori=0.0, pos=array([0., 0.]), rgb=UNKNOWN, text='', units='height', win=Window(...), wrapWidth=1)
16.3440 	EXP 	Created main_body_questionnaire = TextStim(__class__=<class 'psychopy.visual.text.TextStim'>, alignHoriz=method-wrapper(...), alignText='center', alignVert=method-wrapper(...), anchorHoriz='center', anchorVert='center', antialias=True, autoDraw=False, autoLog=True, bold=False, color=array([1., 1., 1.]), colorSpace='rgb', contrast=1.0, depth=0.0, draggable=False, flipHoriz=False, flipVert=False, font='Arial', fontFiles=[], height=0.05, italic=False, languageStyle='LTR', name='main_body_questionnaire', opacity=1, ori=0.0, pos=array([0. , 0.3]), rgb=UNKNOWN, text='During the MRI my thoughts:', units='height', win=Window(...), wrapWidth=1)
16.3443 	EXP 	Created item_text = TextStim(__class__=<class 'psychopy.visual.text.TextStim'>, alignHoriz=method-wrapper(...), alignText='center', alignVert=method-wrapper(...), anchorHoriz='center', anchorVert='center', antialias=True, autoDraw=False, autoLog=True, bold=False, color=array([1., 1., 1.]), colorSpace='rgb', contrast=1.0, depth=-1.0, draggable=False, flipHoriz=False, flipVert=False, font='Arial', fontFiles=[], height=0.05, italic=False, languageStyle='LTR', name='item_text', opacity=1, ori=0.0, pos=array([0. , 0.1]), rgb=UNKNOWN, text='', units='height', win=Window(...), wrapWidth=1)
16.3670 	DEBUG 	TextBox2 loaded 1 chars with 0 blanks and 1 valid
16.3674 	DEBUG 	TextBox2 loaded 1 chars with 0 blanks and 1 valid
16.3678 	DEBUG 	TextBox2 loaded 1 chars with 0 blanks and 1 valid
16.3682 	DEBUG 	TextBox2 loaded 1 chars with 0 blanks and 1 valid
16.3683 	DEBUG 	Uploading Texture Font fontname to graphics card
16.3698 	DEBUG 	Upload of Texture Font fontname complete
16.3887 	DEBUG 	TextBox2 loaded 1 chars with 0 blanks and 1 valid
16.3888 	DEBUG 	Uploading Texture Font fontname to graphics card
16.3903 	DEBUG 	Upload of Texture Font fontname complete
16.4084 	EXP 	Created slider_thinking_content = Slider(__class__=<class 'psychopy.visual.slider.Slider'>, autoDraw=False, autoLog=True, borderColor=None, color=None, colorSpace='rgb', depth=-2, fillColor=None, flip=False, font='Arial', granularity=1.0, labelColor=None, labelHeight=0.035, labelWrapWidth=None, labels=list(...), lineColor=None, markerColor=None, name='slider_thinking_content', opacity=None, ori=0.0, pos=array([ 0. , -0.1]), readOnly=False, self=UNKNOWN, size=array([1. , 0.1]), startValue=5, style='rating', styleTweaks=[], ticks=array([1, 2, 3, 4, 5, 6, 7, 8, 9]), units='height', win=Window(...))
16.4089 	EXP 	Created text_refresh = TextStim(__class__=<class 'psychopy.visual.text.TextStim'>, alignHoriz=method-wrapper(...), alignText='center', alignVert=method-wrapper(...), anchorHoriz='center', anchorVert='center', antialias=True, autoDraw=False, autoLog=True, bold=False, color=array([1., 1., 1.]), colorSpace='rgb', contrast=1.0, depth=0.0, draggable=False, flipHoriz=False, flipVert=False, font='Arial', fontFiles=[], height=0.05, italic=False, languageStyle='LTR', name='text_refresh', opacity=1, ori=0.0, pos=array([0., 0.]), rgb=UNKNOWN, text='', units='height', win=Window(...), wrapWidth=1)
16.4133 	EXP 	Created goodbye_text = TextStim(__class__=<class 'psychopy.visual.text.TextStim'>, alignHoriz=method-wrapper(...), alignText='center', alignVert=method-wrapper(...), anchorHoriz='center', anchorVert='center', antialias=True, autoDraw=False, autoLog=True, bold=False, color=array([1., 1., 1.]), colorSpace='rgb', contrast=1.0, depth=0.0, draggable=False, flipHoriz=False, flipVert=False, font='Arial', fontFiles=[], height=0.05, italic=False, languageStyle='LTR', name='goodbye_text', opacity=1, ori=0.0, pos=array([0., 0.]), rgb=UNKNOWN, text=str(...), units='height', win=Window(...), wrapWidth=1)
0.0047 	EXP 	slider_emotion: autoLog = True
0.0047 	EXP 	slider_emotion: styleTweaks = []
0.0047 	EXP 	slider_emotion: styleTweaks = []
0.0047 	EXP 	slider_emotion: styleTweaks = []
0.0047 	EXP 	slider_emotion: styleTweaks = []
0.0047 	EXP 	slider_emotion: contrast = 1.0
0.0047 	EXP 	slider_emotion: markerPos = 5
0.0047 	EXP 	slider_emotion: autoLog = True
0.0047 	EXP 	slider_emotion: autoLog = True
0.0047 	EXP 	slider_emotion: styleTweaks = []
0.0047 	EXP 	slider_emotion: styleTweaks = []
0.0047 	EXP 	slider_emotion: styleTweaks = []
0.0047 	EXP 	slider_emotion: styleTweaks = []
0.0047 	EXP 	slider_emotion: contrast = 1.0
0.0047 	EXP 	slider_emotion: markerPos = 5
0.0047 	EXP 	slider_emotion: autoLog = True
0.0047 	EXP 	slider_thinking_content: autoLog = True
0.0047 	EXP 	slider_thinking_content: styleTweaks = []
0.0047 	EXP 	slider_thinking_content: styleTweaks = []
0.0047 	EXP 	slider_thinking_content: styleTweaks = []
0.0047 	EXP 	slider_thinking_content: styleTweaks = []
0.0047 	EXP 	slider_thinking_content: contrast = 1.0
0.0047 	EXP 	slider_thinking_content: markerPos = 5
0.0047 	EXP 	slider_thinking_content: autoLog = True
0.0246 	DEBUG 	Saving data for resting_state_demo ExperimentHandler
0.0248 	INFO 	saved data to /Users/Chenxiao/Documents/project_codes/RST_Chinese_beta/data/999_resting_state_demo_2025-06-11_16h24.58.382.psydat
0.0249 	INFO 	saved data to '/Users/Chenxiao/Documents/project_codes/RST_Chinese_beta/data/999_resting_state_demo_2025-06-11_16h24.58.382.csv'
