13.0732 	WARNING 	Font Manager failed to load file /System/Library/PrivateFrameworks/FontServices.framework/Resources/Reserved/PingFangUI.ttc
14.6382 	DEBUG 	Fullscreen settings ignored as running in pilot mode.
14.6388 	INFO 	Loaded monitor calibration from ['2022_04_19 09:31']
14.6390 	WARNING 	This monitor has not been color-calibrated. Using default DKL conversion matrix.
14.7261 	WARNING 	This monitor has not been color-calibrated. Using default DKL conversion matrix.
14.7263 	WARNING 	This monitor has not been color-calibrated. Using default DKL conversion matrix.
14.7873 	EXP 	Created window1 = Window(allowGUI=False, allowStencil=False, autoLog=True, backendConf=UNKNOWN, backgroundFit=<method-wrapper '__getattribute__' of attributeSetter object at 0x180bf7cd0>, backgroundImage=<method-wrapper '__getattribute__' of attributeSetter object at 0x180bf7c70>, bitsMode=UNKNOWN, blendMode='avg', bpc=(8, 8, 8), color=array([0, 0, 0]), colorSpace='dkl', depthBits=8, fullscr=False, gamma=None, gammaErrorPolicy='raise', infoMsg=UNKNOWN, lms=UNKNOWN, monitor=<psychopy.monitors.calibTools.Monitor object at 0x180ca47c0>, multiSample=False, name='window1', numSamples=2, pos=[560.0, 240.0], screen=0, size=array([1600, 1200]), stencilBits=0, stereo=False, title='PsychoPy', units='pix', useFBO=True, useRetina=True, viewOri=0.0, viewPos=None, viewScale=None, waitBlanking=True, winType='pyglet')
14.7874 	EXP 	window1: backgroundImage = ''
14.7874 	EXP 	window1: backgroundFit = 'none'
14.7955 	DEBUG 	TextBox2 loaded 1 chars with 0 blanks and 1 valid
14.7960 	DEBUG 	TextBox2 loaded 1 chars with 0 blanks and 1 valid
14.7964 	DEBUG 	TextBox2 loaded 1 chars with 0 blanks and 1 valid
14.7970 	DEBUG 	TextBox2 loaded 1 chars with 0 blanks and 1 valid
14.7975 	DEBUG 	TextBox2 loaded 1 chars with 0 blanks and 1 valid
14.7978 	DEBUG 	TextBox2 loaded 1 chars with 0 blanks and 1 valid
14.7982 	DEBUG 	TextBox2 loaded 1 chars with 0 blanks and 1 valid
14.7988 	DEBUG 	TextBox2 loaded 1 chars with 0 blanks and 1 valid
14.7989 	DEBUG 	TextBox2 loaded 1 chars with 0 blanks and 1 valid
14.7991 	DEBUG 	TextBox2 loaded 1 chars with 0 blanks and 1 valid
14.7995 	DEBUG 	TextBox2 loaded 1 chars with 0 blanks and 1 valid
14.7999 	DEBUG 	TextBox2 loaded 1 chars with 0 blanks and 1 valid
14.8003 	DEBUG 	TextBox2 loaded 1 chars with 0 blanks and 1 valid
14.8007 	DEBUG 	TextBox2 loaded 1 chars with 0 blanks and 1 valid
14.8010 	DEBUG 	TextBox2 loaded 1 chars with 0 blanks and 1 valid
14.8014 	DEBUG 	TextBox2 loaded 1 chars with 0 blanks and 1 valid
14.8019 	DEBUG 	TextBox2 loaded 1 chars with 0 blanks and 1 valid
14.8021 	DEBUG 	TextBox2 loaded 1 chars with 0 blanks and 1 valid
14.8023 	DEBUG 	TextBox2 loaded 1 chars with 0 blanks and 1 valid
14.8029 	DEBUG 	TextBox2 loaded 1 chars with 0 blanks and 1 valid
14.8032 	DEBUG 	TextBox2 loaded 1 chars with 0 blanks and 1 valid
14.8034 	DEBUG 	Uploading Texture Font fontname to graphics card
14.8070 	DEBUG 	Upload of Texture Font fontname complete
14.8114 	DEBUG 	TextBox2 loaded 1 chars with 0 blanks and 1 valid
14.8121 	DEBUG 	TextBox2 loaded 1 chars with 0 blanks and 1 valid
14.8126 	DEBUG 	TextBox2 loaded 1 chars with 0 blanks and 1 valid
14.8128 	DEBUG 	Uploading Texture Font fontname to graphics card
14.8146 	DEBUG 	Upload of Texture Font fontname complete
14.8160 	EXP 	window1: Attempting to measure frame rate of screen (0) ...
14.8160 	EXP 	window1: recordFrameIntervals = False
14.9409 	EXP 	window1: recordFrameIntervals = True
15.7744 	WARNING 	Couldn't measure a consistent frame rate!
  - Is your graphics card set to sync to vertical blank?
  - Are you running other processes on your computer?

15.7785 	DEBUG 	TextBox2 loaded 1 chars with 0 blanks and 1 valid
15.7789 	DEBUG 	TextBox2 loaded 1 chars with 0 blanks and 1 valid
15.7794 	DEBUG 	TextBox2 loaded 1 chars with 0 blanks and 1 valid
15.7800 	DEBUG 	TextBox2 loaded 1 chars with 0 blanks and 1 valid
15.7806 	DEBUG 	TextBox2 loaded 1 chars with 0 blanks and 1 valid
15.7813 	DEBUG 	TextBox2 loaded 1 chars with 0 blanks and 1 valid
15.7815 	DEBUG 	TextBox2 loaded 1 chars with 0 blanks and 1 valid
15.7821 	DEBUG 	TextBox2 loaded 1 chars with 0 blanks and 1 valid
15.7827 	DEBUG 	TextBox2 loaded 1 chars with 0 blanks and 1 valid
15.7832 	DEBUG 	TextBox2 loaded 1 chars with 0 blanks and 1 valid
15.7835 	DEBUG 	Uploading Texture Font fontname to graphics card
15.7858 	DEBUG 	Upload of Texture Font fontname complete
15.7977 	WARNING 	launchHubServer: If using the iohub mouse or eyetracker devices, fullScr should be True.
18.6831 	INFO 	keyboard.Keyboard is using iohub backend.
18.6831 	INFO 	keyboard.Keyboard is using iohub backend.
18.6831 	INFO 	keyboard.Keyboard is using iohub backend.
18.6832 	INFO 	keyboard.Keyboard is using iohub backend.
18.6832 	INFO 	keyboard.Keyboard is using iohub backend.
18.6832 	EXP 	resting_state_demo: status = STARTED
18.7315 	EXP 	Created text_welcome = TextStim(__class__=<class 'psychopy.visual.text.TextStim'>, alignHoriz=method-wrapper(...), alignText='center', alignVert=method-wrapper(...), anchorHoriz='center', anchorVert='center', antialias=True, autoDraw=False, autoLog=True, bold=False, color=array([1., 1., 1.]), colorSpace='rgb', contrast=1.0, depth=0.0, draggable=False, flipHoriz=False, flipVert=False, font='Heiti SC', fontFiles=[], height=30.0, italic=False, languageStyle='LTR', name='text_welcome', opacity=1, ori=0.0, pos=array([-300.,    0.]), rgb=UNKNOWN, text=str(...), units='pix', win=Window(...), wrapWidth=10.0)
18.7340 	EXP 	Created text_refresh = TextStim(__class__=<class 'psychopy.visual.text.TextStim'>, alignHoriz=method-wrapper(...), alignText='center', alignVert=method-wrapper(...), anchorHoriz='center', anchorVert='center', antialias=True, autoDraw=False, autoLog=True, bold=False, color=array([1., 1., 1.]), colorSpace='rgb', contrast=1.0, depth=0.0, draggable=False, flipHoriz=False, flipVert=False, font='Arial', fontFiles=[], height=0.05, italic=False, languageStyle='LTR', name='text_refresh', opacity=1, ori=0.0, pos=array([0., 0.]), rgb=UNKNOWN, text='', units='pix', win=Window(...), wrapWidth=500)
18.7428 	EXP 	Created rate_emotion_prompt = TextStim(__class__=<class 'psychopy.visual.text.TextStim'>, alignHoriz=method-wrapper(...), alignText='center', alignVert=method-wrapper(...), anchorHoriz='center', anchorVert='center', antialias=True, autoDraw=False, autoLog=True, bold=False, color=array([1., 1., 1.]), colorSpace='rgb', contrast=1.0, depth=0.0, draggable=False, flipHoriz=False, flipVert=False, font='Arial', fontFiles=[], height=0.05, italic=False, languageStyle='LTR', name='rate_emotion_prompt', opacity=1, ori=0.0, pos=array([0. , 0.2]), rgb=UNKNOWN, text=str(...), units='pix', win=Window(...), wrapWidth=500)
18.7599 	DEBUG 	TextBox2 loaded 1 chars with 0 blanks and 1 valid
18.7602 	DEBUG 	TextBox2 loaded 1 chars with 0 blanks and 1 valid
18.7604 	DEBUG 	TextBox2 loaded 1 chars with 0 blanks and 1 valid
18.7607 	DEBUG 	TextBox2 loaded 1 chars with 0 blanks and 1 valid
18.7609 	DEBUG 	TextBox2 loaded 1 chars with 0 blanks and 1 valid
18.7611 	DEBUG 	TextBox2 loaded 1 chars with 0 blanks and 1 valid
18.7614 	DEBUG 	TextBox2 loaded 1 chars with 0 blanks and 1 valid
18.7616 	DEBUG 	TextBox2 loaded 1 chars with 0 blanks and 1 valid
18.7618 	DEBUG 	TextBox2 loaded 1 chars with 0 blanks and 1 valid
18.7621 	DEBUG 	TextBox2 loaded 1 chars with 0 blanks and 1 valid
18.7623 	DEBUG 	TextBox2 loaded 1 chars with 0 blanks and 1 valid
18.7625 	DEBUG 	TextBox2 loaded 1 chars with 0 blanks and 1 valid
18.7630 	DEBUG 	Uploading Texture Font fontname to graphics card
18.7657 	DEBUG 	Upload of Texture Font fontname complete
18.7694 	DEBUG 	TextBox2 loaded 1 chars with 0 blanks and 1 valid
18.7698 	DEBUG 	TextBox2 loaded 1 chars with 0 blanks and 1 valid
18.7700 	DEBUG 	Uploading Texture Font fontname to graphics card
18.7718 	DEBUG 	Upload of Texture Font fontname complete
18.7921 	DEBUG 	TextBox2 loaded 1 chars with 0 blanks and 1 valid
18.7924 	DEBUG 	TextBox2 loaded 1 chars with 0 blanks and 1 valid
18.7926 	DEBUG 	Uploading Texture Font fontname to graphics card
18.7943 	DEBUG 	Upload of Texture Font fontname complete
18.8466 	EXP 	Created slider_emotion = Slider(__class__=<class 'psychopy.visual.slider.Slider'>, autoDraw=False, autoLog=True, borderColor=None, color=None, colorSpace='rgb', depth=-1, fillColor=None, flip=False, font='Arial', granularity=1.0, labelColor=None, labelHeight=0.035, labelWrapWidth=None, labels=list(...), lineColor=None, markerColor=None, name='slider_emotion', opacity=None, ori=0.0, pos=array([ 0. , -0.1]), readOnly=False, self=UNKNOWN, size=array([1. , 0.1]), startValue=5, style='rating', styleTweaks=[], ticks=array([1, 2, 3, 4, 5, 6, 7, 8, 9]), units='pix', win=Window(...))
18.8473 	EXP 	Created text_refresh = TextStim(__class__=<class 'psychopy.visual.text.TextStim'>, alignHoriz=method-wrapper(...), alignText='center', alignVert=method-wrapper(...), anchorHoriz='center', anchorVert='center', antialias=True, autoDraw=False, autoLog=True, bold=False, color=array([1., 1., 1.]), colorSpace='rgb', contrast=1.0, depth=0.0, draggable=False, flipHoriz=False, flipVert=False, font='Arial', fontFiles=[], height=0.05, italic=False, languageStyle='LTR', name='text_refresh', opacity=1, ori=0.0, pos=array([0., 0.]), rgb=UNKNOWN, text='', units='pix', win=Window(...), wrapWidth=500)
18.8505 	EXP 	Created wait4trigger_text = TextStim(__class__=<class 'psychopy.visual.text.TextStim'>, alignHoriz=method-wrapper(...), alignText='center', alignVert=method-wrapper(...), anchorHoriz='center', anchorVert='center', antialias=True, autoDraw=False, autoLog=True, bold=False, color=array([1., 1., 1.]), colorSpace='rgb', contrast=1.0, depth=0.0, draggable=False, flipHoriz=False, flipVert=False, font='Arial', fontFiles=[], height=0.05, italic=False, languageStyle='LTR', name='wait4trigger_text', opacity=1, ori=0.0, pos=array([0., 0.]), rgb=UNKNOWN, text='Please wait for the scan to start.', units='pix', win=Window(...), wrapWidth=500)
18.8521 	EXP 	Created fake_stimulus_text = TextStim(__class__=<class 'psychopy.visual.text.TextStim'>, alignHoriz=method-wrapper(...), alignText='center', alignVert=method-wrapper(...), anchorHoriz='center', anchorVert='center', antialias=True, autoDraw=False, autoLog=True, bold=False, color=array([1., 1., 1.]), colorSpace='rgb', contrast=1.0, depth=0.0, draggable=False, flipHoriz=False, flipVert=False, font='Arial', fontFiles=[], height=0.05, italic=False, languageStyle='LTR', name='fake_stimulus_text', opacity=1, ori=0.0, pos=array([0., 0.]), rgb=UNKNOWN, text='Please wait for the scan to start.', units='pix', win=Window(...), wrapWidth=500)
18.8536 	EXP 	Created fixation = TextStim(__class__=<class 'psychopy.visual.text.TextStim'>, alignHoriz=method-wrapper(...), alignText='center', alignVert=method-wrapper(...), anchorHoriz='center', anchorVert='center', antialias=True, autoDraw=False, autoLog=True, bold=False, color=array([1., 1., 1.]), colorSpace='rgb', contrast=1.0, depth=0.0, draggable=False, flipHoriz=False, flipVert=False, font='Arial', fontFiles=[], height=0.4, italic=False, languageStyle='LTR', name='fixation', opacity=1, ori=0.0, pos=array([0., 0.]), rgb=UNKNOWN, text='+', units='pix', win=Window(...), wrapWidth=500)
18.8542 	EXP 	Created text_refresh = TextStim(__class__=<class 'psychopy.visual.text.TextStim'>, alignHoriz=method-wrapper(...), alignText='center', alignVert=method-wrapper(...), anchorHoriz='center', anchorVert='center', antialias=True, autoDraw=False, autoLog=True, bold=False, color=array([1., 1., 1.]), colorSpace='rgb', contrast=1.0, depth=0.0, draggable=False, flipHoriz=False, flipVert=False, font='Arial', fontFiles=[], height=0.05, italic=False, languageStyle='LTR', name='text_refresh', opacity=1, ori=0.0, pos=array([0., 0.]), rgb=UNKNOWN, text='', units='pix', win=Window(...), wrapWidth=500)
18.8560 	EXP 	Created rate_emotion_prompt = TextStim(__class__=<class 'psychopy.visual.text.TextStim'>, alignHoriz=method-wrapper(...), alignText='center', alignVert=method-wrapper(...), anchorHoriz='center', anchorVert='center', antialias=True, autoDraw=False, autoLog=True, bold=False, color=array([1., 1., 1.]), colorSpace='rgb', contrast=1.0, depth=0.0, draggable=False, flipHoriz=False, flipVert=False, font='Arial', fontFiles=[], height=0.05, italic=False, languageStyle='LTR', name='rate_emotion_prompt', opacity=1, ori=0.0, pos=array([0. , 0.2]), rgb=UNKNOWN, text=str(...), units='pix', win=Window(...), wrapWidth=500)
18.9348 	EXP 	Created slider_emotion = Slider(__class__=<class 'psychopy.visual.slider.Slider'>, autoDraw=False, autoLog=True, borderColor=None, color=None, colorSpace='rgb', depth=-1, fillColor=None, flip=False, font='Arial', granularity=1.0, labelColor=None, labelHeight=0.035, labelWrapWidth=None, labels=list(...), lineColor=None, markerColor=None, name='slider_emotion', opacity=None, ori=0.0, pos=array([ 0. , -0.1]), readOnly=False, self=UNKNOWN, size=array([1. , 0.1]), startValue=5, style='rating', styleTweaks=[], ticks=array([1, 2, 3, 4, 5, 6, 7, 8, 9]), units='pix', win=Window(...))
18.9357 	EXP 	Created text_refresh = TextStim(__class__=<class 'psychopy.visual.text.TextStim'>, alignHoriz=method-wrapper(...), alignText='center', alignVert=method-wrapper(...), anchorHoriz='center', anchorVert='center', antialias=True, autoDraw=False, autoLog=True, bold=False, color=array([1., 1., 1.]), colorSpace='rgb', contrast=1.0, depth=0.0, draggable=False, flipHoriz=False, flipVert=False, font='Arial', fontFiles=[], height=0.05, italic=False, languageStyle='LTR', name='text_refresh', opacity=1, ori=0.0, pos=array([0., 0.]), rgb=UNKNOWN, text='', units='pix', win=Window(...), wrapWidth=500)
18.9390 	EXP 	Created main_body_questionnaire = TextStim(__class__=<class 'psychopy.visual.text.TextStim'>, alignHoriz=method-wrapper(...), alignText='center', alignVert=method-wrapper(...), anchorHoriz='center', anchorVert='center', antialias=True, autoDraw=False, autoLog=True, bold=False, color=array([1., 1., 1.]), colorSpace='rgb', contrast=1.0, depth=0.0, draggable=False, flipHoriz=False, flipVert=False, font='Arial', fontFiles=[], height=0.05, italic=False, languageStyle='LTR', name='main_body_questionnaire', opacity=1, ori=0.0, pos=array([0. , 0.3]), rgb=UNKNOWN, text='During the MRI my thoughts:', units='pix', win=Window(...), wrapWidth=500)
18.9394 	EXP 	Created item_text = TextStim(__class__=<class 'psychopy.visual.text.TextStim'>, alignHoriz=method-wrapper(...), alignText='center', alignVert=method-wrapper(...), anchorHoriz='center', anchorVert='center', antialias=True, autoDraw=False, autoLog=True, bold=False, color=array([1., 1., 1.]), colorSpace='rgb', contrast=1.0, depth=-1.0, draggable=False, flipHoriz=False, flipVert=False, font='Arial', fontFiles=[], height=0.05, italic=False, languageStyle='LTR', name='item_text', opacity=1, ori=0.0, pos=array([0. , 0.1]), rgb=UNKNOWN, text='', units='pix', win=Window(...), wrapWidth=500)
18.9678 	DEBUG 	TextBox2 loaded 1 chars with 0 blanks and 1 valid
18.9682 	DEBUG 	TextBox2 loaded 1 chars with 0 blanks and 1 valid
18.9684 	DEBUG 	TextBox2 loaded 1 chars with 0 blanks and 1 valid
18.9687 	DEBUG 	TextBox2 loaded 1 chars with 0 blanks and 1 valid
18.9690 	DEBUG 	Uploading Texture Font fontname to graphics card
18.9708 	DEBUG 	Upload of Texture Font fontname complete
18.9939 	DEBUG 	TextBox2 loaded 1 chars with 0 blanks and 1 valid
18.9942 	DEBUG 	Uploading Texture Font fontname to graphics card
18.9959 	DEBUG 	Upload of Texture Font fontname complete
19.0236 	EXP 	Created slider_thinking_content = Slider(__class__=<class 'psychopy.visual.slider.Slider'>, autoDraw=False, autoLog=True, borderColor=None, color=None, colorSpace='rgb', depth=-2, fillColor=None, flip=False, font='Arial', granularity=1.0, labelColor=None, labelHeight=0.035, labelWrapWidth=None, labels=list(...), lineColor=None, markerColor=None, name='slider_thinking_content', opacity=None, ori=0.0, pos=array([ 0. , -0.1]), readOnly=False, self=UNKNOWN, size=array([1. , 0.1]), startValue=5, style='rating', styleTweaks=[], ticks=array([1, 2, 3, 4, 5, 6, 7, 8, 9]), units='pix', win=Window(...))
19.0243 	EXP 	Created text_refresh = TextStim(__class__=<class 'psychopy.visual.text.TextStim'>, alignHoriz=method-wrapper(...), alignText='center', alignVert=method-wrapper(...), anchorHoriz='center', anchorVert='center', antialias=True, autoDraw=False, autoLog=True, bold=False, color=array([1., 1., 1.]), colorSpace='rgb', contrast=1.0, depth=0.0, draggable=False, flipHoriz=False, flipVert=False, font='Arial', fontFiles=[], height=0.05, italic=False, languageStyle='LTR', name='text_refresh', opacity=1, ori=0.0, pos=array([0., 0.]), rgb=UNKNOWN, text='', units='pix', win=Window(...), wrapWidth=500)
19.0296 	EXP 	Created goodbye_text = TextStim(__class__=<class 'psychopy.visual.text.TextStim'>, alignHoriz=method-wrapper(...), alignText='center', alignVert=method-wrapper(...), anchorHoriz='center', anchorVert='center', antialias=True, autoDraw=False, autoLog=True, bold=False, color=array([1., 1., 1.]), colorSpace='rgb', contrast=1.0, depth=0.0, draggable=False, flipHoriz=False, flipVert=False, font='Arial', fontFiles=[], height=0.05, italic=False, languageStyle='LTR', name='goodbye_text', opacity=1, ori=0.0, pos=array([0., 0.]), rgb=UNKNOWN, text=str(...), units='pix', win=Window(...), wrapWidth=500)
0.0081 	EXP 	slider_emotion: autoLog = True
0.0081 	EXP 	slider_emotion: styleTweaks = []
0.0081 	EXP 	slider_emotion: styleTweaks = []
0.0081 	EXP 	slider_emotion: styleTweaks = []
0.0081 	EXP 	slider_emotion: styleTweaks = []
0.0081 	EXP 	slider_emotion: contrast = 1.0
0.0081 	EXP 	slider_emotion: markerPos = 5
0.0081 	EXP 	slider_emotion: autoLog = True
0.0081 	EXP 	slider_emotion: autoLog = True
0.0081 	EXP 	slider_emotion: styleTweaks = []
0.0081 	EXP 	slider_emotion: styleTweaks = []
0.0081 	EXP 	slider_emotion: styleTweaks = []
0.0081 	EXP 	slider_emotion: styleTweaks = []
0.0081 	EXP 	slider_emotion: contrast = 1.0
0.0081 	EXP 	slider_emotion: markerPos = 5
0.0081 	EXP 	slider_emotion: autoLog = True
0.0081 	EXP 	slider_thinking_content: autoLog = True
0.0081 	EXP 	slider_thinking_content: styleTweaks = []
0.0081 	EXP 	slider_thinking_content: styleTweaks = []
0.0081 	EXP 	slider_thinking_content: styleTweaks = []
0.0081 	EXP 	slider_thinking_content: styleTweaks = []
0.0081 	EXP 	slider_thinking_content: contrast = 1.0
0.0081 	EXP 	slider_thinking_content: markerPos = 5
0.0081 	EXP 	slider_thinking_content: autoLog = True
0.0215 	INFO 	Keyboard events cleared
0.0212 	EXP 	text_welcome: autoDraw = True
8.8103 	DATA 	Keypress: escape
8.8129 	WARNING 	t of last frame was 34.13ms (=1/29)
8.8509 	EXP 	resting_state_demo: status = STOPPED
8.8621 	EXP 	text_welcome: autoDraw = False
8.8634 	EXP 	resting_state_demo: status = STOPPED
8.8650 	INFO 	saved data to '/Users/Chenxiao/Documents/project_codes/RST_Chinese_beta/data/999_resting_state_demo_2025-06-10_17h23.59.401.csv'
8.8653 	INFO 	saved data to /Users/Chenxiao/Documents/project_codes/RST_Chinese_beta/data/999_resting_state_demo_2025-06-10_17h23.59.401.psydat
9.0916 	DEBUG 	Saving data for resting_state_demo ExperimentHandler
