10.6562 	WARNING 	Font Manager failed to load file /System/Library/PrivateFrameworks/FontServices.framework/Resources/Reserved/PingFangUI.ttc
12.0389 	DEBUG 	Fullscreen settings ignored as running in pilot mode.
12.0399 	INFO 	Loaded monitor calibration from ['2022_04_19 09:31']
12.0403 	WARNING 	This monitor has not been color-calibrated. Using default DKL conversion matrix.
12.1303 	WARNING 	This monitor has not been color-calibrated. Using default DKL conversion matrix.
12.1305 	WARNING 	This monitor has not been color-calibrated. Using default DKL conversion matrix.
12.1863 	EXP 	Created window1 = Window(allowGUI=False, allowStencil=False, autoLog=True, backendConf=UNKNOWN, backgroundFit=<method-wrapper '__getattribute__' of attributeSetter object at 0x181752920>, backgroundImage=<method-wrapper '__getattribute__' of attributeSetter object at 0x181752980>, bitsMode=UNKNOWN, blendMode='avg', bpc=(8, 8, 8), color=array([0, 0, 0]), colorSpace='dkl', depthBits=8, fullscr=False, gamma=None, gammaErrorPolicy='raise', infoMsg=UNKNOWN, lms=UNKNOWN, monitor=<psychopy.monitors.calibTools.Monitor object at 0x180fc8730>, multiSample=False, name='window1', numSamples=2, pos=[560.0, 240.0], screen=0, size=array([1600, 1200]), stencilBits=0, stereo=False, title='PsychoPy', units='height', useFBO=True, useRetina=True, viewOri=0.0, viewPos=None, viewScale=None, waitBlanking=True, winType='pyglet')
12.1864 	EXP 	window1: backgroundImage = ''
12.1864 	EXP 	window1: backgroundFit = 'none'
12.1935 	DEBUG 	TextBox2 loaded 1 chars with 0 blanks and 1 valid
12.1939 	DEBUG 	TextBox2 loaded 1 chars with 0 blanks and 1 valid
12.1943 	DEBUG 	TextBox2 loaded 1 chars with 0 blanks and 1 valid
12.1948 	DEBUG 	TextBox2 loaded 1 chars with 0 blanks and 1 valid
12.1954 	DEBUG 	TextBox2 loaded 1 chars with 0 blanks and 1 valid
12.1956 	DEBUG 	TextBox2 loaded 1 chars with 0 blanks and 1 valid
12.1960 	DEBUG 	TextBox2 loaded 1 chars with 0 blanks and 1 valid
12.1967 	DEBUG 	TextBox2 loaded 1 chars with 0 blanks and 1 valid
12.1968 	DEBUG 	TextBox2 loaded 1 chars with 0 blanks and 1 valid
12.1969 	DEBUG 	TextBox2 loaded 1 chars with 0 blanks and 1 valid
12.1974 	DEBUG 	TextBox2 loaded 1 chars with 0 blanks and 1 valid
12.1977 	DEBUG 	TextBox2 loaded 1 chars with 0 blanks and 1 valid
12.1981 	DEBUG 	TextBox2 loaded 1 chars with 0 blanks and 1 valid
12.1985 	DEBUG 	TextBox2 loaded 1 chars with 0 blanks and 1 valid
12.1988 	DEBUG 	TextBox2 loaded 1 chars with 0 blanks and 1 valid
12.1992 	DEBUG 	TextBox2 loaded 1 chars with 0 blanks and 1 valid
12.1997 	DEBUG 	TextBox2 loaded 1 chars with 0 blanks and 1 valid
12.1998 	DEBUG 	TextBox2 loaded 1 chars with 0 blanks and 1 valid
12.2000 	DEBUG 	TextBox2 loaded 1 chars with 0 blanks and 1 valid
12.2006 	DEBUG 	TextBox2 loaded 1 chars with 0 blanks and 1 valid
12.2008 	DEBUG 	TextBox2 loaded 1 chars with 0 blanks and 1 valid
12.2010 	DEBUG 	Uploading Texture Font fontname to graphics card
12.2042 	DEBUG 	Upload of Texture Font fontname complete
12.2083 	DEBUG 	TextBox2 loaded 1 chars with 0 blanks and 1 valid
12.2088 	DEBUG 	TextBox2 loaded 1 chars with 0 blanks and 1 valid
12.2094 	DEBUG 	TextBox2 loaded 1 chars with 0 blanks and 1 valid
12.2095 	DEBUG 	Uploading Texture Font fontname to graphics card
12.2111 	DEBUG 	Upload of Texture Font fontname complete
12.2123 	EXP 	window1: Attempting to measure frame rate of screen (0) ...
12.2123 	EXP 	window1: recordFrameIntervals = False
12.3093 	EXP 	window1: recordFrameIntervals = True
13.1464 	WARNING 	Couldn't measure a consistent frame rate!
  - Is your graphics card set to sync to vertical blank?
  - Are you running other processes on your computer?

13.1516 	DEBUG 	TextBox2 loaded 1 chars with 0 blanks and 1 valid
13.1520 	DEBUG 	TextBox2 loaded 1 chars with 0 blanks and 1 valid
13.1527 	DEBUG 	TextBox2 loaded 1 chars with 0 blanks and 1 valid
13.1535 	DEBUG 	TextBox2 loaded 1 chars with 0 blanks and 1 valid
13.1543 	DEBUG 	TextBox2 loaded 1 chars with 0 blanks and 1 valid
13.1550 	DEBUG 	TextBox2 loaded 1 chars with 0 blanks and 1 valid
13.1554 	DEBUG 	TextBox2 loaded 1 chars with 0 blanks and 1 valid
13.1560 	DEBUG 	TextBox2 loaded 1 chars with 0 blanks and 1 valid
13.1567 	DEBUG 	TextBox2 loaded 1 chars with 0 blanks and 1 valid
13.1574 	DEBUG 	TextBox2 loaded 1 chars with 0 blanks and 1 valid
13.1576 	DEBUG 	Uploading Texture Font fontname to graphics card
13.1600 	DEBUG 	Upload of Texture Font fontname complete
13.1719 	WARNING 	launchHubServer: If using the iohub mouse or eyetracker devices, fullScr should be True.
15.3487 	INFO 	keyboard.Keyboard is using iohub backend.
15.3488 	INFO 	keyboard.Keyboard is using iohub backend.
15.3488 	INFO 	keyboard.Keyboard is using iohub backend.
15.3488 	INFO 	keyboard.Keyboard is using iohub backend.
15.3488 	INFO 	keyboard.Keyboard is using iohub backend.
15.3489 	EXP 	resting_state_demo: status = STARTED
15.4167 	EXP 	Created image_welcome = ImageStim(__class__=<class 'psychopy.visual.image.ImageStim'>, anchor=('center', 'center'), autoLog=True, color=array([1., 1., 1.]), colorSpace='rgb', contrast=1.0, depth=0.0, draggable=False, flipHoriz=False, flipVert=False, image='stimuli/welcome.png', interpolate=True, mask=None, maskParams=None, name='image_welcome', opacity=1, ori=0.0, pos=array([0., 0.]), size=array([0.9, 0.9]), texRes=128.0, units='height', win=Window(...))
15.4282 	EXP 	Created text_refresh = TextStim(__class__=<class 'psychopy.visual.text.TextStim'>, alignHoriz=method-wrapper(...), alignText='center', alignVert=method-wrapper(...), anchorHoriz='center', anchorVert='center', antialias=True, autoDraw=False, autoLog=True, bold=False, color=array([1., 1., 1.]), colorSpace='rgb', contrast=1.0, depth=0.0, draggable=False, flipHoriz=False, flipVert=False, font='Arial', fontFiles=[], height=0.05, italic=False, languageStyle='LTR', name='text_refresh', opacity=1, ori=0.0, pos=array([0., 0.]), rgb=UNKNOWN, text='', units='height', win=Window(...), wrapWidth=1)
15.4404 	EXP 	Created rate_emotion_prompt = TextStim(__class__=<class 'psychopy.visual.text.TextStim'>, alignHoriz=method-wrapper(...), alignText='center', alignVert=method-wrapper(...), anchorHoriz='center', anchorVert='center', antialias=True, autoDraw=False, autoLog=True, bold=False, color=array([1., 1., 1.]), colorSpace='rgb', contrast=1.0, depth=0.0, draggable=False, flipHoriz=False, flipVert=False, font='Arial', fontFiles=[], height=0.05, italic=False, languageStyle='LTR', name='rate_emotion_prompt', opacity=1, ori=0.0, pos=array([0. , 0.2]), rgb=UNKNOWN, text=str(...), units='height', win=Window(...), wrapWidth=1)
15.4541 	DEBUG 	TextBox2 loaded 1 chars with 0 blanks and 1 valid
15.4545 	DEBUG 	TextBox2 loaded 1 chars with 0 blanks and 1 valid
15.4548 	DEBUG 	TextBox2 loaded 1 chars with 0 blanks and 1 valid
15.4552 	DEBUG 	TextBox2 loaded 1 chars with 0 blanks and 1 valid
15.4554 	DEBUG 	TextBox2 loaded 1 chars with 0 blanks and 1 valid
15.4557 	DEBUG 	TextBox2 loaded 1 chars with 0 blanks and 1 valid
15.4560 	DEBUG 	TextBox2 loaded 1 chars with 0 blanks and 1 valid
15.4563 	DEBUG 	TextBox2 loaded 1 chars with 0 blanks and 1 valid
15.4565 	DEBUG 	TextBox2 loaded 1 chars with 0 blanks and 1 valid
15.4569 	DEBUG 	TextBox2 loaded 1 chars with 0 blanks and 1 valid
15.4573 	DEBUG 	TextBox2 loaded 1 chars with 0 blanks and 1 valid
15.4577 	DEBUG 	TextBox2 loaded 1 chars with 0 blanks and 1 valid
15.4579 	DEBUG 	Uploading Texture Font fontname to graphics card
15.4611 	DEBUG 	Upload of Texture Font fontname complete
15.4640 	DEBUG 	TextBox2 loaded 1 chars with 0 blanks and 1 valid
15.4643 	DEBUG 	TextBox2 loaded 1 chars with 0 blanks and 1 valid
15.4644 	DEBUG 	Uploading Texture Font fontname to graphics card
15.4660 	DEBUG 	Upload of Texture Font fontname complete
15.4831 	DEBUG 	TextBox2 loaded 1 chars with 0 blanks and 1 valid
15.4834 	DEBUG 	TextBox2 loaded 1 chars with 0 blanks and 1 valid
15.4835 	DEBUG 	Uploading Texture Font fontname to graphics card
15.4850 	DEBUG 	Upload of Texture Font fontname complete
15.5236 	EXP 	Created slider_emotion = Slider(__class__=<class 'psychopy.visual.slider.Slider'>, autoDraw=False, autoLog=True, borderColor=None, color=None, colorSpace='rgb', depth=-1, fillColor=None, flip=False, font='Arial', granularity=1.0, labelColor=None, labelHeight=0.035, labelWrapWidth=None, labels=list(...), lineColor=None, markerColor=None, name='slider_emotion', opacity=None, ori=0.0, pos=array([ 0. , -0.1]), readOnly=False, self=UNKNOWN, size=array([1. , 0.1]), startValue=5, style='rating', styleTweaks=[], ticks=array([1, 2, 3, 4, 5, 6, 7, 8, 9]), units='height', win=Window(...))
15.5242 	EXP 	Created text_refresh = TextStim(__class__=<class 'psychopy.visual.text.TextStim'>, alignHoriz=method-wrapper(...), alignText='center', alignVert=method-wrapper(...), anchorHoriz='center', anchorVert='center', antialias=True, autoDraw=False, autoLog=True, bold=False, color=array([1., 1., 1.]), colorSpace='rgb', contrast=1.0, depth=0.0, draggable=False, flipHoriz=False, flipVert=False, font='Arial', fontFiles=[], height=0.05, italic=False, languageStyle='LTR', name='text_refresh', opacity=1, ori=0.0, pos=array([0., 0.]), rgb=UNKNOWN, text='', units='height', win=Window(...), wrapWidth=1)
15.5268 	EXP 	Created wait4trigger_text = TextStim(__class__=<class 'psychopy.visual.text.TextStim'>, alignHoriz=method-wrapper(...), alignText='center', alignVert=method-wrapper(...), anchorHoriz='center', anchorVert='center', antialias=True, autoDraw=False, autoLog=True, bold=False, color=array([1., 1., 1.]), colorSpace='rgb', contrast=1.0, depth=0.0, draggable=False, flipHoriz=False, flipVert=False, font='Arial', fontFiles=[], height=0.05, italic=False, languageStyle='LTR', name='wait4trigger_text', opacity=1, ori=0.0, pos=array([0., 0.]), rgb=UNKNOWN, text='Please wait for the scan to start.', units='height', win=Window(...), wrapWidth=1)
15.5281 	EXP 	Created fake_stimulus_text = TextStim(__class__=<class 'psychopy.visual.text.TextStim'>, alignHoriz=method-wrapper(...), alignText='center', alignVert=method-wrapper(...), anchorHoriz='center', anchorVert='center', antialias=True, autoDraw=False, autoLog=True, bold=False, color=array([1., 1., 1.]), colorSpace='rgb', contrast=1.0, depth=0.0, draggable=False, flipHoriz=False, flipVert=False, font='Arial', fontFiles=[], height=0.05, italic=False, languageStyle='LTR', name='fake_stimulus_text', opacity=1, ori=0.0, pos=array([0., 0.]), rgb=UNKNOWN, text='Please wait for the scan to start.', units='height', win=Window(...), wrapWidth=1)
15.5297 	EXP 	Created fixation = TextStim(__class__=<class 'psychopy.visual.text.TextStim'>, alignHoriz=method-wrapper(...), alignText='center', alignVert=method-wrapper(...), anchorHoriz='center', anchorVert='center', antialias=True, autoDraw=False, autoLog=True, bold=False, color=array([1., 1., 1.]), colorSpace='rgb', contrast=1.0, depth=0.0, draggable=False, flipHoriz=False, flipVert=False, font='Arial', fontFiles=[], height=0.4, italic=False, languageStyle='LTR', name='fixation', opacity=1, ori=0.0, pos=array([0., 0.]), rgb=UNKNOWN, text='+', units='height', win=Window(...), wrapWidth=1)
15.5302 	EXP 	Created text_refresh = TextStim(__class__=<class 'psychopy.visual.text.TextStim'>, alignHoriz=method-wrapper(...), alignText='center', alignVert=method-wrapper(...), anchorHoriz='center', anchorVert='center', antialias=True, autoDraw=False, autoLog=True, bold=False, color=array([1., 1., 1.]), colorSpace='rgb', contrast=1.0, depth=0.0, draggable=False, flipHoriz=False, flipVert=False, font='Arial', fontFiles=[], height=0.05, italic=False, languageStyle='LTR', name='text_refresh', opacity=1, ori=0.0, pos=array([0., 0.]), rgb=UNKNOWN, text='', units='height', win=Window(...), wrapWidth=1)
15.5318 	EXP 	Created rate_emotion_prompt = TextStim(__class__=<class 'psychopy.visual.text.TextStim'>, alignHoriz=method-wrapper(...), alignText='center', alignVert=method-wrapper(...), anchorHoriz='center', anchorVert='center', antialias=True, autoDraw=False, autoLog=True, bold=False, color=array([1., 1., 1.]), colorSpace='rgb', contrast=1.0, depth=0.0, draggable=False, flipHoriz=False, flipVert=False, font='Arial', fontFiles=[], height=0.05, italic=False, languageStyle='LTR', name='rate_emotion_prompt', opacity=1, ori=0.0, pos=array([0. , 0.2]), rgb=UNKNOWN, text=str(...), units='height', win=Window(...), wrapWidth=1)
15.5923 	EXP 	Created slider_emotion = Slider(__class__=<class 'psychopy.visual.slider.Slider'>, autoDraw=False, autoLog=True, borderColor=None, color=None, colorSpace='rgb', depth=-1, fillColor=None, flip=False, font='Arial', granularity=1.0, labelColor=None, labelHeight=0.035, labelWrapWidth=None, labels=list(...), lineColor=None, markerColor=None, name='slider_emotion', opacity=None, ori=0.0, pos=array([ 0. , -0.1]), readOnly=False, self=UNKNOWN, size=array([1. , 0.1]), startValue=5, style='rating', styleTweaks=[], ticks=array([1, 2, 3, 4, 5, 6, 7, 8, 9]), units='height', win=Window(...))
15.5931 	EXP 	Created text_refresh = TextStim(__class__=<class 'psychopy.visual.text.TextStim'>, alignHoriz=method-wrapper(...), alignText='center', alignVert=method-wrapper(...), anchorHoriz='center', anchorVert='center', antialias=True, autoDraw=False, autoLog=True, bold=False, color=array([1., 1., 1.]), colorSpace='rgb', contrast=1.0, depth=0.0, draggable=False, flipHoriz=False, flipVert=False, font='Arial', fontFiles=[], height=0.05, italic=False, languageStyle='LTR', name='text_refresh', opacity=1, ori=0.0, pos=array([0., 0.]), rgb=UNKNOWN, text='', units='height', win=Window(...), wrapWidth=1)
15.5957 	EXP 	Created main_body_questionnaire = TextStim(__class__=<class 'psychopy.visual.text.TextStim'>, alignHoriz=method-wrapper(...), alignText='center', alignVert=method-wrapper(...), anchorHoriz='center', anchorVert='center', antialias=True, autoDraw=False, autoLog=True, bold=False, color=array([1., 1., 1.]), colorSpace='rgb', contrast=1.0, depth=0.0, draggable=False, flipHoriz=False, flipVert=False, font='Arial', fontFiles=[], height=0.05, italic=False, languageStyle='LTR', name='main_body_questionnaire', opacity=1, ori=0.0, pos=array([0. , 0.3]), rgb=UNKNOWN, text='During the MRI my thoughts:', units='height', win=Window(...), wrapWidth=1)
15.5960 	EXP 	Created item_text = TextStim(__class__=<class 'psychopy.visual.text.TextStim'>, alignHoriz=method-wrapper(...), alignText='center', alignVert=method-wrapper(...), anchorHoriz='center', anchorVert='center', antialias=True, autoDraw=False, autoLog=True, bold=False, color=array([1., 1., 1.]), colorSpace='rgb', contrast=1.0, depth=-1.0, draggable=False, flipHoriz=False, flipVert=False, font='Arial', fontFiles=[], height=0.05, italic=False, languageStyle='LTR', name='item_text', opacity=1, ori=0.0, pos=array([0. , 0.1]), rgb=UNKNOWN, text='', units='height', win=Window(...), wrapWidth=1)
15.6189 	DEBUG 	TextBox2 loaded 1 chars with 0 blanks and 1 valid
15.6193 	DEBUG 	TextBox2 loaded 1 chars with 0 blanks and 1 valid
15.6197 	DEBUG 	TextBox2 loaded 1 chars with 0 blanks and 1 valid
15.6200 	DEBUG 	TextBox2 loaded 1 chars with 0 blanks and 1 valid
15.6201 	DEBUG 	Uploading Texture Font fontname to graphics card
15.6217 	DEBUG 	Upload of Texture Font fontname complete
15.6408 	DEBUG 	TextBox2 loaded 1 chars with 0 blanks and 1 valid
15.6409 	DEBUG 	Uploading Texture Font fontname to graphics card
15.6425 	DEBUG 	Upload of Texture Font fontname complete
15.6609 	EXP 	Created slider_thinking_content = Slider(__class__=<class 'psychopy.visual.slider.Slider'>, autoDraw=False, autoLog=True, borderColor=None, color=None, colorSpace='rgb', depth=-2, fillColor=None, flip=False, font='Arial', granularity=1.0, labelColor=None, labelHeight=0.035, labelWrapWidth=None, labels=list(...), lineColor=None, markerColor=None, name='slider_thinking_content', opacity=None, ori=0.0, pos=array([ 0. , -0.1]), readOnly=False, self=UNKNOWN, size=array([1. , 0.1]), startValue=5, style='rating', styleTweaks=[], ticks=array([1, 2, 3, 4, 5, 6, 7, 8, 9]), units='height', win=Window(...))
15.6615 	EXP 	Created text_refresh = TextStim(__class__=<class 'psychopy.visual.text.TextStim'>, alignHoriz=method-wrapper(...), alignText='center', alignVert=method-wrapper(...), anchorHoriz='center', anchorVert='center', antialias=True, autoDraw=False, autoLog=True, bold=False, color=array([1., 1., 1.]), colorSpace='rgb', contrast=1.0, depth=0.0, draggable=False, flipHoriz=False, flipVert=False, font='Arial', fontFiles=[], height=0.05, italic=False, languageStyle='LTR', name='text_refresh', opacity=1, ori=0.0, pos=array([0., 0.]), rgb=UNKNOWN, text='', units='height', win=Window(...), wrapWidth=1)
15.6659 	EXP 	Created goodbye_text = TextStim(__class__=<class 'psychopy.visual.text.TextStim'>, alignHoriz=method-wrapper(...), alignText='center', alignVert=method-wrapper(...), anchorHoriz='center', anchorVert='center', antialias=True, autoDraw=False, autoLog=True, bold=False, color=array([1., 1., 1.]), colorSpace='rgb', contrast=1.0, depth=0.0, draggable=False, flipHoriz=False, flipVert=False, font='Arial', fontFiles=[], height=0.05, italic=False, languageStyle='LTR', name='goodbye_text', opacity=1, ori=0.0, pos=array([0., 0.]), rgb=UNKNOWN, text=str(...), units='height', win=Window(...), wrapWidth=1)
0.0073 	EXP 	slider_emotion: autoLog = True
0.0073 	EXP 	slider_emotion: styleTweaks = []
0.0073 	EXP 	slider_emotion: styleTweaks = []
0.0073 	EXP 	slider_emotion: styleTweaks = []
0.0073 	EXP 	slider_emotion: styleTweaks = []
0.0073 	EXP 	slider_emotion: contrast = 1.0
0.0073 	EXP 	slider_emotion: markerPos = 5
0.0073 	EXP 	slider_emotion: autoLog = True
0.0073 	EXP 	slider_emotion: autoLog = True
0.0073 	EXP 	slider_emotion: styleTweaks = []
0.0073 	EXP 	slider_emotion: styleTweaks = []
0.0073 	EXP 	slider_emotion: styleTweaks = []
0.0073 	EXP 	slider_emotion: styleTweaks = []
0.0073 	EXP 	slider_emotion: contrast = 1.0
0.0073 	EXP 	slider_emotion: markerPos = 5
0.0073 	EXP 	slider_emotion: autoLog = True
0.0073 	EXP 	slider_thinking_content: autoLog = True
0.0073 	EXP 	slider_thinking_content: styleTweaks = []
0.0073 	EXP 	slider_thinking_content: styleTweaks = []
0.0073 	EXP 	slider_thinking_content: styleTweaks = []
0.0073 	EXP 	slider_thinking_content: styleTweaks = []
0.0073 	EXP 	slider_thinking_content: contrast = 1.0
0.0073 	EXP 	slider_thinking_content: markerPos = 5
0.0073 	EXP 	slider_thinking_content: autoLog = True
0.0238 	INFO 	Keyboard events cleared
0.0235 	EXP 	image_welcome: autoDraw = True
5.8130 	DATA 	Keypress: escape
5.8164 	WARNING 	t of last frame was 23.42ms (=1/42)
5.8441 	EXP 	resting_state_demo: status = STOPPED
5.8459 	EXP 	image_welcome: autoDraw = False
5.8468 	EXP 	resting_state_demo: status = STOPPED
5.8485 	INFO 	saved data to '/Users/Chenxiao/Documents/project_codes/RST_Chinese_beta/data/999_resting_state_demo_2025-06-11_17h13.27.613.csv'
5.8491 	INFO 	saved data to /Users/Chenxiao/Documents/project_codes/RST_Chinese_beta/data/999_resting_state_demo_2025-06-11_17h13.27.613.psydat
6.2630 	DEBUG 	Saving data for resting_state_demo ExperimentHandler
