10.7399 	WARNING 	Font Manager failed to load file /System/Library/PrivateFrameworks/FontServices.framework/Resources/Reserved/PingFangUI.ttc
12.2445 	DEBUG 	Fullscreen settings ignored as running in pilot mode.
12.2455 	INFO 	Loaded monitor calibration from ['2022_04_19 09:31']
12.2458 	WARNING 	This monitor has not been color-calibrated. Using default DKL conversion matrix.
12.3454 	WARNING 	This monitor has not been color-calibrated. Using default DKL conversion matrix.
12.3456 	WARNING 	This monitor has not been color-calibrated. Using default DKL conversion matrix.
12.4016 	EXP 	Created window1 = Window(allowGUI=False, allowStencil=False, autoLog=True, backendConf=UNKNOWN, backgroundFit=<method-wrapper '__getattribute__' of attributeSetter object at 0x180b0fe20>, backgroundImage=<method-wrapper '__getattribute__' of attributeSetter object at 0x180b0fdc0>, bitsMode=UNKNOWN, blendMode='avg', bpc=(8, 8, 8), color=array([0, 0, 0]), colorSpace='dkl', depthBits=8, fullscr=True, gamma=None, gammaErrorPolicy='raise', infoMsg=UNKNOWN, lms=UNKNOWN, monitor=<psychopy.monitors.calibTools.Monitor object at 0x180bb4670>, multiSample=False, name='window1', numSamples=2, pos=[0.0, 0.0], screen=0, size=array([3840, 2160]), stencilBits=0, stereo=False, title='PsychoPy', units='height', useFBO=True, useRetina=True, viewOri=0.0, viewPos=None, viewScale=None, waitBlanking=True, winType='pyglet')
12.4016 	EXP 	window1: backgroundImage = ''
12.4016 	EXP 	window1: backgroundFit = 'none'
12.4091 	DEBUG 	TextBox2 loaded 1 chars with 0 blanks and 1 valid
12.4101 	DEBUG 	TextBox2 loaded 1 chars with 0 blanks and 1 valid
12.4112 	DEBUG 	TextBox2 loaded 1 chars with 0 blanks and 1 valid
12.4127 	DEBUG 	TextBox2 loaded 1 chars with 0 blanks and 1 valid
12.4142 	DEBUG 	TextBox2 loaded 1 chars with 0 blanks and 1 valid
12.4147 	DEBUG 	TextBox2 loaded 1 chars with 0 blanks and 1 valid
12.4157 	DEBUG 	TextBox2 loaded 1 chars with 0 blanks and 1 valid
12.4171 	DEBUG 	TextBox2 loaded 1 chars with 0 blanks and 1 valid
12.4173 	DEBUG 	TextBox2 loaded 1 chars with 0 blanks and 1 valid
12.4175 	DEBUG 	TextBox2 loaded 1 chars with 0 blanks and 1 valid
12.4186 	DEBUG 	TextBox2 loaded 1 chars with 0 blanks and 1 valid
12.4195 	DEBUG 	TextBox2 loaded 1 chars with 0 blanks and 1 valid
12.4204 	DEBUG 	TextBox2 loaded 1 chars with 0 blanks and 1 valid
12.4214 	DEBUG 	TextBox2 loaded 1 chars with 0 blanks and 1 valid
12.4221 	DEBUG 	TextBox2 loaded 1 chars with 0 blanks and 1 valid
12.4233 	DEBUG 	TextBox2 loaded 1 chars with 0 blanks and 1 valid
12.4243 	DEBUG 	TextBox2 loaded 1 chars with 0 blanks and 1 valid
12.4246 	DEBUG 	TextBox2 loaded 1 chars with 0 blanks and 1 valid
12.4250 	DEBUG 	TextBox2 loaded 1 chars with 0 blanks and 1 valid
12.4264 	DEBUG 	TextBox2 loaded 1 chars with 0 blanks and 1 valid
12.4267 	DEBUG 	TextBox2 loaded 1 chars with 0 blanks and 1 valid
12.4268 	DEBUG 	Uploading Texture Font fontname to graphics card
12.4300 	DEBUG 	Upload of Texture Font fontname complete
12.4346 	DEBUG 	TextBox2 loaded 1 chars with 0 blanks and 1 valid
12.4361 	DEBUG 	TextBox2 loaded 1 chars with 0 blanks and 1 valid
12.4374 	DEBUG 	TextBox2 loaded 1 chars with 0 blanks and 1 valid
12.4375 	DEBUG 	Uploading Texture Font fontname to graphics card
12.4390 	DEBUG 	Upload of Texture Font fontname complete
12.4401 	EXP 	window1: Attempting to measure frame rate of screen (0) ...
12.4401 	EXP 	window1: recordFrameIntervals = False
12.5808 	EXP 	window1: recordFrameIntervals = True
13.4559 	WARNING 	Couldn't measure a consistent frame rate!
  - Is your graphics card set to sync to vertical blank?
  - Are you running other processes on your computer?

13.4662 	DEBUG 	TextBox2 loaded 1 chars with 0 blanks and 1 valid
13.4672 	DEBUG 	TextBox2 loaded 1 chars with 0 blanks and 1 valid
13.4694 	DEBUG 	TextBox2 loaded 1 chars with 0 blanks and 1 valid
13.4736 	DEBUG 	TextBox2 loaded 1 chars with 0 blanks and 1 valid
13.4766 	DEBUG 	TextBox2 loaded 1 chars with 0 blanks and 1 valid
13.4795 	DEBUG 	TextBox2 loaded 1 chars with 0 blanks and 1 valid
13.4801 	DEBUG 	TextBox2 loaded 1 chars with 0 blanks and 1 valid
13.4821 	DEBUG 	TextBox2 loaded 1 chars with 0 blanks and 1 valid
13.4844 	DEBUG 	TextBox2 loaded 1 chars with 0 blanks and 1 valid
13.4864 	DEBUG 	TextBox2 loaded 1 chars with 0 blanks and 1 valid
13.4869 	DEBUG 	Uploading Texture Font fontname to graphics card
13.4893 	DEBUG 	Upload of Texture Font fontname complete
15.4339 	INFO 	keyboard.Keyboard is using iohub backend.
15.4339 	INFO 	keyboard.Keyboard is using iohub backend.
15.4340 	INFO 	keyboard.Keyboard is using iohub backend.
15.4340 	INFO 	keyboard.Keyboard is using iohub backend.
15.4340 	INFO 	keyboard.Keyboard is using iohub backend.
15.4340 	EXP 	resting_state_demo: status = STARTED
15.4620 	EXP 	Created text_welcome = TextStim(__class__=<class 'psychopy.visual.text.TextStim'>, alignHoriz=method-wrapper(...), alignText='center', alignVert=method-wrapper(...), anchorHoriz='center', anchorVert='center', antialias=True, autoDraw=False, autoLog=True, bold=False, color=array([1., 1., 1.]), colorSpace='rgb', contrast=1.0, depth=0.0, draggable=False, flipHoriz=False, flipVert=False, font='Heiti SC', fontFiles=[], height=0.05, italic=False, languageStyle='LTR', name='text_welcome', opacity=1, ori=0.0, pos=array([0., 0.]), rgb=UNKNOWN, text=str(...), units='height', win=Window(...), wrapWidth=1000.0)
15.4639 	EXP 	Created text_refresh = TextStim(__class__=<class 'psychopy.visual.text.TextStim'>, alignHoriz=method-wrapper(...), alignText='center', alignVert=method-wrapper(...), anchorHoriz='center', anchorVert='center', antialias=True, autoDraw=False, autoLog=True, bold=False, color=array([1., 1., 1.]), colorSpace='rgb', contrast=1.0, depth=0.0, draggable=False, flipHoriz=False, flipVert=False, font='Arial', fontFiles=[], height=0.05, italic=False, languageStyle='LTR', name='text_refresh', opacity=1, ori=0.0, pos=array([0., 0.]), rgb=UNKNOWN, text='', units='height', win=Window(...), wrapWidth=1)
15.4684 	EXP 	Created rate_emotion_prompt = TextStim(__class__=<class 'psychopy.visual.text.TextStim'>, alignHoriz=method-wrapper(...), alignText='center', alignVert=method-wrapper(...), anchorHoriz='center', anchorVert='center', antialias=True, autoDraw=False, autoLog=True, bold=False, color=array([1., 1., 1.]), colorSpace='rgb', contrast=1.0, depth=0.0, draggable=False, flipHoriz=False, flipVert=False, font='Arial', fontFiles=[], height=0.05, italic=False, languageStyle='LTR', name='rate_emotion_prompt', opacity=1, ori=0.0, pos=array([0. , 0.2]), rgb=UNKNOWN, text=str(...), units='height', win=Window(...), wrapWidth=1)
15.4826 	DEBUG 	TextBox2 loaded 1 chars with 0 blanks and 1 valid
15.4833 	DEBUG 	TextBox2 loaded 1 chars with 0 blanks and 1 valid
15.4838 	DEBUG 	TextBox2 loaded 1 chars with 0 blanks and 1 valid
15.4846 	DEBUG 	TextBox2 loaded 1 chars with 0 blanks and 1 valid
15.4848 	DEBUG 	TextBox2 loaded 1 chars with 0 blanks and 1 valid
15.4851 	DEBUG 	TextBox2 loaded 1 chars with 0 blanks and 1 valid
15.4857 	DEBUG 	TextBox2 loaded 1 chars with 0 blanks and 1 valid
15.4862 	DEBUG 	TextBox2 loaded 1 chars with 0 blanks and 1 valid
15.4865 	DEBUG 	TextBox2 loaded 1 chars with 0 blanks and 1 valid
15.4872 	DEBUG 	TextBox2 loaded 1 chars with 0 blanks and 1 valid
15.4879 	DEBUG 	TextBox2 loaded 1 chars with 0 blanks and 1 valid
15.4887 	DEBUG 	TextBox2 loaded 1 chars with 0 blanks and 1 valid
15.4888 	DEBUG 	Uploading Texture Font fontname to graphics card
15.4910 	DEBUG 	Upload of Texture Font fontname complete
15.4944 	DEBUG 	TextBox2 loaded 1 chars with 0 blanks and 1 valid
15.4947 	DEBUG 	TextBox2 loaded 1 chars with 0 blanks and 1 valid
15.4948 	DEBUG 	Uploading Texture Font fontname to graphics card
15.4962 	DEBUG 	Upload of Texture Font fontname complete
15.5133 	DEBUG 	TextBox2 loaded 1 chars with 0 blanks and 1 valid
15.5136 	DEBUG 	TextBox2 loaded 1 chars with 0 blanks and 1 valid
15.5137 	DEBUG 	Uploading Texture Font fontname to graphics card
15.5152 	DEBUG 	Upload of Texture Font fontname complete
15.5539 	EXP 	Created slider_emotion = Slider(__class__=<class 'psychopy.visual.slider.Slider'>, autoDraw=False, autoLog=True, borderColor=None, color=None, colorSpace='rgb', depth=-1, fillColor=None, flip=False, font='Arial', granularity=1.0, labelColor=None, labelHeight=0.035, labelWrapWidth=None, labels=list(...), lineColor=None, markerColor=None, name='slider_emotion', opacity=None, ori=0.0, pos=array([ 0. , -0.1]), readOnly=False, self=UNKNOWN, size=array([1. , 0.1]), startValue=5, style='rating', styleTweaks=[], ticks=array([1, 2, 3, 4, 5, 6, 7, 8, 9]), units='height', win=Window(...))
15.5550 	EXP 	Created text_refresh = TextStim(__class__=<class 'psychopy.visual.text.TextStim'>, alignHoriz=method-wrapper(...), alignText='center', alignVert=method-wrapper(...), anchorHoriz='center', anchorVert='center', antialias=True, autoDraw=False, autoLog=True, bold=False, color=array([1., 1., 1.]), colorSpace='rgb', contrast=1.0, depth=0.0, draggable=False, flipHoriz=False, flipVert=False, font='Arial', fontFiles=[], height=0.05, italic=False, languageStyle='LTR', name='text_refresh', opacity=1, ori=0.0, pos=array([0., 0.]), rgb=UNKNOWN, text='', units='height', win=Window(...), wrapWidth=1)
15.5568 	EXP 	Created wait4trigger_text = TextStim(__class__=<class 'psychopy.visual.text.TextStim'>, alignHoriz=method-wrapper(...), alignText='center', alignVert=method-wrapper(...), anchorHoriz='center', anchorVert='center', antialias=True, autoDraw=False, autoLog=True, bold=False, color=array([1., 1., 1.]), colorSpace='rgb', contrast=1.0, depth=0.0, draggable=False, flipHoriz=False, flipVert=False, font='Arial', fontFiles=[], height=0.05, italic=False, languageStyle='LTR', name='wait4trigger_text', opacity=1, ori=0.0, pos=array([0., 0.]), rgb=UNKNOWN, text='Please wait for the scan to start.', units='height', win=Window(...), wrapWidth=1)
15.5581 	EXP 	Created fake_stimulus_text = TextStim(__class__=<class 'psychopy.visual.text.TextStim'>, alignHoriz=method-wrapper(...), alignText='center', alignVert=method-wrapper(...), anchorHoriz='center', anchorVert='center', antialias=True, autoDraw=False, autoLog=True, bold=False, color=array([1., 1., 1.]), colorSpace='rgb', contrast=1.0, depth=0.0, draggable=False, flipHoriz=False, flipVert=False, font='Arial', fontFiles=[], height=0.05, italic=False, languageStyle='LTR', name='fake_stimulus_text', opacity=1, ori=0.0, pos=array([0., 0.]), rgb=UNKNOWN, text='Please wait for the scan to start.', units='height', win=Window(...), wrapWidth=1)
15.5601 	EXP 	Created fixation = TextStim(__class__=<class 'psychopy.visual.text.TextStim'>, alignHoriz=method-wrapper(...), alignText='center', alignVert=method-wrapper(...), anchorHoriz='center', anchorVert='center', antialias=True, autoDraw=False, autoLog=True, bold=False, color=array([1., 1., 1.]), colorSpace='rgb', contrast=1.0, depth=0.0, draggable=False, flipHoriz=False, flipVert=False, font='Arial', fontFiles=[], height=0.4, italic=False, languageStyle='LTR', name='fixation', opacity=1, ori=0.0, pos=array([0., 0.]), rgb=UNKNOWN, text='+', units='height', win=Window(...), wrapWidth=1)
15.5606 	EXP 	Created text_refresh = TextStim(__class__=<class 'psychopy.visual.text.TextStim'>, alignHoriz=method-wrapper(...), alignText='center', alignVert=method-wrapper(...), anchorHoriz='center', anchorVert='center', antialias=True, autoDraw=False, autoLog=True, bold=False, color=array([1., 1., 1.]), colorSpace='rgb', contrast=1.0, depth=0.0, draggable=False, flipHoriz=False, flipVert=False, font='Arial', fontFiles=[], height=0.05, italic=False, languageStyle='LTR', name='text_refresh', opacity=1, ori=0.0, pos=array([0., 0.]), rgb=UNKNOWN, text='', units='height', win=Window(...), wrapWidth=1)
15.5635 	EXP 	Created rate_emotion_prompt = TextStim(__class__=<class 'psychopy.visual.text.TextStim'>, alignHoriz=method-wrapper(...), alignText='center', alignVert=method-wrapper(...), anchorHoriz='center', anchorVert='center', antialias=True, autoDraw=False, autoLog=True, bold=False, color=array([1., 1., 1.]), colorSpace='rgb', contrast=1.0, depth=0.0, draggable=False, flipHoriz=False, flipVert=False, font='Arial', fontFiles=[], height=0.05, italic=False, languageStyle='LTR', name='rate_emotion_prompt', opacity=1, ori=0.0, pos=array([0. , 0.2]), rgb=UNKNOWN, text=str(...), units='height', win=Window(...), wrapWidth=1)
15.6242 	EXP 	Created slider_emotion = Slider(__class__=<class 'psychopy.visual.slider.Slider'>, autoDraw=False, autoLog=True, borderColor=None, color=None, colorSpace='rgb', depth=-1, fillColor=None, flip=False, font='Arial', granularity=1.0, labelColor=None, labelHeight=0.035, labelWrapWidth=None, labels=list(...), lineColor=None, markerColor=None, name='slider_emotion', opacity=None, ori=0.0, pos=array([ 0. , -0.1]), readOnly=False, self=UNKNOWN, size=array([1. , 0.1]), startValue=5, style='rating', styleTweaks=[], ticks=array([1, 2, 3, 4, 5, 6, 7, 8, 9]), units='height', win=Window(...))
15.6249 	EXP 	Created text_refresh = TextStim(__class__=<class 'psychopy.visual.text.TextStim'>, alignHoriz=method-wrapper(...), alignText='center', alignVert=method-wrapper(...), anchorHoriz='center', anchorVert='center', antialias=True, autoDraw=False, autoLog=True, bold=False, color=array([1., 1., 1.]), colorSpace='rgb', contrast=1.0, depth=0.0, draggable=False, flipHoriz=False, flipVert=False, font='Arial', fontFiles=[], height=0.05, italic=False, languageStyle='LTR', name='text_refresh', opacity=1, ori=0.0, pos=array([0., 0.]), rgb=UNKNOWN, text='', units='height', win=Window(...), wrapWidth=1)
15.6271 	EXP 	Created main_body_questionnaire = TextStim(__class__=<class 'psychopy.visual.text.TextStim'>, alignHoriz=method-wrapper(...), alignText='center', alignVert=method-wrapper(...), anchorHoriz='center', anchorVert='center', antialias=True, autoDraw=False, autoLog=True, bold=False, color=array([1., 1., 1.]), colorSpace='rgb', contrast=1.0, depth=0.0, draggable=False, flipHoriz=False, flipVert=False, font='Arial', fontFiles=[], height=0.05, italic=False, languageStyle='LTR', name='main_body_questionnaire', opacity=1, ori=0.0, pos=array([0. , 0.3]), rgb=UNKNOWN, text='During the MRI my thoughts:', units='height', win=Window(...), wrapWidth=1)
15.6275 	EXP 	Created item_text = TextStim(__class__=<class 'psychopy.visual.text.TextStim'>, alignHoriz=method-wrapper(...), alignText='center', alignVert=method-wrapper(...), anchorHoriz='center', anchorVert='center', antialias=True, autoDraw=False, autoLog=True, bold=False, color=array([1., 1., 1.]), colorSpace='rgb', contrast=1.0, depth=-1.0, draggable=False, flipHoriz=False, flipVert=False, font='Arial', fontFiles=[], height=0.05, italic=False, languageStyle='LTR', name='item_text', opacity=1, ori=0.0, pos=array([0. , 0.1]), rgb=UNKNOWN, text='', units='height', win=Window(...), wrapWidth=1)
15.6509 	DEBUG 	TextBox2 loaded 1 chars with 0 blanks and 1 valid
15.6516 	DEBUG 	TextBox2 loaded 1 chars with 0 blanks and 1 valid
15.6524 	DEBUG 	TextBox2 loaded 1 chars with 0 blanks and 1 valid
15.6528 	DEBUG 	TextBox2 loaded 1 chars with 0 blanks and 1 valid
15.6529 	DEBUG 	Uploading Texture Font fontname to graphics card
15.6547 	DEBUG 	Upload of Texture Font fontname complete
15.6745 	DEBUG 	TextBox2 loaded 1 chars with 0 blanks and 1 valid
15.6746 	DEBUG 	Uploading Texture Font fontname to graphics card
15.6761 	DEBUG 	Upload of Texture Font fontname complete
15.6943 	EXP 	Created slider_thinking_content = Slider(__class__=<class 'psychopy.visual.slider.Slider'>, autoDraw=False, autoLog=True, borderColor=None, color=None, colorSpace='rgb', depth=-2, fillColor=None, flip=False, font='Arial', granularity=1.0, labelColor=None, labelHeight=0.035, labelWrapWidth=None, labels=list(...), lineColor=None, markerColor=None, name='slider_thinking_content', opacity=None, ori=0.0, pos=array([ 0. , -0.1]), readOnly=False, self=UNKNOWN, size=array([1. , 0.1]), startValue=5, style='rating', styleTweaks=[], ticks=array([1, 2, 3, 4, 5, 6, 7, 8, 9]), units='height', win=Window(...))
15.6949 	EXP 	Created text_refresh = TextStim(__class__=<class 'psychopy.visual.text.TextStim'>, alignHoriz=method-wrapper(...), alignText='center', alignVert=method-wrapper(...), anchorHoriz='center', anchorVert='center', antialias=True, autoDraw=False, autoLog=True, bold=False, color=array([1., 1., 1.]), colorSpace='rgb', contrast=1.0, depth=0.0, draggable=False, flipHoriz=False, flipVert=False, font='Arial', fontFiles=[], height=0.05, italic=False, languageStyle='LTR', name='text_refresh', opacity=1, ori=0.0, pos=array([0., 0.]), rgb=UNKNOWN, text='', units='height', win=Window(...), wrapWidth=1)
15.6989 	EXP 	Created goodbye_text = TextStim(__class__=<class 'psychopy.visual.text.TextStim'>, alignHoriz=method-wrapper(...), alignText='center', alignVert=method-wrapper(...), anchorHoriz='center', anchorVert='center', antialias=True, autoDraw=False, autoLog=True, bold=False, color=array([1., 1., 1.]), colorSpace='rgb', contrast=1.0, depth=0.0, draggable=False, flipHoriz=False, flipVert=False, font='Arial', fontFiles=[], height=0.05, italic=False, languageStyle='LTR', name='goodbye_text', opacity=1, ori=0.0, pos=array([0., 0.]), rgb=UNKNOWN, text=str(...), units='height', win=Window(...), wrapWidth=1)
0.0112 	EXP 	slider_emotion: autoLog = True
0.0112 	EXP 	slider_emotion: styleTweaks = []
0.0112 	EXP 	slider_emotion: styleTweaks = []
0.0112 	EXP 	slider_emotion: styleTweaks = []
0.0112 	EXP 	slider_emotion: styleTweaks = []
0.0112 	EXP 	slider_emotion: contrast = 1.0
0.0112 	EXP 	slider_emotion: markerPos = 5
0.0112 	EXP 	slider_emotion: autoLog = True
0.0112 	EXP 	slider_emotion: autoLog = True
0.0112 	EXP 	slider_emotion: styleTweaks = []
0.0112 	EXP 	slider_emotion: styleTweaks = []
0.0112 	EXP 	slider_emotion: styleTweaks = []
0.0112 	EXP 	slider_emotion: styleTweaks = []
0.0112 	EXP 	slider_emotion: contrast = 1.0
0.0112 	EXP 	slider_emotion: markerPos = 5
0.0112 	EXP 	slider_emotion: autoLog = True
0.0112 	EXP 	slider_thinking_content: autoLog = True
0.0112 	EXP 	slider_thinking_content: styleTweaks = []
0.0112 	EXP 	slider_thinking_content: styleTweaks = []
0.0112 	EXP 	slider_thinking_content: styleTweaks = []
0.0112 	EXP 	slider_thinking_content: styleTweaks = []
0.0112 	EXP 	slider_thinking_content: contrast = 1.0
0.0112 	EXP 	slider_thinking_content: markerPos = 5
0.0112 	EXP 	slider_thinking_content: autoLog = True
0.0250 	INFO 	Keyboard events cleared
0.0247 	EXP 	text_welcome: autoDraw = True
4.3567 	WARNING 	t of last frame was 23.60ms (=1/42)
4.3801 	DATA 	Keypress: escape
4.3856 	WARNING 	t of last frame was 28.94ms (=1/34)
4.4081 	EXP 	resting_state_demo: status = STOPPED
4.4163 	EXP 	text_welcome: autoDraw = False
4.4176 	EXP 	resting_state_demo: status = STOPPED
4.4200 	INFO 	saved data to '/Users/Chenxiao/Documents/project_codes/RST_Chinese_beta/data/999_resting_state_demo_2025-06-10_16h59.06.818.csv'
4.4203 	INFO 	saved data to /Users/Chenxiao/Documents/project_codes/RST_Chinese_beta/data/999_resting_state_demo_2025-06-10_16h59.06.818.psydat
4.9480 	DEBUG 	Saving data for resting_state_demo ExperimentHandler
