12.5233 	WARNING 	Font Manager failed to load file /System/Library/PrivateFrameworks/FontServices.framework/Resources/Reserved/PingFangUI.ttc
24.6894 	DEBUG 	Fullscreen settings ignored as running in pilot mode.
24.6900 	INFO 	Loaded monitor calibration from ['2022_04_19 09:31']
24.6903 	WARNING 	This monitor has not been color-calibrated. Using default DKL conversion matrix.
24.7767 	WARNING 	This monitor has not been color-calibrated. Using default DKL conversion matrix.
24.7769 	WARNING 	This monitor has not been color-calibrated. Using default DKL conversion matrix.
24.8372 	EXP 	Created window1 = Window(allowGUI=False, allowStencil=False, autoLog=True, backendConf=UNKNOWN, backgroundFit=<method-wrapper '__getattribute__' of attributeSetter object at 0x17c6268f0>, backgroundImage=<method-wrapper '__getattribute__' of attributeSetter object at 0x17c626950>, bitsMode=UNKNOWN, blendMode='avg', bpc=(8, 8, 8), color=array([0, 0, 0]), colorSpace='dkl', depthBits=8, fullscr=False, gamma=None, gammaErrorPolicy='raise', infoMsg=UNKNOWN, lms=UNKNOWN, monitor=<psychopy.monitors.calibTools.Monitor object at 0x17c6ac730>, multiSample=False, name='window1', numSamples=2, pos=[560.0, 240.0], screen=0, size=array([1600, 1200]), stencilBits=0, stereo=False, title='PsychoPy', units='height', useFBO=True, useRetina=True, viewOri=0.0, viewPos=None, viewScale=None, waitBlanking=True, winType='pyglet')
24.8373 	EXP 	window1: backgroundImage = ''
24.8373 	EXP 	window1: backgroundFit = 'none'
24.8453 	DEBUG 	TextBox2 loaded 1 chars with 0 blanks and 1 valid
24.8458 	DEBUG 	TextBox2 loaded 1 chars with 0 blanks and 1 valid
24.8463 	DEBUG 	TextBox2 loaded 1 chars with 0 blanks and 1 valid
24.8469 	DEBUG 	TextBox2 loaded 1 chars with 0 blanks and 1 valid
24.8474 	DEBUG 	TextBox2 loaded 1 chars with 0 blanks and 1 valid
24.8477 	DEBUG 	TextBox2 loaded 1 chars with 0 blanks and 1 valid
24.8481 	DEBUG 	TextBox2 loaded 1 chars with 0 blanks and 1 valid
24.8487 	DEBUG 	TextBox2 loaded 1 chars with 0 blanks and 1 valid
24.8488 	DEBUG 	TextBox2 loaded 1 chars with 0 blanks and 1 valid
24.8490 	DEBUG 	TextBox2 loaded 1 chars with 0 blanks and 1 valid
24.8494 	DEBUG 	TextBox2 loaded 1 chars with 0 blanks and 1 valid
24.8498 	DEBUG 	TextBox2 loaded 1 chars with 0 blanks and 1 valid
24.8502 	DEBUG 	TextBox2 loaded 1 chars with 0 blanks and 1 valid
24.8506 	DEBUG 	TextBox2 loaded 1 chars with 0 blanks and 1 valid
24.8510 	DEBUG 	TextBox2 loaded 1 chars with 0 blanks and 1 valid
24.8514 	DEBUG 	TextBox2 loaded 1 chars with 0 blanks and 1 valid
24.8519 	DEBUG 	TextBox2 loaded 1 chars with 0 blanks and 1 valid
24.8521 	DEBUG 	TextBox2 loaded 1 chars with 0 blanks and 1 valid
24.8523 	DEBUG 	TextBox2 loaded 1 chars with 0 blanks and 1 valid
24.8529 	DEBUG 	TextBox2 loaded 1 chars with 0 blanks and 1 valid
24.8531 	DEBUG 	TextBox2 loaded 1 chars with 0 blanks and 1 valid
24.8534 	DEBUG 	Uploading Texture Font fontname to graphics card
24.8568 	DEBUG 	Upload of Texture Font fontname complete
24.8614 	DEBUG 	TextBox2 loaded 1 chars with 0 blanks and 1 valid
24.8621 	DEBUG 	TextBox2 loaded 1 chars with 0 blanks and 1 valid
24.8629 	DEBUG 	TextBox2 loaded 1 chars with 0 blanks and 1 valid
24.8631 	DEBUG 	Uploading Texture Font fontname to graphics card
24.8649 	DEBUG 	Upload of Texture Font fontname complete
24.8664 	EXP 	window1: Attempting to measure frame rate of screen (0) ...
24.8664 	EXP 	window1: recordFrameIntervals = False
24.9868 	EXP 	window1: recordFrameIntervals = True
25.8202 	WARNING 	Couldn't measure a consistent frame rate!
  - Is your graphics card set to sync to vertical blank?
  - Are you running other processes on your computer?

25.8243 	DEBUG 	TextBox2 loaded 1 chars with 0 blanks and 1 valid
25.8246 	DEBUG 	TextBox2 loaded 1 chars with 0 blanks and 1 valid
25.8251 	DEBUG 	TextBox2 loaded 1 chars with 0 blanks and 1 valid
25.8257 	DEBUG 	TextBox2 loaded 1 chars with 0 blanks and 1 valid
25.8263 	DEBUG 	TextBox2 loaded 1 chars with 0 blanks and 1 valid
25.8270 	DEBUG 	TextBox2 loaded 1 chars with 0 blanks and 1 valid
25.8272 	DEBUG 	TextBox2 loaded 1 chars with 0 blanks and 1 valid
25.8277 	DEBUG 	TextBox2 loaded 1 chars with 0 blanks and 1 valid
25.8283 	DEBUG 	TextBox2 loaded 1 chars with 0 blanks and 1 valid
25.8289 	DEBUG 	TextBox2 loaded 1 chars with 0 blanks and 1 valid
25.8291 	DEBUG 	Uploading Texture Font fontname to graphics card
25.8309 	DEBUG 	Upload of Texture Font fontname complete
25.8425 	WARNING 	launchHubServer: If using the iohub mouse or eyetracker devices, fullScr should be True.
28.2597 	INFO 	keyboard.Keyboard is using iohub backend.
28.2598 	INFO 	keyboard.Keyboard is using iohub backend.
28.2598 	INFO 	keyboard.Keyboard is using iohub backend.
28.2598 	INFO 	keyboard.Keyboard is using iohub backend.
28.2598 	INFO 	keyboard.Keyboard is using iohub backend.
28.2599 	EXP 	resting_state_demo: status = STARTED
28.3082 	EXP 	Created text_welcome = TextStim(__class__=<class 'psychopy.visual.text.TextStim'>, alignHoriz=method-wrapper(...), alignText='center', alignVert=method-wrapper(...), anchorHoriz='center', anchorVert='center', antialias=True, autoDraw=False, autoLog=True, bold=False, color=array([1., 1., 1.]), colorSpace='rgb', contrast=1.0, depth=0.0, draggable=False, flipHoriz=False, flipVert=False, font='Heiti SC', fontFiles=[], height=0.05, italic=False, languageStyle='LTR', name='text_welcome', opacity=1, ori=0.0, pos=array([0., 0.]), rgb=UNKNOWN, text=str(...), units='height', win=Window(...), wrapWidth=1.066)
28.3108 	EXP 	Created text_refresh = TextStim(__class__=<class 'psychopy.visual.text.TextStim'>, alignHoriz=method-wrapper(...), alignText='center', alignVert=method-wrapper(...), anchorHoriz='center', anchorVert='center', antialias=True, autoDraw=False, autoLog=True, bold=False, color=array([1., 1., 1.]), colorSpace='rgb', contrast=1.0, depth=0.0, draggable=False, flipHoriz=False, flipVert=False, font='Arial', fontFiles=[], height=0.05, italic=False, languageStyle='LTR', name='text_refresh', opacity=1, ori=0.0, pos=array([0., 0.]), rgb=UNKNOWN, text='', units='height', win=Window(...), wrapWidth=1)
28.3197 	EXP 	Created rate_emotion_prompt = TextStim(__class__=<class 'psychopy.visual.text.TextStim'>, alignHoriz=method-wrapper(...), alignText='center', alignVert=method-wrapper(...), anchorHoriz='center', anchorVert='center', antialias=True, autoDraw=False, autoLog=True, bold=False, color=array([1., 1., 1.]), colorSpace='rgb', contrast=1.0, depth=0.0, draggable=False, flipHoriz=False, flipVert=False, font='Arial', fontFiles=[], height=0.05, italic=False, languageStyle='LTR', name='rate_emotion_prompt', opacity=1, ori=0.0, pos=array([0. , 0.2]), rgb=UNKNOWN, text=str(...), units='height', win=Window(...), wrapWidth=1)
28.3380 	DEBUG 	TextBox2 loaded 1 chars with 0 blanks and 1 valid
28.3384 	DEBUG 	TextBox2 loaded 1 chars with 0 blanks and 1 valid
28.3388 	DEBUG 	TextBox2 loaded 1 chars with 0 blanks and 1 valid
28.3392 	DEBUG 	TextBox2 loaded 1 chars with 0 blanks and 1 valid
28.3395 	DEBUG 	TextBox2 loaded 1 chars with 0 blanks and 1 valid
28.3397 	DEBUG 	TextBox2 loaded 1 chars with 0 blanks and 1 valid
28.3400 	DEBUG 	TextBox2 loaded 1 chars with 0 blanks and 1 valid
28.3404 	DEBUG 	TextBox2 loaded 1 chars with 0 blanks and 1 valid
28.3406 	DEBUG 	TextBox2 loaded 1 chars with 0 blanks and 1 valid
28.3410 	DEBUG 	TextBox2 loaded 1 chars with 0 blanks and 1 valid
28.3414 	DEBUG 	TextBox2 loaded 1 chars with 0 blanks and 1 valid
28.3418 	DEBUG 	TextBox2 loaded 1 chars with 0 blanks and 1 valid
28.3421 	DEBUG 	Uploading Texture Font fontname to graphics card
28.3447 	DEBUG 	Upload of Texture Font fontname complete
28.3487 	DEBUG 	TextBox2 loaded 1 chars with 0 blanks and 1 valid
28.3491 	DEBUG 	TextBox2 loaded 1 chars with 0 blanks and 1 valid
28.3492 	DEBUG 	Uploading Texture Font fontname to graphics card
28.3509 	DEBUG 	Upload of Texture Font fontname complete
28.3716 	DEBUG 	TextBox2 loaded 1 chars with 0 blanks and 1 valid
28.3719 	DEBUG 	TextBox2 loaded 1 chars with 0 blanks and 1 valid
28.3720 	DEBUG 	Uploading Texture Font fontname to graphics card
28.3737 	DEBUG 	Upload of Texture Font fontname complete
28.4193 	EXP 	Created slider_emotion = Slider(__class__=<class 'psychopy.visual.slider.Slider'>, autoDraw=False, autoLog=True, borderColor=None, color=None, colorSpace='rgb', depth=-1, fillColor=None, flip=False, font='Arial', granularity=1.0, labelColor=None, labelHeight=0.035, labelWrapWidth=None, labels=list(...), lineColor=None, markerColor=None, name='slider_emotion', opacity=None, ori=0.0, pos=array([ 0. , -0.1]), readOnly=False, self=UNKNOWN, size=array([1. , 0.1]), startValue=5, style='rating', styleTweaks=[], ticks=array([1, 2, 3, 4, 5, 6, 7, 8, 9]), units='height', win=Window(...))
28.4201 	EXP 	Created text_refresh = TextStim(__class__=<class 'psychopy.visual.text.TextStim'>, alignHoriz=method-wrapper(...), alignText='center', alignVert=method-wrapper(...), anchorHoriz='center', anchorVert='center', antialias=True, autoDraw=False, autoLog=True, bold=False, color=array([1., 1., 1.]), colorSpace='rgb', contrast=1.0, depth=0.0, draggable=False, flipHoriz=False, flipVert=False, font='Arial', fontFiles=[], height=0.05, italic=False, languageStyle='LTR', name='text_refresh', opacity=1, ori=0.0, pos=array([0., 0.]), rgb=UNKNOWN, text='', units='height', win=Window(...), wrapWidth=1)
28.4238 	EXP 	Created wait4trigger_text = TextStim(__class__=<class 'psychopy.visual.text.TextStim'>, alignHoriz=method-wrapper(...), alignText='center', alignVert=method-wrapper(...), anchorHoriz='center', anchorVert='center', antialias=True, autoDraw=False, autoLog=True, bold=False, color=array([1., 1., 1.]), colorSpace='rgb', contrast=1.0, depth=0.0, draggable=False, flipHoriz=False, flipVert=False, font='Arial', fontFiles=[], height=0.05, italic=False, languageStyle='LTR', name='wait4trigger_text', opacity=1, ori=0.0, pos=array([0., 0.]), rgb=UNKNOWN, text='Please wait for the scan to start.', units='height', win=Window(...), wrapWidth=1)
28.4256 	EXP 	Created fake_stimulus_text = TextStim(__class__=<class 'psychopy.visual.text.TextStim'>, alignHoriz=method-wrapper(...), alignText='center', alignVert=method-wrapper(...), anchorHoriz='center', anchorVert='center', antialias=True, autoDraw=False, autoLog=True, bold=False, color=array([1., 1., 1.]), colorSpace='rgb', contrast=1.0, depth=0.0, draggable=False, flipHoriz=False, flipVert=False, font='Arial', fontFiles=[], height=0.05, italic=False, languageStyle='LTR', name='fake_stimulus_text', opacity=1, ori=0.0, pos=array([0., 0.]), rgb=UNKNOWN, text='Please wait for the scan to start.', units='height', win=Window(...), wrapWidth=1)
28.4284 	EXP 	Created fixation = TextStim(__class__=<class 'psychopy.visual.text.TextStim'>, alignHoriz=method-wrapper(...), alignText='center', alignVert=method-wrapper(...), anchorHoriz='center', anchorVert='center', antialias=True, autoDraw=False, autoLog=True, bold=False, color=array([1., 1., 1.]), colorSpace='rgb', contrast=1.0, depth=0.0, draggable=False, flipHoriz=False, flipVert=False, font='Arial', fontFiles=[], height=0.4, italic=False, languageStyle='LTR', name='fixation', opacity=1, ori=0.0, pos=array([0., 0.]), rgb=UNKNOWN, text='+', units='height', win=Window(...), wrapWidth=1)
28.4290 	EXP 	Created text_refresh = TextStim(__class__=<class 'psychopy.visual.text.TextStim'>, alignHoriz=method-wrapper(...), alignText='center', alignVert=method-wrapper(...), anchorHoriz='center', anchorVert='center', antialias=True, autoDraw=False, autoLog=True, bold=False, color=array([1., 1., 1.]), colorSpace='rgb', contrast=1.0, depth=0.0, draggable=False, flipHoriz=False, flipVert=False, font='Arial', fontFiles=[], height=0.05, italic=False, languageStyle='LTR', name='text_refresh', opacity=1, ori=0.0, pos=array([0., 0.]), rgb=UNKNOWN, text='', units='height', win=Window(...), wrapWidth=1)
28.4333 	EXP 	Created rate_emotion_prompt = TextStim(__class__=<class 'psychopy.visual.text.TextStim'>, alignHoriz=method-wrapper(...), alignText='center', alignVert=method-wrapper(...), anchorHoriz='center', anchorVert='center', antialias=True, autoDraw=False, autoLog=True, bold=False, color=array([1., 1., 1.]), colorSpace='rgb', contrast=1.0, depth=0.0, draggable=False, flipHoriz=False, flipVert=False, font='Arial', fontFiles=[], height=0.05, italic=False, languageStyle='LTR', name='rate_emotion_prompt', opacity=1, ori=0.0, pos=array([0. , 0.2]), rgb=UNKNOWN, text=str(...), units='height', win=Window(...), wrapWidth=1)
28.5046 	EXP 	Created slider_emotion = Slider(__class__=<class 'psychopy.visual.slider.Slider'>, autoDraw=False, autoLog=True, borderColor=None, color=None, colorSpace='rgb', depth=-1, fillColor=None, flip=False, font='Arial', granularity=1.0, labelColor=None, labelHeight=0.035, labelWrapWidth=None, labels=list(...), lineColor=None, markerColor=None, name='slider_emotion', opacity=None, ori=0.0, pos=array([ 0. , -0.1]), readOnly=False, self=UNKNOWN, size=array([1. , 0.1]), startValue=5, style='rating', styleTweaks=[], ticks=array([1, 2, 3, 4, 5, 6, 7, 8, 9]), units='height', win=Window(...))
28.5055 	EXP 	Created text_refresh = TextStim(__class__=<class 'psychopy.visual.text.TextStim'>, alignHoriz=method-wrapper(...), alignText='center', alignVert=method-wrapper(...), anchorHoriz='center', anchorVert='center', antialias=True, autoDraw=False, autoLog=True, bold=False, color=array([1., 1., 1.]), colorSpace='rgb', contrast=1.0, depth=0.0, draggable=False, flipHoriz=False, flipVert=False, font='Arial', fontFiles=[], height=0.05, italic=False, languageStyle='LTR', name='text_refresh', opacity=1, ori=0.0, pos=array([0., 0.]), rgb=UNKNOWN, text='', units='height', win=Window(...), wrapWidth=1)
28.5096 	EXP 	Created main_body_questionnaire = TextStim(__class__=<class 'psychopy.visual.text.TextStim'>, alignHoriz=method-wrapper(...), alignText='center', alignVert=method-wrapper(...), anchorHoriz='center', anchorVert='center', antialias=True, autoDraw=False, autoLog=True, bold=False, color=array([1., 1., 1.]), colorSpace='rgb', contrast=1.0, depth=0.0, draggable=False, flipHoriz=False, flipVert=False, font='Arial', fontFiles=[], height=0.05, italic=False, languageStyle='LTR', name='main_body_questionnaire', opacity=1, ori=0.0, pos=array([0. , 0.3]), rgb=UNKNOWN, text='During the MRI my thoughts:', units='height', win=Window(...), wrapWidth=1)
28.5101 	EXP 	Created item_text = TextStim(__class__=<class 'psychopy.visual.text.TextStim'>, alignHoriz=method-wrapper(...), alignText='center', alignVert=method-wrapper(...), anchorHoriz='center', anchorVert='center', antialias=True, autoDraw=False, autoLog=True, bold=False, color=array([1., 1., 1.]), colorSpace='rgb', contrast=1.0, depth=-1.0, draggable=False, flipHoriz=False, flipVert=False, font='Arial', fontFiles=[], height=0.05, italic=False, languageStyle='LTR', name='item_text', opacity=1, ori=0.0, pos=array([0. , 0.1]), rgb=UNKNOWN, text='', units='height', win=Window(...), wrapWidth=1)
28.5388 	DEBUG 	TextBox2 loaded 1 chars with 0 blanks and 1 valid
28.5393 	DEBUG 	TextBox2 loaded 1 chars with 0 blanks and 1 valid
28.5398 	DEBUG 	TextBox2 loaded 1 chars with 0 blanks and 1 valid
28.5401 	DEBUG 	TextBox2 loaded 1 chars with 0 blanks and 1 valid
28.5402 	DEBUG 	Uploading Texture Font fontname to graphics card
28.5420 	DEBUG 	Upload of Texture Font fontname complete
28.5657 	DEBUG 	TextBox2 loaded 1 chars with 0 blanks and 1 valid
28.5658 	DEBUG 	Uploading Texture Font fontname to graphics card
28.5676 	DEBUG 	Upload of Texture Font fontname complete
28.5896 	EXP 	Created slider_thinking_content = Slider(__class__=<class 'psychopy.visual.slider.Slider'>, autoDraw=False, autoLog=True, borderColor=None, color=None, colorSpace='rgb', depth=-2, fillColor=None, flip=False, font='Arial', granularity=1.0, labelColor=None, labelHeight=0.035, labelWrapWidth=None, labels=list(...), lineColor=None, markerColor=None, name='slider_thinking_content', opacity=None, ori=0.0, pos=array([ 0. , -0.1]), readOnly=False, self=UNKNOWN, size=array([1. , 0.1]), startValue=5, style='rating', styleTweaks=[], ticks=array([1, 2, 3, 4, 5, 6, 7, 8, 9]), units='height', win=Window(...))
28.5904 	EXP 	Created text_refresh = TextStim(__class__=<class 'psychopy.visual.text.TextStim'>, alignHoriz=method-wrapper(...), alignText='center', alignVert=method-wrapper(...), anchorHoriz='center', anchorVert='center', antialias=True, autoDraw=False, autoLog=True, bold=False, color=array([1., 1., 1.]), colorSpace='rgb', contrast=1.0, depth=0.0, draggable=False, flipHoriz=False, flipVert=False, font='Arial', fontFiles=[], height=0.05, italic=False, languageStyle='LTR', name='text_refresh', opacity=1, ori=0.0, pos=array([0., 0.]), rgb=UNKNOWN, text='', units='height', win=Window(...), wrapWidth=1)
28.5958 	EXP 	Created goodbye_text = TextStim(__class__=<class 'psychopy.visual.text.TextStim'>, alignHoriz=method-wrapper(...), alignText='center', alignVert=method-wrapper(...), anchorHoriz='center', anchorVert='center', antialias=True, autoDraw=False, autoLog=True, bold=False, color=array([1., 1., 1.]), colorSpace='rgb', contrast=1.0, depth=0.0, draggable=False, flipHoriz=False, flipVert=False, font='Arial', fontFiles=[], height=0.05, italic=False, languageStyle='LTR', name='goodbye_text', opacity=1, ori=0.0, pos=array([0., 0.]), rgb=UNKNOWN, text=str(...), units='height', win=Window(...), wrapWidth=1)
0.0076 	EXP 	slider_emotion: autoLog = True
0.0076 	EXP 	slider_emotion: styleTweaks = []
0.0076 	EXP 	slider_emotion: styleTweaks = []
0.0076 	EXP 	slider_emotion: styleTweaks = []
0.0076 	EXP 	slider_emotion: styleTweaks = []
0.0076 	EXP 	slider_emotion: contrast = 1.0
0.0076 	EXP 	slider_emotion: markerPos = 5
0.0076 	EXP 	slider_emotion: autoLog = True
0.0076 	EXP 	slider_emotion: autoLog = True
0.0076 	EXP 	slider_emotion: styleTweaks = []
0.0076 	EXP 	slider_emotion: styleTweaks = []
0.0076 	EXP 	slider_emotion: styleTweaks = []
0.0076 	EXP 	slider_emotion: styleTweaks = []
0.0076 	EXP 	slider_emotion: contrast = 1.0
0.0076 	EXP 	slider_emotion: markerPos = 5
0.0076 	EXP 	slider_emotion: autoLog = True
0.0076 	EXP 	slider_thinking_content: autoLog = True
0.0076 	EXP 	slider_thinking_content: styleTweaks = []
0.0076 	EXP 	slider_thinking_content: styleTweaks = []
0.0076 	EXP 	slider_thinking_content: styleTweaks = []
0.0076 	EXP 	slider_thinking_content: styleTweaks = []
0.0076 	EXP 	slider_thinking_content: contrast = 1.0
0.0076 	EXP 	slider_thinking_content: markerPos = 5
0.0076 	EXP 	slider_thinking_content: autoLog = True
0.0202 	INFO 	Keyboard events cleared
0.0198 	EXP 	text_welcome: autoDraw = True
4.6363 	DATA 	Keypress: escape
4.6383 	WARNING 	t of last frame was 20.48ms (=1/48)
4.6769 	EXP 	resting_state_demo: status = STOPPED
4.6789 	EXP 	text_welcome: autoDraw = False
4.6800 	EXP 	resting_state_demo: status = STOPPED
4.6816 	INFO 	saved data to '/Users/Chenxiao/Documents/project_codes/RST_Chinese_beta/data/999_resting_state_demo_2025-06-10_17h13.59.818.csv'
4.6818 	INFO 	saved data to /Users/Chenxiao/Documents/project_codes/RST_Chinese_beta/data/999_resting_state_demo_2025-06-10_17h13.59.818.psydat
4.8063 	DEBUG 	Saving data for resting_state_demo ExperimentHandler
