10.4276 	WARNING 	Font Manager failed to load file /System/Library/PrivateFrameworks/FontServices.framework/Resources/Reserved/PingFangUI.ttc
12.1010 	DEBUG 	Fullscreen settings ignored as running in pilot mode.
12.1021 	INFO 	Loaded monitor calibration from ['2022_04_19 09:31']
12.1024 	WARNING 	This monitor has not been color-calibrated. Using default DKL conversion matrix.
12.1899 	WARNING 	This monitor has not been color-calibrated. Using default DKL conversion matrix.
12.1900 	WARNING 	This monitor has not been color-calibrated. Using default DKL conversion matrix.
12.2452 	EXP 	Created window1 = Window(allowGUI=False, allowStencil=False, autoLog=True, backendConf=UNKNOWN, backgroundFit=<method-wrapper '__getattribute__' of attributeSetter object at 0x17e526ec0>, backgroundImage=<method-wrapper '__getattribute__' of attributeSetter object at 0x17e526f20>, bitsMode=UNKNOWN, blendMode='avg', bpc=(8, 8, 8), color=array([0, 0, 0]), colorSpace='dkl', depthBits=8, fullscr=False, gamma=None, gammaErrorPolicy='raise', infoMsg=UNKNOWN, lms=UNKNOWN, monitor=<psychopy.monitors.calibTools.Monitor object at 0x17e544310>, multiSample=False, name='window1', numSamples=2, pos=[560.0, 240.0], screen=0, size=array([1600, 1200]), stencilBits=0, stereo=False, title='PsychoPy', units='height', useFBO=True, useRetina=True, viewOri=0.0, viewPos=None, viewScale=None, waitBlanking=True, winType='pyglet')
12.2452 	EXP 	window1: backgroundImage = ''
12.2452 	EXP 	window1: backgroundFit = 'none'
12.2523 	DEBUG 	TextBox2 loaded 1 chars with 0 blanks and 1 valid
12.2528 	DEBUG 	TextBox2 loaded 1 chars with 0 blanks and 1 valid
12.2532 	DEBUG 	TextBox2 loaded 1 chars with 0 blanks and 1 valid
12.2537 	DEBUG 	TextBox2 loaded 1 chars with 0 blanks and 1 valid
12.2543 	DEBUG 	TextBox2 loaded 1 chars with 0 blanks and 1 valid
12.2545 	DEBUG 	TextBox2 loaded 1 chars with 0 blanks and 1 valid
12.2549 	DEBUG 	TextBox2 loaded 1 chars with 0 blanks and 1 valid
12.2554 	DEBUG 	TextBox2 loaded 1 chars with 0 blanks and 1 valid
12.2555 	DEBUG 	TextBox2 loaded 1 chars with 0 blanks and 1 valid
12.2557 	DEBUG 	TextBox2 loaded 1 chars with 0 blanks and 1 valid
12.2561 	DEBUG 	TextBox2 loaded 1 chars with 0 blanks and 1 valid
12.2565 	DEBUG 	TextBox2 loaded 1 chars with 0 blanks and 1 valid
12.2568 	DEBUG 	TextBox2 loaded 1 chars with 0 blanks and 1 valid
12.2572 	DEBUG 	TextBox2 loaded 1 chars with 0 blanks and 1 valid
12.2575 	DEBUG 	TextBox2 loaded 1 chars with 0 blanks and 1 valid
12.2580 	DEBUG 	TextBox2 loaded 1 chars with 0 blanks and 1 valid
12.2583 	DEBUG 	TextBox2 loaded 1 chars with 0 blanks and 1 valid
12.2585 	DEBUG 	TextBox2 loaded 1 chars with 0 blanks and 1 valid
12.2587 	DEBUG 	TextBox2 loaded 1 chars with 0 blanks and 1 valid
12.2593 	DEBUG 	TextBox2 loaded 1 chars with 0 blanks and 1 valid
12.2595 	DEBUG 	TextBox2 loaded 1 chars with 0 blanks and 1 valid
12.2597 	DEBUG 	Uploading Texture Font fontname to graphics card
12.2628 	DEBUG 	Upload of Texture Font fontname complete
12.2664 	DEBUG 	TextBox2 loaded 1 chars with 0 blanks and 1 valid
12.2669 	DEBUG 	TextBox2 loaded 1 chars with 0 blanks and 1 valid
12.2674 	DEBUG 	TextBox2 loaded 1 chars with 0 blanks and 1 valid
12.2675 	DEBUG 	Uploading Texture Font fontname to graphics card
12.2690 	DEBUG 	Upload of Texture Font fontname complete
12.2700 	EXP 	window1: Attempting to measure frame rate of screen (0) ...
12.2700 	EXP 	window1: recordFrameIntervals = False
12.3898 	EXP 	window1: recordFrameIntervals = True
13.2230 	WARNING 	Couldn't measure a consistent frame rate!
  - Is your graphics card set to sync to vertical blank?
  - Are you running other processes on your computer?

13.2288 	DEBUG 	TextBox2 loaded 1 chars with 0 blanks and 1 valid
13.2292 	DEBUG 	TextBox2 loaded 1 chars with 0 blanks and 1 valid
13.2299 	DEBUG 	TextBox2 loaded 1 chars with 0 blanks and 1 valid
13.2308 	DEBUG 	TextBox2 loaded 1 chars with 0 blanks and 1 valid
13.2316 	DEBUG 	TextBox2 loaded 1 chars with 0 blanks and 1 valid
13.2324 	DEBUG 	TextBox2 loaded 1 chars with 0 blanks and 1 valid
13.2328 	DEBUG 	TextBox2 loaded 1 chars with 0 blanks and 1 valid
13.2335 	DEBUG 	TextBox2 loaded 1 chars with 0 blanks and 1 valid
13.2343 	DEBUG 	TextBox2 loaded 1 chars with 0 blanks and 1 valid
13.2351 	DEBUG 	TextBox2 loaded 1 chars with 0 blanks and 1 valid
13.2353 	DEBUG 	Uploading Texture Font fontname to graphics card
13.2381 	DEBUG 	Upload of Texture Font fontname complete
13.2511 	WARNING 	launchHubServer: If using the iohub mouse or eyetracker devices, fullScr should be True.
13.7828 	INFO 	keyboard.Keyboard is using iohub backend.
13.7828 	INFO 	keyboard.Keyboard is using iohub backend.
13.7828 	INFO 	keyboard.Keyboard is using iohub backend.
13.7829 	INFO 	keyboard.Keyboard is using iohub backend.
13.7829 	INFO 	keyboard.Keyboard is using iohub backend.
13.7829 	EXP 	rumination_demo: status = STARTED
13.8532 	EXP 	Created image_rum_instruct = ImageStim(__class__=<class 'psychopy.visual.image.ImageStim'>, anchor=('center', 'center'), autoLog=True, color=array([1., 1., 1.]), colorSpace='rgb', contrast=1.0, depth=0.0, draggable=False, flipHoriz=False, flipVert=False, image='stimuli/rum_instruct.png', interpolate=True, mask=None, maskParams=None, name='image_rum_instruct', opacity=1, ori=0.0, pos=array([0., 0.]), size=array([1.1  , 0.825]), texRes=128.0, units='height', win=Window(...))
13.8656 	EXP 	Created text_refresh = TextStim(__class__=<class 'psychopy.visual.text.TextStim'>, alignHoriz=method-wrapper(...), alignText='center', alignVert=method-wrapper(...), anchorHoriz='center', anchorVert='center', antialias=True, autoDraw=False, autoLog=True, bold=False, color=array([1., 1., 1.]), colorSpace='rgb', contrast=1.0, depth=0.0, draggable=False, flipHoriz=False, flipVert=False, font='Arial', fontFiles=[], height=0.05, italic=False, languageStyle='LTR', name='text_refresh', opacity=1, ori=0.0, pos=array([0., 0.]), rgb=UNKNOWN, text='', units='height', win=Window(...), wrapWidth=1)
13.8797 	EXP 	Created wait4trigger_text = TextStim(__class__=<class 'psychopy.visual.text.TextStim'>, alignHoriz=method-wrapper(...), alignText='center', alignVert=method-wrapper(...), anchorHoriz='center', anchorVert='center', antialias=True, autoDraw=False, autoLog=True, bold=False, color=array([1., 1., 1.]), colorSpace='rgb', contrast=1.0, depth=0.0, draggable=False, flipHoriz=False, flipVert=False, font='Noto Sans SC', fontFiles=[], height=0.05, italic=False, languageStyle='LTR', name='wait4trigger_text', opacity=1, ori=0.0, pos=array([0., 0.]), rgb=UNKNOWN, text='即将开始，请等待。', units='height', win=Window(...), wrapWidth=1)
13.8809 	EXP 	Created fake_stimulus_text = TextStim(__class__=<class 'psychopy.visual.text.TextStim'>, alignHoriz=method-wrapper(...), alignText='center', alignVert=method-wrapper(...), anchorHoriz='center', anchorVert='center', antialias=True, autoDraw=False, autoLog=True, bold=False, color=array([1., 1., 1.]), colorSpace='rgb', contrast=1.0, depth=0.0, draggable=False, flipHoriz=False, flipVert=False, font='Noto Sans SC', fontFiles=[], height=0.05, italic=False, languageStyle='LTR', name='fake_stimulus_text', opacity=1, ori=0.0, pos=array([0., 0.]), rgb=UNKNOWN, text='即将开始，请等待。', units='height', win=Window(...), wrapWidth=1)
13.8872 	DEBUG 	Saving data for rumination_demo ExperimentHandler
13.8875 	INFO 	saved data to /Users/Chenxiao/Documents/project_codes/RST_Chinese_beta/data/999_rumination_demo_2025-06-16_15h45.27.187.psydat
13.8876 	INFO 	saved data to '/Users/Chenxiao/Documents/project_codes/RST_Chinese_beta/data/999_rumination_demo_2025-06-16_15h45.27.187.csv'
