11.0365 	WARNING 	Font Manager failed to load file /System/Library/PrivateFrameworks/FontServices.framework/Resources/Reserved/PingFangUI.ttc
13.3010 	DEBUG 	Fullscreen settings ignored as running in pilot mode.
13.3018 	INFO 	Loaded monitor calibration from ['2022_04_19 09:31']
13.3020 	WARNING 	This monitor has not been color-calibrated. Using default DKL conversion matrix.
13.3889 	WARNING 	This monitor has not been color-calibrated. Using default DKL conversion matrix.
13.3890 	WARNING 	This monitor has not been color-calibrated. Using default DKL conversion matrix.
13.4398 	EXP 	Created window1 = Window(allowGUI=False, allowStencil=False, autoLog=True, backendConf=UNKNOWN, backgroundFit=<method-wrapper '__getattribute__' of attributeSetter object at 0x17cd13fd0>, backgroundImage=<method-wrapper '__getattribute__' of attributeSetter object at 0x17cd13f70>, bitsMode=UNKNOWN, blendMode='avg', bpc=(8, 8, 8), color=array([0, 0, 0]), colorSpace='dkl', depthBits=8, fullscr=False, gamma=None, gammaErrorPolicy='raise', infoMsg=UNKNOWN, lms=UNKNOWN, monitor=<psychopy.monitors.calibTools.Monitor object at 0x17cdb46d0>, multiSample=False, name='window1', numSamples=2, pos=[560.0, 240.0], screen=0, size=array([1600, 1200]), stencilBits=0, stereo=False, title='PsychoPy', units='pix', useFBO=True, useRetina=True, viewOri=0.0, viewPos=None, viewScale=None, waitBlanking=True, winType='pyglet')
13.4399 	EXP 	window1: backgroundImage = ''
13.4399 	EXP 	window1: backgroundFit = 'none'
13.4467 	DEBUG 	TextBox2 loaded 1 chars with 0 blanks and 1 valid
13.4472 	DEBUG 	TextBox2 loaded 1 chars with 0 blanks and 1 valid
13.4476 	DEBUG 	TextBox2 loaded 1 chars with 0 blanks and 1 valid
13.4481 	DEBUG 	TextBox2 loaded 1 chars with 0 blanks and 1 valid
13.4486 	DEBUG 	TextBox2 loaded 1 chars with 0 blanks and 1 valid
13.4488 	DEBUG 	TextBox2 loaded 1 chars with 0 blanks and 1 valid
13.4492 	DEBUG 	TextBox2 loaded 1 chars with 0 blanks and 1 valid
13.4498 	DEBUG 	TextBox2 loaded 1 chars with 0 blanks and 1 valid
13.4499 	DEBUG 	TextBox2 loaded 1 chars with 0 blanks and 1 valid
13.4500 	DEBUG 	TextBox2 loaded 1 chars with 0 blanks and 1 valid
13.4504 	DEBUG 	TextBox2 loaded 1 chars with 0 blanks and 1 valid
13.4509 	DEBUG 	TextBox2 loaded 1 chars with 0 blanks and 1 valid
13.4512 	DEBUG 	TextBox2 loaded 1 chars with 0 blanks and 1 valid
13.4516 	DEBUG 	TextBox2 loaded 1 chars with 0 blanks and 1 valid
13.4519 	DEBUG 	TextBox2 loaded 1 chars with 0 blanks and 1 valid
13.4523 	DEBUG 	TextBox2 loaded 1 chars with 0 blanks and 1 valid
13.4528 	DEBUG 	TextBox2 loaded 1 chars with 0 blanks and 1 valid
13.4530 	DEBUG 	TextBox2 loaded 1 chars with 0 blanks and 1 valid
13.4532 	DEBUG 	TextBox2 loaded 1 chars with 0 blanks and 1 valid
13.4537 	DEBUG 	TextBox2 loaded 1 chars with 0 blanks and 1 valid
13.4539 	DEBUG 	TextBox2 loaded 1 chars with 0 blanks and 1 valid
13.4541 	DEBUG 	Uploading Texture Font fontname to graphics card
13.4573 	DEBUG 	Upload of Texture Font fontname complete
13.4611 	DEBUG 	TextBox2 loaded 1 chars with 0 blanks and 1 valid
13.4616 	DEBUG 	TextBox2 loaded 1 chars with 0 blanks and 1 valid
13.4621 	DEBUG 	TextBox2 loaded 1 chars with 0 blanks and 1 valid
13.4623 	DEBUG 	Uploading Texture Font fontname to graphics card
13.4638 	DEBUG 	Upload of Texture Font fontname complete
13.4649 	EXP 	window1: Attempting to measure frame rate of screen (0) ...
13.4649 	EXP 	window1: recordFrameIntervals = False
13.5885 	EXP 	window1: recordFrameIntervals = True
14.4225 	WARNING 	Couldn't measure a consistent frame rate!
  - Is your graphics card set to sync to vertical blank?
  - Are you running other processes on your computer?

14.4291 	DEBUG 	TextBox2 loaded 1 chars with 0 blanks and 1 valid
14.4296 	DEBUG 	TextBox2 loaded 1 chars with 0 blanks and 1 valid
14.4303 	DEBUG 	TextBox2 loaded 1 chars with 0 blanks and 1 valid
14.4312 	DEBUG 	TextBox2 loaded 1 chars with 0 blanks and 1 valid
14.4321 	DEBUG 	TextBox2 loaded 1 chars with 0 blanks and 1 valid
14.4329 	DEBUG 	TextBox2 loaded 1 chars with 0 blanks and 1 valid
14.4333 	DEBUG 	TextBox2 loaded 1 chars with 0 blanks and 1 valid
14.4341 	DEBUG 	TextBox2 loaded 1 chars with 0 blanks and 1 valid
14.4349 	DEBUG 	TextBox2 loaded 1 chars with 0 blanks and 1 valid
14.4357 	DEBUG 	TextBox2 loaded 1 chars with 0 blanks and 1 valid
14.4359 	DEBUG 	Uploading Texture Font fontname to graphics card
14.4383 	DEBUG 	Upload of Texture Font fontname complete
14.4515 	WARNING 	launchHubServer: If using the iohub mouse or eyetracker devices, fullScr should be True.
16.5819 	INFO 	keyboard.Keyboard is using iohub backend.
16.5820 	INFO 	keyboard.Keyboard is using iohub backend.
16.5820 	INFO 	keyboard.Keyboard is using iohub backend.
16.5820 	INFO 	keyboard.Keyboard is using iohub backend.
16.5820 	INFO 	keyboard.Keyboard is using iohub backend.
16.5821 	EXP 	resting_state_demo: status = STARTED
16.6179 	EXP 	Created text_welcome = TextStim(__class__=<class 'psychopy.visual.text.TextStim'>, alignHoriz=method-wrapper(...), alignText='center', alignVert=method-wrapper(...), anchorHoriz='center', anchorVert='center', antialias=True, autoDraw=False, autoLog=True, bold=False, color=array([1., 1., 1.]), colorSpace='rgb', contrast=1.0, depth=0.0, draggable=False, flipHoriz=False, flipVert=False, font='Heiti SC', fontFiles=[], height=0.05, italic=False, languageStyle='LTR', name='text_welcome', opacity=1, ori=0.0, pos=array([0., 0.]), rgb=UNKNOWN, text=str(...), units='pix', win=Window(...), wrapWidth=1000.0)
16.6197 	EXP 	Created text_refresh = TextStim(__class__=<class 'psychopy.visual.text.TextStim'>, alignHoriz=method-wrapper(...), alignText='center', alignVert=method-wrapper(...), anchorHoriz='center', anchorVert='center', antialias=True, autoDraw=False, autoLog=True, bold=False, color=array([1., 1., 1.]), colorSpace='rgb', contrast=1.0, depth=0.0, draggable=False, flipHoriz=False, flipVert=False, font='Arial', fontFiles=[], height=0.05, italic=False, languageStyle='LTR', name='text_refresh', opacity=1, ori=0.0, pos=array([0., 0.]), rgb=UNKNOWN, text='', units='pix', win=Window(...), wrapWidth=500)
16.6261 	EXP 	Created rate_emotion_prompt = TextStim(__class__=<class 'psychopy.visual.text.TextStim'>, alignHoriz=method-wrapper(...), alignText='center', alignVert=method-wrapper(...), anchorHoriz='center', anchorVert='center', antialias=True, autoDraw=False, autoLog=True, bold=False, color=array([1., 1., 1.]), colorSpace='rgb', contrast=1.0, depth=0.0, draggable=False, flipHoriz=False, flipVert=False, font='Arial', fontFiles=[], height=0.05, italic=False, languageStyle='LTR', name='rate_emotion_prompt', opacity=1, ori=0.0, pos=array([0. , 0.2]), rgb=UNKNOWN, text=str(...), units='pix', win=Window(...), wrapWidth=500)
16.6398 	DEBUG 	TextBox2 loaded 1 chars with 0 blanks and 1 valid
16.6400 	DEBUG 	TextBox2 loaded 1 chars with 0 blanks and 1 valid
16.6403 	DEBUG 	TextBox2 loaded 1 chars with 0 blanks and 1 valid
16.6405 	DEBUG 	TextBox2 loaded 1 chars with 0 blanks and 1 valid
16.6407 	DEBUG 	TextBox2 loaded 1 chars with 0 blanks and 1 valid
16.6409 	DEBUG 	TextBox2 loaded 1 chars with 0 blanks and 1 valid
16.6411 	DEBUG 	TextBox2 loaded 1 chars with 0 blanks and 1 valid
16.6413 	DEBUG 	TextBox2 loaded 1 chars with 0 blanks and 1 valid
16.6415 	DEBUG 	TextBox2 loaded 1 chars with 0 blanks and 1 valid
16.6417 	DEBUG 	TextBox2 loaded 1 chars with 0 blanks and 1 valid
16.6419 	DEBUG 	TextBox2 loaded 1 chars with 0 blanks and 1 valid
16.6421 	DEBUG 	TextBox2 loaded 1 chars with 0 blanks and 1 valid
16.6424 	DEBUG 	Uploading Texture Font fontname to graphics card
16.6446 	DEBUG 	Upload of Texture Font fontname complete
16.6472 	DEBUG 	TextBox2 loaded 1 chars with 0 blanks and 1 valid
16.6475 	DEBUG 	TextBox2 loaded 1 chars with 0 blanks and 1 valid
16.6477 	DEBUG 	Uploading Texture Font fontname to graphics card
16.6492 	DEBUG 	Upload of Texture Font fontname complete
16.6654 	DEBUG 	TextBox2 loaded 1 chars with 0 blanks and 1 valid
16.6657 	DEBUG 	TextBox2 loaded 1 chars with 0 blanks and 1 valid
16.6658 	DEBUG 	Uploading Texture Font fontname to graphics card
16.6673 	DEBUG 	Upload of Texture Font fontname complete
16.7120 	EXP 	Created slider_emotion = Slider(__class__=<class 'psychopy.visual.slider.Slider'>, autoDraw=False, autoLog=True, borderColor=None, color=None, colorSpace='rgb', depth=-1, fillColor=None, flip=False, font='Arial', granularity=1.0, labelColor=None, labelHeight=0.035, labelWrapWidth=None, labels=list(...), lineColor=None, markerColor=None, name='slider_emotion', opacity=None, ori=0.0, pos=array([ 0. , -0.1]), readOnly=False, self=UNKNOWN, size=array([1. , 0.1]), startValue=5, style='rating', styleTweaks=[], ticks=array([1, 2, 3, 4, 5, 6, 7, 8, 9]), units='pix', win=Window(...))
16.7126 	EXP 	Created text_refresh = TextStim(__class__=<class 'psychopy.visual.text.TextStim'>, alignHoriz=method-wrapper(...), alignText='center', alignVert=method-wrapper(...), anchorHoriz='center', anchorVert='center', antialias=True, autoDraw=False, autoLog=True, bold=False, color=array([1., 1., 1.]), colorSpace='rgb', contrast=1.0, depth=0.0, draggable=False, flipHoriz=False, flipVert=False, font='Arial', fontFiles=[], height=0.05, italic=False, languageStyle='LTR', name='text_refresh', opacity=1, ori=0.0, pos=array([0., 0.]), rgb=UNKNOWN, text='', units='pix', win=Window(...), wrapWidth=500)
16.7145 	EXP 	Created wait4trigger_text = TextStim(__class__=<class 'psychopy.visual.text.TextStim'>, alignHoriz=method-wrapper(...), alignText='center', alignVert=method-wrapper(...), anchorHoriz='center', anchorVert='center', antialias=True, autoDraw=False, autoLog=True, bold=False, color=array([1., 1., 1.]), colorSpace='rgb', contrast=1.0, depth=0.0, draggable=False, flipHoriz=False, flipVert=False, font='Arial', fontFiles=[], height=0.05, italic=False, languageStyle='LTR', name='wait4trigger_text', opacity=1, ori=0.0, pos=array([0., 0.]), rgb=UNKNOWN, text='Please wait for the scan to start.', units='pix', win=Window(...), wrapWidth=500)
16.7161 	EXP 	Created fake_stimulus_text = TextStim(__class__=<class 'psychopy.visual.text.TextStim'>, alignHoriz=method-wrapper(...), alignText='center', alignVert=method-wrapper(...), anchorHoriz='center', anchorVert='center', antialias=True, autoDraw=False, autoLog=True, bold=False, color=array([1., 1., 1.]), colorSpace='rgb', contrast=1.0, depth=0.0, draggable=False, flipHoriz=False, flipVert=False, font='Arial', fontFiles=[], height=0.05, italic=False, languageStyle='LTR', name='fake_stimulus_text', opacity=1, ori=0.0, pos=array([0., 0.]), rgb=UNKNOWN, text='Please wait for the scan to start.', units='pix', win=Window(...), wrapWidth=500)
16.7171 	EXP 	Created fixation = TextStim(__class__=<class 'psychopy.visual.text.TextStim'>, alignHoriz=method-wrapper(...), alignText='center', alignVert=method-wrapper(...), anchorHoriz='center', anchorVert='center', antialias=True, autoDraw=False, autoLog=True, bold=False, color=array([1., 1., 1.]), colorSpace='rgb', contrast=1.0, depth=0.0, draggable=False, flipHoriz=False, flipVert=False, font='Arial', fontFiles=[], height=0.4, italic=False, languageStyle='LTR', name='fixation', opacity=1, ori=0.0, pos=array([0., 0.]), rgb=UNKNOWN, text='+', units='pix', win=Window(...), wrapWidth=500)
16.7175 	EXP 	Created text_refresh = TextStim(__class__=<class 'psychopy.visual.text.TextStim'>, alignHoriz=method-wrapper(...), alignText='center', alignVert=method-wrapper(...), anchorHoriz='center', anchorVert='center', antialias=True, autoDraw=False, autoLog=True, bold=False, color=array([1., 1., 1.]), colorSpace='rgb', contrast=1.0, depth=0.0, draggable=False, flipHoriz=False, flipVert=False, font='Arial', fontFiles=[], height=0.05, italic=False, languageStyle='LTR', name='text_refresh', opacity=1, ori=0.0, pos=array([0., 0.]), rgb=UNKNOWN, text='', units='pix', win=Window(...), wrapWidth=500)
16.7190 	EXP 	Created rate_emotion_prompt = TextStim(__class__=<class 'psychopy.visual.text.TextStim'>, alignHoriz=method-wrapper(...), alignText='center', alignVert=method-wrapper(...), anchorHoriz='center', anchorVert='center', antialias=True, autoDraw=False, autoLog=True, bold=False, color=array([1., 1., 1.]), colorSpace='rgb', contrast=1.0, depth=0.0, draggable=False, flipHoriz=False, flipVert=False, font='Arial', fontFiles=[], height=0.05, italic=False, languageStyle='LTR', name='rate_emotion_prompt', opacity=1, ori=0.0, pos=array([0. , 0.2]), rgb=UNKNOWN, text=str(...), units='pix', win=Window(...), wrapWidth=500)
16.7854 	EXP 	Created slider_emotion = Slider(__class__=<class 'psychopy.visual.slider.Slider'>, autoDraw=False, autoLog=True, borderColor=None, color=None, colorSpace='rgb', depth=-1, fillColor=None, flip=False, font='Arial', granularity=1.0, labelColor=None, labelHeight=0.035, labelWrapWidth=None, labels=list(...), lineColor=None, markerColor=None, name='slider_emotion', opacity=None, ori=0.0, pos=array([ 0. , -0.1]), readOnly=False, self=UNKNOWN, size=array([1. , 0.1]), startValue=5, style='rating', styleTweaks=[], ticks=array([1, 2, 3, 4, 5, 6, 7, 8, 9]), units='pix', win=Window(...))
16.7860 	EXP 	Created text_refresh = TextStim(__class__=<class 'psychopy.visual.text.TextStim'>, alignHoriz=method-wrapper(...), alignText='center', alignVert=method-wrapper(...), anchorHoriz='center', anchorVert='center', antialias=True, autoDraw=False, autoLog=True, bold=False, color=array([1., 1., 1.]), colorSpace='rgb', contrast=1.0, depth=0.0, draggable=False, flipHoriz=False, flipVert=False, font='Arial', fontFiles=[], height=0.05, italic=False, languageStyle='LTR', name='text_refresh', opacity=1, ori=0.0, pos=array([0., 0.]), rgb=UNKNOWN, text='', units='pix', win=Window(...), wrapWidth=500)
16.7897 	EXP 	Created main_body_questionnaire = TextStim(__class__=<class 'psychopy.visual.text.TextStim'>, alignHoriz=method-wrapper(...), alignText='center', alignVert=method-wrapper(...), anchorHoriz='center', anchorVert='center', antialias=True, autoDraw=False, autoLog=True, bold=False, color=array([1., 1., 1.]), colorSpace='rgb', contrast=1.0, depth=0.0, draggable=False, flipHoriz=False, flipVert=False, font='Arial', fontFiles=[], height=0.05, italic=False, languageStyle='LTR', name='main_body_questionnaire', opacity=1, ori=0.0, pos=array([0. , 0.3]), rgb=UNKNOWN, text='During the MRI my thoughts:', units='pix', win=Window(...), wrapWidth=500)
16.7900 	EXP 	Created item_text = TextStim(__class__=<class 'psychopy.visual.text.TextStim'>, alignHoriz=method-wrapper(...), alignText='center', alignVert=method-wrapper(...), anchorHoriz='center', anchorVert='center', antialias=True, autoDraw=False, autoLog=True, bold=False, color=array([1., 1., 1.]), colorSpace='rgb', contrast=1.0, depth=-1.0, draggable=False, flipHoriz=False, flipVert=False, font='Arial', fontFiles=[], height=0.05, italic=False, languageStyle='LTR', name='item_text', opacity=1, ori=0.0, pos=array([0. , 0.1]), rgb=UNKNOWN, text='', units='pix', win=Window(...), wrapWidth=500)
16.8122 	DEBUG 	TextBox2 loaded 1 chars with 0 blanks and 1 valid
16.8125 	DEBUG 	TextBox2 loaded 1 chars with 0 blanks and 1 valid
16.8127 	DEBUG 	TextBox2 loaded 1 chars with 0 blanks and 1 valid
16.8129 	DEBUG 	TextBox2 loaded 1 chars with 0 blanks and 1 valid
16.8132 	DEBUG 	Uploading Texture Font fontname to graphics card
16.8149 	DEBUG 	Upload of Texture Font fontname complete
16.8333 	DEBUG 	TextBox2 loaded 1 chars with 0 blanks and 1 valid
16.8336 	DEBUG 	Uploading Texture Font fontname to graphics card
16.8351 	DEBUG 	Upload of Texture Font fontname complete
16.8595 	EXP 	Created slider_thinking_content = Slider(__class__=<class 'psychopy.visual.slider.Slider'>, autoDraw=False, autoLog=True, borderColor=None, color=None, colorSpace='rgb', depth=-2, fillColor=None, flip=False, font='Arial', granularity=1.0, labelColor=None, labelHeight=0.035, labelWrapWidth=None, labels=list(...), lineColor=None, markerColor=None, name='slider_thinking_content', opacity=None, ori=0.0, pos=array([ 0. , -0.1]), readOnly=False, self=UNKNOWN, size=array([1. , 0.1]), startValue=5, style='rating', styleTweaks=[], ticks=array([1, 2, 3, 4, 5, 6, 7, 8, 9]), units='pix', win=Window(...))
16.8600 	EXP 	Created text_refresh = TextStim(__class__=<class 'psychopy.visual.text.TextStim'>, alignHoriz=method-wrapper(...), alignText='center', alignVert=method-wrapper(...), anchorHoriz='center', anchorVert='center', antialias=True, autoDraw=False, autoLog=True, bold=False, color=array([1., 1., 1.]), colorSpace='rgb', contrast=1.0, depth=0.0, draggable=False, flipHoriz=False, flipVert=False, font='Arial', fontFiles=[], height=0.05, italic=False, languageStyle='LTR', name='text_refresh', opacity=1, ori=0.0, pos=array([0., 0.]), rgb=UNKNOWN, text='', units='pix', win=Window(...), wrapWidth=500)
16.8635 	EXP 	Created goodbye_text = TextStim(__class__=<class 'psychopy.visual.text.TextStim'>, alignHoriz=method-wrapper(...), alignText='center', alignVert=method-wrapper(...), anchorHoriz='center', anchorVert='center', antialias=True, autoDraw=False, autoLog=True, bold=False, color=array([1., 1., 1.]), colorSpace='rgb', contrast=1.0, depth=0.0, draggable=False, flipHoriz=False, flipVert=False, font='Arial', fontFiles=[], height=0.05, italic=False, languageStyle='LTR', name='goodbye_text', opacity=1, ori=0.0, pos=array([0., 0.]), rgb=UNKNOWN, text=str(...), units='pix', win=Window(...), wrapWidth=500)
0.0072 	EXP 	slider_emotion: autoLog = True
0.0072 	EXP 	slider_emotion: styleTweaks = []
0.0072 	EXP 	slider_emotion: styleTweaks = []
0.0072 	EXP 	slider_emotion: styleTweaks = []
0.0072 	EXP 	slider_emotion: styleTweaks = []
0.0072 	EXP 	slider_emotion: contrast = 1.0
0.0072 	EXP 	slider_emotion: markerPos = 5
0.0072 	EXP 	slider_emotion: autoLog = True
0.0072 	EXP 	slider_emotion: autoLog = True
0.0072 	EXP 	slider_emotion: styleTweaks = []
0.0072 	EXP 	slider_emotion: styleTweaks = []
0.0072 	EXP 	slider_emotion: styleTweaks = []
0.0072 	EXP 	slider_emotion: styleTweaks = []
0.0072 	EXP 	slider_emotion: contrast = 1.0
0.0072 	EXP 	slider_emotion: markerPos = 5
0.0072 	EXP 	slider_emotion: autoLog = True
0.0072 	EXP 	slider_thinking_content: autoLog = True
0.0072 	EXP 	slider_thinking_content: styleTweaks = []
0.0072 	EXP 	slider_thinking_content: styleTweaks = []
0.0072 	EXP 	slider_thinking_content: styleTweaks = []
0.0072 	EXP 	slider_thinking_content: styleTweaks = []
0.0072 	EXP 	slider_thinking_content: contrast = 1.0
0.0072 	EXP 	slider_thinking_content: markerPos = 5
0.0072 	EXP 	slider_thinking_content: autoLog = True
0.0164 	INFO 	Keyboard events cleared
0.0162 	EXP 	text_welcome: autoDraw = True
3.8695 	WARNING 	t of last frame was 22.24ms (=1/44)
3.8887 	DATA 	Keypress: escape
3.8914 	WARNING 	t of last frame was 21.86ms (=1/45)
3.8934 	EXP 	resting_state_demo: status = STOPPED
3.8947 	EXP 	text_welcome: autoDraw = False
3.8957 	EXP 	resting_state_demo: status = STOPPED
3.8976 	INFO 	saved data to '/Users/Chenxiao/Documents/project_codes/RST_Chinese_beta/data/999_resting_state_demo_2025-06-10_17h04.54.876.csv'
3.8978 	INFO 	saved data to /Users/Chenxiao/Documents/project_codes/RST_Chinese_beta/data/999_resting_state_demo_2025-06-10_17h04.54.876.psydat
4.2226 	DEBUG 	Saving data for resting_state_demo ExperimentHandler
