10.5315 	WARNING 	Font Manager failed to load file /System/Library/PrivateFrameworks/FontServices.framework/Resources/Reserved/PingFangUI.ttc
12.9260 	DEBUG 	Fullscreen settings ignored as running in pilot mode.
12.9269 	INFO 	Loaded monitor calibration from ['2022_04_19 09:31']
12.9272 	WARNING 	This monitor has not been color-calibrated. Using default DKL conversion matrix.
13.0222 	WARNING 	This monitor has not been color-calibrated. Using default DKL conversion matrix.
13.0224 	WARNING 	This monitor has not been color-calibrated. Using default DKL conversion matrix.
13.0752 	EXP 	Created window1 = Window(allowGUI=False, allowStencil=False, autoLog=True, backendConf=UNKNOWN, backgroundFit=<method-wrapper '__getattribute__' of attributeSetter object at 0x17e456920>, backgroundImage=<method-wrapper '__getattribute__' of attributeSetter object at 0x17e456980>, bitsMode=UNKNOWN, blendMode='avg', bpc=(8, 8, 8), color=array([0, 0, 0]), colorSpace='dkl', depthBits=8, fullscr=True, gamma=None, gammaErrorPolicy='raise', infoMsg=UNKNOWN, lms=UNKNOWN, monitor=<psychopy.monitors.calibTools.Monitor object at 0x17e4dc730>, multiSample=False, name='window1', numSamples=2, pos=[0.0, 0.0], screen=0, size=array([3840, 2160]), stencilBits=0, stereo=False, title='PsychoPy', units='height', useFBO=True, useRetina=True, viewOri=0.0, viewPos=None, viewScale=None, waitBlanking=True, winType='pyglet')
13.0753 	EXP 	window1: backgroundImage = ''
13.0753 	EXP 	window1: backgroundFit = 'none'
13.0819 	DEBUG 	TextBox2 loaded 1 chars with 0 blanks and 1 valid
13.0828 	DEBUG 	TextBox2 loaded 1 chars with 0 blanks and 1 valid
13.0837 	DEBUG 	TextBox2 loaded 1 chars with 0 blanks and 1 valid
13.0851 	DEBUG 	TextBox2 loaded 1 chars with 0 blanks and 1 valid
13.0864 	DEBUG 	TextBox2 loaded 1 chars with 0 blanks and 1 valid
13.0868 	DEBUG 	TextBox2 loaded 1 chars with 0 blanks and 1 valid
13.0877 	DEBUG 	TextBox2 loaded 1 chars with 0 blanks and 1 valid
13.0891 	DEBUG 	TextBox2 loaded 1 chars with 0 blanks and 1 valid
13.0892 	DEBUG 	TextBox2 loaded 1 chars with 0 blanks and 1 valid
13.0894 	DEBUG 	TextBox2 loaded 1 chars with 0 blanks and 1 valid
13.0903 	DEBUG 	TextBox2 loaded 1 chars with 0 blanks and 1 valid
13.0912 	DEBUG 	TextBox2 loaded 1 chars with 0 blanks and 1 valid
13.0920 	DEBUG 	TextBox2 loaded 1 chars with 0 blanks and 1 valid
13.0929 	DEBUG 	TextBox2 loaded 1 chars with 0 blanks and 1 valid
13.0935 	DEBUG 	TextBox2 loaded 1 chars with 0 blanks and 1 valid
13.0945 	DEBUG 	TextBox2 loaded 1 chars with 0 blanks and 1 valid
13.0954 	DEBUG 	TextBox2 loaded 1 chars with 0 blanks and 1 valid
13.0957 	DEBUG 	TextBox2 loaded 1 chars with 0 blanks and 1 valid
13.0961 	DEBUG 	TextBox2 loaded 1 chars with 0 blanks and 1 valid
13.0975 	DEBUG 	TextBox2 loaded 1 chars with 0 blanks and 1 valid
13.0977 	DEBUG 	TextBox2 loaded 1 chars with 0 blanks and 1 valid
13.0978 	DEBUG 	Uploading Texture Font fontname to graphics card
13.1006 	DEBUG 	Upload of Texture Font fontname complete
13.1048 	DEBUG 	TextBox2 loaded 1 chars with 0 blanks and 1 valid
13.1061 	DEBUG 	TextBox2 loaded 1 chars with 0 blanks and 1 valid
13.1073 	DEBUG 	TextBox2 loaded 1 chars with 0 blanks and 1 valid
13.1074 	DEBUG 	Uploading Texture Font fontname to graphics card
13.1089 	DEBUG 	Upload of Texture Font fontname complete
13.1099 	EXP 	window1: Attempting to measure frame rate of screen (0) ...
13.1099 	EXP 	window1: recordFrameIntervals = False
13.2484 	EXP 	window1: recordFrameIntervals = True
14.1213 	WARNING 	Couldn't measure a consistent frame rate!
  - Is your graphics card set to sync to vertical blank?
  - Are you running other processes on your computer?

14.1329 	DEBUG 	TextBox2 loaded 1 chars with 0 blanks and 1 valid
14.1340 	DEBUG 	TextBox2 loaded 1 chars with 0 blanks and 1 valid
14.1362 	DEBUG 	TextBox2 loaded 1 chars with 0 blanks and 1 valid
14.1395 	DEBUG 	TextBox2 loaded 1 chars with 0 blanks and 1 valid
14.1421 	DEBUG 	TextBox2 loaded 1 chars with 0 blanks and 1 valid
14.1449 	DEBUG 	TextBox2 loaded 1 chars with 0 blanks and 1 valid
14.1455 	DEBUG 	TextBox2 loaded 1 chars with 0 blanks and 1 valid
14.1475 	DEBUG 	TextBox2 loaded 1 chars with 0 blanks and 1 valid
14.1497 	DEBUG 	TextBox2 loaded 1 chars with 0 blanks and 1 valid
14.1518 	DEBUG 	TextBox2 loaded 1 chars with 0 blanks and 1 valid
14.1521 	DEBUG 	Uploading Texture Font fontname to graphics card
14.1547 	DEBUG 	Upload of Texture Font fontname complete
16.3467 	INFO 	keyboard.Keyboard is using iohub backend.
16.3467 	INFO 	keyboard.Keyboard is using iohub backend.
16.3467 	INFO 	keyboard.Keyboard is using iohub backend.
16.3467 	INFO 	keyboard.Keyboard is using iohub backend.
16.3467 	INFO 	keyboard.Keyboard is using iohub backend.
16.3468 	EXP 	resting_state_demo: status = STARTED
16.4166 	EXP 	Created image_welcome = ImageStim(__class__=<class 'psychopy.visual.image.ImageStim'>, anchor=('center', 'center'), autoLog=True, color=array([1., 1., 1.]), colorSpace='rgb', contrast=1.0, depth=0.0, draggable=False, flipHoriz=False, flipVert=False, image='stimuli/welcome.png', interpolate=True, mask=None, maskParams=None, name='image_welcome', opacity=1, ori=0.0, pos=array([0., 0.]), size=array([1.1  , 0.825]), texRes=128.0, units='height', win=Window(...))
16.4291 	EXP 	Created text_refresh = TextStim(__class__=<class 'psychopy.visual.text.TextStim'>, alignHoriz=method-wrapper(...), alignText='center', alignVert=method-wrapper(...), anchorHoriz='center', anchorVert='center', antialias=True, autoDraw=False, autoLog=True, bold=False, color=array([1., 1., 1.]), colorSpace='rgb', contrast=1.0, depth=0.0, draggable=False, flipHoriz=False, flipVert=False, font='Arial', fontFiles=[], height=0.05, italic=False, languageStyle='LTR', name='text_refresh', opacity=1, ori=0.0, pos=array([0., 0.]), rgb=UNKNOWN, text='', units='height', win=Window(...), wrapWidth=1)
16.4477 	EXP 	Created rate_emotion_prompt = TextStim(__class__=<class 'psychopy.visual.text.TextStim'>, alignHoriz=method-wrapper(...), alignText='center', alignVert=method-wrapper(...), anchorHoriz='center', anchorVert='center', antialias=True, autoDraw=False, autoLog=True, bold=False, color=array([1., 1., 1.]), colorSpace='rgb', contrast=1.0, depth=0.0, draggable=False, flipHoriz=False, flipVert=False, font='Heiti SC', fontFiles=[], height=0.05, italic=False, languageStyle='LTR', name='rate_emotion_prompt', opacity=1, ori=0.0, pos=array([0. , 0.2]), rgb=UNKNOWN, text='请使用数字描述您目前的情绪状态：', units='height', win=Window(...), wrapWidth=1)
16.4611 	DEBUG 	TextBox2 loaded 1 chars with 0 blanks and 1 valid
16.4618 	DEBUG 	TextBox2 loaded 1 chars with 0 blanks and 1 valid
16.4622 	DEBUG 	TextBox2 loaded 1 chars with 0 blanks and 1 valid
16.4630 	DEBUG 	TextBox2 loaded 1 chars with 0 blanks and 1 valid
16.4632 	DEBUG 	TextBox2 loaded 1 chars with 0 blanks and 1 valid
16.4634 	DEBUG 	TextBox2 loaded 1 chars with 0 blanks and 1 valid
16.4640 	DEBUG 	TextBox2 loaded 1 chars with 0 blanks and 1 valid
16.4645 	DEBUG 	TextBox2 loaded 1 chars with 0 blanks and 1 valid
16.4648 	DEBUG 	TextBox2 loaded 1 chars with 0 blanks and 1 valid
16.4655 	DEBUG 	TextBox2 loaded 1 chars with 0 blanks and 1 valid
16.4661 	DEBUG 	TextBox2 loaded 1 chars with 0 blanks and 1 valid
16.4669 	DEBUG 	TextBox2 loaded 1 chars with 0 blanks and 1 valid
16.4670 	DEBUG 	Uploading Texture Font fontname to graphics card
16.4692 	DEBUG 	Upload of Texture Font fontname complete
16.4725 	DEBUG 	TextBox2 loaded 1 chars with 0 blanks and 1 valid
16.4727 	DEBUG 	TextBox2 loaded 1 chars with 0 blanks and 1 valid
16.4729 	DEBUG 	Uploading Texture Font fontname to graphics card
16.4743 	DEBUG 	Upload of Texture Font fontname complete
16.4909 	DEBUG 	TextBox2 loaded 1 chars with 0 blanks and 1 valid
16.4912 	DEBUG 	TextBox2 loaded 1 chars with 0 blanks and 1 valid
16.4913 	DEBUG 	Uploading Texture Font fontname to graphics card
16.4927 	DEBUG 	Upload of Texture Font fontname complete
16.5305 	EXP 	Created slider_emotion = Slider(__class__=<class 'psychopy.visual.slider.Slider'>, autoDraw=False, autoLog=True, borderColor=None, color=None, colorSpace='rgb', depth=-1, fillColor=None, flip=False, font='Arial', granularity=1.0, labelColor=None, labelHeight=0.035, labelWrapWidth=None, labels=list(...), lineColor=None, markerColor=None, name='slider_emotion', opacity=None, ori=0.0, pos=array([ 0. , -0.1]), readOnly=False, self=UNKNOWN, size=array([1. , 0.1]), startValue=5, style='rating', styleTweaks=[], ticks=array([1, 2, 3, 4, 5, 6, 7, 8, 9]), units='height', win=Window(...))
16.5311 	EXP 	Created text_refresh = TextStim(__class__=<class 'psychopy.visual.text.TextStim'>, alignHoriz=method-wrapper(...), alignText='center', alignVert=method-wrapper(...), anchorHoriz='center', anchorVert='center', antialias=True, autoDraw=False, autoLog=True, bold=False, color=array([1., 1., 1.]), colorSpace='rgb', contrast=1.0, depth=0.0, draggable=False, flipHoriz=False, flipVert=False, font='Arial', fontFiles=[], height=0.05, italic=False, languageStyle='LTR', name='text_refresh', opacity=1, ori=0.0, pos=array([0., 0.]), rgb=UNKNOWN, text='', units='height', win=Window(...), wrapWidth=1)
16.5353 	EXP 	Created wait4trigger_text = TextStim(__class__=<class 'psychopy.visual.text.TextStim'>, alignHoriz=method-wrapper(...), alignText='center', alignVert=method-wrapper(...), anchorHoriz='center', anchorVert='center', antialias=True, autoDraw=False, autoLog=True, bold=False, color=array([1., 1., 1.]), colorSpace='rgb', contrast=1.0, depth=0.0, draggable=False, flipHoriz=False, flipVert=False, font='Heiti SC', fontFiles=[], height=0.05, italic=False, languageStyle='LTR', name='wait4trigger_text', opacity=1, ori=0.0, pos=array([0., 0.]), rgb=UNKNOWN, text='即将开始，请等待……', units='height', win=Window(...), wrapWidth=1)
16.5363 	EXP 	Created fake_stimulus_text = TextStim(__class__=<class 'psychopy.visual.text.TextStim'>, alignHoriz=method-wrapper(...), alignText='center', alignVert=method-wrapper(...), anchorHoriz='center', anchorVert='center', antialias=True, autoDraw=False, autoLog=True, bold=False, color=array([1., 1., 1.]), colorSpace='rgb', contrast=1.0, depth=0.0, draggable=False, flipHoriz=False, flipVert=False, font='Heiti SC', fontFiles=[], height=0.05, italic=False, languageStyle='LTR', name='fake_stimulus_text', opacity=1, ori=0.0, pos=array([0., 0.]), rgb=UNKNOWN, text='即将开始，请等待……', units='height', win=Window(...), wrapWidth=1)
16.5388 	EXP 	Created fixation = TextStim(__class__=<class 'psychopy.visual.text.TextStim'>, alignHoriz=method-wrapper(...), alignText='center', alignVert=method-wrapper(...), anchorHoriz='center', anchorVert='center', antialias=True, autoDraw=False, autoLog=True, bold=False, color=array([1., 1., 1.]), colorSpace='rgb', contrast=1.0, depth=0.0, draggable=False, flipHoriz=False, flipVert=False, font='Arial', fontFiles=[], height=0.4, italic=False, languageStyle='LTR', name='fixation', opacity=1, ori=0.0, pos=array([0., 0.]), rgb=UNKNOWN, text='+', units='height', win=Window(...), wrapWidth=1)
16.5393 	EXP 	Created text_refresh = TextStim(__class__=<class 'psychopy.visual.text.TextStim'>, alignHoriz=method-wrapper(...), alignText='center', alignVert=method-wrapper(...), anchorHoriz='center', anchorVert='center', antialias=True, autoDraw=False, autoLog=True, bold=False, color=array([1., 1., 1.]), colorSpace='rgb', contrast=1.0, depth=0.0, draggable=False, flipHoriz=False, flipVert=False, font='Arial', fontFiles=[], height=0.05, italic=False, languageStyle='LTR', name='text_refresh', opacity=1, ori=0.0, pos=array([0., 0.]), rgb=UNKNOWN, text='', units='height', win=Window(...), wrapWidth=1)
16.5403 	EXP 	Created rate_emotion_prompt = TextStim(__class__=<class 'psychopy.visual.text.TextStim'>, alignHoriz=method-wrapper(...), alignText='center', alignVert=method-wrapper(...), anchorHoriz='center', anchorVert='center', antialias=True, autoDraw=False, autoLog=True, bold=False, color=array([1., 1., 1.]), colorSpace='rgb', contrast=1.0, depth=0.0, draggable=False, flipHoriz=False, flipVert=False, font='Heiti SC', fontFiles=[], height=0.05, italic=False, languageStyle='LTR', name='rate_emotion_prompt', opacity=1, ori=0.0, pos=array([0. , 0.2]), rgb=UNKNOWN, text='请使用数字描述您目前的情绪状态：', units='height', win=Window(...), wrapWidth=1)
16.5993 	EXP 	Created slider_emotion = Slider(__class__=<class 'psychopy.visual.slider.Slider'>, autoDraw=False, autoLog=True, borderColor=None, color=None, colorSpace='rgb', depth=-1, fillColor=None, flip=False, font='Arial', granularity=1.0, labelColor=None, labelHeight=0.035, labelWrapWidth=None, labels=list(...), lineColor=None, markerColor=None, name='slider_emotion', opacity=None, ori=0.0, pos=array([ 0. , -0.1]), readOnly=False, self=UNKNOWN, size=array([1. , 0.1]), startValue=5, style='rating', styleTweaks=[], ticks=array([1, 2, 3, 4, 5, 6, 7, 8, 9]), units='height', win=Window(...))
16.5999 	EXP 	Created text_refresh = TextStim(__class__=<class 'psychopy.visual.text.TextStim'>, alignHoriz=method-wrapper(...), alignText='center', alignVert=method-wrapper(...), anchorHoriz='center', anchorVert='center', antialias=True, autoDraw=False, autoLog=True, bold=False, color=array([1., 1., 1.]), colorSpace='rgb', contrast=1.0, depth=0.0, draggable=False, flipHoriz=False, flipVert=False, font='Arial', fontFiles=[], height=0.05, italic=False, languageStyle='LTR', name='text_refresh', opacity=1, ori=0.0, pos=array([0., 0.]), rgb=UNKNOWN, text='', units='height', win=Window(...), wrapWidth=1)
16.6032 	EXP 	Created main_body_questionnaire = TextStim(__class__=<class 'psychopy.visual.text.TextStim'>, alignHoriz=method-wrapper(...), alignText='center', alignVert=method-wrapper(...), anchorHoriz='center', anchorVert='center', antialias=True, autoDraw=False, autoLog=True, bold=False, color=array([1., 1., 1.]), colorSpace='rgb', contrast=1.0, depth=0.0, draggable=False, flipHoriz=False, flipVert=False, font='Heiti SC', fontFiles=[], height=0.05, italic=False, languageStyle='LTR', name='main_body_questionnaire', opacity=1, ori=0.0, pos=array([0. , 0.3]), rgb=UNKNOWN, text='我刚才的思维内容：', units='height', win=Window(...), wrapWidth=1)
16.6036 	EXP 	Created item_text = TextStim(__class__=<class 'psychopy.visual.text.TextStim'>, alignHoriz=method-wrapper(...), alignText='center', alignVert=method-wrapper(...), anchorHoriz='center', anchorVert='center', antialias=True, autoDraw=False, autoLog=True, bold=False, color=array([1., 1., 1.]), colorSpace='rgb', contrast=1.0, depth=-1.0, draggable=False, flipHoriz=False, flipVert=False, font='Heiti SC', fontFiles=[], height=0.05, italic=False, languageStyle='LTR', name='item_text', opacity=1, ori=0.0, pos=array([0. , 0.1]), rgb=UNKNOWN, text='', units='height', win=Window(...), wrapWidth=1)
17.0462 	WARNING 	Font b'Heiti SC' was requested. No similar font found.
17.0558 	DEBUG 	TextBox2 loaded 1 chars with 0 blanks and 1 valid
17.0580 	DEBUG 	TextBox2 loaded 1 chars with 0 blanks and 1 valid
17.0598 	DEBUG 	TextBox2 loaded 1 chars with 0 blanks and 1 valid
17.0616 	DEBUG 	TextBox2 loaded 1 chars with 0 blanks and 1 valid
17.0620 	DEBUG 	TextBox2 loaded 1 chars with 0 blanks and 1 valid
17.0623 	DEBUG 	Uploading Texture Font fontname to graphics card
17.0667 	DEBUG 	Upload of Texture Font fontname complete
17.4342 	WARNING 	Font b'Heiti SC' was requested. No similar font found.
17.4429 	DEBUG 	TextBox2 loaded 1 chars with 0 blanks and 1 valid
17.4449 	DEBUG 	TextBox2 loaded 1 chars with 0 blanks and 1 valid
17.4465 	DEBUG 	TextBox2 loaded 1 chars with 0 blanks and 1 valid
17.4478 	DEBUG 	TextBox2 loaded 1 chars with 0 blanks and 1 valid
17.4480 	DEBUG 	TextBox2 loaded 1 chars with 0 blanks and 1 valid
17.4495 	DEBUG 	TextBox2 loaded 1 chars with 0 blanks and 1 valid
17.4508 	DEBUG 	TextBox2 loaded 1 chars with 0 blanks and 1 valid
17.4516 	DEBUG 	TextBox2 loaded 1 chars with 0 blanks and 1 valid
17.4520 	DEBUG 	TextBox2 loaded 1 chars with 0 blanks and 1 valid
17.4523 	DEBUG 	Uploading Texture Font fontname to graphics card
17.4564 	DEBUG 	Upload of Texture Font fontname complete
17.8224 	WARNING 	Font b'Heiti SC' was requested. No similar font found.
18.1835 	WARNING 	Font b'Heiti SC' was requested. No similar font found.
18.5579 	WARNING 	Font b'Heiti SC' was requested. No similar font found.
18.9240 	WARNING 	Font b'Heiti SC' was requested. No similar font found.
19.3224 	WARNING 	Font b'Heiti SC' was requested. No similar font found.
19.6722 	WARNING 	Font b'Heiti SC' was requested. No similar font found.
20.0394 	WARNING 	Font b'Heiti SC' was requested. No similar font found.
20.0478 	DEBUG 	TextBox2 loaded 1 chars with 0 blanks and 1 valid
20.0500 	DEBUG 	TextBox2 loaded 1 chars with 0 blanks and 1 valid
20.0503 	DEBUG 	Uploading Texture Font fontname to graphics card
20.0539 	DEBUG 	Upload of Texture Font fontname complete
20.4131 	WARNING 	Font b'Heiti SC' was requested. No similar font found.
20.7852 	WARNING 	Font b'Heiti SC' was requested. No similar font found.
21.1573 	WARNING 	Font b'Heiti SC' was requested. No similar font found.
21.4973 	WARNING 	Font b'Heiti SC' was requested. No similar font found.
21.8725 	WARNING 	Font b'Heiti SC' was requested. No similar font found.
22.2081 	WARNING 	Font b'Heiti SC' was requested. No similar font found.
22.5584 	WARNING 	Font b'Heiti SC' was requested. No similar font found.
22.9219 	WARNING 	Font b'Heiti SC' was requested. No similar font found.
22.9306 	DEBUG 	TextBox2 loaded 1 chars with 0 blanks and 1 valid
22.9329 	DEBUG 	TextBox2 loaded 1 chars with 0 blanks and 1 valid
22.9351 	DEBUG 	TextBox2 loaded 1 chars with 0 blanks and 1 valid
22.9370 	DEBUG 	TextBox2 loaded 1 chars with 0 blanks and 1 valid
22.9373 	DEBUG 	Uploading Texture Font fontname to graphics card
22.9406 	DEBUG 	Upload of Texture Font fontname complete
23.3222 	WARNING 	Font b'Heiti SC' was requested. No similar font found.
23.3599 	EXP 	Created slider_thinking_content = Slider(__class__=<class 'psychopy.visual.slider.Slider'>, autoDraw=False, autoLog=True, borderColor=None, color=None, colorSpace='rgb', depth=-2, fillColor=None, flip=False, font='Heiti SC', granularity=1.0, labelColor=None, labelHeight=0.035, labelWrapWidth=None, labels=['完全没有', '', '', '', '一般', '', '', '', '几乎都是'], lineColor=None, markerColor=None, name='slider_thinking_content', opacity=None, ori=0.0, pos=array([ 0. , -0.1]), readOnly=False, self=UNKNOWN, size=array([1. , 0.1]), startValue=5, style='rating', styleTweaks=[], ticks=array([1, 2, 3, 4, 5, 6, 7, 8, 9]), units='height', win=Window(...))
23.3608 	EXP 	Created text_refresh = TextStim(__class__=<class 'psychopy.visual.text.TextStim'>, alignHoriz=method-wrapper(...), alignText='center', alignVert=method-wrapper(...), anchorHoriz='center', anchorVert='center', antialias=True, autoDraw=False, autoLog=True, bold=False, color=array([1., 1., 1.]), colorSpace='rgb', contrast=1.0, depth=0.0, draggable=False, flipHoriz=False, flipVert=False, font='Arial', fontFiles=[], height=0.05, italic=False, languageStyle='LTR', name='text_refresh', opacity=1, ori=0.0, pos=array([0., 0.]), rgb=UNKNOWN, text='', units='height', win=Window(...), wrapWidth=1)
23.3722 	EXP 	Created goodbye_text = TextStim(__class__=<class 'psychopy.visual.text.TextStim'>, alignHoriz=method-wrapper(...), alignText='center', alignVert=method-wrapper(...), anchorHoriz='center', anchorVert='center', antialias=True, autoDraw=False, autoLog=True, bold=False, color=array([1., 1., 1.]), colorSpace='rgb', contrast=1.0, depth=0.0, draggable=False, flipHoriz=False, flipVert=False, font='Arial', fontFiles=[], height=0.05, italic=False, languageStyle='LTR', name='goodbye_text', opacity=1, ori=0.0, pos=array([0., 0.]), rgb=UNKNOWN, text=str(...), units='height', win=Window(...), wrapWidth=1)
0.0174 	EXP 	slider_emotion: autoLog = True
0.0174 	EXP 	slider_emotion: styleTweaks = []
0.0174 	EXP 	slider_emotion: styleTweaks = []
0.0174 	EXP 	slider_emotion: styleTweaks = []
0.0174 	EXP 	slider_emotion: styleTweaks = []
0.0174 	EXP 	slider_emotion: contrast = 1.0
0.0174 	EXP 	slider_emotion: markerPos = 5
0.0174 	EXP 	slider_emotion: autoLog = True
0.0174 	EXP 	slider_emotion: autoLog = True
0.0174 	EXP 	slider_emotion: styleTweaks = []
0.0174 	EXP 	slider_emotion: styleTweaks = []
0.0174 	EXP 	slider_emotion: styleTweaks = []
0.0174 	EXP 	slider_emotion: styleTweaks = []
0.0174 	EXP 	slider_emotion: contrast = 1.0
0.0174 	EXP 	slider_emotion: markerPos = 5
0.0174 	EXP 	slider_emotion: autoLog = True
0.0174 	EXP 	slider_thinking_content: autoLog = True
0.0174 	EXP 	slider_thinking_content: styleTweaks = []
0.0174 	EXP 	slider_thinking_content: styleTweaks = []
0.0174 	EXP 	slider_thinking_content: styleTweaks = []
0.0174 	EXP 	slider_thinking_content: styleTweaks = []
0.0174 	EXP 	slider_thinking_content: contrast = 1.0
0.0174 	EXP 	slider_thinking_content: markerPos = 5
0.0174 	EXP 	slider_thinking_content: autoLog = True
0.0305 	INFO 	Keyboard events cleared
0.0302 	EXP 	image_welcome: autoDraw = True
1.3727 	DATA 	Keypress: j
1.3791 	WARNING 	t of last frame was 35.23ms (=1/28)
1.3791 	EXP 	image_welcome: autoDraw = False
1.3791 	EXP 	text_refresh: autoDraw = True
1.6916 	INFO 	Keyboard events cleared
1.6914 	WARNING 	t of last frame was 24.57ms (=1/40)
1.6914 	EXP 	text_refresh: autoDraw = False
1.6914 	EXP 	slider_emotion: markerPos = None
1.6914 	EXP 	slider_emotion: markerPos = 5
1.6914 	EXP 	slider_emotion: markerPos = 5
1.6914 	EXP 	rate_emotion_prompt: autoDraw = True
1.6914 	EXP 	slider_emotion: autoDraw = True
1.8923 	WARNING 	t of last frame was 23.66ms (=1/42)
1.9922 	WARNING 	t of last frame was 23.51ms (=1/42)
2.0756 	WARNING 	Multiple dropped frames have occurred - I'll stop bothering you about them!
2.7593 	DATA 	Keypress: a
2.7760 	EXP 	rate_emotion_prompt: autoDraw = False
2.7760 	EXP 	slider_emotion: autoDraw = False
2.7760 	EXP 	text_refresh: autoDraw = True
3.0659 	EXP 	text_refresh: autoDraw = False
3.0659 	EXP 	text_refresh: autoDraw = False
3.0659 	EXP 	wait4trigger_text: autoDraw = True
4.0605 	EXP 	wait4trigger_text: autoDraw = False
4.0605 	EXP 	wait4trigger_text: autoDraw = False
4.0605 	EXP 	fake_stimulus_text: autoDraw = True
5.9388 	DATA 	Keypress: s
6.0494 	EXP 	fake_stimulus_text: autoDraw = False
6.0494 	EXP 	fake_stimulus_text: autoDraw = False
6.0602 	EXP 	fixation: autoDraw = True
10.0507 	EXP 	fixation: autoDraw = False
10.0507 	EXP 	fixation: autoDraw = False
10.0605 	EXP 	text_refresh: autoDraw = True
10.3515 	EXP 	text_refresh: autoDraw = False
10.3515 	EXP 	text_refresh: autoDraw = False
10.3515 	EXP 	slider_emotion: markerPos = None
10.3515 	EXP 	slider_emotion: markerPos = 5
10.3515 	EXP 	slider_emotion: markerPos = 5
10.3673 	INFO 	Keyboard events cleared
10.3671 	EXP 	rate_emotion_prompt: autoDraw = True
10.3671 	EXP 	slider_emotion: autoDraw = True
12.6839 	DATA 	Keypress: j
13.0455 	DATA 	Keypress: a
13.0502 	EXP 	rate_emotion_prompt: autoDraw = False
13.0502 	EXP 	slider_emotion: autoDraw = False
13.0502 	EXP 	text_refresh: autoDraw = True
13.3498 	DEBUG 	Read excel file with openpyxl: think_content_condition.xlsx
13.3502 	EXP 	Imported think_content_condition.xlsx as conditions, 10 conditions, 2 params
13.3507 	EXP 	New trial (rep=0, index=0): <Trial 0 (0 in rep 0) data={'item': '是关于过去的事情', 'number': 1, 'thisN': 0, 'thisTrialN': 0, 'thisRepN': 0}>
13.3736 	INFO 	Keyboard events cleared
13.3733 	EXP 	text_refresh: autoDraw = False
13.3733 	EXP 	text_refresh: autoDraw = False
13.3733 	EXP 	item_text: height = 0.05
13.3733 	EXP 	item_text: height = 0.05
13.3733 	EXP 	item_text: height = 0.05
13.3733 	EXP 	item_text: text = '是关于过去的事情'
13.3733 	EXP 	slider_thinking_content: markerPos = None
13.3733 	EXP 	slider_thinking_content: markerPos = 5
13.3733 	EXP 	slider_thinking_content: markerPos = 5
13.3733 	EXP 	main_body_questionnaire: autoDraw = True
13.3733 	EXP 	item_text: autoDraw = True
13.3733 	EXP 	slider_thinking_content: autoDraw = True
17.5326 	EXP 	main_body_questionnaire: autoDraw = False
17.5326 	EXP 	item_text: autoDraw = False
17.5326 	EXP 	slider_thinking_content: autoDraw = False
17.5326 	EXP 	text_refresh: autoDraw = True
17.5343 	DATA 	Keypress: k
17.8177 	EXP 	New trial (rep=0, index=1): <Trial 1 (1 in rep 0) data={'item': '是关于将来的事情', 'number': 2, 'thisN': 1, 'thisTrialN': 1, 'thisRepN': 0}>
17.8337 	INFO 	Keyboard events cleared
17.8334 	EXP 	text_refresh: autoDraw = False
17.8334 	EXP 	text_refresh: autoDraw = False
17.8334 	EXP 	item_text: height = 0.05
17.8334 	EXP 	item_text: height = 0.05
17.8334 	EXP 	item_text: height = 0.05
17.8334 	EXP 	item_text: text = '是关于将来的事情'
17.8334 	EXP 	slider_thinking_content: markerPos = None
17.8334 	EXP 	slider_thinking_content: markerPos = 5
17.8334 	EXP 	slider_thinking_content: markerPos = 5
17.8334 	EXP 	main_body_questionnaire: autoDraw = True
17.8334 	EXP 	item_text: autoDraw = True
17.8334 	EXP 	slider_thinking_content: autoDraw = True
18.4157 	DATA 	Keypress: a
18.4365 	EXP 	slider_thinking_content: markerPos = 4.0
18.8705 	DATA 	Keypress: a
18.8864 	EXP 	slider_thinking_content: markerPos = 3.0
19.6296 	DATA 	Keypress: j
19.6344 	EXP 	main_body_questionnaire: autoDraw = False
19.6344 	EXP 	item_text: autoDraw = False
19.6344 	EXP 	slider_thinking_content: autoDraw = False
19.6344 	EXP 	text_refresh: autoDraw = True
19.9287 	EXP 	New trial (rep=0, index=2): <Trial 2 (2 in rep 0) data={'item': '是关于我自己的', 'number': 3, 'thisN': 2, 'thisTrialN': 2, 'thisRepN': 0}>
19.9450 	INFO 	Keyboard events cleared
19.9449 	EXP 	text_refresh: autoDraw = False
19.9449 	EXP 	text_refresh: autoDraw = False
19.9449 	EXP 	item_text: height = 0.05
19.9449 	EXP 	item_text: height = 0.05
19.9449 	EXP 	item_text: height = 0.05
19.9449 	EXP 	item_text: text = '是关于我自己的'
19.9449 	EXP 	slider_thinking_content: markerPos = None
19.9449 	EXP 	slider_thinking_content: markerPos = 5
19.9449 	EXP 	slider_thinking_content: markerPos = 5
19.9449 	EXP 	main_body_questionnaire: autoDraw = True
19.9449 	EXP 	item_text: autoDraw = True
19.9449 	EXP 	slider_thinking_content: autoDraw = True
20.3812 	DATA 	Keypress: a
20.3935 	EXP 	slider_thinking_content: markerPos = 4.0
20.6524 	DATA 	Keypress: a
20.6695 	EXP 	slider_thinking_content: markerPos = 3.0
20.9218 	DATA 	Keypress: a
20.9316 	EXP 	slider_thinking_content: markerPos = 2.0
21.2120 	DATA 	Keypress: j
21.2166 	EXP 	main_body_questionnaire: autoDraw = False
21.2166 	EXP 	item_text: autoDraw = False
21.2166 	EXP 	slider_thinking_content: autoDraw = False
21.2166 	EXP 	text_refresh: autoDraw = True
21.5034 	EXP 	New trial (rep=0, index=3): <Trial 3 (3 in rep 0) data={'item': '是关于他人的', 'number': 4, 'thisN': 3, 'thisTrialN': 3, 'thisRepN': 0}>
21.5219 	INFO 	Keyboard events cleared
21.5217 	EXP 	text_refresh: autoDraw = False
21.5217 	EXP 	text_refresh: autoDraw = False
21.5217 	EXP 	item_text: height = 0.05
21.5217 	EXP 	item_text: height = 0.05
21.5217 	EXP 	item_text: height = 0.05
21.5217 	EXP 	item_text: text = '是关于他人的'
21.5217 	EXP 	slider_thinking_content: markerPos = None
21.5217 	EXP 	slider_thinking_content: markerPos = 5
21.5217 	EXP 	slider_thinking_content: markerPos = 5
21.5217 	EXP 	main_body_questionnaire: autoDraw = True
21.5217 	EXP 	item_text: autoDraw = True
21.5217 	EXP 	slider_thinking_content: autoDraw = True
21.9840 	DATA 	Keypress: s
21.9973 	EXP 	slider_thinking_content: markerPos = 6.0
22.2443 	DATA 	Keypress: s
22.2601 	EXP 	slider_thinking_content: markerPos = 7.0
22.4337 	DATA 	Keypress: s
22.4467 	EXP 	slider_thinking_content: markerPos = 8.0
22.6449 	DATA 	Keypress: j
22.6600 	EXP 	main_body_questionnaire: autoDraw = False
22.6600 	EXP 	item_text: autoDraw = False
22.6600 	EXP 	slider_thinking_content: autoDraw = False
22.6600 	EXP 	text_refresh: autoDraw = True
22.9461 	EXP 	New trial (rep=0, index=4): <Trial 4 (4 in rep 0) data={'item': '是正性的、积极的事件', 'number': 5, 'thisN': 4, 'thisTrialN': 4, 'thisRepN': 0}>
22.9673 	INFO 	Keyboard events cleared
22.9671 	EXP 	text_refresh: autoDraw = False
22.9671 	EXP 	item_text: height = 0.05
22.9671 	EXP 	item_text: height = 0.05
22.9671 	EXP 	item_text: height = 0.05
22.9671 	EXP 	item_text: text = '是正性的、积极的事件'
22.9671 	EXP 	slider_thinking_content: markerPos = None
22.9671 	EXP 	slider_thinking_content: markerPos = 5
22.9671 	EXP 	slider_thinking_content: markerPos = 5
22.9671 	EXP 	main_body_questionnaire: autoDraw = True
22.9671 	EXP 	item_text: autoDraw = True
22.9671 	EXP 	slider_thinking_content: autoDraw = True
23.6818 	DATA 	Keypress: s
23.7033 	EXP 	slider_thinking_content: markerPos = 6.0
23.9333 	DATA 	Keypress: s
23.9465 	EXP 	slider_thinking_content: markerPos = 7.0
24.1892 	DATA 	Keypress: j
24.1931 	EXP 	main_body_questionnaire: autoDraw = False
24.1931 	EXP 	item_text: autoDraw = False
24.1931 	EXP 	slider_thinking_content: autoDraw = False
24.1931 	EXP 	text_refresh: autoDraw = True
24.4803 	EXP 	New trial (rep=0, index=5): <Trial 5 (5 in rep 0) data={'item': '是负性的、消极的事件', 'number': 6, 'thisN': 5, 'thisTrialN': 5, 'thisRepN': 0}>
24.4988 	INFO 	Keyboard events cleared
24.4987 	EXP 	text_refresh: autoDraw = False
24.4987 	EXP 	text_refresh: autoDraw = False
24.4987 	EXP 	item_text: height = 0.05
24.4987 	EXP 	item_text: height = 0.05
24.4987 	EXP 	item_text: height = 0.05
24.4987 	EXP 	item_text: text = '是负性的、消极的事件'
24.4987 	EXP 	slider_thinking_content: markerPos = None
24.4987 	EXP 	slider_thinking_content: markerPos = 5
24.4987 	EXP 	slider_thinking_content: markerPos = 5
24.4987 	EXP 	main_body_questionnaire: autoDraw = True
24.4987 	EXP 	item_text: autoDraw = True
24.4987 	EXP 	slider_thinking_content: autoDraw = True
24.9277 	DATA 	Keypress: a
24.9437 	EXP 	slider_thinking_content: markerPos = 4.0
25.1616 	DATA 	Keypress: a
25.1770 	EXP 	slider_thinking_content: markerPos = 3.0
25.4362 	DATA 	Keypress: j
25.4479 	EXP 	main_body_questionnaire: autoDraw = False
25.4479 	EXP 	item_text: autoDraw = False
25.4479 	EXP 	slider_thinking_content: autoDraw = False
25.4479 	EXP 	text_refresh: autoDraw = True
25.7352 	EXP 	New trial (rep=0, index=6): <Trial 6 (6 in rep 0) data={'item': '是以图像或意象的形式进行思维', 'number': 7, 'thisN': 6, 'thisTrialN': 6, 'thisRepN': 0}>
25.7573 	INFO 	Keyboard events cleared
25.7571 	EXP 	text_refresh: autoDraw = False
25.7571 	EXP 	text_refresh: autoDraw = False
25.7571 	EXP 	item_text: height = 0.05
25.7571 	EXP 	item_text: height = 0.05
25.7571 	EXP 	item_text: height = 0.05
25.7571 	EXP 	item_text: text = '是以图像或意象的形式进行思维'
25.7571 	EXP 	slider_thinking_content: markerPos = None
25.7571 	EXP 	slider_thinking_content: markerPos = 5
25.7571 	EXP 	slider_thinking_content: markerPos = 5
25.7571 	EXP 	main_body_questionnaire: autoDraw = True
25.7571 	EXP 	item_text: autoDraw = True
25.7571 	EXP 	slider_thinking_content: autoDraw = True
26.0958 	DATA 	Keypress: s
26.1131 	EXP 	slider_thinking_content: markerPos = 6.0
26.3672 	DATA 	Keypress: s
26.3806 	EXP 	slider_thinking_content: markerPos = 7.0
26.5785 	DATA 	Keypress: s
26.5937 	EXP 	slider_thinking_content: markerPos = 8.0
26.7952 	DATA 	Keypress: j
26.8103 	EXP 	main_body_questionnaire: autoDraw = False
26.8103 	EXP 	item_text: autoDraw = False
26.8103 	EXP 	slider_thinking_content: autoDraw = False
26.8103 	EXP 	text_refresh: autoDraw = True
27.0965 	EXP 	New trial (rep=0, index=7): <Trial 7 (7 in rep 0) data={'item': '是以内部言语的形式进行思维', 'number': 8, 'thisN': 7, 'thisTrialN': 7, 'thisRepN': 0}>
27.1157 	INFO 	Keyboard events cleared
27.1155 	EXP 	text_refresh: autoDraw = False
27.1155 	EXP 	item_text: height = 0.05
27.1155 	EXP 	item_text: height = 0.05
27.1155 	EXP 	item_text: height = 0.05
27.1155 	EXP 	item_text: text = '是以内部言语的形式进行思维'
27.1155 	EXP 	slider_thinking_content: markerPos = None
27.1155 	EXP 	slider_thinking_content: markerPos = 5
27.1155 	EXP 	slider_thinking_content: markerPos = 5
27.1155 	EXP 	main_body_questionnaire: autoDraw = True
27.1155 	EXP 	item_text: autoDraw = True
27.1155 	EXP 	slider_thinking_content: autoDraw = True
27.6723 	DATA 	Keypress: a
27.6938 	EXP 	slider_thinking_content: markerPos = 4.0
27.8953 	DATA 	Keypress: a
27.9106 	EXP 	slider_thinking_content: markerPos = 3.0
28.1340 	DATA 	Keypress: j
28.1490 	EXP 	main_body_questionnaire: autoDraw = False
28.1490 	EXP 	item_text: autoDraw = False
28.1490 	EXP 	slider_thinking_content: autoDraw = False
28.1490 	EXP 	text_refresh: autoDraw = True
28.4365 	EXP 	New trial (rep=0, index=8): <Trial 8 (8 in rep 0) data={'item': '让我感到开心', 'number': 9, 'thisN': 8, 'thisTrialN': 8, 'thisRepN': 0}>
28.4557 	INFO 	Keyboard events cleared
28.4555 	EXP 	text_refresh: autoDraw = False
28.4555 	EXP 	text_refresh: autoDraw = False
28.4555 	EXP 	item_text: height = 0.05
28.4555 	EXP 	item_text: height = 0.05
28.4555 	EXP 	item_text: height = 0.05
28.4555 	EXP 	item_text: text = '让我感到开心'
28.4555 	EXP 	slider_thinking_content: markerPos = None
28.4555 	EXP 	slider_thinking_content: markerPos = 5
28.4555 	EXP 	slider_thinking_content: markerPos = 5
28.4555 	EXP 	main_body_questionnaire: autoDraw = True
28.4555 	EXP 	item_text: autoDraw = True
28.4555 	EXP 	slider_thinking_content: autoDraw = True
28.8456 	DATA 	Keypress: s
28.8551 	EXP 	slider_thinking_content: markerPos = 6.0
29.0852 	DATA 	Keypress: s
29.0989 	EXP 	slider_thinking_content: markerPos = 7.0
29.4702 	DATA 	Keypress: j
29.4821 	EXP 	main_body_questionnaire: autoDraw = False
29.4821 	EXP 	item_text: autoDraw = False
29.4821 	EXP 	slider_thinking_content: autoDraw = False
29.4821 	EXP 	text_refresh: autoDraw = True
29.7682 	EXP 	New trial (rep=0, index=9): <Trial 9 (9 in rep 0) data={'item': '让我感到悲伤', 'number': 10, 'thisN': 9, 'thisTrialN': 9, 'thisRepN': 0}>
29.7860 	INFO 	Keyboard events cleared
29.7858 	EXP 	text_refresh: autoDraw = False
29.7858 	EXP 	text_refresh: autoDraw = False
29.7858 	EXP 	item_text: height = 0.05
29.7858 	EXP 	item_text: height = 0.05
29.7858 	EXP 	item_text: height = 0.05
29.7858 	EXP 	item_text: text = '让我感到悲伤'
29.7858 	EXP 	slider_thinking_content: markerPos = None
29.7858 	EXP 	slider_thinking_content: markerPos = 5
29.7858 	EXP 	slider_thinking_content: markerPos = 5
29.7858 	EXP 	main_body_questionnaire: autoDraw = True
29.7858 	EXP 	item_text: autoDraw = True
29.7858 	EXP 	slider_thinking_content: autoDraw = True
30.0847 	DATA 	Keypress: a
30.1046 	EXP 	slider_thinking_content: markerPos = 4.0
30.3121 	DATA 	Keypress: a
30.3271 	EXP 	slider_thinking_content: markerPos = 3.0
30.6682 	DATA 	Keypress: j
30.6768 	EXP 	main_body_questionnaire: autoDraw = False
30.6768 	EXP 	item_text: autoDraw = False
30.6768 	EXP 	slider_thinking_content: autoDraw = False
30.6768 	EXP 	text_refresh: autoDraw = True
30.9671 	INFO 	Keyboard events cleared
30.9668 	EXP 	text_refresh: autoDraw = False
30.9668 	EXP 	text_refresh: autoDraw = False
30.9668 	EXP 	goodbye_text: autoDraw = True
31.2152 	DATA 	Keypress: s
31.2197 	EXP 	goodbye_text: autoDraw = False
31.2215 	EXP 	resting_state_demo: status = STOPPED
31.2281 	INFO 	saved data to '/Users/Chenxiao/Documents/project_codes/RST_Chinese_beta/data/999_resting_state_demo_2025-06-11_17h42.53.354.csv'
31.2287 	INFO 	saved data to /Users/Chenxiao/Documents/project_codes/RST_Chinese_beta/data/999_resting_state_demo_2025-06-11_17h42.53.354.psydat
31.6057 	DEBUG 	Saving data for resting_state_demo ExperimentHandler
