10.7900 	WARNING 	Font Manager failed to load file /System/Library/PrivateFrameworks/FontServices.framework/Resources/Reserved/PingFangUI.ttc
12.8662 	DEBUG 	Fullscreen settings ignored as running in pilot mode.
12.8667 	INFO 	Loaded monitor calibration from ['2022_04_19 09:31']
12.8669 	WARNING 	This monitor has not been color-calibrated. Using default DKL conversion matrix.
12.9465 	WARNING 	This monitor has not been color-calibrated. Using default DKL conversion matrix.
12.9467 	WARNING 	This monitor has not been color-calibrated. Using default DKL conversion matrix.
12.9992 	EXP 	Created window1 = Window(allowGUI=False, allowStencil=False, autoLog=True, backendConf=UNKNOWN, backgroundFit=<method-wrapper '__getattribute__' of attributeSetter object at 0x180ae68c0>, backgroundImage=<method-wrapper '__getattribute__' of attributeSetter object at 0x180ae6920>, bitsMode=UNKNOWN, blendMode='avg', bpc=(8, 8, 8), color=array([0, 0, 0]), colorSpace='dkl', depthBits=8, fullscr=False, gamma=None, gammaErrorPolicy='raise', infoMsg=UNKNOWN, lms=UNKNOWN, monitor=<psychopy.monitors.calibTools.Monitor object at 0x18051c880>, multiSample=False, name='window1', numSamples=2, pos=[560.0, 240.0], screen=0, size=array([1600, 1200]), stencilBits=0, stereo=False, title='PsychoPy', units='cm', useFBO=True, useRetina=True, viewOri=0.0, viewPos=None, viewScale=None, waitBlanking=True, winType='pyglet')
12.9992 	EXP 	window1: backgroundImage = ''
12.9992 	EXP 	window1: backgroundFit = 'none'
13.0059 	DEBUG 	TextBox2 loaded 1 chars with 0 blanks and 1 valid
13.0063 	DEBUG 	TextBox2 loaded 1 chars with 0 blanks and 1 valid
13.0067 	DEBUG 	TextBox2 loaded 1 chars with 0 blanks and 1 valid
13.0072 	DEBUG 	TextBox2 loaded 1 chars with 0 blanks and 1 valid
13.0077 	DEBUG 	TextBox2 loaded 1 chars with 0 blanks and 1 valid
13.0079 	DEBUG 	TextBox2 loaded 1 chars with 0 blanks and 1 valid
13.0083 	DEBUG 	TextBox2 loaded 1 chars with 0 blanks and 1 valid
13.0088 	DEBUG 	TextBox2 loaded 1 chars with 0 blanks and 1 valid
13.0089 	DEBUG 	TextBox2 loaded 1 chars with 0 blanks and 1 valid
13.0090 	DEBUG 	TextBox2 loaded 1 chars with 0 blanks and 1 valid
13.0094 	DEBUG 	TextBox2 loaded 1 chars with 0 blanks and 1 valid
13.0098 	DEBUG 	TextBox2 loaded 1 chars with 0 blanks and 1 valid
13.0101 	DEBUG 	TextBox2 loaded 1 chars with 0 blanks and 1 valid
13.0105 	DEBUG 	TextBox2 loaded 1 chars with 0 blanks and 1 valid
13.0108 	DEBUG 	TextBox2 loaded 1 chars with 0 blanks and 1 valid
13.0112 	DEBUG 	TextBox2 loaded 1 chars with 0 blanks and 1 valid
13.0116 	DEBUG 	TextBox2 loaded 1 chars with 0 blanks and 1 valid
13.0118 	DEBUG 	TextBox2 loaded 1 chars with 0 blanks and 1 valid
13.0120 	DEBUG 	TextBox2 loaded 1 chars with 0 blanks and 1 valid
13.0125 	DEBUG 	TextBox2 loaded 1 chars with 0 blanks and 1 valid
13.0127 	DEBUG 	TextBox2 loaded 1 chars with 0 blanks and 1 valid
13.0129 	DEBUG 	Uploading Texture Font fontname to graphics card
13.0157 	DEBUG 	Upload of Texture Font fontname complete
13.0193 	DEBUG 	TextBox2 loaded 1 chars with 0 blanks and 1 valid
13.0199 	DEBUG 	TextBox2 loaded 1 chars with 0 blanks and 1 valid
13.0204 	DEBUG 	TextBox2 loaded 1 chars with 0 blanks and 1 valid
13.0205 	DEBUG 	Uploading Texture Font fontname to graphics card
13.0220 	DEBUG 	Upload of Texture Font fontname complete
13.0231 	EXP 	window1: Attempting to measure frame rate of screen (0) ...
13.0231 	EXP 	window1: recordFrameIntervals = False
13.1513 	EXP 	window1: recordFrameIntervals = True
13.9863 	WARNING 	Couldn't measure a consistent frame rate!
  - Is your graphics card set to sync to vertical blank?
  - Are you running other processes on your computer?

13.9926 	DEBUG 	TextBox2 loaded 1 chars with 0 blanks and 1 valid
13.9930 	DEBUG 	TextBox2 loaded 1 chars with 0 blanks and 1 valid
13.9937 	DEBUG 	TextBox2 loaded 1 chars with 0 blanks and 1 valid
13.9946 	DEBUG 	TextBox2 loaded 1 chars with 0 blanks and 1 valid
13.9955 	DEBUG 	TextBox2 loaded 1 chars with 0 blanks and 1 valid
13.9964 	DEBUG 	TextBox2 loaded 1 chars with 0 blanks and 1 valid
13.9967 	DEBUG 	TextBox2 loaded 1 chars with 0 blanks and 1 valid
13.9974 	DEBUG 	TextBox2 loaded 1 chars with 0 blanks and 1 valid
13.9982 	DEBUG 	TextBox2 loaded 1 chars with 0 blanks and 1 valid
13.9989 	DEBUG 	TextBox2 loaded 1 chars with 0 blanks and 1 valid
13.9992 	DEBUG 	Uploading Texture Font fontname to graphics card
14.0018 	DEBUG 	Upload of Texture Font fontname complete
14.0142 	WARNING 	launchHubServer: If using the iohub mouse or eyetracker devices, fullScr should be True.
16.1634 	INFO 	keyboard.Keyboard is using iohub backend.
16.1634 	INFO 	keyboard.Keyboard is using iohub backend.
16.1634 	INFO 	keyboard.Keyboard is using iohub backend.
16.1635 	INFO 	keyboard.Keyboard is using iohub backend.
16.1635 	INFO 	keyboard.Keyboard is using iohub backend.
16.1635 	EXP 	resting_state_demo: status = STARTED
16.2000 	EXP 	Created text_welcome = TextStim(__class__=<class 'psychopy.visual.text.TextStim'>, alignHoriz=method-wrapper(...), alignText='center', alignVert=method-wrapper(...), anchorHoriz='center', anchorVert='center', antialias=True, autoDraw=False, autoLog=True, bold=False, color=array([1., 1., 1.]), colorSpace='rgb', contrast=1.0, depth=0.0, draggable=False, flipHoriz=False, flipVert=False, font='Heiti SC', fontFiles=[], height=0.05, italic=False, languageStyle='LTR', name='text_welcome', opacity=1, ori=0.0, pos=array([0., 0.]), rgb=UNKNOWN, text=str(...), units='cm', win=Window(...), wrapWidth=1000.0)
16.2019 	EXP 	Created text_refresh = TextStim(__class__=<class 'psychopy.visual.text.TextStim'>, alignHoriz=method-wrapper(...), alignText='center', alignVert=method-wrapper(...), anchorHoriz='center', anchorVert='center', antialias=True, autoDraw=False, autoLog=True, bold=False, color=array([1., 1., 1.]), colorSpace='rgb', contrast=1.0, depth=0.0, draggable=False, flipHoriz=False, flipVert=False, font='Arial', fontFiles=[], height=0.05, italic=False, languageStyle='LTR', name='text_refresh', opacity=1, ori=0.0, pos=array([0., 0.]), rgb=UNKNOWN, text='', units='cm', win=Window(...), wrapWidth=15.0)
16.2080 	EXP 	Created rate_emotion_prompt = TextStim(__class__=<class 'psychopy.visual.text.TextStim'>, alignHoriz=method-wrapper(...), alignText='center', alignVert=method-wrapper(...), anchorHoriz='center', anchorVert='center', antialias=True, autoDraw=False, autoLog=True, bold=False, color=array([1., 1., 1.]), colorSpace='rgb', contrast=1.0, depth=0.0, draggable=False, flipHoriz=False, flipVert=False, font='Arial', fontFiles=[], height=0.05, italic=False, languageStyle='LTR', name='rate_emotion_prompt', opacity=1, ori=0.0, pos=array([0. , 0.2]), rgb=UNKNOWN, text=str(...), units='cm', win=Window(...), wrapWidth=15.0)
16.2220 	DEBUG 	TextBox2 loaded 1 chars with 0 blanks and 1 valid
16.2222 	DEBUG 	TextBox2 loaded 1 chars with 0 blanks and 1 valid
16.2224 	DEBUG 	TextBox2 loaded 1 chars with 0 blanks and 1 valid
16.2226 	DEBUG 	TextBox2 loaded 1 chars with 0 blanks and 1 valid
16.2228 	DEBUG 	TextBox2 loaded 1 chars with 0 blanks and 1 valid
16.2230 	DEBUG 	TextBox2 loaded 1 chars with 0 blanks and 1 valid
16.2232 	DEBUG 	TextBox2 loaded 1 chars with 0 blanks and 1 valid
16.2234 	DEBUG 	TextBox2 loaded 1 chars with 0 blanks and 1 valid
16.2236 	DEBUG 	TextBox2 loaded 1 chars with 0 blanks and 1 valid
16.2238 	DEBUG 	TextBox2 loaded 1 chars with 0 blanks and 1 valid
16.2240 	DEBUG 	TextBox2 loaded 1 chars with 0 blanks and 1 valid
16.2242 	DEBUG 	TextBox2 loaded 1 chars with 0 blanks and 1 valid
16.2244 	DEBUG 	Uploading Texture Font fontname to graphics card
16.2266 	DEBUG 	Upload of Texture Font fontname complete
16.2293 	DEBUG 	TextBox2 loaded 1 chars with 0 blanks and 1 valid
16.2296 	DEBUG 	TextBox2 loaded 1 chars with 0 blanks and 1 valid
16.2297 	DEBUG 	Uploading Texture Font fontname to graphics card
16.2312 	DEBUG 	Upload of Texture Font fontname complete
16.2481 	DEBUG 	TextBox2 loaded 1 chars with 0 blanks and 1 valid
16.2484 	DEBUG 	TextBox2 loaded 1 chars with 0 blanks and 1 valid
16.2485 	DEBUG 	Uploading Texture Font fontname to graphics card
16.2500 	DEBUG 	Upload of Texture Font fontname complete
16.2907 	EXP 	Created slider_emotion = Slider(__class__=<class 'psychopy.visual.slider.Slider'>, autoDraw=False, autoLog=True, borderColor=None, color=None, colorSpace='rgb', depth=-1, fillColor=None, flip=False, font='Arial', granularity=1.0, labelColor=None, labelHeight=0.035, labelWrapWidth=None, labels=list(...), lineColor=None, markerColor=None, name='slider_emotion', opacity=None, ori=0.0, pos=array([ 0. , -0.1]), readOnly=False, self=UNKNOWN, size=array([1. , 0.1]), startValue=5, style='rating', styleTweaks=[], ticks=array([1, 2, 3, 4, 5, 6, 7, 8, 9]), units='cm', win=Window(...))
16.2913 	EXP 	Created text_refresh = TextStim(__class__=<class 'psychopy.visual.text.TextStim'>, alignHoriz=method-wrapper(...), alignText='center', alignVert=method-wrapper(...), anchorHoriz='center', anchorVert='center', antialias=True, autoDraw=False, autoLog=True, bold=False, color=array([1., 1., 1.]), colorSpace='rgb', contrast=1.0, depth=0.0, draggable=False, flipHoriz=False, flipVert=False, font='Arial', fontFiles=[], height=0.05, italic=False, languageStyle='LTR', name='text_refresh', opacity=1, ori=0.0, pos=array([0., 0.]), rgb=UNKNOWN, text='', units='cm', win=Window(...), wrapWidth=15.0)
16.2932 	EXP 	Created wait4trigger_text = TextStim(__class__=<class 'psychopy.visual.text.TextStim'>, alignHoriz=method-wrapper(...), alignText='center', alignVert=method-wrapper(...), anchorHoriz='center', anchorVert='center', antialias=True, autoDraw=False, autoLog=True, bold=False, color=array([1., 1., 1.]), colorSpace='rgb', contrast=1.0, depth=0.0, draggable=False, flipHoriz=False, flipVert=False, font='Arial', fontFiles=[], height=0.05, italic=False, languageStyle='LTR', name='wait4trigger_text', opacity=1, ori=0.0, pos=array([0., 0.]), rgb=UNKNOWN, text='Please wait for the scan to start.', units='cm', win=Window(...), wrapWidth=15.0)
16.2946 	EXP 	Created fake_stimulus_text = TextStim(__class__=<class 'psychopy.visual.text.TextStim'>, alignHoriz=method-wrapper(...), alignText='center', alignVert=method-wrapper(...), anchorHoriz='center', anchorVert='center', antialias=True, autoDraw=False, autoLog=True, bold=False, color=array([1., 1., 1.]), colorSpace='rgb', contrast=1.0, depth=0.0, draggable=False, flipHoriz=False, flipVert=False, font='Arial', fontFiles=[], height=0.05, italic=False, languageStyle='LTR', name='fake_stimulus_text', opacity=1, ori=0.0, pos=array([0., 0.]), rgb=UNKNOWN, text='Please wait for the scan to start.', units='cm', win=Window(...), wrapWidth=15.0)
16.2963 	EXP 	Created fixation = TextStim(__class__=<class 'psychopy.visual.text.TextStim'>, alignHoriz=method-wrapper(...), alignText='center', alignVert=method-wrapper(...), anchorHoriz='center', anchorVert='center', antialias=True, autoDraw=False, autoLog=True, bold=False, color=array([1., 1., 1.]), colorSpace='rgb', contrast=1.0, depth=0.0, draggable=False, flipHoriz=False, flipVert=False, font='Arial', fontFiles=[], height=0.4, italic=False, languageStyle='LTR', name='fixation', opacity=1, ori=0.0, pos=array([0., 0.]), rgb=UNKNOWN, text='+', units='cm', win=Window(...), wrapWidth=15.0)
16.2969 	EXP 	Created text_refresh = TextStim(__class__=<class 'psychopy.visual.text.TextStim'>, alignHoriz=method-wrapper(...), alignText='center', alignVert=method-wrapper(...), anchorHoriz='center', anchorVert='center', antialias=True, autoDraw=False, autoLog=True, bold=False, color=array([1., 1., 1.]), colorSpace='rgb', contrast=1.0, depth=0.0, draggable=False, flipHoriz=False, flipVert=False, font='Arial', fontFiles=[], height=0.05, italic=False, languageStyle='LTR', name='text_refresh', opacity=1, ori=0.0, pos=array([0., 0.]), rgb=UNKNOWN, text='', units='cm', win=Window(...), wrapWidth=15.0)
16.2998 	EXP 	Created rate_emotion_prompt = TextStim(__class__=<class 'psychopy.visual.text.TextStim'>, alignHoriz=method-wrapper(...), alignText='center', alignVert=method-wrapper(...), anchorHoriz='center', anchorVert='center', antialias=True, autoDraw=False, autoLog=True, bold=False, color=array([1., 1., 1.]), colorSpace='rgb', contrast=1.0, depth=0.0, draggable=False, flipHoriz=False, flipVert=False, font='Arial', fontFiles=[], height=0.05, italic=False, languageStyle='LTR', name='rate_emotion_prompt', opacity=1, ori=0.0, pos=array([0. , 0.2]), rgb=UNKNOWN, text=str(...), units='cm', win=Window(...), wrapWidth=15.0)
16.3612 	EXP 	Created slider_emotion = Slider(__class__=<class 'psychopy.visual.slider.Slider'>, autoDraw=False, autoLog=True, borderColor=None, color=None, colorSpace='rgb', depth=-1, fillColor=None, flip=False, font='Arial', granularity=1.0, labelColor=None, labelHeight=0.035, labelWrapWidth=None, labels=list(...), lineColor=None, markerColor=None, name='slider_emotion', opacity=None, ori=0.0, pos=array([ 0. , -0.1]), readOnly=False, self=UNKNOWN, size=array([1. , 0.1]), startValue=5, style='rating', styleTweaks=[], ticks=array([1, 2, 3, 4, 5, 6, 7, 8, 9]), units='cm', win=Window(...))
16.3618 	EXP 	Created text_refresh = TextStim(__class__=<class 'psychopy.visual.text.TextStim'>, alignHoriz=method-wrapper(...), alignText='center', alignVert=method-wrapper(...), anchorHoriz='center', anchorVert='center', antialias=True, autoDraw=False, autoLog=True, bold=False, color=array([1., 1., 1.]), colorSpace='rgb', contrast=1.0, depth=0.0, draggable=False, flipHoriz=False, flipVert=False, font='Arial', fontFiles=[], height=0.05, italic=False, languageStyle='LTR', name='text_refresh', opacity=1, ori=0.0, pos=array([0., 0.]), rgb=UNKNOWN, text='', units='cm', win=Window(...), wrapWidth=15.0)
16.3643 	EXP 	Created main_body_questionnaire = TextStim(__class__=<class 'psychopy.visual.text.TextStim'>, alignHoriz=method-wrapper(...), alignText='center', alignVert=method-wrapper(...), anchorHoriz='center', anchorVert='center', antialias=True, autoDraw=False, autoLog=True, bold=False, color=array([1., 1., 1.]), colorSpace='rgb', contrast=1.0, depth=0.0, draggable=False, flipHoriz=False, flipVert=False, font='Arial', fontFiles=[], height=0.05, italic=False, languageStyle='LTR', name='main_body_questionnaire', opacity=1, ori=0.0, pos=array([0. , 0.3]), rgb=UNKNOWN, text='During the MRI my thoughts:', units='cm', win=Window(...), wrapWidth=15.0)
16.3646 	EXP 	Created item_text = TextStim(__class__=<class 'psychopy.visual.text.TextStim'>, alignHoriz=method-wrapper(...), alignText='center', alignVert=method-wrapper(...), anchorHoriz='center', anchorVert='center', antialias=True, autoDraw=False, autoLog=True, bold=False, color=array([1., 1., 1.]), colorSpace='rgb', contrast=1.0, depth=-1.0, draggable=False, flipHoriz=False, flipVert=False, font='Arial', fontFiles=[], height=0.05, italic=False, languageStyle='LTR', name='item_text', opacity=1, ori=0.0, pos=array([0. , 0.1]), rgb=UNKNOWN, text='', units='cm', win=Window(...), wrapWidth=15.0)
16.3890 	DEBUG 	TextBox2 loaded 1 chars with 0 blanks and 1 valid
16.3893 	DEBUG 	TextBox2 loaded 1 chars with 0 blanks and 1 valid
16.3895 	DEBUG 	TextBox2 loaded 1 chars with 0 blanks and 1 valid
16.3897 	DEBUG 	TextBox2 loaded 1 chars with 0 blanks and 1 valid
16.3898 	DEBUG 	Uploading Texture Font fontname to graphics card
16.3915 	DEBUG 	Upload of Texture Font fontname complete
16.4110 	DEBUG 	TextBox2 loaded 1 chars with 0 blanks and 1 valid
16.4111 	DEBUG 	Uploading Texture Font fontname to graphics card
16.4126 	DEBUG 	Upload of Texture Font fontname complete
16.4318 	EXP 	Created slider_thinking_content = Slider(__class__=<class 'psychopy.visual.slider.Slider'>, autoDraw=False, autoLog=True, borderColor=None, color=None, colorSpace='rgb', depth=-2, fillColor=None, flip=False, font='Arial', granularity=1.0, labelColor=None, labelHeight=0.035, labelWrapWidth=None, labels=list(...), lineColor=None, markerColor=None, name='slider_thinking_content', opacity=None, ori=0.0, pos=array([ 0. , -0.1]), readOnly=False, self=UNKNOWN, size=array([1. , 0.1]), startValue=5, style='rating', styleTweaks=[], ticks=array([1, 2, 3, 4, 5, 6, 7, 8, 9]), units='cm', win=Window(...))
16.4324 	EXP 	Created text_refresh = TextStim(__class__=<class 'psychopy.visual.text.TextStim'>, alignHoriz=method-wrapper(...), alignText='center', alignVert=method-wrapper(...), anchorHoriz='center', anchorVert='center', antialias=True, autoDraw=False, autoLog=True, bold=False, color=array([1., 1., 1.]), colorSpace='rgb', contrast=1.0, depth=0.0, draggable=False, flipHoriz=False, flipVert=False, font='Arial', fontFiles=[], height=0.05, italic=False, languageStyle='LTR', name='text_refresh', opacity=1, ori=0.0, pos=array([0., 0.]), rgb=UNKNOWN, text='', units='cm', win=Window(...), wrapWidth=15.0)
16.4363 	EXP 	Created goodbye_text = TextStim(__class__=<class 'psychopy.visual.text.TextStim'>, alignHoriz=method-wrapper(...), alignText='center', alignVert=method-wrapper(...), anchorHoriz='center', anchorVert='center', antialias=True, autoDraw=False, autoLog=True, bold=False, color=array([1., 1., 1.]), colorSpace='rgb', contrast=1.0, depth=0.0, draggable=False, flipHoriz=False, flipVert=False, font='Arial', fontFiles=[], height=0.05, italic=False, languageStyle='LTR', name='goodbye_text', opacity=1, ori=0.0, pos=array([0., 0.]), rgb=UNKNOWN, text=str(...), units='cm', win=Window(...), wrapWidth=15.0)
0.0059 	EXP 	slider_emotion: autoLog = True
0.0059 	EXP 	slider_emotion: styleTweaks = []
0.0059 	EXP 	slider_emotion: styleTweaks = []
0.0059 	EXP 	slider_emotion: styleTweaks = []
0.0059 	EXP 	slider_emotion: styleTweaks = []
0.0059 	EXP 	slider_emotion: contrast = 1.0
0.0059 	EXP 	slider_emotion: markerPos = 5
0.0059 	EXP 	slider_emotion: autoLog = True
0.0059 	EXP 	slider_emotion: autoLog = True
0.0059 	EXP 	slider_emotion: styleTweaks = []
0.0059 	EXP 	slider_emotion: styleTweaks = []
0.0059 	EXP 	slider_emotion: styleTweaks = []
0.0059 	EXP 	slider_emotion: styleTweaks = []
0.0059 	EXP 	slider_emotion: contrast = 1.0
0.0059 	EXP 	slider_emotion: markerPos = 5
0.0059 	EXP 	slider_emotion: autoLog = True
0.0059 	EXP 	slider_thinking_content: autoLog = True
0.0059 	EXP 	slider_thinking_content: styleTweaks = []
0.0059 	EXP 	slider_thinking_content: styleTweaks = []
0.0059 	EXP 	slider_thinking_content: styleTweaks = []
0.0059 	EXP 	slider_thinking_content: styleTweaks = []
0.0059 	EXP 	slider_thinking_content: contrast = 1.0
0.0059 	EXP 	slider_thinking_content: markerPos = 5
0.0059 	EXP 	slider_thinking_content: autoLog = True
0.0152 	INFO 	Keyboard events cleared
0.0150 	EXP 	text_welcome: autoDraw = True
2.2239 	EXP 	resting_state_demo: status = STOPPED
2.2266 	WARNING 	t of last frame was 24.31ms (=1/41)
2.2266 	EXP 	text_welcome: autoDraw = False
2.2281 	EXP 	resting_state_demo: status = STOPPED
2.2305 	INFO 	saved data to '/Users/Chenxiao/Documents/project_codes/RST_Chinese_beta/data/999_resting_state_demo_2025-06-10_17h04.01.222.csv'
2.2308 	INFO 	saved data to /Users/Chenxiao/Documents/project_codes/RST_Chinese_beta/data/999_resting_state_demo_2025-06-10_17h04.01.222.psydat
2.2496 	DATA 	Keypress: escape
2.2524 	WARNING 	t of last frame was 25.78ms (=1/38)
2.7136 	DEBUG 	Saving data for resting_state_demo ExperimentHandler
