10.4657 	WARNING 	Font Manager failed to load file /System/Library/PrivateFrameworks/FontServices.framework/Resources/Reserved/PingFangUI.ttc
14.0756 	DEBUG 	Fullscreen settings ignored as running in pilot mode.
14.0766 	INFO 	Loaded monitor calibration from ['2022_04_19 09:31']
14.0770 	WARNING 	This monitor has not been color-calibrated. Using default DKL conversion matrix.
14.1674 	WARNING 	This monitor has not been color-calibrated. Using default DKL conversion matrix.
14.1675 	WARNING 	This monitor has not been color-calibrated. Using default DKL conversion matrix.
14.2201 	EXP 	Created window1 = Window(allowGUI=False, allowStencil=False, autoLog=True, backendConf=UNKNOWN, backgroundFit=<method-wrapper '__getattribute__' of attributeSetter object at 0x1805ab100>, backgroundImage=<method-wrapper '__getattribute__' of attributeSetter object at 0x1805ab160>, bitsMode=UNKNOWN, blendMode='avg', bpc=(8, 8, 8), color=array([0, 0, 0]), colorSpace='dkl', depthBits=8, fullscr=False, gamma=None, gammaErrorPolicy='raise', infoMsg=UNKNOWN, lms=UNKNOWN, monitor=<psychopy.monitors.calibTools.Monitor object at 0x180637f40>, multiSample=False, name='window1', numSamples=2, pos=[560.0, 240.0], screen=0, size=array([1600, 1200]), stencilBits=0, stereo=False, title='PsychoPy', units='height', useFBO=True, useRetina=True, viewOri=0.0, viewPos=None, viewScale=None, waitBlanking=True, winType='pyglet')
14.2201 	EXP 	window1: backgroundImage = ''
14.2201 	EXP 	window1: backgroundFit = 'none'
14.2273 	DEBUG 	TextBox2 loaded 1 chars with 0 blanks and 1 valid
14.2277 	DEBUG 	TextBox2 loaded 1 chars with 0 blanks and 1 valid
14.2281 	DEBUG 	TextBox2 loaded 1 chars with 0 blanks and 1 valid
14.2287 	DEBUG 	TextBox2 loaded 1 chars with 0 blanks and 1 valid
14.2292 	DEBUG 	TextBox2 loaded 1 chars with 0 blanks and 1 valid
14.2294 	DEBUG 	TextBox2 loaded 1 chars with 0 blanks and 1 valid
14.2298 	DEBUG 	TextBox2 loaded 1 chars with 0 blanks and 1 valid
14.2303 	DEBUG 	TextBox2 loaded 1 chars with 0 blanks and 1 valid
14.2305 	DEBUG 	TextBox2 loaded 1 chars with 0 blanks and 1 valid
14.2306 	DEBUG 	TextBox2 loaded 1 chars with 0 blanks and 1 valid
14.2310 	DEBUG 	TextBox2 loaded 1 chars with 0 blanks and 1 valid
14.2314 	DEBUG 	TextBox2 loaded 1 chars with 0 blanks and 1 valid
14.2317 	DEBUG 	TextBox2 loaded 1 chars with 0 blanks and 1 valid
14.2321 	DEBUG 	TextBox2 loaded 1 chars with 0 blanks and 1 valid
14.2324 	DEBUG 	TextBox2 loaded 1 chars with 0 blanks and 1 valid
14.2328 	DEBUG 	TextBox2 loaded 1 chars with 0 blanks and 1 valid
14.2332 	DEBUG 	TextBox2 loaded 1 chars with 0 blanks and 1 valid
14.2334 	DEBUG 	TextBox2 loaded 1 chars with 0 blanks and 1 valid
14.2336 	DEBUG 	TextBox2 loaded 1 chars with 0 blanks and 1 valid
14.2341 	DEBUG 	TextBox2 loaded 1 chars with 0 blanks and 1 valid
14.2343 	DEBUG 	TextBox2 loaded 1 chars with 0 blanks and 1 valid
14.2345 	DEBUG 	Uploading Texture Font fontname to graphics card
14.2375 	DEBUG 	Upload of Texture Font fontname complete
14.2413 	DEBUG 	TextBox2 loaded 1 chars with 0 blanks and 1 valid
14.2420 	DEBUG 	TextBox2 loaded 1 chars with 0 blanks and 1 valid
14.2426 	DEBUG 	TextBox2 loaded 1 chars with 0 blanks and 1 valid
14.2427 	DEBUG 	Uploading Texture Font fontname to graphics card
14.2443 	DEBUG 	Upload of Texture Font fontname complete
14.2454 	EXP 	window1: Attempting to measure frame rate of screen (0) ...
14.2454 	EXP 	window1: recordFrameIntervals = False
14.3634 	EXP 	window1: recordFrameIntervals = True
15.2119 	WARNING 	Couldn't measure a consistent frame rate!
  - Is your graphics card set to sync to vertical blank?
  - Are you running other processes on your computer?

15.2193 	DEBUG 	TextBox2 loaded 1 chars with 0 blanks and 1 valid
15.2198 	DEBUG 	TextBox2 loaded 1 chars with 0 blanks and 1 valid
15.2206 	DEBUG 	TextBox2 loaded 1 chars with 0 blanks and 1 valid
15.2216 	DEBUG 	TextBox2 loaded 1 chars with 0 blanks and 1 valid
15.2226 	DEBUG 	TextBox2 loaded 1 chars with 0 blanks and 1 valid
15.2235 	DEBUG 	TextBox2 loaded 1 chars with 0 blanks and 1 valid
15.2239 	DEBUG 	TextBox2 loaded 1 chars with 0 blanks and 1 valid
15.2247 	DEBUG 	TextBox2 loaded 1 chars with 0 blanks and 1 valid
15.2256 	DEBUG 	TextBox2 loaded 1 chars with 0 blanks and 1 valid
15.2263 	DEBUG 	TextBox2 loaded 1 chars with 0 blanks and 1 valid
15.2266 	DEBUG 	Uploading Texture Font fontname to graphics card
15.2294 	DEBUG 	Upload of Texture Font fontname complete
15.2448 	WARNING 	launchHubServer: If using the iohub mouse or eyetracker devices, fullScr should be True.
17.6740 	INFO 	keyboard.Keyboard is using iohub backend.
17.6740 	INFO 	keyboard.Keyboard is using iohub backend.
17.6741 	INFO 	keyboard.Keyboard is using iohub backend.
17.6741 	INFO 	keyboard.Keyboard is using iohub backend.
17.6741 	INFO 	keyboard.Keyboard is using iohub backend.
17.6741 	EXP 	rumination_demo: status = STARTED
17.7446 	EXP 	Created image_rum_instruct = ImageStim(__class__=<class 'psychopy.visual.image.ImageStim'>, anchor=('center', 'center'), autoLog=True, color=array([1., 1., 1.]), colorSpace='rgb', contrast=1.0, depth=0.0, draggable=False, flipHoriz=False, flipVert=False, image='stimuli/rum_instruct.png', interpolate=True, mask=None, maskParams=None, name='image_rum_instruct', opacity=1, ori=0.0, pos=array([0., 0.]), size=array([1.1  , 0.825]), texRes=128.0, units='height', win=Window(...))
17.7590 	EXP 	Created text_refresh = TextStim(__class__=<class 'psychopy.visual.text.TextStim'>, alignHoriz=method-wrapper(...), alignText='center', alignVert=method-wrapper(...), anchorHoriz='center', anchorVert='center', antialias=True, autoDraw=False, autoLog=True, bold=False, color=array([1., 1., 1.]), colorSpace='rgb', contrast=1.0, depth=0.0, draggable=False, flipHoriz=False, flipVert=False, font='Arial', fontFiles=[], height=0.05, italic=False, languageStyle='LTR', name='text_refresh', opacity=1, ori=0.0, pos=array([0., 0.]), rgb=UNKNOWN, text='', units='height', win=Window(...), wrapWidth=1)
17.7727 	EXP 	Created wait4trigger_text = TextStim(__class__=<class 'psychopy.visual.text.TextStim'>, alignHoriz=method-wrapper(...), alignText='center', alignVert=method-wrapper(...), anchorHoriz='center', anchorVert='center', antialias=True, autoDraw=False, autoLog=True, bold=False, color=array([1., 1., 1.]), colorSpace='rgb', contrast=1.0, depth=0.0, draggable=False, flipHoriz=False, flipVert=False, font='Noto Sans SC', fontFiles=[], height=0.05, italic=False, languageStyle='LTR', name='wait4trigger_text', opacity=1, ori=0.0, pos=array([0., 0.]), rgb=UNKNOWN, text='即将开始，请等待。', units='height', win=Window(...), wrapWidth=1)
17.7737 	EXP 	Created fake_stimulus_text = TextStim(__class__=<class 'psychopy.visual.text.TextStim'>, alignHoriz=method-wrapper(...), alignText='center', alignVert=method-wrapper(...), anchorHoriz='center', anchorVert='center', antialias=True, autoDraw=False, autoLog=True, bold=False, color=array([1., 1., 1.]), colorSpace='rgb', contrast=1.0, depth=0.0, draggable=False, flipHoriz=False, flipVert=False, font='Noto Sans SC', fontFiles=[], height=0.05, italic=False, languageStyle='LTR', name='fake_stimulus_text', opacity=1, ori=0.0, pos=array([0., 0.]), rgb=UNKNOWN, text='即将开始，请等待。', units='height', win=Window(...), wrapWidth=1)
17.7885 	DEBUG 	Saving data for rumination_demo ExperimentHandler
17.7888 	INFO 	saved data to /Users/Chenxiao/Documents/project_codes/RST_Chinese_beta/data/999_rumination_demo_2025-06-16_15h40.55.786.psydat
17.7889 	INFO 	saved data to '/Users/Chenxiao/Documents/project_codes/RST_Chinese_beta/data/999_rumination_demo_2025-06-16_15h40.55.786.csv'
