10.7261 	WARNING 	Font Manager failed to load file /System/Library/PrivateFrameworks/FontServices.framework/Resources/Reserved/PingFangUI.ttc
13.2090 	DEBUG 	Fullscreen settings ignored as running in pilot mode.
13.2100 	INFO 	Loaded monitor calibration from ['2022_04_19 09:31']
13.2104 	WARNING 	This monitor has not been color-calibrated. Using default DKL conversion matrix.
13.2960 	WARNING 	This monitor has not been color-calibrated. Using default DKL conversion matrix.
13.2961 	WARNING 	This monitor has not been color-calibrated. Using default DKL conversion matrix.
13.3518 	EXP 	Created window1 = Window(allowGUI=False, allowStencil=False, autoLog=True, backendConf=UNKNOWN, backgroundFit=<method-wrapper '__getattribute__' of attributeSetter object at 0x1806c5cf0>, backgroundImage=<method-wrapper '__getattribute__' of attributeSetter object at 0x1806c5c90>, bitsMode=UNKNOWN, blendMode='avg', bpc=(8, 8, 8), color=array([0, 0, 0]), colorSpace='dkl', depthBits=8, fullscr=False, gamma=None, gammaErrorPolicy='raise', infoMsg=UNKNOWN, lms=UNKNOWN, monitor=<psychopy.monitors.calibTools.Monitor object at 0x180225870>, multiSample=False, name='window1', numSamples=2, pos=[560.0, 240.0], screen=0, size=array([1600, 1200]), stencilBits=0, stereo=False, title='PsychoPy', units='height', useFBO=True, useRetina=True, viewOri=0.0, viewPos=None, viewScale=None, waitBlanking=True, winType='pyglet')
13.3518 	EXP 	window1: backgroundImage = ''
13.3518 	EXP 	window1: backgroundFit = 'none'
13.3597 	DEBUG 	TextBox2 loaded 1 chars with 0 blanks and 1 valid
13.3602 	DEBUG 	TextBox2 loaded 1 chars with 0 blanks and 1 valid
13.3607 	DEBUG 	TextBox2 loaded 1 chars with 0 blanks and 1 valid
13.3611 	DEBUG 	TextBox2 loaded 1 chars with 0 blanks and 1 valid
13.3617 	DEBUG 	TextBox2 loaded 1 chars with 0 blanks and 1 valid
13.3619 	DEBUG 	TextBox2 loaded 1 chars with 0 blanks and 1 valid
13.3622 	DEBUG 	TextBox2 loaded 1 chars with 0 blanks and 1 valid
13.3628 	DEBUG 	TextBox2 loaded 1 chars with 0 blanks and 1 valid
13.3629 	DEBUG 	TextBox2 loaded 1 chars with 0 blanks and 1 valid
13.3631 	DEBUG 	TextBox2 loaded 1 chars with 0 blanks and 1 valid
13.3635 	DEBUG 	TextBox2 loaded 1 chars with 0 blanks and 1 valid
13.3639 	DEBUG 	TextBox2 loaded 1 chars with 0 blanks and 1 valid
13.3642 	DEBUG 	TextBox2 loaded 1 chars with 0 blanks and 1 valid
13.3646 	DEBUG 	TextBox2 loaded 1 chars with 0 blanks and 1 valid
13.3650 	DEBUG 	TextBox2 loaded 1 chars with 0 blanks and 1 valid
13.3654 	DEBUG 	TextBox2 loaded 1 chars with 0 blanks and 1 valid
13.3658 	DEBUG 	TextBox2 loaded 1 chars with 0 blanks and 1 valid
13.3660 	DEBUG 	TextBox2 loaded 1 chars with 0 blanks and 1 valid
13.3662 	DEBUG 	TextBox2 loaded 1 chars with 0 blanks and 1 valid
13.3668 	DEBUG 	TextBox2 loaded 1 chars with 0 blanks and 1 valid
13.3670 	DEBUG 	TextBox2 loaded 1 chars with 0 blanks and 1 valid
13.3671 	DEBUG 	Uploading Texture Font fontname to graphics card
13.3703 	DEBUG 	Upload of Texture Font fontname complete
13.3743 	DEBUG 	TextBox2 loaded 1 chars with 0 blanks and 1 valid
13.3749 	DEBUG 	TextBox2 loaded 1 chars with 0 blanks and 1 valid
13.3754 	DEBUG 	TextBox2 loaded 1 chars with 0 blanks and 1 valid
13.3756 	DEBUG 	Uploading Texture Font fontname to graphics card
13.3772 	DEBUG 	Upload of Texture Font fontname complete
13.3783 	EXP 	window1: Attempting to measure frame rate of screen (0) ...
13.3784 	EXP 	window1: recordFrameIntervals = False
13.5025 	EXP 	window1: recordFrameIntervals = True
14.3418 	WARNING 	Couldn't measure a consistent frame rate!
  - Is your graphics card set to sync to vertical blank?
  - Are you running other processes on your computer?

14.3477 	DEBUG 	TextBox2 loaded 1 chars with 0 blanks and 1 valid
14.3481 	DEBUG 	TextBox2 loaded 1 chars with 0 blanks and 1 valid
14.3488 	DEBUG 	TextBox2 loaded 1 chars with 0 blanks and 1 valid
14.3497 	DEBUG 	TextBox2 loaded 1 chars with 0 blanks and 1 valid
14.3506 	DEBUG 	TextBox2 loaded 1 chars with 0 blanks and 1 valid
14.3514 	DEBUG 	TextBox2 loaded 1 chars with 0 blanks and 1 valid
14.3518 	DEBUG 	TextBox2 loaded 1 chars with 0 blanks and 1 valid
14.3524 	DEBUG 	TextBox2 loaded 1 chars with 0 blanks and 1 valid
14.3532 	DEBUG 	TextBox2 loaded 1 chars with 0 blanks and 1 valid
14.3540 	DEBUG 	TextBox2 loaded 1 chars with 0 blanks and 1 valid
14.3542 	DEBUG 	Uploading Texture Font fontname to graphics card
14.3568 	DEBUG 	Upload of Texture Font fontname complete
14.3696 	WARNING 	launchHubServer: If using the iohub mouse or eyetracker devices, fullScr should be True.
16.5319 	INFO 	keyboard.Keyboard is using iohub backend.
16.5319 	INFO 	keyboard.Keyboard is using iohub backend.
16.5319 	INFO 	keyboard.Keyboard is using iohub backend.
16.5320 	INFO 	keyboard.Keyboard is using iohub backend.
16.5320 	INFO 	keyboard.Keyboard is using iohub backend.
16.5320 	INFO 	keyboard.Keyboard is using iohub backend.
16.5320 	INFO 	keyboard.Keyboard is using iohub backend.
16.5320 	INFO 	keyboard.Keyboard is using iohub backend.
16.5320 	INFO 	keyboard.Keyboard is using iohub backend.
16.5320 	EXP 	resting_state: status = STARTED
16.5987 	EXP 	Created image_welcome = ImageStim(__class__=<class 'psychopy.visual.image.ImageStim'>, anchor=('center', 'center'), autoLog=True, color=array([1., 1., 1.]), colorSpace='rgb', contrast=1.0, depth=0.0, draggable=False, flipHoriz=False, flipVert=False, image='stimuli/welcome.png', interpolate=True, mask=None, maskParams=None, name='image_welcome', opacity=1, ori=0.0, pos=array([0., 0.]), size=array([1.1  , 0.825]), texRes=128.0, units='height', win=Window(...))
16.6108 	EXP 	Created text_refresh = TextStim(__class__=<class 'psychopy.visual.text.TextStim'>, alignHoriz=method-wrapper(...), alignText='center', alignVert=method-wrapper(...), anchorHoriz='center', anchorVert='center', antialias=True, autoDraw=False, autoLog=True, bold=False, color=array([1., 1., 1.]), colorSpace='rgb', contrast=1.0, depth=0.0, draggable=False, flipHoriz=False, flipVert=False, font='Arial', fontFiles=[], height=0.05, italic=False, languageStyle='LTR', name='text_refresh', opacity=1, ori=0.0, pos=array([0., 0.]), rgb=UNKNOWN, text='', units='height', win=Window(...), wrapWidth=1)
16.6261 	EXP 	Created rate_emotion_prompt = TextStim(__class__=<class 'psychopy.visual.text.TextStim'>, alignHoriz=method-wrapper(...), alignText='center', alignVert=method-wrapper(...), anchorHoriz='center', anchorVert='center', antialias=True, autoDraw=False, autoLog=True, bold=False, color=array([1., 1., 1.]), colorSpace='rgb', contrast=1.0, depth=0.0, draggable=False, flipHoriz=False, flipVert=False, font='Noto Sans SC', fontFiles=[], height=0.05, italic=False, languageStyle='LTR', name='rate_emotion_prompt', opacity=1, ori=0.0, pos=array([0. , 0.2]), rgb=UNKNOWN, text='请使用数字描述您目前的情绪状态：', units='height', win=Window(...), wrapWidth=1)
16.6408 	DEBUG 	TextBox2 loaded 1 chars with 0 blanks and 1 valid
16.6418 	DEBUG 	TextBox2 loaded 1 chars with 0 blanks and 1 valid
16.6428 	DEBUG 	TextBox2 loaded 1 chars with 0 blanks and 1 valid
16.6433 	DEBUG 	TextBox2 loaded 1 chars with 0 blanks and 1 valid
16.6444 	DEBUG 	TextBox2 loaded 1 chars with 0 blanks and 1 valid
16.6454 	DEBUG 	TextBox2 loaded 1 chars with 0 blanks and 1 valid
16.6456 	DEBUG 	Uploading Texture Font fontname to graphics card
16.6478 	DEBUG 	Upload of Texture Font fontname complete
16.6509 	DEBUG 	TextBox2 loaded 1 chars with 0 blanks and 1 valid
16.6516 	DEBUG 	TextBox2 loaded 1 chars with 0 blanks and 1 valid
16.6523 	DEBUG 	TextBox2 loaded 1 chars with 0 blanks and 1 valid
16.6528 	DEBUG 	TextBox2 loaded 1 chars with 0 blanks and 1 valid
16.6532 	DEBUG 	TextBox2 loaded 1 chars with 0 blanks and 1 valid
16.6536 	DEBUG 	TextBox2 loaded 1 chars with 0 blanks and 1 valid
16.6543 	DEBUG 	TextBox2 loaded 1 chars with 0 blanks and 1 valid
16.6548 	DEBUG 	TextBox2 loaded 1 chars with 0 blanks and 1 valid
16.6552 	DEBUG 	TextBox2 loaded 1 chars with 0 blanks and 1 valid
16.6553 	DEBUG 	Uploading Texture Font fontname to graphics card
16.6568 	DEBUG 	Upload of Texture Font fontname complete
16.6743 	DEBUG 	TextBox2 loaded 1 chars with 0 blanks and 1 valid
16.6754 	DEBUG 	TextBox2 loaded 1 chars with 0 blanks and 1 valid
16.6755 	DEBUG 	Uploading Texture Font fontname to graphics card
16.6770 	DEBUG 	Upload of Texture Font fontname complete
16.7153 	EXP 	Created slider_emotion = Slider(__class__=<class 'psychopy.visual.slider.Slider'>, autoDraw=False, autoLog=True, borderColor=None, color=None, colorSpace='rgb', depth=-1, fillColor=None, flip=False, font='Noto Sans SC', granularity=1.0, labelColor=None, labelHeight=0.04, labelWrapWidth=None, labels=['非常不高兴', '', '', '', '平静', '', '', '', '非常高兴'], lineColor=None, markerColor=None, name='slider_emotion', opacity=None, ori=0.0, pos=array([ 0. , -0.1]), readOnly=False, self=UNKNOWN, size=array([1. , 0.1]), startValue=5, style='rating', styleTweaks=[], ticks=array([1, 2, 3, 4, 5, 6, 7, 8, 9]), units='height', win=Window(...))
16.7159 	EXP 	Created text_refresh = TextStim(__class__=<class 'psychopy.visual.text.TextStim'>, alignHoriz=method-wrapper(...), alignText='center', alignVert=method-wrapper(...), anchorHoriz='center', anchorVert='center', antialias=True, autoDraw=False, autoLog=True, bold=False, color=array([1., 1., 1.]), colorSpace='rgb', contrast=1.0, depth=0.0, draggable=False, flipHoriz=False, flipVert=False, font='Arial', fontFiles=[], height=0.05, italic=False, languageStyle='LTR', name='text_refresh', opacity=1, ori=0.0, pos=array([0., 0.]), rgb=UNKNOWN, text='', units='height', win=Window(...), wrapWidth=1)
16.7629 	EXP 	Created image_rest_instruct = ImageStim(__class__=<class 'psychopy.visual.image.ImageStim'>, anchor=('center', 'center'), autoLog=True, color=array([1., 1., 1.]), colorSpace='rgb', contrast=1.0, depth=0.0, draggable=False, flipHoriz=False, flipVert=False, image='stimuli/rest_instruct.png', interpolate=True, mask=None, maskParams=None, name='image_rest_instruct', opacity=1, ori=0.0, pos=array([0., 0.]), size=array([1.1  , 0.825]), texRes=128.0, units='height', win=Window(...))
16.7635 	EXP 	Created text_refresh = TextStim(__class__=<class 'psychopy.visual.text.TextStim'>, alignHoriz=method-wrapper(...), alignText='center', alignVert=method-wrapper(...), anchorHoriz='center', anchorVert='center', antialias=True, autoDraw=False, autoLog=True, bold=False, color=array([1., 1., 1.]), colorSpace='rgb', contrast=1.0, depth=0.0, draggable=False, flipHoriz=False, flipVert=False, font='Arial', fontFiles=[], height=0.05, italic=False, languageStyle='LTR', name='text_refresh', opacity=1, ori=0.0, pos=array([0., 0.]), rgb=UNKNOWN, text='', units='height', win=Window(...), wrapWidth=1)
16.7681 	EXP 	Created wait4trigger_text = TextStim(__class__=<class 'psychopy.visual.text.TextStim'>, alignHoriz=method-wrapper(...), alignText='center', alignVert=method-wrapper(...), anchorHoriz='center', anchorVert='center', antialias=True, autoDraw=False, autoLog=True, bold=False, color=array([1., 1., 1.]), colorSpace='rgb', contrast=1.0, depth=0.0, draggable=False, flipHoriz=False, flipVert=False, font='Noto Sans SC', fontFiles=[], height=0.05, italic=False, languageStyle='LTR', name='wait4trigger_text', opacity=1, ori=0.0, pos=array([0., 0.]), rgb=UNKNOWN, text='即将开始，请等待。', units='height', win=Window(...), wrapWidth=1)
16.7690 	EXP 	Created fake_stimulus_text = TextStim(__class__=<class 'psychopy.visual.text.TextStim'>, alignHoriz=method-wrapper(...), alignText='center', alignVert=method-wrapper(...), anchorHoriz='center', anchorVert='center', antialias=True, autoDraw=False, autoLog=True, bold=False, color=array([1., 1., 1.]), colorSpace='rgb', contrast=1.0, depth=0.0, draggable=False, flipHoriz=False, flipVert=False, font='Noto Sans SC', fontFiles=[], height=0.05, italic=False, languageStyle='LTR', name='fake_stimulus_text', opacity=1, ori=0.0, pos=array([0., 0.]), rgb=UNKNOWN, text='即将开始，请等待。', units='height', win=Window(...), wrapWidth=1)
16.7706 	EXP 	Created fixation = TextStim(__class__=<class 'psychopy.visual.text.TextStim'>, alignHoriz=method-wrapper(...), alignText='center', alignVert=method-wrapper(...), anchorHoriz='center', anchorVert='center', antialias=True, autoDraw=False, autoLog=True, bold=False, color=array([1., 1., 1.]), colorSpace='rgb', contrast=1.0, depth=0.0, draggable=False, flipHoriz=False, flipVert=False, font='Noto Sans SC', fontFiles=[], height=0.3, italic=False, languageStyle='LTR', name='fixation', opacity=1, ori=0.0, pos=array([0., 0.]), rgb=UNKNOWN, text='+', units='height', win=Window(...), wrapWidth=1)
16.7710 	EXP 	Created text_refresh = TextStim(__class__=<class 'psychopy.visual.text.TextStim'>, alignHoriz=method-wrapper(...), alignText='center', alignVert=method-wrapper(...), anchorHoriz='center', anchorVert='center', antialias=True, autoDraw=False, autoLog=True, bold=False, color=array([1., 1., 1.]), colorSpace='rgb', contrast=1.0, depth=0.0, draggable=False, flipHoriz=False, flipVert=False, font='Arial', fontFiles=[], height=0.05, italic=False, languageStyle='LTR', name='text_refresh', opacity=1, ori=0.0, pos=array([0., 0.]), rgb=UNKNOWN, text='', units='height', win=Window(...), wrapWidth=1)
16.8138 	EXP 	Created image_emotion_instruct = ImageStim(__class__=<class 'psychopy.visual.image.ImageStim'>, anchor=('center', 'center'), autoLog=True, color=array([1., 1., 1.]), colorSpace='rgb', contrast=1.0, depth=0.0, draggable=False, flipHoriz=False, flipVert=False, image='stimuli/emotion_instruct.png', interpolate=True, mask=None, maskParams=None, name='image_emotion_instruct', opacity=1, ori=0.0, pos=array([0., 0.]), size=array([1.1  , 0.825]), texRes=128.0, units='height', win=Window(...))
16.8144 	EXP 	Created text_refresh = TextStim(__class__=<class 'psychopy.visual.text.TextStim'>, alignHoriz=method-wrapper(...), alignText='center', alignVert=method-wrapper(...), anchorHoriz='center', anchorVert='center', antialias=True, autoDraw=False, autoLog=True, bold=False, color=array([1., 1., 1.]), colorSpace='rgb', contrast=1.0, depth=0.0, draggable=False, flipHoriz=False, flipVert=False, font='Arial', fontFiles=[], height=0.05, italic=False, languageStyle='LTR', name='text_refresh', opacity=1, ori=0.0, pos=array([0., 0.]), rgb=UNKNOWN, text='', units='height', win=Window(...), wrapWidth=1)
16.8155 	EXP 	Created rate_emotion_prompt = TextStim(__class__=<class 'psychopy.visual.text.TextStim'>, alignHoriz=method-wrapper(...), alignText='center', alignVert=method-wrapper(...), anchorHoriz='center', anchorVert='center', antialias=True, autoDraw=False, autoLog=True, bold=False, color=array([1., 1., 1.]), colorSpace='rgb', contrast=1.0, depth=0.0, draggable=False, flipHoriz=False, flipVert=False, font='Noto Sans SC', fontFiles=[], height=0.05, italic=False, languageStyle='LTR', name='rate_emotion_prompt', opacity=1, ori=0.0, pos=array([0. , 0.2]), rgb=UNKNOWN, text='请使用数字描述您目前的情绪状态：', units='height', win=Window(...), wrapWidth=1)
16.8752 	EXP 	Created slider_emotion = Slider(__class__=<class 'psychopy.visual.slider.Slider'>, autoDraw=False, autoLog=True, borderColor=None, color=None, colorSpace='rgb', depth=-1, fillColor=None, flip=False, font='Noto Sans SC', granularity=1.0, labelColor=None, labelHeight=0.04, labelWrapWidth=None, labels=['非常不高兴', '', '', '', '平静', '', '', '', '非常高兴'], lineColor=None, markerColor=None, name='slider_emotion', opacity=None, ori=0.0, pos=array([ 0. , -0.1]), readOnly=False, self=UNKNOWN, size=array([1. , 0.1]), startValue=5, style='rating', styleTweaks=[], ticks=array([1, 2, 3, 4, 5, 6, 7, 8, 9]), units='height', win=Window(...))
16.8758 	EXP 	Created text_refresh = TextStim(__class__=<class 'psychopy.visual.text.TextStim'>, alignHoriz=method-wrapper(...), alignText='center', alignVert=method-wrapper(...), anchorHoriz='center', anchorVert='center', antialias=True, autoDraw=False, autoLog=True, bold=False, color=array([1., 1., 1.]), colorSpace='rgb', contrast=1.0, depth=0.0, draggable=False, flipHoriz=False, flipVert=False, font='Arial', fontFiles=[], height=0.05, italic=False, languageStyle='LTR', name='text_refresh', opacity=1, ori=0.0, pos=array([0., 0.]), rgb=UNKNOWN, text='', units='height', win=Window(...), wrapWidth=1)
16.9225 	EXP 	Created image_think_content_instruct = ImageStim(__class__=<class 'psychopy.visual.image.ImageStim'>, anchor=('center', 'center'), autoLog=True, color=array([1., 1., 1.]), colorSpace='rgb', contrast=1.0, depth=0.0, draggable=False, flipHoriz=False, flipVert=False, image='stimuli/think_content_instruct.png', interpolate=True, mask=None, maskParams=None, name='image_think_content_instruct', opacity=1, ori=0.0, pos=array([0., 0.]), size=array([1.1  , 0.825]), texRes=128.0, units='height', win=Window(...))
16.9231 	EXP 	Created text_refresh = TextStim(__class__=<class 'psychopy.visual.text.TextStim'>, alignHoriz=method-wrapper(...), alignText='center', alignVert=method-wrapper(...), anchorHoriz='center', anchorVert='center', antialias=True, autoDraw=False, autoLog=True, bold=False, color=array([1., 1., 1.]), colorSpace='rgb', contrast=1.0, depth=0.0, draggable=False, flipHoriz=False, flipVert=False, font='Arial', fontFiles=[], height=0.05, italic=False, languageStyle='LTR', name='text_refresh', opacity=1, ori=0.0, pos=array([0., 0.]), rgb=UNKNOWN, text='', units='height', win=Window(...), wrapWidth=1)
16.9279 	EXP 	Created main_body_questionnaire = TextStim(__class__=<class 'psychopy.visual.text.TextStim'>, alignHoriz=method-wrapper(...), alignText='center', alignVert=method-wrapper(...), anchorHoriz='center', anchorVert='center', antialias=True, autoDraw=False, autoLog=True, bold=False, color=array([1., 1., 1.]), colorSpace='rgb', contrast=1.0, depth=0.0, draggable=False, flipHoriz=False, flipVert=False, font='Noto Sans SC', fontFiles=[], height=0.05, italic=False, languageStyle='LTR', name='main_body_questionnaire', opacity=1, ori=0.0, pos=array([0. , 0.3]), rgb=UNKNOWN, text='我刚才的思维内容：', units='height', win=Window(...), wrapWidth=1)
16.9283 	EXP 	Created item_text = TextStim(__class__=<class 'psychopy.visual.text.TextStim'>, alignHoriz=method-wrapper(...), alignText='center', alignVert=method-wrapper(...), anchorHoriz='center', anchorVert='center', antialias=True, autoDraw=False, autoLog=True, bold=False, color=array([1., 1., 1.]), colorSpace='rgb', contrast=1.0, depth=-1.0, draggable=False, flipHoriz=False, flipVert=False, font='Noto Sans SC', fontFiles=[], height=0.05, italic=False, languageStyle='LTR', name='item_text', opacity=1, ori=0.0, pos=array([0. , 0.1]), rgb=UNKNOWN, text='', units='height', win=Window(...), wrapWidth=1)
16.9336 	DEBUG 	TextBox2 loaded 1 chars with 0 blanks and 1 valid
16.9347 	DEBUG 	TextBox2 loaded 1 chars with 0 blanks and 1 valid
16.9358 	DEBUG 	TextBox2 loaded 1 chars with 0 blanks and 1 valid
16.9369 	DEBUG 	TextBox2 loaded 1 chars with 0 blanks and 1 valid
16.9370 	DEBUG 	Uploading Texture Font fontname to graphics card
16.9386 	DEBUG 	Upload of Texture Font fontname complete
16.9580 	DEBUG 	TextBox2 loaded 1 chars with 0 blanks and 1 valid
16.9592 	DEBUG 	TextBox2 loaded 1 chars with 0 blanks and 1 valid
16.9593 	DEBUG 	Uploading Texture Font fontname to graphics card
16.9608 	DEBUG 	Upload of Texture Font fontname complete
16.9808 	DEBUG 	TextBox2 loaded 1 chars with 0 blanks and 1 valid
16.9819 	DEBUG 	TextBox2 loaded 1 chars with 0 blanks and 1 valid
16.9831 	DEBUG 	TextBox2 loaded 1 chars with 0 blanks and 1 valid
16.9842 	DEBUG 	TextBox2 loaded 1 chars with 0 blanks and 1 valid
16.9844 	DEBUG 	Uploading Texture Font fontname to graphics card
16.9859 	DEBUG 	Upload of Texture Font fontname complete
17.0044 	EXP 	Created slider_thinking_content = Slider(__class__=<class 'psychopy.visual.slider.Slider'>, autoDraw=False, autoLog=True, borderColor=None, color=None, colorSpace='rgb', depth=-2, fillColor=None, flip=False, font='Noto Sans SC', granularity=1.0, labelColor=None, labelHeight=0.04, labelWrapWidth=None, labels=['完全没有', '', '', '', '一般', '', '', '', '几乎都是'], lineColor=None, markerColor=None, name='slider_thinking_content', opacity=None, ori=0.0, pos=array([ 0. , -0.1]), readOnly=False, self=UNKNOWN, size=array([1. , 0.1]), startValue=5, style='rating', styleTweaks=[], ticks=array([1, 2, 3, 4, 5, 6, 7, 8, 9]), units='height', win=Window(...))
17.0050 	EXP 	Created text_refresh = TextStim(__class__=<class 'psychopy.visual.text.TextStim'>, alignHoriz=method-wrapper(...), alignText='center', alignVert=method-wrapper(...), anchorHoriz='center', anchorVert='center', antialias=True, autoDraw=False, autoLog=True, bold=False, color=array([1., 1., 1.]), colorSpace='rgb', contrast=1.0, depth=0.0, draggable=False, flipHoriz=False, flipVert=False, font='Arial', fontFiles=[], height=0.05, italic=False, languageStyle='LTR', name='text_refresh', opacity=1, ori=0.0, pos=array([0., 0.]), rgb=UNKNOWN, text='', units='height', win=Window(...), wrapWidth=1)
17.0085 	EXP 	Created goodbye_text = TextStim(__class__=<class 'psychopy.visual.text.TextStim'>, alignHoriz=method-wrapper(...), alignText='center', alignVert=method-wrapper(...), anchorHoriz='center', anchorVert='center', antialias=True, autoDraw=False, autoLog=True, bold=False, color=array([1., 1., 1.]), colorSpace='rgb', contrast=1.0, depth=0.0, draggable=False, flipHoriz=False, flipVert=False, font='Noto Sans SC', fontFiles=[], height=0.05, italic=False, languageStyle='LTR', name='goodbye_text', opacity=1, ori=0.0, pos=array([0., 0.]), rgb=UNKNOWN, text='本阶段结束，请等待下一阶段的扫描。', units='height', win=Window(...), wrapWidth=1)
0.0046 	EXP 	slider_emotion: autoLog = True
0.0046 	EXP 	slider_emotion: styleTweaks = []
0.0046 	EXP 	slider_emotion: styleTweaks = []
0.0046 	EXP 	slider_emotion: styleTweaks = []
0.0046 	EXP 	slider_emotion: styleTweaks = []
0.0046 	EXP 	slider_emotion: contrast = 1.0
0.0046 	EXP 	slider_emotion: markerPos = 5
0.0046 	EXP 	slider_emotion: autoLog = True
0.0046 	EXP 	slider_emotion: autoLog = True
0.0046 	EXP 	slider_emotion: styleTweaks = []
0.0046 	EXP 	slider_emotion: styleTweaks = []
0.0046 	EXP 	slider_emotion: styleTweaks = []
0.0046 	EXP 	slider_emotion: styleTweaks = []
0.0046 	EXP 	slider_emotion: contrast = 1.0
0.0046 	EXP 	slider_emotion: markerPos = 5
0.0046 	EXP 	slider_emotion: autoLog = True
0.0046 	EXP 	slider_thinking_content: autoLog = True
0.0046 	EXP 	slider_thinking_content: styleTweaks = []
0.0046 	EXP 	slider_thinking_content: styleTweaks = []
0.0046 	EXP 	slider_thinking_content: styleTweaks = []
0.0046 	EXP 	slider_thinking_content: styleTweaks = []
0.0046 	EXP 	slider_thinking_content: contrast = 1.0
0.0046 	EXP 	slider_thinking_content: markerPos = 5
0.0046 	EXP 	slider_thinking_content: autoLog = True
0.0194 	INFO 	Keyboard events cleared
0.0191 	EXP 	image_welcome: autoDraw = True
5.1165 	EXP 	image_welcome: autoDraw = False
5.1165 	EXP 	text_refresh: autoDraw = True
5.1240 	DATA 	Keypress: 3
5.4164 	INFO 	Keyboard events cleared
5.4162 	EXP 	text_refresh: autoDraw = False
5.4162 	EXP 	text_refresh: autoDraw = False
5.4162 	EXP 	slider_emotion: markerPos = None
5.4162 	EXP 	slider_emotion: markerPos = 5
5.4162 	EXP 	slider_emotion: markerPos = 5
5.4162 	EXP 	rate_emotion_prompt: autoDraw = True
5.4162 	EXP 	slider_emotion: autoDraw = True
5.9348 	DATA 	Keypress: 1
5.9616 	WARNING 	t of last frame was 24.84ms (=1/40)
5.9616 	EXP 	slider_emotion: markerPos = 4.0
6.1876 	DATA 	Keypress: 1
6.1978 	EXP 	slider_emotion: markerPos = 3.0
6.5184 	DATA 	Keypress: 2
6.5449 	WARNING 	t of last frame was 24.69ms (=1/40)
6.5449 	EXP 	slider_emotion: markerPos = 4.0
6.5654 	WARNING 	t of last frame was 20.48ms (=1/48)
6.7711 	DATA 	Keypress: 2
6.7862 	EXP 	slider_emotion: markerPos = 5.0
6.9840 	DATA 	Keypress: 2
6.9949 	EXP 	slider_emotion: markerPos = 6.0
7.2208 	DATA 	Keypress: 2
7.2449 	EXP 	slider_emotion: markerPos = 7.0
7.6252 	DATA 	Keypress: 3
7.6448 	EXP 	rate_emotion_prompt: autoDraw = False
7.6448 	EXP 	slider_emotion: autoDraw = False
7.6448 	EXP 	text_refresh: autoDraw = True
7.9451 	INFO 	Keyboard events cleared
7.9450 	EXP 	text_refresh: autoDraw = False
7.9450 	EXP 	text_refresh: autoDraw = False
7.9450 	EXP 	image_rest_instruct: autoDraw = True
10.9328 	WARNING 	t of last frame was 66.96ms (=1/14)
11.9001 	DATA 	Keypress: 3
11.9031 	EXP 	image_rest_instruct: autoDraw = False
11.9031 	EXP 	text_refresh: autoDraw = True
12.2000 	INFO 	Keyboard events cleared
12.1998 	EXP 	text_refresh: autoDraw = False
12.1998 	EXP 	text_refresh: autoDraw = False
12.1998 	EXP 	wait4trigger_text: autoDraw = True
14.5787 	EXP 	wait4trigger_text: autoDraw = False
14.5787 	EXP 	fake_stimulus_text: autoDraw = True
14.5815 	DATA 	Keypress: s
16.5674 	EXP 	fake_stimulus_text: autoDraw = False
16.5674 	EXP 	fake_stimulus_text: autoDraw = False
16.5674 	EXP 	fixation: autoDraw = True
18.5682 	EXP 	fixation: autoDraw = False
18.5682 	EXP 	fixation: autoDraw = False
18.5682 	EXP 	text_refresh: autoDraw = True
18.8671 	INFO 	Keyboard events cleared
18.8668 	EXP 	text_refresh: autoDraw = False
18.8668 	EXP 	text_refresh: autoDraw = False
18.8668 	EXP 	image_emotion_instruct: autoDraw = True
21.2175 	EXP 	image_emotion_instruct: autoDraw = False
21.2175 	EXP 	text_refresh: autoDraw = True
21.2205 	DATA 	Keypress: 4
21.5263 	INFO 	Keyboard events cleared
21.5261 	EXP 	text_refresh: autoDraw = False
21.5261 	EXP 	text_refresh: autoDraw = False
21.5261 	EXP 	slider_emotion: markerPos = None
21.5261 	EXP 	slider_emotion: markerPos = 5
21.5261 	EXP 	slider_emotion: markerPos = 5
21.5261 	EXP 	rate_emotion_prompt: autoDraw = True
21.5261 	EXP 	slider_emotion: autoDraw = True
21.5626 	WARNING 	Multiple dropped frames have occurred - I'll stop bothering you about them!
22.5977 	DATA 	Keypress: 1
22.6055 	EXP 	slider_emotion: markerPos = 4.0
23.0637 	DATA 	Keypress: 2
23.0710 	EXP 	slider_emotion: markerPos = 5.0
23.7356 	DATA 	Keypress: 3
23.7459 	EXP 	rate_emotion_prompt: autoDraw = False
23.7459 	EXP 	slider_emotion: autoDraw = False
23.7459 	EXP 	text_refresh: autoDraw = True
24.0461 	INFO 	Keyboard events cleared
24.0459 	EXP 	text_refresh: autoDraw = False
24.0459 	EXP 	text_refresh: autoDraw = False
24.0459 	EXP 	image_think_content_instruct: autoDraw = True
25.3006 	DATA 	Keypress: 4
25.3035 	EXP 	image_think_content_instruct: autoDraw = False
25.3035 	EXP 	text_refresh: autoDraw = True
25.6052 	DEBUG 	Read excel file with openpyxl: think_content_condition.xlsx
25.6056 	EXP 	Imported think_content_condition.xlsx as conditions, 10 conditions, 2 params
25.6061 	EXP 	New trial (rep=0, index=0): <Trial 0 (0 in rep 0) data={'item': '是关于过去的事情', 'number': 1, 'thisN': 0, 'thisTrialN': 0, 'thisRepN': 0}>
25.6238 	INFO 	Keyboard events cleared
25.6236 	EXP 	text_refresh: autoDraw = False
25.6236 	EXP 	item_text: height = 0.05
25.6236 	EXP 	item_text: height = 0.05
25.6236 	EXP 	item_text: height = 0.05
25.6236 	EXP 	item_text: text = '是关于过去的事情'
25.6236 	EXP 	slider_thinking_content: markerPos = None
25.6236 	EXP 	slider_thinking_content: markerPos = 5
25.6236 	EXP 	slider_thinking_content: markerPos = 5
25.6236 	EXP 	main_body_questionnaire: autoDraw = True
25.6236 	EXP 	item_text: autoDraw = True
25.6236 	EXP 	slider_thinking_content: autoDraw = True
26.1382 	DATA 	Keypress: 2
26.1458 	EXP 	slider_thinking_content: markerPos = 6.0
26.3308 	DATA 	Keypress: 2
26.3383 	EXP 	slider_thinking_content: markerPos = 7.0
26.6328 	EXP 	main_body_questionnaire: autoDraw = False
26.6328 	EXP 	item_text: autoDraw = False
26.6328 	EXP 	slider_thinking_content: autoDraw = False
26.6328 	EXP 	text_refresh: autoDraw = True
26.6345 	DATA 	Keypress: 3
26.9173 	EXP 	New trial (rep=0, index=1): <Trial 1 (1 in rep 0) data={'item': '是关于将来的事情', 'number': 2, 'thisN': 1, 'thisTrialN': 1, 'thisRepN': 0}>
26.9465 	INFO 	Keyboard events cleared
26.9463 	EXP 	text_refresh: autoDraw = False
26.9463 	EXP 	text_refresh: autoDraw = False
26.9463 	EXP 	item_text: height = 0.05
26.9463 	EXP 	item_text: height = 0.05
26.9463 	EXP 	item_text: height = 0.05
26.9463 	EXP 	item_text: text = '是关于将来的事情'
26.9463 	EXP 	slider_thinking_content: markerPos = None
26.9463 	EXP 	slider_thinking_content: markerPos = 5
26.9463 	EXP 	slider_thinking_content: markerPos = 5
26.9463 	EXP 	main_body_questionnaire: autoDraw = True
26.9463 	EXP 	item_text: autoDraw = True
26.9463 	EXP 	slider_thinking_content: autoDraw = True
27.0642 	DATA 	Keypress: 1
27.0729 	EXP 	slider_thinking_content: markerPos = 4.0
27.2596 	DATA 	Keypress: 1
27.2700 	EXP 	slider_thinking_content: markerPos = 3.0
28.1322 	EXP 	main_body_questionnaire: autoDraw = False
28.1322 	EXP 	item_text: autoDraw = False
28.1322 	EXP 	slider_thinking_content: autoDraw = False
28.1322 	EXP 	text_refresh: autoDraw = True
28.1339 	DATA 	Keypress: 3
28.4180 	EXP 	New trial (rep=0, index=2): <Trial 2 (2 in rep 0) data={'item': '是关于我自己的', 'number': 3, 'thisN': 2, 'thisTrialN': 2, 'thisRepN': 0}>
28.4325 	INFO 	Keyboard events cleared
28.4323 	EXP 	text_refresh: autoDraw = False
28.4323 	EXP 	text_refresh: autoDraw = False
28.4323 	EXP 	item_text: height = 0.05
28.4323 	EXP 	item_text: height = 0.05
28.4323 	EXP 	item_text: height = 0.05
28.4323 	EXP 	item_text: text = '是关于我自己的'
28.4323 	EXP 	slider_thinking_content: markerPos = None
28.4323 	EXP 	slider_thinking_content: markerPos = 5
28.4323 	EXP 	slider_thinking_content: markerPos = 5
28.4323 	EXP 	main_body_questionnaire: autoDraw = True
28.4323 	EXP 	item_text: autoDraw = True
28.4323 	EXP 	slider_thinking_content: autoDraw = True
28.6858 	DATA 	Keypress: 2
28.7128 	EXP 	slider_thinking_content: markerPos = 6.0
28.9094 	DATA 	Keypress: 2
28.9203 	EXP 	slider_thinking_content: markerPos = 7.0
29.4369 	DATA 	Keypress: 4
29.4458 	EXP 	main_body_questionnaire: autoDraw = False
29.4458 	EXP 	item_text: autoDraw = False
29.4458 	EXP 	slider_thinking_content: autoDraw = False
29.4458 	EXP 	text_refresh: autoDraw = True
29.7315 	EXP 	New trial (rep=0, index=3): <Trial 3 (3 in rep 0) data={'item': '是关于他人的', 'number': 4, 'thisN': 3, 'thisTrialN': 3, 'thisRepN': 0}>
29.7465 	INFO 	Keyboard events cleared
29.7463 	EXP 	text_refresh: autoDraw = False
29.7463 	EXP 	text_refresh: autoDraw = False
29.7463 	EXP 	item_text: height = 0.05
29.7463 	EXP 	item_text: height = 0.05
29.7463 	EXP 	item_text: height = 0.05
29.7463 	EXP 	item_text: text = '是关于他人的'
29.7463 	EXP 	slider_thinking_content: markerPos = None
29.7463 	EXP 	slider_thinking_content: markerPos = 5
29.7463 	EXP 	slider_thinking_content: markerPos = 5
29.7463 	EXP 	main_body_questionnaire: autoDraw = True
29.7463 	EXP 	item_text: autoDraw = True
29.7463 	EXP 	slider_thinking_content: autoDraw = True
29.9934 	DATA 	Keypress: 2
30.0035 	EXP 	slider_thinking_content: markerPos = 6.0
30.4476 	DATA 	Keypress: 2
30.4555 	EXP 	slider_thinking_content: markerPos = 7.0
30.8311 	DATA 	Keypress: 1
30.8390 	EXP 	slider_thinking_content: markerPos = 6.0
31.5663 	EXP 	main_body_questionnaire: autoDraw = False
31.5663 	EXP 	item_text: autoDraw = False
31.5663 	EXP 	slider_thinking_content: autoDraw = False
31.5663 	EXP 	text_refresh: autoDraw = True
31.5680 	DATA 	Keypress: 3
31.8520 	EXP 	New trial (rep=0, index=4): <Trial 4 (4 in rep 0) data={'item': '是正性的、积极的事件', 'number': 5, 'thisN': 4, 'thisTrialN': 4, 'thisRepN': 0}>
31.8665 	INFO 	Keyboard events cleared
31.8662 	EXP 	text_refresh: autoDraw = False
31.8662 	EXP 	text_refresh: autoDraw = False
31.8662 	EXP 	item_text: height = 0.05
31.8662 	EXP 	item_text: height = 0.05
31.8662 	EXP 	item_text: height = 0.05
31.8662 	EXP 	item_text: text = '是正性的、积极的事件'
31.8662 	EXP 	slider_thinking_content: markerPos = None
31.8662 	EXP 	slider_thinking_content: markerPos = 5
31.8662 	EXP 	slider_thinking_content: markerPos = 5
31.8662 	EXP 	main_body_questionnaire: autoDraw = True
31.8662 	EXP 	item_text: autoDraw = True
31.8662 	EXP 	slider_thinking_content: autoDraw = True
32.2154 	DATA 	Keypress: 2
32.2233 	EXP 	slider_thinking_content: markerPos = 6.0
32.9029 	DATA 	Keypress: 3
32.9130 	EXP 	main_body_questionnaire: autoDraw = False
32.9130 	EXP 	item_text: autoDraw = False
32.9130 	EXP 	slider_thinking_content: autoDraw = False
32.9130 	EXP 	text_refresh: autoDraw = True
33.1982 	EXP 	New trial (rep=0, index=5): <Trial 5 (5 in rep 0) data={'item': '是负性的、消极的事件', 'number': 6, 'thisN': 5, 'thisTrialN': 5, 'thisRepN': 0}>
33.2118 	INFO 	Keyboard events cleared
33.2116 	EXP 	text_refresh: autoDraw = False
33.2116 	EXP 	text_refresh: autoDraw = False
33.2116 	EXP 	item_text: height = 0.05
33.2116 	EXP 	item_text: height = 0.05
33.2116 	EXP 	item_text: height = 0.05
33.2116 	EXP 	item_text: text = '是负性的、消极的事件'
33.2116 	EXP 	slider_thinking_content: markerPos = None
33.2116 	EXP 	slider_thinking_content: markerPos = 5
33.2116 	EXP 	slider_thinking_content: markerPos = 5
33.2116 	EXP 	main_body_questionnaire: autoDraw = True
33.2116 	EXP 	item_text: autoDraw = True
33.2116 	EXP 	slider_thinking_content: autoDraw = True
33.2379 	DATA 	Keypress: 1
33.2500 	EXP 	slider_thinking_content: markerPos = 4.0
33.4448 	DATA 	Keypress: 1
33.4538 	EXP 	slider_thinking_content: markerPos = 3.0
33.6222 	DATA 	Keypress: 1
33.6296 	EXP 	slider_thinking_content: markerPos = 2.0
33.8599 	DATA 	Keypress: 3
33.8660 	EXP 	main_body_questionnaire: autoDraw = False
33.8660 	EXP 	item_text: autoDraw = False
33.8660 	EXP 	slider_thinking_content: autoDraw = False
33.8660 	EXP 	text_refresh: autoDraw = True
34.1519 	EXP 	New trial (rep=0, index=6): <Trial 6 (6 in rep 0) data={'item': '是以图像或意象的形式进行思维', 'number': 7, 'thisN': 6, 'thisTrialN': 6, 'thisRepN': 0}>
34.1682 	INFO 	Keyboard events cleared
34.1680 	EXP 	text_refresh: autoDraw = False
34.1680 	EXP 	text_refresh: autoDraw = False
34.1680 	EXP 	item_text: height = 0.05
34.1680 	EXP 	item_text: height = 0.05
34.1680 	EXP 	item_text: height = 0.05
34.1680 	EXP 	item_text: text = '是以图像或意象的形式进行思维'
34.1680 	EXP 	slider_thinking_content: markerPos = None
34.1680 	EXP 	slider_thinking_content: markerPos = 5
34.1680 	EXP 	slider_thinking_content: markerPos = 5
34.1680 	EXP 	main_body_questionnaire: autoDraw = True
34.1680 	EXP 	item_text: autoDraw = True
34.1680 	EXP 	slider_thinking_content: autoDraw = True
34.4773 	DATA 	Keypress: 2
34.4874 	EXP 	slider_thinking_content: markerPos = 6.0
34.6431 	DATA 	Keypress: 2
34.6537 	EXP 	slider_thinking_content: markerPos = 7.0
34.8496 	EXP 	main_body_questionnaire: autoDraw = False
34.8496 	EXP 	item_text: autoDraw = False
34.8496 	EXP 	slider_thinking_content: autoDraw = False
34.8496 	EXP 	text_refresh: autoDraw = True
34.8512 	DATA 	Keypress: 3
35.1349 	EXP 	New trial (rep=0, index=7): <Trial 7 (7 in rep 0) data={'item': '是以内部言语的形式进行思维', 'number': 8, 'thisN': 7, 'thisTrialN': 7, 'thisRepN': 0}>
35.1497 	INFO 	Keyboard events cleared
35.1495 	EXP 	text_refresh: autoDraw = False
35.1495 	EXP 	text_refresh: autoDraw = False
35.1495 	EXP 	item_text: height = 0.05
35.1495 	EXP 	item_text: height = 0.05
35.1495 	EXP 	item_text: height = 0.05
35.1495 	EXP 	item_text: text = '是以内部言语的形式进行思维'
35.1495 	EXP 	slider_thinking_content: markerPos = None
35.1495 	EXP 	slider_thinking_content: markerPos = 5
35.1495 	EXP 	slider_thinking_content: markerPos = 5
35.1495 	EXP 	main_body_questionnaire: autoDraw = True
35.1495 	EXP 	item_text: autoDraw = True
35.1495 	EXP 	slider_thinking_content: autoDraw = True
35.4982 	DATA 	Keypress: 2
35.5061 	EXP 	slider_thinking_content: markerPos = 6.0
35.7218 	DATA 	Keypress: 2
35.7294 	EXP 	slider_thinking_content: markerPos = 7.0
36.0666 	EXP 	main_body_questionnaire: autoDraw = False
36.0666 	EXP 	item_text: autoDraw = False
36.0666 	EXP 	slider_thinking_content: autoDraw = False
36.0666 	EXP 	text_refresh: autoDraw = True
36.0683 	DATA 	Keypress: 3
36.3515 	EXP 	New trial (rep=0, index=8): <Trial 8 (8 in rep 0) data={'item': '让我感到开心', 'number': 9, 'thisN': 8, 'thisTrialN': 8, 'thisRepN': 0}>
36.3662 	INFO 	Keyboard events cleared
36.3660 	EXP 	text_refresh: autoDraw = False
36.3660 	EXP 	text_refresh: autoDraw = False
36.3660 	EXP 	item_text: height = 0.05
36.3660 	EXP 	item_text: height = 0.05
36.3660 	EXP 	item_text: height = 0.05
36.3660 	EXP 	item_text: text = '让我感到开心'
36.3660 	EXP 	slider_thinking_content: markerPos = None
36.3660 	EXP 	slider_thinking_content: markerPos = 5
36.3660 	EXP 	slider_thinking_content: markerPos = 5
36.3660 	EXP 	main_body_questionnaire: autoDraw = True
36.3660 	EXP 	item_text: autoDraw = True
36.3660 	EXP 	slider_thinking_content: autoDraw = True
36.9864 	DATA 	Keypress: 1
36.9962 	EXP 	slider_thinking_content: markerPos = 4.0
37.1599 	DATA 	Keypress: 1
37.1712 	EXP 	slider_thinking_content: markerPos = 3.0
37.5388 	DATA 	Keypress: 3
37.5466 	EXP 	main_body_questionnaire: autoDraw = False
37.5466 	EXP 	item_text: autoDraw = False
37.5466 	EXP 	slider_thinking_content: autoDraw = False
37.5466 	EXP 	text_refresh: autoDraw = True
37.8319 	EXP 	New trial (rep=0, index=9): <Trial 9 (9 in rep 0) data={'item': '让我感到悲伤', 'number': 10, 'thisN': 9, 'thisTrialN': 9, 'thisRepN': 0}>
37.8452 	INFO 	Keyboard events cleared
37.8451 	EXP 	text_refresh: autoDraw = False
37.8451 	EXP 	text_refresh: autoDraw = False
37.8451 	EXP 	item_text: height = 0.05
37.8451 	EXP 	item_text: height = 0.05
37.8451 	EXP 	item_text: height = 0.05
37.8451 	EXP 	item_text: text = '让我感到悲伤'
37.8451 	EXP 	slider_thinking_content: markerPos = None
37.8451 	EXP 	slider_thinking_content: markerPos = 5
37.8451 	EXP 	slider_thinking_content: markerPos = 5
37.8451 	EXP 	main_body_questionnaire: autoDraw = True
37.8451 	EXP 	item_text: autoDraw = True
37.8451 	EXP 	slider_thinking_content: autoDraw = True
38.1864 	DATA 	Keypress: 2
38.1963 	EXP 	slider_thinking_content: markerPos = 6.0
38.3323 	DATA 	Keypress: 2
38.3399 	EXP 	slider_thinking_content: markerPos = 7.0
38.5150 	DATA 	Keypress: 3
38.5178 	EXP 	main_body_questionnaire: autoDraw = False
38.5178 	EXP 	item_text: autoDraw = False
38.5178 	EXP 	slider_thinking_content: autoDraw = False
38.5178 	EXP 	text_refresh: autoDraw = True
38.8139 	INFO 	Keyboard events cleared
38.8137 	EXP 	text_refresh: autoDraw = False
38.8137 	EXP 	text_refresh: autoDraw = False
38.8137 	EXP 	goodbye_text: autoDraw = True
41.3545 	DATA 	Keypress: escape
41.4187 	EXP 	resting_state: status = STOPPED
41.4302 	EXP 	goodbye_text: autoDraw = False
41.4313 	EXP 	resting_state: status = STOPPED
41.4366 	INFO 	saved data to '/Users/Chenxiao/Documents/project_codes/RST_Chinese_beta/data/999_resting_state_2025-06-12_14h32.14.194.csv'
41.4370 	INFO 	saved data to /Users/Chenxiao/Documents/project_codes/RST_Chinese_beta/data/999_resting_state_2025-06-12_14h32.14.194.psydat
41.5894 	DEBUG 	Saving data for resting_state ExperimentHandler
