10.6329 	WARNING 	Font Manager failed to load file /System/Library/PrivateFrameworks/FontServices.framework/Resources/Reserved/PingFangUI.ttc
12.0173 	DEBUG 	Fullscreen settings ignored as running in pilot mode.
12.0181 	INFO 	Loaded monitor calibration from ['2022_04_19 09:31']
12.0184 	WARNING 	This monitor has not been color-calibrated. Using default DKL conversion matrix.
12.1086 	WARNING 	This monitor has not been color-calibrated. Using default DKL conversion matrix.
12.1088 	WARNING 	This monitor has not been color-calibrated. Using default DKL conversion matrix.
12.1693 	EXP 	Created window1 = Window(allowGUI=False, allowStencil=False, autoLog=True, backendConf=UNKNOWN, backgroundFit=<method-wrapper '__getattribute__' of attributeSetter object at 0x17e585cf0>, backgroundImage=<method-wrapper '__getattribute__' of attributeSetter object at 0x17e585c90>, bitsMode=UNKNOWN, blendMode='avg', bpc=(8, 8, 8), color=array([0, 0, 0]), colorSpace='dkl', depthBits=8, fullscr=False, gamma=None, gammaErrorPolicy='raise', infoMsg=UNKNOWN, lms=UNKNOWN, monitor=<psychopy.monitors.calibTools.Monitor object at 0x17e60a290>, multiSample=False, name='window1', numSamples=2, pos=[560.0, 240.0], screen=0, size=array([1600, 1200]), stencilBits=0, stereo=False, title='PsychoPy', units='height', useFBO=True, useRetina=True, viewOri=0.0, viewPos=None, viewScale=None, waitBlanking=True, winType='pyglet')
12.1694 	EXP 	window1: backgroundImage = ''
12.1694 	EXP 	window1: backgroundFit = 'none'
12.1764 	DEBUG 	TextBox2 loaded 1 chars with 0 blanks and 1 valid
12.1771 	DEBUG 	TextBox2 loaded 1 chars with 0 blanks and 1 valid
12.1775 	DEBUG 	TextBox2 loaded 1 chars with 0 blanks and 1 valid
12.1780 	DEBUG 	TextBox2 loaded 1 chars with 0 blanks and 1 valid
12.1786 	DEBUG 	TextBox2 loaded 1 chars with 0 blanks and 1 valid
12.1788 	DEBUG 	TextBox2 loaded 1 chars with 0 blanks and 1 valid
12.1792 	DEBUG 	TextBox2 loaded 1 chars with 0 blanks and 1 valid
12.1797 	DEBUG 	TextBox2 loaded 1 chars with 0 blanks and 1 valid
12.1799 	DEBUG 	TextBox2 loaded 1 chars with 0 blanks and 1 valid
12.1800 	DEBUG 	TextBox2 loaded 1 chars with 0 blanks and 1 valid
12.1804 	DEBUG 	TextBox2 loaded 1 chars with 0 blanks and 1 valid
12.1808 	DEBUG 	TextBox2 loaded 1 chars with 0 blanks and 1 valid
12.1813 	DEBUG 	TextBox2 loaded 1 chars with 0 blanks and 1 valid
12.1816 	DEBUG 	TextBox2 loaded 1 chars with 0 blanks and 1 valid
12.1819 	DEBUG 	TextBox2 loaded 1 chars with 0 blanks and 1 valid
12.1824 	DEBUG 	TextBox2 loaded 1 chars with 0 blanks and 1 valid
12.1827 	DEBUG 	TextBox2 loaded 1 chars with 0 blanks and 1 valid
12.1829 	DEBUG 	TextBox2 loaded 1 chars with 0 blanks and 1 valid
12.1832 	DEBUG 	TextBox2 loaded 1 chars with 0 blanks and 1 valid
12.1837 	DEBUG 	TextBox2 loaded 1 chars with 0 blanks and 1 valid
12.1839 	DEBUG 	TextBox2 loaded 1 chars with 0 blanks and 1 valid
12.1841 	DEBUG 	Uploading Texture Font fontname to graphics card
12.1873 	DEBUG 	Upload of Texture Font fontname complete
12.1915 	DEBUG 	TextBox2 loaded 1 chars with 0 blanks and 1 valid
12.1922 	DEBUG 	TextBox2 loaded 1 chars with 0 blanks and 1 valid
12.1928 	DEBUG 	TextBox2 loaded 1 chars with 0 blanks and 1 valid
12.1930 	DEBUG 	Uploading Texture Font fontname to graphics card
12.1945 	DEBUG 	Upload of Texture Font fontname complete
12.1956 	EXP 	window1: Attempting to measure frame rate of screen (0) ...
12.1956 	EXP 	window1: recordFrameIntervals = False
12.3034 	EXP 	window1: recordFrameIntervals = True
13.1382 	WARNING 	Couldn't measure a consistent frame rate!
  - Is your graphics card set to sync to vertical blank?
  - Are you running other processes on your computer?

13.1444 	DEBUG 	TextBox2 loaded 1 chars with 0 blanks and 1 valid
13.1449 	DEBUG 	TextBox2 loaded 1 chars with 0 blanks and 1 valid
13.1456 	DEBUG 	TextBox2 loaded 1 chars with 0 blanks and 1 valid
13.1466 	DEBUG 	TextBox2 loaded 1 chars with 0 blanks and 1 valid
13.1474 	DEBUG 	TextBox2 loaded 1 chars with 0 blanks and 1 valid
13.1484 	DEBUG 	TextBox2 loaded 1 chars with 0 blanks and 1 valid
13.1487 	DEBUG 	TextBox2 loaded 1 chars with 0 blanks and 1 valid
13.1495 	DEBUG 	TextBox2 loaded 1 chars with 0 blanks and 1 valid
13.1503 	DEBUG 	TextBox2 loaded 1 chars with 0 blanks and 1 valid
13.1511 	DEBUG 	TextBox2 loaded 1 chars with 0 blanks and 1 valid
13.1513 	DEBUG 	Uploading Texture Font fontname to graphics card
13.1537 	DEBUG 	Upload of Texture Font fontname complete
13.1673 	WARNING 	launchHubServer: If using the iohub mouse or eyetracker devices, fullScr should be True.
15.3335 	INFO 	keyboard.Keyboard is using iohub backend.
15.3336 	INFO 	keyboard.Keyboard is using iohub backend.
15.3336 	INFO 	keyboard.Keyboard is using iohub backend.
15.3336 	INFO 	keyboard.Keyboard is using iohub backend.
15.3336 	INFO 	keyboard.Keyboard is using iohub backend.
15.3336 	INFO 	keyboard.Keyboard is using iohub backend.
15.3336 	INFO 	keyboard.Keyboard is using iohub backend.
15.3337 	EXP 	distraction_demo: status = STARTED
15.4038 	EXP 	Created image_dis_instruct = ImageStim(__class__=<class 'psychopy.visual.image.ImageStim'>, anchor=('center', 'center'), autoLog=True, color=array([1., 1., 1.]), colorSpace='rgb', contrast=1.0, depth=0.0, draggable=False, flipHoriz=False, flipVert=False, image='stimuli/dis_instruct.png', interpolate=True, mask=None, maskParams=None, name='image_dis_instruct', opacity=1, ori=0.0, pos=array([0., 0.]), size=array([1.1  , 0.825]), texRes=128.0, units='height', win=Window(...))
15.4163 	EXP 	Created text_refresh = TextStim(__class__=<class 'psychopy.visual.text.TextStim'>, alignHoriz=method-wrapper(...), alignText='center', alignVert=method-wrapper(...), anchorHoriz='center', anchorVert='center', antialias=True, autoDraw=False, autoLog=True, bold=False, color=array([1., 1., 1.]), colorSpace='rgb', contrast=1.0, depth=0.0, draggable=False, flipHoriz=False, flipVert=False, font='Arial', fontFiles=[], height=0.05, italic=False, languageStyle='LTR', name='text_refresh', opacity=1, ori=0.0, pos=array([0., 0.]), rgb=UNKNOWN, text='', units='height', win=Window(...), wrapWidth=1)
15.4308 	EXP 	Created wait4trigger_text = TextStim(__class__=<class 'psychopy.visual.text.TextStim'>, alignHoriz=method-wrapper(...), alignText='center', alignVert=method-wrapper(...), anchorHoriz='center', anchorVert='center', antialias=True, autoDraw=False, autoLog=True, bold=False, color=array([1., 1., 1.]), colorSpace='rgb', contrast=1.0, depth=0.0, draggable=False, flipHoriz=False, flipVert=False, font='Noto Sans SC', fontFiles=[], height=0.05, italic=False, languageStyle='LTR', name='wait4trigger_text', opacity=1, ori=0.0, pos=array([0., 0.]), rgb=UNKNOWN, text='即将开始，请等待。', units='height', win=Window(...), wrapWidth=1)
15.4319 	EXP 	Created fake_stimulus_text = TextStim(__class__=<class 'psychopy.visual.text.TextStim'>, alignHoriz=method-wrapper(...), alignText='center', alignVert=method-wrapper(...), anchorHoriz='center', anchorVert='center', antialias=True, autoDraw=False, autoLog=True, bold=False, color=array([1., 1., 1.]), colorSpace='rgb', contrast=1.0, depth=0.0, draggable=False, flipHoriz=False, flipVert=False, font='Noto Sans SC', fontFiles=[], height=0.05, italic=False, languageStyle='LTR', name='fake_stimulus_text', opacity=1, ori=0.0, pos=array([0., 0.]), rgb=UNKNOWN, text='即将开始，请等待。', units='height', win=Window(...), wrapWidth=1)
15.4348 	EXP 	Created image_dis = ImageStim(__class__=<class 'psychopy.visual.image.ImageStim'>, anchor=('center', 'center'), autoLog=True, color=array([1., 1., 1.]), colorSpace='rgb', contrast=1.0, depth=0.0, draggable=False, flipHoriz=False, flipVert=False, image='default.png', interpolate=True, mask=None, maskParams=None, name='image_dis', opacity=1, ori=0.0, pos=array([0., 0.]), size=array([1.1  , 0.825]), texRes=128.0, units='height', win=Window(...))
15.4353 	EXP 	Created text_refresh = TextStim(__class__=<class 'psychopy.visual.text.TextStim'>, alignHoriz=method-wrapper(...), alignText='center', alignVert=method-wrapper(...), anchorHoriz='center', anchorVert='center', antialias=True, autoDraw=False, autoLog=True, bold=False, color=array([1., 1., 1.]), colorSpace='rgb', contrast=1.0, depth=0.0, draggable=False, flipHoriz=False, flipVert=False, font='Arial', fontFiles=[], height=0.05, italic=False, languageStyle='LTR', name='text_refresh', opacity=1, ori=0.0, pos=array([0., 0.]), rgb=UNKNOWN, text='', units='height', win=Window(...), wrapWidth=1)
15.4816 	EXP 	Created image_emotion_instruct = ImageStim(__class__=<class 'psychopy.visual.image.ImageStim'>, anchor=('center', 'center'), autoLog=True, color=array([1., 1., 1.]), colorSpace='rgb', contrast=1.0, depth=0.0, draggable=False, flipHoriz=False, flipVert=False, image='stimuli/emotion_instruct.png', interpolate=True, mask=None, maskParams=None, name='image_emotion_instruct', opacity=1, ori=0.0, pos=array([0., 0.]), size=array([1.1  , 0.825]), texRes=128.0, units='height', win=Window(...))
15.4823 	EXP 	Created text_refresh = TextStim(__class__=<class 'psychopy.visual.text.TextStim'>, alignHoriz=method-wrapper(...), alignText='center', alignVert=method-wrapper(...), anchorHoriz='center', anchorVert='center', antialias=True, autoDraw=False, autoLog=True, bold=False, color=array([1., 1., 1.]), colorSpace='rgb', contrast=1.0, depth=0.0, draggable=False, flipHoriz=False, flipVert=False, font='Arial', fontFiles=[], height=0.05, italic=False, languageStyle='LTR', name='text_refresh', opacity=1, ori=0.0, pos=array([0., 0.]), rgb=UNKNOWN, text='', units='height', win=Window(...), wrapWidth=1)
15.4882 	EXP 	Created rate_emotion_prompt = TextStim(__class__=<class 'psychopy.visual.text.TextStim'>, alignHoriz=method-wrapper(...), alignText='center', alignVert=method-wrapper(...), anchorHoriz='center', anchorVert='center', antialias=True, autoDraw=False, autoLog=True, bold=False, color=array([1., 1., 1.]), colorSpace='rgb', contrast=1.0, depth=0.0, draggable=False, flipHoriz=False, flipVert=False, font='Noto Sans SC', fontFiles=[], height=0.05, italic=False, languageStyle='LTR', name='rate_emotion_prompt', opacity=1, ori=0.0, pos=array([0. , 0.2]), rgb=UNKNOWN, text='请使用数字描述您目前的情绪状态：', units='height', win=Window(...), wrapWidth=1)
15.5019 	DEBUG 	TextBox2 loaded 1 chars with 0 blanks and 1 valid
15.5030 	DEBUG 	TextBox2 loaded 1 chars with 0 blanks and 1 valid
15.5040 	DEBUG 	TextBox2 loaded 1 chars with 0 blanks and 1 valid
15.5044 	DEBUG 	TextBox2 loaded 1 chars with 0 blanks and 1 valid
15.5055 	DEBUG 	TextBox2 loaded 1 chars with 0 blanks and 1 valid
15.5066 	DEBUG 	TextBox2 loaded 1 chars with 0 blanks and 1 valid
15.5068 	DEBUG 	Uploading Texture Font fontname to graphics card
15.5089 	DEBUG 	Upload of Texture Font fontname complete
15.5121 	DEBUG 	TextBox2 loaded 1 chars with 0 blanks and 1 valid
15.5128 	DEBUG 	TextBox2 loaded 1 chars with 0 blanks and 1 valid
15.5135 	DEBUG 	TextBox2 loaded 1 chars with 0 blanks and 1 valid
15.5141 	DEBUG 	TextBox2 loaded 1 chars with 0 blanks and 1 valid
15.5144 	DEBUG 	TextBox2 loaded 1 chars with 0 blanks and 1 valid
15.5149 	DEBUG 	TextBox2 loaded 1 chars with 0 blanks and 1 valid
15.5155 	DEBUG 	TextBox2 loaded 1 chars with 0 blanks and 1 valid
15.5160 	DEBUG 	TextBox2 loaded 1 chars with 0 blanks and 1 valid
15.5165 	DEBUG 	TextBox2 loaded 1 chars with 0 blanks and 1 valid
15.5166 	DEBUG 	Uploading Texture Font fontname to graphics card
15.5181 	DEBUG 	Upload of Texture Font fontname complete
15.5356 	DEBUG 	TextBox2 loaded 1 chars with 0 blanks and 1 valid
15.5368 	DEBUG 	TextBox2 loaded 1 chars with 0 blanks and 1 valid
15.5369 	DEBUG 	Uploading Texture Font fontname to graphics card
15.5384 	DEBUG 	Upload of Texture Font fontname complete
15.5767 	EXP 	Created slider_emotion = Slider(__class__=<class 'psychopy.visual.slider.Slider'>, autoDraw=False, autoLog=True, borderColor=None, color=None, colorSpace='rgb', depth=-1, fillColor=None, flip=False, font='Noto Sans SC', granularity=1.0, labelColor=None, labelHeight=0.04, labelWrapWidth=None, labels=['非常不高兴', '', '', '', '平静', '', '', '', '非常高兴'], lineColor=None, markerColor=None, name='slider_emotion', opacity=None, ori=0.0, pos=array([ 0. , -0.1]), readOnly=False, self=UNKNOWN, size=array([1. , 0.1]), startValue=5, style='rating', styleTweaks=[], ticks=array([1, 2, 3, 4, 5, 6, 7, 8, 9]), units='height', win=Window(...))
15.5773 	EXP 	Created text_refresh = TextStim(__class__=<class 'psychopy.visual.text.TextStim'>, alignHoriz=method-wrapper(...), alignText='center', alignVert=method-wrapper(...), anchorHoriz='center', anchorVert='center', antialias=True, autoDraw=False, autoLog=True, bold=False, color=array([1., 1., 1.]), colorSpace='rgb', contrast=1.0, depth=0.0, draggable=False, flipHoriz=False, flipVert=False, font='Arial', fontFiles=[], height=0.05, italic=False, languageStyle='LTR', name='text_refresh', opacity=1, ori=0.0, pos=array([0., 0.]), rgb=UNKNOWN, text='', units='height', win=Window(...), wrapWidth=1)
15.6252 	EXP 	Created image_think_content_instruct = ImageStim(__class__=<class 'psychopy.visual.image.ImageStim'>, anchor=('center', 'center'), autoLog=True, color=array([1., 1., 1.]), colorSpace='rgb', contrast=1.0, depth=0.0, draggable=False, flipHoriz=False, flipVert=False, image='stimuli/think_content_instruct.png', interpolate=True, mask=None, maskParams=None, name='image_think_content_instruct', opacity=1, ori=0.0, pos=array([0., 0.]), size=array([0.5, 0.5]), texRes=128.0, units='height', win=Window(...))
15.6258 	EXP 	Created text_refresh = TextStim(__class__=<class 'psychopy.visual.text.TextStim'>, alignHoriz=method-wrapper(...), alignText='center', alignVert=method-wrapper(...), anchorHoriz='center', anchorVert='center', antialias=True, autoDraw=False, autoLog=True, bold=False, color=array([1., 1., 1.]), colorSpace='rgb', contrast=1.0, depth=0.0, draggable=False, flipHoriz=False, flipVert=False, font='Arial', fontFiles=[], height=0.05, italic=False, languageStyle='LTR', name='text_refresh', opacity=1, ori=0.0, pos=array([0., 0.]), rgb=UNKNOWN, text='', units='height', win=Window(...), wrapWidth=1)
15.6302 	EXP 	Created main_body_questionnaire = TextStim(__class__=<class 'psychopy.visual.text.TextStim'>, alignHoriz=method-wrapper(...), alignText='center', alignVert=method-wrapper(...), anchorHoriz='center', anchorVert='center', antialias=True, autoDraw=False, autoLog=True, bold=False, color=array([1., 1., 1.]), colorSpace='rgb', contrast=1.0, depth=0.0, draggable=False, flipHoriz=False, flipVert=False, font='Noto Sans SC', fontFiles=[], height=0.05, italic=False, languageStyle='LTR', name='main_body_questionnaire', opacity=1, ori=0.0, pos=array([0. , 0.3]), rgb=UNKNOWN, text='我刚才的思维内容：', units='height', win=Window(...), wrapWidth=1)
15.6306 	EXP 	Created item_text = TextStim(__class__=<class 'psychopy.visual.text.TextStim'>, alignHoriz=method-wrapper(...), alignText='center', alignVert=method-wrapper(...), anchorHoriz='center', anchorVert='center', antialias=True, autoDraw=False, autoLog=True, bold=False, color=array([1., 1., 1.]), colorSpace='rgb', contrast=1.0, depth=-1.0, draggable=False, flipHoriz=False, flipVert=False, font='Noto Sans SC', fontFiles=[], height=0.05, italic=False, languageStyle='LTR', name='item_text', opacity=1, ori=0.0, pos=array([0. , 0.1]), rgb=UNKNOWN, text='', units='height', win=Window(...), wrapWidth=1)
15.6357 	DEBUG 	TextBox2 loaded 1 chars with 0 blanks and 1 valid
15.6369 	DEBUG 	TextBox2 loaded 1 chars with 0 blanks and 1 valid
15.6383 	DEBUG 	TextBox2 loaded 1 chars with 0 blanks and 1 valid
15.6394 	DEBUG 	TextBox2 loaded 1 chars with 0 blanks and 1 valid
15.6396 	DEBUG 	Uploading Texture Font fontname to graphics card
15.6412 	DEBUG 	Upload of Texture Font fontname complete
15.6611 	DEBUG 	TextBox2 loaded 1 chars with 0 blanks and 1 valid
15.6624 	DEBUG 	TextBox2 loaded 1 chars with 0 blanks and 1 valid
15.6625 	DEBUG 	Uploading Texture Font fontname to graphics card
15.6640 	DEBUG 	Upload of Texture Font fontname complete
15.6838 	DEBUG 	TextBox2 loaded 1 chars with 0 blanks and 1 valid
15.6850 	DEBUG 	TextBox2 loaded 1 chars with 0 blanks and 1 valid
15.6862 	DEBUG 	TextBox2 loaded 1 chars with 0 blanks and 1 valid
15.6873 	DEBUG 	TextBox2 loaded 1 chars with 0 blanks and 1 valid
15.6874 	DEBUG 	Uploading Texture Font fontname to graphics card
15.6889 	DEBUG 	Upload of Texture Font fontname complete
15.7076 	EXP 	Created slider_thinking_content = Slider(__class__=<class 'psychopy.visual.slider.Slider'>, autoDraw=False, autoLog=True, borderColor=None, color=None, colorSpace='rgb', depth=-2, fillColor=None, flip=False, font='Noto Sans SC', granularity=1.0, labelColor=None, labelHeight=0.04, labelWrapWidth=None, labels=['完全没有', '', '', '', '一般', '', '', '', '几乎都是'], lineColor=None, markerColor=None, name='slider_thinking_content', opacity=None, ori=0.0, pos=array([ 0. , -0.1]), readOnly=False, self=UNKNOWN, size=array([1. , 0.1]), startValue=5, style='rating', styleTweaks=[], ticks=array([1, 2, 3, 4, 5, 6, 7, 8, 9]), units='height', win=Window(...))
15.7082 	EXP 	Created text_refresh = TextStim(__class__=<class 'psychopy.visual.text.TextStim'>, alignHoriz=method-wrapper(...), alignText='center', alignVert=method-wrapper(...), anchorHoriz='center', anchorVert='center', antialias=True, autoDraw=False, autoLog=True, bold=False, color=array([1., 1., 1.]), colorSpace='rgb', contrast=1.0, depth=0.0, draggable=False, flipHoriz=False, flipVert=False, font='Arial', fontFiles=[], height=0.05, italic=False, languageStyle='LTR', name='text_refresh', opacity=1, ori=0.0, pos=array([0., 0.]), rgb=UNKNOWN, text='', units='height', win=Window(...), wrapWidth=1)
15.7121 	EXP 	Created goodbye_text = TextStim(__class__=<class 'psychopy.visual.text.TextStim'>, alignHoriz=method-wrapper(...), alignText='center', alignVert=method-wrapper(...), anchorHoriz='center', anchorVert='center', antialias=True, autoDraw=False, autoLog=True, bold=False, color=array([1., 1., 1.]), colorSpace='rgb', contrast=1.0, depth=0.0, draggable=False, flipHoriz=False, flipVert=False, font='Noto Sans SC', fontFiles=[], height=0.05, italic=False, languageStyle='LTR', name='goodbye_text', opacity=1, ori=0.0, pos=array([0., 0.]), rgb=UNKNOWN, text='本阶段结束，请等待下一阶段的扫描。\n\n', units='height', win=Window(...), wrapWidth=1)
0.0049 	EXP 	slider_emotion: autoLog = True
0.0049 	EXP 	slider_emotion: styleTweaks = []
0.0049 	EXP 	slider_emotion: styleTweaks = []
0.0049 	EXP 	slider_emotion: styleTweaks = []
0.0049 	EXP 	slider_emotion: styleTweaks = []
0.0049 	EXP 	slider_emotion: contrast = 1.0
0.0049 	EXP 	slider_emotion: markerPos = 5
0.0049 	EXP 	slider_emotion: autoLog = True
0.0049 	EXP 	slider_thinking_content: autoLog = True
0.0049 	EXP 	slider_thinking_content: styleTweaks = []
0.0049 	EXP 	slider_thinking_content: styleTweaks = []
0.0049 	EXP 	slider_thinking_content: styleTweaks = []
0.0049 	EXP 	slider_thinking_content: styleTweaks = []
0.0049 	EXP 	slider_thinking_content: contrast = 1.0
0.0049 	EXP 	slider_thinking_content: markerPos = 5
0.0049 	EXP 	slider_thinking_content: autoLog = True
0.0139 	INFO 	Keyboard events cleared
0.0137 	EXP 	image_dis_instruct: autoDraw = True
1.5464 	WARNING 	t of last frame was 23.14ms (=1/43)
1.5464 	EXP 	image_dis_instruct: autoDraw = False
1.5464 	EXP 	text_refresh: autoDraw = True
1.5551 	DATA 	Keypress: k
1.8458 	EXP 	text_refresh: autoDraw = False
1.8458 	EXP 	text_refresh: autoDraw = False
1.8458 	EXP 	wait4trigger_text: autoDraw = True
2.5331 	DATA 	Keypress: s
2.8439 	EXP 	wait4trigger_text: autoDraw = False
2.8439 	EXP 	wait4trigger_text: autoDraw = False
2.8439 	EXP 	fake_stimulus_text: autoDraw = True
4.8342 	DEBUG 	Read excel file with openpyxl: dis_prompt_image.xlsx
4.8343 	EXP 	Imported dis_prompt_image.xlsx as conditions, 4 conditions, 2 params
4.8349 	EXP 	New trial (rep=0, index=0): <Trial 0 (0 in rep 0) data={'prompt_number': 4, 'prompt_image': 'stimuli/dis_prompt_4.png', 'thisN': 0, 'thisTrialN': 0, 'thisRepN': 0}>
4.8853 	WARNING 	t of last frame was 57.12ms (=1/17)
4.8853 	EXP 	fake_stimulus_text: autoDraw = False
4.8853 	EXP 	fake_stimulus_text: autoDraw = False
4.8853 	EXP 	image_dis: image = 'stimuli/dis_prompt_4.png'
4.8853 	EXP 	image_dis: autoDraw = True
9.8475 	EXP 	New trial (rep=0, index=1): <Trial 1 (1 in rep 0) data={'prompt_number': 2, 'prompt_image': 'stimuli/dis_prompt_2.png', 'thisN': 1, 'thisTrialN': 1, 'thisRepN': 0}>
9.9006 	WARNING 	t of last frame was 54.32ms (=1/18)
9.9006 	EXP 	image_dis: autoDraw = False
9.9006 	EXP 	image_dis: image = 'stimuli/dis_prompt_2.png'
9.9006 	EXP 	image_dis: autoDraw = True
14.8453 	EXP 	New trial (rep=0, index=2): <Trial 2 (2 in rep 0) data={'prompt_number': 3, 'prompt_image': 'stimuli/dis_prompt_3.png', 'thisN': 2, 'thisTrialN': 2, 'thisRepN': 0}>
14.8991 	WARNING 	t of last frame was 54.99ms (=1/18)
14.8991 	EXP 	image_dis: autoDraw = False
14.8991 	EXP 	image_dis: image = 'stimuli/dis_prompt_3.png'
14.8991 	EXP 	image_dis: autoDraw = True
15.4678 	WARNING 	Multiple dropped frames have occurred - I'll stop bothering you about them!
19.8453 	EXP 	New trial (rep=0, index=3): <Trial 3 (3 in rep 0) data={'prompt_number': 1, 'prompt_image': 'stimuli/dis_prompt_1.png', 'thisN': 3, 'thisTrialN': 3, 'thisRepN': 0}>
19.8901 	EXP 	image_dis: autoDraw = False
19.8901 	EXP 	image_dis: image = 'stimuli/dis_prompt_1.png'
19.8901 	EXP 	image_dis: autoDraw = True
24.8580 	EXP 	image_dis: autoDraw = False
24.8580 	EXP 	text_refresh: autoDraw = True
25.1457 	INFO 	Keyboard events cleared
25.1454 	EXP 	text_refresh: autoDraw = False
25.1454 	EXP 	text_refresh: autoDraw = False
25.1454 	EXP 	image_emotion_instruct: autoDraw = True
41.5805 	DATA 	Keypress: k
41.5836 	EXP 	image_emotion_instruct: autoDraw = False
41.5836 	EXP 	text_refresh: autoDraw = True
41.8946 	INFO 	Keyboard events cleared
41.8943 	EXP 	text_refresh: autoDraw = False
41.8943 	EXP 	text_refresh: autoDraw = False
41.8943 	EXP 	slider_emotion: markerPos = None
41.8943 	EXP 	slider_emotion: markerPos = 5
41.8943 	EXP 	slider_emotion: markerPos = 5
41.8943 	EXP 	rate_emotion_prompt: autoDraw = True
41.8943 	EXP 	slider_emotion: autoDraw = True
42.5346 	DATA 	Keypress: a
42.5428 	EXP 	slider_emotion: markerPos = 4.0
43.0042 	DATA 	Keypress: a
43.0120 	EXP 	slider_emotion: markerPos = 3.0
43.1988 	DATA 	Keypress: a
43.2087 	EXP 	slider_emotion: markerPos = 2.0
43.5222 	DATA 	Keypress: l
43.5305 	EXP 	rate_emotion_prompt: autoDraw = False
43.5305 	EXP 	slider_emotion: autoDraw = False
43.5305 	EXP 	text_refresh: autoDraw = True
43.8263 	INFO 	Keyboard events cleared
43.8261 	EXP 	text_refresh: autoDraw = False
43.8261 	EXP 	text_refresh: autoDraw = False
43.8261 	EXP 	image_think_content_instruct: autoDraw = True
44.1296 	DATA 	Keypress: s
45.2984 	EXP 	image_think_content_instruct: autoDraw = False
45.2984 	EXP 	text_refresh: autoDraw = True
45.3011 	DATA 	Keypress: l
45.5977 	DEBUG 	Read excel file with openpyxl: think_content_condition.xlsx
45.5980 	EXP 	Imported think_content_condition.xlsx as conditions, 10 conditions, 2 params
45.5983 	EXP 	New trial (rep=0, index=0): <Trial 0 (0 in rep 0) data={'item': '是关于过去的事情', 'number': 1, 'thisN': 0, 'thisTrialN': 0, 'thisRepN': 0}>
45.6170 	INFO 	Keyboard events cleared
45.6168 	EXP 	text_refresh: autoDraw = False
45.6168 	EXP 	text_refresh: autoDraw = False
45.6168 	EXP 	item_text: height = 0.05
45.6168 	EXP 	item_text: height = 0.05
45.6168 	EXP 	item_text: height = 0.05
45.6168 	EXP 	item_text: text = '是关于过去的事情'
45.6168 	EXP 	slider_thinking_content: markerPos = None
45.6168 	EXP 	slider_thinking_content: markerPos = 5
45.6168 	EXP 	slider_thinking_content: markerPos = 5
45.6168 	EXP 	main_body_questionnaire: autoDraw = True
45.6168 	EXP 	item_text: autoDraw = True
45.6168 	EXP 	slider_thinking_content: autoDraw = True
46.2112 	DATA 	Keypress: a
46.2189 	EXP 	slider_thinking_content: markerPos = 4.0
46.5561 	DATA 	Keypress: a
46.5669 	EXP 	slider_thinking_content: markerPos = 3.0
46.8121 	DATA 	Keypress: s
46.8193 	EXP 	slider_thinking_content: markerPos = 4.0
47.0057 	DATA 	Keypress: s
47.0172 	EXP 	slider_thinking_content: markerPos = 5.0
47.1843 	DATA 	Keypress: s
47.1922 	EXP 	slider_thinking_content: markerPos = 6.0
47.4227 	DATA 	Keypress: l
47.4288 	EXP 	main_body_questionnaire: autoDraw = False
47.4288 	EXP 	item_text: autoDraw = False
47.4288 	EXP 	slider_thinking_content: autoDraw = False
47.4288 	EXP 	text_refresh: autoDraw = True
47.7150 	EXP 	New trial (rep=0, index=1): <Trial 1 (1 in rep 0) data={'item': '是关于将来的事情', 'number': 2, 'thisN': 1, 'thisTrialN': 1, 'thisRepN': 0}>
47.7293 	INFO 	Keyboard events cleared
47.7291 	EXP 	text_refresh: autoDraw = False
47.7291 	EXP 	text_refresh: autoDraw = False
47.7291 	EXP 	item_text: height = 0.05
47.7291 	EXP 	item_text: height = 0.05
47.7291 	EXP 	item_text: height = 0.05
47.7291 	EXP 	item_text: text = '是关于将来的事情'
47.7291 	EXP 	slider_thinking_content: markerPos = None
47.7291 	EXP 	slider_thinking_content: markerPos = 5
47.7291 	EXP 	slider_thinking_content: markerPos = 5
47.7291 	EXP 	main_body_questionnaire: autoDraw = True
47.7291 	EXP 	item_text: autoDraw = True
47.7291 	EXP 	slider_thinking_content: autoDraw = True
47.9232 	DATA 	Keypress: a
47.9336 	EXP 	slider_thinking_content: markerPos = 4.0
48.1323 	DATA 	Keypress: a
48.1423 	EXP 	slider_thinking_content: markerPos = 3.0
48.3283 	DATA 	Keypress: k
48.3314 	EXP 	main_body_questionnaire: autoDraw = False
48.3314 	EXP 	item_text: autoDraw = False
48.3314 	EXP 	slider_thinking_content: autoDraw = False
48.3314 	EXP 	text_refresh: autoDraw = True
48.6277 	EXP 	New trial (rep=0, index=2): <Trial 2 (2 in rep 0) data={'item': '是关于我自己的', 'number': 3, 'thisN': 2, 'thisTrialN': 2, 'thisRepN': 0}>
48.6409 	INFO 	Keyboard events cleared
48.6407 	EXP 	text_refresh: autoDraw = False
48.6407 	EXP 	text_refresh: autoDraw = False
48.6407 	EXP 	item_text: height = 0.05
48.6407 	EXP 	item_text: height = 0.05
48.6407 	EXP 	item_text: height = 0.05
48.6407 	EXP 	item_text: text = '是关于我自己的'
48.6407 	EXP 	slider_thinking_content: markerPos = None
48.6407 	EXP 	slider_thinking_content: markerPos = 5
48.6407 	EXP 	slider_thinking_content: markerPos = 5
48.6407 	EXP 	main_body_questionnaire: autoDraw = True
48.6407 	EXP 	item_text: autoDraw = True
48.6407 	EXP 	slider_thinking_content: autoDraw = True
48.7158 	DATA 	Keypress: s
48.7263 	EXP 	slider_thinking_content: markerPos = 6.0
48.9124 	DATA 	Keypress: s
48.9199 	EXP 	slider_thinking_content: markerPos = 7.0
49.2762 	EXP 	main_body_questionnaire: autoDraw = False
49.2762 	EXP 	item_text: autoDraw = False
49.2762 	EXP 	slider_thinking_content: autoDraw = False
49.2762 	EXP 	text_refresh: autoDraw = True
49.2800 	DATA 	Keypress: k
49.5611 	EXP 	New trial (rep=0, index=3): <Trial 3 (3 in rep 0) data={'item': '是关于他人的', 'number': 4, 'thisN': 3, 'thisTrialN': 3, 'thisRepN': 0}>
49.5738 	INFO 	Keyboard events cleared
49.5737 	EXP 	text_refresh: autoDraw = False
49.5737 	EXP 	text_refresh: autoDraw = False
49.5737 	EXP 	item_text: height = 0.05
49.5737 	EXP 	item_text: height = 0.05
49.5737 	EXP 	item_text: height = 0.05
49.5737 	EXP 	item_text: text = '是关于他人的'
49.5737 	EXP 	slider_thinking_content: markerPos = None
49.5737 	EXP 	slider_thinking_content: markerPos = 5
49.5737 	EXP 	slider_thinking_content: markerPos = 5
49.5737 	EXP 	main_body_questionnaire: autoDraw = True
49.5737 	EXP 	item_text: autoDraw = True
49.5737 	EXP 	slider_thinking_content: autoDraw = True
49.6164 	DATA 	Keypress: a
49.6304 	EXP 	slider_thinking_content: markerPos = 4.0
49.8040 	DATA 	Keypress: a
49.8125 	EXP 	slider_thinking_content: markerPos = 3.0
49.9728 	DATA 	Keypress: k
49.9791 	EXP 	main_body_questionnaire: autoDraw = False
49.9791 	EXP 	item_text: autoDraw = False
49.9791 	EXP 	slider_thinking_content: autoDraw = False
49.9791 	EXP 	text_refresh: autoDraw = True
50.2648 	EXP 	New trial (rep=0, index=4): <Trial 4 (4 in rep 0) data={'item': '是正性的、积极的事件', 'number': 5, 'thisN': 4, 'thisTrialN': 4, 'thisRepN': 0}>
50.2792 	INFO 	Keyboard events cleared
50.2791 	EXP 	text_refresh: autoDraw = False
50.2791 	EXP 	text_refresh: autoDraw = False
50.2791 	EXP 	item_text: height = 0.05
50.2791 	EXP 	item_text: height = 0.05
50.2791 	EXP 	item_text: height = 0.05
50.2791 	EXP 	item_text: text = '是正性的、积极的事件'
50.2791 	EXP 	slider_thinking_content: markerPos = None
50.2791 	EXP 	slider_thinking_content: markerPos = 5
50.2791 	EXP 	slider_thinking_content: markerPos = 5
50.2791 	EXP 	main_body_questionnaire: autoDraw = True
50.2791 	EXP 	item_text: autoDraw = True
50.2791 	EXP 	slider_thinking_content: autoDraw = True
50.9510 	DATA 	Keypress: s
50.9593 	EXP 	slider_thinking_content: markerPos = 6.0
51.1326 	DATA 	Keypress: s
51.1425 	EXP 	slider_thinking_content: markerPos = 7.0
51.3561 	DATA 	Keypress: l
51.3625 	EXP 	main_body_questionnaire: autoDraw = False
51.3625 	EXP 	item_text: autoDraw = False
51.3625 	EXP 	slider_thinking_content: autoDraw = False
51.3625 	EXP 	text_refresh: autoDraw = True
51.6537 	EXP 	New trial (rep=0, index=5): <Trial 5 (5 in rep 0) data={'item': '是负性的、消极的事件', 'number': 6, 'thisN': 5, 'thisTrialN': 5, 'thisRepN': 0}>
51.6679 	INFO 	Keyboard events cleared
51.6677 	EXP 	text_refresh: autoDraw = False
51.6677 	EXP 	text_refresh: autoDraw = False
51.6677 	EXP 	item_text: height = 0.05
51.6677 	EXP 	item_text: height = 0.05
51.6677 	EXP 	item_text: height = 0.05
51.6677 	EXP 	item_text: text = '是负性的、消极的事件'
51.6677 	EXP 	slider_thinking_content: markerPos = None
51.6677 	EXP 	slider_thinking_content: markerPos = 5
51.6677 	EXP 	slider_thinking_content: markerPos = 5
51.6677 	EXP 	main_body_questionnaire: autoDraw = True
51.6677 	EXP 	item_text: autoDraw = True
51.6677 	EXP 	slider_thinking_content: autoDraw = True
51.8998 	DATA 	Keypress: a
51.9095 	EXP 	slider_thinking_content: markerPos = 4.0
52.0625 	DATA 	Keypress: a
52.0701 	EXP 	slider_thinking_content: markerPos = 3.0
52.2598 	EXP 	main_body_questionnaire: autoDraw = False
52.2598 	EXP 	item_text: autoDraw = False
52.2598 	EXP 	slider_thinking_content: autoDraw = False
52.2598 	EXP 	text_refresh: autoDraw = True
52.2631 	DATA 	Keypress: k
52.5445 	EXP 	New trial (rep=0, index=6): <Trial 6 (6 in rep 0) data={'item': '是以图像或意象的形式进行思维', 'number': 7, 'thisN': 6, 'thisTrialN': 6, 'thisRepN': 0}>
52.5614 	INFO 	Keyboard events cleared
52.5612 	EXP 	text_refresh: autoDraw = False
52.5612 	EXP 	text_refresh: autoDraw = False
52.5612 	EXP 	item_text: height = 0.05
52.5612 	EXP 	item_text: height = 0.05
52.5612 	EXP 	item_text: height = 0.05
52.5612 	EXP 	item_text: text = '是以图像或意象的形式进行思维'
52.5612 	EXP 	slider_thinking_content: markerPos = None
52.5612 	EXP 	slider_thinking_content: markerPos = 5
52.5612 	EXP 	slider_thinking_content: markerPos = 5
52.5612 	EXP 	main_body_questionnaire: autoDraw = True
52.5612 	EXP 	item_text: autoDraw = True
52.5612 	EXP 	slider_thinking_content: autoDraw = True
52.7253 	DATA 	Keypress: s
52.7597 	EXP 	slider_thinking_content: markerPos = 6.0
52.9180 	DATA 	Keypress: s
52.9259 	EXP 	slider_thinking_content: markerPos = 7.0
53.1846 	DATA 	Keypress: k
53.1929 	EXP 	main_body_questionnaire: autoDraw = False
53.1929 	EXP 	item_text: autoDraw = False
53.1929 	EXP 	slider_thinking_content: autoDraw = False
53.1929 	EXP 	text_refresh: autoDraw = True
53.4782 	EXP 	New trial (rep=0, index=7): <Trial 7 (7 in rep 0) data={'item': '是以内部言语的形式进行思维', 'number': 8, 'thisN': 7, 'thisTrialN': 7, 'thisRepN': 0}>
53.4924 	INFO 	Keyboard events cleared
53.4922 	EXP 	text_refresh: autoDraw = False
53.4922 	EXP 	text_refresh: autoDraw = False
53.4922 	EXP 	item_text: height = 0.05
53.4922 	EXP 	item_text: height = 0.05
53.4922 	EXP 	item_text: height = 0.05
53.4922 	EXP 	item_text: text = '是以内部言语的形式进行思维'
53.4922 	EXP 	slider_thinking_content: markerPos = None
53.4922 	EXP 	slider_thinking_content: markerPos = 5
53.4922 	EXP 	slider_thinking_content: markerPos = 5
53.4922 	EXP 	main_body_questionnaire: autoDraw = True
53.4922 	EXP 	item_text: autoDraw = True
53.4922 	EXP 	slider_thinking_content: autoDraw = True
53.8184 	DATA 	Keypress: k
53.8264 	EXP 	main_body_questionnaire: autoDraw = False
53.8264 	EXP 	item_text: autoDraw = False
53.8264 	EXP 	slider_thinking_content: autoDraw = False
53.8264 	EXP 	text_refresh: autoDraw = True
54.1117 	EXP 	New trial (rep=0, index=8): <Trial 8 (8 in rep 0) data={'item': '让我感到开心', 'number': 9, 'thisN': 8, 'thisTrialN': 8, 'thisRepN': 0}>
54.1259 	INFO 	Keyboard events cleared
54.1257 	EXP 	text_refresh: autoDraw = False
54.1257 	EXP 	text_refresh: autoDraw = False
54.1257 	EXP 	item_text: height = 0.05
54.1257 	EXP 	item_text: height = 0.05
54.1257 	EXP 	item_text: height = 0.05
54.1257 	EXP 	item_text: text = '让我感到开心'
54.1257 	EXP 	slider_thinking_content: markerPos = None
54.1257 	EXP 	slider_thinking_content: markerPos = 5
54.1257 	EXP 	slider_thinking_content: markerPos = 5
54.1257 	EXP 	main_body_questionnaire: autoDraw = True
54.1257 	EXP 	item_text: autoDraw = True
54.1257 	EXP 	slider_thinking_content: autoDraw = True
54.4019 	DATA 	Keypress: l
54.4098 	EXP 	main_body_questionnaire: autoDraw = False
54.4098 	EXP 	item_text: autoDraw = False
54.4098 	EXP 	slider_thinking_content: autoDraw = False
54.4098 	EXP 	text_refresh: autoDraw = True
54.6949 	EXP 	New trial (rep=0, index=9): <Trial 9 (9 in rep 0) data={'item': '让我感到悲伤', 'number': 10, 'thisN': 9, 'thisTrialN': 9, 'thisRepN': 0}>
54.7092 	INFO 	Keyboard events cleared
54.7090 	EXP 	text_refresh: autoDraw = False
54.7090 	EXP 	text_refresh: autoDraw = False
54.7090 	EXP 	item_text: height = 0.05
54.7090 	EXP 	item_text: height = 0.05
54.7090 	EXP 	item_text: height = 0.05
54.7090 	EXP 	item_text: text = '让我感到悲伤'
54.7090 	EXP 	slider_thinking_content: markerPos = None
54.7090 	EXP 	slider_thinking_content: markerPos = 5
54.7090 	EXP 	slider_thinking_content: markerPos = 5
54.7090 	EXP 	main_body_questionnaire: autoDraw = True
54.7090 	EXP 	item_text: autoDraw = True
54.7090 	EXP 	slider_thinking_content: autoDraw = True
55.0162 	DATA 	Keypress: k
55.0265 	EXP 	main_body_questionnaire: autoDraw = False
55.0265 	EXP 	item_text: autoDraw = False
55.0265 	EXP 	slider_thinking_content: autoDraw = False
55.0265 	EXP 	text_refresh: autoDraw = True
55.3141 	INFO 	Keyboard events cleared
55.3139 	EXP 	text_refresh: autoDraw = False
55.3139 	EXP 	text_refresh: autoDraw = False
55.3139 	EXP 	goodbye_text: autoDraw = True
55.6436 	EXP 	goodbye_text: autoDraw = False
55.6446 	EXP 	distraction_demo: status = STOPPED
55.6505 	INFO 	saved data to '/Users/Chenxiao/Documents/project_codes/RST_Chinese_beta/data/999_distraction_demo_2025-06-16_17h36.11.538.csv'
55.6510 	INFO 	saved data to /Users/Chenxiao/Documents/project_codes/RST_Chinese_beta/data/999_distraction_demo_2025-06-16_17h36.11.538.psydat
55.6524 	DATA 	Keypress: a
56.2441 	DEBUG 	Saving data for distraction_demo ExperimentHandler
