10.5888 	WARNING 	Font Manager failed to load file /System/Library/PrivateFrameworks/FontServices.framework/Resources/Reserved/PingFangUI.ttc
12.9865 	DEBUG 	Fullscreen settings ignored as running in pilot mode.
12.9873 	INFO 	Loaded monitor calibration from ['2022_04_19 09:31']
12.9876 	WARNING 	This monitor has not been color-calibrated. Using default DKL conversion matrix.
13.0727 	WARNING 	This monitor has not been color-calibrated. Using default DKL conversion matrix.
13.0728 	WARNING 	This monitor has not been color-calibrated. Using default DKL conversion matrix.
13.1248 	EXP 	Created window1 = Window(allowGUI=False, allowStencil=False, autoLog=True, backendConf=UNKNOWN, backgroundFit=<method-wrapper '__getattribute__' of attributeSetter object at 0x1805079a0>, backgroundImage=<method-wrapper '__getattribute__' of attributeSetter object at 0x180507940>, bitsMode=UNKNOWN, blendMode='avg', bpc=(8, 8, 8), color=array([0, 0, 0]), colorSpace='dkl', depthBits=8, fullscr=False, gamma=None, gammaErrorPolicy='raise', infoMsg=UNKNOWN, lms=UNKNOWN, monitor=<psychopy.monitors.calibTools.Monitor object at 0x18057d0c0>, multiSample=False, name='window1', numSamples=2, pos=[560.0, 240.0], screen=0, size=array([1600, 1200]), stencilBits=0, stereo=False, title='PsychoPy', units='height', useFBO=True, useRetina=True, viewOri=0.0, viewPos=None, viewScale=None, waitBlanking=True, winType='pyglet')
13.1249 	EXP 	window1: backgroundImage = ''
13.1249 	EXP 	window1: backgroundFit = 'none'
13.1317 	DEBUG 	TextBox2 loaded 1 chars with 0 blanks and 1 valid
13.1321 	DEBUG 	TextBox2 loaded 1 chars with 0 blanks and 1 valid
13.1325 	DEBUG 	TextBox2 loaded 1 chars with 0 blanks and 1 valid
13.1330 	DEBUG 	TextBox2 loaded 1 chars with 0 blanks and 1 valid
13.1334 	DEBUG 	TextBox2 loaded 1 chars with 0 blanks and 1 valid
13.1336 	DEBUG 	TextBox2 loaded 1 chars with 0 blanks and 1 valid
13.1340 	DEBUG 	TextBox2 loaded 1 chars with 0 blanks and 1 valid
13.1345 	DEBUG 	TextBox2 loaded 1 chars with 0 blanks and 1 valid
13.1347 	DEBUG 	TextBox2 loaded 1 chars with 0 blanks and 1 valid
13.1348 	DEBUG 	TextBox2 loaded 1 chars with 0 blanks and 1 valid
13.1352 	DEBUG 	TextBox2 loaded 1 chars with 0 blanks and 1 valid
13.1356 	DEBUG 	TextBox2 loaded 1 chars with 0 blanks and 1 valid
13.1359 	DEBUG 	TextBox2 loaded 1 chars with 0 blanks and 1 valid
13.1363 	DEBUG 	TextBox2 loaded 1 chars with 0 blanks and 1 valid
13.1366 	DEBUG 	TextBox2 loaded 1 chars with 0 blanks and 1 valid
13.1370 	DEBUG 	TextBox2 loaded 1 chars with 0 blanks and 1 valid
13.1374 	DEBUG 	TextBox2 loaded 1 chars with 0 blanks and 1 valid
13.1376 	DEBUG 	TextBox2 loaded 1 chars with 0 blanks and 1 valid
13.1378 	DEBUG 	TextBox2 loaded 1 chars with 0 blanks and 1 valid
13.1383 	DEBUG 	TextBox2 loaded 1 chars with 0 blanks and 1 valid
13.1385 	DEBUG 	TextBox2 loaded 1 chars with 0 blanks and 1 valid
13.1387 	DEBUG 	Uploading Texture Font fontname to graphics card
13.1418 	DEBUG 	Upload of Texture Font fontname complete
13.1457 	DEBUG 	TextBox2 loaded 1 chars with 0 blanks and 1 valid
13.1464 	DEBUG 	TextBox2 loaded 1 chars with 0 blanks and 1 valid
13.1470 	DEBUG 	TextBox2 loaded 1 chars with 0 blanks and 1 valid
13.1472 	DEBUG 	Uploading Texture Font fontname to graphics card
13.1486 	DEBUG 	Upload of Texture Font fontname complete
13.1498 	EXP 	window1: Attempting to measure frame rate of screen (0) ...
13.1498 	EXP 	window1: recordFrameIntervals = False
13.2757 	EXP 	window1: recordFrameIntervals = True
14.1092 	WARNING 	Couldn't measure a consistent frame rate!
  - Is your graphics card set to sync to vertical blank?
  - Are you running other processes on your computer?

14.1146 	DEBUG 	TextBox2 loaded 1 chars with 0 blanks and 1 valid
14.1150 	DEBUG 	TextBox2 loaded 1 chars with 0 blanks and 1 valid
14.1156 	DEBUG 	TextBox2 loaded 1 chars with 0 blanks and 1 valid
14.1164 	DEBUG 	TextBox2 loaded 1 chars with 0 blanks and 1 valid
14.1171 	DEBUG 	TextBox2 loaded 1 chars with 0 blanks and 1 valid
14.1179 	DEBUG 	TextBox2 loaded 1 chars with 0 blanks and 1 valid
14.1182 	DEBUG 	TextBox2 loaded 1 chars with 0 blanks and 1 valid
14.1189 	DEBUG 	TextBox2 loaded 1 chars with 0 blanks and 1 valid
14.1197 	DEBUG 	TextBox2 loaded 1 chars with 0 blanks and 1 valid
14.1203 	DEBUG 	TextBox2 loaded 1 chars with 0 blanks and 1 valid
14.1206 	DEBUG 	Uploading Texture Font fontname to graphics card
14.1231 	DEBUG 	Upload of Texture Font fontname complete
14.1359 	WARNING 	launchHubServer: If using the iohub mouse or eyetracker devices, fullScr should be True.
16.2527 	INFO 	keyboard.Keyboard is using iohub backend.
16.2528 	INFO 	keyboard.Keyboard is using iohub backend.
16.2528 	INFO 	keyboard.Keyboard is using iohub backend.
16.2528 	INFO 	keyboard.Keyboard is using iohub backend.
16.2528 	INFO 	keyboard.Keyboard is using iohub backend.
16.2528 	INFO 	keyboard.Keyboard is using iohub backend.
16.2528 	INFO 	keyboard.Keyboard is using iohub backend.
16.2528 	INFO 	keyboard.Keyboard is using iohub backend.
16.2529 	EXP 	rumination: status = STARTED
16.3192 	EXP 	Created image_rum_instruct = ImageStim(__class__=<class 'psychopy.visual.image.ImageStim'>, anchor=('center', 'center'), autoLog=True, color=array([1., 1., 1.]), colorSpace='rgb', contrast=1.0, depth=0.0, draggable=False, flipHoriz=False, flipVert=False, image='stimuli/rum_instruct.png', interpolate=True, mask=None, maskParams=None, name='image_rum_instruct', opacity=1, ori=0.0, pos=array([0., 0.]), size=array([1.1  , 0.825]), texRes=128.0, units='height', win=Window(...))
16.3302 	EXP 	Created text_refresh = TextStim(__class__=<class 'psychopy.visual.text.TextStim'>, alignHoriz=method-wrapper(...), alignText='center', alignVert=method-wrapper(...), anchorHoriz='center', anchorVert='center', antialias=True, autoDraw=False, autoLog=True, bold=False, color=array([1., 1., 1.]), colorSpace='rgb', contrast=1.0, depth=0.0, draggable=False, flipHoriz=False, flipVert=False, font='Arial', fontFiles=[], height=0.05, italic=False, languageStyle='LTR', name='text_refresh', opacity=1, ori=0.0, pos=array([0., 0.]), rgb=UNKNOWN, text='', units='height', win=Window(...), wrapWidth=1)
16.3459 	EXP 	Created wait4trigger_text = TextStim(__class__=<class 'psychopy.visual.text.TextStim'>, alignHoriz=method-wrapper(...), alignText='center', alignVert=method-wrapper(...), anchorHoriz='center', anchorVert='center', antialias=True, autoDraw=False, autoLog=True, bold=False, color=array([1., 1., 1.]), colorSpace='rgb', contrast=1.0, depth=0.0, draggable=False, flipHoriz=False, flipVert=False, font='Noto Sans SC', fontFiles=[], height=0.05, italic=False, languageStyle='LTR', name='wait4trigger_text', opacity=1, ori=0.0, pos=array([0., 0.]), rgb=UNKNOWN, text='即将开始，请等待。', units='height', win=Window(...), wrapWidth=1)
16.3470 	EXP 	Created fake_stimulus_text = TextStim(__class__=<class 'psychopy.visual.text.TextStim'>, alignHoriz=method-wrapper(...), alignText='center', alignVert=method-wrapper(...), anchorHoriz='center', anchorVert='center', antialias=True, autoDraw=False, autoLog=True, bold=False, color=array([1., 1., 1.]), colorSpace='rgb', contrast=1.0, depth=0.0, draggable=False, flipHoriz=False, flipVert=False, font='Noto Sans SC', fontFiles=[], height=0.05, italic=False, languageStyle='LTR', name='fake_stimulus_text', opacity=1, ori=0.0, pos=array([0., 0.]), rgb=UNKNOWN, text='即将开始，请等待。', units='height', win=Window(...), wrapWidth=1)
16.3499 	EXP 	Created image_rum = ImageStim(__class__=<class 'psychopy.visual.image.ImageStim'>, anchor=('center', 'center'), autoLog=True, color=array([1., 1., 1.]), colorSpace='rgb', contrast=1.0, depth=0.0, draggable=False, flipHoriz=False, flipVert=False, image='default.png', interpolate=True, mask=None, maskParams=None, name='image_rum', opacity=1, ori=0.0, pos=array([0., 0.]), size=array([1.1  , 0.825]), texRes=128.0, units='height', win=Window(...))
16.3504 	EXP 	Created text_refresh = TextStim(__class__=<class 'psychopy.visual.text.TextStim'>, alignHoriz=method-wrapper(...), alignText='center', alignVert=method-wrapper(...), anchorHoriz='center', anchorVert='center', antialias=True, autoDraw=False, autoLog=True, bold=False, color=array([1., 1., 1.]), colorSpace='rgb', contrast=1.0, depth=0.0, draggable=False, flipHoriz=False, flipVert=False, font='Arial', fontFiles=[], height=0.05, italic=False, languageStyle='LTR', name='text_refresh', opacity=1, ori=0.0, pos=array([0., 0.]), rgb=UNKNOWN, text='', units='height', win=Window(...), wrapWidth=1)
16.3968 	EXP 	Created image_emotional_instruct = ImageStim(__class__=<class 'psychopy.visual.image.ImageStim'>, anchor=('center', 'center'), autoLog=True, color=array([1., 1., 1.]), colorSpace='rgb', contrast=1.0, depth=0.0, draggable=False, flipHoriz=False, flipVert=False, image='stimuli/emotion_instruct.png', interpolate=True, mask=None, maskParams=None, name='image_emotional_instruct', opacity=1, ori=0.0, pos=array([0., 0.]), size=array([1.1  , 0.825]), texRes=128.0, units='height', win=Window(...))
16.3974 	EXP 	Created text_refresh = TextStim(__class__=<class 'psychopy.visual.text.TextStim'>, alignHoriz=method-wrapper(...), alignText='center', alignVert=method-wrapper(...), anchorHoriz='center', anchorVert='center', antialias=True, autoDraw=False, autoLog=True, bold=False, color=array([1., 1., 1.]), colorSpace='rgb', contrast=1.0, depth=0.0, draggable=False, flipHoriz=False, flipVert=False, font='Arial', fontFiles=[], height=0.05, italic=False, languageStyle='LTR', name='text_refresh', opacity=1, ori=0.0, pos=array([0., 0.]), rgb=UNKNOWN, text='', units='height', win=Window(...), wrapWidth=1)
16.4030 	EXP 	Created rate_emotion_prompt = TextStim(__class__=<class 'psychopy.visual.text.TextStim'>, alignHoriz=method-wrapper(...), alignText='center', alignVert=method-wrapper(...), anchorHoriz='center', anchorVert='center', antialias=True, autoDraw=False, autoLog=True, bold=False, color=array([1., 1., 1.]), colorSpace='rgb', contrast=1.0, depth=0.0, draggable=False, flipHoriz=False, flipVert=False, font='Noto Sans SC', fontFiles=[], height=0.05, italic=False, languageStyle='LTR', name='rate_emotion_prompt', opacity=1, ori=0.0, pos=array([0. , 0.2]), rgb=UNKNOWN, text='请使用数字描述您目前的情绪状态：', units='height', win=Window(...), wrapWidth=1)
16.4171 	DEBUG 	TextBox2 loaded 1 chars with 0 blanks and 1 valid
16.4182 	DEBUG 	TextBox2 loaded 1 chars with 0 blanks and 1 valid
16.4193 	DEBUG 	TextBox2 loaded 1 chars with 0 blanks and 1 valid
16.4198 	DEBUG 	TextBox2 loaded 1 chars with 0 blanks and 1 valid
16.4209 	DEBUG 	TextBox2 loaded 1 chars with 0 blanks and 1 valid
16.4220 	DEBUG 	TextBox2 loaded 1 chars with 0 blanks and 1 valid
16.4222 	DEBUG 	Uploading Texture Font fontname to graphics card
16.4243 	DEBUG 	Upload of Texture Font fontname complete
16.4276 	DEBUG 	TextBox2 loaded 1 chars with 0 blanks and 1 valid
16.4283 	DEBUG 	TextBox2 loaded 1 chars with 0 blanks and 1 valid
16.4290 	DEBUG 	TextBox2 loaded 1 chars with 0 blanks and 1 valid
16.4296 	DEBUG 	TextBox2 loaded 1 chars with 0 blanks and 1 valid
16.4301 	DEBUG 	TextBox2 loaded 1 chars with 0 blanks and 1 valid
16.4305 	DEBUG 	TextBox2 loaded 1 chars with 0 blanks and 1 valid
16.4312 	DEBUG 	TextBox2 loaded 1 chars with 0 blanks and 1 valid
16.4318 	DEBUG 	TextBox2 loaded 1 chars with 0 blanks and 1 valid
16.4322 	DEBUG 	TextBox2 loaded 1 chars with 0 blanks and 1 valid
16.4324 	DEBUG 	Uploading Texture Font fontname to graphics card
16.4338 	DEBUG 	Upload of Texture Font fontname complete
16.4516 	DEBUG 	TextBox2 loaded 1 chars with 0 blanks and 1 valid
16.4528 	DEBUG 	TextBox2 loaded 1 chars with 0 blanks and 1 valid
16.4530 	DEBUG 	Uploading Texture Font fontname to graphics card
16.4545 	DEBUG 	Upload of Texture Font fontname complete
16.4934 	EXP 	Created slider_emotion = Slider(__class__=<class 'psychopy.visual.slider.Slider'>, autoDraw=False, autoLog=True, borderColor=None, color=None, colorSpace='rgb', depth=-1, fillColor=None, flip=False, font='Noto Sans SC', granularity=1.0, labelColor=None, labelHeight=0.04, labelWrapWidth=None, labels=['非常不高兴', '', '', '', '平静', '', '', '', '非常高兴'], lineColor=None, markerColor=None, name='slider_emotion', opacity=None, ori=0.0, pos=array([ 0. , -0.1]), readOnly=False, self=UNKNOWN, size=array([1. , 0.1]), startValue=5, style='rating', styleTweaks=[], ticks=array([1, 2, 3, 4, 5, 6, 7, 8, 9]), units='height', win=Window(...))
16.4940 	EXP 	Created text_refresh = TextStim(__class__=<class 'psychopy.visual.text.TextStim'>, alignHoriz=method-wrapper(...), alignText='center', alignVert=method-wrapper(...), anchorHoriz='center', anchorVert='center', antialias=True, autoDraw=False, autoLog=True, bold=False, color=array([1., 1., 1.]), colorSpace='rgb', contrast=1.0, depth=0.0, draggable=False, flipHoriz=False, flipVert=False, font='Arial', fontFiles=[], height=0.05, italic=False, languageStyle='LTR', name='text_refresh', opacity=1, ori=0.0, pos=array([0., 0.]), rgb=UNKNOWN, text='', units='height', win=Window(...), wrapWidth=1)
16.5418 	EXP 	Created image_think_content_instruct = ImageStim(__class__=<class 'psychopy.visual.image.ImageStim'>, anchor=('center', 'center'), autoLog=True, color=array([1., 1., 1.]), colorSpace='rgb', contrast=1.0, depth=0.0, draggable=False, flipHoriz=False, flipVert=False, image='stimuli/think_content_instruct.png', interpolate=True, mask=None, maskParams=None, name='image_think_content_instruct', opacity=1, ori=0.0, pos=array([0., 0.]), size=array([1.1  , 0.825]), texRes=128.0, units='height', win=Window(...))
16.5425 	EXP 	Created text_refresh = TextStim(__class__=<class 'psychopy.visual.text.TextStim'>, alignHoriz=method-wrapper(...), alignText='center', alignVert=method-wrapper(...), anchorHoriz='center', anchorVert='center', antialias=True, autoDraw=False, autoLog=True, bold=False, color=array([1., 1., 1.]), colorSpace='rgb', contrast=1.0, depth=0.0, draggable=False, flipHoriz=False, flipVert=False, font='Arial', fontFiles=[], height=0.05, italic=False, languageStyle='LTR', name='text_refresh', opacity=1, ori=0.0, pos=array([0., 0.]), rgb=UNKNOWN, text='', units='height', win=Window(...), wrapWidth=1)
16.5468 	EXP 	Created main_body_questionnaire = TextStim(__class__=<class 'psychopy.visual.text.TextStim'>, alignHoriz=method-wrapper(...), alignText='center', alignVert=method-wrapper(...), anchorHoriz='center', anchorVert='center', antialias=True, autoDraw=False, autoLog=True, bold=False, color=array([1., 1., 1.]), colorSpace='rgb', contrast=1.0, depth=0.0, draggable=False, flipHoriz=False, flipVert=False, font='Noto Sans SC', fontFiles=[], height=0.05, italic=False, languageStyle='LTR', name='main_body_questionnaire', opacity=1, ori=0.0, pos=array([0. , 0.3]), rgb=UNKNOWN, text='我刚才的思维内容：', units='height', win=Window(...), wrapWidth=1)
16.5471 	EXP 	Created item_text = TextStim(__class__=<class 'psychopy.visual.text.TextStim'>, alignHoriz=method-wrapper(...), alignText='center', alignVert=method-wrapper(...), anchorHoriz='center', anchorVert='center', antialias=True, autoDraw=False, autoLog=True, bold=False, color=array([1., 1., 1.]), colorSpace='rgb', contrast=1.0, depth=-1.0, draggable=False, flipHoriz=False, flipVert=False, font='Noto Sans SC', fontFiles=[], height=0.05, italic=False, languageStyle='LTR', name='item_text', opacity=1, ori=0.0, pos=array([0. , 0.1]), rgb=UNKNOWN, text='', units='height', win=Window(...), wrapWidth=1)
16.5523 	DEBUG 	TextBox2 loaded 1 chars with 0 blanks and 1 valid
16.5535 	DEBUG 	TextBox2 loaded 1 chars with 0 blanks and 1 valid
16.5547 	DEBUG 	TextBox2 loaded 1 chars with 0 blanks and 1 valid
16.5559 	DEBUG 	TextBox2 loaded 1 chars with 0 blanks and 1 valid
16.5560 	DEBUG 	Uploading Texture Font fontname to graphics card
16.5575 	DEBUG 	Upload of Texture Font fontname complete
16.5778 	DEBUG 	TextBox2 loaded 1 chars with 0 blanks and 1 valid
16.5791 	DEBUG 	TextBox2 loaded 1 chars with 0 blanks and 1 valid
16.5792 	DEBUG 	Uploading Texture Font fontname to graphics card
16.5808 	DEBUG 	Upload of Texture Font fontname complete
16.6008 	DEBUG 	TextBox2 loaded 1 chars with 0 blanks and 1 valid
16.6020 	DEBUG 	TextBox2 loaded 1 chars with 0 blanks and 1 valid
16.6032 	DEBUG 	TextBox2 loaded 1 chars with 0 blanks and 1 valid
16.6044 	DEBUG 	TextBox2 loaded 1 chars with 0 blanks and 1 valid
16.6046 	DEBUG 	Uploading Texture Font fontname to graphics card
16.6061 	DEBUG 	Upload of Texture Font fontname complete
16.6248 	EXP 	Created slider_thinking_content = Slider(__class__=<class 'psychopy.visual.slider.Slider'>, autoDraw=False, autoLog=True, borderColor=None, color=None, colorSpace='rgb', depth=-2, fillColor=None, flip=False, font='Noto Sans SC', granularity=1.0, labelColor=None, labelHeight=0.04, labelWrapWidth=None, labels=['完全没有', '', '', '', '一般', '', '', '', '几乎都是'], lineColor=None, markerColor=None, name='slider_thinking_content', opacity=None, ori=0.0, pos=array([ 0. , -0.1]), readOnly=False, self=UNKNOWN, size=array([1. , 0.1]), startValue=5, style='rating', styleTweaks=[], ticks=array([1, 2, 3, 4, 5, 6, 7, 8, 9]), units='height', win=Window(...))
16.6254 	EXP 	Created text_refresh = TextStim(__class__=<class 'psychopy.visual.text.TextStim'>, alignHoriz=method-wrapper(...), alignText='center', alignVert=method-wrapper(...), anchorHoriz='center', anchorVert='center', antialias=True, autoDraw=False, autoLog=True, bold=False, color=array([1., 1., 1.]), colorSpace='rgb', contrast=1.0, depth=0.0, draggable=False, flipHoriz=False, flipVert=False, font='Arial', fontFiles=[], height=0.05, italic=False, languageStyle='LTR', name='text_refresh', opacity=1, ori=0.0, pos=array([0., 0.]), rgb=UNKNOWN, text='', units='height', win=Window(...), wrapWidth=1)
16.6294 	EXP 	Created goodbye_text = TextStim(__class__=<class 'psychopy.visual.text.TextStim'>, alignHoriz=method-wrapper(...), alignText='center', alignVert=method-wrapper(...), anchorHoriz='center', anchorVert='center', antialias=True, autoDraw=False, autoLog=True, bold=False, color=array([1., 1., 1.]), colorSpace='rgb', contrast=1.0, depth=0.0, draggable=False, flipHoriz=False, flipVert=False, font='Noto Sans SC', fontFiles=[], height=0.05, italic=False, languageStyle='LTR', name='goodbye_text', opacity=1, ori=0.0, pos=array([0., 0.]), rgb=UNKNOWN, text='本阶段结束，请等待下一阶段的扫描。\n\n', units='height', win=Window(...), wrapWidth=1)
0.0050 	EXP 	slider_emotion: autoLog = True
0.0050 	EXP 	slider_emotion: styleTweaks = []
0.0050 	EXP 	slider_emotion: styleTweaks = []
0.0050 	EXP 	slider_emotion: styleTweaks = []
0.0050 	EXP 	slider_emotion: styleTweaks = []
0.0050 	EXP 	slider_emotion: contrast = 1.0
0.0050 	EXP 	slider_emotion: markerPos = 5
0.0050 	EXP 	slider_emotion: autoLog = True
0.0050 	EXP 	slider_thinking_content: autoLog = True
0.0050 	EXP 	slider_thinking_content: styleTweaks = []
0.0050 	EXP 	slider_thinking_content: styleTweaks = []
0.0050 	EXP 	slider_thinking_content: styleTweaks = []
0.0050 	EXP 	slider_thinking_content: styleTweaks = []
0.0050 	EXP 	slider_thinking_content: contrast = 1.0
0.0050 	EXP 	slider_thinking_content: markerPos = 5
0.0050 	EXP 	slider_thinking_content: autoLog = True
0.0137 	INFO 	Keyboard events cleared
0.0134 	EXP 	image_rum_instruct: autoDraw = True
3.4078 	DATA 	Keypress: 3
3.4099 	WARNING 	t of last frame was 24.49ms (=1/40)
3.4099 	EXP 	image_rum_instruct: autoDraw = False
3.4099 	EXP 	text_refresh: autoDraw = True
3.7022 	INFO 	Keyboard events cleared
3.7020 	EXP 	text_refresh: autoDraw = False
3.7020 	EXP 	text_refresh: autoDraw = False
3.7020 	EXP 	wait4trigger_text: autoDraw = True
4.7062 	DATA 	Keypress: s
4.7136 	EXP 	wait4trigger_text: autoDraw = False
4.7136 	EXP 	fake_stimulus_text: autoDraw = True
6.7032 	DEBUG 	Read excel file with openpyxl: rum_prompt_image.xlsx
6.7034 	EXP 	Imported rum_prompt_image.xlsx as conditions, 4 conditions, 2 params
6.7040 	EXP 	New trial (rep=0, index=0): <Trial 0 (0 in rep 0) data={'prompt_number': 3, 'prompt_image': 'stimuli/rum_prompt_3.png', 'thisN': 0, 'thisTrialN': 0, 'thisRepN': 0}>
6.7562 	WARNING 	t of last frame was 59.19ms (=1/16)
6.7562 	EXP 	fake_stimulus_text: autoDraw = False
6.7562 	EXP 	fake_stimulus_text: autoDraw = False
6.7562 	EXP 	image_rum: image = 'stimuli/rum_prompt_3.png'
6.7562 	EXP 	image_rum: autoDraw = True
11.1233 	WARNING 	t of last frame was 21.25ms (=1/47)
11.7161 	EXP 	New trial (rep=0, index=1): <Trial 1 (1 in rep 0) data={'prompt_number': 1, 'prompt_image': 'stimuli/rum_prompt_1.png', 'thisN': 1, 'thisTrialN': 1, 'thisRepN': 0}>
11.7835 	WARNING 	t of last frame was 69.50ms (=1/14)
11.7835 	EXP 	image_rum: autoDraw = False
11.7835 	EXP 	image_rum: image = 'stimuli/rum_prompt_1.png'
11.7835 	EXP 	image_rum: autoDraw = True
15.5992 	WARNING 	Multiple dropped frames have occurred - I'll stop bothering you about them!
16.7071 	EXP 	New trial (rep=0, index=2): <Trial 2 (2 in rep 0) data={'prompt_number': 2, 'prompt_image': 'stimuli/rum_prompt_2.png', 'thisN': 2, 'thisTrialN': 2, 'thisRepN': 0}>
16.7794 	EXP 	image_rum: autoDraw = False
16.7794 	EXP 	image_rum: image = 'stimuli/rum_prompt_2.png'
16.7794 	EXP 	image_rum: autoDraw = True
21.7100 	EXP 	New trial (rep=0, index=3): <Trial 3 (3 in rep 0) data={'prompt_number': 4, 'prompt_image': 'stimuli/rum_prompt_4.png', 'thisN': 3, 'thisTrialN': 3, 'thisRepN': 0}>
21.7774 	EXP 	image_rum: autoDraw = False
21.7774 	EXP 	image_rum: image = 'stimuli/rum_prompt_4.png'
21.7774 	EXP 	image_rum: autoDraw = True
26.7150 	EXP 	image_rum: autoDraw = False
26.7150 	EXP 	text_refresh: autoDraw = True
27.0073 	INFO 	Keyboard events cleared
27.0070 	EXP 	text_refresh: autoDraw = False
27.0070 	EXP 	text_refresh: autoDraw = False
27.0070 	EXP 	image_emotional_instruct: autoDraw = True
37.5031 	DATA 	Keypress: 3
37.5056 	EXP 	image_emotional_instruct: autoDraw = False
37.5056 	EXP 	text_refresh: autoDraw = True
37.8183 	INFO 	Keyboard events cleared
37.8179 	EXP 	text_refresh: autoDraw = False
37.8179 	EXP 	text_refresh: autoDraw = False
37.8179 	EXP 	slider_emotion: markerPos = None
37.8179 	EXP 	slider_emotion: markerPos = 5
37.8179 	EXP 	slider_emotion: markerPos = 5
37.8179 	EXP 	rate_emotion_prompt: autoDraw = True
37.8179 	EXP 	slider_emotion: autoDraw = True
38.6095 	DATA 	Keypress: 1
38.6321 	EXP 	slider_emotion: markerPos = 4.0
38.8160 	DATA 	Keypress: 1
38.8351 	EXP 	slider_emotion: markerPos = 3.0
39.1527 	DATA 	Keypress: 3
39.1685 	EXP 	rate_emotion_prompt: autoDraw = False
39.1685 	EXP 	slider_emotion: autoDraw = False
39.1685 	EXP 	text_refresh: autoDraw = True
39.4682 	INFO 	Keyboard events cleared
39.4679 	EXP 	text_refresh: autoDraw = False
39.4679 	EXP 	text_refresh: autoDraw = False
39.4679 	EXP 	image_think_content_instruct: autoDraw = True
39.6533 	DATA 	Keypress: 2
39.8368 	DATA 	Keypress: 2
40.3390 	DATA 	Keypress: 4
40.3505 	EXP 	image_think_content_instruct: autoDraw = False
40.3505 	EXP 	text_refresh: autoDraw = True
40.6404 	DEBUG 	Read excel file with openpyxl: think_content_condition_task.xlsx
40.6407 	EXP 	Imported think_content_condition_task.xlsx as conditions, 11 conditions, 2 params
40.6409 	EXP 	New trial (rep=0, index=0): <Trial 0 (0 in rep 0) data={'item': '是关于过去的事情', 'number': 1, 'thisN': 0, 'thisTrialN': 0, 'thisRepN': 0}>
40.6586 	INFO 	Keyboard events cleared
40.6584 	EXP 	text_refresh: autoDraw = False
40.6584 	EXP 	text_refresh: autoDraw = False
40.6584 	EXP 	item_text: height = 0.05
40.6584 	EXP 	item_text: height = 0.05
40.6584 	EXP 	item_text: height = 0.05
40.6584 	EXP 	item_text: text = '是关于过去的事情'
40.6584 	EXP 	slider_thinking_content: markerPos = None
40.6584 	EXP 	slider_thinking_content: markerPos = 5
40.6584 	EXP 	slider_thinking_content: markerPos = 5
40.6584 	EXP 	main_body_questionnaire: autoDraw = True
40.6584 	EXP 	item_text: autoDraw = True
40.6584 	EXP 	slider_thinking_content: autoDraw = True
41.1196 	DATA 	Keypress: 2
41.1351 	EXP 	slider_thinking_content: markerPos = 6.0
41.3029 	DATA 	Keypress: 2
41.3341 	EXP 	slider_thinking_content: markerPos = 7.0
41.5017 	DATA 	Keypress: 3
41.5049 	EXP 	main_body_questionnaire: autoDraw = False
41.5049 	EXP 	item_text: autoDraw = False
41.5049 	EXP 	slider_thinking_content: autoDraw = False
41.5049 	EXP 	text_refresh: autoDraw = True
41.8034 	EXP 	New trial (rep=0, index=1): <Trial 1 (1 in rep 0) data={'item': '是关于将来的事情', 'number': 2, 'thisN': 1, 'thisTrialN': 1, 'thisRepN': 0}>
41.8340 	INFO 	Keyboard events cleared
41.8337 	EXP 	text_refresh: autoDraw = False
41.8337 	EXP 	item_text: height = 0.05
41.8337 	EXP 	item_text: height = 0.05
41.8337 	EXP 	item_text: height = 0.05
41.8337 	EXP 	item_text: text = '是关于将来的事情'
41.8337 	EXP 	slider_thinking_content: markerPos = None
41.8337 	EXP 	slider_thinking_content: markerPos = 5
41.8337 	EXP 	slider_thinking_content: markerPos = 5
41.8337 	EXP 	main_body_questionnaire: autoDraw = True
41.8337 	EXP 	item_text: autoDraw = True
41.8337 	EXP 	slider_thinking_content: autoDraw = True
42.0081 	DATA 	Keypress: 2
42.0197 	EXP 	slider_thinking_content: markerPos = 6.0
42.2190 	DATA 	Keypress: 2
42.2504 	EXP 	slider_thinking_content: markerPos = 7.0
42.4038 	DATA 	Keypress: 3
42.4197 	EXP 	main_body_questionnaire: autoDraw = False
42.4197 	EXP 	item_text: autoDraw = False
42.4197 	EXP 	slider_thinking_content: autoDraw = False
42.4197 	EXP 	text_refresh: autoDraw = True
42.7037 	EXP 	New trial (rep=0, index=2): <Trial 2 (2 in rep 0) data={'item': '是关于我自己的', 'number': 3, 'thisN': 2, 'thisTrialN': 2, 'thisRepN': 0}>
42.7346 	INFO 	Keyboard events cleared
42.7343 	EXP 	text_refresh: autoDraw = False
42.7343 	EXP 	text_refresh: autoDraw = False
42.7343 	EXP 	item_text: height = 0.05
42.7343 	EXP 	item_text: height = 0.05
42.7343 	EXP 	item_text: height = 0.05
42.7343 	EXP 	item_text: text = '是关于我自己的'
42.7343 	EXP 	slider_thinking_content: markerPos = None
42.7343 	EXP 	slider_thinking_content: markerPos = 5
42.7343 	EXP 	slider_thinking_content: markerPos = 5
42.7343 	EXP 	main_body_questionnaire: autoDraw = True
42.7343 	EXP 	item_text: autoDraw = True
42.7343 	EXP 	slider_thinking_content: autoDraw = True
43.1040 	DATA 	Keypress: 1
43.1353 	EXP 	slider_thinking_content: markerPos = 4.0
43.2549 	DATA 	Keypress: 1
43.2854 	EXP 	slider_thinking_content: markerPos = 3.0
43.5084 	DATA 	Keypress: 3
43.5353 	EXP 	main_body_questionnaire: autoDraw = False
43.5353 	EXP 	item_text: autoDraw = False
43.5353 	EXP 	slider_thinking_content: autoDraw = False
43.5353 	EXP 	text_refresh: autoDraw = True
43.8198 	EXP 	New trial (rep=0, index=3): <Trial 3 (3 in rep 0) data={'item': '是关于他人的', 'number': 4, 'thisN': 3, 'thisTrialN': 3, 'thisRepN': 0}>
43.8508 	INFO 	Keyboard events cleared
43.8505 	EXP 	text_refresh: autoDraw = False
43.8505 	EXP 	text_refresh: autoDraw = False
43.8505 	EXP 	item_text: height = 0.05
43.8505 	EXP 	item_text: height = 0.05
43.8505 	EXP 	item_text: height = 0.05
43.8505 	EXP 	item_text: text = '是关于他人的'
43.8505 	EXP 	slider_thinking_content: markerPos = None
43.8505 	EXP 	slider_thinking_content: markerPos = 5
43.8505 	EXP 	slider_thinking_content: markerPos = 5
43.8505 	EXP 	main_body_questionnaire: autoDraw = True
43.8505 	EXP 	item_text: autoDraw = True
43.8505 	EXP 	slider_thinking_content: autoDraw = True
43.9037 	DATA 	Keypress: 2
43.9182 	EXP 	slider_thinking_content: markerPos = 6.0
44.0871 	DATA 	Keypress: 2
44.1021 	EXP 	slider_thinking_content: markerPos = 7.0
44.3536 	DATA 	Keypress: 3
44.3664 	EXP 	main_body_questionnaire: autoDraw = False
44.3664 	EXP 	item_text: autoDraw = False
44.3664 	EXP 	slider_thinking_content: autoDraw = False
44.3664 	EXP 	text_refresh: autoDraw = True
44.6533 	EXP 	New trial (rep=0, index=4): <Trial 4 (4 in rep 0) data={'item': '是正性的、积极的事件', 'number': 5, 'thisN': 4, 'thisTrialN': 4, 'thisRepN': 0}>
44.6840 	INFO 	Keyboard events cleared
44.6838 	EXP 	text_refresh: autoDraw = False
44.6838 	EXP 	text_refresh: autoDraw = False
44.6838 	EXP 	item_text: height = 0.05
44.6838 	EXP 	item_text: height = 0.05
44.6838 	EXP 	item_text: height = 0.05
44.6838 	EXP 	item_text: text = '是正性的、积极的事件'
44.6838 	EXP 	slider_thinking_content: markerPos = None
44.6838 	EXP 	slider_thinking_content: markerPos = 5
44.6838 	EXP 	slider_thinking_content: markerPos = 5
44.6838 	EXP 	main_body_questionnaire: autoDraw = True
44.6838 	EXP 	item_text: autoDraw = True
44.6838 	EXP 	slider_thinking_content: autoDraw = True
44.9804 	DATA 	Keypress: 3
45.0011 	EXP 	main_body_questionnaire: autoDraw = False
45.0011 	EXP 	item_text: autoDraw = False
45.0011 	EXP 	slider_thinking_content: autoDraw = False
45.0011 	EXP 	text_refresh: autoDraw = True
45.2873 	EXP 	New trial (rep=0, index=5): <Trial 5 (5 in rep 0) data={'item': '是负性的、消极的事件', 'number': 6, 'thisN': 5, 'thisTrialN': 5, 'thisRepN': 0}>
45.3175 	INFO 	Keyboard events cleared
45.3173 	EXP 	text_refresh: autoDraw = False
45.3173 	EXP 	text_refresh: autoDraw = False
45.3173 	EXP 	item_text: height = 0.05
45.3173 	EXP 	item_text: height = 0.05
45.3173 	EXP 	item_text: height = 0.05
45.3173 	EXP 	item_text: text = '是负性的、消极的事件'
45.3173 	EXP 	slider_thinking_content: markerPos = None
45.3173 	EXP 	slider_thinking_content: markerPos = 5
45.3173 	EXP 	slider_thinking_content: markerPos = 5
45.3173 	EXP 	main_body_questionnaire: autoDraw = True
45.3173 	EXP 	item_text: autoDraw = True
45.3173 	EXP 	slider_thinking_content: autoDraw = True
45.6025 	DATA 	Keypress: 2
45.6188 	EXP 	slider_thinking_content: markerPos = 6.0
45.8048 	DATA 	Keypress: 2
45.8335 	EXP 	slider_thinking_content: markerPos = 7.0
46.0712 	DATA 	Keypress: 3
46.0849 	EXP 	main_body_questionnaire: autoDraw = False
46.0849 	EXP 	item_text: autoDraw = False
46.0849 	EXP 	slider_thinking_content: autoDraw = False
46.0849 	EXP 	text_refresh: autoDraw = True
46.3696 	EXP 	New trial (rep=0, index=6): <Trial 6 (6 in rep 0) data={'item': '是以图像或意象的形式进行思维', 'number': 7, 'thisN': 6, 'thisTrialN': 6, 'thisRepN': 0}>
46.3863 	INFO 	Keyboard events cleared
46.3861 	EXP 	text_refresh: autoDraw = False
46.3861 	EXP 	text_refresh: autoDraw = False
46.3861 	EXP 	item_text: height = 0.05
46.3861 	EXP 	item_text: height = 0.05
46.3861 	EXP 	item_text: height = 0.05
46.3861 	EXP 	item_text: text = '是以图像或意象的形式进行思维'
46.3861 	EXP 	slider_thinking_content: markerPos = None
46.3861 	EXP 	slider_thinking_content: markerPos = 5
46.3861 	EXP 	slider_thinking_content: markerPos = 5
46.3861 	EXP 	main_body_questionnaire: autoDraw = True
46.3861 	EXP 	item_text: autoDraw = True
46.3861 	EXP 	slider_thinking_content: autoDraw = True
46.7048 	DATA 	Keypress: 2
46.7354 	EXP 	slider_thinking_content: markerPos = 6.0
47.1875 	DATA 	Keypress: 1
47.2019 	EXP 	slider_thinking_content: markerPos = 5.0
47.3922 	DATA 	Keypress: 1
47.4187 	EXP 	slider_thinking_content: markerPos = 4.0
47.6707 	DATA 	Keypress: 3
47.6854 	EXP 	main_body_questionnaire: autoDraw = False
47.6854 	EXP 	item_text: autoDraw = False
47.6854 	EXP 	slider_thinking_content: autoDraw = False
47.6854 	EXP 	text_refresh: autoDraw = True
47.9706 	EXP 	New trial (rep=0, index=7): <Trial 7 (7 in rep 0) data={'item': '是以内部言语的形式进行思维', 'number': 8, 'thisN': 7, 'thisTrialN': 7, 'thisRepN': 0}>
47.9854 	INFO 	Keyboard events cleared
47.9853 	EXP 	text_refresh: autoDraw = False
47.9853 	EXP 	text_refresh: autoDraw = False
47.9853 	EXP 	item_text: height = 0.05
47.9853 	EXP 	item_text: height = 0.05
47.9853 	EXP 	item_text: height = 0.05
47.9853 	EXP 	item_text: text = '是以内部言语的形式进行思维'
47.9853 	EXP 	slider_thinking_content: markerPos = None
47.9853 	EXP 	slider_thinking_content: markerPos = 5
47.9853 	EXP 	slider_thinking_content: markerPos = 5
47.9853 	EXP 	main_body_questionnaire: autoDraw = True
47.9853 	EXP 	item_text: autoDraw = True
47.9853 	EXP 	slider_thinking_content: autoDraw = True
48.4203 	DATA 	Keypress: 3
48.4355 	EXP 	main_body_questionnaire: autoDraw = False
48.4355 	EXP 	item_text: autoDraw = False
48.4355 	EXP 	slider_thinking_content: autoDraw = False
48.4355 	EXP 	text_refresh: autoDraw = True
48.7213 	EXP 	New trial (rep=0, index=8): <Trial 8 (8 in rep 0) data={'item': '让我感到开心', 'number': 9, 'thisN': 8, 'thisTrialN': 8, 'thisRepN': 0}>
48.7351 	INFO 	Keyboard events cleared
48.7349 	EXP 	text_refresh: autoDraw = False
48.7349 	EXP 	text_refresh: autoDraw = False
48.7349 	EXP 	item_text: height = 0.05
48.7349 	EXP 	item_text: height = 0.05
48.7349 	EXP 	item_text: height = 0.05
48.7349 	EXP 	item_text: text = '让我感到开心'
48.7349 	EXP 	slider_thinking_content: markerPos = None
48.7349 	EXP 	slider_thinking_content: markerPos = 5
48.7349 	EXP 	slider_thinking_content: markerPos = 5
48.7349 	EXP 	main_body_questionnaire: autoDraw = True
48.7349 	EXP 	item_text: autoDraw = True
48.7349 	EXP 	slider_thinking_content: autoDraw = True
48.9520 	DATA 	Keypress: 2
48.9688 	EXP 	slider_thinking_content: markerPos = 6.0
49.1877 	DATA 	Keypress: 2
49.2022 	EXP 	slider_thinking_content: markerPos = 7.0
49.3584 	DATA 	Keypress: 3
49.3832 	EXP 	main_body_questionnaire: autoDraw = False
49.3832 	EXP 	item_text: autoDraw = False
49.3832 	EXP 	slider_thinking_content: autoDraw = False
49.3832 	EXP 	text_refresh: autoDraw = True
49.6699 	EXP 	New trial (rep=0, index=9): <Trial 9 (9 in rep 0) data={'item': '让我感到悲伤', 'number': 10, 'thisN': 9, 'thisTrialN': 9, 'thisRepN': 0}>
49.6854 	INFO 	Keyboard events cleared
49.6852 	EXP 	text_refresh: autoDraw = False
49.6852 	EXP 	text_refresh: autoDraw = False
49.6852 	EXP 	item_text: height = 0.05
49.6852 	EXP 	item_text: height = 0.05
49.6852 	EXP 	item_text: height = 0.05
49.6852 	EXP 	item_text: text = '让我感到悲伤'
49.6852 	EXP 	slider_thinking_content: markerPos = None
49.6852 	EXP 	slider_thinking_content: markerPos = 5
49.6852 	EXP 	slider_thinking_content: markerPos = 5
49.6852 	EXP 	main_body_questionnaire: autoDraw = True
49.6852 	EXP 	item_text: autoDraw = True
49.6852 	EXP 	slider_thinking_content: autoDraw = True
49.8428 	DATA 	Keypress: 1
49.8686 	EXP 	slider_thinking_content: markerPos = 4.0
50.3534 	DATA 	Keypress: 3
50.3683 	EXP 	main_body_questionnaire: autoDraw = False
50.3683 	EXP 	item_text: autoDraw = False
50.3683 	EXP 	slider_thinking_content: autoDraw = False
50.3683 	EXP 	text_refresh: autoDraw = True
50.6537 	EXP 	New trial (rep=0, index=10): <Trial 10 (10 in rep 0) data={'item': '有多少是在“走神”', 'number': 11, 'thisN': 10, 'thisTrialN': 10, 'thisRepN': 0}>
50.6681 	INFO 	Keyboard events cleared
50.6679 	EXP 	text_refresh: autoDraw = False
50.6679 	EXP 	text_refresh: autoDraw = False
50.6679 	EXP 	item_text: height = 0.05
50.6679 	EXP 	item_text: height = 0.05
50.6679 	EXP 	item_text: height = 0.05
50.6679 	EXP 	item_text: text = '有多少是在“走神”'
50.6679 	EXP 	slider_thinking_content: markerPos = None
50.6679 	EXP 	slider_thinking_content: markerPos = 5
50.6679 	EXP 	slider_thinking_content: markerPos = 5
50.6679 	EXP 	main_body_questionnaire: autoDraw = True
50.6679 	EXP 	item_text: autoDraw = True
50.6679 	EXP 	slider_thinking_content: autoDraw = True
51.0548 	DATA 	Keypress: 3
51.0687 	EXP 	main_body_questionnaire: autoDraw = False
51.0687 	EXP 	item_text: autoDraw = False
51.0687 	EXP 	slider_thinking_content: autoDraw = False
51.0687 	EXP 	text_refresh: autoDraw = True
51.3692 	INFO 	Keyboard events cleared
51.3690 	EXP 	text_refresh: autoDraw = False
51.3690 	EXP 	text_refresh: autoDraw = False
51.3690 	EXP 	goodbye_text: autoDraw = True
52.0389 	DATA 	Keypress: s
52.2547 	DATA 	Keypress: s
52.9032 	DATA 	Keypress: escape
52.9875 	EXP 	rumination: status = STOPPED
53.0024 	EXP 	goodbye_text: autoDraw = False
53.0036 	EXP 	rumination: status = STOPPED
53.0106 	INFO 	saved data to '/Users/Chenxiao/Documents/project_codes/RST_Chinese_beta/data/999_rumination_2025-06-16_16h22.43.290.csv'
53.0114 	INFO 	saved data to /Users/Chenxiao/Documents/project_codes/RST_Chinese_beta/data/999_rumination_2025-06-16_16h22.43.290.psydat
53.1777 	DEBUG 	Saving data for rumination ExperimentHandler
