10.4030 	WARNING 	Font Manager failed to load file /System/Library/PrivateFrameworks/FontServices.framework/Resources/Reserved/PingFangUI.ttc
12.1785 	DEBUG 	Fullscreen settings ignored as running in pilot mode.
12.1796 	INFO 	Loaded monitor calibration from ['2022_04_19 09:31']
12.1801 	WARNING 	This monitor has not been color-calibrated. Using default DKL conversion matrix.
12.2741 	WARNING 	This monitor has not been color-calibrated. Using default DKL conversion matrix.
12.2742 	WARNING 	This monitor has not been color-calibrated. Using default DKL conversion matrix.
12.3306 	EXP 	Created window1 = Window(allowGUI=False, allowStencil=False, autoLog=True, backendConf=UNKNOWN, backgroundFit=<method-wrapper '__getattribute__' of attributeSetter object at 0x17c0aaad0>, backgroundImage=<method-wrapper '__getattribute__' of attributeSetter object at 0x17c0aab30>, bitsMode=UNKNOWN, blendMode='avg', bpc=(8, 8, 8), color=array([0, 0, 0]), colorSpace='dkl', depthBits=8, fullscr=True, gamma=None, gammaErrorPolicy='raise', infoMsg=UNKNOWN, lms=UNKNOWN, monitor=<psychopy.monitors.calibTools.Monitor object at 0x17c128580>, multiSample=False, name='window1', numSamples=2, pos=[0.0, 0.0], screen=0, size=array([3840, 2160]), stencilBits=0, stereo=False, title='PsychoPy', units='height', useFBO=True, useRetina=True, viewOri=0.0, viewPos=None, viewScale=None, waitBlanking=True, winType='pyglet')
12.3306 	EXP 	window1: backgroundImage = ''
12.3306 	EXP 	window1: backgroundFit = 'none'
12.3385 	DEBUG 	TextBox2 loaded 1 chars with 0 blanks and 1 valid
12.3395 	DEBUG 	TextBox2 loaded 1 chars with 0 blanks and 1 valid
12.3405 	DEBUG 	TextBox2 loaded 1 chars with 0 blanks and 1 valid
12.3420 	DEBUG 	TextBox2 loaded 1 chars with 0 blanks and 1 valid
12.3435 	DEBUG 	TextBox2 loaded 1 chars with 0 blanks and 1 valid
12.3440 	DEBUG 	TextBox2 loaded 1 chars with 0 blanks and 1 valid
12.3450 	DEBUG 	TextBox2 loaded 1 chars with 0 blanks and 1 valid
12.3465 	DEBUG 	TextBox2 loaded 1 chars with 0 blanks and 1 valid
12.3467 	DEBUG 	TextBox2 loaded 1 chars with 0 blanks and 1 valid
12.3468 	DEBUG 	TextBox2 loaded 1 chars with 0 blanks and 1 valid
12.3479 	DEBUG 	TextBox2 loaded 1 chars with 0 blanks and 1 valid
12.3489 	DEBUG 	TextBox2 loaded 1 chars with 0 blanks and 1 valid
12.3499 	DEBUG 	TextBox2 loaded 1 chars with 0 blanks and 1 valid
12.3508 	DEBUG 	TextBox2 loaded 1 chars with 0 blanks and 1 valid
12.3516 	DEBUG 	TextBox2 loaded 1 chars with 0 blanks and 1 valid
12.3527 	DEBUG 	TextBox2 loaded 1 chars with 0 blanks and 1 valid
12.3536 	DEBUG 	TextBox2 loaded 1 chars with 0 blanks and 1 valid
12.3539 	DEBUG 	TextBox2 loaded 1 chars with 0 blanks and 1 valid
12.3544 	DEBUG 	TextBox2 loaded 1 chars with 0 blanks and 1 valid
12.3558 	DEBUG 	TextBox2 loaded 1 chars with 0 blanks and 1 valid
12.3560 	DEBUG 	TextBox2 loaded 1 chars with 0 blanks and 1 valid
12.3563 	DEBUG 	Uploading Texture Font fontname to graphics card
12.3596 	DEBUG 	Upload of Texture Font fontname complete
12.3644 	DEBUG 	TextBox2 loaded 1 chars with 0 blanks and 1 valid
12.3659 	DEBUG 	TextBox2 loaded 1 chars with 0 blanks and 1 valid
12.3672 	DEBUG 	TextBox2 loaded 1 chars with 0 blanks and 1 valid
12.3674 	DEBUG 	Uploading Texture Font fontname to graphics card
12.3689 	DEBUG 	Upload of Texture Font fontname complete
12.3701 	EXP 	window1: Attempting to measure frame rate of screen (0) ...
12.3701 	EXP 	window1: recordFrameIntervals = False
12.5011 	EXP 	window1: recordFrameIntervals = True
13.3582 	WARNING 	Couldn't measure a consistent frame rate!
  - Is your graphics card set to sync to vertical blank?
  - Are you running other processes on your computer?

13.3686 	DEBUG 	TextBox2 loaded 1 chars with 0 blanks and 1 valid
13.3696 	DEBUG 	TextBox2 loaded 1 chars with 0 blanks and 1 valid
13.3718 	DEBUG 	TextBox2 loaded 1 chars with 0 blanks and 1 valid
13.3751 	DEBUG 	TextBox2 loaded 1 chars with 0 blanks and 1 valid
13.3776 	DEBUG 	TextBox2 loaded 1 chars with 0 blanks and 1 valid
13.3804 	DEBUG 	TextBox2 loaded 1 chars with 0 blanks and 1 valid
13.3810 	DEBUG 	TextBox2 loaded 1 chars with 0 blanks and 1 valid
13.3830 	DEBUG 	TextBox2 loaded 1 chars with 0 blanks and 1 valid
13.3852 	DEBUG 	TextBox2 loaded 1 chars with 0 blanks and 1 valid
13.3873 	DEBUG 	TextBox2 loaded 1 chars with 0 blanks and 1 valid
13.3876 	DEBUG 	Uploading Texture Font fontname to graphics card
13.3905 	DEBUG 	Upload of Texture Font fontname complete
15.3205 	INFO 	keyboard.Keyboard is using iohub backend.
15.3206 	INFO 	keyboard.Keyboard is using iohub backend.
15.3206 	INFO 	keyboard.Keyboard is using iohub backend.
15.3206 	INFO 	keyboard.Keyboard is using iohub backend.
15.3206 	INFO 	keyboard.Keyboard is using iohub backend.
15.3206 	EXP 	resting_state_demo: status = STARTED
15.3897 	EXP 	Created image_welcome = ImageStim(__class__=<class 'psychopy.visual.image.ImageStim'>, anchor=('center', 'center'), autoLog=True, color=array([1., 1., 1.]), colorSpace='rgb', contrast=1.0, depth=0.0, draggable=False, flipHoriz=False, flipVert=False, image='stimuli/welcome.png', interpolate=True, mask=None, maskParams=None, name='image_welcome', opacity=1, ori=0.0, pos=array([0., 0.]), size=array([1.1  , 0.825]), texRes=128.0, units='height', win=Window(...))
15.4007 	EXP 	Created text_refresh = TextStim(__class__=<class 'psychopy.visual.text.TextStim'>, alignHoriz=method-wrapper(...), alignText='center', alignVert=method-wrapper(...), anchorHoriz='center', anchorVert='center', antialias=True, autoDraw=False, autoLog=True, bold=False, color=array([1., 1., 1.]), colorSpace='rgb', contrast=1.0, depth=0.0, draggable=False, flipHoriz=False, flipVert=False, font='Arial', fontFiles=[], height=0.05, italic=False, languageStyle='LTR', name='text_refresh', opacity=1, ori=0.0, pos=array([0., 0.]), rgb=UNKNOWN, text='', units='height', win=Window(...), wrapWidth=1)
15.4185 	EXP 	Created rate_emotion_prompt = TextStim(__class__=<class 'psychopy.visual.text.TextStim'>, alignHoriz=method-wrapper(...), alignText='center', alignVert=method-wrapper(...), anchorHoriz='center', anchorVert='center', antialias=True, autoDraw=False, autoLog=True, bold=False, color=array([1., 1., 1.]), colorSpace='rgb', contrast=1.0, depth=0.0, draggable=False, flipHoriz=False, flipVert=False, font='Heiti SC', fontFiles=[], height=0.05, italic=False, languageStyle='LTR', name='rate_emotion_prompt', opacity=1, ori=0.0, pos=array([0. , 0.2]), rgb=UNKNOWN, text='请使用数字描述您目前的情绪状态：', units='height', win=Window(...), wrapWidth=1)
15.7810 	WARNING 	Font b'Heiti SC' was requested. No similar font found.
15.7889 	DEBUG 	TextBox2 loaded 1 chars with 0 blanks and 1 valid
15.7900 	DEBUG 	TextBox2 loaded 1 chars with 0 blanks and 1 valid
15.7910 	DEBUG 	TextBox2 loaded 1 chars with 0 blanks and 1 valid
15.7920 	DEBUG 	TextBox2 loaded 1 chars with 0 blanks and 1 valid
15.7928 	DEBUG 	TextBox2 loaded 1 chars with 0 blanks and 1 valid
15.7930 	DEBUG 	Uploading Texture Font fontname to graphics card
15.7980 	DEBUG 	Upload of Texture Font fontname complete
16.1485 	WARNING 	Font b'Heiti SC' was requested. No similar font found.
16.1545 	DEBUG 	TextBox2 loaded 1 chars with 0 blanks and 1 valid
16.1558 	DEBUG 	TextBox2 loaded 1 chars with 0 blanks and 1 valid
16.1568 	DEBUG 	TextBox2 loaded 1 chars with 0 blanks and 1 valid
16.1575 	DEBUG 	TextBox2 loaded 1 chars with 0 blanks and 1 valid
16.1578 	DEBUG 	TextBox2 loaded 1 chars with 0 blanks and 1 valid
16.1581 	DEBUG 	TextBox2 loaded 1 chars with 0 blanks and 1 valid
16.1588 	DEBUG 	TextBox2 loaded 1 chars with 0 blanks and 1 valid
16.1594 	DEBUG 	TextBox2 loaded 1 chars with 0 blanks and 1 valid
16.1597 	DEBUG 	TextBox2 loaded 1 chars with 0 blanks and 1 valid
16.1600 	DEBUG 	TextBox2 loaded 1 chars with 0 blanks and 1 valid
16.1605 	DEBUG 	Uploading Texture Font fontname to graphics card
16.1649 	DEBUG 	Upload of Texture Font fontname complete
16.5172 	WARNING 	Font b'Heiti SC' was requested. No similar font found.
16.8701 	WARNING 	Font b'Heiti SC' was requested. No similar font found.
17.2427 	WARNING 	Font b'Heiti SC' was requested. No similar font found.
17.6222 	WARNING 	Font b'Heiti SC' was requested. No similar font found.
17.9833 	WARNING 	Font b'Heiti SC' was requested. No similar font found.
18.3222 	WARNING 	Font b'Heiti SC' was requested. No similar font found.
18.6731 	WARNING 	Font b'Heiti SC' was requested. No similar font found.
18.6808 	DEBUG 	TextBox2 loaded 1 chars with 0 blanks and 1 valid
18.6820 	DEBUG 	TextBox2 loaded 1 chars with 0 blanks and 1 valid
18.6823 	DEBUG 	Uploading Texture Font fontname to graphics card
18.6865 	DEBUG 	Upload of Texture Font fontname complete
19.0523 	WARNING 	Font b'Heiti SC' was requested. No similar font found.
19.3939 	WARNING 	Font b'Heiti SC' was requested. No similar font found.
19.7532 	WARNING 	Font b'Heiti SC' was requested. No similar font found.
20.1428 	WARNING 	Font b'Heiti SC' was requested. No similar font found.
20.5074 	WARNING 	Font b'Heiti SC' was requested. No similar font found.
20.8694 	WARNING 	Font b'Heiti SC' was requested. No similar font found.
21.2359 	WARNING 	Font b'Heiti SC' was requested. No similar font found.
21.5881 	WARNING 	Font b'Heiti SC' was requested. No similar font found.
21.9193 	WARNING 	Font b'Heiti SC' was requested. No similar font found.
21.9578 	EXP 	Created slider_emotion = Slider(__class__=<class 'psychopy.visual.slider.Slider'>, autoDraw=False, autoLog=True, borderColor=None, color=None, colorSpace='rgb', depth=-1, fillColor=None, flip=False, font='Heiti SC', granularity=1.0, labelColor=None, labelHeight=0.02, labelWrapWidth=None, labels=['非常不高兴', '', '', '', '平静', '', '', '', '非常高兴'], lineColor=None, markerColor=None, name='slider_emotion', opacity=None, ori=0.0, pos=array([ 0. , -0.1]), readOnly=False, self=UNKNOWN, size=array([1. , 0.1]), startValue=5, style='rating', styleTweaks=[], ticks=array([1, 2, 3, 4, 5, 6, 7, 8, 9]), units='height', win=Window(...))
21.9587 	EXP 	Created text_refresh = TextStim(__class__=<class 'psychopy.visual.text.TextStim'>, alignHoriz=method-wrapper(...), alignText='center', alignVert=method-wrapper(...), anchorHoriz='center', anchorVert='center', antialias=True, autoDraw=False, autoLog=True, bold=False, color=array([1., 1., 1.]), colorSpace='rgb', contrast=1.0, depth=0.0, draggable=False, flipHoriz=False, flipVert=False, font='Arial', fontFiles=[], height=0.05, italic=False, languageStyle='LTR', name='text_refresh', opacity=1, ori=0.0, pos=array([0., 0.]), rgb=UNKNOWN, text='', units='height', win=Window(...), wrapWidth=1)
21.9645 	EXP 	Created wait4trigger_text = TextStim(__class__=<class 'psychopy.visual.text.TextStim'>, alignHoriz=method-wrapper(...), alignText='center', alignVert=method-wrapper(...), anchorHoriz='center', anchorVert='center', antialias=True, autoDraw=False, autoLog=True, bold=False, color=array([1., 1., 1.]), colorSpace='rgb', contrast=1.0, depth=0.0, draggable=False, flipHoriz=False, flipVert=False, font='Heiti SC', fontFiles=[], height=0.05, italic=False, languageStyle='LTR', name='wait4trigger_text', opacity=1, ori=0.0, pos=array([0., 0.]), rgb=UNKNOWN, text='即将开始，请等待……', units='height', win=Window(...), wrapWidth=1)
21.9665 	EXP 	Created fake_stimulus_text = TextStim(__class__=<class 'psychopy.visual.text.TextStim'>, alignHoriz=method-wrapper(...), alignText='center', alignVert=method-wrapper(...), anchorHoriz='center', anchorVert='center', antialias=True, autoDraw=False, autoLog=True, bold=False, color=array([1., 1., 1.]), colorSpace='rgb', contrast=1.0, depth=0.0, draggable=False, flipHoriz=False, flipVert=False, font='Heiti SC', fontFiles=[], height=0.05, italic=False, languageStyle='LTR', name='fake_stimulus_text', opacity=1, ori=0.0, pos=array([0., 0.]), rgb=UNKNOWN, text='即将开始，请等待……', units='height', win=Window(...), wrapWidth=1)
21.9698 	EXP 	Created fixation = TextStim(__class__=<class 'psychopy.visual.text.TextStim'>, alignHoriz=method-wrapper(...), alignText='center', alignVert=method-wrapper(...), anchorHoriz='center', anchorVert='center', antialias=True, autoDraw=False, autoLog=True, bold=False, color=array([1., 1., 1.]), colorSpace='rgb', contrast=1.0, depth=0.0, draggable=False, flipHoriz=False, flipVert=False, font='Arial', fontFiles=[], height=0.4, italic=False, languageStyle='LTR', name='fixation', opacity=1, ori=0.0, pos=array([0., 0.]), rgb=UNKNOWN, text='+', units='height', win=Window(...), wrapWidth=1)
21.9705 	EXP 	Created text_refresh = TextStim(__class__=<class 'psychopy.visual.text.TextStim'>, alignHoriz=method-wrapper(...), alignText='center', alignVert=method-wrapper(...), anchorHoriz='center', anchorVert='center', antialias=True, autoDraw=False, autoLog=True, bold=False, color=array([1., 1., 1.]), colorSpace='rgb', contrast=1.0, depth=0.0, draggable=False, flipHoriz=False, flipVert=False, font='Arial', fontFiles=[], height=0.05, italic=False, languageStyle='LTR', name='text_refresh', opacity=1, ori=0.0, pos=array([0., 0.]), rgb=UNKNOWN, text='', units='height', win=Window(...), wrapWidth=1)
21.9719 	EXP 	Created rate_emotion_prompt = TextStim(__class__=<class 'psychopy.visual.text.TextStim'>, alignHoriz=method-wrapper(...), alignText='center', alignVert=method-wrapper(...), anchorHoriz='center', anchorVert='center', antialias=True, autoDraw=False, autoLog=True, bold=False, color=array([1., 1., 1.]), colorSpace='rgb', contrast=1.0, depth=0.0, draggable=False, flipHoriz=False, flipVert=False, font='Heiti SC', fontFiles=[], height=0.05, italic=False, languageStyle='LTR', name='rate_emotion_prompt', opacity=1, ori=0.0, pos=array([0. , 0.2]), rgb=UNKNOWN, text='请使用数字描述您目前的情绪状态：', units='height', win=Window(...), wrapWidth=1)
22.3170 	WARNING 	Font b'Heiti SC' was requested. No similar font found.
22.7031 	WARNING 	Font b'Heiti SC' was requested. No similar font found.
23.0926 	WARNING 	Font b'Heiti SC' was requested. No similar font found.
23.4898 	WARNING 	Font b'Heiti SC' was requested. No similar font found.
23.8594 	WARNING 	Font b'Heiti SC' was requested. No similar font found.
24.2518 	WARNING 	Font b'Heiti SC' was requested. No similar font found.
24.6338 	WARNING 	Font b'Heiti SC' was requested. No similar font found.
24.9824 	WARNING 	Font b'Heiti SC' was requested. No similar font found.
25.3352 	WARNING 	Font b'Heiti SC' was requested. No similar font found.
25.7071 	WARNING 	Font b'Heiti SC' was requested. No similar font found.
26.0821 	WARNING 	Font b'Heiti SC' was requested. No similar font found.
26.4548 	WARNING 	Font b'Heiti SC' was requested. No similar font found.
26.8182 	WARNING 	Font b'Heiti SC' was requested. No similar font found.
27.1706 	WARNING 	Font b'Heiti SC' was requested. No similar font found.
27.5273 	WARNING 	Font b'Heiti SC' was requested. No similar font found.
27.8780 	WARNING 	Font b'Heiti SC' was requested. No similar font found.
28.3522 	WARNING 	Font b'Heiti SC' was requested. No similar font found.
28.7424 	WARNING 	Font b'Heiti SC' was requested. No similar font found.
28.7781 	EXP 	Created slider_emotion = Slider(__class__=<class 'psychopy.visual.slider.Slider'>, autoDraw=False, autoLog=True, borderColor=None, color=None, colorSpace='rgb', depth=-1, fillColor=None, flip=False, font='Heiti SC', granularity=1.0, labelColor=None, labelHeight=0.02, labelWrapWidth=None, labels=['非常不高兴', '', '', '', '平静', '', '', '', '非常高兴'], lineColor=None, markerColor=None, name='slider_emotion', opacity=None, ori=0.0, pos=array([ 0. , -0.1]), readOnly=False, self=UNKNOWN, size=array([1. , 0.1]), startValue=5, style='rating', styleTweaks=[], ticks=array([1, 2, 3, 4, 5, 6, 7, 8, 9]), units='height', win=Window(...))
28.7791 	EXP 	Created text_refresh = TextStim(__class__=<class 'psychopy.visual.text.TextStim'>, alignHoriz=method-wrapper(...), alignText='center', alignVert=method-wrapper(...), anchorHoriz='center', anchorVert='center', antialias=True, autoDraw=False, autoLog=True, bold=False, color=array([1., 1., 1.]), colorSpace='rgb', contrast=1.0, depth=0.0, draggable=False, flipHoriz=False, flipVert=False, font='Arial', fontFiles=[], height=0.05, italic=False, languageStyle='LTR', name='text_refresh', opacity=1, ori=0.0, pos=array([0., 0.]), rgb=UNKNOWN, text='', units='height', win=Window(...), wrapWidth=1)
28.7837 	EXP 	Created main_body_questionnaire = TextStim(__class__=<class 'psychopy.visual.text.TextStim'>, alignHoriz=method-wrapper(...), alignText='center', alignVert=method-wrapper(...), anchorHoriz='center', anchorVert='center', antialias=True, autoDraw=False, autoLog=True, bold=False, color=array([1., 1., 1.]), colorSpace='rgb', contrast=1.0, depth=0.0, draggable=False, flipHoriz=False, flipVert=False, font='Heiti SC', fontFiles=[], height=0.05, italic=False, languageStyle='LTR', name='main_body_questionnaire', opacity=1, ori=0.0, pos=array([0. , 0.3]), rgb=UNKNOWN, text='我刚才的思维内容：', units='height', win=Window(...), wrapWidth=1)
28.7841 	EXP 	Created item_text = TextStim(__class__=<class 'psychopy.visual.text.TextStim'>, alignHoriz=method-wrapper(...), alignText='center', alignVert=method-wrapper(...), anchorHoriz='center', anchorVert='center', antialias=True, autoDraw=False, autoLog=True, bold=False, color=array([1., 1., 1.]), colorSpace='rgb', contrast=1.0, depth=-1.0, draggable=False, flipHoriz=False, flipVert=False, font='Heiti SC', fontFiles=[], height=0.05, italic=False, languageStyle='LTR', name='item_text', opacity=1, ori=0.0, pos=array([0. , 0.1]), rgb=UNKNOWN, text='', units='height', win=Window(...), wrapWidth=1)
29.1625 	WARNING 	Font b'Heiti SC' was requested. No similar font found.
29.1698 	DEBUG 	TextBox2 loaded 1 chars with 0 blanks and 1 valid
29.1713 	DEBUG 	TextBox2 loaded 1 chars with 0 blanks and 1 valid
29.1724 	DEBUG 	TextBox2 loaded 1 chars with 0 blanks and 1 valid
29.1733 	DEBUG 	TextBox2 loaded 1 chars with 0 blanks and 1 valid
29.1737 	DEBUG 	Uploading Texture Font fontname to graphics card
29.1782 	DEBUG 	Upload of Texture Font fontname complete
29.5394 	WARNING 	Font b'Heiti SC' was requested. No similar font found.
29.8966 	WARNING 	Font b'Heiti SC' was requested. No similar font found.
30.2402 	WARNING 	Font b'Heiti SC' was requested. No similar font found.
30.6043 	WARNING 	Font b'Heiti SC' was requested. No similar font found.
30.9707 	WARNING 	Font b'Heiti SC' was requested. No similar font found.
31.3244 	WARNING 	Font b'Heiti SC' was requested. No similar font found.
31.7241 	WARNING 	Font b'Heiti SC' was requested. No similar font found.
32.1143 	WARNING 	Font b'Heiti SC' was requested. No similar font found.
32.1218 	DEBUG 	TextBox2 loaded 1 chars with 0 blanks and 1 valid
32.1231 	DEBUG 	TextBox2 loaded 1 chars with 0 blanks and 1 valid
32.1234 	DEBUG 	Uploading Texture Font fontname to graphics card
32.1271 	DEBUG 	Upload of Texture Font fontname complete
32.4918 	WARNING 	Font b'Heiti SC' was requested. No similar font found.
32.8485 	WARNING 	Font b'Heiti SC' was requested. No similar font found.
33.2046 	WARNING 	Font b'Heiti SC' was requested. No similar font found.
33.5590 	WARNING 	Font b'Heiti SC' was requested. No similar font found.
33.9526 	WARNING 	Font b'Heiti SC' was requested. No similar font found.
34.3347 	WARNING 	Font b'Heiti SC' was requested. No similar font found.
34.7128 	WARNING 	Font b'Heiti SC' was requested. No similar font found.
35.0927 	WARNING 	Font b'Heiti SC' was requested. No similar font found.
35.1007 	DEBUG 	TextBox2 loaded 1 chars with 0 blanks and 1 valid
35.1018 	DEBUG 	TextBox2 loaded 1 chars with 0 blanks and 1 valid
35.1027 	DEBUG 	TextBox2 loaded 1 chars with 0 blanks and 1 valid
35.1037 	DEBUG 	TextBox2 loaded 1 chars with 0 blanks and 1 valid
35.1040 	DEBUG 	Uploading Texture Font fontname to graphics card
35.1077 	DEBUG 	Upload of Texture Font fontname complete
35.4584 	WARNING 	Font b'Heiti SC' was requested. No similar font found.
35.4952 	EXP 	Created slider_thinking_content = Slider(__class__=<class 'psychopy.visual.slider.Slider'>, autoDraw=False, autoLog=True, borderColor=None, color=None, colorSpace='rgb', depth=-2, fillColor=None, flip=False, font='Heiti SC', granularity=1.0, labelColor=None, labelHeight=0.02, labelWrapWidth=None, labels=['完全没有', '', '', '', '一般', '', '', '', '几乎都是'], lineColor=None, markerColor=None, name='slider_thinking_content', opacity=None, ori=0.0, pos=array([ 0. , -0.1]), readOnly=False, self=UNKNOWN, size=array([1. , 0.1]), startValue=5, style='rating', styleTweaks=[], ticks=array([1, 2, 3, 4, 5, 6, 7, 8, 9]), units='height', win=Window(...))
35.4961 	EXP 	Created text_refresh = TextStim(__class__=<class 'psychopy.visual.text.TextStim'>, alignHoriz=method-wrapper(...), alignText='center', alignVert=method-wrapper(...), anchorHoriz='center', anchorVert='center', antialias=True, autoDraw=False, autoLog=True, bold=False, color=array([1., 1., 1.]), colorSpace='rgb', contrast=1.0, depth=0.0, draggable=False, flipHoriz=False, flipVert=False, font='Arial', fontFiles=[], height=0.05, italic=False, languageStyle='LTR', name='text_refresh', opacity=1, ori=0.0, pos=array([0., 0.]), rgb=UNKNOWN, text='', units='height', win=Window(...), wrapWidth=1)
35.5072 	EXP 	Created goodbye_text = TextStim(__class__=<class 'psychopy.visual.text.TextStim'>, alignHoriz=method-wrapper(...), alignText='center', alignVert=method-wrapper(...), anchorHoriz='center', anchorVert='center', antialias=True, autoDraw=False, autoLog=True, bold=False, color=array([1., 1., 1.]), colorSpace='rgb', contrast=1.0, depth=0.0, draggable=False, flipHoriz=False, flipVert=False, font='Arial', fontFiles=[], height=0.05, italic=False, languageStyle='LTR', name='goodbye_text', opacity=1, ori=0.0, pos=array([0., 0.]), rgb=UNKNOWN, text=str(...), units='height', win=Window(...), wrapWidth=1)
0.0111 	EXP 	slider_emotion: autoLog = True
0.0111 	EXP 	slider_emotion: styleTweaks = []
0.0111 	EXP 	slider_emotion: styleTweaks = []
0.0111 	EXP 	slider_emotion: styleTweaks = []
0.0111 	EXP 	slider_emotion: styleTweaks = []
0.0111 	EXP 	slider_emotion: contrast = 1.0
0.0111 	EXP 	slider_emotion: markerPos = 5
0.0111 	EXP 	slider_emotion: autoLog = True
0.0111 	EXP 	slider_emotion: autoLog = True
0.0111 	EXP 	slider_emotion: styleTweaks = []
0.0111 	EXP 	slider_emotion: styleTweaks = []
0.0111 	EXP 	slider_emotion: styleTweaks = []
0.0111 	EXP 	slider_emotion: styleTweaks = []
0.0111 	EXP 	slider_emotion: contrast = 1.0
0.0111 	EXP 	slider_emotion: markerPos = 5
0.0111 	EXP 	slider_emotion: autoLog = True
0.0111 	EXP 	slider_thinking_content: autoLog = True
0.0111 	EXP 	slider_thinking_content: styleTweaks = []
0.0111 	EXP 	slider_thinking_content: styleTweaks = []
0.0111 	EXP 	slider_thinking_content: styleTweaks = []
0.0111 	EXP 	slider_thinking_content: styleTweaks = []
0.0111 	EXP 	slider_thinking_content: contrast = 1.0
0.0111 	EXP 	slider_thinking_content: markerPos = 5
0.0111 	EXP 	slider_thinking_content: autoLog = True
0.0249 	INFO 	Keyboard events cleared
0.0247 	EXP 	image_welcome: autoDraw = True
1.8094 	WARNING 	t of last frame was 30.35ms (=1/32)
1.8094 	EXP 	image_welcome: autoDraw = False
1.8094 	EXP 	text_refresh: autoDraw = True
1.8194 	DATA 	Keypress: j
2.1197 	INFO 	Keyboard events cleared
2.1194 	WARNING 	t of last frame was 24.22ms (=1/41)
2.1194 	EXP 	text_refresh: autoDraw = False
2.1194 	EXP 	text_refresh: autoDraw = False
2.1194 	EXP 	slider_emotion: markerPos = None
2.1194 	EXP 	slider_emotion: markerPos = 5
2.1194 	EXP 	slider_emotion: markerPos = 5
2.1194 	EXP 	rate_emotion_prompt: autoDraw = True
2.1194 	EXP 	slider_emotion: autoDraw = True
2.4776 	WARNING 	t of last frame was 23.70ms (=1/42)
2.6774 	WARNING 	t of last frame was 23.39ms (=1/42)
2.7608 	WARNING 	Multiple dropped frames have occurred - I'll stop bothering you about them!
4.2673 	DATA 	Keypress: s
4.2771 	EXP 	rate_emotion_prompt: autoDraw = False
4.2771 	EXP 	slider_emotion: autoDraw = False
4.2771 	EXP 	text_refresh: autoDraw = True
4.5684 	EXP 	text_refresh: autoDraw = False
4.5684 	EXP 	text_refresh: autoDraw = False
4.5684 	EXP 	wait4trigger_text: autoDraw = True
5.3388 	DATA 	Keypress: j
5.5606 	EXP 	wait4trigger_text: autoDraw = False
5.5606 	EXP 	wait4trigger_text: autoDraw = False
5.5671 	EXP 	fake_stimulus_text: autoDraw = True
7.1552 	DATA 	Keypress: s
7.5625 	EXP 	fake_stimulus_text: autoDraw = False
7.5625 	EXP 	fake_stimulus_text: autoDraw = False
7.5712 	EXP 	fixation: autoDraw = True
11.5697 	EXP 	fixation: autoDraw = False
11.5697 	EXP 	fixation: autoDraw = False
11.5697 	EXP 	text_refresh: autoDraw = True
11.8612 	EXP 	text_refresh: autoDraw = False
11.8612 	EXP 	text_refresh: autoDraw = False
11.8612 	EXP 	slider_emotion: markerPos = None
11.8612 	EXP 	slider_emotion: markerPos = 5
11.8612 	EXP 	slider_emotion: markerPos = 5
11.8784 	INFO 	Keyboard events cleared
11.8781 	EXP 	rate_emotion_prompt: autoDraw = True
11.8781 	EXP 	slider_emotion: autoDraw = True
13.5695 	DATA 	Keypress: k
13.5841 	EXP 	slider_emotion: markerPos = 4.0
13.8139 	DATA 	Keypress: k
13.8280 	EXP 	slider_emotion: markerPos = 3.0
14.7631 	DATA 	Keypress: j
15.3849 	DATA 	Keypress: a
15.3943 	EXP 	rate_emotion_prompt: autoDraw = False
15.3943 	EXP 	slider_emotion: autoDraw = False
15.3943 	EXP 	text_refresh: autoDraw = True
15.6856 	DEBUG 	Read excel file with openpyxl: think_content_condition.xlsx
15.6860 	EXP 	Imported think_content_condition.xlsx as conditions, 10 conditions, 2 params
15.6867 	EXP 	New trial (rep=0, index=0): <Trial 0 (0 in rep 0) data={'item': '是关于过去的事情', 'number': 1, 'thisN': 0, 'thisTrialN': 0, 'thisRepN': 0}>
15.7085 	INFO 	Keyboard events cleared
15.7083 	EXP 	text_refresh: autoDraw = False
15.7083 	EXP 	text_refresh: autoDraw = False
15.7083 	EXP 	item_text: height = 0.05
15.7083 	EXP 	item_text: height = 0.05
15.7083 	EXP 	item_text: height = 0.05
15.7083 	EXP 	item_text: text = '是关于过去的事情'
15.7083 	EXP 	slider_thinking_content: markerPos = None
15.7083 	EXP 	slider_thinking_content: markerPos = 5
15.7083 	EXP 	slider_thinking_content: markerPos = 5
15.7083 	EXP 	main_body_questionnaire: autoDraw = True
15.7083 	EXP 	item_text: autoDraw = True
15.7083 	EXP 	slider_thinking_content: autoDraw = True
16.0494 	DATA 	Keypress: j
16.0618 	EXP 	main_body_questionnaire: autoDraw = False
16.0618 	EXP 	item_text: autoDraw = False
16.0618 	EXP 	slider_thinking_content: autoDraw = False
16.0618 	EXP 	text_refresh: autoDraw = True
16.2566 	DATA 	Keypress: j
16.3485 	EXP 	New trial (rep=0, index=1): <Trial 1 (1 in rep 0) data={'item': '是关于将来的事情', 'number': 2, 'thisN': 1, 'thisTrialN': 1, 'thisRepN': 0}>
16.3663 	INFO 	Keyboard events cleared
16.3661 	EXP 	text_refresh: autoDraw = False
16.3661 	EXP 	text_refresh: autoDraw = False
16.3661 	EXP 	item_text: height = 0.05
16.3661 	EXP 	item_text: height = 0.05
16.3661 	EXP 	item_text: height = 0.05
16.3661 	EXP 	item_text: text = '是关于将来的事情'
16.3661 	EXP 	slider_thinking_content: markerPos = None
16.3661 	EXP 	slider_thinking_content: markerPos = 5
16.3661 	EXP 	slider_thinking_content: markerPos = 5
16.3661 	EXP 	main_body_questionnaire: autoDraw = True
16.3661 	EXP 	item_text: autoDraw = True
16.3661 	EXP 	slider_thinking_content: autoDraw = True
17.0548 	DATA 	Keypress: s
17.0708 	EXP 	slider_thinking_content: markerPos = 6.0
17.4301 	DATA 	Keypress: s
17.4398 	EXP 	slider_thinking_content: markerPos = 7.0
17.6964 	DATA 	Keypress: j
17.7119 	EXP 	main_body_questionnaire: autoDraw = False
17.7119 	EXP 	item_text: autoDraw = False
17.7119 	EXP 	slider_thinking_content: autoDraw = False
17.7119 	EXP 	text_refresh: autoDraw = True
17.9978 	EXP 	New trial (rep=0, index=2): <Trial 2 (2 in rep 0) data={'item': '是关于我自己的', 'number': 3, 'thisN': 2, 'thisTrialN': 2, 'thisRepN': 0}>
18.0161 	INFO 	Keyboard events cleared
18.0159 	EXP 	text_refresh: autoDraw = False
18.0159 	EXP 	text_refresh: autoDraw = False
18.0159 	EXP 	item_text: height = 0.05
18.0159 	EXP 	item_text: height = 0.05
18.0159 	EXP 	item_text: height = 0.05
18.0159 	EXP 	item_text: text = '是关于我自己的'
18.0159 	EXP 	slider_thinking_content: markerPos = None
18.0159 	EXP 	slider_thinking_content: markerPos = 5
18.0159 	EXP 	slider_thinking_content: markerPos = 5
18.0159 	EXP 	main_body_questionnaire: autoDraw = True
18.0159 	EXP 	item_text: autoDraw = True
18.0159 	EXP 	slider_thinking_content: autoDraw = True
18.3132 	DATA 	Keypress: s
18.3285 	EXP 	slider_thinking_content: markerPos = 6.0
18.5026 	DATA 	Keypress: s
18.5153 	EXP 	slider_thinking_content: markerPos = 7.0
18.7311 	DATA 	Keypress: j
18.7344 	EXP 	main_body_questionnaire: autoDraw = False
18.7344 	EXP 	item_text: autoDraw = False
18.7344 	EXP 	slider_thinking_content: autoDraw = False
18.7344 	EXP 	text_refresh: autoDraw = True
19.0192 	EXP 	New trial (rep=0, index=3): <Trial 3 (3 in rep 0) data={'item': '是关于他人的', 'number': 4, 'thisN': 3, 'thisTrialN': 3, 'thisRepN': 0}>
19.0361 	INFO 	Keyboard events cleared
19.0359 	EXP 	text_refresh: autoDraw = False
19.0359 	EXP 	text_refresh: autoDraw = False
19.0359 	EXP 	item_text: height = 0.05
19.0359 	EXP 	item_text: height = 0.05
19.0359 	EXP 	item_text: height = 0.05
19.0359 	EXP 	item_text: text = '是关于他人的'
19.0359 	EXP 	slider_thinking_content: markerPos = None
19.0359 	EXP 	slider_thinking_content: markerPos = 5
19.0359 	EXP 	slider_thinking_content: markerPos = 5
19.0359 	EXP 	main_body_questionnaire: autoDraw = True
19.0359 	EXP 	item_text: autoDraw = True
19.0359 	EXP 	slider_thinking_content: autoDraw = True
19.3288 	DATA 	Keypress: a
19.3454 	EXP 	slider_thinking_content: markerPos = 4.0
19.5390 	DATA 	Keypress: a
19.5476 	EXP 	slider_thinking_content: markerPos = 3.0
19.8133 	DATA 	Keypress: j
19.8179 	EXP 	main_body_questionnaire: autoDraw = False
19.8179 	EXP 	item_text: autoDraw = False
19.8179 	EXP 	slider_thinking_content: autoDraw = False
19.8179 	EXP 	text_refresh: autoDraw = True
20.1029 	EXP 	New trial (rep=0, index=4): <Trial 4 (4 in rep 0) data={'item': '是正性的、积极的事件', 'number': 5, 'thisN': 4, 'thisTrialN': 4, 'thisRepN': 0}>
20.1222 	INFO 	Keyboard events cleared
20.1219 	EXP 	text_refresh: autoDraw = False
20.1219 	EXP 	text_refresh: autoDraw = False
20.1219 	EXP 	item_text: height = 0.05
20.1219 	EXP 	item_text: height = 0.05
20.1219 	EXP 	item_text: height = 0.05
20.1219 	EXP 	item_text: text = '是正性的、积极的事件'
20.1219 	EXP 	slider_thinking_content: markerPos = None
20.1219 	EXP 	slider_thinking_content: markerPos = 5
20.1219 	EXP 	slider_thinking_content: markerPos = 5
20.1219 	EXP 	main_body_questionnaire: autoDraw = True
20.1219 	EXP 	item_text: autoDraw = True
20.1219 	EXP 	slider_thinking_content: autoDraw = True
20.4136 	DATA 	Keypress: s
20.4234 	EXP 	slider_thinking_content: markerPos = 6.0
20.6232 	DATA 	Keypress: s
20.6333 	EXP 	slider_thinking_content: markerPos = 7.0
20.8327 	DATA 	Keypress: j
20.8454 	EXP 	main_body_questionnaire: autoDraw = False
20.8454 	EXP 	item_text: autoDraw = False
20.8454 	EXP 	slider_thinking_content: autoDraw = False
20.8454 	EXP 	text_refresh: autoDraw = True
21.1312 	EXP 	New trial (rep=0, index=5): <Trial 5 (5 in rep 0) data={'item': '是负性的、消极的事件', 'number': 6, 'thisN': 5, 'thisTrialN': 5, 'thisRepN': 0}>
21.1485 	INFO 	Keyboard events cleared
21.1483 	EXP 	text_refresh: autoDraw = False
21.1483 	EXP 	text_refresh: autoDraw = False
21.1483 	EXP 	item_text: height = 0.05
21.1483 	EXP 	item_text: height = 0.05
21.1483 	EXP 	item_text: height = 0.05
21.1483 	EXP 	item_text: text = '是负性的、消极的事件'
21.1483 	EXP 	slider_thinking_content: markerPos = None
21.1483 	EXP 	slider_thinking_content: markerPos = 5
21.1483 	EXP 	slider_thinking_content: markerPos = 5
21.1483 	EXP 	main_body_questionnaire: autoDraw = True
21.1483 	EXP 	item_text: autoDraw = True
21.1483 	EXP 	slider_thinking_content: autoDraw = True
21.6690 	DATA 	Keypress: j
21.6780 	EXP 	main_body_questionnaire: autoDraw = False
21.6780 	EXP 	item_text: autoDraw = False
21.6780 	EXP 	slider_thinking_content: autoDraw = False
21.6780 	EXP 	text_refresh: autoDraw = True
21.9642 	EXP 	New trial (rep=0, index=6): <Trial 6 (6 in rep 0) data={'item': '是以图像或意象的形式进行思维', 'number': 7, 'thisN': 6, 'thisTrialN': 6, 'thisRepN': 0}>
21.9849 	INFO 	Keyboard events cleared
21.9847 	EXP 	text_refresh: autoDraw = False
21.9847 	EXP 	text_refresh: autoDraw = False
21.9847 	EXP 	item_text: height = 0.05
21.9847 	EXP 	item_text: height = 0.05
21.9847 	EXP 	item_text: height = 0.05
21.9847 	EXP 	item_text: text = '是以图像或意象的形式进行思维'
21.9847 	EXP 	slider_thinking_content: markerPos = None
21.9847 	EXP 	slider_thinking_content: markerPos = 5
21.9847 	EXP 	slider_thinking_content: markerPos = 5
21.9847 	EXP 	main_body_questionnaire: autoDraw = True
21.9847 	EXP 	item_text: autoDraw = True
21.9847 	EXP 	slider_thinking_content: autoDraw = True
22.3471 	DATA 	Keypress: j
22.3516 	EXP 	main_body_questionnaire: autoDraw = False
22.3516 	EXP 	item_text: autoDraw = False
22.3516 	EXP 	slider_thinking_content: autoDraw = False
22.3516 	EXP 	text_refresh: autoDraw = True
22.6380 	EXP 	New trial (rep=0, index=7): <Trial 7 (7 in rep 0) data={'item': '是以内部言语的形式进行思维', 'number': 8, 'thisN': 7, 'thisTrialN': 7, 'thisRepN': 0}>
22.6580 	INFO 	Keyboard events cleared
22.6578 	EXP 	text_refresh: autoDraw = False
22.6578 	EXP 	text_refresh: autoDraw = False
22.6578 	EXP 	item_text: height = 0.05
22.6578 	EXP 	item_text: height = 0.05
22.6578 	EXP 	item_text: height = 0.05
22.6578 	EXP 	item_text: text = '是以内部言语的形式进行思维'
22.6578 	EXP 	slider_thinking_content: markerPos = None
22.6578 	EXP 	slider_thinking_content: markerPos = 5
22.6578 	EXP 	slider_thinking_content: markerPos = 5
22.6578 	EXP 	main_body_questionnaire: autoDraw = True
22.6578 	EXP 	item_text: autoDraw = True
22.6578 	EXP 	slider_thinking_content: autoDraw = True
22.9734 	DATA 	Keypress: j
22.9782 	EXP 	main_body_questionnaire: autoDraw = False
22.9782 	EXP 	item_text: autoDraw = False
22.9782 	EXP 	slider_thinking_content: autoDraw = False
22.9782 	EXP 	text_refresh: autoDraw = True
23.2641 	EXP 	New trial (rep=0, index=8): <Trial 8 (8 in rep 0) data={'item': '让我感到开心', 'number': 9, 'thisN': 8, 'thisTrialN': 8, 'thisRepN': 0}>
23.2822 	INFO 	Keyboard events cleared
23.2820 	EXP 	text_refresh: autoDraw = False
23.2820 	EXP 	text_refresh: autoDraw = False
23.2820 	EXP 	item_text: height = 0.05
23.2820 	EXP 	item_text: height = 0.05
23.2820 	EXP 	item_text: height = 0.05
23.2820 	EXP 	item_text: text = '让我感到开心'
23.2820 	EXP 	slider_thinking_content: markerPos = None
23.2820 	EXP 	slider_thinking_content: markerPos = 5
23.2820 	EXP 	slider_thinking_content: markerPos = 5
23.2820 	EXP 	main_body_questionnaire: autoDraw = True
23.2820 	EXP 	item_text: autoDraw = True
23.2820 	EXP 	slider_thinking_content: autoDraw = True
23.5901 	DATA 	Keypress: j
23.5948 	EXP 	main_body_questionnaire: autoDraw = False
23.5948 	EXP 	item_text: autoDraw = False
23.5948 	EXP 	slider_thinking_content: autoDraw = False
23.5948 	EXP 	text_refresh: autoDraw = True
23.8810 	EXP 	New trial (rep=0, index=9): <Trial 9 (9 in rep 0) data={'item': '让我感到悲伤', 'number': 10, 'thisN': 9, 'thisTrialN': 9, 'thisRepN': 0}>
23.8977 	INFO 	Keyboard events cleared
23.8975 	EXP 	text_refresh: autoDraw = False
23.8975 	EXP 	text_refresh: autoDraw = False
23.8975 	EXP 	item_text: height = 0.05
23.8975 	EXP 	item_text: height = 0.05
23.8975 	EXP 	item_text: height = 0.05
23.8975 	EXP 	item_text: text = '让我感到悲伤'
23.8975 	EXP 	slider_thinking_content: markerPos = None
23.8975 	EXP 	slider_thinking_content: markerPos = 5
23.8975 	EXP 	slider_thinking_content: markerPos = 5
23.8975 	EXP 	main_body_questionnaire: autoDraw = True
23.8975 	EXP 	item_text: autoDraw = True
23.8975 	EXP 	slider_thinking_content: autoDraw = True
24.1804 	DATA 	Keypress: j
24.1849 	EXP 	main_body_questionnaire: autoDraw = False
24.1849 	EXP 	item_text: autoDraw = False
24.1849 	EXP 	slider_thinking_content: autoDraw = False
24.1849 	EXP 	text_refresh: autoDraw = True
24.4800 	INFO 	Keyboard events cleared
24.4798 	EXP 	text_refresh: autoDraw = False
24.4798 	EXP 	text_refresh: autoDraw = False
24.4798 	EXP 	goodbye_text: autoDraw = True
25.2748 	DATA 	Keypress: j
26.7908 	DATA 	Keypress: space
27.1677 	DATA 	Keypress: a
27.1728 	EXP 	goodbye_text: autoDraw = False
27.1745 	EXP 	resting_state_demo: status = STOPPED
27.1821 	INFO 	saved data to '/Users/Chenxiao/Documents/project_codes/RST_Chinese_beta/data/999_resting_state_demo_2025-06-11_17h45.23.043.csv'
27.1828 	INFO 	saved data to /Users/Chenxiao/Documents/project_codes/RST_Chinese_beta/data/999_resting_state_demo_2025-06-11_17h45.23.043.psydat
27.5534 	DEBUG 	Saving data for resting_state_demo ExperimentHandler
