10.4485 	WARNING 	Font Manager failed to load file /System/Library/PrivateFrameworks/FontServices.framework/Resources/Reserved/PingFangUI.ttc
13.0381 	DEBUG 	Fullscreen settings ignored as running in pilot mode.
13.0392 	INFO 	Loaded monitor calibration from ['2022_04_19 09:31']
13.0396 	WARNING 	This monitor has not been color-calibrated. Using default DKL conversion matrix.
13.1314 	WARNING 	This monitor has not been color-calibrated. Using default DKL conversion matrix.
13.1316 	WARNING 	This monitor has not been color-calibrated. Using default DKL conversion matrix.
13.1802 	EXP 	Created window1 = Window(allowGUI=False, allowStencil=False, autoLog=True, backendConf=UNKNOWN, backgroundFit=<method-wrapper '__getattribute__' of attributeSetter object at 0x17cc5ab00>, backgroundImage=<method-wrapper '__getattribute__' of attributeSetter object at 0x17cc5ab60>, bitsMode=UNKNOWN, blendMode='avg', bpc=(8, 8, 8), color=array([0, 0, 0]), colorSpace='dkl', depthBits=8, fullscr=True, gamma=None, gammaErrorPolicy='raise', infoMsg=UNKNOWN, lms=UNKNOWN, monitor=<psychopy.monitors.calibTools.Monitor object at 0x17ccd8550>, multiSample=False, name='window1', numSamples=2, pos=[0.0, 0.0], screen=0, size=array([3840, 2160]), stencilBits=0, stereo=False, title='PsychoPy', units='height', useFBO=True, useRetina=True, viewOri=0.0, viewPos=None, viewScale=None, waitBlanking=True, winType='pyglet')
13.1802 	EXP 	window1: backgroundImage = ''
13.1802 	EXP 	window1: backgroundFit = 'none'
13.1870 	DEBUG 	TextBox2 loaded 1 chars with 0 blanks and 1 valid
13.1879 	DEBUG 	TextBox2 loaded 1 chars with 0 blanks and 1 valid
13.1889 	DEBUG 	TextBox2 loaded 1 chars with 0 blanks and 1 valid
13.1905 	DEBUG 	TextBox2 loaded 1 chars with 0 blanks and 1 valid
13.1919 	DEBUG 	TextBox2 loaded 1 chars with 0 blanks and 1 valid
13.1924 	DEBUG 	TextBox2 loaded 1 chars with 0 blanks and 1 valid
13.1933 	DEBUG 	TextBox2 loaded 1 chars with 0 blanks and 1 valid
13.1948 	DEBUG 	TextBox2 loaded 1 chars with 0 blanks and 1 valid
13.1950 	DEBUG 	TextBox2 loaded 1 chars with 0 blanks and 1 valid
13.1952 	DEBUG 	TextBox2 loaded 1 chars with 0 blanks and 1 valid
13.1962 	DEBUG 	TextBox2 loaded 1 chars with 0 blanks and 1 valid
13.1971 	DEBUG 	TextBox2 loaded 1 chars with 0 blanks and 1 valid
13.1980 	DEBUG 	TextBox2 loaded 1 chars with 0 blanks and 1 valid
13.1989 	DEBUG 	TextBox2 loaded 1 chars with 0 blanks and 1 valid
13.1996 	DEBUG 	TextBox2 loaded 1 chars with 0 blanks and 1 valid
13.2007 	DEBUG 	TextBox2 loaded 1 chars with 0 blanks and 1 valid
13.2016 	DEBUG 	TextBox2 loaded 1 chars with 0 blanks and 1 valid
13.2019 	DEBUG 	TextBox2 loaded 1 chars with 0 blanks and 1 valid
13.2023 	DEBUG 	TextBox2 loaded 1 chars with 0 blanks and 1 valid
13.2037 	DEBUG 	TextBox2 loaded 1 chars with 0 blanks and 1 valid
13.2039 	DEBUG 	TextBox2 loaded 1 chars with 0 blanks and 1 valid
13.2041 	DEBUG 	Uploading Texture Font fontname to graphics card
13.2073 	DEBUG 	Upload of Texture Font fontname complete
13.2120 	DEBUG 	TextBox2 loaded 1 chars with 0 blanks and 1 valid
13.2134 	DEBUG 	TextBox2 loaded 1 chars with 0 blanks and 1 valid
13.2148 	DEBUG 	TextBox2 loaded 1 chars with 0 blanks and 1 valid
13.2149 	DEBUG 	Uploading Texture Font fontname to graphics card
13.2164 	DEBUG 	Upload of Texture Font fontname complete
13.2174 	EXP 	window1: Attempting to measure frame rate of screen (0) ...
13.2174 	EXP 	window1: recordFrameIntervals = False
13.3520 	EXP 	window1: recordFrameIntervals = True
14.2181 	WARNING 	Couldn't measure a consistent frame rate!
  - Is your graphics card set to sync to vertical blank?
  - Are you running other processes on your computer?

14.2287 	DEBUG 	TextBox2 loaded 1 chars with 0 blanks and 1 valid
14.2298 	DEBUG 	TextBox2 loaded 1 chars with 0 blanks and 1 valid
14.2319 	DEBUG 	TextBox2 loaded 1 chars with 0 blanks and 1 valid
14.2354 	DEBUG 	TextBox2 loaded 1 chars with 0 blanks and 1 valid
14.2379 	DEBUG 	TextBox2 loaded 1 chars with 0 blanks and 1 valid
14.2407 	DEBUG 	TextBox2 loaded 1 chars with 0 blanks and 1 valid
14.2414 	DEBUG 	TextBox2 loaded 1 chars with 0 blanks and 1 valid
14.2435 	DEBUG 	TextBox2 loaded 1 chars with 0 blanks and 1 valid
14.2457 	DEBUG 	TextBox2 loaded 1 chars with 0 blanks and 1 valid
14.2478 	DEBUG 	TextBox2 loaded 1 chars with 0 blanks and 1 valid
14.2481 	DEBUG 	Uploading Texture Font fontname to graphics card
14.2506 	DEBUG 	Upload of Texture Font fontname complete
16.1875 	INFO 	keyboard.Keyboard is using iohub backend.
16.1875 	INFO 	keyboard.Keyboard is using iohub backend.
16.1875 	INFO 	keyboard.Keyboard is using iohub backend.
16.1875 	INFO 	keyboard.Keyboard is using iohub backend.
16.1875 	INFO 	keyboard.Keyboard is using iohub backend.
16.1876 	EXP 	resting_state_demo: status = STARTED
16.2536 	EXP 	Created image_welcome = ImageStim(__class__=<class 'psychopy.visual.image.ImageStim'>, anchor=('center', 'center'), autoLog=True, color=array([1., 1., 1.]), colorSpace='rgb', contrast=1.0, depth=0.0, draggable=False, flipHoriz=False, flipVert=False, image='stimuli/welcome.png', interpolate=True, mask=None, maskParams=None, name='image_welcome', opacity=1, ori=0.0, pos=array([0., 0.]), size=array([0.9, 0.9]), texRes=128.0, units='height', win=Window(...))
16.2644 	EXP 	Created text_refresh = TextStim(__class__=<class 'psychopy.visual.text.TextStim'>, alignHoriz=method-wrapper(...), alignText='center', alignVert=method-wrapper(...), anchorHoriz='center', anchorVert='center', antialias=True, autoDraw=False, autoLog=True, bold=False, color=array([1., 1., 1.]), colorSpace='rgb', contrast=1.0, depth=0.0, draggable=False, flipHoriz=False, flipVert=False, font='Arial', fontFiles=[], height=0.05, italic=False, languageStyle='LTR', name='text_refresh', opacity=1, ori=0.0, pos=array([0., 0.]), rgb=UNKNOWN, text='', units='height', win=Window(...), wrapWidth=1)
16.2781 	EXP 	Created rate_emotion_prompt = TextStim(__class__=<class 'psychopy.visual.text.TextStim'>, alignHoriz=method-wrapper(...), alignText='center', alignVert=method-wrapper(...), anchorHoriz='center', anchorVert='center', antialias=True, autoDraw=False, autoLog=True, bold=False, color=array([1., 1., 1.]), colorSpace='rgb', contrast=1.0, depth=0.0, draggable=False, flipHoriz=False, flipVert=False, font='Arial', fontFiles=[], height=0.05, italic=False, languageStyle='LTR', name='rate_emotion_prompt', opacity=1, ori=0.0, pos=array([0. , 0.2]), rgb=UNKNOWN, text=str(...), units='height', win=Window(...), wrapWidth=1)
16.2914 	DEBUG 	TextBox2 loaded 1 chars with 0 blanks and 1 valid
16.2920 	DEBUG 	TextBox2 loaded 1 chars with 0 blanks and 1 valid
16.2925 	DEBUG 	TextBox2 loaded 1 chars with 0 blanks and 1 valid
16.2932 	DEBUG 	TextBox2 loaded 1 chars with 0 blanks and 1 valid
16.2934 	DEBUG 	TextBox2 loaded 1 chars with 0 blanks and 1 valid
16.2936 	DEBUG 	TextBox2 loaded 1 chars with 0 blanks and 1 valid
16.2942 	DEBUG 	TextBox2 loaded 1 chars with 0 blanks and 1 valid
16.2947 	DEBUG 	TextBox2 loaded 1 chars with 0 blanks and 1 valid
16.2950 	DEBUG 	TextBox2 loaded 1 chars with 0 blanks and 1 valid
16.2956 	DEBUG 	TextBox2 loaded 1 chars with 0 blanks and 1 valid
16.2962 	DEBUG 	TextBox2 loaded 1 chars with 0 blanks and 1 valid
16.2969 	DEBUG 	TextBox2 loaded 1 chars with 0 blanks and 1 valid
16.2971 	DEBUG 	Uploading Texture Font fontname to graphics card
16.2993 	DEBUG 	Upload of Texture Font fontname complete
16.3027 	DEBUG 	TextBox2 loaded 1 chars with 0 blanks and 1 valid
16.3030 	DEBUG 	TextBox2 loaded 1 chars with 0 blanks and 1 valid
16.3031 	DEBUG 	Uploading Texture Font fontname to graphics card
16.3045 	DEBUG 	Upload of Texture Font fontname complete
16.3211 	DEBUG 	TextBox2 loaded 1 chars with 0 blanks and 1 valid
16.3215 	DEBUG 	TextBox2 loaded 1 chars with 0 blanks and 1 valid
16.3216 	DEBUG 	Uploading Texture Font fontname to graphics card
16.3230 	DEBUG 	Upload of Texture Font fontname complete
16.3613 	EXP 	Created slider_emotion = Slider(__class__=<class 'psychopy.visual.slider.Slider'>, autoDraw=False, autoLog=True, borderColor=None, color=None, colorSpace='rgb', depth=-1, fillColor=None, flip=False, font='Arial', granularity=1.0, labelColor=None, labelHeight=0.035, labelWrapWidth=None, labels=list(...), lineColor=None, markerColor=None, name='slider_emotion', opacity=None, ori=0.0, pos=array([ 0. , -0.1]), readOnly=False, self=UNKNOWN, size=array([1. , 0.1]), startValue=5, style='rating', styleTweaks=[], ticks=array([1, 2, 3, 4, 5, 6, 7, 8, 9]), units='height', win=Window(...))
16.3619 	EXP 	Created text_refresh = TextStim(__class__=<class 'psychopy.visual.text.TextStim'>, alignHoriz=method-wrapper(...), alignText='center', alignVert=method-wrapper(...), anchorHoriz='center', anchorVert='center', antialias=True, autoDraw=False, autoLog=True, bold=False, color=array([1., 1., 1.]), colorSpace='rgb', contrast=1.0, depth=0.0, draggable=False, flipHoriz=False, flipVert=False, font='Arial', fontFiles=[], height=0.05, italic=False, languageStyle='LTR', name='text_refresh', opacity=1, ori=0.0, pos=array([0., 0.]), rgb=UNKNOWN, text='', units='height', win=Window(...), wrapWidth=1)
16.3639 	EXP 	Created wait4trigger_text = TextStim(__class__=<class 'psychopy.visual.text.TextStim'>, alignHoriz=method-wrapper(...), alignText='center', alignVert=method-wrapper(...), anchorHoriz='center', anchorVert='center', antialias=True, autoDraw=False, autoLog=True, bold=False, color=array([1., 1., 1.]), colorSpace='rgb', contrast=1.0, depth=0.0, draggable=False, flipHoriz=False, flipVert=False, font='Arial', fontFiles=[], height=0.05, italic=False, languageStyle='LTR', name='wait4trigger_text', opacity=1, ori=0.0, pos=array([0., 0.]), rgb=UNKNOWN, text='Please wait for the scan to start.', units='height', win=Window(...), wrapWidth=1)
16.3652 	EXP 	Created fake_stimulus_text = TextStim(__class__=<class 'psychopy.visual.text.TextStim'>, alignHoriz=method-wrapper(...), alignText='center', alignVert=method-wrapper(...), anchorHoriz='center', anchorVert='center', antialias=True, autoDraw=False, autoLog=True, bold=False, color=array([1., 1., 1.]), colorSpace='rgb', contrast=1.0, depth=0.0, draggable=False, flipHoriz=False, flipVert=False, font='Arial', fontFiles=[], height=0.05, italic=False, languageStyle='LTR', name='fake_stimulus_text', opacity=1, ori=0.0, pos=array([0., 0.]), rgb=UNKNOWN, text='Please wait for the scan to start.', units='height', win=Window(...), wrapWidth=1)
16.3673 	EXP 	Created fixation = TextStim(__class__=<class 'psychopy.visual.text.TextStim'>, alignHoriz=method-wrapper(...), alignText='center', alignVert=method-wrapper(...), anchorHoriz='center', anchorVert='center', antialias=True, autoDraw=False, autoLog=True, bold=False, color=array([1., 1., 1.]), colorSpace='rgb', contrast=1.0, depth=0.0, draggable=False, flipHoriz=False, flipVert=False, font='Arial', fontFiles=[], height=0.4, italic=False, languageStyle='LTR', name='fixation', opacity=1, ori=0.0, pos=array([0., 0.]), rgb=UNKNOWN, text='+', units='height', win=Window(...), wrapWidth=1)
16.3679 	EXP 	Created text_refresh = TextStim(__class__=<class 'psychopy.visual.text.TextStim'>, alignHoriz=method-wrapper(...), alignText='center', alignVert=method-wrapper(...), anchorHoriz='center', anchorVert='center', antialias=True, autoDraw=False, autoLog=True, bold=False, color=array([1., 1., 1.]), colorSpace='rgb', contrast=1.0, depth=0.0, draggable=False, flipHoriz=False, flipVert=False, font='Arial', fontFiles=[], height=0.05, italic=False, languageStyle='LTR', name='text_refresh', opacity=1, ori=0.0, pos=array([0., 0.]), rgb=UNKNOWN, text='', units='height', win=Window(...), wrapWidth=1)
16.3694 	EXP 	Created rate_emotion_prompt = TextStim(__class__=<class 'psychopy.visual.text.TextStim'>, alignHoriz=method-wrapper(...), alignText='center', alignVert=method-wrapper(...), anchorHoriz='center', anchorVert='center', antialias=True, autoDraw=False, autoLog=True, bold=False, color=array([1., 1., 1.]), colorSpace='rgb', contrast=1.0, depth=0.0, draggable=False, flipHoriz=False, flipVert=False, font='Arial', fontFiles=[], height=0.05, italic=False, languageStyle='LTR', name='rate_emotion_prompt', opacity=1, ori=0.0, pos=array([0. , 0.2]), rgb=UNKNOWN, text=str(...), units='height', win=Window(...), wrapWidth=1)
16.4293 	EXP 	Created slider_emotion = Slider(__class__=<class 'psychopy.visual.slider.Slider'>, autoDraw=False, autoLog=True, borderColor=None, color=None, colorSpace='rgb', depth=-1, fillColor=None, flip=False, font='Arial', granularity=1.0, labelColor=None, labelHeight=0.035, labelWrapWidth=None, labels=list(...), lineColor=None, markerColor=None, name='slider_emotion', opacity=None, ori=0.0, pos=array([ 0. , -0.1]), readOnly=False, self=UNKNOWN, size=array([1. , 0.1]), startValue=5, style='rating', styleTweaks=[], ticks=array([1, 2, 3, 4, 5, 6, 7, 8, 9]), units='height', win=Window(...))
16.4299 	EXP 	Created text_refresh = TextStim(__class__=<class 'psychopy.visual.text.TextStim'>, alignHoriz=method-wrapper(...), alignText='center', alignVert=method-wrapper(...), anchorHoriz='center', anchorVert='center', antialias=True, autoDraw=False, autoLog=True, bold=False, color=array([1., 1., 1.]), colorSpace='rgb', contrast=1.0, depth=0.0, draggable=False, flipHoriz=False, flipVert=False, font='Arial', fontFiles=[], height=0.05, italic=False, languageStyle='LTR', name='text_refresh', opacity=1, ori=0.0, pos=array([0., 0.]), rgb=UNKNOWN, text='', units='height', win=Window(...), wrapWidth=1)
16.4329 	EXP 	Created main_body_questionnaire = TextStim(__class__=<class 'psychopy.visual.text.TextStim'>, alignHoriz=method-wrapper(...), alignText='center', alignVert=method-wrapper(...), anchorHoriz='center', anchorVert='center', antialias=True, autoDraw=False, autoLog=True, bold=False, color=array([1., 1., 1.]), colorSpace='rgb', contrast=1.0, depth=0.0, draggable=False, flipHoriz=False, flipVert=False, font='Arial', fontFiles=[], height=0.05, italic=False, languageStyle='LTR', name='main_body_questionnaire', opacity=1, ori=0.0, pos=array([0. , 0.3]), rgb=UNKNOWN, text='During the MRI my thoughts:', units='height', win=Window(...), wrapWidth=1)
16.4333 	EXP 	Created item_text = TextStim(__class__=<class 'psychopy.visual.text.TextStim'>, alignHoriz=method-wrapper(...), alignText='center', alignVert=method-wrapper(...), anchorHoriz='center', anchorVert='center', antialias=True, autoDraw=False, autoLog=True, bold=False, color=array([1., 1., 1.]), colorSpace='rgb', contrast=1.0, depth=-1.0, draggable=False, flipHoriz=False, flipVert=False, font='Arial', fontFiles=[], height=0.05, italic=False, languageStyle='LTR', name='item_text', opacity=1, ori=0.0, pos=array([0. , 0.1]), rgb=UNKNOWN, text='', units='height', win=Window(...), wrapWidth=1)
16.4562 	DEBUG 	TextBox2 loaded 1 chars with 0 blanks and 1 valid
16.4569 	DEBUG 	TextBox2 loaded 1 chars with 0 blanks and 1 valid
16.4577 	DEBUG 	TextBox2 loaded 1 chars with 0 blanks and 1 valid
16.4581 	DEBUG 	TextBox2 loaded 1 chars with 0 blanks and 1 valid
16.4582 	DEBUG 	Uploading Texture Font fontname to graphics card
16.4599 	DEBUG 	Upload of Texture Font fontname complete
16.4793 	DEBUG 	TextBox2 loaded 1 chars with 0 blanks and 1 valid
16.4794 	DEBUG 	Uploading Texture Font fontname to graphics card
16.4809 	DEBUG 	Upload of Texture Font fontname complete
16.4992 	EXP 	Created slider_thinking_content = Slider(__class__=<class 'psychopy.visual.slider.Slider'>, autoDraw=False, autoLog=True, borderColor=None, color=None, colorSpace='rgb', depth=-2, fillColor=None, flip=False, font='Arial', granularity=1.0, labelColor=None, labelHeight=0.035, labelWrapWidth=None, labels=list(...), lineColor=None, markerColor=None, name='slider_thinking_content', opacity=None, ori=0.0, pos=array([ 0. , -0.1]), readOnly=False, self=UNKNOWN, size=array([1. , 0.1]), startValue=5, style='rating', styleTweaks=[], ticks=array([1, 2, 3, 4, 5, 6, 7, 8, 9]), units='height', win=Window(...))
16.4998 	EXP 	Created text_refresh = TextStim(__class__=<class 'psychopy.visual.text.TextStim'>, alignHoriz=method-wrapper(...), alignText='center', alignVert=method-wrapper(...), anchorHoriz='center', anchorVert='center', antialias=True, autoDraw=False, autoLog=True, bold=False, color=array([1., 1., 1.]), colorSpace='rgb', contrast=1.0, depth=0.0, draggable=False, flipHoriz=False, flipVert=False, font='Arial', fontFiles=[], height=0.05, italic=False, languageStyle='LTR', name='text_refresh', opacity=1, ori=0.0, pos=array([0., 0.]), rgb=UNKNOWN, text='', units='height', win=Window(...), wrapWidth=1)
16.5037 	EXP 	Created goodbye_text = TextStim(__class__=<class 'psychopy.visual.text.TextStim'>, alignHoriz=method-wrapper(...), alignText='center', alignVert=method-wrapper(...), anchorHoriz='center', anchorVert='center', antialias=True, autoDraw=False, autoLog=True, bold=False, color=array([1., 1., 1.]), colorSpace='rgb', contrast=1.0, depth=0.0, draggable=False, flipHoriz=False, flipVert=False, font='Arial', fontFiles=[], height=0.05, italic=False, languageStyle='LTR', name='goodbye_text', opacity=1, ori=0.0, pos=array([0., 0.]), rgb=UNKNOWN, text=str(...), units='height', win=Window(...), wrapWidth=1)
0.0098 	EXP 	slider_emotion: autoLog = True
0.0098 	EXP 	slider_emotion: styleTweaks = []
0.0098 	EXP 	slider_emotion: styleTweaks = []
0.0098 	EXP 	slider_emotion: styleTweaks = []
0.0098 	EXP 	slider_emotion: styleTweaks = []
0.0098 	EXP 	slider_emotion: contrast = 1.0
0.0098 	EXP 	slider_emotion: markerPos = 5
0.0098 	EXP 	slider_emotion: autoLog = True
0.0098 	EXP 	slider_emotion: autoLog = True
0.0098 	EXP 	slider_emotion: styleTweaks = []
0.0098 	EXP 	slider_emotion: styleTweaks = []
0.0098 	EXP 	slider_emotion: styleTweaks = []
0.0098 	EXP 	slider_emotion: styleTweaks = []
0.0098 	EXP 	slider_emotion: contrast = 1.0
0.0098 	EXP 	slider_emotion: markerPos = 5
0.0098 	EXP 	slider_emotion: autoLog = True
0.0098 	EXP 	slider_thinking_content: autoLog = True
0.0098 	EXP 	slider_thinking_content: styleTweaks = []
0.0098 	EXP 	slider_thinking_content: styleTweaks = []
0.0098 	EXP 	slider_thinking_content: styleTweaks = []
0.0098 	EXP 	slider_thinking_content: styleTweaks = []
0.0098 	EXP 	slider_thinking_content: contrast = 1.0
0.0098 	EXP 	slider_thinking_content: markerPos = 5
0.0098 	EXP 	slider_thinking_content: autoLog = True
0.0208 	INFO 	Keyboard events cleared
0.0205 	EXP 	image_welcome: autoDraw = True
4.2388 	WARNING 	t of last frame was 20.71ms (=1/48)
10.1646 	WARNING 	t of last frame was 66.72ms (=1/14)
10.3862 	WARNING 	t of last frame was 31.16ms (=1/32)
10.4090 	DATA 	Keypress: escape
10.4153 	WARNING 	t of last frame was 29.00ms (=1/34)
10.4182 	EXP 	resting_state_demo: status = STOPPED
10.4228 	EXP 	image_welcome: autoDraw = False
10.4239 	EXP 	resting_state_demo: status = STOPPED
10.4263 	INFO 	saved data to '/Users/Chenxiao/Documents/project_codes/RST_Chinese_beta/data/999_resting_state_demo_2025-06-11_17h12.36.584.csv'
10.4268 	INFO 	saved data to /Users/Chenxiao/Documents/project_codes/RST_Chinese_beta/data/999_resting_state_demo_2025-06-11_17h12.36.584.psydat
10.9035 	DEBUG 	Saving data for resting_state_demo ExperimentHandler
