10.7981 	WARNING 	Font Manager failed to load file /System/Library/PrivateFrameworks/FontServices.framework/Resources/Reserved/PingFangUI.ttc
32.6205 	DEBUG 	Fullscreen settings ignored as running in pilot mode.
32.6213 	INFO 	Loaded monitor calibration from ['2022_04_19 09:31']
32.6215 	WARNING 	This monitor has not been color-calibrated. Using default DKL conversion matrix.
32.7042 	WARNING 	This monitor has not been color-calibrated. Using default DKL conversion matrix.
32.7044 	WARNING 	This monitor has not been color-calibrated. Using default DKL conversion matrix.
32.7570 	EXP 	Created window1 = Window(allowGUI=False, allowStencil=False, autoLog=True, backendConf=UNKNOWN, backgroundFit=<method-wrapper '__getattribute__' of attributeSetter object at 0x18070e8c0>, backgroundImage=<method-wrapper '__getattribute__' of attributeSetter object at 0x18070e920>, bitsMode=UNKNOWN, blendMode='avg', bpc=(8, 8, 8), color=array([0, 0, 0]), colorSpace='dkl', depthBits=8, fullscr=False, gamma=None, gammaErrorPolicy='raise', infoMsg=UNKNOWN, lms=UNKNOWN, monitor=<psychopy.monitors.calibTools.Monitor object at 0x1807a4820>, multiSample=False, name='window1', numSamples=2, pos=[560.0, 240.0], screen=0, size=array([1600, 1200]), stencilBits=0, stereo=False, title='PsychoPy', units='height', useFBO=True, useRetina=True, viewOri=0.0, viewPos=None, viewScale=None, waitBlanking=True, winType='pyglet')
32.7571 	EXP 	window1: backgroundImage = ''
32.7571 	EXP 	window1: backgroundFit = 'none'
32.7642 	DEBUG 	TextBox2 loaded 1 chars with 0 blanks and 1 valid
32.7646 	DEBUG 	TextBox2 loaded 1 chars with 0 blanks and 1 valid
32.7650 	DEBUG 	TextBox2 loaded 1 chars with 0 blanks and 1 valid
32.7655 	DEBUG 	TextBox2 loaded 1 chars with 0 blanks and 1 valid
32.7660 	DEBUG 	TextBox2 loaded 1 chars with 0 blanks and 1 valid
32.7663 	DEBUG 	TextBox2 loaded 1 chars with 0 blanks and 1 valid
32.7667 	DEBUG 	TextBox2 loaded 1 chars with 0 blanks and 1 valid
32.7672 	DEBUG 	TextBox2 loaded 1 chars with 0 blanks and 1 valid
32.7673 	DEBUG 	TextBox2 loaded 1 chars with 0 blanks and 1 valid
32.7675 	DEBUG 	TextBox2 loaded 1 chars with 0 blanks and 1 valid
32.7679 	DEBUG 	TextBox2 loaded 1 chars with 0 blanks and 1 valid
32.7682 	DEBUG 	TextBox2 loaded 1 chars with 0 blanks and 1 valid
32.7686 	DEBUG 	TextBox2 loaded 1 chars with 0 blanks and 1 valid
32.7690 	DEBUG 	TextBox2 loaded 1 chars with 0 blanks and 1 valid
32.7693 	DEBUG 	TextBox2 loaded 1 chars with 0 blanks and 1 valid
32.7697 	DEBUG 	TextBox2 loaded 1 chars with 0 blanks and 1 valid
32.7701 	DEBUG 	TextBox2 loaded 1 chars with 0 blanks and 1 valid
32.7703 	DEBUG 	TextBox2 loaded 1 chars with 0 blanks and 1 valid
32.7705 	DEBUG 	TextBox2 loaded 1 chars with 0 blanks and 1 valid
32.7710 	DEBUG 	TextBox2 loaded 1 chars with 0 blanks and 1 valid
32.7712 	DEBUG 	TextBox2 loaded 1 chars with 0 blanks and 1 valid
32.7714 	DEBUG 	Uploading Texture Font fontname to graphics card
32.7744 	DEBUG 	Upload of Texture Font fontname complete
32.7782 	DEBUG 	TextBox2 loaded 1 chars with 0 blanks and 1 valid
32.7787 	DEBUG 	TextBox2 loaded 1 chars with 0 blanks and 1 valid
32.7792 	DEBUG 	TextBox2 loaded 1 chars with 0 blanks and 1 valid
32.7795 	DEBUG 	Uploading Texture Font fontname to graphics card
32.7810 	DEBUG 	Upload of Texture Font fontname complete
32.7822 	EXP 	window1: Attempting to measure frame rate of screen (0) ...
32.7822 	EXP 	window1: recordFrameIntervals = False
32.9039 	EXP 	window1: recordFrameIntervals = True
33.8706 	WARNING 	Couldn't measure a consistent frame rate!
  - Is your graphics card set to sync to vertical blank?
  - Are you running other processes on your computer?

33.8739 	DEBUG 	TextBox2 loaded 1 chars with 0 blanks and 1 valid
33.8742 	DEBUG 	TextBox2 loaded 1 chars with 0 blanks and 1 valid
33.8746 	DEBUG 	TextBox2 loaded 1 chars with 0 blanks and 1 valid
33.8753 	DEBUG 	TextBox2 loaded 1 chars with 0 blanks and 1 valid
33.8758 	DEBUG 	TextBox2 loaded 1 chars with 0 blanks and 1 valid
33.8763 	DEBUG 	TextBox2 loaded 1 chars with 0 blanks and 1 valid
33.8766 	DEBUG 	TextBox2 loaded 1 chars with 0 blanks and 1 valid
33.8770 	DEBUG 	TextBox2 loaded 1 chars with 0 blanks and 1 valid
33.8776 	DEBUG 	TextBox2 loaded 1 chars with 0 blanks and 1 valid
33.8781 	DEBUG 	TextBox2 loaded 1 chars with 0 blanks and 1 valid
33.8782 	DEBUG 	Uploading Texture Font fontname to graphics card
33.8802 	DEBUG 	Upload of Texture Font fontname complete
33.8896 	WARNING 	launchHubServer: If using the iohub mouse or eyetracker devices, fullScr should be True.
36.0060 	INFO 	keyboard.Keyboard is using iohub backend.
36.0061 	INFO 	keyboard.Keyboard is using iohub backend.
36.0061 	INFO 	keyboard.Keyboard is using iohub backend.
36.0061 	INFO 	keyboard.Keyboard is using iohub backend.
36.0061 	INFO 	keyboard.Keyboard is using iohub backend.
36.0061 	EXP 	resting_state_demo: status = STARTED
36.0435 	EXP 	Created text_welcome = TextStim(__class__=<class 'psychopy.visual.text.TextStim'>, alignHoriz=method-wrapper(...), alignText='center', alignVert=method-wrapper(...), anchorHoriz='center', anchorVert='center', antialias=True, autoDraw=False, autoLog=True, bold=False, color=array([1., 1., 1.]), colorSpace='rgb', contrast=1.0, depth=0.0, draggable=False, flipHoriz=False, flipVert=False, font='Heiti SC', fontFiles=[], height=0.05, italic=False, languageStyle='LTR', name='text_welcome', opacity=1, ori=0.0, pos=array([0., 0.]), rgb=UNKNOWN, text=str(...), units='height', win=Window(...), wrapWidth=1000.0)
36.0453 	EXP 	Created text_refresh = TextStim(__class__=<class 'psychopy.visual.text.TextStim'>, alignHoriz=method-wrapper(...), alignText='center', alignVert=method-wrapper(...), anchorHoriz='center', anchorVert='center', antialias=True, autoDraw=False, autoLog=True, bold=False, color=array([1., 1., 1.]), colorSpace='rgb', contrast=1.0, depth=0.0, draggable=False, flipHoriz=False, flipVert=False, font='Arial', fontFiles=[], height=0.05, italic=False, languageStyle='LTR', name='text_refresh', opacity=1, ori=0.0, pos=array([0., 0.]), rgb=UNKNOWN, text='', units='height', win=Window(...), wrapWidth=1)
36.0516 	EXP 	Created rate_emotion_prompt = TextStim(__class__=<class 'psychopy.visual.text.TextStim'>, alignHoriz=method-wrapper(...), alignText='center', alignVert=method-wrapper(...), anchorHoriz='center', anchorVert='center', antialias=True, autoDraw=False, autoLog=True, bold=False, color=array([1., 1., 1.]), colorSpace='rgb', contrast=1.0, depth=0.0, draggable=False, flipHoriz=False, flipVert=False, font='Arial', fontFiles=[], height=0.05, italic=False, languageStyle='LTR', name='rate_emotion_prompt', opacity=1, ori=0.0, pos=array([0. , 0.2]), rgb=UNKNOWN, text=str(...), units='height', win=Window(...), wrapWidth=1)
36.0657 	DEBUG 	TextBox2 loaded 1 chars with 0 blanks and 1 valid
36.0661 	DEBUG 	TextBox2 loaded 1 chars with 0 blanks and 1 valid
36.0664 	DEBUG 	TextBox2 loaded 1 chars with 0 blanks and 1 valid
36.0668 	DEBUG 	TextBox2 loaded 1 chars with 0 blanks and 1 valid
36.0670 	DEBUG 	TextBox2 loaded 1 chars with 0 blanks and 1 valid
36.0672 	DEBUG 	TextBox2 loaded 1 chars with 0 blanks and 1 valid
36.0675 	DEBUG 	TextBox2 loaded 1 chars with 0 blanks and 1 valid
36.0678 	DEBUG 	TextBox2 loaded 1 chars with 0 blanks and 1 valid
36.0680 	DEBUG 	TextBox2 loaded 1 chars with 0 blanks and 1 valid
36.0683 	DEBUG 	TextBox2 loaded 1 chars with 0 blanks and 1 valid
36.0687 	DEBUG 	TextBox2 loaded 1 chars with 0 blanks and 1 valid
36.0690 	DEBUG 	TextBox2 loaded 1 chars with 0 blanks and 1 valid
36.0692 	DEBUG 	Uploading Texture Font fontname to graphics card
36.0714 	DEBUG 	Upload of Texture Font fontname complete
36.0742 	DEBUG 	TextBox2 loaded 1 chars with 0 blanks and 1 valid
36.0745 	DEBUG 	TextBox2 loaded 1 chars with 0 blanks and 1 valid
36.0746 	DEBUG 	Uploading Texture Font fontname to graphics card
36.0761 	DEBUG 	Upload of Texture Font fontname complete
36.0926 	DEBUG 	TextBox2 loaded 1 chars with 0 blanks and 1 valid
36.0929 	DEBUG 	TextBox2 loaded 1 chars with 0 blanks and 1 valid
36.0930 	DEBUG 	Uploading Texture Font fontname to graphics card
36.0946 	DEBUG 	Upload of Texture Font fontname complete
36.1326 	EXP 	Created slider_emotion = Slider(__class__=<class 'psychopy.visual.slider.Slider'>, autoDraw=False, autoLog=True, borderColor=None, color=None, colorSpace='rgb', depth=-1, fillColor=None, flip=False, font='Arial', granularity=1.0, labelColor=None, labelHeight=0.035, labelWrapWidth=None, labels=list(...), lineColor=None, markerColor=None, name='slider_emotion', opacity=None, ori=0.0, pos=array([ 0. , -0.1]), readOnly=False, self=UNKNOWN, size=array([1. , 0.1]), startValue=5, style='rating', styleTweaks=[], ticks=array([1, 2, 3, 4, 5, 6, 7, 8, 9]), units='height', win=Window(...))
36.1332 	EXP 	Created text_refresh = TextStim(__class__=<class 'psychopy.visual.text.TextStim'>, alignHoriz=method-wrapper(...), alignText='center', alignVert=method-wrapper(...), anchorHoriz='center', anchorVert='center', antialias=True, autoDraw=False, autoLog=True, bold=False, color=array([1., 1., 1.]), colorSpace='rgb', contrast=1.0, depth=0.0, draggable=False, flipHoriz=False, flipVert=False, font='Arial', fontFiles=[], height=0.05, italic=False, languageStyle='LTR', name='text_refresh', opacity=1, ori=0.0, pos=array([0., 0.]), rgb=UNKNOWN, text='', units='height', win=Window(...), wrapWidth=1)
36.1356 	EXP 	Created wait4trigger_text = TextStim(__class__=<class 'psychopy.visual.text.TextStim'>, alignHoriz=method-wrapper(...), alignText='center', alignVert=method-wrapper(...), anchorHoriz='center', anchorVert='center', antialias=True, autoDraw=False, autoLog=True, bold=False, color=array([1., 1., 1.]), colorSpace='rgb', contrast=1.0, depth=0.0, draggable=False, flipHoriz=False, flipVert=False, font='Arial', fontFiles=[], height=0.05, italic=False, languageStyle='LTR', name='wait4trigger_text', opacity=1, ori=0.0, pos=array([0., 0.]), rgb=UNKNOWN, text='Please wait for the scan to start.', units='height', win=Window(...), wrapWidth=1)
36.1369 	EXP 	Created fake_stimulus_text = TextStim(__class__=<class 'psychopy.visual.text.TextStim'>, alignHoriz=method-wrapper(...), alignText='center', alignVert=method-wrapper(...), anchorHoriz='center', anchorVert='center', antialias=True, autoDraw=False, autoLog=True, bold=False, color=array([1., 1., 1.]), colorSpace='rgb', contrast=1.0, depth=0.0, draggable=False, flipHoriz=False, flipVert=False, font='Arial', fontFiles=[], height=0.05, italic=False, languageStyle='LTR', name='fake_stimulus_text', opacity=1, ori=0.0, pos=array([0., 0.]), rgb=UNKNOWN, text='Please wait for the scan to start.', units='height', win=Window(...), wrapWidth=1)
36.1386 	EXP 	Created fixation = TextStim(__class__=<class 'psychopy.visual.text.TextStim'>, alignHoriz=method-wrapper(...), alignText='center', alignVert=method-wrapper(...), anchorHoriz='center', anchorVert='center', antialias=True, autoDraw=False, autoLog=True, bold=False, color=array([1., 1., 1.]), colorSpace='rgb', contrast=1.0, depth=0.0, draggable=False, flipHoriz=False, flipVert=False, font='Arial', fontFiles=[], height=0.4, italic=False, languageStyle='LTR', name='fixation', opacity=1, ori=0.0, pos=array([0., 0.]), rgb=UNKNOWN, text='+', units='height', win=Window(...), wrapWidth=1)
36.1392 	EXP 	Created text_refresh = TextStim(__class__=<class 'psychopy.visual.text.TextStim'>, alignHoriz=method-wrapper(...), alignText='center', alignVert=method-wrapper(...), anchorHoriz='center', anchorVert='center', antialias=True, autoDraw=False, autoLog=True, bold=False, color=array([1., 1., 1.]), colorSpace='rgb', contrast=1.0, depth=0.0, draggable=False, flipHoriz=False, flipVert=False, font='Arial', fontFiles=[], height=0.05, italic=False, languageStyle='LTR', name='text_refresh', opacity=1, ori=0.0, pos=array([0., 0.]), rgb=UNKNOWN, text='', units='height', win=Window(...), wrapWidth=1)
36.1422 	EXP 	Created rate_emotion_prompt = TextStim(__class__=<class 'psychopy.visual.text.TextStim'>, alignHoriz=method-wrapper(...), alignText='center', alignVert=method-wrapper(...), anchorHoriz='center', anchorVert='center', antialias=True, autoDraw=False, autoLog=True, bold=False, color=array([1., 1., 1.]), colorSpace='rgb', contrast=1.0, depth=0.0, draggable=False, flipHoriz=False, flipVert=False, font='Arial', fontFiles=[], height=0.05, italic=False, languageStyle='LTR', name='rate_emotion_prompt', opacity=1, ori=0.0, pos=array([0. , 0.2]), rgb=UNKNOWN, text=str(...), units='height', win=Window(...), wrapWidth=1)
36.2035 	EXP 	Created slider_emotion = Slider(__class__=<class 'psychopy.visual.slider.Slider'>, autoDraw=False, autoLog=True, borderColor=None, color=None, colorSpace='rgb', depth=-1, fillColor=None, flip=False, font='Arial', granularity=1.0, labelColor=None, labelHeight=0.035, labelWrapWidth=None, labels=list(...), lineColor=None, markerColor=None, name='slider_emotion', opacity=None, ori=0.0, pos=array([ 0. , -0.1]), readOnly=False, self=UNKNOWN, size=array([1. , 0.1]), startValue=5, style='rating', styleTweaks=[], ticks=array([1, 2, 3, 4, 5, 6, 7, 8, 9]), units='height', win=Window(...))
36.2043 	EXP 	Created text_refresh = TextStim(__class__=<class 'psychopy.visual.text.TextStim'>, alignHoriz=method-wrapper(...), alignText='center', alignVert=method-wrapper(...), anchorHoriz='center', anchorVert='center', antialias=True, autoDraw=False, autoLog=True, bold=False, color=array([1., 1., 1.]), colorSpace='rgb', contrast=1.0, depth=0.0, draggable=False, flipHoriz=False, flipVert=False, font='Arial', fontFiles=[], height=0.05, italic=False, languageStyle='LTR', name='text_refresh', opacity=1, ori=0.0, pos=array([0., 0.]), rgb=UNKNOWN, text='', units='height', win=Window(...), wrapWidth=1)
36.2075 	EXP 	Created main_body_questionnaire = TextStim(__class__=<class 'psychopy.visual.text.TextStim'>, alignHoriz=method-wrapper(...), alignText='center', alignVert=method-wrapper(...), anchorHoriz='center', anchorVert='center', antialias=True, autoDraw=False, autoLog=True, bold=False, color=array([1., 1., 1.]), colorSpace='rgb', contrast=1.0, depth=0.0, draggable=False, flipHoriz=False, flipVert=False, font='Arial', fontFiles=[], height=0.05, italic=False, languageStyle='LTR', name='main_body_questionnaire', opacity=1, ori=0.0, pos=array([0. , 0.3]), rgb=UNKNOWN, text='During the MRI my thoughts:', units='height', win=Window(...), wrapWidth=1)
36.2079 	EXP 	Created item_text = TextStim(__class__=<class 'psychopy.visual.text.TextStim'>, alignHoriz=method-wrapper(...), alignText='center', alignVert=method-wrapper(...), anchorHoriz='center', anchorVert='center', antialias=True, autoDraw=False, autoLog=True, bold=False, color=array([1., 1., 1.]), colorSpace='rgb', contrast=1.0, depth=-1.0, draggable=False, flipHoriz=False, flipVert=False, font='Arial', fontFiles=[], height=0.05, italic=False, languageStyle='LTR', name='item_text', opacity=1, ori=0.0, pos=array([0. , 0.1]), rgb=UNKNOWN, text='', units='height', win=Window(...), wrapWidth=1)
36.2334 	DEBUG 	TextBox2 loaded 1 chars with 0 blanks and 1 valid
36.2338 	DEBUG 	TextBox2 loaded 1 chars with 0 blanks and 1 valid
36.2342 	DEBUG 	TextBox2 loaded 1 chars with 0 blanks and 1 valid
36.2345 	DEBUG 	TextBox2 loaded 1 chars with 0 blanks and 1 valid
36.2346 	DEBUG 	Uploading Texture Font fontname to graphics card
36.2362 	DEBUG 	Upload of Texture Font fontname complete
36.2568 	DEBUG 	TextBox2 loaded 1 chars with 0 blanks and 1 valid
36.2569 	DEBUG 	Uploading Texture Font fontname to graphics card
36.2586 	DEBUG 	Upload of Texture Font fontname complete
36.2786 	EXP 	Created slider_thinking_content = Slider(__class__=<class 'psychopy.visual.slider.Slider'>, autoDraw=False, autoLog=True, borderColor=None, color=None, colorSpace='rgb', depth=-2, fillColor=None, flip=False, font='Arial', granularity=1.0, labelColor=None, labelHeight=0.035, labelWrapWidth=None, labels=list(...), lineColor=None, markerColor=None, name='slider_thinking_content', opacity=None, ori=0.0, pos=array([ 0. , -0.1]), readOnly=False, self=UNKNOWN, size=array([1. , 0.1]), startValue=5, style='rating', styleTweaks=[], ticks=array([1, 2, 3, 4, 5, 6, 7, 8, 9]), units='height', win=Window(...))
36.2793 	EXP 	Created text_refresh = TextStim(__class__=<class 'psychopy.visual.text.TextStim'>, alignHoriz=method-wrapper(...), alignText='center', alignVert=method-wrapper(...), anchorHoriz='center', anchorVert='center', antialias=True, autoDraw=False, autoLog=True, bold=False, color=array([1., 1., 1.]), colorSpace='rgb', contrast=1.0, depth=0.0, draggable=False, flipHoriz=False, flipVert=False, font='Arial', fontFiles=[], height=0.05, italic=False, languageStyle='LTR', name='text_refresh', opacity=1, ori=0.0, pos=array([0., 0.]), rgb=UNKNOWN, text='', units='height', win=Window(...), wrapWidth=1)
36.2840 	EXP 	Created goodbye_text = TextStim(__class__=<class 'psychopy.visual.text.TextStim'>, alignHoriz=method-wrapper(...), alignText='center', alignVert=method-wrapper(...), anchorHoriz='center', anchorVert='center', antialias=True, autoDraw=False, autoLog=True, bold=False, color=array([1., 1., 1.]), colorSpace='rgb', contrast=1.0, depth=0.0, draggable=False, flipHoriz=False, flipVert=False, font='Arial', fontFiles=[], height=0.05, italic=False, languageStyle='LTR', name='goodbye_text', opacity=1, ori=0.0, pos=array([0., 0.]), rgb=UNKNOWN, text=str(...), units='height', win=Window(...), wrapWidth=1)
0.0075 	EXP 	slider_emotion: autoLog = True
0.0075 	EXP 	slider_emotion: styleTweaks = []
0.0075 	EXP 	slider_emotion: styleTweaks = []
0.0075 	EXP 	slider_emotion: styleTweaks = []
0.0075 	EXP 	slider_emotion: styleTweaks = []
0.0075 	EXP 	slider_emotion: contrast = 1.0
0.0075 	EXP 	slider_emotion: markerPos = 5
0.0075 	EXP 	slider_emotion: autoLog = True
0.0075 	EXP 	slider_emotion: autoLog = True
0.0075 	EXP 	slider_emotion: styleTweaks = []
0.0075 	EXP 	slider_emotion: styleTweaks = []
0.0075 	EXP 	slider_emotion: styleTweaks = []
0.0075 	EXP 	slider_emotion: styleTweaks = []
0.0075 	EXP 	slider_emotion: contrast = 1.0
0.0075 	EXP 	slider_emotion: markerPos = 5
0.0075 	EXP 	slider_emotion: autoLog = True
0.0075 	EXP 	slider_thinking_content: autoLog = True
0.0075 	EXP 	slider_thinking_content: styleTweaks = []
0.0075 	EXP 	slider_thinking_content: styleTweaks = []
0.0075 	EXP 	slider_thinking_content: styleTweaks = []
0.0075 	EXP 	slider_thinking_content: styleTweaks = []
0.0075 	EXP 	slider_thinking_content: contrast = 1.0
0.0075 	EXP 	slider_thinking_content: markerPos = 5
0.0075 	EXP 	slider_thinking_content: autoLog = True
0.0192 	INFO 	Keyboard events cleared
0.0190 	EXP 	text_welcome: autoDraw = True
2.6100 	DATA 	Keypress: escape
2.6122 	WARNING 	t of last frame was 20.38ms (=1/49)
2.6222 	EXP 	resting_state_demo: status = STOPPED
2.6242 	EXP 	text_welcome: autoDraw = False
2.6254 	EXP 	resting_state_demo: status = STOPPED
2.6270 	INFO 	saved data to '/Users/Chenxiao/Documents/project_codes/RST_Chinese_beta/data/999_resting_state_demo_2025-06-10_17h07.27.730.csv'
2.6272 	INFO 	saved data to /Users/Chenxiao/Documents/project_codes/RST_Chinese_beta/data/999_resting_state_demo_2025-06-10_17h07.27.730.psydat
3.2441 	DEBUG 	Saving data for resting_state_demo ExperimentHandler
